build time -- 2021-09-28 00:18:34
20210928 010623.121 INFO             PET0 !!!!!!!!!!!!!!!!!!!!!!!!!!!!!!!!!!!!!!!!!!!!!!!!!!!!!!
20210928 010623.121 INFO             PET0 !!! THE ESMF_LOG IS SET TO OUTPUT ALL LOG MESSAGES !!!
20210928 010623.121 INFO             PET0 !!!     THIS MAY CAUSE SLOWDOWN IN PERFORMANCE     !!!
20210928 010623.121 INFO             PET0 !!! FOR PRODUCTION RUNS, USE:                      !!!
20210928 010623.121 INFO             PET0 !!!                   ESMF_LOGKIND_Multi_On_Error  !!!
20210928 010623.121 INFO             PET0 !!!!!!!!!!!!!!!!!!!!!!!!!!!!!!!!!!!!!!!!!!!!!!!!!!!!!!
20210928 010623.121 INFO             PET0 Running with ESMF Version   : 8.2.0 beta snapshot
20210928 010623.121 INFO             PET0 ESMF library build date/time: "Sep 28 2021" "00:17:05"
20210928 010623.121 INFO             PET0 ESMF library build location : /lustre/f2/dev/ncep/Mark.Potts/gfortran_8.3.0_mpiuni_O_develop
20210928 010623.121 INFO             PET0 ESMF_COMM                   : mpiuni
20210928 010623.122 INFO             PET0 ESMF_MOAB                   : enabled
20210928 010623.122 INFO             PET0 ESMF_LAPACK                 : enabled
20210928 010623.122 INFO             PET0 ESMF_NETCDF                 : enabled
20210928 010623.122 INFO             PET0 ESMF_PNETCDF                : disabled
20210928 010623.122 INFO             PET0 ESMF_PIO                    : disabled
20210928 010623.122 INFO             PET0 ESMF_YAMLCPP                : enabled
20210928 010623.555 INFO             PET0  NUMBER_OF_PROCESSORS           1
20210928 010623.555 INFO             PET0  PASS  Example ESMF_GridUsageEx, ESMF_GridUsageEx.F90, line 3470
20210928 010623.555 INFO             PET0 Finalizing ESMF
