build time -- 2021-08-28 00:18:05
20210828 010234.411 INFO             PET0 !!!!!!!!!!!!!!!!!!!!!!!!!!!!!!!!!!!!!!!!!!!!!!!!!!!!!!
20210828 010234.411 INFO             PET0 !!! THE ESMF_LOG IS SET TO OUTPUT ALL LOG MESSAGES !!!
20210828 010234.411 INFO             PET0 !!!     THIS MAY CAUSE SLOWDOWN IN PERFORMANCE     !!!
20210828 010234.411 INFO             PET0 !!! FOR PRODUCTION RUNS, USE:                      !!!
20210828 010234.411 INFO             PET0 !!!                   ESMF_LOGKIND_Multi_On_Error  !!!
20210828 010234.411 INFO             PET0 !!!!!!!!!!!!!!!!!!!!!!!!!!!!!!!!!!!!!!!!!!!!!!!!!!!!!!
20210828 010234.411 INFO             PET0 Running with ESMF Version   : 8.2.0 beta snapshot
20210828 010234.411 INFO             PET0 ESMF library build date/time: "Aug 28 2021" "00:16:41"
20210828 010234.411 INFO             PET0 ESMF library build location : /lustre/f2/dev/ncep/Mark.Potts/gfortran_8.3.0_mpiuni_O_develop
20210828 010234.411 INFO             PET0 ESMF_COMM                   : mpiuni
20210828 010234.412 INFO             PET0 ESMF_MOAB                   : enabled
20210828 010234.412 INFO             PET0 ESMF_LAPACK                 : enabled
20210828 010234.412 INFO             PET0 ESMF_NETCDF                 : enabled
20210828 010234.412 INFO             PET0 ESMF_PNETCDF                : disabled
20210828 010234.412 INFO             PET0 ESMF_PIO                    : disabled
20210828 010234.412 INFO             PET0 ESMF_YAMLCPP                : enabled
20210828 010234.469 DEBUG            PET0 about to destroy Grid: 0x261ea40
20210828 010234.473 DEBUG            PET0 about to destroy Grid: 0x2620570
20210828 010234.482 INFO             PET0  NUMBER_OF_PROCESSORS           1
20210828 010234.482 INFO             PET0  PASS  Example ESMF_NUOPCAtmModelEx, ESMF_NUOPCAtmModelEx.F90, line 806
20210828 010234.482 INFO             PET0 Finalizing ESMF
