build time -- 2021-06-25 00:18:53
20210625 011848.998 INFO             PET0 !!!!!!!!!!!!!!!!!!!!!!!!!!!!!!!!!!!!!!!!!!!!!!!!!!!!!!
20210625 011848.998 INFO             PET0 !!! THE ESMF_LOG IS SET TO OUTPUT ALL LOG MESSAGES !!!
20210625 011848.998 INFO             PET0 !!!     THIS MAY CAUSE SLOWDOWN IN PERFORMANCE     !!!
20210625 011848.998 INFO             PET0 !!! FOR PRODUCTION RUNS, USE:                      !!!
20210625 011848.998 INFO             PET0 !!!                   ESMF_LOGKIND_Multi_On_Error  !!!
20210625 011848.998 INFO             PET0 !!!!!!!!!!!!!!!!!!!!!!!!!!!!!!!!!!!!!!!!!!!!!!!!!!!!!!
20210625 011848.998 INFO             PET0 Running with ESMF Version   : 8.2.0 beta snapshot
20210625 011848.998 INFO             PET0 ESMF library build date/time: "Jun 25 2021" "00:17:25"
20210625 011848.998 INFO             PET0 ESMF library build location : /lustre/f2/dev/ncep/Mark.Potts/gfortran_8.3.0_mpiuni_O_develop
20210625 011848.998 INFO             PET0 ESMF_COMM                   : mpiuni
20210625 011848.999 INFO             PET0 ESMF_MOAB                   : enabled
20210625 011848.999 INFO             PET0 ESMF_LAPACK                 : enabled
20210625 011848.999 INFO             PET0 ESMF_NETCDF                 : enabled
20210625 011848.999 INFO             PET0 ESMF_PNETCDF                : disabled
20210625 011848.999 INFO             PET0 ESMF_PIO                    : disabled
20210625 011848.999 INFO             PET0 ESMF_YAMLCPP                : enabled
20210625 011848.999 INFO             PET0 ESMF Tracing Enabled
20210625 011848.999 INFO             PET0 ESMF Profiling Enabled
20210625 011848.999 INFO             PET0 ESMF Trace/Profile clock: REALTIME
20210625 011849.000 WARNING          PET0 ESMF Tracing/Profiling could not load dynamic instrumentation functions.
20210625 011849.001 INFO             PET0  NUMBER_OF_PROCESSORS           1
20210625 011849.001 INFO             PET0  PASS  Example ESMF_TraceUserEx, ESMF_TraceUserEx.F90, line 125
20210625 011849.001 INFO             PET0 Finalizing ESMF
20210625 011849.001 INFO             PET0 **************** Region Timings *******************
20210625 011849.001 INFO             PET0 Region              Count  Total (s)   Self (s)    Mean (s)    Min (s)     Max (s)
20210625 011849.001 INFO             PET0   outer_region      1      0.0001      0.0000      0.0001      0.0001      0.0001
20210625 011849.001 INFO             PET0     inner_region_1  10     0.0000      0.0000      0.0000      0.0000      0.0000
20210625 011849.001 INFO             PET0     inner_region_2  10     0.0000      0.0000      0.0000      0.0000      0.0000
