build time -- 2021-05-05 05:48:09.828612
20210505 061152.471 INFO             PET0 !!!!!!!!!!!!!!!!!!!!!!!!!!!!!!!!!!!!!!!!!!!!!!!!!!!!!!
20210505 061152.471 INFO             PET0 !!! THE ESMF_LOG IS SET TO OUTPUT ALL LOG MESSAGES !!!
20210505 061152.471 INFO             PET0 !!!     THIS MAY CAUSE SLOWDOWN IN PERFORMANCE     !!!
20210505 061152.471 INFO             PET0 !!! FOR PRODUCTION RUNS, USE:                      !!!
20210505 061152.471 INFO             PET0 !!!                   ESMF_LOGKIND_Multi_On_Error  !!!
20210505 061152.471 INFO             PET0 !!!!!!!!!!!!!!!!!!!!!!!!!!!!!!!!!!!!!!!!!!!!!!!!!!!!!!
20210505 061152.471 INFO             PET0 Running with ESMF Version   : ESMF_8_2_0_beta_snapshot_06-2-g7cd9acbf16
20210505 061152.471 INFO             PET0 ESMF library build date/time: "May  5 2021" "05:45:36"
20210505 061152.471 INFO             PET0 ESMF library build location : /glade/scratch/mpotts/gfortran_9.1.0_mpt_g_develop
20210505 061152.471 INFO             PET0 ESMF_COMM                   : mpt
20210505 061152.471 INFO             PET0 ESMF_MOAB                   : enabled
20210505 061152.471 INFO             PET0 ESMF_LAPACK                 : enabled
20210505 061152.471 INFO             PET0 ESMF_NETCDF                 : enabled
20210505 061152.471 INFO             PET0 ESMF_PNETCDF                : disabled
20210505 061152.471 INFO             PET0 ESMF_PIO                    : enabled
20210505 061152.471 INFO             PET0 ESMF_YAMLCPP                : enabled
20210505 061152.471 INFO             PET0  NUMBER_OF_PROCESSORS           2
20210505 061152.471 INFO             PET0  PASS  Example ESMF_VMUserMpiCommEx, ESMF_VMUserMpiCommEx.F90, line 113
20210505 061152.471 INFO             PET0 Finalizing ESMF
20210505 061152.471 INFO             PET1 !!!!!!!!!!!!!!!!!!!!!!!!!!!!!!!!!!!!!!!!!!!!!!!!!!!!!!
20210505 061152.471 INFO             PET1 !!! THE ESMF_LOG IS SET TO OUTPUT ALL LOG MESSAGES !!!
20210505 061152.471 INFO             PET1 !!!     THIS MAY CAUSE SLOWDOWN IN PERFORMANCE     !!!
20210505 061152.471 INFO             PET1 !!! FOR PRODUCTION RUNS, USE:                      !!!
20210505 061152.471 INFO             PET1 !!!                   ESMF_LOGKIND_Multi_On_Error  !!!
20210505 061152.471 INFO             PET1 !!!!!!!!!!!!!!!!!!!!!!!!!!!!!!!!!!!!!!!!!!!!!!!!!!!!!!
20210505 061152.471 INFO             PET1 Running with ESMF Version   : ESMF_8_2_0_beta_snapshot_06-2-g7cd9acbf16
20210505 061152.471 INFO             PET1 ESMF library build date/time: "May  5 2021" "05:45:36"
20210505 061152.471 INFO             PET1 ESMF library build location : /glade/scratch/mpotts/gfortran_9.1.0_mpt_g_develop
20210505 061152.471 INFO             PET1 ESMF_COMM                   : mpt
20210505 061152.471 INFO             PET1 ESMF_MOAB                   : enabled
20210505 061152.471 INFO             PET1 ESMF_LAPACK                 : enabled
20210505 061152.471 INFO             PET1 ESMF_NETCDF                 : enabled
20210505 061152.471 INFO             PET1 ESMF_PNETCDF                : disabled
20210505 061152.471 INFO             PET1 ESMF_PIO                    : enabled
20210505 061152.471 INFO             PET1 ESMF_YAMLCPP                : enabled
20210505 061152.471 INFO             PET1  NUMBER_OF_PROCESSORS           2
20210505 061152.471 INFO             PET1  PASS  Example ESMF_VMUserMpiCommEx, ESMF_VMUserMpiCommEx.F90, line 113
20210505 061152.471 INFO             PET1 Finalizing ESMF
20210505 061152.471 INFO             PET0 !!!!!!!!!!!!!!!!!!!!!!!!!!!!!!!!!!!!!!!!!!!!!!!!!!!!!!
20210505 061152.471 INFO             PET0 !!! THE ESMF_LOG IS SET TO OUTPUT ALL LOG MESSAGES !!!
20210505 061152.471 INFO             PET0 !!!     THIS MAY CAUSE SLOWDOWN IN PERFORMANCE     !!!
20210505 061152.471 INFO             PET0 !!! FOR PRODUCTION RUNS, USE:                      !!!
20210505 061152.471 INFO             PET0 !!!                   ESMF_LOGKIND_Multi_On_Error  !!!
20210505 061152.471 INFO             PET0 !!!!!!!!!!!!!!!!!!!!!!!!!!!!!!!!!!!!!!!!!!!!!!!!!!!!!!
20210505 061152.471 INFO             PET0 Running with ESMF Version   : ESMF_8_2_0_beta_snapshot_06-2-g7cd9acbf16
20210505 061152.471 INFO             PET0 ESMF library build date/time: "May  5 2021" "05:45:36"
20210505 061152.471 INFO             PET0 ESMF library build location : /glade/scratch/mpotts/gfortran_9.1.0_mpt_g_develop
20210505 061152.471 INFO             PET0 ESMF_COMM                   : mpt
20210505 061152.471 INFO             PET0 ESMF_MOAB                   : enabled
20210505 061152.471 INFO             PET0 ESMF_LAPACK                 : enabled
20210505 061152.471 INFO             PET0 ESMF_NETCDF                 : enabled
20210505 061152.471 INFO             PET0 ESMF_PNETCDF                : disabled
20210505 061152.471 INFO             PET0 ESMF_PIO                    : enabled
20210505 061152.471 INFO             PET0 ESMF_YAMLCPP                : enabled
20210505 061152.471 INFO             PET0  NUMBER_OF_PROCESSORS           2
20210505 061152.471 INFO             PET0  PASS  Example ESMF_VMUserMpiCommEx, ESMF_VMUserMpiCommEx.F90, line 113
20210505 061152.471 INFO             PET0 Finalizing ESMF
20210505 061152.471 INFO             PET1 !!!!!!!!!!!!!!!!!!!!!!!!!!!!!!!!!!!!!!!!!!!!!!!!!!!!!!
20210505 061152.471 INFO             PET1 !!! THE ESMF_LOG IS SET TO OUTPUT ALL LOG MESSAGES !!!
20210505 061152.471 INFO             PET1 !!!     THIS MAY CAUSE SLOWDOWN IN PERFORMANCE     !!!
20210505 061152.471 INFO             PET1 !!! FOR PRODUCTION RUNS, USE:                      !!!
20210505 061152.471 INFO             PET1 !!!                   ESMF_LOGKIND_Multi_On_Error  !!!
20210505 061152.471 INFO             PET1 !!!!!!!!!!!!!!!!!!!!!!!!!!!!!!!!!!!!!!!!!!!!!!!!!!!!!!
20210505 061152.471 INFO             PET1 Running with ESMF Version   : ESMF_8_2_0_beta_snapshot_06-2-g7cd9acbf16
20210505 061152.471 INFO             PET1 ESMF library build date/time: "May  5 2021" "05:45:36"
20210505 061152.471 INFO             PET1 ESMF library build location : /glade/scratch/mpotts/gfortran_9.1.0_mpt_g_develop
20210505 061152.471 INFO             PET1 ESMF_COMM                   : mpt
20210505 061152.471 INFO             PET1 ESMF_MOAB                   : enabled
20210505 061152.471 INFO             PET1 ESMF_LAPACK                 : enabled
20210505 061152.471 INFO             PET1 ESMF_NETCDF                 : enabled
20210505 061152.471 INFO             PET1 ESMF_PNETCDF                : disabled
20210505 061152.471 INFO             PET1 ESMF_PIO                    : enabled
20210505 061152.471 INFO             PET1 ESMF_YAMLCPP                : enabled
20210505 061152.471 INFO             PET1  NUMBER_OF_PROCESSORS           2
20210505 061152.471 INFO             PET1  PASS  Example ESMF_VMUserMpiCommEx, ESMF_VMUserMpiCommEx.F90, line 113
20210505 061152.471 INFO             PET1 Finalizing ESMF
