build time -- 2021-04-30 05:49:54.080145
20210430 061345.958 INFO             PET0 !!!!!!!!!!!!!!!!!!!!!!!!!!!!!!!!!!!!!!!!!!!!!!!!!!!!!!
20210430 061345.958 INFO             PET0 !!! THE ESMF_LOG IS SET TO OUTPUT ALL LOG MESSAGES !!!
20210430 061345.958 INFO             PET0 !!!     THIS MAY CAUSE SLOWDOWN IN PERFORMANCE     !!!
20210430 061345.958 INFO             PET0 !!! FOR PRODUCTION RUNS, USE:                      !!!
20210430 061345.958 INFO             PET0 !!!                   ESMF_LOGKIND_Multi_On_Error  !!!
20210430 061345.958 INFO             PET0 !!!!!!!!!!!!!!!!!!!!!!!!!!!!!!!!!!!!!!!!!!!!!!!!!!!!!!
20210430 061345.958 INFO             PET0 Running with ESMF Version   : ESMF_8_2_0_beta_snapshot_06-2-g7cd9acbf16
20210430 061345.958 INFO             PET0 ESMF library build date/time: "Apr 30 2021" "05:47:17"
20210430 061345.958 INFO             PET0 ESMF library build location : /glade/scratch/mpotts/gfortran_9.1.0_mpt_g_develop
20210430 061345.958 INFO             PET0 ESMF_COMM                   : mpt
20210430 061345.958 INFO             PET0 ESMF_MOAB                   : enabled
20210430 061345.958 INFO             PET0 ESMF_LAPACK                 : enabled
20210430 061345.958 INFO             PET0 ESMF_NETCDF                 : enabled
20210430 061345.958 INFO             PET0 ESMF_PNETCDF                : disabled
20210430 061345.958 INFO             PET0 ESMF_PIO                    : enabled
20210430 061345.958 INFO             PET0 ESMF_YAMLCPP                : enabled
20210430 061345.958 INFO             PET0  NUMBER_OF_PROCESSORS           1
20210430 061345.958 INFO             PET0  PASS  Example CalendarEx, ESMF_CalendarEx.F90, line 217
20210430 061345.958 INFO             PET0 Finalizing ESMF
