build time -- 2021-08-17 06:00:44.697628
 --------------------------------------- 
 Start of ESMF_TraceUser Example
 --------------------------------------- 
  PASS  Example ESMF_TraceUserEx, ESMF_TraceUserEx.F90, line 125
  PASS  Example ESMF_TraceUserEx, ESMF_TraceUserEx.F90, line 125
  PASS  Example ESMF_TraceUserEx, ESMF_TraceUserEx.F90, line 125
  PASS  Example ESMF_TraceUserEx, ESMF_TraceUserEx.F90, line 125
 --------------------------------------- 
 End of ESMF_TraceUser Example
 --------------------------------------- 
 PASS: ESMF_TraceUserEx.F90
 PASS: ESMF_TraceUserEx.F90
 PASS: ESMF_TraceUserEx.F90
 PASS: ESMF_TraceUserEx.F90
 --------------------------------------- 
 Start of ESMF_TraceUser Example
 --------------------------------------- 
  PASS  Example ESMF_TraceUserEx, ESMF_TraceUserEx.F90, line 125
  PASS  Example ESMF_TraceUserEx, ESMF_TraceUserEx.F90, line 125
  PASS  Example ESMF_TraceUserEx, ESMF_TraceUserEx.F90, line 125
  PASS  Example ESMF_TraceUserEx, ESMF_TraceUserEx.F90, line 125
 --------------------------------------- 
 End of ESMF_TraceUser Example
 --------------------------------------- 
 PASS: ESMF_TraceUserEx.F90
 PASS: ESMF_TraceUserEx.F90
 PASS: ESMF_TraceUserEx.F90
 PASS: ESMF_TraceUserEx.F90
