build time -- 2021-08-04 05:51:52.802921
20210804 062325.706 INFO             PET0 !!!!!!!!!!!!!!!!!!!!!!!!!!!!!!!!!!!!!!!!!!!!!!!!!!!!!!
20210804 062325.706 INFO             PET0 !!! THE ESMF_LOG IS SET TO OUTPUT ALL LOG MESSAGES !!!
20210804 062325.706 INFO             PET0 !!!     THIS MAY CAUSE SLOWDOWN IN PERFORMANCE     !!!
20210804 062325.706 INFO             PET0 !!! FOR PRODUCTION RUNS, USE:                      !!!
20210804 062325.706 INFO             PET0 !!!                   ESMF_LOGKIND_Multi_On_Error  !!!
20210804 062325.706 INFO             PET0 !!!!!!!!!!!!!!!!!!!!!!!!!!!!!!!!!!!!!!!!!!!!!!!!!!!!!!
20210804 062325.706 INFO             PET0 Running with ESMF Version   : ESMF_8_2_0_beta_snapshot_14-1-g6ac79f62fc
20210804 062325.706 INFO             PET0 ESMF library build date/time: "Aug  4 2021" "05:48:45"
20210804 062325.706 INFO             PET0 ESMF library build location : /glade/scratch/mpotts/gfortran_9.1.0_mpt_g_develop
20210804 062325.706 INFO             PET0 ESMF_COMM                   : mpt
20210804 062325.706 INFO             PET0 ESMF_MOAB                   : enabled
20210804 062325.706 INFO             PET0 ESMF_LAPACK                 : enabled
20210804 062325.706 INFO             PET0 ESMF_NETCDF                 : enabled
20210804 062325.706 INFO             PET0 ESMF_PNETCDF                : disabled
20210804 062325.706 INFO             PET0 ESMF_PIO                    : enabled
20210804 062325.706 INFO             PET0 ESMF_YAMLCPP                : enabled
20210804 062325.810 DEBUG            PET0 about to destroy Grid: 0x2c5eca0
20210804 062325.829 DEBUG            PET0 about to destroy Grid: 0x2c60740
20210804 062325.862 INFO             PET0  NUMBER_OF_PROCESSORS           4
20210804 062325.862 INFO             PET0  PASS  Example ESMF_NUOPCAtmModelEx, ESMF_NUOPCAtmModelEx.F90, line 806
20210804 062325.862 INFO             PET0 Finalizing ESMF
20210804 062325.707 INFO             PET1 !!!!!!!!!!!!!!!!!!!!!!!!!!!!!!!!!!!!!!!!!!!!!!!!!!!!!!
20210804 062325.707 INFO             PET1 !!! THE ESMF_LOG IS SET TO OUTPUT ALL LOG MESSAGES !!!
20210804 062325.707 INFO             PET1 !!!     THIS MAY CAUSE SLOWDOWN IN PERFORMANCE     !!!
20210804 062325.707 INFO             PET1 !!! FOR PRODUCTION RUNS, USE:                      !!!
20210804 062325.707 INFO             PET1 !!!                   ESMF_LOGKIND_Multi_On_Error  !!!
20210804 062325.707 INFO             PET1 !!!!!!!!!!!!!!!!!!!!!!!!!!!!!!!!!!!!!!!!!!!!!!!!!!!!!!
20210804 062325.707 INFO             PET1 Running with ESMF Version   : ESMF_8_2_0_beta_snapshot_14-1-g6ac79f62fc
20210804 062325.707 INFO             PET1 ESMF library build date/time: "Aug  4 2021" "05:48:45"
20210804 062325.708 INFO             PET1 ESMF library build location : /glade/scratch/mpotts/gfortran_9.1.0_mpt_g_develop
20210804 062325.708 INFO             PET1 ESMF_COMM                   : mpt
20210804 062325.708 INFO             PET1 ESMF_MOAB                   : enabled
20210804 062325.708 INFO             PET1 ESMF_LAPACK                 : enabled
20210804 062325.708 INFO             PET1 ESMF_NETCDF                 : enabled
20210804 062325.708 INFO             PET1 ESMF_PNETCDF                : disabled
20210804 062325.708 INFO             PET1 ESMF_PIO                    : enabled
20210804 062325.708 INFO             PET1 ESMF_YAMLCPP                : enabled
20210804 062325.810 DEBUG            PET1 about to destroy Grid: 0x2c5ed80
20210804 062325.829 DEBUG            PET1 about to destroy Grid: 0x2c5ffe0
20210804 062325.862 INFO             PET1  NUMBER_OF_PROCESSORS           4
20210804 062325.862 INFO             PET1  PASS  Example ESMF_NUOPCAtmModelEx, ESMF_NUOPCAtmModelEx.F90, line 806
20210804 062325.862 INFO             PET1 Finalizing ESMF
20210804 062325.707 INFO             PET2 !!!!!!!!!!!!!!!!!!!!!!!!!!!!!!!!!!!!!!!!!!!!!!!!!!!!!!
20210804 062325.707 INFO             PET2 !!! THE ESMF_LOG IS SET TO OUTPUT ALL LOG MESSAGES !!!
20210804 062325.707 INFO             PET2 !!!     THIS MAY CAUSE SLOWDOWN IN PERFORMANCE     !!!
20210804 062325.707 INFO             PET2 !!! FOR PRODUCTION RUNS, USE:                      !!!
20210804 062325.707 INFO             PET2 !!!                   ESMF_LOGKIND_Multi_On_Error  !!!
20210804 062325.707 INFO             PET2 !!!!!!!!!!!!!!!!!!!!!!!!!!!!!!!!!!!!!!!!!!!!!!!!!!!!!!
20210804 062325.707 INFO             PET2 Running with ESMF Version   : ESMF_8_2_0_beta_snapshot_14-1-g6ac79f62fc
20210804 062325.707 INFO             PET2 ESMF library build date/time: "Aug  4 2021" "05:48:45"
20210804 062325.707 INFO             PET2 ESMF library build location : /glade/scratch/mpotts/gfortran_9.1.0_mpt_g_develop
20210804 062325.707 INFO             PET2 ESMF_COMM                   : mpt
20210804 062325.707 INFO             PET2 ESMF_MOAB                   : enabled
20210804 062325.707 INFO             PET2 ESMF_LAPACK                 : enabled
20210804 062325.707 INFO             PET2 ESMF_NETCDF                 : enabled
20210804 062325.707 INFO             PET2 ESMF_PNETCDF                : disabled
20210804 062325.707 INFO             PET2 ESMF_PIO                    : enabled
20210804 062325.707 INFO             PET2 ESMF_YAMLCPP                : enabled
20210804 062325.810 DEBUG            PET2 about to destroy Grid: 0x2c5e4e0
20210804 062325.829 DEBUG            PET2 about to destroy Grid: 0x2c60020
20210804 062325.862 INFO             PET2  NUMBER_OF_PROCESSORS           4
20210804 062325.862 INFO             PET2  PASS  Example ESMF_NUOPCAtmModelEx, ESMF_NUOPCAtmModelEx.F90, line 806
20210804 062325.862 INFO             PET2 Finalizing ESMF
20210804 062325.707 INFO             PET3 !!!!!!!!!!!!!!!!!!!!!!!!!!!!!!!!!!!!!!!!!!!!!!!!!!!!!!
20210804 062325.707 INFO             PET3 !!! THE ESMF_LOG IS SET TO OUTPUT ALL LOG MESSAGES !!!
20210804 062325.707 INFO             PET3 !!!     THIS MAY CAUSE SLOWDOWN IN PERFORMANCE     !!!
20210804 062325.707 INFO             PET3 !!! FOR PRODUCTION RUNS, USE:                      !!!
20210804 062325.707 INFO             PET3 !!!                   ESMF_LOGKIND_Multi_On_Error  !!!
20210804 062325.707 INFO             PET3 !!!!!!!!!!!!!!!!!!!!!!!!!!!!!!!!!!!!!!!!!!!!!!!!!!!!!!
20210804 062325.707 INFO             PET3 Running with ESMF Version   : ESMF_8_2_0_beta_snapshot_14-1-g6ac79f62fc
20210804 062325.707 INFO             PET3 ESMF library build date/time: "Aug  4 2021" "05:48:45"
20210804 062325.707 INFO             PET3 ESMF library build location : /glade/scratch/mpotts/gfortran_9.1.0_mpt_g_develop
20210804 062325.707 INFO             PET3 ESMF_COMM                   : mpt
20210804 062325.707 INFO             PET3 ESMF_MOAB                   : enabled
20210804 062325.707 INFO             PET3 ESMF_LAPACK                 : enabled
20210804 062325.707 INFO             PET3 ESMF_NETCDF                 : enabled
20210804 062325.707 INFO             PET3 ESMF_PNETCDF                : disabled
20210804 062325.707 INFO             PET3 ESMF_PIO                    : enabled
20210804 062325.707 INFO             PET3 ESMF_YAMLCPP                : enabled
20210804 062325.810 DEBUG            PET3 about to destroy Grid: 0x2c5e5a0
20210804 062325.829 DEBUG            PET3 about to destroy Grid: 0x2c600e0
20210804 062325.862 INFO             PET3  NUMBER_OF_PROCESSORS           4
20210804 062325.862 INFO             PET3  PASS  Example ESMF_NUOPCAtmModelEx, ESMF_NUOPCAtmModelEx.F90, line 806
20210804 062325.862 INFO             PET3 Finalizing ESMF
