build time -- 2021-09-21 08:29:26
[1632221358.365531] [h8c53:255663:0]         mxm.c:196  MXM  WARN  The 'ulimit -s' on the system is set to 'unlimited'. This may have negative performance implications. Please set the stack size to the default value (10240) 
[1632221358.365888] [h8c53:255660:0]         mxm.c:196  MXM  WARN  The 'ulimit -s' on the system is set to 'unlimited'. This may have negative performance implications. Please set the stack size to the default value (10240) 
[1632221358.365612] [h8c53:255661:0]         mxm.c:196  MXM  WARN  The 'ulimit -s' on the system is set to 'unlimited'. This may have negative performance implications. Please set the stack size to the default value (10240) 
[1632221358.365824] [h8c53:255662:0]         mxm.c:196  MXM  WARN  The 'ulimit -s' on the system is set to 'unlimited'. This may have negative performance implications. Please set the stack size to the default value (10240) 
[1632221358.370900] [h8c53:255663:0]         mxm.c:196  MXM  WARN  The 'ulimit -s' on the system is set to 'unlimited'. This may have negative performance implications. Please set the stack size to the default value (10240) 
[1632221358.371066] [h8c53:255661:0]         mxm.c:196  MXM  WARN  The 'ulimit -s' on the system is set to 'unlimited'. This may have negative performance implications. Please set the stack size to the default value (10240) 
[1632221358.371260] [h8c53:255662:0]         mxm.c:196  MXM  WARN  The 'ulimit -s' on the system is set to 'unlimited'. This may have negative performance implications. Please set the stack size to the default value (10240) 
[1632221358.371331] [h8c53:255660:0]         mxm.c:196  MXM  WARN  The 'ulimit -s' on the system is set to 'unlimited'. This may have negative performance implications. Please set the stack size to the default value (10240) 
Reading control file...
Reading control file...
Retrieving regrid_from_file data...
Reading control file...
Reading control file...
Running 1 of 11 regrid_from_file test cases...

Regrid ll2.5deg_grid.nc to T42_grid.nc as bilinear with -p none itrp_mean_err=0.001000, itrp_max_err=0.010000, and csrv_err=0.000000 - START

Running 1 of 11 regrid_from_file test cases...

Regrid ll2.5deg_grid.nc to T42_grid.nc as bilinear with -p none itrp_mean_err=0.001000, itrp_max_err=0.010000, and csrv_err=0.000000 - START

Running 1 of 11 regrid_from_file test cases...

Regrid ll2.5deg_grid.nc to T42_grid.nc as bilinear with -p none itrp_mean_err=0.001000, itrp_max_err=0.010000, and csrv_err=0.000000 - START

Retrieving http://data.earthsystemmodeling.org/download/data/ll2.5deg_grid.nc...

Error opening http://data.earthsystemmodeling.org/download/data/ll2.5deg_grid.nc
Running 1 of 11 regrid_from_file test cases...

Regrid ll2.5deg_grid.nc to T42_grid.nc as bilinear with -p none itrp_mean_err=0.001000, itrp_max_err=0.010000, and csrv_err=0.000000 - START

NetCDF Error: src/ESMF/test/regrid_from_file/data/ll2.5deg_grid.nc : No such file or directory
NetCDF Error: src/ESMF/test/regrid_from_file/data/ll2.5deg_grid.nc : No such file or directory
NetCDF Error: src/ESMF/test/regrid_from_file/data/ll2.5deg_grid.nc : No such file or directory
Regridding ERROR:

NetCDF Error: src/ESMF/test/regrid_from_file/data/ll2.5deg_grid.nc : No such file or directory
NetCDF Error: src/ESMF/test/regrid_from_file/data/ll2.5deg_grid.nc : No such file or directory
Traceback (most recent call last):
  File "src/ESMF/test/regrid_from_file/regrid_check_driver.py", line 63, in <module>
    options, itrp_mean_err, itrp_max_err, csrv_err)
  File "/scratch1/NCEPDEV/stmp2/Mark.Potts/gfortran_9.2.0_openmpi_g_develop/src/addon/ESMPy/src/ESMF/test/regrid_from_file/regrid_check.py", line 222, in regrid_check
    missingvalue=src_missingvalue)
  File "/scratch1/NCEPDEV/stmp2/Mark.Potts/gfortran_9.2.0_openmpi_g_develop/src/addon/ESMPy/src/ESMF/test/regrid_from_file/regrid_check.py", line 56, in create_grid_or_mesh_from_file
    varname=missingvalue)
  File "/scratch1/NCEPDEV/stmp2/Mark.Potts/gfortran_9.2.0_openmpi_g_develop/src/addon/ESMPy/src/ESMF/util/decorators.py", line 81, in new_func
    return func(*args, **kwargs)
  File "/scratch1/NCEPDEV/stmp2/Mark.Potts/gfortran_9.2.0_openmpi_g_develop/src/addon/ESMPy/src/ESMF/api/grid.py", line 356, in __init__
    coordNames=coord_names)
  File "/scratch1/NCEPDEV/stmp2/Mark.Potts/gfortran_9.2.0_openmpi_g_develop/src/addon/ESMPy/src/ESMF/util/decorators.py", line 93, in new_func
    return func(*args, **kwargs)
  File "/scratch1/NCEPDEV/stmp2/Mark.Potts/gfortran_9.2.0_openmpi_g_develop/src/addon/ESMPy/src/ESMF/interface/cbindings.py", line 720, in ESMP_GridCreateFromFile
    raise NameError('ESMC_GridCreateFromFile() failed with rc = '+str(rc))
NameError: ESMC_GridCreateFromFile() failed with rc = -1

***NOTE*** The log files must be deleted in this test case, they are printed below for future reference


PET: 0 - Regrid ll2.5deg_grid.nc to T42_grid.nc as bilinear with -p none itrp_mean_err=0.001000, itrp_max_err=0.010000, and csrv_err=0.000000 - FINISH

RESULT: FAIL


Running 2 of 11 regrid_from_file test cases...

Regrid T42_grid.nc to ll2.5deg_grid.nc as patch with -p none -i itrp_mean_err=0.001000, itrp_max_err=0.010000, and csrv_err=0.000000 - START

