build time -- 2021-06-30 00:29:48
20210630 010129.870 INFO             PET0 !!!!!!!!!!!!!!!!!!!!!!!!!!!!!!!!!!!!!!!!!!!!!!!!!!!!!!
20210630 010129.870 INFO             PET0 !!! THE ESMF_LOG IS SET TO OUTPUT ALL LOG MESSAGES !!!
20210630 010129.870 INFO             PET0 !!!     THIS MAY CAUSE SLOWDOWN IN PERFORMANCE     !!!
20210630 010129.870 INFO             PET0 !!! FOR PRODUCTION RUNS, USE:                      !!!
20210630 010129.870 INFO             PET0 !!!                   ESMF_LOGKIND_Multi_On_Error  !!!
20210630 010129.870 INFO             PET0 !!!!!!!!!!!!!!!!!!!!!!!!!!!!!!!!!!!!!!!!!!!!!!!!!!!!!!
20210630 010129.870 INFO             PET0 Running with ESMF Version   : 8.2.0 beta snapshot
20210630 010129.870 INFO             PET0 ESMF library build date/time: "Jun 30 2021" "00:28:07"
20210630 010129.870 INFO             PET0 ESMF library build location : /lustre/f2/dev/ncep/Mark.Potts/intel_2019.5_mpi_O_develop
20210630 010129.870 INFO             PET0 ESMF_COMM                   : mpi
20210630 010129.871 INFO             PET0 ESMF_MOAB                   : enabled
20210630 010129.871 INFO             PET0 ESMF_LAPACK                 : enabled
20210630 010129.871 INFO             PET0 ESMF_NETCDF                 : enabled
20210630 010129.871 INFO             PET0 ESMF_PNETCDF                : disabled
20210630 010129.871 INFO             PET0 ESMF_PIO                    : enabled
20210630 010129.871 INFO             PET0 ESMF_YAMLCPP                : enabled
20210630 010129.871 INFO             PET0 ESMF Tracing Enabled
20210630 010129.871 INFO             PET0 ESMF Profiling Enabled
20210630 010129.871 INFO             PET0 ESMF Trace/Profile clock: REALTIME
20210630 010129.889 INFO             PET0  NUMBER_OF_PROCESSORS           4
20210630 010129.889 INFO             PET0  PASS  Example ESMF_TraceUserEx, ESMF_TraceUserEx.F90, line 125
20210630 010129.889 INFO             PET0 Finalizing ESMF
20210630 010129.889 INFO             PET0 **************** Region Timings *******************
20210630 010129.889 INFO             PET0 Region              Count  Total (s)   Self (s)    Mean (s)    Min (s)     Max (s)
20210630 010129.889 INFO             PET0   outer_region      1      0.0000      0.0000      0.0000      0.0000      0.0000
20210630 010129.889 INFO             PET0     inner_region_1  10     0.0000      0.0000      0.0000      0.0000      0.0000
20210630 010129.889 INFO             PET0     inner_region_2  10     0.0000      0.0000      0.0000      0.0000      0.0000
20210630 010129.882 INFO             PET1 !!!!!!!!!!!!!!!!!!!!!!!!!!!!!!!!!!!!!!!!!!!!!!!!!!!!!!
20210630 010129.882 INFO             PET1 !!! THE ESMF_LOG IS SET TO OUTPUT ALL LOG MESSAGES !!!
20210630 010129.882 INFO             PET1 !!!     THIS MAY CAUSE SLOWDOWN IN PERFORMANCE     !!!
20210630 010129.882 INFO             PET1 !!! FOR PRODUCTION RUNS, USE:                      !!!
20210630 010129.882 INFO             PET1 !!!                   ESMF_LOGKIND_Multi_On_Error  !!!
20210630 010129.882 INFO             PET1 !!!!!!!!!!!!!!!!!!!!!!!!!!!!!!!!!!!!!!!!!!!!!!!!!!!!!!
20210630 010129.882 INFO             PET1 Running with ESMF Version   : 8.2.0 beta snapshot
20210630 010129.882 INFO             PET1 ESMF library build date/time: "Jun 30 2021" "00:28:07"
20210630 010129.882 INFO             PET1 ESMF library build location : /lustre/f2/dev/ncep/Mark.Potts/intel_2019.5_mpi_O_develop
20210630 010129.882 INFO             PET1 ESMF_COMM                   : mpi
20210630 010129.882 INFO             PET1 ESMF_MOAB                   : enabled
20210630 010129.882 INFO             PET1 ESMF_LAPACK                 : enabled
20210630 010129.882 INFO             PET1 ESMF_NETCDF                 : enabled
20210630 010129.882 INFO             PET1 ESMF_PNETCDF                : disabled
20210630 010129.882 INFO             PET1 ESMF_PIO                    : enabled
20210630 010129.882 INFO             PET1 ESMF_YAMLCPP                : enabled
20210630 010129.883 INFO             PET1 ESMF Tracing Enabled
20210630 010129.883 INFO             PET1 ESMF Profiling Enabled
20210630 010129.883 INFO             PET1 ESMF Trace/Profile clock: REALTIME
20210630 010129.889 INFO             PET1  NUMBER_OF_PROCESSORS           4
20210630 010129.889 INFO             PET1  PASS  Example ESMF_TraceUserEx, ESMF_TraceUserEx.F90, line 125
20210630 010129.889 INFO             PET1 Finalizing ESMF
20210630 010129.889 INFO             PET1 **************** Region Timings *******************
20210630 010129.889 INFO             PET1 Region              Count  Total (s)   Self (s)    Mean (s)    Min (s)     Max (s)
20210630 010129.889 INFO             PET1   outer_region      1      0.0000      0.0000      0.0000      0.0000      0.0000
20210630 010129.889 INFO             PET1     inner_region_1  10     0.0000      0.0000      0.0000      0.0000      0.0000
20210630 010129.889 INFO             PET1     inner_region_2  10     0.0000      0.0000      0.0000      0.0000      0.0000
20210630 010129.885 INFO             PET2 !!!!!!!!!!!!!!!!!!!!!!!!!!!!!!!!!!!!!!!!!!!!!!!!!!!!!!
20210630 010129.885 INFO             PET2 !!! THE ESMF_LOG IS SET TO OUTPUT ALL LOG MESSAGES !!!
20210630 010129.885 INFO             PET2 !!!     THIS MAY CAUSE SLOWDOWN IN PERFORMANCE     !!!
20210630 010129.885 INFO             PET2 !!! FOR PRODUCTION RUNS, USE:                      !!!
20210630 010129.885 INFO             PET2 !!!                   ESMF_LOGKIND_Multi_On_Error  !!!
20210630 010129.885 INFO             PET2 !!!!!!!!!!!!!!!!!!!!!!!!!!!!!!!!!!!!!!!!!!!!!!!!!!!!!!
20210630 010129.885 INFO             PET2 Running with ESMF Version   : 8.2.0 beta snapshot
20210630 010129.885 INFO             PET2 ESMF library build date/time: "Jun 30 2021" "00:28:07"
20210630 010129.885 INFO             PET2 ESMF library build location : /lustre/f2/dev/ncep/Mark.Potts/intel_2019.5_mpi_O_develop
20210630 010129.885 INFO             PET2 ESMF_COMM                   : mpi
20210630 010129.886 INFO             PET2 ESMF_MOAB                   : enabled
20210630 010129.886 INFO             PET2 ESMF_LAPACK                 : enabled
20210630 010129.886 INFO             PET2 ESMF_NETCDF                 : enabled
20210630 010129.886 INFO             PET2 ESMF_PNETCDF                : disabled
20210630 010129.886 INFO             PET2 ESMF_PIO                    : enabled
20210630 010129.886 INFO             PET2 ESMF_YAMLCPP                : enabled
20210630 010129.886 INFO             PET2 ESMF Tracing Enabled
20210630 010129.886 INFO             PET2 ESMF Profiling Enabled
20210630 010129.886 INFO             PET2 ESMF Trace/Profile clock: REALTIME
20210630 010129.889 INFO             PET2  NUMBER_OF_PROCESSORS           4
20210630 010129.889 INFO             PET2  PASS  Example ESMF_TraceUserEx, ESMF_TraceUserEx.F90, line 125
20210630 010129.889 INFO             PET2 Finalizing ESMF
20210630 010129.889 INFO             PET2 **************** Region Timings *******************
20210630 010129.889 INFO             PET2 Region              Count  Total (s)   Self (s)    Mean (s)    Min (s)     Max (s)
20210630 010129.889 INFO             PET2   outer_region      1      0.0000      0.0000      0.0000      0.0000      0.0000
20210630 010129.889 INFO             PET2     inner_region_1  10     0.0000      0.0000      0.0000      0.0000      0.0000
20210630 010129.889 INFO             PET2     inner_region_2  10     0.0000      0.0000      0.0000      0.0000      0.0000
20210630 010129.874 INFO             PET3 !!!!!!!!!!!!!!!!!!!!!!!!!!!!!!!!!!!!!!!!!!!!!!!!!!!!!!
20210630 010129.874 INFO             PET3 !!! THE ESMF_LOG IS SET TO OUTPUT ALL LOG MESSAGES !!!
20210630 010129.874 INFO             PET3 !!!     THIS MAY CAUSE SLOWDOWN IN PERFORMANCE     !!!
20210630 010129.874 INFO             PET3 !!! FOR PRODUCTION RUNS, USE:                      !!!
20210630 010129.874 INFO             PET3 !!!                   ESMF_LOGKIND_Multi_On_Error  !!!
20210630 010129.874 INFO             PET3 !!!!!!!!!!!!!!!!!!!!!!!!!!!!!!!!!!!!!!!!!!!!!!!!!!!!!!
20210630 010129.874 INFO             PET3 Running with ESMF Version   : 8.2.0 beta snapshot
20210630 010129.874 INFO             PET3 ESMF library build date/time: "Jun 30 2021" "00:28:07"
20210630 010129.874 INFO             PET3 ESMF library build location : /lustre/f2/dev/ncep/Mark.Potts/intel_2019.5_mpi_O_develop
20210630 010129.874 INFO             PET3 ESMF_COMM                   : mpi
20210630 010129.876 INFO             PET3 ESMF_MOAB                   : enabled
20210630 010129.876 INFO             PET3 ESMF_LAPACK                 : enabled
20210630 010129.876 INFO             PET3 ESMF_NETCDF                 : enabled
20210630 010129.876 INFO             PET3 ESMF_PNETCDF                : disabled
20210630 010129.876 INFO             PET3 ESMF_PIO                    : enabled
20210630 010129.876 INFO             PET3 ESMF_YAMLCPP                : enabled
20210630 010129.876 INFO             PET3 ESMF Tracing Enabled
20210630 010129.876 INFO             PET3 ESMF Profiling Enabled
20210630 010129.876 INFO             PET3 ESMF Trace/Profile clock: REALTIME
20210630 010129.889 INFO             PET3  NUMBER_OF_PROCESSORS           4
20210630 010129.889 INFO             PET3  PASS  Example ESMF_TraceUserEx, ESMF_TraceUserEx.F90, line 125
20210630 010129.889 INFO             PET3 Finalizing ESMF
20210630 010129.889 INFO             PET3 **************** Region Timings *******************
20210630 010129.889 INFO             PET3 Region              Count  Total (s)   Self (s)    Mean (s)    Min (s)     Max (s)
20210630 010129.889 INFO             PET3   outer_region      1      0.0000      0.0000      0.0000      0.0000      0.0000
20210630 010129.889 INFO             PET3     inner_region_1  10     0.0000      0.0000      0.0000      0.0000      0.0000
20210630 010129.889 INFO             PET3     inner_region_2  10     0.0000      0.0000      0.0000      0.0000      0.0000
