build time -- 2021-08-30 00:30:50
20210830 010433.684 INFO             PET0 !!!!!!!!!!!!!!!!!!!!!!!!!!!!!!!!!!!!!!!!!!!!!!!!!!!!!!
20210830 010433.684 INFO             PET0 !!! THE ESMF_LOG IS SET TO OUTPUT ALL LOG MESSAGES !!!
20210830 010433.684 INFO             PET0 !!!     THIS MAY CAUSE SLOWDOWN IN PERFORMANCE     !!!
20210830 010433.684 INFO             PET0 !!! FOR PRODUCTION RUNS, USE:                      !!!
20210830 010433.684 INFO             PET0 !!!                   ESMF_LOGKIND_Multi_On_Error  !!!
20210830 010433.684 INFO             PET0 !!!!!!!!!!!!!!!!!!!!!!!!!!!!!!!!!!!!!!!!!!!!!!!!!!!!!!
20210830 010433.684 INFO             PET0 Running with ESMF Version   : 8.2.0 beta snapshot
20210830 010433.684 INFO             PET0 ESMF library build date/time: "Aug 30 2021" "00:29:00"
20210830 010433.684 INFO             PET0 ESMF library build location : /lustre/f2/dev/ncep/Mark.Potts/intel_2019.5_mpi_O_develop
20210830 010433.684 INFO             PET0 ESMF_COMM                   : mpi
20210830 010433.685 INFO             PET0 ESMF_MOAB                   : enabled
20210830 010433.685 INFO             PET0 ESMF_LAPACK                 : enabled
20210830 010433.685 INFO             PET0 ESMF_NETCDF                 : enabled
20210830 010433.685 INFO             PET0 ESMF_PNETCDF                : disabled
20210830 010433.685 INFO             PET0 ESMF_PIO                    : enabled
20210830 010433.685 INFO             PET0 ESMF_YAMLCPP                : enabled
20210830 010433.687 INFO             PET0  NUMBER_OF_PROCESSORS           4
20210830 010433.688 INFO             PET0  PASS  Example ESMF_AppMainEx, ESMF_AppMainEx.F90, line 486
20210830 010433.688 INFO             PET0 Finalizing ESMF
20210830 010433.677 INFO             PET1 !!!!!!!!!!!!!!!!!!!!!!!!!!!!!!!!!!!!!!!!!!!!!!!!!!!!!!
20210830 010433.677 INFO             PET1 !!! THE ESMF_LOG IS SET TO OUTPUT ALL LOG MESSAGES !!!
20210830 010433.677 INFO             PET1 !!!     THIS MAY CAUSE SLOWDOWN IN PERFORMANCE     !!!
20210830 010433.677 INFO             PET1 !!! FOR PRODUCTION RUNS, USE:                      !!!
20210830 010433.677 INFO             PET1 !!!                   ESMF_LOGKIND_Multi_On_Error  !!!
20210830 010433.677 INFO             PET1 !!!!!!!!!!!!!!!!!!!!!!!!!!!!!!!!!!!!!!!!!!!!!!!!!!!!!!
20210830 010433.677 INFO             PET1 Running with ESMF Version   : 8.2.0 beta snapshot
20210830 010433.677 INFO             PET1 ESMF library build date/time: "Aug 30 2021" "00:29:00"
20210830 010433.677 INFO             PET1 ESMF library build location : /lustre/f2/dev/ncep/Mark.Potts/intel_2019.5_mpi_O_develop
20210830 010433.677 INFO             PET1 ESMF_COMM                   : mpi
20210830 010433.678 INFO             PET1 ESMF_MOAB                   : enabled
20210830 010433.678 INFO             PET1 ESMF_LAPACK                 : enabled
20210830 010433.678 INFO             PET1 ESMF_NETCDF                 : enabled
20210830 010433.678 INFO             PET1 ESMF_PNETCDF                : disabled
20210830 010433.678 INFO             PET1 ESMF_PIO                    : enabled
20210830 010433.678 INFO             PET1 ESMF_YAMLCPP                : enabled
20210830 010433.688 INFO             PET1  NUMBER_OF_PROCESSORS           4
20210830 010433.688 INFO             PET1  PASS  Example ESMF_AppMainEx, ESMF_AppMainEx.F90, line 486
20210830 010433.688 INFO             PET1 Finalizing ESMF
20210830 010433.672 INFO             PET2 !!!!!!!!!!!!!!!!!!!!!!!!!!!!!!!!!!!!!!!!!!!!!!!!!!!!!!
20210830 010433.672 INFO             PET2 !!! THE ESMF_LOG IS SET TO OUTPUT ALL LOG MESSAGES !!!
20210830 010433.672 INFO             PET2 !!!     THIS MAY CAUSE SLOWDOWN IN PERFORMANCE     !!!
20210830 010433.672 INFO             PET2 !!! FOR PRODUCTION RUNS, USE:                      !!!
20210830 010433.672 INFO             PET2 !!!                   ESMF_LOGKIND_Multi_On_Error  !!!
20210830 010433.672 INFO             PET2 !!!!!!!!!!!!!!!!!!!!!!!!!!!!!!!!!!!!!!!!!!!!!!!!!!!!!!
20210830 010433.672 INFO             PET2 Running with ESMF Version   : 8.2.0 beta snapshot
20210830 010433.672 INFO             PET2 ESMF library build date/time: "Aug 30 2021" "00:29:00"
20210830 010433.672 INFO             PET2 ESMF library build location : /lustre/f2/dev/ncep/Mark.Potts/intel_2019.5_mpi_O_develop
20210830 010433.672 INFO             PET2 ESMF_COMM                   : mpi
20210830 010433.673 INFO             PET2 ESMF_MOAB                   : enabled
20210830 010433.673 INFO             PET2 ESMF_LAPACK                 : enabled
20210830 010433.673 INFO             PET2 ESMF_NETCDF                 : enabled
20210830 010433.673 INFO             PET2 ESMF_PNETCDF                : disabled
20210830 010433.673 INFO             PET2 ESMF_PIO                    : enabled
20210830 010433.673 INFO             PET2 ESMF_YAMLCPP                : enabled
20210830 010433.687 INFO             PET2  NUMBER_OF_PROCESSORS           4
20210830 010433.688 INFO             PET2  PASS  Example ESMF_AppMainEx, ESMF_AppMainEx.F90, line 486
20210830 010433.688 INFO             PET2 Finalizing ESMF
20210830 010433.668 INFO             PET3 !!!!!!!!!!!!!!!!!!!!!!!!!!!!!!!!!!!!!!!!!!!!!!!!!!!!!!
20210830 010433.668 INFO             PET3 !!! THE ESMF_LOG IS SET TO OUTPUT ALL LOG MESSAGES !!!
20210830 010433.668 INFO             PET3 !!!     THIS MAY CAUSE SLOWDOWN IN PERFORMANCE     !!!
20210830 010433.668 INFO             PET3 !!! FOR PRODUCTION RUNS, USE:                      !!!
20210830 010433.668 INFO             PET3 !!!                   ESMF_LOGKIND_Multi_On_Error  !!!
20210830 010433.668 INFO             PET3 !!!!!!!!!!!!!!!!!!!!!!!!!!!!!!!!!!!!!!!!!!!!!!!!!!!!!!
20210830 010433.668 INFO             PET3 Running with ESMF Version   : 8.2.0 beta snapshot
20210830 010433.668 INFO             PET3 ESMF library build date/time: "Aug 30 2021" "00:29:00"
20210830 010433.668 INFO             PET3 ESMF library build location : /lustre/f2/dev/ncep/Mark.Potts/intel_2019.5_mpi_O_develop
20210830 010433.668 INFO             PET3 ESMF_COMM                   : mpi
20210830 010433.669 INFO             PET3 ESMF_MOAB                   : enabled
20210830 010433.669 INFO             PET3 ESMF_LAPACK                 : enabled
20210830 010433.669 INFO             PET3 ESMF_NETCDF                 : enabled
20210830 010433.669 INFO             PET3 ESMF_PNETCDF                : disabled
20210830 010433.669 INFO             PET3 ESMF_PIO                    : enabled
20210830 010433.669 INFO             PET3 ESMF_YAMLCPP                : enabled
20210830 010433.687 INFO             PET3  NUMBER_OF_PROCESSORS           4
20210830 010433.688 INFO             PET3  PASS  Example ESMF_AppMainEx, ESMF_AppMainEx.F90, line 486
20210830 010433.688 INFO             PET3 Finalizing ESMF
