build time -- 2021-07-16 00:26:33
20210716 010247.759 INFO             PET0 !!!!!!!!!!!!!!!!!!!!!!!!!!!!!!!!!!!!!!!!!!!!!!!!!!!!!!
20210716 010247.759 INFO             PET0 !!! THE ESMF_LOG IS SET TO OUTPUT ALL LOG MESSAGES !!!
20210716 010247.759 INFO             PET0 !!!     THIS MAY CAUSE SLOWDOWN IN PERFORMANCE     !!!
20210716 010247.759 INFO             PET0 !!! FOR PRODUCTION RUNS, USE:                      !!!
20210716 010247.759 INFO             PET0 !!!                   ESMF_LOGKIND_Multi_On_Error  !!!
20210716 010247.759 INFO             PET0 !!!!!!!!!!!!!!!!!!!!!!!!!!!!!!!!!!!!!!!!!!!!!!!!!!!!!!
20210716 010247.759 INFO             PET0 Running with ESMF Version   : 8.2.0 beta snapshot
20210716 010247.759 INFO             PET0 ESMF library build date/time: "Jul 16 2021" "00:24:50"
20210716 010247.759 INFO             PET0 ESMF library build location : /lustre/f2/dev/ncep/Mark.Potts/intel_2019.5_mpi_O_develop
20210716 010247.759 INFO             PET0 ESMF_COMM                   : mpi
20210716 010247.760 INFO             PET0 ESMF_MOAB                   : enabled
20210716 010247.760 INFO             PET0 ESMF_LAPACK                 : enabled
20210716 010247.760 INFO             PET0 ESMF_NETCDF                 : enabled
20210716 010247.760 INFO             PET0 ESMF_PNETCDF                : disabled
20210716 010247.760 INFO             PET0 ESMF_PIO                    : enabled
20210716 010247.760 INFO             PET0 ESMF_YAMLCPP                : enabled
20210716 010247.764 INFO             PET0  NUMBER_OF_PROCESSORS           1
20210716 010247.764 INFO             PET0  PASS  Example ESMF_XGridSparseMatEx, ESMF_XGridSparseMatEx.F90, line 642
20210716 010247.764 INFO             PET0 Finalizing ESMF
