build time -- 2021-09-16 00:38:16
20210916 012822.450 INFO             PET0 !!!!!!!!!!!!!!!!!!!!!!!!!!!!!!!!!!!!!!!!!!!!!!!!!!!!!!
20210916 012822.451 INFO             PET0 !!! THE ESMF_LOG IS SET TO OUTPUT ALL LOG MESSAGES !!!
20210916 012822.451 INFO             PET0 !!!     THIS MAY CAUSE SLOWDOWN IN PERFORMANCE     !!!
20210916 012822.451 INFO             PET0 !!! FOR PRODUCTION RUNS, USE:                      !!!
20210916 012822.451 INFO             PET0 !!!                   ESMF_LOGKIND_Multi_On_Error  !!!
20210916 012822.451 INFO             PET0 !!!!!!!!!!!!!!!!!!!!!!!!!!!!!!!!!!!!!!!!!!!!!!!!!!!!!!
20210916 012822.451 INFO             PET0 Running with ESMF Version   : 8.2.0 beta snapshot
20210916 012822.451 INFO             PET0 ESMF library build date/time: "Sep 16 2021" "00:36:14"
20210916 012822.451 INFO             PET0 ESMF library build location : /lustre/f2/dev/ncep/Mark.Potts/intel_2019.5_mpi_O_develop
20210916 012822.451 INFO             PET0 ESMF_COMM                   : mpi
20210916 012822.452 INFO             PET0 ESMF_MOAB                   : enabled
20210916 012822.452 INFO             PET0 ESMF_LAPACK                 : enabled
20210916 012822.452 INFO             PET0 ESMF_NETCDF                 : enabled
20210916 012822.452 INFO             PET0 ESMF_PNETCDF                : disabled
20210916 012822.452 INFO             PET0 ESMF_PIO                    : enabled
20210916 012822.452 INFO             PET0 ESMF_YAMLCPP                : enabled
20210916 012822.453 INFO             PET0  NUMBER_OF_PROCESSORS           1
20210916 012822.453 INFO             PET0  PASS  Example ESMF_AlarmEx, ESMF_AlarmEx.F90, line 244
20210916 012822.453 INFO             PET0 Finalizing ESMF
