build time -- 2021-08-15 00:30:08
20210815 010541.705 INFO             PET0 !!!!!!!!!!!!!!!!!!!!!!!!!!!!!!!!!!!!!!!!!!!!!!!!!!!!!!
20210815 010541.705 INFO             PET0 !!! THE ESMF_LOG IS SET TO OUTPUT ALL LOG MESSAGES !!!
20210815 010541.705 INFO             PET0 !!!     THIS MAY CAUSE SLOWDOWN IN PERFORMANCE     !!!
20210815 010541.705 INFO             PET0 !!! FOR PRODUCTION RUNS, USE:                      !!!
20210815 010541.705 INFO             PET0 !!!                   ESMF_LOGKIND_Multi_On_Error  !!!
20210815 010541.705 INFO             PET0 !!!!!!!!!!!!!!!!!!!!!!!!!!!!!!!!!!!!!!!!!!!!!!!!!!!!!!
20210815 010541.705 INFO             PET0 Running with ESMF Version   : 8.2.0 beta snapshot
20210815 010541.705 INFO             PET0 ESMF library build date/time: "Aug 15 2021" "00:28:20"
20210815 010541.705 INFO             PET0 ESMF library build location : /lustre/f2/dev/ncep/Mark.Potts/intel_2019.5_mpi_O_develop
20210815 010541.705 INFO             PET0 ESMF_COMM                   : mpi
20210815 010541.706 INFO             PET0 ESMF_MOAB                   : enabled
20210815 010541.706 INFO             PET0 ESMF_LAPACK                 : enabled
20210815 010541.706 INFO             PET0 ESMF_NETCDF                 : enabled
20210815 010541.706 INFO             PET0 ESMF_PNETCDF                : disabled
20210815 010541.706 INFO             PET0 ESMF_PIO                    : enabled
20210815 010541.706 INFO             PET0 ESMF_YAMLCPP                : enabled
20210815 010541.714 INFO             PET0 Log Write 2
20210815 010541.714 ERROR            PET0 Invalid object  - Convergence failure
20210815 010541.714 ERROR            PET0 ESMCI_Fraction.C:1444 ESMCI::Fraction::validate() must have non-zero denominator.
20210815 010541.715 ERROR            PET0 ESMCI_Time.C:838 ESMCI::Time::syncToRealTime() Wrong argument specified  - ; calkindflag is JULIANDAY, MODJULIANDAY or NOCALENDAR.
20210815 010541.715 ERROR            PET0 ESMF_Time.F90:1485 ESMF_TimeSyncToRealTime() Wrong argument specified  - Internal subroutine call returned Error
20210815 010541.715 ERROR            PET0 Wrong argument specified  - getting wall clock time
20210815 010541.724 INFO             PET0  NUMBER_OF_PROCESSORS           4
20210815 010541.725 INFO             PET0  PASS  Example ESMF_LogErrEx, ESMF_LogErrEx.F90, line 186
20210815 010541.725 INFO             PET0 Finalizing ESMF
20210815 010541.713 INFO             PET1 !!!!!!!!!!!!!!!!!!!!!!!!!!!!!!!!!!!!!!!!!!!!!!!!!!!!!!
20210815 010541.713 INFO             PET1 !!! THE ESMF_LOG IS SET TO OUTPUT ALL LOG MESSAGES !!!
20210815 010541.713 INFO             PET1 !!!     THIS MAY CAUSE SLOWDOWN IN PERFORMANCE     !!!
20210815 010541.713 INFO             PET1 !!! FOR PRODUCTION RUNS, USE:                      !!!
20210815 010541.713 INFO             PET1 !!!                   ESMF_LOGKIND_Multi_On_Error  !!!
20210815 010541.713 INFO             PET1 !!!!!!!!!!!!!!!!!!!!!!!!!!!!!!!!!!!!!!!!!!!!!!!!!!!!!!
20210815 010541.713 INFO             PET1 Running with ESMF Version   : 8.2.0 beta snapshot
20210815 010541.713 INFO             PET1 ESMF library build date/time: "Aug 15 2021" "00:28:20"
20210815 010541.713 INFO             PET1 ESMF library build location : /lustre/f2/dev/ncep/Mark.Potts/intel_2019.5_mpi_O_develop
20210815 010541.713 INFO             PET1 ESMF_COMM                   : mpi
20210815 010541.714 INFO             PET1 ESMF_MOAB                   : enabled
20210815 010541.714 INFO             PET1 ESMF_LAPACK                 : enabled
20210815 010541.714 INFO             PET1 ESMF_NETCDF                 : enabled
20210815 010541.714 INFO             PET1 ESMF_PNETCDF                : disabled
20210815 010541.714 INFO             PET1 ESMF_PIO                    : enabled
20210815 010541.714 INFO             PET1 ESMF_YAMLCPP                : enabled
20210815 010541.714 INFO             PET1 Log Write 2
20210815 010541.714 ERROR            PET1 Invalid object  - Convergence failure
20210815 010541.714 ERROR            PET1 ESMCI_Fraction.C:1444 ESMCI::Fraction::validate() must have non-zero denominator.
20210815 010541.715 ERROR            PET1 ESMCI_Time.C:838 ESMCI::Time::syncToRealTime() Wrong argument specified  - ; calkindflag is JULIANDAY, MODJULIANDAY or NOCALENDAR.
20210815 010541.715 ERROR            PET1 ESMF_Time.F90:1485 ESMF_TimeSyncToRealTime() Wrong argument specified  - Internal subroutine call returned Error
20210815 010541.715 ERROR            PET1 Wrong argument specified  - getting wall clock time
20210815 010541.732 INFO             PET1  NUMBER_OF_PROCESSORS           4
20210815 010541.732 INFO             PET1  PASS  Example ESMF_LogErrEx, ESMF_LogErrEx.F90, line 186
20210815 010541.732 INFO             PET1 Finalizing ESMF
20210815 010541.702 INFO             PET2 !!!!!!!!!!!!!!!!!!!!!!!!!!!!!!!!!!!!!!!!!!!!!!!!!!!!!!
20210815 010541.702 INFO             PET2 !!! THE ESMF_LOG IS SET TO OUTPUT ALL LOG MESSAGES !!!
20210815 010541.702 INFO             PET2 !!!     THIS MAY CAUSE SLOWDOWN IN PERFORMANCE     !!!
20210815 010541.702 INFO             PET2 !!! FOR PRODUCTION RUNS, USE:                      !!!
20210815 010541.702 INFO             PET2 !!!                   ESMF_LOGKIND_Multi_On_Error  !!!
20210815 010541.702 INFO             PET2 !!!!!!!!!!!!!!!!!!!!!!!!!!!!!!!!!!!!!!!!!!!!!!!!!!!!!!
20210815 010541.702 INFO             PET2 Running with ESMF Version   : 8.2.0 beta snapshot
20210815 010541.702 INFO             PET2 ESMF library build date/time: "Aug 15 2021" "00:28:20"
20210815 010541.702 INFO             PET2 ESMF library build location : /lustre/f2/dev/ncep/Mark.Potts/intel_2019.5_mpi_O_develop
20210815 010541.703 INFO             PET2 ESMF_COMM                   : mpi
20210815 010541.704 INFO             PET2 ESMF_MOAB                   : enabled
20210815 010541.704 INFO             PET2 ESMF_LAPACK                 : enabled
20210815 010541.704 INFO             PET2 ESMF_NETCDF                 : enabled
20210815 010541.704 INFO             PET2 ESMF_PNETCDF                : disabled
20210815 010541.704 INFO             PET2 ESMF_PIO                    : enabled
20210815 010541.704 INFO             PET2 ESMF_YAMLCPP                : enabled
20210815 010541.714 INFO             PET2 Log Write 2
20210815 010541.714 ERROR            PET2 Invalid object  - Convergence failure
20210815 010541.714 ERROR            PET2 ESMCI_Fraction.C:1444 ESMCI::Fraction::validate() must have non-zero denominator.
20210815 010541.715 ERROR            PET2 ESMCI_Time.C:838 ESMCI::Time::syncToRealTime() Wrong argument specified  - ; calkindflag is JULIANDAY, MODJULIANDAY or NOCALENDAR.
20210815 010541.715 ERROR            PET2 ESMF_Time.F90:1485 ESMF_TimeSyncToRealTime() Wrong argument specified  - Internal subroutine call returned Error
20210815 010541.715 ERROR            PET2 Wrong argument specified  - getting wall clock time
20210815 010541.727 INFO             PET2  NUMBER_OF_PROCESSORS           4
20210815 010541.727 INFO             PET2  PASS  Example ESMF_LogErrEx, ESMF_LogErrEx.F90, line 186
20210815 010541.727 INFO             PET2 Finalizing ESMF
20210815 010541.711 INFO             PET3 !!!!!!!!!!!!!!!!!!!!!!!!!!!!!!!!!!!!!!!!!!!!!!!!!!!!!!
20210815 010541.711 INFO             PET3 !!! THE ESMF_LOG IS SET TO OUTPUT ALL LOG MESSAGES !!!
20210815 010541.711 INFO             PET3 !!!     THIS MAY CAUSE SLOWDOWN IN PERFORMANCE     !!!
20210815 010541.711 INFO             PET3 !!! FOR PRODUCTION RUNS, USE:                      !!!
20210815 010541.711 INFO             PET3 !!!                   ESMF_LOGKIND_Multi_On_Error  !!!
20210815 010541.711 INFO             PET3 !!!!!!!!!!!!!!!!!!!!!!!!!!!!!!!!!!!!!!!!!!!!!!!!!!!!!!
20210815 010541.711 INFO             PET3 Running with ESMF Version   : 8.2.0 beta snapshot
20210815 010541.711 INFO             PET3 ESMF library build date/time: "Aug 15 2021" "00:28:20"
20210815 010541.711 INFO             PET3 ESMF library build location : /lustre/f2/dev/ncep/Mark.Potts/intel_2019.5_mpi_O_develop
20210815 010541.711 INFO             PET3 ESMF_COMM                   : mpi
20210815 010541.712 INFO             PET3 ESMF_MOAB                   : enabled
20210815 010541.712 INFO             PET3 ESMF_LAPACK                 : enabled
20210815 010541.712 INFO             PET3 ESMF_NETCDF                 : enabled
20210815 010541.712 INFO             PET3 ESMF_PNETCDF                : disabled
20210815 010541.712 INFO             PET3 ESMF_PIO                    : enabled
20210815 010541.712 INFO             PET3 ESMF_YAMLCPP                : enabled
20210815 010541.714 INFO             PET3 Log Write 2
20210815 010541.714 ERROR            PET3 Invalid object  - Convergence failure
20210815 010541.714 ERROR            PET3 ESMCI_Fraction.C:1444 ESMCI::Fraction::validate() must have non-zero denominator.
20210815 010541.715 ERROR            PET3 ESMCI_Time.C:838 ESMCI::Time::syncToRealTime() Wrong argument specified  - ; calkindflag is JULIANDAY, MODJULIANDAY or NOCALENDAR.
20210815 010541.715 ERROR            PET3 ESMF_Time.F90:1485 ESMF_TimeSyncToRealTime() Wrong argument specified  - Internal subroutine call returned Error
20210815 010541.715 ERROR            PET3 Wrong argument specified  - getting wall clock time
20210815 010541.726 INFO             PET3  NUMBER_OF_PROCESSORS           4
20210815 010541.726 INFO             PET3  PASS  Example ESMF_LogErrEx, ESMF_LogErrEx.F90, line 186
20210815 010541.726 INFO             PET3 Finalizing ESMF
