build time -- 2021-09-23 00:35:00
20210923 022548.283 INFO             PET0 !!!!!!!!!!!!!!!!!!!!!!!!!!!!!!!!!!!!!!!!!!!!!!!!!!!!!!
20210923 022548.283 INFO             PET0 !!! THE ESMF_LOG IS SET TO OUTPUT ALL LOG MESSAGES !!!
20210923 022548.283 INFO             PET0 !!!     THIS MAY CAUSE SLOWDOWN IN PERFORMANCE     !!!
20210923 022548.283 INFO             PET0 !!! FOR PRODUCTION RUNS, USE:                      !!!
20210923 022548.283 INFO             PET0 !!!                   ESMF_LOGKIND_Multi_On_Error  !!!
20210923 022548.283 INFO             PET0 !!!!!!!!!!!!!!!!!!!!!!!!!!!!!!!!!!!!!!!!!!!!!!!!!!!!!!
20210923 022548.283 INFO             PET0 Running with ESMF Version   : 8.2.0 beta snapshot
20210923 022548.283 INFO             PET0 ESMF library build date/time: "Sep 23 2021" "00:31:23"
20210923 022548.283 INFO             PET0 ESMF library build location : /lustre/f2/dev/ncep/Mark.Potts/intel_2019.5_mpi_O_develop
20210923 022548.283 INFO             PET0 ESMF_COMM                   : mpi
20210923 022548.284 INFO             PET0 ESMF_MOAB                   : enabled
20210923 022548.284 INFO             PET0 ESMF_LAPACK                 : enabled
20210923 022548.284 INFO             PET0 ESMF_NETCDF                 : enabled
20210923 022548.284 INFO             PET0 ESMF_PNETCDF                : disabled
20210923 022548.284 INFO             PET0 ESMF_PIO                    : enabled
20210923 022548.284 INFO             PET0 ESMF_YAMLCPP                : enabled
20210923 022548.618 ERROR            PET0 ESMCI_Info.C:1277 Info::set(<json>) Cannot set value  - Error/Return Code 540 (ESMC_RC_CANNOT_SET) - Key '/myIntegerKey' already in map and force=false.
20210923 022548.618 ERROR            PET0 ESMCI_Info.C:1280 Info::set(<json>) Cannot set value  - Internal subroutine call returned Error
20210923 022548.618 ERROR            PET0 ESMCI_Info.C:1322 Info::set(<json>) Cannot set value  - Internal subroutine call returned Error
20210923 022548.618 ERROR            PET0 ESMCI_Info.C:1325 Info::set(<json>) Cannot set value  - Internal subroutine call returned Error
20210923 022548.618 ERROR            PET0 ESMCI_Info.C:1373 Info::set(<scalar>) Cannot set value  - Internal subroutine call returned Error
20210923 022548.618 ERROR            PET0 ESMC_InfoCDefGeneric.C:387 ESMC_InfoSetI4() Cannot set value  - Internal subroutine call returned Error
20210923 022548.618 ERROR            PET0 ESMF_Info.F90:2866 ESMF_InfoSetI4() Cannot set value  - Internal subroutine call returned Error
20210923 022548.619 INFO             PET0  NUMBER_OF_PROCESSORS           4
20210923 022548.619 INFO             PET0  PASS  Example ESMF_InfoTutorialEx, ESMF_InfoTutorialEx.F90, line 335
20210923 022548.619 INFO             PET0 Finalizing ESMF
20210923 022548.250 INFO             PET1 !!!!!!!!!!!!!!!!!!!!!!!!!!!!!!!!!!!!!!!!!!!!!!!!!!!!!!
20210923 022548.250 INFO             PET1 !!! THE ESMF_LOG IS SET TO OUTPUT ALL LOG MESSAGES !!!
20210923 022548.250 INFO             PET1 !!!     THIS MAY CAUSE SLOWDOWN IN PERFORMANCE     !!!
20210923 022548.250 INFO             PET1 !!! FOR PRODUCTION RUNS, USE:                      !!!
20210923 022548.250 INFO             PET1 !!!                   ESMF_LOGKIND_Multi_On_Error  !!!
20210923 022548.250 INFO             PET1 !!!!!!!!!!!!!!!!!!!!!!!!!!!!!!!!!!!!!!!!!!!!!!!!!!!!!!
20210923 022548.250 INFO             PET1 Running with ESMF Version   : 8.2.0 beta snapshot
20210923 022548.250 INFO             PET1 ESMF library build date/time: "Sep 23 2021" "00:31:23"
20210923 022548.250 INFO             PET1 ESMF library build location : /lustre/f2/dev/ncep/Mark.Potts/intel_2019.5_mpi_O_develop
20210923 022548.250 INFO             PET1 ESMF_COMM                   : mpi
20210923 022548.251 INFO             PET1 ESMF_MOAB                   : enabled
20210923 022548.251 INFO             PET1 ESMF_LAPACK                 : enabled
20210923 022548.251 INFO             PET1 ESMF_NETCDF                 : enabled
20210923 022548.251 INFO             PET1 ESMF_PNETCDF                : disabled
20210923 022548.251 INFO             PET1 ESMF_PIO                    : enabled
20210923 022548.251 INFO             PET1 ESMF_YAMLCPP                : enabled
20210923 022548.618 ERROR            PET1 ESMCI_Info.C:1277 Info::set(<json>) Cannot set value  - Error/Return Code 540 (ESMC_RC_CANNOT_SET) - Key '/myIntegerKey' already in map and force=false.
20210923 022548.618 ERROR            PET1 ESMCI_Info.C:1280 Info::set(<json>) Cannot set value  - Internal subroutine call returned Error
20210923 022548.618 ERROR            PET1 ESMCI_Info.C:1322 Info::set(<json>) Cannot set value  - Internal subroutine call returned Error
20210923 022548.618 ERROR            PET1 ESMCI_Info.C:1325 Info::set(<json>) Cannot set value  - Internal subroutine call returned Error
20210923 022548.618 ERROR            PET1 ESMCI_Info.C:1373 Info::set(<scalar>) Cannot set value  - Internal subroutine call returned Error
20210923 022548.618 ERROR            PET1 ESMC_InfoCDefGeneric.C:387 ESMC_InfoSetI4() Cannot set value  - Internal subroutine call returned Error
20210923 022548.618 ERROR            PET1 ESMF_Info.F90:2866 ESMF_InfoSetI4() Cannot set value  - Internal subroutine call returned Error
20210923 022548.619 INFO             PET1  NUMBER_OF_PROCESSORS           4
20210923 022548.619 INFO             PET1  PASS  Example ESMF_InfoTutorialEx, ESMF_InfoTutorialEx.F90, line 335
20210923 022548.619 INFO             PET1 Finalizing ESMF
20210923 022548.258 INFO             PET2 !!!!!!!!!!!!!!!!!!!!!!!!!!!!!!!!!!!!!!!!!!!!!!!!!!!!!!
20210923 022548.258 INFO             PET2 !!! THE ESMF_LOG IS SET TO OUTPUT ALL LOG MESSAGES !!!
20210923 022548.258 INFO             PET2 !!!     THIS MAY CAUSE SLOWDOWN IN PERFORMANCE     !!!
20210923 022548.258 INFO             PET2 !!! FOR PRODUCTION RUNS, USE:                      !!!
20210923 022548.258 INFO             PET2 !!!                   ESMF_LOGKIND_Multi_On_Error  !!!
20210923 022548.258 INFO             PET2 !!!!!!!!!!!!!!!!!!!!!!!!!!!!!!!!!!!!!!!!!!!!!!!!!!!!!!
20210923 022548.258 INFO             PET2 Running with ESMF Version   : 8.2.0 beta snapshot
20210923 022548.258 INFO             PET2 ESMF library build date/time: "Sep 23 2021" "00:31:23"
20210923 022548.258 INFO             PET2 ESMF library build location : /lustre/f2/dev/ncep/Mark.Potts/intel_2019.5_mpi_O_develop
20210923 022548.258 INFO             PET2 ESMF_COMM                   : mpi
20210923 022548.507 INFO             PET2 ESMF_MOAB                   : enabled
20210923 022548.507 INFO             PET2 ESMF_LAPACK                 : enabled
20210923 022548.507 INFO             PET2 ESMF_NETCDF                 : enabled
20210923 022548.507 INFO             PET2 ESMF_PNETCDF                : disabled
20210923 022548.507 INFO             PET2 ESMF_PIO                    : enabled
20210923 022548.507 INFO             PET2 ESMF_YAMLCPP                : enabled
20210923 022548.618 ERROR            PET2 ESMCI_Info.C:1277 Info::set(<json>) Cannot set value  - Error/Return Code 540 (ESMC_RC_CANNOT_SET) - Key '/myIntegerKey' already in map and force=false.
20210923 022548.634 ERROR            PET2 ESMCI_Info.C:1280 Info::set(<json>) Cannot set value  - Internal subroutine call returned Error
20210923 022548.649 ERROR            PET2 ESMCI_Info.C:1322 Info::set(<json>) Cannot set value  - Internal subroutine call returned Error
20210923 022548.665 ERROR            PET2 ESMCI_Info.C:1325 Info::set(<json>) Cannot set value  - Internal subroutine call returned Error
20210923 022548.686 ERROR            PET2 ESMCI_Info.C:1373 Info::set(<scalar>) Cannot set value  - Internal subroutine call returned Error
20210923 022548.708 ERROR            PET2 ESMC_InfoCDefGeneric.C:387 ESMC_InfoSetI4() Cannot set value  - Internal subroutine call returned Error
20210923 022548.724 ERROR            PET2 ESMF_Info.F90:2866 ESMF_InfoSetI4() Cannot set value  - Internal subroutine call returned Error
20210923 022548.741 INFO             PET2  NUMBER_OF_PROCESSORS           4
20210923 022548.741 INFO             PET2  PASS  Example ESMF_InfoTutorialEx, ESMF_InfoTutorialEx.F90, line 335
20210923 022548.741 INFO             PET2 Finalizing ESMF
20210923 022548.260 INFO             PET3 !!!!!!!!!!!!!!!!!!!!!!!!!!!!!!!!!!!!!!!!!!!!!!!!!!!!!!
20210923 022548.260 INFO             PET3 !!! THE ESMF_LOG IS SET TO OUTPUT ALL LOG MESSAGES !!!
20210923 022548.260 INFO             PET3 !!!     THIS MAY CAUSE SLOWDOWN IN PERFORMANCE     !!!
20210923 022548.260 INFO             PET3 !!! FOR PRODUCTION RUNS, USE:                      !!!
20210923 022548.260 INFO             PET3 !!!                   ESMF_LOGKIND_Multi_On_Error  !!!
20210923 022548.260 INFO             PET3 !!!!!!!!!!!!!!!!!!!!!!!!!!!!!!!!!!!!!!!!!!!!!!!!!!!!!!
20210923 022548.260 INFO             PET3 Running with ESMF Version   : 8.2.0 beta snapshot
20210923 022548.260 INFO             PET3 ESMF library build date/time: "Sep 23 2021" "00:31:23"
20210923 022548.260 INFO             PET3 ESMF library build location : /lustre/f2/dev/ncep/Mark.Potts/intel_2019.5_mpi_O_develop
20210923 022548.260 INFO             PET3 ESMF_COMM                   : mpi
20210923 022548.261 INFO             PET3 ESMF_MOAB                   : enabled
20210923 022548.261 INFO             PET3 ESMF_LAPACK                 : enabled
20210923 022548.261 INFO             PET3 ESMF_NETCDF                 : enabled
20210923 022548.261 INFO             PET3 ESMF_PNETCDF                : disabled
20210923 022548.261 INFO             PET3 ESMF_PIO                    : enabled
20210923 022548.261 INFO             PET3 ESMF_YAMLCPP                : enabled
20210923 022548.618 ERROR            PET3 ESMCI_Info.C:1277 Info::set(<json>) Cannot set value  - Error/Return Code 540 (ESMC_RC_CANNOT_SET) - Key '/myIntegerKey' already in map and force=false.
20210923 022548.618 ERROR            PET3 ESMCI_Info.C:1280 Info::set(<json>) Cannot set value  - Internal subroutine call returned Error
20210923 022548.618 ERROR            PET3 ESMCI_Info.C:1322 Info::set(<json>) Cannot set value  - Internal subroutine call returned Error
20210923 022548.618 ERROR            PET3 ESMCI_Info.C:1325 Info::set(<json>) Cannot set value  - Internal subroutine call returned Error
20210923 022548.618 ERROR            PET3 ESMCI_Info.C:1373 Info::set(<scalar>) Cannot set value  - Internal subroutine call returned Error
20210923 022548.618 ERROR            PET3 ESMC_InfoCDefGeneric.C:387 ESMC_InfoSetI4() Cannot set value  - Internal subroutine call returned Error
20210923 022548.618 ERROR            PET3 ESMF_Info.F90:2866 ESMF_InfoSetI4() Cannot set value  - Internal subroutine call returned Error
20210923 022548.619 INFO             PET3  NUMBER_OF_PROCESSORS           4
20210923 022548.619 INFO             PET3  PASS  Example ESMF_InfoTutorialEx, ESMF_InfoTutorialEx.F90, line 335
20210923 022548.619 INFO             PET3 Finalizing ESMF
