build time -- 2021-05-29 00:35:41
20210529 010753.648 INFO             PET0 !!!!!!!!!!!!!!!!!!!!!!!!!!!!!!!!!!!!!!!!!!!!!!!!!!!!!!
20210529 010753.649 INFO             PET0 !!! THE ESMF_LOG IS SET TO OUTPUT ALL LOG MESSAGES !!!
20210529 010753.649 INFO             PET0 !!!     THIS MAY CAUSE SLOWDOWN IN PERFORMANCE     !!!
20210529 010753.649 INFO             PET0 !!! FOR PRODUCTION RUNS, USE:                      !!!
20210529 010753.649 INFO             PET0 !!!                   ESMF_LOGKIND_Multi_On_Error  !!!
20210529 010753.649 INFO             PET0 !!!!!!!!!!!!!!!!!!!!!!!!!!!!!!!!!!!!!!!!!!!!!!!!!!!!!!
20210529 010753.649 INFO             PET0 Running with ESMF Version   : 8.2.0 beta snapshot
20210529 010753.649 INFO             PET0 ESMF library build date/time: "May 29 2021" "00:34:04"
20210529 010753.649 INFO             PET0 ESMF library build location : /lustre/f2/dev/ncep/Mark.Potts/intel_2019.5_mpi_O_develop
20210529 010753.649 INFO             PET0 ESMF_COMM                   : mpi
20210529 010753.649 INFO             PET0 ESMF_MOAB                   : enabled
20210529 010753.649 INFO             PET0 ESMF_LAPACK                 : enabled
20210529 010753.649 INFO             PET0 ESMF_NETCDF                 : enabled
20210529 010753.649 INFO             PET0 ESMF_PNETCDF                : disabled
20210529 010753.649 INFO             PET0 ESMF_PIO                    : enabled
20210529 010753.650 INFO             PET0 ESMF_YAMLCPP                : enabled
20210529 010753.650 INFO             PET0  NUMBER_OF_PROCESSORS           1
20210529 010753.650 INFO             PET0  PASS  Example ESMF_TimeIntervalEx, ESMF_TimeIntervalEx.F90, line 176
20210529 010753.650 INFO             PET0 Finalizing ESMF
