build time -- 2021-08-18 00:31:13
20210818 010418.790 INFO             PET0 !!!!!!!!!!!!!!!!!!!!!!!!!!!!!!!!!!!!!!!!!!!!!!!!!!!!!!
20210818 010418.790 INFO             PET0 !!! THE ESMF_LOG IS SET TO OUTPUT ALL LOG MESSAGES !!!
20210818 010418.790 INFO             PET0 !!!     THIS MAY CAUSE SLOWDOWN IN PERFORMANCE     !!!
20210818 010418.790 INFO             PET0 !!! FOR PRODUCTION RUNS, USE:                      !!!
20210818 010418.790 INFO             PET0 !!!                   ESMF_LOGKIND_Multi_On_Error  !!!
20210818 010418.790 INFO             PET0 !!!!!!!!!!!!!!!!!!!!!!!!!!!!!!!!!!!!!!!!!!!!!!!!!!!!!!
20210818 010418.790 INFO             PET0 Running with ESMF Version   : 8.2.0 beta snapshot
20210818 010418.790 INFO             PET0 ESMF library build date/time: "Aug 18 2021" "00:29:21"
20210818 010418.790 INFO             PET0 ESMF library build location : /lustre/f2/dev/ncep/Mark.Potts/intel_2019.5_mpi_O_develop
20210818 010418.790 INFO             PET0 ESMF_COMM                   : mpi
20210818 010418.791 INFO             PET0 ESMF_MOAB                   : enabled
20210818 010418.791 INFO             PET0 ESMF_LAPACK                 : enabled
20210818 010418.791 INFO             PET0 ESMF_NETCDF                 : enabled
20210818 010418.791 INFO             PET0 ESMF_PNETCDF                : disabled
20210818 010418.791 INFO             PET0 ESMF_PIO                    : enabled
20210818 010418.791 INFO             PET0 ESMF_YAMLCPP                : enabled
20210818 010418.839 WARNING          PET0 ESMF_IOScrip.F90:4704 ESMF_EsmfGetElement Variable centerCoords in data/ne4np4-esmf.nc does not exist
20210818 010418.871 INFO             PET0  NUMBER_OF_PROCESSORS           4
20210818 010418.871 INFO             PET0  PASS  Example ESMF_MeshEx, ESMF_MeshEx.F90, line 1795
20210818 010418.871 INFO             PET0 Finalizing ESMF
20210818 010418.777 INFO             PET1 !!!!!!!!!!!!!!!!!!!!!!!!!!!!!!!!!!!!!!!!!!!!!!!!!!!!!!
20210818 010418.777 INFO             PET1 !!! THE ESMF_LOG IS SET TO OUTPUT ALL LOG MESSAGES !!!
20210818 010418.777 INFO             PET1 !!!     THIS MAY CAUSE SLOWDOWN IN PERFORMANCE     !!!
20210818 010418.777 INFO             PET1 !!! FOR PRODUCTION RUNS, USE:                      !!!
20210818 010418.777 INFO             PET1 !!!                   ESMF_LOGKIND_Multi_On_Error  !!!
20210818 010418.777 INFO             PET1 !!!!!!!!!!!!!!!!!!!!!!!!!!!!!!!!!!!!!!!!!!!!!!!!!!!!!!
20210818 010418.777 INFO             PET1 Running with ESMF Version   : 8.2.0 beta snapshot
20210818 010418.777 INFO             PET1 ESMF library build date/time: "Aug 18 2021" "00:29:21"
20210818 010418.777 INFO             PET1 ESMF library build location : /lustre/f2/dev/ncep/Mark.Potts/intel_2019.5_mpi_O_develop
20210818 010418.777 INFO             PET1 ESMF_COMM                   : mpi
20210818 010418.779 INFO             PET1 ESMF_MOAB                   : enabled
20210818 010418.779 INFO             PET1 ESMF_LAPACK                 : enabled
20210818 010418.779 INFO             PET1 ESMF_NETCDF                 : enabled
20210818 010418.779 INFO             PET1 ESMF_PNETCDF                : disabled
20210818 010418.779 INFO             PET1 ESMF_PIO                    : enabled
20210818 010418.779 INFO             PET1 ESMF_YAMLCPP                : enabled
20210818 010418.840 WARNING          PET1 ESMF_IOScrip.F90:4704 ESMF_EsmfGetElement Variable centerCoords in data/ne4np4-esmf.nc does not exist
20210818 010418.871 INFO             PET1  NUMBER_OF_PROCESSORS           4
20210818 010418.871 INFO             PET1  PASS  Example ESMF_MeshEx, ESMF_MeshEx.F90, line 1795
20210818 010418.871 INFO             PET1 Finalizing ESMF
20210818 010418.784 INFO             PET2 !!!!!!!!!!!!!!!!!!!!!!!!!!!!!!!!!!!!!!!!!!!!!!!!!!!!!!
20210818 010418.784 INFO             PET2 !!! THE ESMF_LOG IS SET TO OUTPUT ALL LOG MESSAGES !!!
20210818 010418.784 INFO             PET2 !!!     THIS MAY CAUSE SLOWDOWN IN PERFORMANCE     !!!
20210818 010418.784 INFO             PET2 !!! FOR PRODUCTION RUNS, USE:                      !!!
20210818 010418.784 INFO             PET2 !!!                   ESMF_LOGKIND_Multi_On_Error  !!!
20210818 010418.784 INFO             PET2 !!!!!!!!!!!!!!!!!!!!!!!!!!!!!!!!!!!!!!!!!!!!!!!!!!!!!!
20210818 010418.784 INFO             PET2 Running with ESMF Version   : 8.2.0 beta snapshot
20210818 010418.784 INFO             PET2 ESMF library build date/time: "Aug 18 2021" "00:29:21"
20210818 010418.784 INFO             PET2 ESMF library build location : /lustre/f2/dev/ncep/Mark.Potts/intel_2019.5_mpi_O_develop
20210818 010418.784 INFO             PET2 ESMF_COMM                   : mpi
20210818 010418.785 INFO             PET2 ESMF_MOAB                   : enabled
20210818 010418.785 INFO             PET2 ESMF_LAPACK                 : enabled
20210818 010418.785 INFO             PET2 ESMF_NETCDF                 : enabled
20210818 010418.785 INFO             PET2 ESMF_PNETCDF                : disabled
20210818 010418.785 INFO             PET2 ESMF_PIO                    : enabled
20210818 010418.785 INFO             PET2 ESMF_YAMLCPP                : enabled
20210818 010418.840 WARNING          PET2 ESMF_IOScrip.F90:4704 ESMF_EsmfGetElement Variable centerCoords in data/ne4np4-esmf.nc does not exist
20210818 010418.871 INFO             PET2  NUMBER_OF_PROCESSORS           4
20210818 010418.871 INFO             PET2  PASS  Example ESMF_MeshEx, ESMF_MeshEx.F90, line 1795
20210818 010418.871 INFO             PET2 Finalizing ESMF
20210818 010418.775 INFO             PET3 !!!!!!!!!!!!!!!!!!!!!!!!!!!!!!!!!!!!!!!!!!!!!!!!!!!!!!
20210818 010418.775 INFO             PET3 !!! THE ESMF_LOG IS SET TO OUTPUT ALL LOG MESSAGES !!!
20210818 010418.775 INFO             PET3 !!!     THIS MAY CAUSE SLOWDOWN IN PERFORMANCE     !!!
20210818 010418.775 INFO             PET3 !!! FOR PRODUCTION RUNS, USE:                      !!!
20210818 010418.775 INFO             PET3 !!!                   ESMF_LOGKIND_Multi_On_Error  !!!
20210818 010418.775 INFO             PET3 !!!!!!!!!!!!!!!!!!!!!!!!!!!!!!!!!!!!!!!!!!!!!!!!!!!!!!
20210818 010418.775 INFO             PET3 Running with ESMF Version   : 8.2.0 beta snapshot
20210818 010418.775 INFO             PET3 ESMF library build date/time: "Aug 18 2021" "00:29:21"
20210818 010418.775 INFO             PET3 ESMF library build location : /lustre/f2/dev/ncep/Mark.Potts/intel_2019.5_mpi_O_develop
20210818 010418.775 INFO             PET3 ESMF_COMM                   : mpi
20210818 010418.777 INFO             PET3 ESMF_MOAB                   : enabled
20210818 010418.777 INFO             PET3 ESMF_LAPACK                 : enabled
20210818 010418.777 INFO             PET3 ESMF_NETCDF                 : enabled
20210818 010418.777 INFO             PET3 ESMF_PNETCDF                : disabled
20210818 010418.777 INFO             PET3 ESMF_PIO                    : enabled
20210818 010418.777 INFO             PET3 ESMF_YAMLCPP                : enabled
20210818 010418.840 WARNING          PET3 ESMF_IOScrip.F90:4704 ESMF_EsmfGetElement Variable centerCoords in data/ne4np4-esmf.nc does not exist
20210818 010418.871 INFO             PET3  NUMBER_OF_PROCESSORS           4
20210818 010418.871 INFO             PET3  PASS  Example ESMF_MeshEx, ESMF_MeshEx.F90, line 1795
20210818 010418.871 INFO             PET3 Finalizing ESMF
