build time -- 2021-06-06 06:47:55
20210606 071855.720 INFO             PET0 !!!!!!!!!!!!!!!!!!!!!!!!!!!!!!!!!!!!!!!!!!!!!!!!!!!!!!
20210606 071855.720 INFO             PET0 !!! THE ESMF_LOG IS SET TO OUTPUT ALL LOG MESSAGES !!!
20210606 071855.720 INFO             PET0 !!!     THIS MAY CAUSE SLOWDOWN IN PERFORMANCE     !!!
20210606 071855.720 INFO             PET0 !!! FOR PRODUCTION RUNS, USE:                      !!!
20210606 071855.720 INFO             PET0 !!!                   ESMF_LOGKIND_Multi_On_Error  !!!
20210606 071855.720 INFO             PET0 !!!!!!!!!!!!!!!!!!!!!!!!!!!!!!!!!!!!!!!!!!!!!!!!!!!!!!
20210606 071855.720 INFO             PET0 Running with ESMF Version   : ESMF_8_2_0_beta_snapshot_10-4-g5723c9f789
20210606 071855.720 INFO             PET0 ESMF library build date/time: "Jun  6 2021" "06:46:27"
20210606 071855.720 INFO             PET0 ESMF library build location : /scratch1/NCEPDEV/stmp2/Mark.Potts/intel_18.0.4_mpiuni_O_develop
20210606 071855.720 INFO             PET0 ESMF_COMM                   : mpiuni
20210606 071855.720 INFO             PET0 ESMF_MOAB                   : enabled
20210606 071855.720 INFO             PET0 ESMF_LAPACK                 : enabled
20210606 071855.721 INFO             PET0 ESMF_NETCDF                 : enabled
20210606 071855.721 INFO             PET0 ESMF_PNETCDF                : disabled
20210606 071855.721 INFO             PET0 ESMF_PIO                    : disabled
20210606 071855.721 INFO             PET0 ESMF_YAMLCPP                : enabled
20210606 071855.736 INFO             PET0  NUMBER_OF_PROCESSORS           1
20210606 071855.737 INFO             PET0  PASS  Example ESMF_RHandleReusabilityEx, ESMF_RHandleReusabilityEx.F90, line 582
20210606 071855.737 INFO             PET0 Finalizing ESMF
