build time -- 2021-09-06 06:26:54
20210906 065239.308 INFO             PET0 !!!!!!!!!!!!!!!!!!!!!!!!!!!!!!!!!!!!!!!!!!!!!!!!!!!!!!
20210906 065239.308 INFO             PET0 !!! THE ESMF_LOG IS SET TO OUTPUT ALL LOG MESSAGES !!!
20210906 065239.308 INFO             PET0 !!!     THIS MAY CAUSE SLOWDOWN IN PERFORMANCE     !!!
20210906 065239.308 INFO             PET0 !!! FOR PRODUCTION RUNS, USE:                      !!!
20210906 065239.308 INFO             PET0 !!!                   ESMF_LOGKIND_Multi_On_Error  !!!
20210906 065239.308 INFO             PET0 !!!!!!!!!!!!!!!!!!!!!!!!!!!!!!!!!!!!!!!!!!!!!!!!!!!!!!
20210906 065239.308 INFO             PET0 Running with ESMF Version   : ESMF_8_2_0_beta_snapshot_18-42-gb11ffe55a6
20210906 065239.308 INFO             PET0 ESMF library build date/time: "Sep  6 2021" "06:25:23"
20210906 065239.308 INFO             PET0 ESMF library build location : /scratch1/NCEPDEV/stmp2/Mark.Potts/intel_18.0.4_mpiuni_O_develop
20210906 065239.308 INFO             PET0 ESMF_COMM                   : mpiuni
20210906 065239.309 INFO             PET0 ESMF_MOAB                   : enabled
20210906 065239.309 INFO             PET0 ESMF_LAPACK                 : enabled
20210906 065239.309 INFO             PET0 ESMF_NETCDF                 : enabled
20210906 065239.309 INFO             PET0 ESMF_PNETCDF                : disabled
20210906 065239.309 INFO             PET0 ESMF_PIO                    : disabled
20210906 065239.309 INFO             PET0 ESMF_YAMLCPP                : enabled
20210906 065239.310 INFO             PET0  NUMBER_OF_PROCESSORS           1
20210906 065239.310 INFO             PET0  PASS  Example ESMF_ArraySpecEx, ESMF_ArraySpecEx.F90, line 96
20210906 065239.310 INFO             PET0 Finalizing ESMF
