build time -- 2021-09-21 08:29:08
20210921 085445.523 INFO             PET0 !!!!!!!!!!!!!!!!!!!!!!!!!!!!!!!!!!!!!!!!!!!!!!!!!!!!!!
20210921 085445.523 INFO             PET0 !!! THE ESMF_LOG IS SET TO OUTPUT ALL LOG MESSAGES !!!
20210921 085445.523 INFO             PET0 !!!     THIS MAY CAUSE SLOWDOWN IN PERFORMANCE     !!!
20210921 085445.523 INFO             PET0 !!! FOR PRODUCTION RUNS, USE:                      !!!
20210921 085445.523 INFO             PET0 !!!                   ESMF_LOGKIND_Multi_On_Error  !!!
20210921 085445.523 INFO             PET0 !!!!!!!!!!!!!!!!!!!!!!!!!!!!!!!!!!!!!!!!!!!!!!!!!!!!!!
20210921 085445.523 INFO             PET0 Running with ESMF Version   : ESMF_8_2_0_beta_snapshot_19-2-ge6c8eaf7fe
20210921 085445.523 INFO             PET0 ESMF library build date/time: "Sep 21 2021" "08:27:36"
20210921 085445.523 INFO             PET0 ESMF library build location : /scratch1/NCEPDEV/stmp2/Mark.Potts/intel_18.0.4_mpiuni_O_develop
20210921 085445.523 INFO             PET0 ESMF_COMM                   : mpiuni
20210921 085445.524 INFO             PET0 ESMF_MOAB                   : enabled
20210921 085445.524 INFO             PET0 ESMF_LAPACK                 : enabled
20210921 085445.524 INFO             PET0 ESMF_NETCDF                 : enabled
20210921 085445.524 INFO             PET0 ESMF_PNETCDF                : disabled
20210921 085445.524 INFO             PET0 ESMF_PIO                    : disabled
20210921 085445.524 INFO             PET0 ESMF_YAMLCPP                : enabled
20210921 085445.525 INFO             PET0  NUMBER_OF_PROCESSORS           1
20210921 085445.525 INFO             PET0  PASS  Example ESMF_InternalStateModEx, ESMF_InternalStateModEx.F90, line 239
20210921 085445.525 INFO             PET0 Finalizing ESMF
