20210831 082856.753 INFO             PET0 !!!!!!!!!!!!!!!!!!!!!!!!!!!!!!!!!!!!!!!!!!!!!!!!!!!!!!
20210831 082856.754 INFO             PET0 !!! THE ESMF_LOG IS SET TO OUTPUT ALL LOG MESSAGES !!!
20210831 082856.754 INFO             PET0 !!!     THIS MAY CAUSE SLOWDOWN IN PERFORMANCE     !!!
20210831 082856.754 INFO             PET0 !!! FOR PRODUCTION RUNS, USE:                      !!!
20210831 082856.754 INFO             PET0 !!!                   ESMF_LOGKIND_Multi_On_Error  !!!
20210831 082856.754 INFO             PET0 !!!!!!!!!!!!!!!!!!!!!!!!!!!!!!!!!!!!!!!!!!!!!!!!!!!!!!
20210831 082856.754 INFO             PET0 Running with ESMF Version   : ESMF_8_2_0_beta_snapshot_18-1-gbf96d6e06d
20210831 082856.754 INFO             PET0 ESMF library build date/time: "Aug 31 2021" "07:48:14"
20210831 082856.754 INFO             PET0 ESMF library build location : /scratch1/NCEPDEV/stmp2/Mark.Potts/intel_18.0.4_mpiuni_O_develop
20210831 082856.754 INFO             PET0 ESMF_COMM                   : mpiuni
20210831 082856.755 INFO             PET0 ESMF_MOAB                   : enabled
20210831 082856.755 INFO             PET0 ESMF_LAPACK                 : enabled
20210831 082856.755 INFO             PET0 ESMF_NETCDF                 : enabled
20210831 082856.755 INFO             PET0 ESMF_PNETCDF                : disabled
20210831 082856.755 INFO             PET0 ESMF_PIO                    : disabled
20210831 082856.755 INFO             PET0 ESMF_YAMLCPP                : enabled
20210831 082856.755 INFO             PET0 ESMF Tracing Enabled
20210831 082856.755 INFO             PET0 ESMF Profiling Enabled
20210831 082856.755 INFO             PET0 ESMF Trace/Profile clock: REALTIME
20210831 082856.757 INFO             PET0  NUMBER_OF_PROCESSORS           1
20210831 082856.757 INFO             PET0  PASS  Example ESMF_TraceUserEx, ESMF_TraceUserEx.F90, line 125
20210831 082856.757 INFO             PET0 Finalizing ESMF
20210831 082856.757 INFO             PET0 **************** Region Timings *******************
20210831 082856.757 INFO             PET0 Region              Count  Total (s)   Self (s)    Mean (s)    Min (s)     Max (s)
20210831 082856.757 INFO             PET0   outer_region      1      0.0001      0.0000      0.0001      0.0001      0.0001
20210831 082856.757 INFO             PET0     inner_region_1  10     0.0000      0.0000      0.0000      0.0000      0.0000
20210831 082856.757 INFO             PET0     inner_region_2  10     0.0000      0.0000      0.0000      0.0000      0.0000
