build time -- 2021-06-01 08:01:52
20210601 090933.089 INFO             PET0 !!!!!!!!!!!!!!!!!!!!!!!!!!!!!!!!!!!!!!!!!!!!!!!!!!!!!!
20210601 090933.089 INFO             PET0 !!! THE ESMF_LOG IS SET TO OUTPUT ALL LOG MESSAGES !!!
20210601 090933.089 INFO             PET0 !!!     THIS MAY CAUSE SLOWDOWN IN PERFORMANCE     !!!
20210601 090933.089 INFO             PET0 !!! FOR PRODUCTION RUNS, USE:                      !!!
20210601 090933.089 INFO             PET0 !!!                   ESMF_LOGKIND_Multi_On_Error  !!!
20210601 090933.089 INFO             PET0 !!!!!!!!!!!!!!!!!!!!!!!!!!!!!!!!!!!!!!!!!!!!!!!!!!!!!!
20210601 090933.089 INFO             PET0 Running with ESMF Version   : ESMF_8_2_0_beta_snapshot_10-3-g469be43409
20210601 090933.089 INFO             PET0 ESMF library build date/time: "Jun  1 2021" "08:00:20"
20210601 090933.089 INFO             PET0 ESMF library build location : /scratch1/NCEPDEV/stmp2/Mark.Potts/intel_18.0.4_mpiuni_O_develop
20210601 090933.089 INFO             PET0 ESMF_COMM                   : mpiuni
20210601 090933.090 INFO             PET0 ESMF_MOAB                   : enabled
20210601 090933.090 INFO             PET0 ESMF_LAPACK                 : enabled
20210601 090933.090 INFO             PET0 ESMF_NETCDF                 : enabled
20210601 090933.090 INFO             PET0 ESMF_PNETCDF                : disabled
20210601 090933.090 INFO             PET0 ESMF_PIO                    : disabled
20210601 090933.090 INFO             PET0 ESMF_YAMLCPP                : enabled
20210601 090933.090 INFO             PET0 ESMF Tracing Enabled
20210601 090933.090 INFO             PET0 ESMF Profiling Enabled
20210601 090933.090 INFO             PET0 ESMF Trace/Profile clock: REALTIME
20210601 090933.093 INFO             PET0  NUMBER_OF_PROCESSORS           1
20210601 090933.093 INFO             PET0  PASS  Example ESMF_TraceEx, ESMF_TraceEx.F90, line 178
20210601 090933.093 INFO             PET0 Finalizing ESMF
20210601 090933.093 INFO             PET0 **************** Region Timings *******************
20210601 090933.093 INFO             PET0 Region              Count  Total (s)   Self (s)    Mean (s)    Min (s)     Max (s)
20210601 090933.093 INFO             PET0   [test] Run 1      5      0.0000      0.0000      0.0000      0.0000      0.0000
20210601 090933.093 INFO             PET0   [test] Init 1     1      0.0000      0.0000      0.0000      0.0000      0.0000
20210601 090933.093 INFO             PET0   [test] Final 1    1      0.0000      0.0000      0.0000      0.0000      0.0000
