build time -- 2021-09-05 06:05:16
20210905 063752.755 INFO             PET0 !!!!!!!!!!!!!!!!!!!!!!!!!!!!!!!!!!!!!!!!!!!!!!!!!!!!!!
20210905 063752.755 INFO             PET0 !!! THE ESMF_LOG IS SET TO OUTPUT ALL LOG MESSAGES !!!
20210905 063752.755 INFO             PET0 !!!     THIS MAY CAUSE SLOWDOWN IN PERFORMANCE     !!!
20210905 063752.755 INFO             PET0 !!! FOR PRODUCTION RUNS, USE:                      !!!
20210905 063752.755 INFO             PET0 !!!                   ESMF_LOGKIND_Multi_On_Error  !!!
20210905 063752.755 INFO             PET0 !!!!!!!!!!!!!!!!!!!!!!!!!!!!!!!!!!!!!!!!!!!!!!!!!!!!!!
20210905 063752.755 INFO             PET0 Running with ESMF Version   : ESMF_8_2_0_beta_snapshot_18-42-gb11ffe55a6
20210905 063752.755 INFO             PET0 ESMF library build date/time: "Sep  5 2021" "06:03:44"
20210905 063752.755 INFO             PET0 ESMF library build location : /scratch1/NCEPDEV/stmp2/Mark.Potts/intel_18.0.4_mpiuni_O_develop
20210905 063752.755 INFO             PET0 ESMF_COMM                   : mpiuni
20210905 063752.756 INFO             PET0 ESMF_MOAB                   : enabled
20210905 063752.756 INFO             PET0 ESMF_LAPACK                 : enabled
20210905 063752.756 INFO             PET0 ESMF_NETCDF                 : enabled
20210905 063752.756 INFO             PET0 ESMF_PNETCDF                : disabled
20210905 063752.756 INFO             PET0 ESMF_PIO                    : disabled
20210905 063752.756 INFO             PET0 ESMF_YAMLCPP                : enabled
20210905 063752.757 INFO             PET0  NUMBER_OF_PROCESSORS           1
20210905 063752.758 INFO             PET0  PASS  Example ESMF_GridCreateRegFromDGEx, ESMF_GridCreateRegFromDGEx.F90, line 112
20210905 063752.758 INFO             PET0 Finalizing ESMF
