build time -- 2021-09-28 06:03:36
20210928 062533.957 INFO             PET0 !!!!!!!!!!!!!!!!!!!!!!!!!!!!!!!!!!!!!!!!!!!!!!!!!!!!!!
20210928 062533.958 INFO             PET0 !!! THE ESMF_LOG IS SET TO OUTPUT ALL LOG MESSAGES !!!
20210928 062533.958 INFO             PET0 !!!     THIS MAY CAUSE SLOWDOWN IN PERFORMANCE     !!!
20210928 062533.958 INFO             PET0 !!! FOR PRODUCTION RUNS, USE:                      !!!
20210928 062533.958 INFO             PET0 !!!                   ESMF_LOGKIND_Multi_On_Error  !!!
20210928 062533.958 INFO             PET0 !!!!!!!!!!!!!!!!!!!!!!!!!!!!!!!!!!!!!!!!!!!!!!!!!!!!!!
20210928 062533.958 INFO             PET0 Running with ESMF Version   : ESMF_8_2_0_beta_snapshot_19-14-gd25d6808ff
20210928 062533.958 INFO             PET0 ESMF library build date/time: "Sep 28 2021" "06:01:57"
20210928 062533.958 INFO             PET0 ESMF library build location : /scratch1/NCEPDEV/stmp2/Mark.Potts/intel_18.0.4_mpiuni_O_develop
20210928 062533.958 INFO             PET0 ESMF_COMM                   : mpiuni
20210928 062533.959 INFO             PET0 ESMF_MOAB                   : enabled
20210928 062533.959 INFO             PET0 ESMF_LAPACK                 : enabled
20210928 062533.959 INFO             PET0 ESMF_NETCDF                 : enabled
20210928 062533.959 INFO             PET0 ESMF_PNETCDF                : disabled
20210928 062533.959 INFO             PET0 ESMF_PIO                    : disabled
20210928 062533.959 INFO             PET0 ESMF_YAMLCPP                : enabled
20210928 062533.961 INFO             PET0  NUMBER_OF_PROCESSORS           1
20210928 062533.961 INFO             PET0  PASS  Example ESMF_GCompEx, ESMF_GCompEx.F90, line 465
20210928 062533.961 INFO             PET0 Finalizing ESMF
