build time -- 2021-09-12 06:23:12
20210912 065120.614 INFO             PET0 !!!!!!!!!!!!!!!!!!!!!!!!!!!!!!!!!!!!!!!!!!!!!!!!!!!!!!
20210912 065120.614 INFO             PET0 !!! THE ESMF_LOG IS SET TO OUTPUT ALL LOG MESSAGES !!!
20210912 065120.614 INFO             PET0 !!!     THIS MAY CAUSE SLOWDOWN IN PERFORMANCE     !!!
20210912 065120.614 INFO             PET0 !!! FOR PRODUCTION RUNS, USE:                      !!!
20210912 065120.614 INFO             PET0 !!!                   ESMF_LOGKIND_Multi_On_Error  !!!
20210912 065120.614 INFO             PET0 !!!!!!!!!!!!!!!!!!!!!!!!!!!!!!!!!!!!!!!!!!!!!!!!!!!!!!
20210912 065120.614 INFO             PET0 Running with ESMF Version   : ESMF_8_2_0_beta_snapshot_18-42-gb11ffe55a6
20210912 065120.614 INFO             PET0 ESMF library build date/time: "Sep 12 2021" "06:22:14"
20210912 065120.614 INFO             PET0 ESMF library build location : /scratch1/NCEPDEV/stmp2/Mark.Potts/gfortran_9.2.0b_intelmpi_O_develop
20210912 065120.614 INFO             PET0 ESMF_COMM                   : intelmpi
20210912 065120.616 INFO             PET0 ESMF_MOAB                   : enabled
20210912 065120.616 INFO             PET0 ESMF_LAPACK                 : enabled
20210912 065120.616 INFO             PET0 ESMF_NETCDF                 : disabled
20210912 065120.616 INFO             PET0 ESMF_PNETCDF                : disabled
20210912 065120.616 INFO             PET0 ESMF_PIO                    : enabled
20210912 065120.616 INFO             PET0 ESMF_YAMLCPP                : enabled
20210912 065120.617 INFO             PET0  NUMBER_OF_PROCESSORS           1
20210912 065120.617 INFO             PET0  PASS  Example ESMF_TimeEx, ESMF_TimeEx.F90, line 141
20210912 065120.617 INFO             PET0 Finalizing ESMF
