20210723 064517.409 INFO             PET0 !!!!!!!!!!!!!!!!!!!!!!!!!!!!!!!!!!!!!!!!!!!!!!!!!!!!!!
20210723 064517.409 INFO             PET0 !!! THE ESMF_LOG IS SET TO OUTPUT ALL LOG MESSAGES !!!
20210723 064517.409 INFO             PET0 !!!     THIS MAY CAUSE SLOWDOWN IN PERFORMANCE     !!!
20210723 064517.409 INFO             PET0 !!! FOR PRODUCTION RUNS, USE:                      !!!
20210723 064517.409 INFO             PET0 !!!                   ESMF_LOGKIND_Multi_On_Error  !!!
20210723 064517.409 INFO             PET0 !!!!!!!!!!!!!!!!!!!!!!!!!!!!!!!!!!!!!!!!!!!!!!!!!!!!!!
20210723 064517.409 INFO             PET0 Running with ESMF Version   : ESMF_8_2_0_beta_snapshot_14
20210723 064517.409 INFO             PET0 ESMF library build date/time: "Jul 23 2021" "06:11:19"
20210723 064517.409 INFO             PET0 ESMF library build location : /scratch1/NCEPDEV/stmp2/Mark.Potts/gfortran_9.2.0b_intelmpi_O_develop
20210723 064517.409 INFO             PET0 ESMF_COMM                   : intelmpi
20210723 064517.412 INFO             PET0 ESMF_MOAB                   : enabled
20210723 064517.412 INFO             PET0 ESMF_LAPACK                 : enabled
20210723 064517.412 INFO             PET0 ESMF_NETCDF                 : disabled
20210723 064517.412 INFO             PET0 ESMF_PNETCDF                : disabled
20210723 064517.412 INFO             PET0 ESMF_PIO                    : enabled
20210723 064517.412 INFO             PET0 ESMF_YAMLCPP                : enabled
20210723 064517.412 INFO             PET0  NUMBER_OF_PROCESSORS           4
20210723 064517.412 INFO             PET0  PASS  Example ESMF_VMUserMpiCommMultiEx, ESMF_VMUserMpiCommMultiEx.F90, line 126
20210723 064517.412 INFO             PET0 Finalizing ESMF
20210723 064517.410 INFO             PET0 !!!!!!!!!!!!!!!!!!!!!!!!!!!!!!!!!!!!!!!!!!!!!!!!!!!!!!
20210723 064517.410 INFO             PET0 !!! THE ESMF_LOG IS SET TO OUTPUT ALL LOG MESSAGES !!!
20210723 064517.410 INFO             PET0 !!!     THIS MAY CAUSE SLOWDOWN IN PERFORMANCE     !!!
20210723 064517.410 INFO             PET0 !!! FOR PRODUCTION RUNS, USE:                      !!!
20210723 064517.410 INFO             PET0 !!!                   ESMF_LOGKIND_Multi_On_Error  !!!
20210723 064517.410 INFO             PET0 !!!!!!!!!!!!!!!!!!!!!!!!!!!!!!!!!!!!!!!!!!!!!!!!!!!!!!
20210723 064517.410 INFO             PET0 Running with ESMF Version   : ESMF_8_2_0_beta_snapshot_14
20210723 064517.410 INFO             PET0 ESMF library build date/time: "Jul 23 2021" "06:11:19"
20210723 064517.410 INFO             PET0 ESMF library build location : /scratch1/NCEPDEV/stmp2/Mark.Potts/gfortran_9.2.0b_intelmpi_O_develop
20210723 064517.410 INFO             PET0 ESMF_COMM                   : intelmpi
20210723 064517.411 INFO             PET0 ESMF_MOAB                   : enabled
20210723 064517.411 INFO             PET0 ESMF_LAPACK                 : enabled
20210723 064517.411 INFO             PET0 ESMF_NETCDF                 : disabled
20210723 064517.411 INFO             PET0 ESMF_PNETCDF                : disabled
20210723 064517.411 INFO             PET0 ESMF_PIO                    : enabled
20210723 064517.411 INFO             PET0 ESMF_YAMLCPP                : enabled
20210723 064517.412 INFO             PET0  NUMBER_OF_PROCESSORS           4
20210723 064517.412 INFO             PET0  PASS  Example ESMF_VMUserMpiCommMultiEx, ESMF_VMUserMpiCommMultiEx.F90, line 154
20210723 064517.412 INFO             PET0 Finalizing ESMF
20210723 064517.410 INFO             PET1 !!!!!!!!!!!!!!!!!!!!!!!!!!!!!!!!!!!!!!!!!!!!!!!!!!!!!!
20210723 064517.410 INFO             PET1 !!! THE ESMF_LOG IS SET TO OUTPUT ALL LOG MESSAGES !!!
20210723 064517.410 INFO             PET1 !!!     THIS MAY CAUSE SLOWDOWN IN PERFORMANCE     !!!
20210723 064517.411 INFO             PET1 !!! FOR PRODUCTION RUNS, USE:                      !!!
20210723 064517.411 INFO             PET1 !!!                   ESMF_LOGKIND_Multi_On_Error  !!!
20210723 064517.411 INFO             PET1 !!!!!!!!!!!!!!!!!!!!!!!!!!!!!!!!!!!!!!!!!!!!!!!!!!!!!!
20210723 064517.411 INFO             PET1 Running with ESMF Version   : ESMF_8_2_0_beta_snapshot_14
20210723 064517.411 INFO             PET1 ESMF library build date/time: "Jul 23 2021" "06:11:19"
20210723 064517.411 INFO             PET1 ESMF library build location : /scratch1/NCEPDEV/stmp2/Mark.Potts/gfortran_9.2.0b_intelmpi_O_develop
20210723 064517.411 INFO             PET1 ESMF_COMM                   : intelmpi
20210723 064517.412 INFO             PET1 ESMF_MOAB                   : enabled
20210723 064517.412 INFO             PET1 ESMF_LAPACK                 : enabled
20210723 064517.412 INFO             PET1 ESMF_NETCDF                 : disabled
20210723 064517.412 INFO             PET1 ESMF_PNETCDF                : disabled
20210723 064517.412 INFO             PET1 ESMF_PIO                    : enabled
20210723 064517.412 INFO             PET1 ESMF_YAMLCPP                : enabled
20210723 064517.412 INFO             PET1  NUMBER_OF_PROCESSORS           4
20210723 064517.412 INFO             PET1  PASS  Example ESMF_VMUserMpiCommMultiEx, ESMF_VMUserMpiCommMultiEx.F90, line 126
20210723 064517.412 INFO             PET1 Finalizing ESMF
20210723 064517.410 INFO             PET1 !!!!!!!!!!!!!!!!!!!!!!!!!!!!!!!!!!!!!!!!!!!!!!!!!!!!!!
20210723 064517.410 INFO             PET1 !!! THE ESMF_LOG IS SET TO OUTPUT ALL LOG MESSAGES !!!
20210723 064517.410 INFO             PET1 !!!     THIS MAY CAUSE SLOWDOWN IN PERFORMANCE     !!!
20210723 064517.410 INFO             PET1 !!! FOR PRODUCTION RUNS, USE:                      !!!
20210723 064517.410 INFO             PET1 !!!                   ESMF_LOGKIND_Multi_On_Error  !!!
20210723 064517.410 INFO             PET1 !!!!!!!!!!!!!!!!!!!!!!!!!!!!!!!!!!!!!!!!!!!!!!!!!!!!!!
20210723 064517.410 INFO             PET1 Running with ESMF Version   : ESMF_8_2_0_beta_snapshot_14
20210723 064517.410 INFO             PET1 ESMF library build date/time: "Jul 23 2021" "06:11:19"
20210723 064517.410 INFO             PET1 ESMF library build location : /scratch1/NCEPDEV/stmp2/Mark.Potts/gfortran_9.2.0b_intelmpi_O_develop
20210723 064517.410 INFO             PET1 ESMF_COMM                   : intelmpi
20210723 064517.412 INFO             PET1 ESMF_MOAB                   : enabled
20210723 064517.412 INFO             PET1 ESMF_LAPACK                 : enabled
20210723 064517.412 INFO             PET1 ESMF_NETCDF                 : disabled
20210723 064517.412 INFO             PET1 ESMF_PNETCDF                : disabled
20210723 064517.412 INFO             PET1 ESMF_PIO                    : enabled
20210723 064517.412 INFO             PET1 ESMF_YAMLCPP                : enabled
20210723 064517.412 INFO             PET1  NUMBER_OF_PROCESSORS           4
20210723 064517.412 INFO             PET1  PASS  Example ESMF_VMUserMpiCommMultiEx, ESMF_VMUserMpiCommMultiEx.F90, line 154
20210723 064517.412 INFO             PET1 Finalizing ESMF
