build time -- 2021-09-08 06:17:41
20210908 065037.825 INFO             PET0 !!!!!!!!!!!!!!!!!!!!!!!!!!!!!!!!!!!!!!!!!!!!!!!!!!!!!!
20210908 065037.825 INFO             PET0 !!! THE ESMF_LOG IS SET TO OUTPUT ALL LOG MESSAGES !!!
20210908 065037.825 INFO             PET0 !!!     THIS MAY CAUSE SLOWDOWN IN PERFORMANCE     !!!
20210908 065037.825 INFO             PET0 !!! FOR PRODUCTION RUNS, USE:                      !!!
20210908 065037.825 INFO             PET0 !!!                   ESMF_LOGKIND_Multi_On_Error  !!!
20210908 065037.825 INFO             PET0 !!!!!!!!!!!!!!!!!!!!!!!!!!!!!!!!!!!!!!!!!!!!!!!!!!!!!!
20210908 065037.825 INFO             PET0 Running with ESMF Version   : ESMF_8_2_0_beta_snapshot_18-42-gb11ffe55a6
20210908 065037.825 INFO             PET0 ESMF library build date/time: "Sep  8 2021" "06:16:38"
20210908 065037.825 INFO             PET0 ESMF library build location : /scratch1/NCEPDEV/stmp2/Mark.Potts/gfortran_9.2.0b_intelmpi_O_develop
20210908 065037.825 INFO             PET0 ESMF_COMM                   : intelmpi
20210908 065037.830 INFO             PET0 ESMF_MOAB                   : enabled
20210908 065037.830 INFO             PET0 ESMF_LAPACK                 : enabled
20210908 065037.830 INFO             PET0 ESMF_NETCDF                 : disabled
20210908 065037.830 INFO             PET0 ESMF_PNETCDF                : disabled
20210908 065037.830 INFO             PET0 ESMF_PIO                    : enabled
20210908 065037.830 INFO             PET0 ESMF_YAMLCPP                : enabled
20210908 065037.832 INFO             PET0  NUMBER_OF_PROCESSORS           4
20210908 065037.832 INFO             PET0  PASS  Example ESMF_WebServicesEx, ESMF_WebServicesEx.F90, line 227
20210908 065037.832 INFO             PET0 Finalizing ESMF
20210908 065037.825 INFO             PET1 !!!!!!!!!!!!!!!!!!!!!!!!!!!!!!!!!!!!!!!!!!!!!!!!!!!!!!
20210908 065037.825 INFO             PET1 !!! THE ESMF_LOG IS SET TO OUTPUT ALL LOG MESSAGES !!!
20210908 065037.825 INFO             PET1 !!!     THIS MAY CAUSE SLOWDOWN IN PERFORMANCE     !!!
20210908 065037.825 INFO             PET1 !!! FOR PRODUCTION RUNS, USE:                      !!!
20210908 065037.825 INFO             PET1 !!!                   ESMF_LOGKIND_Multi_On_Error  !!!
20210908 065037.825 INFO             PET1 !!!!!!!!!!!!!!!!!!!!!!!!!!!!!!!!!!!!!!!!!!!!!!!!!!!!!!
20210908 065037.825 INFO             PET1 Running with ESMF Version   : ESMF_8_2_0_beta_snapshot_18-42-gb11ffe55a6
20210908 065037.825 INFO             PET1 ESMF library build date/time: "Sep  8 2021" "06:16:38"
20210908 065037.825 INFO             PET1 ESMF library build location : /scratch1/NCEPDEV/stmp2/Mark.Potts/gfortran_9.2.0b_intelmpi_O_develop
20210908 065037.825 INFO             PET1 ESMF_COMM                   : intelmpi
20210908 065037.831 INFO             PET1 ESMF_MOAB                   : enabled
20210908 065037.831 INFO             PET1 ESMF_LAPACK                 : enabled
20210908 065037.831 INFO             PET1 ESMF_NETCDF                 : disabled
20210908 065037.831 INFO             PET1 ESMF_PNETCDF                : disabled
20210908 065037.831 INFO             PET1 ESMF_PIO                    : enabled
20210908 065037.831 INFO             PET1 ESMF_YAMLCPP                : enabled
20210908 065037.832 INFO             PET1  NUMBER_OF_PROCESSORS           4
20210908 065037.832 INFO             PET1  PASS  Example ESMF_WebServicesEx, ESMF_WebServicesEx.F90, line 227
20210908 065037.832 INFO             PET1 Finalizing ESMF
20210908 065037.825 INFO             PET2 !!!!!!!!!!!!!!!!!!!!!!!!!!!!!!!!!!!!!!!!!!!!!!!!!!!!!!
20210908 065037.825 INFO             PET2 !!! THE ESMF_LOG IS SET TO OUTPUT ALL LOG MESSAGES !!!
20210908 065037.825 INFO             PET2 !!!     THIS MAY CAUSE SLOWDOWN IN PERFORMANCE     !!!
20210908 065037.825 INFO             PET2 !!! FOR PRODUCTION RUNS, USE:                      !!!
20210908 065037.825 INFO             PET2 !!!                   ESMF_LOGKIND_Multi_On_Error  !!!
20210908 065037.825 INFO             PET2 !!!!!!!!!!!!!!!!!!!!!!!!!!!!!!!!!!!!!!!!!!!!!!!!!!!!!!
20210908 065037.825 INFO             PET2 Running with ESMF Version   : ESMF_8_2_0_beta_snapshot_18-42-gb11ffe55a6
20210908 065037.825 INFO             PET2 ESMF library build date/time: "Sep  8 2021" "06:16:38"
20210908 065037.825 INFO             PET2 ESMF library build location : /scratch1/NCEPDEV/stmp2/Mark.Potts/gfortran_9.2.0b_intelmpi_O_develop
20210908 065037.825 INFO             PET2 ESMF_COMM                   : intelmpi
20210908 065037.830 INFO             PET2 ESMF_MOAB                   : enabled
20210908 065037.830 INFO             PET2 ESMF_LAPACK                 : enabled
20210908 065037.830 INFO             PET2 ESMF_NETCDF                 : disabled
20210908 065037.830 INFO             PET2 ESMF_PNETCDF                : disabled
20210908 065037.830 INFO             PET2 ESMF_PIO                    : enabled
20210908 065037.830 INFO             PET2 ESMF_YAMLCPP                : enabled
20210908 065037.832 INFO             PET2  NUMBER_OF_PROCESSORS           4
20210908 065037.832 INFO             PET2  PASS  Example ESMF_WebServicesEx, ESMF_WebServicesEx.F90, line 227
20210908 065037.832 INFO             PET2 Finalizing ESMF
20210908 065037.826 INFO             PET3 !!!!!!!!!!!!!!!!!!!!!!!!!!!!!!!!!!!!!!!!!!!!!!!!!!!!!!
20210908 065037.826 INFO             PET3 !!! THE ESMF_LOG IS SET TO OUTPUT ALL LOG MESSAGES !!!
20210908 065037.826 INFO             PET3 !!!     THIS MAY CAUSE SLOWDOWN IN PERFORMANCE     !!!
20210908 065037.826 INFO             PET3 !!! FOR PRODUCTION RUNS, USE:                      !!!
20210908 065037.826 INFO             PET3 !!!                   ESMF_LOGKIND_Multi_On_Error  !!!
20210908 065037.826 INFO             PET3 !!!!!!!!!!!!!!!!!!!!!!!!!!!!!!!!!!!!!!!!!!!!!!!!!!!!!!
20210908 065037.826 INFO             PET3 Running with ESMF Version   : ESMF_8_2_0_beta_snapshot_18-42-gb11ffe55a6
20210908 065037.826 INFO             PET3 ESMF library build date/time: "Sep  8 2021" "06:16:38"
20210908 065037.826 INFO             PET3 ESMF library build location : /scratch1/NCEPDEV/stmp2/Mark.Potts/gfortran_9.2.0b_intelmpi_O_develop
20210908 065037.826 INFO             PET3 ESMF_COMM                   : intelmpi
20210908 065037.830 INFO             PET3 ESMF_MOAB                   : enabled
20210908 065037.830 INFO             PET3 ESMF_LAPACK                 : enabled
20210908 065037.830 INFO             PET3 ESMF_NETCDF                 : disabled
20210908 065037.830 INFO             PET3 ESMF_PNETCDF                : disabled
20210908 065037.830 INFO             PET3 ESMF_PIO                    : enabled
20210908 065037.830 INFO             PET3 ESMF_YAMLCPP                : enabled
20210908 065037.832 INFO             PET3  NUMBER_OF_PROCESSORS           4
20210908 065037.832 INFO             PET3  PASS  Example ESMF_WebServicesEx, ESMF_WebServicesEx.F90, line 227
20210908 065037.832 INFO             PET3 Finalizing ESMF
