20210808 074556.614 INFO             PET0 !!!!!!!!!!!!!!!!!!!!!!!!!!!!!!!!!!!!!!!!!!!!!!!!!!!!!!
20210808 074556.614 INFO             PET0 !!! THE ESMF_LOG IS SET TO OUTPUT ALL LOG MESSAGES !!!
20210808 074556.614 INFO             PET0 !!!     THIS MAY CAUSE SLOWDOWN IN PERFORMANCE     !!!
20210808 074556.614 INFO             PET0 !!! FOR PRODUCTION RUNS, USE:                      !!!
20210808 074556.614 INFO             PET0 !!!                   ESMF_LOGKIND_Multi_On_Error  !!!
20210808 074556.614 INFO             PET0 !!!!!!!!!!!!!!!!!!!!!!!!!!!!!!!!!!!!!!!!!!!!!!!!!!!!!!
20210808 074556.614 INFO             PET0 Running with ESMF Version   : ESMF_8_2_0_beta_snapshot_15
20210808 074556.614 INFO             PET0 ESMF library build date/time: "Aug  8 2021" "07:15:01"
20210808 074556.614 INFO             PET0 ESMF library build location : /scratch1/NCEPDEV/stmp2/Mark.Potts/gfortran_9.2.0b_intelmpi_O_develop
20210808 074556.614 INFO             PET0 ESMF_COMM                   : intelmpi
20210808 074556.619 INFO             PET0 ESMF_MOAB                   : enabled
20210808 074556.619 INFO             PET0 ESMF_LAPACK                 : enabled
20210808 074556.619 INFO             PET0 ESMF_NETCDF                 : disabled
20210808 074556.619 INFO             PET0 ESMF_PNETCDF                : disabled
20210808 074556.619 INFO             PET0 ESMF_PIO                    : enabled
20210808 074556.619 INFO             PET0 ESMF_YAMLCPP                : enabled
20210808 074556.655 DEBUG            PET0 about to destroy Grid: 0x22aaac0
20210808 074556.660 DEBUG            PET0 about to destroy Grid: 0x22ac320
20210808 074556.669 INFO             PET0  NUMBER_OF_PROCESSORS           4
20210808 074556.669 INFO             PET0  PASS  Example ESMF_NUOPCAtmModelEx, ESMF_NUOPCAtmModelEx.F90, line 806
20210808 074556.669 INFO             PET0 Finalizing ESMF
20210808 074556.614 INFO             PET1 !!!!!!!!!!!!!!!!!!!!!!!!!!!!!!!!!!!!!!!!!!!!!!!!!!!!!!
20210808 074556.614 INFO             PET1 !!! THE ESMF_LOG IS SET TO OUTPUT ALL LOG MESSAGES !!!
20210808 074556.614 INFO             PET1 !!!     THIS MAY CAUSE SLOWDOWN IN PERFORMANCE     !!!
20210808 074556.614 INFO             PET1 !!! FOR PRODUCTION RUNS, USE:                      !!!
20210808 074556.614 INFO             PET1 !!!                   ESMF_LOGKIND_Multi_On_Error  !!!
20210808 074556.614 INFO             PET1 !!!!!!!!!!!!!!!!!!!!!!!!!!!!!!!!!!!!!!!!!!!!!!!!!!!!!!
20210808 074556.614 INFO             PET1 Running with ESMF Version   : ESMF_8_2_0_beta_snapshot_15
20210808 074556.614 INFO             PET1 ESMF library build date/time: "Aug  8 2021" "07:15:01"
20210808 074556.614 INFO             PET1 ESMF library build location : /scratch1/NCEPDEV/stmp2/Mark.Potts/gfortran_9.2.0b_intelmpi_O_develop
20210808 074556.614 INFO             PET1 ESMF_COMM                   : intelmpi
20210808 074556.620 INFO             PET1 ESMF_MOAB                   : enabled
20210808 074556.620 INFO             PET1 ESMF_LAPACK                 : enabled
20210808 074556.620 INFO             PET1 ESMF_NETCDF                 : disabled
20210808 074556.620 INFO             PET1 ESMF_PNETCDF                : disabled
20210808 074556.620 INFO             PET1 ESMF_PIO                    : enabled
20210808 074556.620 INFO             PET1 ESMF_YAMLCPP                : enabled
20210808 074556.655 DEBUG            PET1 about to destroy Grid: 0x27b5010
20210808 074556.660 DEBUG            PET1 about to destroy Grid: 0x27b6010
20210808 074556.669 INFO             PET1  NUMBER_OF_PROCESSORS           4
20210808 074556.669 INFO             PET1  PASS  Example ESMF_NUOPCAtmModelEx, ESMF_NUOPCAtmModelEx.F90, line 806
20210808 074556.669 INFO             PET1 Finalizing ESMF
20210808 074556.614 INFO             PET2 !!!!!!!!!!!!!!!!!!!!!!!!!!!!!!!!!!!!!!!!!!!!!!!!!!!!!!
20210808 074556.614 INFO             PET2 !!! THE ESMF_LOG IS SET TO OUTPUT ALL LOG MESSAGES !!!
20210808 074556.614 INFO             PET2 !!!     THIS MAY CAUSE SLOWDOWN IN PERFORMANCE     !!!
20210808 074556.614 INFO             PET2 !!! FOR PRODUCTION RUNS, USE:                      !!!
20210808 074556.614 INFO             PET2 !!!                   ESMF_LOGKIND_Multi_On_Error  !!!
20210808 074556.614 INFO             PET2 !!!!!!!!!!!!!!!!!!!!!!!!!!!!!!!!!!!!!!!!!!!!!!!!!!!!!!
20210808 074556.614 INFO             PET2 Running with ESMF Version   : ESMF_8_2_0_beta_snapshot_15
20210808 074556.614 INFO             PET2 ESMF library build date/time: "Aug  8 2021" "07:15:01"
20210808 074556.614 INFO             PET2 ESMF library build location : /scratch1/NCEPDEV/stmp2/Mark.Potts/gfortran_9.2.0b_intelmpi_O_develop
20210808 074556.614 INFO             PET2 ESMF_COMM                   : intelmpi
20210808 074556.620 INFO             PET2 ESMF_MOAB                   : enabled
20210808 074556.620 INFO             PET2 ESMF_LAPACK                 : enabled
20210808 074556.620 INFO             PET2 ESMF_NETCDF                 : disabled
20210808 074556.620 INFO             PET2 ESMF_PNETCDF                : disabled
20210808 074556.620 INFO             PET2 ESMF_PIO                    : enabled
20210808 074556.620 INFO             PET2 ESMF_YAMLCPP                : enabled
20210808 074556.655 DEBUG            PET2 about to destroy Grid: 0x1ecb9b0
20210808 074556.660 DEBUG            PET2 about to destroy Grid: 0x1ecd3a0
20210808 074556.669 INFO             PET2  NUMBER_OF_PROCESSORS           4
20210808 074556.669 INFO             PET2  PASS  Example ESMF_NUOPCAtmModelEx, ESMF_NUOPCAtmModelEx.F90, line 806
20210808 074556.669 INFO             PET2 Finalizing ESMF
20210808 074556.614 INFO             PET3 !!!!!!!!!!!!!!!!!!!!!!!!!!!!!!!!!!!!!!!!!!!!!!!!!!!!!!
20210808 074556.615 INFO             PET3 !!! THE ESMF_LOG IS SET TO OUTPUT ALL LOG MESSAGES !!!
20210808 074556.615 INFO             PET3 !!!     THIS MAY CAUSE SLOWDOWN IN PERFORMANCE     !!!
20210808 074556.615 INFO             PET3 !!! FOR PRODUCTION RUNS, USE:                      !!!
20210808 074556.615 INFO             PET3 !!!                   ESMF_LOGKIND_Multi_On_Error  !!!
20210808 074556.615 INFO             PET3 !!!!!!!!!!!!!!!!!!!!!!!!!!!!!!!!!!!!!!!!!!!!!!!!!!!!!!
20210808 074556.615 INFO             PET3 Running with ESMF Version   : ESMF_8_2_0_beta_snapshot_15
20210808 074556.615 INFO             PET3 ESMF library build date/time: "Aug  8 2021" "07:15:01"
20210808 074556.615 INFO             PET3 ESMF library build location : /scratch1/NCEPDEV/stmp2/Mark.Potts/gfortran_9.2.0b_intelmpi_O_develop
20210808 074556.615 INFO             PET3 ESMF_COMM                   : intelmpi
20210808 074556.620 INFO             PET3 ESMF_MOAB                   : enabled
20210808 074556.620 INFO             PET3 ESMF_LAPACK                 : enabled
20210808 074556.620 INFO             PET3 ESMF_NETCDF                 : disabled
20210808 074556.620 INFO             PET3 ESMF_PNETCDF                : disabled
20210808 074556.620 INFO             PET3 ESMF_PIO                    : enabled
20210808 074556.620 INFO             PET3 ESMF_YAMLCPP                : enabled
20210808 074556.655 DEBUG            PET3 about to destroy Grid: 0xd1f7c0
20210808 074556.660 DEBUG            PET3 about to destroy Grid: 0xd211b0
20210808 074556.669 INFO             PET3  NUMBER_OF_PROCESSORS           4
20210808 074556.669 INFO             PET3  PASS  Example ESMF_NUOPCAtmModelEx, ESMF_NUOPCAtmModelEx.F90, line 806
20210808 074556.669 INFO             PET3 Finalizing ESMF
