build time -- 2021-05-20 06:10:15
 localPET=           0  localDE=           0 : array(           1 ,           1 )=   0.0000000000000000     
 localPET=           0  localDE=           0 : array(           1 ,           2 )=   1.3400230262663958E-316
 localPET=           0  localDE=           0 : array(           2 ,           1 )=   1.3400214452563291E-316
 localPET=           0  localDE=           0 : array(           2 ,           2 )=   6.0134700169990685E-154
 localPET=           0  localDE=           0 : array(           3 ,           1 )=   1.3410989036167797E-316
 localPET=           0  localDE=           0 : array(           3 ,           2 )=   6.1091634754708511E+223
 localPET=           0  localDE=           1 : array(           1 ,           1 )=   1.3400238167714292E-316
 localPET=           0  localDE=           1 : array(           2 ,           1 )=   2.3438346749096450E-310
 localPET=           0  localDE=           1 : array(           3 ,           1 )=   2.3438346749088545E-310
 localPET=           1  localDE=           0 : array(           1 ,           1 )=   1.6378181299033321E-316
 localPET=           1  localDE=           0 : array(           1 ,           2 )=   1.0609978956308559E-313
 localPET=           1  localDE=           0 : array(           2 ,           1 )=   2.1219957914593380E-314
 localPET=           1  localDE=           0 : array(           2 ,           2 )=   1.0609978957296690E-313
 localPET=           1  localDE=           1 : array(           1 ,           1 )=   1.5840479775351376E-316
 localPET=           1  localDE=           1 : array(           2 ,           1 )=   2.3271719505365158E-310
 localPET=           2  localDE=           0 : array(           1 ,           1 )=   0.0000000000000000     
 localPET=           2  localDE=           0 : array(           1 ,           2 )=   8.4879831663314175E-314
 localPET=           2  localDE=           0 : array(           2 ,           1 )=   4.2439915844008729E-314
 localPET=           2  localDE=           0 : array(           2 ,           2 )=   1.0609978956308559E-313
 localPET=           2  localDE=           0 : array(           3 ,           1 )=   8.4879831653432862E-314
 localPET=           2  localDE=           0 : array(           3 ,           2 )=   1.0609978957296690E-313
 localPET=           3  localDE=           0 : array(           1 ,           1 )=   1.7712466839767692E-316
 localPET=           3  localDE=           0 : array(           1 ,           2 )=   1.1946280849863335E+190
 localPET=           3  localDE=           0 : array(           2 ,           1 )=   2.3358426774184709E-310
 localPET=           3  localDE=           0 : array(           2 ,           2 )=   4.2426951230437872E-315
 localPet:            1 DE            1  [           1           2 ]
 localPet:            1 DE            5  [           1           2 ]
 localPet:            3 DE            3  [           1           2 ]
 localPet:            0 DE            0  [           1           3 ]
 localPet:            0 DE            4  [           1           3 ]
 localPet:            2 DE            2  [           1           3 ]
  PASS  Example ESMF_ArrayEx, ESMF_ArrayEx.F90, line 1899
 PASS: ESMF_ArrayEx.F90
  PASS  Example ESMF_ArrayEx, ESMF_ArrayEx.F90, line 1899
 PASS: ESMF_ArrayEx.F90
  PASS  Example ESMF_ArrayEx, ESMF_ArrayEx.F90, line 1899
 PASS: ESMF_ArrayEx.F90
  PASS  Example ESMF_ArrayEx, ESMF_ArrayEx.F90, line 1899
 PASS: ESMF_ArrayEx.F90
