build time -- 2021-04-30 10:45:51
20210430 145409.445 INFO             PET0 !!!!!!!!!!!!!!!!!!!!!!!!!!!!!!!!!!!!!!!!!!!!!!!!!!!!!!
20210430 145409.445 INFO             PET0 !!! THE ESMF_LOG IS SET TO OUTPUT ALL LOG MESSAGES !!!
20210430 145409.445 INFO             PET0 !!!     THIS MAY CAUSE SLOWDOWN IN PERFORMANCE     !!!
20210430 145409.445 INFO             PET0 !!! FOR PRODUCTION RUNS, USE:                      !!!
20210430 145409.445 INFO             PET0 !!!                   ESMF_LOGKIND_Multi_On_Error  !!!
20210430 145409.445 INFO             PET0 !!!!!!!!!!!!!!!!!!!!!!!!!!!!!!!!!!!!!!!!!!!!!!!!!!!!!!
20210430 145409.445 INFO             PET0 Running with ESMF Version   : ESMF_8_2_0_beta_snapshot_06-2-g7cd9acb
20210430 145409.445 INFO             PET0 ESMF library build date/time: "Apr 30 2021" "10:44:57"
20210430 145409.445 INFO             PET0 ESMF library build location : /p/work1/mpotts/gfortran_7.3.0_mpt_O_develop
20210430 145409.445 INFO             PET0 ESMF_COMM                   : mpt
20210430 145409.445 INFO             PET0 ESMF_MOAB                   : enabled
20210430 145409.445 INFO             PET0 ESMF_LAPACK                 : enabled
20210430 145409.445 INFO             PET0 ESMF_NETCDF                 : enabled
20210430 145409.445 INFO             PET0 ESMF_PNETCDF                : disabled
20210430 145409.445 INFO             PET0 ESMF_PIO                    : enabled
20210430 145409.445 INFO             PET0 ESMF_YAMLCPP                : enabled
20210430 145409.446 INFO             PET0  NUMBER_OF_PROCESSORS           1
20210430 145409.446 INFO             PET0  PASS  Example ESMF_TimeEx, ESMF_TimeEx.F90, line 141
20210430 145409.446 INFO             PET0 Finalizing ESMF
20210430 145409.445 INFO             PET0 !!!!!!!!!!!!!!!!!!!!!!!!!!!!!!!!!!!!!!!!!!!!!!!!!!!!!!
20210430 145409.445 INFO             PET0 !!! THE ESMF_LOG IS SET TO OUTPUT ALL LOG MESSAGES !!!
20210430 145409.445 INFO             PET0 !!!     THIS MAY CAUSE SLOWDOWN IN PERFORMANCE     !!!
20210430 145409.445 INFO             PET0 !!! FOR PRODUCTION RUNS, USE:                      !!!
20210430 145409.445 INFO             PET0 !!!                   ESMF_LOGKIND_Multi_On_Error  !!!
20210430 145409.445 INFO             PET0 !!!!!!!!!!!!!!!!!!!!!!!!!!!!!!!!!!!!!!!!!!!!!!!!!!!!!!
20210430 145409.445 INFO             PET0 Running with ESMF Version   : ESMF_8_2_0_beta_snapshot_06-2-g7cd9acb
20210430 145409.445 INFO             PET0 ESMF library build date/time: "Apr 30 2021" "10:44:57"
20210430 145409.445 INFO             PET0 ESMF library build location : /p/work1/mpotts/gfortran_7.3.0_mpt_O_develop
20210430 145409.445 INFO             PET0 ESMF_COMM                   : mpt
20210430 145409.445 INFO             PET0 ESMF_MOAB                   : enabled
20210430 145409.445 INFO             PET0 ESMF_LAPACK                 : enabled
20210430 145409.445 INFO             PET0 ESMF_NETCDF                 : enabled
20210430 145409.445 INFO             PET0 ESMF_PNETCDF                : disabled
20210430 145409.445 INFO             PET0 ESMF_PIO                    : enabled
20210430 145409.445 INFO             PET0 ESMF_YAMLCPP                : enabled
20210430 145409.446 INFO             PET0  NUMBER_OF_PROCESSORS           1
20210430 145409.446 INFO             PET0  PASS  Example ESMF_TimeEx, ESMF_TimeEx.F90, line 141
20210430 145409.446 INFO             PET0 Finalizing ESMF
