build time -- 2021-06-02 00:37:32
20210602 011249.984 INFO             PET0 !!!!!!!!!!!!!!!!!!!!!!!!!!!!!!!!!!!!!!!!!!!!!!!!!!!!!!
20210602 011249.986 INFO             PET0 !!! THE ESMF_LOG IS SET TO OUTPUT ALL LOG MESSAGES !!!
20210602 011249.986 INFO             PET0 !!!     THIS MAY CAUSE SLOWDOWN IN PERFORMANCE     !!!
20210602 011249.986 INFO             PET0 !!! FOR PRODUCTION RUNS, USE:                      !!!
20210602 011249.986 INFO             PET0 !!!                   ESMF_LOGKIND_Multi_On_Error  !!!
20210602 011249.986 INFO             PET0 !!!!!!!!!!!!!!!!!!!!!!!!!!!!!!!!!!!!!!!!!!!!!!!!!!!!!!
20210602 011249.987 INFO             PET0 Running with ESMF Version   : 8.2.0 beta snapshot
20210602 011249.988 INFO             PET0 ESMF library build date/time: "Jun  2 2021" "00:35:44"
20210602 011249.988 INFO             PET0 ESMF library build location : /lustre/f2/dev/ncep/Mark.Potts/intel_2019.5_mpi_g_develop
20210602 011249.988 INFO             PET0 ESMF_COMM                   : mpi
20210602 011249.992 INFO             PET0 ESMF_MOAB                   : enabled
20210602 011249.992 INFO             PET0 ESMF_LAPACK                 : enabled
20210602 011249.992 INFO             PET0 ESMF_NETCDF                 : enabled
20210602 011249.992 INFO             PET0 ESMF_PNETCDF                : disabled
20210602 011249.992 INFO             PET0 ESMF_PIO                    : enabled
20210602 011249.992 INFO             PET0 ESMF_YAMLCPP                : enabled
20210602 011250.247 INFO             PET0  NUMBER_OF_PROCESSORS           4
20210602 011250.248 INFO             PET0  PASS  Example ESMF_FieldRegridMaskEx, ESMF_FieldRegridMaskEx.F90, line 370
20210602 011250.248 INFO             PET0 Finalizing ESMF
20210602 011249.993 INFO             PET1 !!!!!!!!!!!!!!!!!!!!!!!!!!!!!!!!!!!!!!!!!!!!!!!!!!!!!!
20210602 011249.993 INFO             PET1 !!! THE ESMF_LOG IS SET TO OUTPUT ALL LOG MESSAGES !!!
20210602 011249.993 INFO             PET1 !!!     THIS MAY CAUSE SLOWDOWN IN PERFORMANCE     !!!
20210602 011249.993 INFO             PET1 !!! FOR PRODUCTION RUNS, USE:                      !!!
20210602 011249.993 INFO             PET1 !!!                   ESMF_LOGKIND_Multi_On_Error  !!!
20210602 011249.993 INFO             PET1 !!!!!!!!!!!!!!!!!!!!!!!!!!!!!!!!!!!!!!!!!!!!!!!!!!!!!!
20210602 011249.993 INFO             PET1 Running with ESMF Version   : 8.2.0 beta snapshot
20210602 011249.993 INFO             PET1 ESMF library build date/time: "Jun  2 2021" "00:35:44"
20210602 011249.993 INFO             PET1 ESMF library build location : /lustre/f2/dev/ncep/Mark.Potts/intel_2019.5_mpi_g_develop
20210602 011249.993 INFO             PET1 ESMF_COMM                   : mpi
20210602 011249.994 INFO             PET1 ESMF_MOAB                   : enabled
20210602 011249.994 INFO             PET1 ESMF_LAPACK                 : enabled
20210602 011249.994 INFO             PET1 ESMF_NETCDF                 : enabled
20210602 011249.994 INFO             PET1 ESMF_PNETCDF                : disabled
20210602 011249.994 INFO             PET1 ESMF_PIO                    : enabled
20210602 011249.994 INFO             PET1 ESMF_YAMLCPP                : enabled
20210602 011250.247 INFO             PET1  NUMBER_OF_PROCESSORS           4
20210602 011250.248 INFO             PET1  PASS  Example ESMF_FieldRegridMaskEx, ESMF_FieldRegridMaskEx.F90, line 370
20210602 011250.248 INFO             PET1 Finalizing ESMF
20210602 011249.984 INFO             PET2 !!!!!!!!!!!!!!!!!!!!!!!!!!!!!!!!!!!!!!!!!!!!!!!!!!!!!!
20210602 011249.986 INFO             PET2 !!! THE ESMF_LOG IS SET TO OUTPUT ALL LOG MESSAGES !!!
20210602 011249.986 INFO             PET2 !!!     THIS MAY CAUSE SLOWDOWN IN PERFORMANCE     !!!
20210602 011249.986 INFO             PET2 !!! FOR PRODUCTION RUNS, USE:                      !!!
20210602 011249.986 INFO             PET2 !!!                   ESMF_LOGKIND_Multi_On_Error  !!!
20210602 011249.986 INFO             PET2 !!!!!!!!!!!!!!!!!!!!!!!!!!!!!!!!!!!!!!!!!!!!!!!!!!!!!!
20210602 011249.987 INFO             PET2 Running with ESMF Version   : 8.2.0 beta snapshot
20210602 011249.988 INFO             PET2 ESMF library build date/time: "Jun  2 2021" "00:35:44"
20210602 011249.988 INFO             PET2 ESMF library build location : /lustre/f2/dev/ncep/Mark.Potts/intel_2019.5_mpi_g_develop
20210602 011249.988 INFO             PET2 ESMF_COMM                   : mpi
20210602 011249.992 INFO             PET2 ESMF_MOAB                   : enabled
20210602 011249.992 INFO             PET2 ESMF_LAPACK                 : enabled
20210602 011249.992 INFO             PET2 ESMF_NETCDF                 : enabled
20210602 011249.992 INFO             PET2 ESMF_PNETCDF                : disabled
20210602 011249.992 INFO             PET2 ESMF_PIO                    : enabled
20210602 011249.992 INFO             PET2 ESMF_YAMLCPP                : enabled
20210602 011250.247 INFO             PET2  NUMBER_OF_PROCESSORS           4
20210602 011250.248 INFO             PET2  PASS  Example ESMF_FieldRegridMaskEx, ESMF_FieldRegridMaskEx.F90, line 370
20210602 011250.248 INFO             PET2 Finalizing ESMF
20210602 011249.987 INFO             PET3 !!!!!!!!!!!!!!!!!!!!!!!!!!!!!!!!!!!!!!!!!!!!!!!!!!!!!!
20210602 011249.987 INFO             PET3 !!! THE ESMF_LOG IS SET TO OUTPUT ALL LOG MESSAGES !!!
20210602 011249.987 INFO             PET3 !!!     THIS MAY CAUSE SLOWDOWN IN PERFORMANCE     !!!
20210602 011249.987 INFO             PET3 !!! FOR PRODUCTION RUNS, USE:                      !!!
20210602 011249.987 INFO             PET3 !!!                   ESMF_LOGKIND_Multi_On_Error  !!!
20210602 011249.987 INFO             PET3 !!!!!!!!!!!!!!!!!!!!!!!!!!!!!!!!!!!!!!!!!!!!!!!!!!!!!!
20210602 011249.987 INFO             PET3 Running with ESMF Version   : 8.2.0 beta snapshot
20210602 011249.988 INFO             PET3 ESMF library build date/time: "Jun  2 2021" "00:35:44"
20210602 011249.988 INFO             PET3 ESMF library build location : /lustre/f2/dev/ncep/Mark.Potts/intel_2019.5_mpi_g_develop
20210602 011249.988 INFO             PET3 ESMF_COMM                   : mpi
20210602 011249.992 INFO             PET3 ESMF_MOAB                   : enabled
20210602 011249.992 INFO             PET3 ESMF_LAPACK                 : enabled
20210602 011249.992 INFO             PET3 ESMF_NETCDF                 : enabled
20210602 011249.992 INFO             PET3 ESMF_PNETCDF                : disabled
20210602 011249.992 INFO             PET3 ESMF_PIO                    : enabled
20210602 011249.992 INFO             PET3 ESMF_YAMLCPP                : enabled
20210602 011250.247 INFO             PET3  NUMBER_OF_PROCESSORS           4
20210602 011250.248 INFO             PET3  PASS  Example ESMF_FieldRegridMaskEx, ESMF_FieldRegridMaskEx.F90, line 370
20210602 011250.248 INFO             PET3 Finalizing ESMF
