build time -- 2021-06-17 00:37:34
20210617 011037.040 INFO             PET0 !!!!!!!!!!!!!!!!!!!!!!!!!!!!!!!!!!!!!!!!!!!!!!!!!!!!!!
20210617 011037.040 INFO             PET0 !!! THE ESMF_LOG IS SET TO OUTPUT ALL LOG MESSAGES !!!
20210617 011037.040 INFO             PET0 !!!     THIS MAY CAUSE SLOWDOWN IN PERFORMANCE     !!!
20210617 011037.040 INFO             PET0 !!! FOR PRODUCTION RUNS, USE:                      !!!
20210617 011037.040 INFO             PET0 !!!                   ESMF_LOGKIND_Multi_On_Error  !!!
20210617 011037.040 INFO             PET0 !!!!!!!!!!!!!!!!!!!!!!!!!!!!!!!!!!!!!!!!!!!!!!!!!!!!!!
20210617 011037.040 INFO             PET0 Running with ESMF Version   : 8.2.0 beta snapshot
20210617 011037.040 INFO             PET0 ESMF library build date/time: "Jun 17 2021" "00:35:40"
20210617 011037.040 INFO             PET0 ESMF library build location : /lustre/f2/dev/ncep/Mark.Potts/intel_2019.5_mpi_g_develop
20210617 011037.040 INFO             PET0 ESMF_COMM                   : mpi
20210617 011037.041 INFO             PET0 ESMF_MOAB                   : enabled
20210617 011037.041 INFO             PET0 ESMF_LAPACK                 : enabled
20210617 011037.041 INFO             PET0 ESMF_NETCDF                 : enabled
20210617 011037.041 INFO             PET0 ESMF_PNETCDF                : disabled
20210617 011037.041 INFO             PET0 ESMF_PIO                    : enabled
20210617 011037.041 INFO             PET0 ESMF_YAMLCPP                : enabled
20210617 011037.042 INFO             PET0  NUMBER_OF_PROCESSORS           1
20210617 011037.042 INFO             PET0  PASS  Example ESMF_ClockEx, ESMF_ClockEx.F90, line 220
20210617 011037.042 INFO             PET0 Finalizing ESMF
