build time -- 2021-06-01 00:49:36
20210601 012517.969 INFO             PET0 !!!!!!!!!!!!!!!!!!!!!!!!!!!!!!!!!!!!!!!!!!!!!!!!!!!!!!
20210601 012517.970 INFO             PET0 !!! THE ESMF_LOG IS SET TO OUTPUT ALL LOG MESSAGES !!!
20210601 012517.970 INFO             PET0 !!!     THIS MAY CAUSE SLOWDOWN IN PERFORMANCE     !!!
20210601 012517.970 INFO             PET0 !!! FOR PRODUCTION RUNS, USE:                      !!!
20210601 012517.970 INFO             PET0 !!!                   ESMF_LOGKIND_Multi_On_Error  !!!
20210601 012517.970 INFO             PET0 !!!!!!!!!!!!!!!!!!!!!!!!!!!!!!!!!!!!!!!!!!!!!!!!!!!!!!
20210601 012517.970 INFO             PET0 Running with ESMF Version   : 8.2.0 beta snapshot
20210601 012517.970 INFO             PET0 ESMF library build date/time: "Jun  1 2021" "00:47:43"
20210601 012517.970 INFO             PET0 ESMF library build location : /lustre/f2/dev/ncep/Mark.Potts/intel_2019.5_mpi_g_develop
20210601 012517.970 INFO             PET0 ESMF_COMM                   : mpi
20210601 012517.971 INFO             PET0 ESMF_MOAB                   : enabled
20210601 012517.971 INFO             PET0 ESMF_LAPACK                 : enabled
20210601 012517.971 INFO             PET0 ESMF_NETCDF                 : enabled
20210601 012517.971 INFO             PET0 ESMF_PNETCDF                : disabled
20210601 012517.971 INFO             PET0 ESMF_PIO                    : enabled
20210601 012517.971 INFO             PET0 ESMF_YAMLCPP                : enabled
20210601 012517.972 INFO             PET0  NUMBER_OF_PROCESSORS           1
20210601 012517.972 INFO             PET0  PASS  Example ESMF_AlarmEx, ESMF_AlarmEx.F90, line 244
20210601 012517.972 INFO             PET0 Finalizing ESMF
