build time -- 2021-08-30 00:39:19
20210830 011625.581 INFO             PET0 !!!!!!!!!!!!!!!!!!!!!!!!!!!!!!!!!!!!!!!!!!!!!!!!!!!!!!
20210830 011625.581 INFO             PET0 !!! THE ESMF_LOG IS SET TO OUTPUT ALL LOG MESSAGES !!!
20210830 011625.581 INFO             PET0 !!!     THIS MAY CAUSE SLOWDOWN IN PERFORMANCE     !!!
20210830 011625.581 INFO             PET0 !!! FOR PRODUCTION RUNS, USE:                      !!!
20210830 011625.581 INFO             PET0 !!!                   ESMF_LOGKIND_Multi_On_Error  !!!
20210830 011625.581 INFO             PET0 !!!!!!!!!!!!!!!!!!!!!!!!!!!!!!!!!!!!!!!!!!!!!!!!!!!!!!
20210830 011625.581 INFO             PET0 Running with ESMF Version   : 8.2.0 beta snapshot
20210830 011625.581 INFO             PET0 ESMF library build date/time: "Aug 30 2021" "00:37:00"
20210830 011625.581 INFO             PET0 ESMF library build location : /lustre/f2/dev/ncep/Mark.Potts/intel_2019.5_mpi_g_develop
20210830 011625.581 INFO             PET0 ESMF_COMM                   : mpi
20210830 011625.582 INFO             PET0 ESMF_MOAB                   : enabled
20210830 011625.582 INFO             PET0 ESMF_LAPACK                 : enabled
20210830 011625.582 INFO             PET0 ESMF_NETCDF                 : enabled
20210830 011625.582 INFO             PET0 ESMF_PNETCDF                : disabled
20210830 011625.582 INFO             PET0 ESMF_PIO                    : enabled
20210830 011625.582 INFO             PET0 ESMF_YAMLCPP                : enabled
20210830 011625.624 WARNING          PET0 ESMF_IOScrip.F90:4704 ESMF_EsmfGetElement Variable centerCoords in data/ne4np4-esmf.nc does not exist
20210830 011625.675 INFO             PET0  NUMBER_OF_PROCESSORS           4
20210830 011625.676 INFO             PET0  PASS  Example ESMF_MeshEx, ESMF_MeshEx.F90, line 1795
20210830 011625.676 INFO             PET0 Finalizing ESMF
20210830 011625.569 INFO             PET1 !!!!!!!!!!!!!!!!!!!!!!!!!!!!!!!!!!!!!!!!!!!!!!!!!!!!!!
20210830 011625.569 INFO             PET1 !!! THE ESMF_LOG IS SET TO OUTPUT ALL LOG MESSAGES !!!
20210830 011625.569 INFO             PET1 !!!     THIS MAY CAUSE SLOWDOWN IN PERFORMANCE     !!!
20210830 011625.569 INFO             PET1 !!! FOR PRODUCTION RUNS, USE:                      !!!
20210830 011625.569 INFO             PET1 !!!                   ESMF_LOGKIND_Multi_On_Error  !!!
20210830 011625.569 INFO             PET1 !!!!!!!!!!!!!!!!!!!!!!!!!!!!!!!!!!!!!!!!!!!!!!!!!!!!!!
20210830 011625.569 INFO             PET1 Running with ESMF Version   : 8.2.0 beta snapshot
20210830 011625.569 INFO             PET1 ESMF library build date/time: "Aug 30 2021" "00:37:00"
20210830 011625.569 INFO             PET1 ESMF library build location : /lustre/f2/dev/ncep/Mark.Potts/intel_2019.5_mpi_g_develop
20210830 011625.569 INFO             PET1 ESMF_COMM                   : mpi
20210830 011625.570 INFO             PET1 ESMF_MOAB                   : enabled
20210830 011625.570 INFO             PET1 ESMF_LAPACK                 : enabled
20210830 011625.570 INFO             PET1 ESMF_NETCDF                 : enabled
20210830 011625.570 INFO             PET1 ESMF_PNETCDF                : disabled
20210830 011625.570 INFO             PET1 ESMF_PIO                    : enabled
20210830 011625.570 INFO             PET1 ESMF_YAMLCPP                : enabled
20210830 011625.625 WARNING          PET1 ESMF_IOScrip.F90:4704 ESMF_EsmfGetElement Variable centerCoords in data/ne4np4-esmf.nc does not exist
20210830 011625.675 INFO             PET1  NUMBER_OF_PROCESSORS           4
20210830 011625.676 INFO             PET1  PASS  Example ESMF_MeshEx, ESMF_MeshEx.F90, line 1795
20210830 011625.676 INFO             PET1 Finalizing ESMF
20210830 011625.574 INFO             PET2 !!!!!!!!!!!!!!!!!!!!!!!!!!!!!!!!!!!!!!!!!!!!!!!!!!!!!!
20210830 011625.574 INFO             PET2 !!! THE ESMF_LOG IS SET TO OUTPUT ALL LOG MESSAGES !!!
20210830 011625.574 INFO             PET2 !!!     THIS MAY CAUSE SLOWDOWN IN PERFORMANCE     !!!
20210830 011625.574 INFO             PET2 !!! FOR PRODUCTION RUNS, USE:                      !!!
20210830 011625.574 INFO             PET2 !!!                   ESMF_LOGKIND_Multi_On_Error  !!!
20210830 011625.574 INFO             PET2 !!!!!!!!!!!!!!!!!!!!!!!!!!!!!!!!!!!!!!!!!!!!!!!!!!!!!!
20210830 011625.574 INFO             PET2 Running with ESMF Version   : 8.2.0 beta snapshot
20210830 011625.574 INFO             PET2 ESMF library build date/time: "Aug 30 2021" "00:37:00"
20210830 011625.574 INFO             PET2 ESMF library build location : /lustre/f2/dev/ncep/Mark.Potts/intel_2019.5_mpi_g_develop
20210830 011625.574 INFO             PET2 ESMF_COMM                   : mpi
20210830 011625.575 INFO             PET2 ESMF_MOAB                   : enabled
20210830 011625.575 INFO             PET2 ESMF_LAPACK                 : enabled
20210830 011625.575 INFO             PET2 ESMF_NETCDF                 : enabled
20210830 011625.575 INFO             PET2 ESMF_PNETCDF                : disabled
20210830 011625.575 INFO             PET2 ESMF_PIO                    : enabled
20210830 011625.575 INFO             PET2 ESMF_YAMLCPP                : enabled
20210830 011625.625 WARNING          PET2 ESMF_IOScrip.F90:4704 ESMF_EsmfGetElement Variable centerCoords in data/ne4np4-esmf.nc does not exist
20210830 011625.675 INFO             PET2  NUMBER_OF_PROCESSORS           4
20210830 011625.676 INFO             PET2  PASS  Example ESMF_MeshEx, ESMF_MeshEx.F90, line 1795
20210830 011625.676 INFO             PET2 Finalizing ESMF
20210830 011625.582 INFO             PET3 !!!!!!!!!!!!!!!!!!!!!!!!!!!!!!!!!!!!!!!!!!!!!!!!!!!!!!
20210830 011625.582 INFO             PET3 !!! THE ESMF_LOG IS SET TO OUTPUT ALL LOG MESSAGES !!!
20210830 011625.582 INFO             PET3 !!!     THIS MAY CAUSE SLOWDOWN IN PERFORMANCE     !!!
20210830 011625.582 INFO             PET3 !!! FOR PRODUCTION RUNS, USE:                      !!!
20210830 011625.582 INFO             PET3 !!!                   ESMF_LOGKIND_Multi_On_Error  !!!
20210830 011625.582 INFO             PET3 !!!!!!!!!!!!!!!!!!!!!!!!!!!!!!!!!!!!!!!!!!!!!!!!!!!!!!
20210830 011625.582 INFO             PET3 Running with ESMF Version   : 8.2.0 beta snapshot
20210830 011625.582 INFO             PET3 ESMF library build date/time: "Aug 30 2021" "00:37:00"
20210830 011625.582 INFO             PET3 ESMF library build location : /lustre/f2/dev/ncep/Mark.Potts/intel_2019.5_mpi_g_develop
20210830 011625.582 INFO             PET3 ESMF_COMM                   : mpi
20210830 011625.583 INFO             PET3 ESMF_MOAB                   : enabled
20210830 011625.583 INFO             PET3 ESMF_LAPACK                 : enabled
20210830 011625.583 INFO             PET3 ESMF_NETCDF                 : enabled
20210830 011625.583 INFO             PET3 ESMF_PNETCDF                : disabled
20210830 011625.583 INFO             PET3 ESMF_PIO                    : enabled
20210830 011625.583 INFO             PET3 ESMF_YAMLCPP                : enabled
20210830 011625.625 WARNING          PET3 ESMF_IOScrip.F90:4704 ESMF_EsmfGetElement Variable centerCoords in data/ne4np4-esmf.nc does not exist
20210830 011625.675 INFO             PET3  NUMBER_OF_PROCESSORS           4
20210830 011625.676 INFO             PET3  PASS  Example ESMF_MeshEx, ESMF_MeshEx.F90, line 1795
20210830 011625.676 INFO             PET3 Finalizing ESMF
