build time -- 2021-08-24 00:36:27
20210824 010608.736 INFO             PET0 !!!!!!!!!!!!!!!!!!!!!!!!!!!!!!!!!!!!!!!!!!!!!!!!!!!!!!
20210824 010608.736 INFO             PET0 !!! THE ESMF_LOG IS SET TO OUTPUT ALL LOG MESSAGES !!!
20210824 010608.736 INFO             PET0 !!!     THIS MAY CAUSE SLOWDOWN IN PERFORMANCE     !!!
20210824 010608.736 INFO             PET0 !!! FOR PRODUCTION RUNS, USE:                      !!!
20210824 010608.736 INFO             PET0 !!!                   ESMF_LOGKIND_Multi_On_Error  !!!
20210824 010608.736 INFO             PET0 !!!!!!!!!!!!!!!!!!!!!!!!!!!!!!!!!!!!!!!!!!!!!!!!!!!!!!
20210824 010608.736 INFO             PET0 Running with ESMF Version   : 8.2.0 beta snapshot
20210824 010608.736 INFO             PET0 ESMF library build date/time: "Aug 24 2021" "00:34:39"
20210824 010608.736 INFO             PET0 ESMF library build location : /lustre/f2/dev/ncep/Mark.Potts/intel_2019.5_mpi_g_develop
20210824 010608.736 INFO             PET0 ESMF_COMM                   : mpi
20210824 010608.737 INFO             PET0 ESMF_MOAB                   : enabled
20210824 010608.737 INFO             PET0 ESMF_LAPACK                 : enabled
20210824 010608.737 INFO             PET0 ESMF_NETCDF                 : enabled
20210824 010608.737 INFO             PET0 ESMF_PNETCDF                : disabled
20210824 010608.737 INFO             PET0 ESMF_PIO                    : enabled
20210824 010608.737 INFO             PET0 ESMF_YAMLCPP                : enabled
20210824 010609.356 INFO             PET0  NUMBER_OF_PROCESSORS           4
20210824 010609.357 INFO             PET0  PASS  Example ESMF_FieldEx, ESMF_FieldEx.F90, line 999
20210824 010609.357 INFO             PET0 Finalizing ESMF
20210824 010608.746 INFO             PET1 !!!!!!!!!!!!!!!!!!!!!!!!!!!!!!!!!!!!!!!!!!!!!!!!!!!!!!
20210824 010608.746 INFO             PET1 !!! THE ESMF_LOG IS SET TO OUTPUT ALL LOG MESSAGES !!!
20210824 010608.746 INFO             PET1 !!!     THIS MAY CAUSE SLOWDOWN IN PERFORMANCE     !!!
20210824 010608.746 INFO             PET1 !!! FOR PRODUCTION RUNS, USE:                      !!!
20210824 010608.746 INFO             PET1 !!!                   ESMF_LOGKIND_Multi_On_Error  !!!
20210824 010608.746 INFO             PET1 !!!!!!!!!!!!!!!!!!!!!!!!!!!!!!!!!!!!!!!!!!!!!!!!!!!!!!
20210824 010608.746 INFO             PET1 Running with ESMF Version   : 8.2.0 beta snapshot
20210824 010608.746 INFO             PET1 ESMF library build date/time: "Aug 24 2021" "00:34:39"
20210824 010608.746 INFO             PET1 ESMF library build location : /lustre/f2/dev/ncep/Mark.Potts/intel_2019.5_mpi_g_develop
20210824 010608.746 INFO             PET1 ESMF_COMM                   : mpi
20210824 010608.746 INFO             PET1 ESMF_MOAB                   : enabled
20210824 010608.747 INFO             PET1 ESMF_LAPACK                 : enabled
20210824 010608.747 INFO             PET1 ESMF_NETCDF                 : enabled
20210824 010608.747 INFO             PET1 ESMF_PNETCDF                : disabled
20210824 010608.747 INFO             PET1 ESMF_PIO                    : enabled
20210824 010608.747 INFO             PET1 ESMF_YAMLCPP                : enabled
20210824 010609.356 INFO             PET1  NUMBER_OF_PROCESSORS           4
20210824 010609.357 INFO             PET1  PASS  Example ESMF_FieldEx, ESMF_FieldEx.F90, line 999
20210824 010609.357 INFO             PET1 Finalizing ESMF
20210824 010608.745 INFO             PET2 !!!!!!!!!!!!!!!!!!!!!!!!!!!!!!!!!!!!!!!!!!!!!!!!!!!!!!
20210824 010608.745 INFO             PET2 !!! THE ESMF_LOG IS SET TO OUTPUT ALL LOG MESSAGES !!!
20210824 010608.745 INFO             PET2 !!!     THIS MAY CAUSE SLOWDOWN IN PERFORMANCE     !!!
20210824 010608.745 INFO             PET2 !!! FOR PRODUCTION RUNS, USE:                      !!!
20210824 010608.745 INFO             PET2 !!!                   ESMF_LOGKIND_Multi_On_Error  !!!
20210824 010608.745 INFO             PET2 !!!!!!!!!!!!!!!!!!!!!!!!!!!!!!!!!!!!!!!!!!!!!!!!!!!!!!
20210824 010608.745 INFO             PET2 Running with ESMF Version   : 8.2.0 beta snapshot
20210824 010608.745 INFO             PET2 ESMF library build date/time: "Aug 24 2021" "00:34:39"
20210824 010608.745 INFO             PET2 ESMF library build location : /lustre/f2/dev/ncep/Mark.Potts/intel_2019.5_mpi_g_develop
20210824 010608.745 INFO             PET2 ESMF_COMM                   : mpi
20210824 010608.746 INFO             PET2 ESMF_MOAB                   : enabled
20210824 010608.746 INFO             PET2 ESMF_LAPACK                 : enabled
20210824 010608.746 INFO             PET2 ESMF_NETCDF                 : enabled
20210824 010608.746 INFO             PET2 ESMF_PNETCDF                : disabled
20210824 010608.746 INFO             PET2 ESMF_PIO                    : enabled
20210824 010608.746 INFO             PET2 ESMF_YAMLCPP                : enabled
20210824 010609.356 INFO             PET2  NUMBER_OF_PROCESSORS           4
20210824 010609.357 INFO             PET2  PASS  Example ESMF_FieldEx, ESMF_FieldEx.F90, line 999
20210824 010609.357 INFO             PET2 Finalizing ESMF
20210824 010608.738 INFO             PET3 !!!!!!!!!!!!!!!!!!!!!!!!!!!!!!!!!!!!!!!!!!!!!!!!!!!!!!
20210824 010608.738 INFO             PET3 !!! THE ESMF_LOG IS SET TO OUTPUT ALL LOG MESSAGES !!!
20210824 010608.738 INFO             PET3 !!!     THIS MAY CAUSE SLOWDOWN IN PERFORMANCE     !!!
20210824 010608.738 INFO             PET3 !!! FOR PRODUCTION RUNS, USE:                      !!!
20210824 010608.738 INFO             PET3 !!!                   ESMF_LOGKIND_Multi_On_Error  !!!
20210824 010608.738 INFO             PET3 !!!!!!!!!!!!!!!!!!!!!!!!!!!!!!!!!!!!!!!!!!!!!!!!!!!!!!
20210824 010608.738 INFO             PET3 Running with ESMF Version   : 8.2.0 beta snapshot
20210824 010608.738 INFO             PET3 ESMF library build date/time: "Aug 24 2021" "00:34:39"
20210824 010608.738 INFO             PET3 ESMF library build location : /lustre/f2/dev/ncep/Mark.Potts/intel_2019.5_mpi_g_develop
20210824 010608.739 INFO             PET3 ESMF_COMM                   : mpi
20210824 010608.739 INFO             PET3 ESMF_MOAB                   : enabled
20210824 010608.739 INFO             PET3 ESMF_LAPACK                 : enabled
20210824 010608.739 INFO             PET3 ESMF_NETCDF                 : enabled
20210824 010608.739 INFO             PET3 ESMF_PNETCDF                : disabled
20210824 010608.739 INFO             PET3 ESMF_PIO                    : enabled
20210824 010608.739 INFO             PET3 ESMF_YAMLCPP                : enabled
20210824 010609.356 INFO             PET3  NUMBER_OF_PROCESSORS           4
20210824 010609.357 INFO             PET3  PASS  Example ESMF_FieldEx, ESMF_FieldEx.F90, line 999
20210824 010609.357 INFO             PET3 Finalizing ESMF
