build time -- 2021-05-13 00:40:25
20210513 011717.352 INFO             PET0 !!!!!!!!!!!!!!!!!!!!!!!!!!!!!!!!!!!!!!!!!!!!!!!!!!!!!!
20210513 011717.352 INFO             PET0 !!! THE ESMF_LOG IS SET TO OUTPUT ALL LOG MESSAGES !!!
20210513 011717.352 INFO             PET0 !!!     THIS MAY CAUSE SLOWDOWN IN PERFORMANCE     !!!
20210513 011717.352 INFO             PET0 !!! FOR PRODUCTION RUNS, USE:                      !!!
20210513 011717.352 INFO             PET0 !!!                   ESMF_LOGKIND_Multi_On_Error  !!!
20210513 011717.352 INFO             PET0 !!!!!!!!!!!!!!!!!!!!!!!!!!!!!!!!!!!!!!!!!!!!!!!!!!!!!!
20210513 011717.352 INFO             PET0 Running with ESMF Version   : 8.2.0 beta snapshot
20210513 011717.352 INFO             PET0 ESMF library build date/time: "May 13 2021" "00:38:30"
20210513 011717.352 INFO             PET0 ESMF library build location : /lustre/f2/dev/ncep/Mark.Potts/intel_2019.5_mpi_g_develop
20210513 011717.352 INFO             PET0 ESMF_COMM                   : mpi
20210513 011717.353 INFO             PET0 ESMF_MOAB                   : enabled
20210513 011717.353 INFO             PET0 ESMF_LAPACK                 : enabled
20210513 011717.353 INFO             PET0 ESMF_NETCDF                 : enabled
20210513 011717.353 INFO             PET0 ESMF_PNETCDF                : disabled
20210513 011717.353 INFO             PET0 ESMF_PIO                    : enabled
20210513 011717.353 INFO             PET0 ESMF_YAMLCPP                : enabled
20210513 011717.364 INFO             PET0  NUMBER_OF_PROCESSORS           4
20210513 011717.364 INFO             PET0  PASS  Example ESMF_FieldBundleCreateEx, ESMF_FieldBundleCreateEx.F90, line 561
20210513 011717.364 INFO             PET0 Finalizing ESMF
20210513 011717.356 INFO             PET1 !!!!!!!!!!!!!!!!!!!!!!!!!!!!!!!!!!!!!!!!!!!!!!!!!!!!!!
20210513 011717.356 INFO             PET1 !!! THE ESMF_LOG IS SET TO OUTPUT ALL LOG MESSAGES !!!
20210513 011717.356 INFO             PET1 !!!     THIS MAY CAUSE SLOWDOWN IN PERFORMANCE     !!!
20210513 011717.356 INFO             PET1 !!! FOR PRODUCTION RUNS, USE:                      !!!
20210513 011717.356 INFO             PET1 !!!                   ESMF_LOGKIND_Multi_On_Error  !!!
20210513 011717.356 INFO             PET1 !!!!!!!!!!!!!!!!!!!!!!!!!!!!!!!!!!!!!!!!!!!!!!!!!!!!!!
20210513 011717.356 INFO             PET1 Running with ESMF Version   : 8.2.0 beta snapshot
20210513 011717.356 INFO             PET1 ESMF library build date/time: "May 13 2021" "00:38:30"
20210513 011717.356 INFO             PET1 ESMF library build location : /lustre/f2/dev/ncep/Mark.Potts/intel_2019.5_mpi_g_develop
20210513 011717.356 INFO             PET1 ESMF_COMM                   : mpi
20210513 011717.357 INFO             PET1 ESMF_MOAB                   : enabled
20210513 011717.357 INFO             PET1 ESMF_LAPACK                 : enabled
20210513 011717.357 INFO             PET1 ESMF_NETCDF                 : enabled
20210513 011717.357 INFO             PET1 ESMF_PNETCDF                : disabled
20210513 011717.357 INFO             PET1 ESMF_PIO                    : enabled
20210513 011717.357 INFO             PET1 ESMF_YAMLCPP                : enabled
20210513 011717.364 INFO             PET1  NUMBER_OF_PROCESSORS           4
20210513 011717.364 INFO             PET1  PASS  Example ESMF_FieldBundleCreateEx, ESMF_FieldBundleCreateEx.F90, line 561
20210513 011717.364 INFO             PET1 Finalizing ESMF
20210513 011717.346 INFO             PET2 !!!!!!!!!!!!!!!!!!!!!!!!!!!!!!!!!!!!!!!!!!!!!!!!!!!!!!
20210513 011717.346 INFO             PET2 !!! THE ESMF_LOG IS SET TO OUTPUT ALL LOG MESSAGES !!!
20210513 011717.346 INFO             PET2 !!!     THIS MAY CAUSE SLOWDOWN IN PERFORMANCE     !!!
20210513 011717.346 INFO             PET2 !!! FOR PRODUCTION RUNS, USE:                      !!!
20210513 011717.346 INFO             PET2 !!!                   ESMF_LOGKIND_Multi_On_Error  !!!
20210513 011717.346 INFO             PET2 !!!!!!!!!!!!!!!!!!!!!!!!!!!!!!!!!!!!!!!!!!!!!!!!!!!!!!
20210513 011717.346 INFO             PET2 Running with ESMF Version   : 8.2.0 beta snapshot
20210513 011717.346 INFO             PET2 ESMF library build date/time: "May 13 2021" "00:38:30"
20210513 011717.346 INFO             PET2 ESMF library build location : /lustre/f2/dev/ncep/Mark.Potts/intel_2019.5_mpi_g_develop
20210513 011717.346 INFO             PET2 ESMF_COMM                   : mpi
20210513 011717.347 INFO             PET2 ESMF_MOAB                   : enabled
20210513 011717.347 INFO             PET2 ESMF_LAPACK                 : enabled
20210513 011717.347 INFO             PET2 ESMF_NETCDF                 : enabled
20210513 011717.347 INFO             PET2 ESMF_PNETCDF                : disabled
20210513 011717.347 INFO             PET2 ESMF_PIO                    : enabled
20210513 011717.347 INFO             PET2 ESMF_YAMLCPP                : enabled
20210513 011717.364 INFO             PET2  NUMBER_OF_PROCESSORS           4
20210513 011717.364 INFO             PET2  PASS  Example ESMF_FieldBundleCreateEx, ESMF_FieldBundleCreateEx.F90, line 561
20210513 011717.364 INFO             PET2 Finalizing ESMF
20210513 011717.340 INFO             PET3 !!!!!!!!!!!!!!!!!!!!!!!!!!!!!!!!!!!!!!!!!!!!!!!!!!!!!!
20210513 011717.340 INFO             PET3 !!! THE ESMF_LOG IS SET TO OUTPUT ALL LOG MESSAGES !!!
20210513 011717.340 INFO             PET3 !!!     THIS MAY CAUSE SLOWDOWN IN PERFORMANCE     !!!
20210513 011717.340 INFO             PET3 !!! FOR PRODUCTION RUNS, USE:                      !!!
20210513 011717.340 INFO             PET3 !!!                   ESMF_LOGKIND_Multi_On_Error  !!!
20210513 011717.340 INFO             PET3 !!!!!!!!!!!!!!!!!!!!!!!!!!!!!!!!!!!!!!!!!!!!!!!!!!!!!!
20210513 011717.340 INFO             PET3 Running with ESMF Version   : 8.2.0 beta snapshot
20210513 011717.340 INFO             PET3 ESMF library build date/time: "May 13 2021" "00:38:30"
20210513 011717.340 INFO             PET3 ESMF library build location : /lustre/f2/dev/ncep/Mark.Potts/intel_2019.5_mpi_g_develop
20210513 011717.340 INFO             PET3 ESMF_COMM                   : mpi
20210513 011717.341 INFO             PET3 ESMF_MOAB                   : enabled
20210513 011717.341 INFO             PET3 ESMF_LAPACK                 : enabled
20210513 011717.341 INFO             PET3 ESMF_NETCDF                 : enabled
20210513 011717.341 INFO             PET3 ESMF_PNETCDF                : disabled
20210513 011717.341 INFO             PET3 ESMF_PIO                    : enabled
20210513 011717.341 INFO             PET3 ESMF_YAMLCPP                : enabled
20210513 011717.364 INFO             PET3  NUMBER_OF_PROCESSORS           4
20210513 011717.364 INFO             PET3  PASS  Example ESMF_FieldBundleCreateEx, ESMF_FieldBundleCreateEx.F90, line 561
20210513 011717.364 INFO             PET3 Finalizing ESMF
