build time -- 2021-06-30 16:33:34
20210630 165510.205 INFO             PET0 !!!!!!!!!!!!!!!!!!!!!!!!!!!!!!!!!!!!!!!!!!!!!!!!!!!!!!
20210630 165510.205 INFO             PET0 !!! THE ESMF_LOG IS SET TO OUTPUT ALL LOG MESSAGES !!!
20210630 165510.205 INFO             PET0 !!!     THIS MAY CAUSE SLOWDOWN IN PERFORMANCE     !!!
20210630 165510.205 INFO             PET0 !!! FOR PRODUCTION RUNS, USE:                      !!!
20210630 165510.205 INFO             PET0 !!!                   ESMF_LOGKIND_Multi_On_Error  !!!
20210630 165510.205 INFO             PET0 !!!!!!!!!!!!!!!!!!!!!!!!!!!!!!!!!!!!!!!!!!!!!!!!!!!!!!
20210630 165510.205 INFO             PET0 Running with ESMF Version   : ESMF_8_2_0_beta_snapshot_11-9-g26b23c79af
20210630 165510.205 INFO             PET0 ESMF library build date/time: "Jun 30 2021" "16:32:26"
20210630 165510.205 INFO             PET0 ESMF library build location : /lfs/h1/emc/ptmp/Mark.Potts/gfortran_10.2.0_mpich3_g_develop
20210630 165510.205 INFO             PET0 ESMF_COMM                   : mpich3
20210630 165510.206 INFO             PET0 ESMF_MOAB                   : enabled
20210630 165510.206 INFO             PET0 ESMF_LAPACK                 : enabled
20210630 165510.206 INFO             PET0 ESMF_NETCDF                 : enabled
20210630 165510.206 INFO             PET0 ESMF_PNETCDF                : disabled
20210630 165510.206 INFO             PET0 ESMF_PIO                    : enabled
20210630 165510.206 INFO             PET0 ESMF_YAMLCPP                : enabled
20210630 165510.206 INFO             PET0  NUMBER_OF_PROCESSORS           1
20210630 165510.206 INFO             PET0  PASS  Example ESMF_AlarmEx, ESMF_AlarmEx.F90, line 244
20210630 165510.206 INFO             PET0 Finalizing ESMF
