build time -- 2021-05-18 16:33:43
 localPET=           0  localDE=           0 : array(           1 ,           1 )=   0.0000000000000000     
 localPET=           0  localDE=           0 : array(           1 ,           2 )=   4.2439915829186759E-314
 localPET=           0  localDE=           0 : array(           2 ,           1 )=   4.2439915829186759E-314
 localPET=           0  localDE=           0 : array(           2 ,           2 )=   2.1219957924474693E-314
 localPET=           0  localDE=           0 : array(           3 ,           1 )=   4.2439915834127416E-314
 localPET=           1  localDE=           0 : array(           1 ,           1 )=   1.3785925573483803E-316
 localPET=           1  localDE=           0 : array(           1 ,           2 )=   0.0000000000000000     
 localPET=           1  localDE=           0 : array(           2 ,           1 )=   0.0000000000000000     
 localPET=           1  localDE=           0 : array(           2 ,           2 )=   0.0000000000000000     
 localPET=           1  localDE=           1 : array(           1 ,           1 )=   1.3788257563332173E-316
 localPET=           1  localDE=           1 : array(           2 ,           1 )=   1.1282154823559568E-310
 localPET=           2  localDE=           0 : array(           1 ,           1 )=   0.0000000000000000     
 localPET=           2  localDE=           0 : array(           1 ,           2 )=   4.2439915829186759E-314
 localPET=           2  localDE=           0 : array(           2 ,           1 )=   4.2439915829186759E-314
 localPET=           2  localDE=           0 : array(           2 ,           2 )=   2.1219957924474693E-314
 localPET=           2  localDE=           0 : array(           3 ,           1 )=   4.2439915834127416E-314
 localPET=           2  localDE=           0 : array(           3 ,           2 )=   2.1219957919534036E-314
 localPET=           3  localDE=           0 : array(           1 ,           1 )=   1.2142315413201144E-316
 localPET=           3  localDE=           0 : array(           1 ,           2 )=   0.0000000000000000     
 localPET=           3  localDE=           0 : array(           2 ,           1 )=   0.0000000000000000     
 localPET=           3  localDE=           0 : array(           2 ,           2 )=   0.0000000000000000     
 localPET=           0  localDE=           0 : array(           3 ,           2 )=   2.1219957919534036E-314
 localPET=           0  localDE=           1 : array(           1 ,           1 )=   5.3496084273133488E-317
 localPET=           0  localDE=           1 : array(           2 ,           1 )=   1.1234122572086363E-310
 localPET=           0  localDE=           1 : array(           3 ,           1 )=   5.3496479525650161E-317
 localPet:            3 DE            3  [           1           2 ]
 localPet:            1 DE            1  [           1           2 ]
 localPet:            1 DE            5  [           1           2 ]
 localPet:            2 DE            2  [           1           3 ]
 localPet:            0 DE            0  [           1           3 ]
 localPet:            0 DE            4  [           1           3 ]
  PASS  Example ESMF_ArrayEx, ESMF_ArrayEx.F90, line 1899
 PASS: ESMF_ArrayEx.F90
  PASS  Example ESMF_ArrayEx, ESMF_ArrayEx.F90, line 1899
 PASS: ESMF_ArrayEx.F90
  PASS  Example ESMF_ArrayEx, ESMF_ArrayEx.F90, line 1899
 PASS: ESMF_ArrayEx.F90
  PASS  Example ESMF_ArrayEx, ESMF_ArrayEx.F90, line 1899
 PASS: ESMF_ArrayEx.F90
