build time -- 2021-06-27 16:33:21
20210627 165530.702 INFO             PET0 !!!!!!!!!!!!!!!!!!!!!!!!!!!!!!!!!!!!!!!!!!!!!!!!!!!!!!
20210627 165530.703 INFO             PET0 !!! THE ESMF_LOG IS SET TO OUTPUT ALL LOG MESSAGES !!!
20210627 165530.703 INFO             PET0 !!!     THIS MAY CAUSE SLOWDOWN IN PERFORMANCE     !!!
20210627 165530.703 INFO             PET0 !!! FOR PRODUCTION RUNS, USE:                      !!!
20210627 165530.703 INFO             PET0 !!!                   ESMF_LOGKIND_Multi_On_Error  !!!
20210627 165530.703 INFO             PET0 !!!!!!!!!!!!!!!!!!!!!!!!!!!!!!!!!!!!!!!!!!!!!!!!!!!!!!
20210627 165530.703 INFO             PET0 Running with ESMF Version   : ESMF_8_2_0_beta_snapshot_11-8-gb3000f9ecd
20210627 165530.703 INFO             PET0 ESMF library build date/time: "Jun 27 2021" "16:32:16"
20210627 165530.703 INFO             PET0 ESMF library build location : /lfs/h1/emc/ptmp/Mark.Potts/gfortran_10.2.0_mpich3_g_develop
20210627 165530.703 INFO             PET0 ESMF_COMM                   : mpich3
20210627 165530.703 INFO             PET0 ESMF_MOAB                   : enabled
20210627 165530.703 INFO             PET0 ESMF_LAPACK                 : enabled
20210627 165530.703 INFO             PET0 ESMF_NETCDF                 : enabled
20210627 165530.703 INFO             PET0 ESMF_PNETCDF                : disabled
20210627 165530.703 INFO             PET0 ESMF_PIO                    : enabled
20210627 165530.703 INFO             PET0 ESMF_YAMLCPP                : enabled
20210627 165530.710 INFO             PET0  NUMBER_OF_PROCESSORS           1
20210627 165530.710 INFO             PET0  PASS  Example ESMF_XGridSparseMatEx, ESMF_XGridSparseMatEx.F90, line 642
20210627 165530.710 INFO             PET0 Finalizing ESMF
