build time -- 2021-09-26 17:50:16.754021
running test_examples
test_field_read (examples.exampletest.TestExamples) ... [chianti:32349] *** Process received signal ***
[chianti:32349] Signal: Segmentation fault (11)
[chianti:32349] Signal code: Address not mapped (1)
[chianti:32349] Failing at address: 0x440000e8
[chianti:32349] [ 0] /lib/x86_64-linux-gnu/libpthread.so.0(+0x12890)[0x7f7cd27a8890]
[chianti:32349] [ 1] /home/mpotts/spack/opt/spack/linux-linuxmint19-skylake/gcc-9.3.0/openmpi-3.1.3-cq27tbasbgtcpg7bn2gxkllwlxjbt7aj/lib/libmpi.so.40(PMPI_Comm_rank+0x37)[0x7f7cb7114447]
[chianti:32349] [ 2] /home/mpotts/gfortran_9.3.0_openmpi_O_develop/DEFAULTINSTALLDIR/lib/libO/Linux.gfortran.64.openmpi.default/libesmf_fullylinked.so(_ZN5ESMCI3VMK4initEib+0xb6)[0x7f7cb8949860]
[chianti:32349] [ 3] /home/mpotts/gfortran_9.3.0_openmpi_O_develop/DEFAULTINSTALLDIR/lib/libO/Linux.gfortran.64.openmpi.default/libesmf_fullylinked.so(_ZN5ESMCI2VM10initializeEibPi+0xdb)[0x7f7cb893def5]
[chianti:32349] [ 4] /home/mpotts/gfortran_9.3.0_openmpi_O_develop/DEFAULTINSTALLDIR/lib/libO/Linux.gfortran.64.openmpi.default/libesmf_fullylinked.so(c_esmc_vminitialize_+0x4f)[0x7f7cb8957d91]
[chianti:32349] [ 5] /home/mpotts/gfortran_9.3.0_openmpi_O_develop/DEFAULTINSTALLDIR/lib/libO/Linux.gfortran.64.openmpi.default/libesmf_fullylinked.so(__esmf_vmmod_MOD_esmf_vminitialize+0x4f)[0x7f7cb8fcc93a]
[chianti:32349] [ 6] /home/mpotts/gfortran_9.3.0_openmpi_O_develop/DEFAULTINSTALLDIR/lib/libO/Linux.gfortran.64.openmpi.default/libesmf_fullylinked.so(__esmf_initmod_MOD_esmf_frameworkinternalinit+0x43d)[0x7f7cb8ec45ec]
[chianti:32349] [ 7] /home/mpotts/gfortran_9.3.0_openmpi_O_develop/DEFAULTINSTALLDIR/lib/libO/Linux.gfortran.64.openmpi.default/libesmf_fullylinked.so(f_esmf_frameworkinitialize_+0x35)[0x7f7cb8ec6dcd]
[chianti:32349] [ 8] /home/mpotts/gfortran_9.3.0_openmpi_O_develop/DEFAULTINSTALLDIR/lib/libO/Linux.gfortran.64.openmpi.default/libesmf_fullylinked.so(_Z16ESMCI_InitializePc17ESMC_CalKind_FlagS_17ESMC_LogKind_Flag+0x97)[0x7f7cb87338a5]
[chianti:32349] [ 9] /home/mpotts/gfortran_9.3.0_openmpi_O_develop/DEFAULTINSTALLDIR/lib/libO/Linux.gfortran.64.openmpi.default/libesmf_fullylinked.so(ESMC_Initialize+0x27a)[0x7f7cb899eba0]
[chianti:32349] [10] /home/mpotts/miniconda3/lib/python3.7/lib-dynload/../../libffi.so.6(ffi_call_unix64+0x4c)[0x7f7cbbac9ec0]
[chianti:32349] [11] /home/mpotts/miniconda3/lib/python3.7/lib-dynload/../../libffi.so.6(ffi_call+0x22d)[0x7f7cbbac987d]
[chianti:32349] [12] /home/mpotts/miniconda3/lib/python3.7/lib-dynload/_ctypes.cpython-37m-x86_64-linux-gnu.so(_ctypes_callproc+0x2ce)[0x7f7cbbcdeede]
[chianti:32349] [13] /home/mpotts/miniconda3/lib/python3.7/lib-dynload/_ctypes.cpython-37m-x86_64-linux-gnu.so(+0x12914)[0x7f7cbbcdf914]
[chianti:32349] [14] /home/mpotts/miniconda3/bin/python(_PyObject_FastCallKeywords+0x49b)[0x55f6bb2a78fb]
[chianti:32349] [15] /home/mpotts/miniconda3/bin/python(_PyEval_EvalFrameDefault+0x52f8)[0x55f6bb30b6e8]
[chianti:32349] [16] /home/mpotts/miniconda3/bin/python(_PyEval_EvalCodeWithName+0x2f9)[0x55f6bb24f539]
[chianti:32349] [17] /home/mpotts/miniconda3/bin/python(_PyFunction_FastCallKeywords+0x387)[0x55f6bb29ef57]
[chianti:32349] [18] /home/mpotts/miniconda3/bin/python(_PyEval_EvalFrameDefault+0x14dc)[0x55f6bb3078cc]
[chianti:32349] [19] /home/mpotts/miniconda3/bin/python(_PyEval_EvalCodeWithName+0x2f9)[0x55f6bb24f539]
[chianti:32349] [20] /home/mpotts/miniconda3/bin/python(_PyFunction_FastCallDict+0x400)[0x55f6bb250860]
[chianti:32349] [21] /home/mpotts/miniconda3/bin/python(_PyObject_Call_Prepend+0x63)[0x55f6bb26ee53]
[chianti:32349] [22] /home/mpotts/miniconda3/bin/python(+0x16b97a)[0x55f6bb2a697a]
[chianti:32349] [23] /home/mpotts/miniconda3/bin/python(_PyObject_FastCallKeywords+0x128)[0x55f6bb2a7588]
[chianti:32349] [24] /home/mpotts/miniconda3/bin/python(_PyEval_EvalFrameDefault+0x569f)[0x55f6bb30ba8f]
[chianti:32349] [25] /home/mpotts/miniconda3/bin/python(_PyEval_EvalCodeWithName+0x2f9)[0x55f6bb24f539]
[chianti:32349] [26] /home/mpotts/miniconda3/bin/python(PyEval_EvalCodeEx+0x44)[0x55f6bb250424]
[chianti:32349] [27] /home/mpotts/miniconda3/bin/python(PyEval_EvalCode+0x1c)[0x55f6bb25044c]
[chianti:32349] [28] /home/mpotts/miniconda3/bin/python(+0x1dae81)[0x55f6bb315e81]
[chianti:32349] [29] /home/mpotts/miniconda3/bin/python(_PyMethodDef_RawFastCallDict+0x2b2)[0x55f6bb2706a2]
[chianti:32349] *** End of error message ***
Retrieving http://data.earthsystemmodeling.org/download/data/aggregAtlanticESTOFS.nc...

Retrieving http://data.earthsystemmodeling.org/download/data/GRIDSPEC_ACCESS1.nc...

Retrieving http://data.earthsystemmodeling.org/download/data/ll1deg_grid.nc...

Retrieving http://data.earthsystemmodeling.org/download/data/ll2.5deg_grid.nc...

Retrieving http://data.earthsystemmodeling.org/download/data/mpas_uniform_10242_dual_counterclockwise.nc...

Retrieving http://data.earthsystemmodeling.org/download/data/so_Omon_GISS-E2.nc...

Retrieving http://data.earthsystemmodeling.org/download/data/T42_grid.nc...

Traceback (most recent call last):
  File "setup.py", line 244, in <module>
    setup(name="ESMPy",
  File "/home/mpotts/spack/opt/spack/linux-linuxmint19-skylake/intel-2021.2.0/python-3.8.10-wi4q6e6fji23waxv7b2dhirkudt5dcoi/lib/python3.8/distutils/core.py", line 148, in setup
    dist.run_commands()
  File "/home/mpotts/spack/opt/spack/linux-linuxmint19-skylake/intel-2021.2.0/python-3.8.10-wi4q6e6fji23waxv7b2dhirkudt5dcoi/lib/python3.8/distutils/dist.py", line 966, in run_commands
    self.run_command(cmd)
  File "/home/mpotts/spack/opt/spack/linux-linuxmint19-skylake/intel-2021.2.0/python-3.8.10-wi4q6e6fji23waxv7b2dhirkudt5dcoi/lib/python3.8/distutils/dist.py", line 985, in run_command
    cmd_obj.run()
  File "setup.py", line 15, in wrapper
    return func(self)
  File "setup.py", line 166, in run
    AbstractESMFNoseCommand.run(self)
  File "setup.py", line 49, in run
    subprocess.check_call(cmd)
  File "/home/mpotts/spack/opt/spack/linux-linuxmint19-skylake/intel-2021.2.0/python-3.8.10-wi4q6e6fji23waxv7b2dhirkudt5dcoi/lib/python3.8/subprocess.py", line 364, in check_call
    raise CalledProcessError(retcode, cmd)
subprocess.CalledProcessError: Command '['nosetests', '-vs', '--with-xunit', '-a', '!slow,!parallel', 'examples/exampletest.py']' died with <Signals.SIGSEGV: 11>.
