build time -- 08:27:18
running test_regrid_from_file
Traceback (most recent call last):
  File "src/ESMF/test/regrid_from_file/run_regrid_from_file.py", line 6, in <module>
    import ESMF.api.constants as constants
  File "/home/mpotts/gfortran_9.3.0_openmpi_O_develop/src/addon/ESMPy/src/ESMF/__init__.py", line 69, in <module>
    from ESMF.api.esmpymanager import *
  File "/home/mpotts/gfortran_9.3.0_openmpi_O_develop/src/addon/ESMPy/src/ESMF/api/esmpymanager.py", line 11, in <module>
    from ESMF.interface.cbindings import *
  File "/home/mpotts/gfortran_9.3.0_openmpi_O_develop/src/addon/ESMPy/src/ESMF/interface/cbindings.py", line 13, in <module>
    from ESMF.interface.loadESMF import _ESMF
  File "/home/mpotts/gfortran_9.3.0_openmpi_O_develop/src/addon/ESMPy/src/ESMF/interface/loadESMF.py", line 36, in <module>
    with open(esmfmk, 'r') as MKFILE:
FileNotFoundError: [Errno 2] No such file or directory: ''
Traceback (most recent call last):
  File "setup.py", line 244, in <module>
    setup(name="ESMPy",
  File "/home/mpotts/spack/opt/spack/linux-linuxmint19-skylake/intel-2021.2.0/python-3.8.10-wi4q6e6fji23waxv7b2dhirkudt5dcoi/lib/python3.8/distutils/core.py", line 148, in setup
    dist.run_commands()
  File "/home/mpotts/spack/opt/spack/linux-linuxmint19-skylake/intel-2021.2.0/python-3.8.10-wi4q6e6fji23waxv7b2dhirkudt5dcoi/lib/python3.8/distutils/dist.py", line 966, in run_commands
    self.run_command(cmd)
  File "/home/mpotts/spack/opt/spack/linux-linuxmint19-skylake/intel-2021.2.0/python-3.8.10-wi4q6e6fji23waxv7b2dhirkudt5dcoi/lib/python3.8/distutils/dist.py", line 985, in run_command
    cmd_obj.run()
  File "setup.py", line 192, in run
    subprocess.check_call(cmd)
  File "/home/mpotts/spack/opt/spack/linux-linuxmint19-skylake/intel-2021.2.0/python-3.8.10-wi4q6e6fji23waxv7b2dhirkudt5dcoi/lib/python3.8/subprocess.py", line 364, in check_call
    raise CalledProcessError(retcode, cmd)
subprocess.CalledProcessError: Command '['/home/mpotts/spack/opt/spack/linux-linuxmint19-skylake/intel-2021.2.0/python-3.8.10-wi4q6e6fji23waxv7b2dhirkudt5dcoi/bin/python3', 'src/ESMF/test/regrid_from_file/run_regrid_from_file.py']' returned non-zero exit status 1.
