build time -- 2021-09-25 17:49:18.503337
[chianti:14643] *** Process received signal ***
[chianti:14643] Signal: Segmentation fault (11)
[chianti:14643] Signal code: Address not mapped (1)
[chianti:14643] Failing at address: 0x440000e8
[chianti:14642] *** Process received signal ***
[chianti:14642] Signal: Segmentation fault (11)
[chianti:14642] Signal code: Address not mapped (1)
[chianti:14642] Failing at address: 0x440000e8
[chianti:14645] *** Process received signal ***
[chianti:14645] Signal: Segmentation fault (11)
[chianti:14645] Signal code: Address not mapped (1)
[chianti:14645] Failing at address: 0x440000e8
[chianti:14644] *** Process received signal ***
[chianti:14644] Signal: Segmentation fault (11)
[chianti:14644] Signal code: Address not mapped (1)
[chianti:14644] Failing at address: 0x440000e8
[chianti:14643] [ 0] /lib/x86_64-linux-gnu/libpthread.so.0(+0x12890)[0x7fa14974a890]
[chianti:14643] [ 1] [chianti:14642] [ 0] [chianti:14644] [ 0] [chianti:14645] [ 0] /lib/x86_64-linux-gnu/libpthread.so.0(+0x12890)[0x7f7c1b9e1890]
[chianti:14642] [ 1] /lib/x86_64-linux-gnu/libpthread.so.0(+0x12890)[0x7f2008a06890]
[chianti:14645] [ 1] /lib/x86_64-linux-gnu/libpthread.so.0(+0x12890)[0x7fa07c0e1890]
[chianti:14644] [ 1] /home/mpotts/spack/opt/spack/linux-linuxmint19-skylake/gcc-9.3.0/openmpi-3.1.3-cq27tbasbgtcpg7bn2gxkllwlxjbt7aj/lib/libmpi.so.40(PMPI_Comm_rank+0x37)[0x7fa128e1e447]
[chianti:14643] [ 2] /home/mpotts/spack/opt/spack/linux-linuxmint19-skylake/gcc-9.3.0/openmpi-3.1.3-cq27tbasbgtcpg7bn2gxkllwlxjbt7aj/lib/libmpi.so.40(PMPI_Comm_rank+0x37)[0x7f7bfb0b5447]
[chianti:14642] [ 2] /home/mpotts/spack/opt/spack/linux-linuxmint19-skylake/gcc-9.3.0/openmpi-3.1.3-cq27tbasbgtcpg7bn2gxkllwlxjbt7aj/lib/libmpi.so.40(PMPI_Comm_rank+0x37)[0x7fa05b7b5447]
[chianti:14644] [ 2] /home/mpotts/spack/opt/spack/linux-linuxmint19-skylake/gcc-9.3.0/openmpi-3.1.3-cq27tbasbgtcpg7bn2gxkllwlxjbt7aj/lib/libmpi.so.40(PMPI_Comm_rank+0x37)[0x7f1fe80da447]
[chianti:14645] [ 2] /home/mpotts/gfortran_9.3.0_openmpi_O_develop/DEFAULTINSTALLDIR/lib/libO/Linux.gfortran.64.openmpi.default/libesmf_fullylinked.so(_ZN5ESMCI3VMK4initEib+0xb6)[0x7fa12a85b860]
[chianti:14643] [ 3] /home/mpotts/gfortran_9.3.0_openmpi_O_develop/DEFAULTINSTALLDIR/lib/libO/Linux.gfortran.64.openmpi.default/libesmf_fullylinked.so(_ZN5ESMCI3VMK4initEib+0xb6)[0x7f7bfcaf2860]
[chianti:14642] [ 3] /home/mpotts/gfortran_9.3.0_openmpi_O_develop/DEFAULTINSTALLDIR/lib/libO/Linux.gfortran.64.openmpi.default/libesmf_fullylinked.so(_ZN5ESMCI3VMK4initEib+0xb6)[0x7fa05d1f2860]
[chianti:14644] [ 3] /home/mpotts/gfortran_9.3.0_openmpi_O_develop/DEFAULTINSTALLDIR/lib/libO/Linux.gfortran.64.openmpi.default/libesmf_fullylinked.so(_ZN5ESMCI3VMK4initEib+0xb6)[0x7f1fe9b17860]
[chianti:14645] [ 3] /home/mpotts/gfortran_9.3.0_openmpi_O_develop/DEFAULTINSTALLDIR/lib/libO/Linux.gfortran.64.openmpi.default/libesmf_fullylinked.so(_ZN5ESMCI2VM10initializeEibPi+0xdb)[0x7fa05d1e6ef5]
[chianti:14644] [ 4] /home/mpotts/gfortran_9.3.0_openmpi_O_develop/DEFAULTINSTALLDIR/lib/libO/Linux.gfortran.64.openmpi.default/libesmf_fullylinked.so(_ZN5ESMCI2VM10initializeEibPi+0xdb)[0x7fa12a84fef5]
[chianti:14643] [ 4] /home/mpotts/gfortran_9.3.0_openmpi_O_develop/DEFAULTINSTALLDIR/lib/libO/Linux.gfortran.64.openmpi.default/libesmf_fullylinked.so(_ZN5ESMCI2VM10initializeEibPi+0xdb)[0x7f7bfcae6ef5]
[chianti:14642] [ 4] /home/mpotts/gfortran_9.3.0_openmpi_O_develop/DEFAULTINSTALLDIR/lib/libO/Linux.gfortran.64.openmpi.default/libesmf_fullylinked.so(_ZN5ESMCI2VM10initializeEibPi+0xdb)[0x7f1fe9b0bef5]
[chianti:14645] [ 4] /home/mpotts/gfortran_9.3.0_openmpi_O_develop/DEFAULTINSTALLDIR/lib/libO/Linux.gfortran.64.openmpi.default/libesmf_fullylinked.so(c_esmc_vminitialize_+0x4f)[0x7f7bfcb00d91]
[chianti:14642] [ 5] /home/mpotts/gfortran_9.3.0_openmpi_O_develop/DEFAULTINSTALLDIR/lib/libO/Linux.gfortran.64.openmpi.default/libesmf_fullylinked.so(c_esmc_vminitialize_+0x4f)[0x7fa05d200d91]
[chianti:14644] [ 5] /home/mpotts/gfortran_9.3.0_openmpi_O_develop/DEFAULTINSTALLDIR/lib/libO/Linux.gfortran.64.openmpi.default/libesmf_fullylinked.so(c_esmc_vminitialize_+0x4f)[0x7fa12a869d91]
[chianti:14643] [ 5] /home/mpotts/gfortran_9.3.0_openmpi_O_develop/DEFAULTINSTALLDIR/lib/libO/Linux.gfortran.64.openmpi.default/libesmf_fullylinked.so(c_esmc_vminitialize_+0x4f)[0x7f1fe9b25d91]
[chianti:14645] [ 5] /home/mpotts/gfortran_9.3.0_openmpi_O_develop/DEFAULTINSTALLDIR/lib/libO/Linux.gfortran.64.openmpi.default/libesmf_fullylinked.so(__esmf_vmmod_MOD_esmf_vminitialize+0x4f)[0x7fa12aede93a]
[chianti:14643] [ 6] /home/mpotts/gfortran_9.3.0_openmpi_O_develop/DEFAULTINSTALLDIR/lib/libO/Linux.gfortran.64.openmpi.default/libesmf_fullylinked.so(__esmf_vmmod_MOD_esmf_vminitialize+0x4f)[0x7f7bfd17593a]
[chianti:14642] [ 6] /home/mpotts/gfortran_9.3.0_openmpi_O_develop/DEFAULTINSTALLDIR/lib/libO/Linux.gfortran.64.openmpi.default/libesmf_fullylinked.so(__esmf_vmmod_MOD_esmf_vminitialize+0x4f)[0x7fa05d87593a]
[chianti:14644] [ 6] /home/mpotts/gfortran_9.3.0_openmpi_O_develop/DEFAULTINSTALLDIR/lib/libO/Linux.gfortran.64.openmpi.default/libesmf_fullylinked.so(__esmf_vmmod_MOD_esmf_vminitialize+0x4f)[0x7f1fea19a93a]
[chianti:14645] [ 6] /home/mpotts/gfortran_9.3.0_openmpi_O_develop/DEFAULTINSTALLDIR/lib/libO/Linux.gfortran.64.openmpi.default/libesmf_fullylinked.so(__esmf_initmod_MOD_esmf_frameworkinternalinit+0x43d)[0x7fa05d76d5ec]
[chianti:14644] [ 7] /home/mpotts/gfortran_9.3.0_openmpi_O_develop/DEFAULTINSTALLDIR/lib/libO/Linux.gfortran.64.openmpi.default/libesmf_fullylinked.so(__esmf_initmod_MOD_esmf_frameworkinternalinit+0x43d)[0x7f7bfd06d5ec]
[chianti:14642] [ 7] /home/mpotts/gfortran_9.3.0_openmpi_O_develop/DEFAULTINSTALLDIR/lib/libO/Linux.gfortran.64.openmpi.default/libesmf_fullylinked.so(__esmf_initmod_MOD_esmf_frameworkinternalinit+0x43d)[0x7f1fea0925ec]
[chianti:14645] [ 7] /home/mpotts/gfortran_9.3.0_openmpi_O_develop/DEFAULTINSTALLDIR/lib/libO/Linux.gfortran.64.openmpi.default/libesmf_fullylinked.so(__esmf_initmod_MOD_esmf_frameworkinternalinit+0x43d)[0x7fa12add65ec]
[chianti:14643] [ 7] /home/mpotts/gfortran_9.3.0_openmpi_O_develop/DEFAULTINSTALLDIR/lib/libO/Linux.gfortran.64.openmpi.default/libesmf_fullylinked.so(f_esmf_frameworkinitialize_+0x35)[0x7f7bfd06fdcd]
[chianti:14642] [ 8] /home/mpotts/gfortran_9.3.0_openmpi_O_develop/DEFAULTINSTALLDIR/lib/libO/Linux.gfortran.64.openmpi.default/libesmf_fullylinked.so(f_esmf_frameworkinitialize_+0x35)[0x7f1fea094dcd]
[chianti:14645] [ 8] /home/mpotts/gfortran_9.3.0_openmpi_O_develop/DEFAULTINSTALLDIR/lib/libO/Linux.gfortran.64.openmpi.default/libesmf_fullylinked.so(f_esmf_frameworkinitialize_+0x35)[0x7fa05d76fdcd]
[chianti:14644] [ 8] /home/mpotts/gfortran_9.3.0_openmpi_O_develop/DEFAULTINSTALLDIR/lib/libO/Linux.gfortran.64.openmpi.default/libesmf_fullylinked.so(f_esmf_frameworkinitialize_+0x35)[0x7fa12add8dcd]
[chianti:14643] [ 8] /home/mpotts/gfortran_9.3.0_openmpi_O_develop/DEFAULTINSTALLDIR/lib/libO/Linux.gfortran.64.openmpi.default/libesmf_fullylinked.so(_Z16ESMCI_InitializePc17ESMC_CalKind_FlagS_17ESMC_LogKind_Flag+0x97)[0x7fa05cfdc8a5]
[chianti:14644] [ 9] /home/mpotts/gfortran_9.3.0_openmpi_O_develop/DEFAULTINSTALLDIR/lib/libO/Linux.gfortran.64.openmpi.default/libesmf_fullylinked.so(_Z16ESMCI_InitializePc17ESMC_CalKind_FlagS_17ESMC_LogKind_Flag+0x97)[0x7f7bfc8dc8a5]
[chianti:14642] [ 9] /home/mpotts/gfortran_9.3.0_openmpi_O_develop/DEFAULTINSTALLDIR/lib/libO/Linux.gfortran.64.openmpi.default/libesmf_fullylinked.so(_Z16ESMCI_InitializePc17ESMC_CalKind_FlagS_17ESMC_LogKind_Flag+0x97)[0x7f1fe99018a5]
[chianti:14645] [ 9] /home/mpotts/gfortran_9.3.0_openmpi_O_develop/DEFAULTINSTALLDIR/lib/libO/Linux.gfortran.64.openmpi.default/libesmf_fullylinked.so(_Z16ESMCI_InitializePc17ESMC_CalKind_FlagS_17ESMC_LogKind_Flag+0x97)[0x7fa12a6458a5]
[chianti:14643] [ 9] /home/mpotts/gfortran_9.3.0_openmpi_O_develop/DEFAULTINSTALLDIR/lib/libO/Linux.gfortran.64.openmpi.default/libesmf_fullylinked.so(ESMC_Initialize+0x27a)[0x7f1fe9b6cba0]
[chianti:14645] [10] /home/mpotts/spack/opt/spack/linux-linuxmint19-skylake/intel-2021.2.0/libffi-3.3-hdtv32ab447h2iz3a23y4c3yzyvm4b74/lib/libffi.so.7(+0xa1b5)[0x7f1fef4531b5]
[chianti:14645] /home/mpotts/gfortran_9.3.0_openmpi_O_develop/DEFAULTINSTALLDIR/lib/libO/Linux.gfortran.64.openmpi.default/libesmf_fullylinked.so(ESMC_Initialize+0x27a)[0x7fa05d247ba0]
[chianti:14644] [10] /home/mpotts/spack/opt/spack/linux-linuxmint19-skylake/intel-2021.2.0/libffi-3.3-hdtv32ab447h2iz3a23y4c3yzyvm4b74/lib/libffi.so.7(+0xa1b5)[0x7fa062b2e1b5]
[chianti:14644] [11] /home/mpotts/gfortran_9.3.0_openmpi_O_develop/DEFAULTINSTALLDIR/lib/libO/Linux.gfortran.64.openmpi.default/libesmf_fullylinked.so(ESMC_Initialize+0x27a)[0x7f7bfcb47ba0]
[chianti:14642] [10] /home/mpotts/spack/opt/spack/linux-linuxmint19-skylake/intel-2021.2.0/libffi-3.3-hdtv32ab447h2iz3a23y4c3yzyvm4b74/lib/libffi.so.7(+0xa1b5)[0x7f7c0242e1b5]
[chianti:14642] [11] /home/mpotts/spack/opt/spack/linux-linuxmint19-skylake/intel-2021.2.0/libffi-3.3-hdtv32ab447h2iz3a23y4c3yzyvm4b74/lib/libffi.so.7(ffi_call+0x6ab)[0x7f7c0242d1db]
/home/mpotts/gfortran_9.3.0_openmpi_O_develop/DEFAULTINSTALLDIR/lib/libO/Linux.gfortran.64.openmpi.default/libesmf_fullylinked.so(ESMC_Initialize+0x27a)[0x7fa12a8b0ba0]
[chianti:14643] [10] /home/mpotts/spack/opt/spack/linux-linuxmint19-skylake/intel-2021.2.0/libffi-3.3-hdtv32ab447h2iz3a23y4c3yzyvm4b74/lib/libffi.so.7(+0xa1b5)[0x7fa1301971b5]
[chianti:14643] [11] [11] /home/mpotts/spack/opt/spack/linux-linuxmint19-skylake/intel-2021.2.0/libffi-3.3-hdtv32ab447h2iz3a23y4c3yzyvm4b74/lib/libffi.so.7(ffi_call+0x6ab)[0x7f1fef4521db]
[chianti:14645] [12] /home/mpotts/spack/opt/spack/linux-linuxmint19-skylake/intel-2021.2.0/python-3.8.10-wi4q6e6fji23waxv7b2dhirkudt5dcoi/lib/python3.8/lib-dynload/_ctypes.cpython-38-x86_64-linux-gnu.so(_ctypes_callproc+0x820)[0x7f1fef66ab90]
[chianti:14645] /home/mpotts/spack/opt/spack/linux-linuxmint19-skylake/intel-2021.2.0/libffi-3.3-hdtv32ab447h2iz3a23y4c3yzyvm4b74/lib/libffi.so.7(ffi_call+0x6ab)[0x7fa062b2d1db]
[chianti:14644] [12] /home/mpotts/spack/opt/spack/linux-linuxmint19-skylake/intel-2021.2.0/python-3.8.10-wi4q6e6fji23waxv7b2dhirkudt5dcoi/lib/python3.8/lib-dynload/_ctypes.cpython-38-x86_64-linux-gnu.so(_ctypes_callproc+0x820)[0x7fa062d45b90]
[chianti:14644] [13] /home/mpotts/spack/opt/spack/linux-linuxmint19-skylake/intel-2021.2.0/python-3.8.10-wi4q6e6fji23waxv7b2dhirkudt5dcoi/lib/python3.8/lib-dynload/_ctypes.cpython-38-x86_64-linux-gnu.so(+0xdd70)[0x7fa062d3fd70]
[chianti:14644] [14] [chianti:14642] [12] /home/mpotts/spack/opt/spack/linux-linuxmint19-skylake/intel-2021.2.0/python-3.8.10-wi4q6e6fji23waxv7b2dhirkudt5dcoi/lib/python3.8/lib-dynload/_ctypes.cpython-38-x86_64-linux-gnu.so(_ctypes_callproc+0x820)[0x7f7c02645b90]
[chianti:14642] [13] /home/mpotts/spack/opt/spack/linux-linuxmint19-skylake/intel-2021.2.0/python-3.8.10-wi4q6e6fji23waxv7b2dhirkudt5dcoi/lib/python3.8/lib-dynload/_ctypes.cpython-38-x86_64-linux-gnu.so(+0xdd70)[0x7f7c0263fd70]
[chianti:14642] [14] /home/mpotts/spack/opt/spack/linux-linuxmint19-skylake/intel-2021.2.0/libffi-3.3-hdtv32ab447h2iz3a23y4c3yzyvm4b74/lib/libffi.so.7(ffi_call+0x6ab)[0x7fa1301961db]
[chianti:14643] [12] /home/mpotts/spack/opt/spack/linux-linuxmint19-skylake/intel-2021.2.0/python-3.8.10-wi4q6e6fji23waxv7b2dhirkudt5dcoi/lib/python3.8/lib-dynload/_ctypes.cpython-38-x86_64-linux-gnu.so(_ctypes_callproc+0x820)[0x7fa1303aeb90]
[chianti:14643] [13] /home/mpotts/spack/opt/spack/linux-linuxmint19-skylake/intel-2021.2.0/python-3.8.10-wi4q6e6fji23waxv7b2dhirkudt5dcoi/lib/python3.8/lib-dynload/_ctypes.cpython-38-x86_64-linux-gnu.so(+0xdd70)[0x7fa1303a8d70]
[chianti:14643] [14] [13] /home/mpotts/spack/opt/spack/linux-linuxmint19-skylake/intel-2021.2.0/python-3.8.10-wi4q6e6fji23waxv7b2dhirkudt5dcoi/lib/python3.8/lib-dynload/_ctypes.cpython-38-x86_64-linux-gnu.so(+0xdd70)[0x7f1fef664d70]
[chianti:14645] [14] /home/mpotts/spack/opt/spack/linux-linuxmint19-skylake/intel-2021.2.0/python-3.8.10-wi4q6e6fji23waxv7b2dhirkudt5dcoi/lib/libpython3.8.so.1.0(_PyObject_MakeTpCall+0xd7)[0x7f20090fbf37]
[chianti:14645] [15] /home/mpotts/spack/opt/spack/linux-linuxmint19-skylake/intel-2021.2.0/python-3.8.10-wi4q6e6fji23waxv7b2dhirkudt5dcoi/lib/libpython3.8.so.1.0(_PyObject_MakeTpCall+0xd7)[0x7fa07c7d6f37]
[chianti:14644] [15] /home/mpotts/spack/opt/spack/linux-linuxmint19-skylake/intel-2021.2.0/python-3.8.10-wi4q6e6fji23waxv7b2dhirkudt5dcoi/lib/libpython3.8.so.1.0(_PyObject_MakeTpCall+0xd7)[0x7f7c1c0d6f37]
[chianti:14642] [15] /home/mpotts/spack/opt/spack/linux-linuxmint19-skylake/intel-2021.2.0/python-3.8.10-wi4q6e6fji23waxv7b2dhirkudt5dcoi/lib/libpython3.8.so.1.0(_PyObject_MakeTpCall+0xd7)[0x7fa149e3ff37]
[chianti:14643] [15] /home/mpotts/spack/opt/spack/linux-linuxmint19-skylake/intel-2021.2.0/python-3.8.10-wi4q6e6fji23waxv7b2dhirkudt5dcoi/lib/libpython3.8.so.1.0(+0x2b7186)[0x7f200930f186]
[chianti:14645] [16] /home/mpotts/spack/opt/spack/linux-linuxmint19-skylake/intel-2021.2.0/python-3.8.10-wi4q6e6fji23waxv7b2dhirkudt5dcoi/lib/libpython3.8.so.1.0(+0x2b7186)[0x7fa07c9ea186]
[chianti:14644] [16] /home/mpotts/spack/opt/spack/linux-linuxmint19-skylake/intel-2021.2.0/python-3.8.10-wi4q6e6fji23waxv7b2dhirkudt5dcoi/lib/libpython3.8.so.1.0(+0x2b7186)[0x7f7c1c2ea186]
[chianti:14642] [16] /home/mpotts/spack/opt/spack/linux-linuxmint19-skylake/intel-2021.2.0/python-3.8.10-wi4q6e6fji23waxv7b2dhirkudt5dcoi/lib/libpython3.8.so.1.0(+0x2b7186)[0x7fa14a053186]
[chianti:14643] [16] /home/mpotts/spack/opt/spack/linux-linuxmint19-skylake/intel-2021.2.0/python-3.8.10-wi4q6e6fji23waxv7b2dhirkudt5dcoi/lib/libpython3.8.so.1.0(_PyEval_EvalFrameDefault+0x70bd)[0x7f7c1c2f181d]
[chianti:14642] [17] /home/mpotts/spack/opt/spack/linux-linuxmint19-skylake/intel-2021.2.0/python-3.8.10-wi4q6e6fji23waxv7b2dhirkudt5dcoi/lib/libpython3.8.so.1.0(_PyEval_EvalFrameDefault+0x70bd)[0x7f200931681d]
[chianti:14645] [17] /home/mpotts/spack/opt/spack/linux-linuxmint19-skylake/intel-2021.2.0/python-3.8.10-wi4q6e6fji23waxv7b2dhirkudt5dcoi/lib/libpython3.8.so.1.0(_PyEval_EvalFrameDefault+0x70bd)[0x7fa07c9f181d]
[chianti:14644] [17] /home/mpotts/spack/opt/spack/linux-linuxmint19-skylake/intel-2021.2.0/python-3.8.10-wi4q6e6fji23waxv7b2dhirkudt5dcoi/lib/libpython3.8.so.1.0(_PyEval_EvalFrameDefault+0x70bd)[0x7fa14a05a81d]
[chianti:14643] [17] /home/mpotts/spack/opt/spack/linux-linuxmint19-skylake/intel-2021.2.0/python-3.8.10-wi4q6e6fji23waxv7b2dhirkudt5dcoi/lib/libpython3.8.so.1.0(_PyEval_EvalCodeWithName+0xa86)[0x7fa07c8e7466]
/home/mpotts/spack/opt/spack/linux-linuxmint19-skylake/intel-2021.2.0/python-3.8.10-wi4q6e6fji23waxv7b2dhirkudt5dcoi/lib/libpython3.8.so.1.0(_PyEval_EvalCodeWithName+0xa86)[0x7f7c1c1e7466]
[chianti:14642] [18] /home/mpotts/spack/opt/spack/linux-linuxmint19-skylake/intel-2021.2.0/python-3.8.10-wi4q6e6fji23waxv7b2dhirkudt5dcoi/lib/libpython3.8.so.1.0(_PyEval_EvalCodeWithName+0xa86)[0x7f200920c466]
[chianti:14645] [18] /home/mpotts/spack/opt/spack/linux-linuxmint19-skylake/intel-2021.2.0/python-3.8.10-wi4q6e6fji23waxv7b2dhirkudt5dcoi/lib/libpython3.8.so.1.0(_PyEval_EvalCodeWithName+0xa86)[0x7fa149f50466]
[chianti:14643] [18] /home/mpotts/spack/opt/spack/linux-linuxmint19-skylake/intel-2021.2.0/python-3.8.10-wi4q6e6fji23waxv7b2dhirkudt5dcoi/lib/libpython3.8.so.1.0(_PyFunction_Vectorcall+0xc7)[0x7f20090fa517]
[chianti:14645] [19] /home/mpotts/spack/opt/spack/linux-linuxmint19-skylake/intel-2021.2.0/python-3.8.10-wi4q6e6fji23waxv7b2dhirkudt5dcoi/lib/libpython3.8.so.1.0(_PyFunction_Vectorcall+0xc7)[0x7f7c1c0d5517]
[chianti:14642] [19] /home/mpotts/spack/opt/spack/linux-linuxmint19-skylake/intel-2021.2.0/python-3.8.10-wi4q6e6fji23waxv7b2dhirkudt5dcoi/lib/libpython3.8.so.1.0(_PyFunction_Vectorcall+0xc7)[0x7fa149e3e517]
[chianti:14643] [19] [chianti:14644] [18] /home/mpotts/spack/opt/spack/linux-linuxmint19-skylake/intel-2021.2.0/python-3.8.10-wi4q6e6fji23waxv7b2dhirkudt5dcoi/lib/libpython3.8.so.1.0(+0x2b719f)[0x7f200930f19f]
[chianti:14645] [20] /home/mpotts/spack/opt/spack/linux-linuxmint19-skylake/intel-2021.2.0/python-3.8.10-wi4q6e6fji23waxv7b2dhirkudt5dcoi/lib/libpython3.8.so.1.0(+0x2b719f)[0x7f7c1c2ea19f]
[chianti:14642] [20] /home/mpotts/spack/opt/spack/linux-linuxmint19-skylake/intel-2021.2.0/python-3.8.10-wi4q6e6fji23waxv7b2dhirkudt5dcoi/lib/libpython3.8.so.1.0(+0x2b719f)[0x7fa14a05319f]
[chianti:14643] [20] /home/mpotts/spack/opt/spack/linux-linuxmint19-skylake/intel-2021.2.0/python-3.8.10-wi4q6e6fji23waxv7b2dhirkudt5dcoi/lib/libpython3.8.so.1.0(_PyEval_EvalFrameDefault+0x43bf)[0x7f2009313b1f]
[chianti:14645] [21] /home/mpotts/spack/opt/spack/linux-linuxmint19-skylake/intel-2021.2.0/python-3.8.10-wi4q6e6fji23waxv7b2dhirkudt5dcoi/lib/libpython3.8.so.1.0(_PyEval_EvalFrameDefault+0x43bf)[0x7f7c1c2eeb1f]
[chianti:14642] [21] /home/mpotts/spack/opt/spack/linux-linuxmint19-skylake/intel-2021.2.0/python-3.8.10-wi4q6e6fji23waxv7b2dhirkudt5dcoi/lib/libpython3.8.so.1.0(_PyFunction_Vectorcall+0xc7)[0x7fa07c7d5517]
[chianti:14644] [19] /home/mpotts/spack/opt/spack/linux-linuxmint19-skylake/intel-2021.2.0/python-3.8.10-wi4q6e6fji23waxv7b2dhirkudt5dcoi/lib/libpython3.8.so.1.0(_PyEval_EvalFrameDefault+0x43bf)[0x7fa14a057b1f]
[chianti:14643] [21] /home/mpotts/spack/opt/spack/linux-linuxmint19-skylake/intel-2021.2.0/python-3.8.10-wi4q6e6fji23waxv7b2dhirkudt5dcoi/lib/libpython3.8.so.1.0(+0x2b719f)[0x7fa07c9ea19f]
[chianti:14644] [20] /home/mpotts/spack/opt/spack/linux-linuxmint19-skylake/intel-2021.2.0/python-3.8.10-wi4q6e6fji23waxv7b2dhirkudt5dcoi/lib/libpython3.8.so.1.0(_PyEval_EvalCodeWithName+0xa86)[0x7fa149f50466]
[chianti:14643] [22] /home/mpotts/spack/opt/spack/linux-linuxmint19-skylake/intel-2021.2.0/python-3.8.10-wi4q6e6fji23waxv7b2dhirkudt5dcoi/lib/libpython3.8.so.1.0(_PyEval_EvalCodeWithName+0xa86)[0x7f200920c466]
[chianti:14645] [22] /home/mpotts/spack/opt/spack/linux-linuxmint19-skylake/intel-2021.2.0/python-3.8.10-wi4q6e6fji23waxv7b2dhirkudt5dcoi/lib/libpython3.8.so.1.0(_PyEval_EvalCodeWithName+0xa86)[0x7f7c1c1e7466]
[chianti:14642] [22] /home/mpotts/spack/opt/spack/linux-linuxmint19-skylake/intel-2021.2.0/python-3.8.10-wi4q6e6fji23waxv7b2dhirkudt5dcoi/lib/libpython3.8.so.1.0(_PyEval_EvalFrameDefault+0x43bf)[0x7fa07c9eeb1f]
[chianti:14644] [21] /home/mpotts/spack/opt/spack/linux-linuxmint19-skylake/intel-2021.2.0/python-3.8.10-wi4q6e6fji23waxv7b2dhirkudt5dcoi/lib/libpython3.8.so.1.0(_PyFunction_Vectorcall+0xc7)[0x7f7c1c0d5517]
[chianti:14642] [23] /home/mpotts/spack/opt/spack/linux-linuxmint19-skylake/intel-2021.2.0/python-3.8.10-wi4q6e6fji23waxv7b2dhirkudt5dcoi/lib/libpython3.8.so.1.0(_PyFunction_Vectorcall+0xc7)[0x7fa149e3e517]
[chianti:14643] [23] /home/mpotts/spack/opt/spack/linux-linuxmint19-skylake/intel-2021.2.0/python-3.8.10-wi4q6e6fji23waxv7b2dhirkudt5dcoi/lib/libpython3.8.so.1.0(_PyFunction_Vectorcall+0xc7)[0x7f20090fa517]
[chianti:14645] [23] /home/mpotts/spack/opt/spack/linux-linuxmint19-skylake/intel-2021.2.0/python-3.8.10-wi4q6e6fji23waxv7b2dhirkudt5dcoi/lib/libpython3.8.so.1.0(_PyObject_FastCallDict+0x85)[0x7f7c1c0d65a5]
[chianti:14642] [24] /home/mpotts/spack/opt/spack/linux-linuxmint19-skylake/intel-2021.2.0/python-3.8.10-wi4q6e6fji23waxv7b2dhirkudt5dcoi/lib/libpython3.8.so.1.0(_PyObject_FastCallDict+0x85)[0x7fa149e3f5a5]
[chianti:14643] [24] /home/mpotts/spack/opt/spack/linux-linuxmint19-skylake/intel-2021.2.0/python-3.8.10-wi4q6e6fji23waxv7b2dhirkudt5dcoi/lib/libpython3.8.so.1.0(_PyObject_FastCallDict+0x85)[0x7f20090fb5a5]
[chianti:14645] [24] /home/mpotts/spack/opt/spack/linux-linuxmint19-skylake/intel-2021.2.0/python-3.8.10-wi4q6e6fji23waxv7b2dhirkudt5dcoi/lib/libpython3.8.so.1.0(_PyEval_EvalCodeWithName+0xa86)[0x7fa07c8e7466]
[chianti:14644] [22] /home/mpotts/spack/opt/spack/linux-linuxmint19-skylake/intel-2021.2.0/python-3.8.10-wi4q6e6fji23waxv7b2dhirkudt5dcoi/lib/libpython3.8.so.1.0(_PyObject_Call_Prepend+0x58)[0x7f20090fba98]
[chianti:14645] [25] /home/mpotts/spack/opt/spack/linux-linuxmint19-skylake/intel-2021.2.0/python-3.8.10-wi4q6e6fji23waxv7b2dhirkudt5dcoi/lib/libpython3.8.so.1.0(_PyObject_Call_Prepend+0x58)[0x7fa149e3fa98]
[chianti:14643] [25] /home/mpotts/spack/opt/spack/linux-linuxmint19-skylake/intel-2021.2.0/python-3.8.10-wi4q6e6fji23waxv7b2dhirkudt5dcoi/lib/libpython3.8.so.1.0(_PyObject_Call_Prepend+0x58)[0x7f7c1c0d6a98]
[chianti:14642] [25] /home/mpotts/spack/opt/spack/linux-linuxmint19-skylake/intel-2021.2.0/python-3.8.10-wi4q6e6fji23waxv7b2dhirkudt5dcoi/lib/libpython3.8.so.1.0(_PyFunction_Vectorcall+0xc7)[0x7fa07c7d5517]
[chianti:14644] [23] /home/mpotts/spack/opt/spack/linux-linuxmint19-skylake/intel-2021.2.0/python-3.8.10-wi4q6e6fji23waxv7b2dhirkudt5dcoi/lib/libpython3.8.so.1.0(+0x135dd5)[0x7f7c1c168dd5]
[chianti:14642] [26] /home/mpotts/spack/opt/spack/linux-linuxmint19-skylake/intel-2021.2.0/python-3.8.10-wi4q6e6fji23waxv7b2dhirkudt5dcoi/lib/libpython3.8.so.1.0(+0x135dd5)[0x7f200918ddd5]
[chianti:14645] [26] /home/mpotts/spack/opt/spack/linux-linuxmint19-skylake/intel-2021.2.0/python-3.8.10-wi4q6e6fji23waxv7b2dhirkudt5dcoi/lib/libpython3.8.so.1.0(+0x135dd5)[0x7fa149ed1dd5]
[chianti:14643] [26] /home/mpotts/spack/opt/spack/linux-linuxmint19-skylake/intel-2021.2.0/python-3.8.10-wi4q6e6fji23waxv7b2dhirkudt5dcoi/lib/libpython3.8.so.1.0(_PyObject_FastCallDict+0x85)[0x7fa07c7d65a5]
[chianti:14644] [24] /home/mpotts/spack/opt/spack/linux-linuxmint19-skylake/intel-2021.2.0/python-3.8.10-wi4q6e6fji23waxv7b2dhirkudt5dcoi/lib/libpython3.8.so.1.0(_PyObject_Call_Prepend+0x58)[0x7fa07c7d6a98]
[chianti:14644] [25] /home/mpotts/spack/opt/spack/linux-linuxmint19-skylake/intel-2021.2.0/python-3.8.10-wi4q6e6fji23waxv7b2dhirkudt5dcoi/lib/libpython3.8.so.1.0(+0x123700)[0x7fa149ebf700]
[chianti:14643] [27] /home/mpotts/spack/opt/spack/linux-linuxmint19-skylake/intel-2021.2.0/python-3.8.10-wi4q6e6fji23waxv7b2dhirkudt5dcoi/lib/libpython3.8.so.1.0(+0x123700)[0x7f7c1c156700]
[chianti:14642] [27] /home/mpotts/spack/opt/spack/linux-linuxmint19-skylake/intel-2021.2.0/python-3.8.10-wi4q6e6fji23waxv7b2dhirkudt5dcoi/lib/libpython3.8.so.1.0(+0x123700)[0x7f200917b700]
[chianti:14645] [27] /home/mpotts/spack/opt/spack/linux-linuxmint19-skylake/intel-2021.2.0/python-3.8.10-wi4q6e6fji23waxv7b2dhirkudt5dcoi/lib/libpython3.8.so.1.0(+0x135dd5)[0x7fa07c868dd5]
[chianti:14644] [26] /home/mpotts/spack/opt/spack/linux-linuxmint19-skylake/intel-2021.2.0/python-3.8.10-wi4q6e6fji23waxv7b2dhirkudt5dcoi/lib/libpython3.8.so.1.0(_PyObject_MakeTpCall+0xd7)[0x7fa149e3ff37]
/home/mpotts/spack/opt/spack/linux-linuxmint19-skylake/intel-2021.2.0/python-3.8.10-wi4q6e6fji23waxv7b2dhirkudt5dcoi/lib/libpython3.8.so.1.0(_PyObject_MakeTpCall+0xd7)[0x7f7c1c0d6f37]
[chianti:14642] [28] /home/mpotts/spack/opt/spack/linux-linuxmint19-skylake/intel-2021.2.0/python-3.8.10-wi4q6e6fji23waxv7b2dhirkudt5dcoi/lib/libpython3.8.so.1.0(_PyObject_MakeTpCall+0xd7)[0x7f20090fbf37]
[chianti:14645] [28] /home/mpotts/spack/opt/spack/linux-linuxmint19-skylake/intel-2021.2.0/python-3.8.10-wi4q6e6fji23waxv7b2dhirkudt5dcoi/lib/libpython3.8.so.1.0(+0x2b7186)[0x7f7c1c2ea186]
[chianti:14642] [29] /home/mpotts/spack/opt/spack/linux-linuxmint19-skylake/intel-2021.2.0/python-3.8.10-wi4q6e6fji23waxv7b2dhirkudt5dcoi/lib/libpython3.8.so.1.0(+0x123700)[0x7fa07c856700]
[chianti:14644] [27] /home/mpotts/spack/opt/spack/linux-linuxmint19-skylake/intel-2021.2.0/python-3.8.10-wi4q6e6fji23waxv7b2dhirkudt5dcoi/lib/libpython3.8.so.1.0(+0x2b7186)[0x7f200930f186]
[chianti:14645] [29] /home/mpotts/spack/opt/spack/linux-linuxmint19-skylake/intel-2021.2.0/python-3.8.10-wi4q6e6fji23waxv7b2dhirkudt5dcoi/lib/libpython3.8.so.1.0(_PyObject_MakeTpCall+0xd7)[0x7fa07c7d6f37]
[chianti:14644] [28] [chianti:14643] [28] /home/mpotts/spack/opt/spack/linux-linuxmint19-skylake/intel-2021.2.0/python-3.8.10-wi4q6e6fji23waxv7b2dhirkudt5dcoi/lib/libpython3.8.so.1.0(_PyEval_EvalFrameDefault+0x43bf)[0x7f2009313b1f]
[chianti:14645] *** End of error message ***
/home/mpotts/spack/opt/spack/linux-linuxmint19-skylake/intel-2021.2.0/python-3.8.10-wi4q6e6fji23waxv7b2dhirkudt5dcoi/lib/libpython3.8.so.1.0(_PyEval_EvalFrameDefault+0x43bf)[0x7f7c1c2eeb1f]
[chianti:14642] *** End of error message ***
/home/mpotts/spack/opt/spack/linux-linuxmint19-skylake/intel-2021.2.0/python-3.8.10-wi4q6e6fji23waxv7b2dhirkudt5dcoi/lib/libpython3.8.so.1.0(+0x2b7186)[0x7fa07c9ea186]
[chianti:14644] [29] /home/mpotts/spack/opt/spack/linux-linuxmint19-skylake/intel-2021.2.0/python-3.8.10-wi4q6e6fji23waxv7b2dhirkudt5dcoi/lib/libpython3.8.so.1.0(+0x2b7186)[0x7fa14a053186]
[chianti:14643] [29] /home/mpotts/spack/opt/spack/linux-linuxmint19-skylake/intel-2021.2.0/python-3.8.10-wi4q6e6fji23waxv7b2dhirkudt5dcoi/lib/libpython3.8.so.1.0(_PyEval_EvalFrameDefault+0x43bf)[0x7fa07c9eeb1f]
[chianti:14644] *** End of error message ***
/home/mpotts/spack/opt/spack/linux-linuxmint19-skylake/intel-2021.2.0/python-3.8.10-wi4q6e6fji23waxv7b2dhirkudt5dcoi/lib/libpython3.8.so.1.0(_PyEval_EvalFrameDefault+0x43bf)[0x7fa14a057b1f]
[chianti:14643] *** End of error message ***
--------------------------------------------------------------------------
Primary job  terminated normally, but 1 process returned
a non-zero exit code. Per user-direction, the job has been aborted.
--------------------------------------------------------------------------
--------------------------------------------------------------------------
mpiexec noticed that process rank 3 with PID 0 on node chianti exited on signal 11 (Segmentation fault).
--------------------------------------------------------------------------
