build time -- 2021-09-24 10:41:38
20210924 113600.943 INFO             PET0 !!!!!!!!!!!!!!!!!!!!!!!!!!!!!!!!!!!!!!!!!!!!!!!!!!!!!!
20210924 113600.943 INFO             PET0 !!! THE ESMF_LOG IS SET TO OUTPUT ALL LOG MESSAGES !!!
20210924 113600.943 INFO             PET0 !!!     THIS MAY CAUSE SLOWDOWN IN PERFORMANCE     !!!
20210924 113600.943 INFO             PET0 !!! FOR PRODUCTION RUNS, USE:                      !!!
20210924 113600.943 INFO             PET0 !!!                   ESMF_LOGKIND_Multi_On_Error  !!!
20210924 113600.943 INFO             PET0 !!!!!!!!!!!!!!!!!!!!!!!!!!!!!!!!!!!!!!!!!!!!!!!!!!!!!!
20210924 113600.943 INFO             PET0 Running with ESMF Version   : ESMF_8_2_0_beta_snapshot_19-8-gf4df7525e2
20210924 113600.943 INFO             PET0 ESMF library build date/time: "Sep 24 2021" "10:40:17"
20210924 113600.943 INFO             PET0 ESMF library build location : /scratch1/NCEPDEV/stmp2/Mark.Potts/gfortran_9.2.0_mpiuni_g_develop
20210924 113600.943 INFO             PET0 ESMF_COMM                   : mpiuni
20210924 113600.944 INFO             PET0 ESMF_MOAB                   : enabled
20210924 113600.944 INFO             PET0 ESMF_LAPACK                 : enabled
20210924 113600.944 INFO             PET0 ESMF_NETCDF                 : enabled
20210924 113600.944 INFO             PET0 ESMF_PNETCDF                : disabled
20210924 113600.944 INFO             PET0 ESMF_PIO                    : disabled
20210924 113600.944 INFO             PET0 ESMF_YAMLCPP                : enabled
20210924 113600.944 INFO             PET0 ESMF Tracing Enabled
20210924 113600.944 INFO             PET0 ESMF Profiling Enabled
20210924 113600.944 INFO             PET0 ESMF Trace/Profile clock: REALTIME
20210924 113600.946 INFO             PET0  NUMBER_OF_PROCESSORS           1
20210924 113600.946 INFO             PET0  PASS  Example ESMF_TraceEx, ESMF_TraceEx.F90, line 178
20210924 113600.946 INFO             PET0 Finalizing ESMF
20210924 113600.946 INFO             PET0 **************** Region Timings *******************
20210924 113600.946 INFO             PET0 Region              Count  Total (s)   Self (s)    Mean (s)    Min (s)     Max (s)
20210924 113600.946 INFO             PET0   [test] Init 1     1      0.0000      0.0000      0.0000      0.0000      0.0000
20210924 113600.946 INFO             PET0   [test] Run 1      5      0.0000      0.0000      0.0000      0.0000      0.0000
20210924 113600.946 INFO             PET0   [test] Final 1    1      0.0000      0.0000      0.0000      0.0000      0.0000
