build time -- 2021-06-09 08:18:34
20210609 084434.413 INFO             PET0 !!!!!!!!!!!!!!!!!!!!!!!!!!!!!!!!!!!!!!!!!!!!!!!!!!!!!!
20210609 084434.413 INFO             PET0 !!! THE ESMF_LOG IS SET TO OUTPUT ALL LOG MESSAGES !!!
20210609 084434.413 INFO             PET0 !!!     THIS MAY CAUSE SLOWDOWN IN PERFORMANCE     !!!
20210609 084434.413 INFO             PET0 !!! FOR PRODUCTION RUNS, USE:                      !!!
20210609 084434.413 INFO             PET0 !!!                   ESMF_LOGKIND_Multi_On_Error  !!!
20210609 084434.413 INFO             PET0 !!!!!!!!!!!!!!!!!!!!!!!!!!!!!!!!!!!!!!!!!!!!!!!!!!!!!!
20210609 084434.413 INFO             PET0 Running with ESMF Version   : ESMF_8_2_0_beta_snapshot_10-5-g26c4ccc8be
20210609 084434.413 INFO             PET0 ESMF library build date/time: "Jun  9 2021" "08:17:23"
20210609 084434.413 INFO             PET0 ESMF library build location : /scratch1/NCEPDEV/stmp2/Mark.Potts/gfortran_9.2.0_mpiuni_g_develop
20210609 084434.413 INFO             PET0 ESMF_COMM                   : mpiuni
20210609 084434.414 INFO             PET0 ESMF_MOAB                   : enabled
20210609 084434.414 INFO             PET0 ESMF_LAPACK                 : enabled
20210609 084434.414 INFO             PET0 ESMF_NETCDF                 : enabled
20210609 084434.414 INFO             PET0 ESMF_PNETCDF                : disabled
20210609 084434.414 INFO             PET0 ESMF_PIO                    : disabled
20210609 084434.414 INFO             PET0 ESMF_YAMLCPP                : enabled
20210609 084434.414 INFO             PET0  NUMBER_OF_PROCESSORS           1
20210609 084434.414 INFO             PET0  PASS  Example ESMF_VMUserMpiCommMultiEx, ESMF_VMUserMpiCommMultiEx.F90, line 126
20210609 084434.414 INFO             PET0 Finalizing ESMF
