build time -- 2021-05-25 06:24:28
20210525 080419.743 INFO             PET0 !!!!!!!!!!!!!!!!!!!!!!!!!!!!!!!!!!!!!!!!!!!!!!!!!!!!!!
20210525 080419.743 INFO             PET0 !!! THE ESMF_LOG IS SET TO OUTPUT ALL LOG MESSAGES !!!
20210525 080419.743 INFO             PET0 !!!     THIS MAY CAUSE SLOWDOWN IN PERFORMANCE     !!!
20210525 080419.743 INFO             PET0 !!! FOR PRODUCTION RUNS, USE:                      !!!
20210525 080419.743 INFO             PET0 !!!                   ESMF_LOGKIND_Multi_On_Error  !!!
20210525 080419.743 INFO             PET0 !!!!!!!!!!!!!!!!!!!!!!!!!!!!!!!!!!!!!!!!!!!!!!!!!!!!!!
20210525 080419.743 INFO             PET0 Running with ESMF Version   : ESMF_8_2_0_beta_snapshot_09-2-g9654c13d10
20210525 080419.743 INFO             PET0 ESMF library build date/time: "May 25 2021" "06:23:25"
20210525 080419.743 INFO             PET0 ESMF library build location : /scratch1/NCEPDEV/stmp2/Mark.Potts/gfortran_9.2.0_mpiuni_g_develop
20210525 080419.743 INFO             PET0 ESMF_COMM                   : mpiuni
20210525 080419.743 INFO             PET0 ESMF_MOAB                   : enabled
20210525 080419.743 INFO             PET0 ESMF_LAPACK                 : enabled
20210525 080419.743 INFO             PET0 ESMF_NETCDF                 : enabled
20210525 080419.743 INFO             PET0 ESMF_PNETCDF                : disabled
20210525 080419.743 INFO             PET0 ESMF_PIO                    : disabled
20210525 080419.743 INFO             PET0 ESMF_YAMLCPP                : enabled
20210525 080419.743 INFO             PET0  NUMBER_OF_PROCESSORS           1
20210525 080419.744 INFO             PET0  PASS  Example ESMF_VMUserMpiEx, ESMF_VMUserMpiEx.F90, line 96
20210525 080419.744 INFO             PET0 Finalizing ESMF
