build time -- 2021-09-14 08:52:13
20210914 093244.113 INFO             PET0 !!!!!!!!!!!!!!!!!!!!!!!!!!!!!!!!!!!!!!!!!!!!!!!!!!!!!!
20210914 093244.113 INFO             PET0 !!! THE ESMF_LOG IS SET TO OUTPUT ALL LOG MESSAGES !!!
20210914 093244.113 INFO             PET0 !!!     THIS MAY CAUSE SLOWDOWN IN PERFORMANCE     !!!
20210914 093244.113 INFO             PET0 !!! FOR PRODUCTION RUNS, USE:                      !!!
20210914 093244.113 INFO             PET0 !!!                   ESMF_LOGKIND_Multi_On_Error  !!!
20210914 093244.113 INFO             PET0 !!!!!!!!!!!!!!!!!!!!!!!!!!!!!!!!!!!!!!!!!!!!!!!!!!!!!!
20210914 093244.113 INFO             PET0 Running with ESMF Version   : ESMF_8_2_0_beta_snapshot_18-42-gb11ffe55a6
20210914 093244.113 INFO             PET0 ESMF library build date/time: "Sep 14 2021" "08:51:07"
20210914 093244.113 INFO             PET0 ESMF library build location : /scratch1/NCEPDEV/stmp2/Mark.Potts/gfortran_9.2.0_mpiuni_g_develop
20210914 093244.113 INFO             PET0 ESMF_COMM                   : mpiuni
20210914 093244.114 INFO             PET0 ESMF_MOAB                   : enabled
20210914 093244.114 INFO             PET0 ESMF_LAPACK                 : enabled
20210914 093244.114 INFO             PET0 ESMF_NETCDF                 : enabled
20210914 093244.114 INFO             PET0 ESMF_PNETCDF                : disabled
20210914 093244.114 INFO             PET0 ESMF_PIO                    : disabled
20210914 093244.114 INFO             PET0 ESMF_YAMLCPP                : enabled
20210914 093244.186 DEBUG            PET0 about to destroy Grid: 0x17046d0
20210914 093244.207 DEBUG            PET0 about to destroy Grid: 0x1705940
20210914 093244.238 INFO             PET0  NUMBER_OF_PROCESSORS           1
20210914 093244.238 INFO             PET0  PASS  Example ESMF_NUOPCAtmModelEx, ESMF_NUOPCAtmModelEx.F90, line 806
20210914 093244.238 INFO             PET0 Finalizing ESMF
