build time -- 2021-09-10 06:22:32
20210910 065614.283 INFO             PET0 !!!!!!!!!!!!!!!!!!!!!!!!!!!!!!!!!!!!!!!!!!!!!!!!!!!!!!
20210910 065614.283 INFO             PET0 !!! THE ESMF_LOG IS SET TO OUTPUT ALL LOG MESSAGES !!!
20210910 065614.283 INFO             PET0 !!!     THIS MAY CAUSE SLOWDOWN IN PERFORMANCE     !!!
20210910 065614.283 INFO             PET0 !!! FOR PRODUCTION RUNS, USE:                      !!!
20210910 065614.283 INFO             PET0 !!!                   ESMF_LOGKIND_Multi_On_Error  !!!
20210910 065614.283 INFO             PET0 !!!!!!!!!!!!!!!!!!!!!!!!!!!!!!!!!!!!!!!!!!!!!!!!!!!!!!
20210910 065614.283 INFO             PET0 Running with ESMF Version   : ESMF_8_2_0_beta_snapshot_18-42-gb11ffe55a6
20210910 065614.283 INFO             PET0 ESMF library build date/time: "Sep 10 2021" "06:20:41"
20210910 065614.283 INFO             PET0 ESMF library build location : /scratch1/NCEPDEV/stmp2/Mark.Potts/intel_18.0.4_intelmpi_g_develop
20210910 065614.283 INFO             PET0 ESMF_COMM                   : intelmpi
20210910 065614.284 INFO             PET0 ESMF_MOAB                   : enabled
20210910 065614.284 INFO             PET0 ESMF_LAPACK                 : enabled
20210910 065614.284 INFO             PET0 ESMF_NETCDF                 : enabled
20210910 065614.284 INFO             PET0 ESMF_PNETCDF                : disabled
20210910 065614.284 INFO             PET0 ESMF_PIO                    : enabled
20210910 065614.284 INFO             PET0 ESMF_YAMLCPP                : enabled
20210910 065614.325 INFO             PET0  NUMBER_OF_PROCESSORS           1
20210910 065614.325 INFO             PET0  PASS  Example ESMF_XGridSparseMatEx, ESMF_XGridSparseMatEx.F90, line 642
20210910 065614.325 INFO             PET0 Finalizing ESMF
