build time -- 2021-09-12 06:31:46
20210912 070826.831 INFO             PET0 !!!!!!!!!!!!!!!!!!!!!!!!!!!!!!!!!!!!!!!!!!!!!!!!!!!!!!
20210912 070826.831 INFO             PET0 !!! THE ESMF_LOG IS SET TO OUTPUT ALL LOG MESSAGES !!!
20210912 070826.831 INFO             PET0 !!!     THIS MAY CAUSE SLOWDOWN IN PERFORMANCE     !!!
20210912 070826.831 INFO             PET0 !!! FOR PRODUCTION RUNS, USE:                      !!!
20210912 070826.831 INFO             PET0 !!!                   ESMF_LOGKIND_Multi_On_Error  !!!
20210912 070826.831 INFO             PET0 !!!!!!!!!!!!!!!!!!!!!!!!!!!!!!!!!!!!!!!!!!!!!!!!!!!!!!
20210912 070826.831 INFO             PET0 Running with ESMF Version   : ESMF_8_2_0_beta_snapshot_18-42-gb11ffe55a6
20210912 070826.831 INFO             PET0 ESMF library build date/time: "Sep 12 2021" "06:30:01"
20210912 070826.831 INFO             PET0 ESMF library build location : /scratch1/NCEPDEV/stmp2/Mark.Potts/intel_18.0.4_intelmpi_g_develop
20210912 070826.831 INFO             PET0 ESMF_COMM                   : intelmpi
20210912 070826.832 INFO             PET0 ESMF_MOAB                   : enabled
20210912 070826.832 INFO             PET0 ESMF_LAPACK                 : enabled
20210912 070826.832 INFO             PET0 ESMF_NETCDF                 : enabled
20210912 070826.832 INFO             PET0 ESMF_PNETCDF                : disabled
20210912 070826.832 INFO             PET0 ESMF_PIO                    : enabled
20210912 070826.832 INFO             PET0 ESMF_YAMLCPP                : enabled
20210912 070826.833 INFO             PET0  NUMBER_OF_PROCESSORS           1
20210912 070826.833 INFO             PET0  PASS  Example CalendarEx, ESMF_CalendarEx.F90, line 217
20210912 070826.833 INFO             PET0 Finalizing ESMF
