20210628 070832.174 INFO             PET0 !!!!!!!!!!!!!!!!!!!!!!!!!!!!!!!!!!!!!!!!!!!!!!!!!!!!!!
20210628 070832.174 INFO             PET0 !!! THE ESMF_LOG IS SET TO OUTPUT ALL LOG MESSAGES !!!
20210628 070832.174 INFO             PET0 !!!     THIS MAY CAUSE SLOWDOWN IN PERFORMANCE     !!!
20210628 070832.174 INFO             PET0 !!! FOR PRODUCTION RUNS, USE:                      !!!
20210628 070832.174 INFO             PET0 !!!                   ESMF_LOGKIND_Multi_On_Error  !!!
20210628 070832.174 INFO             PET0 !!!!!!!!!!!!!!!!!!!!!!!!!!!!!!!!!!!!!!!!!!!!!!!!!!!!!!
20210628 070832.174 INFO             PET0 Running with ESMF Version   : ESMF_8_2_0_beta_snapshot_11-8-gb3000f9ecd
20210628 070832.174 INFO             PET0 ESMF library build date/time: "Jun 28 2021" "06:26:24"
20210628 070832.174 INFO             PET0 ESMF library build location : /scratch1/NCEPDEV/stmp2/Mark.Potts/intel_18.0.4_intelmpi_g_develop
20210628 070832.174 INFO             PET0 ESMF_COMM                   : intelmpi
20210628 070832.175 INFO             PET0 ESMF_MOAB                   : enabled
20210628 070832.175 INFO             PET0 ESMF_LAPACK                 : enabled
20210628 070832.175 INFO             PET0 ESMF_NETCDF                 : enabled
20210628 070832.175 INFO             PET0 ESMF_PNETCDF                : disabled
20210628 070832.175 INFO             PET0 ESMF_PIO                    : enabled
20210628 070832.175 INFO             PET0 ESMF_YAMLCPP                : enabled
20210628 070832.177 ERROR            PET0 ESMCI_Info.C:1277 Info::set(<json>) Cannot set value  - Error/Return Code 540 (ESMC_RC_CANNOT_SET) - Key '/myIntegerKey' already in map and force=false.
20210628 070832.177 ERROR            PET0 ESMCI_Info.C:1280 Info::set(<json>) Cannot set value  - Internal subroutine call returned Error
20210628 070832.177 ERROR            PET0 ESMCI_Info.C:1322 Info::set(<json>) Cannot set value  - Internal subroutine call returned Error
20210628 070832.177 ERROR            PET0 ESMCI_Info.C:1325 Info::set(<json>) Cannot set value  - Internal subroutine call returned Error
20210628 070832.177 ERROR            PET0 ESMCI_Info.C:1373 Info::set(<scalar>) Cannot set value  - Internal subroutine call returned Error
20210628 070832.177 ERROR            PET0 ESMC_InfoCDefGeneric.C:387 ESMC_InfoSetI4() Cannot set value  - Internal subroutine call returned Error
20210628 070832.177 ERROR            PET0 ESMF_Info.F90:2866 ESMF_InfoSetI4() Cannot set value  - Internal subroutine call returned Error
20210628 070832.178 INFO             PET0  NUMBER_OF_PROCESSORS           4
20210628 070832.178 INFO             PET0  PASS  Example ESMF_InfoTutorialEx, ESMF_InfoTutorialEx.F90, line 335
20210628 070832.178 INFO             PET0 Finalizing ESMF
20210628 070832.173 INFO             PET1 !!!!!!!!!!!!!!!!!!!!!!!!!!!!!!!!!!!!!!!!!!!!!!!!!!!!!!
20210628 070832.174 INFO             PET1 !!! THE ESMF_LOG IS SET TO OUTPUT ALL LOG MESSAGES !!!
20210628 070832.174 INFO             PET1 !!!     THIS MAY CAUSE SLOWDOWN IN PERFORMANCE     !!!
20210628 070832.174 INFO             PET1 !!! FOR PRODUCTION RUNS, USE:                      !!!
20210628 070832.174 INFO             PET1 !!!                   ESMF_LOGKIND_Multi_On_Error  !!!
20210628 070832.174 INFO             PET1 !!!!!!!!!!!!!!!!!!!!!!!!!!!!!!!!!!!!!!!!!!!!!!!!!!!!!!
20210628 070832.174 INFO             PET1 Running with ESMF Version   : ESMF_8_2_0_beta_snapshot_11-8-gb3000f9ecd
20210628 070832.174 INFO             PET1 ESMF library build date/time: "Jun 28 2021" "06:26:24"
20210628 070832.174 INFO             PET1 ESMF library build location : /scratch1/NCEPDEV/stmp2/Mark.Potts/intel_18.0.4_intelmpi_g_develop
20210628 070832.174 INFO             PET1 ESMF_COMM                   : intelmpi
20210628 070832.174 INFO             PET1 ESMF_MOAB                   : enabled
20210628 070832.174 INFO             PET1 ESMF_LAPACK                 : enabled
20210628 070832.174 INFO             PET1 ESMF_NETCDF                 : enabled
20210628 070832.174 INFO             PET1 ESMF_PNETCDF                : disabled
20210628 070832.174 INFO             PET1 ESMF_PIO                    : enabled
20210628 070832.174 INFO             PET1 ESMF_YAMLCPP                : enabled
20210628 070832.177 ERROR            PET1 ESMCI_Info.C:1277 Info::set(<json>) Cannot set value  - Error/Return Code 540 (ESMC_RC_CANNOT_SET) - Key '/myIntegerKey' already in map and force=false.
20210628 070832.177 ERROR            PET1 ESMCI_Info.C:1280 Info::set(<json>) Cannot set value  - Internal subroutine call returned Error
20210628 070832.177 ERROR            PET1 ESMCI_Info.C:1322 Info::set(<json>) Cannot set value  - Internal subroutine call returned Error
20210628 070832.177 ERROR            PET1 ESMCI_Info.C:1325 Info::set(<json>) Cannot set value  - Internal subroutine call returned Error
20210628 070832.177 ERROR            PET1 ESMCI_Info.C:1373 Info::set(<scalar>) Cannot set value  - Internal subroutine call returned Error
20210628 070832.177 ERROR            PET1 ESMC_InfoCDefGeneric.C:387 ESMC_InfoSetI4() Cannot set value  - Internal subroutine call returned Error
20210628 070832.177 ERROR            PET1 ESMF_Info.F90:2866 ESMF_InfoSetI4() Cannot set value  - Internal subroutine call returned Error
20210628 070832.178 INFO             PET1  NUMBER_OF_PROCESSORS           4
20210628 070832.178 INFO             PET1  PASS  Example ESMF_InfoTutorialEx, ESMF_InfoTutorialEx.F90, line 335
20210628 070832.178 INFO             PET1 Finalizing ESMF
20210628 070832.174 INFO             PET2 !!!!!!!!!!!!!!!!!!!!!!!!!!!!!!!!!!!!!!!!!!!!!!!!!!!!!!
20210628 070832.174 INFO             PET2 !!! THE ESMF_LOG IS SET TO OUTPUT ALL LOG MESSAGES !!!
20210628 070832.174 INFO             PET2 !!!     THIS MAY CAUSE SLOWDOWN IN PERFORMANCE     !!!
20210628 070832.174 INFO             PET2 !!! FOR PRODUCTION RUNS, USE:                      !!!
20210628 070832.174 INFO             PET2 !!!                   ESMF_LOGKIND_Multi_On_Error  !!!
20210628 070832.174 INFO             PET2 !!!!!!!!!!!!!!!!!!!!!!!!!!!!!!!!!!!!!!!!!!!!!!!!!!!!!!
20210628 070832.174 INFO             PET2 Running with ESMF Version   : ESMF_8_2_0_beta_snapshot_11-8-gb3000f9ecd
20210628 070832.174 INFO             PET2 ESMF library build date/time: "Jun 28 2021" "06:26:24"
20210628 070832.174 INFO             PET2 ESMF library build location : /scratch1/NCEPDEV/stmp2/Mark.Potts/intel_18.0.4_intelmpi_g_develop
20210628 070832.174 INFO             PET2 ESMF_COMM                   : intelmpi
20210628 070832.175 INFO             PET2 ESMF_MOAB                   : enabled
20210628 070832.175 INFO             PET2 ESMF_LAPACK                 : enabled
20210628 070832.175 INFO             PET2 ESMF_NETCDF                 : enabled
20210628 070832.175 INFO             PET2 ESMF_PNETCDF                : disabled
20210628 070832.175 INFO             PET2 ESMF_PIO                    : enabled
20210628 070832.175 INFO             PET2 ESMF_YAMLCPP                : enabled
20210628 070832.177 ERROR            PET2 ESMCI_Info.C:1277 Info::set(<json>) Cannot set value  - Error/Return Code 540 (ESMC_RC_CANNOT_SET) - Key '/myIntegerKey' already in map and force=false.
20210628 070832.177 ERROR            PET2 ESMCI_Info.C:1280 Info::set(<json>) Cannot set value  - Internal subroutine call returned Error
20210628 070832.177 ERROR            PET2 ESMCI_Info.C:1322 Info::set(<json>) Cannot set value  - Internal subroutine call returned Error
20210628 070832.177 ERROR            PET2 ESMCI_Info.C:1325 Info::set(<json>) Cannot set value  - Internal subroutine call returned Error
20210628 070832.177 ERROR            PET2 ESMCI_Info.C:1373 Info::set(<scalar>) Cannot set value  - Internal subroutine call returned Error
20210628 070832.177 ERROR            PET2 ESMC_InfoCDefGeneric.C:387 ESMC_InfoSetI4() Cannot set value  - Internal subroutine call returned Error
20210628 070832.177 ERROR            PET2 ESMF_Info.F90:2866 ESMF_InfoSetI4() Cannot set value  - Internal subroutine call returned Error
20210628 070832.178 INFO             PET2  NUMBER_OF_PROCESSORS           4
20210628 070832.178 INFO             PET2  PASS  Example ESMF_InfoTutorialEx, ESMF_InfoTutorialEx.F90, line 335
20210628 070832.178 INFO             PET2 Finalizing ESMF
20210628 070832.173 INFO             PET3 !!!!!!!!!!!!!!!!!!!!!!!!!!!!!!!!!!!!!!!!!!!!!!!!!!!!!!
20210628 070832.173 INFO             PET3 !!! THE ESMF_LOG IS SET TO OUTPUT ALL LOG MESSAGES !!!
20210628 070832.173 INFO             PET3 !!!     THIS MAY CAUSE SLOWDOWN IN PERFORMANCE     !!!
20210628 070832.173 INFO             PET3 !!! FOR PRODUCTION RUNS, USE:                      !!!
20210628 070832.173 INFO             PET3 !!!                   ESMF_LOGKIND_Multi_On_Error  !!!
20210628 070832.173 INFO             PET3 !!!!!!!!!!!!!!!!!!!!!!!!!!!!!!!!!!!!!!!!!!!!!!!!!!!!!!
20210628 070832.173 INFO             PET3 Running with ESMF Version   : ESMF_8_2_0_beta_snapshot_11-8-gb3000f9ecd
20210628 070832.173 INFO             PET3 ESMF library build date/time: "Jun 28 2021" "06:26:24"
20210628 070832.173 INFO             PET3 ESMF library build location : /scratch1/NCEPDEV/stmp2/Mark.Potts/intel_18.0.4_intelmpi_g_develop
20210628 070832.173 INFO             PET3 ESMF_COMM                   : intelmpi
20210628 070832.174 INFO             PET3 ESMF_MOAB                   : enabled
20210628 070832.174 INFO             PET3 ESMF_LAPACK                 : enabled
20210628 070832.174 INFO             PET3 ESMF_NETCDF                 : enabled
20210628 070832.174 INFO             PET3 ESMF_PNETCDF                : disabled
20210628 070832.174 INFO             PET3 ESMF_PIO                    : enabled
20210628 070832.174 INFO             PET3 ESMF_YAMLCPP                : enabled
20210628 070832.177 ERROR            PET3 ESMCI_Info.C:1277 Info::set(<json>) Cannot set value  - Error/Return Code 540 (ESMC_RC_CANNOT_SET) - Key '/myIntegerKey' already in map and force=false.
20210628 070832.177 ERROR            PET3 ESMCI_Info.C:1280 Info::set(<json>) Cannot set value  - Internal subroutine call returned Error
20210628 070832.177 ERROR            PET3 ESMCI_Info.C:1322 Info::set(<json>) Cannot set value  - Internal subroutine call returned Error
20210628 070832.177 ERROR            PET3 ESMCI_Info.C:1325 Info::set(<json>) Cannot set value  - Internal subroutine call returned Error
20210628 070832.177 ERROR            PET3 ESMCI_Info.C:1373 Info::set(<scalar>) Cannot set value  - Internal subroutine call returned Error
20210628 070832.177 ERROR            PET3 ESMC_InfoCDefGeneric.C:387 ESMC_InfoSetI4() Cannot set value  - Internal subroutine call returned Error
20210628 070832.177 ERROR            PET3 ESMF_Info.F90:2866 ESMF_InfoSetI4() Cannot set value  - Internal subroutine call returned Error
20210628 070832.178 INFO             PET3  NUMBER_OF_PROCESSORS           4
20210628 070832.178 INFO             PET3  PASS  Example ESMF_InfoTutorialEx, ESMF_InfoTutorialEx.F90, line 335
20210628 070832.178 INFO             PET3 Finalizing ESMF
