20210705 070148.309 INFO             PET0 !!!!!!!!!!!!!!!!!!!!!!!!!!!!!!!!!!!!!!!!!!!!!!!!!!!!!!
20210705 070148.309 INFO             PET0 !!! THE ESMF_LOG IS SET TO OUTPUT ALL LOG MESSAGES !!!
20210705 070148.309 INFO             PET0 !!!     THIS MAY CAUSE SLOWDOWN IN PERFORMANCE     !!!
20210705 070148.309 INFO             PET0 !!! FOR PRODUCTION RUNS, USE:                      !!!
20210705 070148.309 INFO             PET0 !!!                   ESMF_LOGKIND_Multi_On_Error  !!!
20210705 070148.309 INFO             PET0 !!!!!!!!!!!!!!!!!!!!!!!!!!!!!!!!!!!!!!!!!!!!!!!!!!!!!!
20210705 070148.309 INFO             PET0 Running with ESMF Version   : ESMF_8_2_0_beta_snapshot_12-2-g7397acc804
20210705 070148.309 INFO             PET0 ESMF library build date/time: "Jul  5 2021" "06:21:35"
20210705 070148.309 INFO             PET0 ESMF library build location : /scratch1/NCEPDEV/stmp2/Mark.Potts/intel_18.0.4_intelmpi_g_develop
20210705 070148.309 INFO             PET0 ESMF_COMM                   : intelmpi
20210705 070148.310 INFO             PET0 ESMF_MOAB                   : enabled
20210705 070148.310 INFO             PET0 ESMF_LAPACK                 : enabled
20210705 070148.310 INFO             PET0 ESMF_NETCDF                 : enabled
20210705 070148.310 INFO             PET0 ESMF_PNETCDF                : disabled
20210705 070148.310 INFO             PET0 ESMF_PIO                    : enabled
20210705 070148.310 INFO             PET0 ESMF_YAMLCPP                : enabled
20210705 070148.358 WARNING          PET0 ESMF_IOScrip.F90:4704 ESMF_EsmfGetElement Variable centerCoords in data/ne4np4-esmf.nc does not exist
20210705 070148.532 INFO             PET0  NUMBER_OF_PROCESSORS           4
20210705 070148.532 INFO             PET0  PASS  Example ESMF_MeshEx, ESMF_MeshEx.F90, line 1795
20210705 070148.532 INFO             PET0 Finalizing ESMF
20210705 070148.308 INFO             PET1 !!!!!!!!!!!!!!!!!!!!!!!!!!!!!!!!!!!!!!!!!!!!!!!!!!!!!!
20210705 070148.308 INFO             PET1 !!! THE ESMF_LOG IS SET TO OUTPUT ALL LOG MESSAGES !!!
20210705 070148.308 INFO             PET1 !!!     THIS MAY CAUSE SLOWDOWN IN PERFORMANCE     !!!
20210705 070148.308 INFO             PET1 !!! FOR PRODUCTION RUNS, USE:                      !!!
20210705 070148.308 INFO             PET1 !!!                   ESMF_LOGKIND_Multi_On_Error  !!!
20210705 070148.308 INFO             PET1 !!!!!!!!!!!!!!!!!!!!!!!!!!!!!!!!!!!!!!!!!!!!!!!!!!!!!!
20210705 070148.308 INFO             PET1 Running with ESMF Version   : ESMF_8_2_0_beta_snapshot_12-2-g7397acc804
20210705 070148.308 INFO             PET1 ESMF library build date/time: "Jul  5 2021" "06:21:35"
20210705 070148.308 INFO             PET1 ESMF library build location : /scratch1/NCEPDEV/stmp2/Mark.Potts/intel_18.0.4_intelmpi_g_develop
20210705 070148.308 INFO             PET1 ESMF_COMM                   : intelmpi
20210705 070148.309 INFO             PET1 ESMF_MOAB                   : enabled
20210705 070148.309 INFO             PET1 ESMF_LAPACK                 : enabled
20210705 070148.309 INFO             PET1 ESMF_NETCDF                 : enabled
20210705 070148.309 INFO             PET1 ESMF_PNETCDF                : disabled
20210705 070148.309 INFO             PET1 ESMF_PIO                    : enabled
20210705 070148.309 INFO             PET1 ESMF_YAMLCPP                : enabled
20210705 070148.357 WARNING          PET1 ESMF_IOScrip.F90:4704 ESMF_EsmfGetElement Variable centerCoords in data/ne4np4-esmf.nc does not exist
20210705 070148.532 INFO             PET1  NUMBER_OF_PROCESSORS           4
20210705 070148.532 INFO             PET1  PASS  Example ESMF_MeshEx, ESMF_MeshEx.F90, line 1795
20210705 070148.532 INFO             PET1 Finalizing ESMF
20210705 070148.309 INFO             PET2 !!!!!!!!!!!!!!!!!!!!!!!!!!!!!!!!!!!!!!!!!!!!!!!!!!!!!!
20210705 070148.309 INFO             PET2 !!! THE ESMF_LOG IS SET TO OUTPUT ALL LOG MESSAGES !!!
20210705 070148.309 INFO             PET2 !!!     THIS MAY CAUSE SLOWDOWN IN PERFORMANCE     !!!
20210705 070148.309 INFO             PET2 !!! FOR PRODUCTION RUNS, USE:                      !!!
20210705 070148.309 INFO             PET2 !!!                   ESMF_LOGKIND_Multi_On_Error  !!!
20210705 070148.309 INFO             PET2 !!!!!!!!!!!!!!!!!!!!!!!!!!!!!!!!!!!!!!!!!!!!!!!!!!!!!!
20210705 070148.309 INFO             PET2 Running with ESMF Version   : ESMF_8_2_0_beta_snapshot_12-2-g7397acc804
20210705 070148.309 INFO             PET2 ESMF library build date/time: "Jul  5 2021" "06:21:35"
20210705 070148.309 INFO             PET2 ESMF library build location : /scratch1/NCEPDEV/stmp2/Mark.Potts/intel_18.0.4_intelmpi_g_develop
20210705 070148.309 INFO             PET2 ESMF_COMM                   : intelmpi
20210705 070148.310 INFO             PET2 ESMF_MOAB                   : enabled
20210705 070148.310 INFO             PET2 ESMF_LAPACK                 : enabled
20210705 070148.310 INFO             PET2 ESMF_NETCDF                 : enabled
20210705 070148.310 INFO             PET2 ESMF_PNETCDF                : disabled
20210705 070148.310 INFO             PET2 ESMF_PIO                    : enabled
20210705 070148.310 INFO             PET2 ESMF_YAMLCPP                : enabled
20210705 070148.358 WARNING          PET2 ESMF_IOScrip.F90:4704 ESMF_EsmfGetElement Variable centerCoords in data/ne4np4-esmf.nc does not exist
20210705 070148.532 INFO             PET2  NUMBER_OF_PROCESSORS           4
20210705 070148.532 INFO             PET2  PASS  Example ESMF_MeshEx, ESMF_MeshEx.F90, line 1795
20210705 070148.532 INFO             PET2 Finalizing ESMF
20210705 070148.308 INFO             PET3 !!!!!!!!!!!!!!!!!!!!!!!!!!!!!!!!!!!!!!!!!!!!!!!!!!!!!!
20210705 070148.308 INFO             PET3 !!! THE ESMF_LOG IS SET TO OUTPUT ALL LOG MESSAGES !!!
20210705 070148.308 INFO             PET3 !!!     THIS MAY CAUSE SLOWDOWN IN PERFORMANCE     !!!
20210705 070148.308 INFO             PET3 !!! FOR PRODUCTION RUNS, USE:                      !!!
20210705 070148.308 INFO             PET3 !!!                   ESMF_LOGKIND_Multi_On_Error  !!!
20210705 070148.308 INFO             PET3 !!!!!!!!!!!!!!!!!!!!!!!!!!!!!!!!!!!!!!!!!!!!!!!!!!!!!!
20210705 070148.308 INFO             PET3 Running with ESMF Version   : ESMF_8_2_0_beta_snapshot_12-2-g7397acc804
20210705 070148.308 INFO             PET3 ESMF library build date/time: "Jul  5 2021" "06:21:35"
20210705 070148.308 INFO             PET3 ESMF library build location : /scratch1/NCEPDEV/stmp2/Mark.Potts/intel_18.0.4_intelmpi_g_develop
20210705 070148.308 INFO             PET3 ESMF_COMM                   : intelmpi
20210705 070148.309 INFO             PET3 ESMF_MOAB                   : enabled
20210705 070148.309 INFO             PET3 ESMF_LAPACK                 : enabled
20210705 070148.309 INFO             PET3 ESMF_NETCDF                 : enabled
20210705 070148.309 INFO             PET3 ESMF_PNETCDF                : disabled
20210705 070148.309 INFO             PET3 ESMF_PIO                    : enabled
20210705 070148.309 INFO             PET3 ESMF_YAMLCPP                : enabled
20210705 070148.357 WARNING          PET3 ESMF_IOScrip.F90:4704 ESMF_EsmfGetElement Variable centerCoords in data/ne4np4-esmf.nc does not exist
20210705 070148.532 INFO             PET3  NUMBER_OF_PROCESSORS           4
20210705 070148.532 INFO             PET3  PASS  Example ESMF_MeshEx, ESMF_MeshEx.F90, line 1795
20210705 070148.532 INFO             PET3 Finalizing ESMF
