build time -- 2021-05-09 06:01:57
20210509 061737.799 INFO             PET0 !!!!!!!!!!!!!!!!!!!!!!!!!!!!!!!!!!!!!!!!!!!!!!!!!!!!!!
20210509 061737.799 INFO             PET0 !!! THE ESMF_LOG IS SET TO OUTPUT ALL LOG MESSAGES !!!
20210509 061737.799 INFO             PET0 !!!     THIS MAY CAUSE SLOWDOWN IN PERFORMANCE     !!!
20210509 061737.799 INFO             PET0 !!! FOR PRODUCTION RUNS, USE:                      !!!
20210509 061737.799 INFO             PET0 !!!                   ESMF_LOGKIND_Multi_On_Error  !!!
20210509 061737.799 INFO             PET0 !!!!!!!!!!!!!!!!!!!!!!!!!!!!!!!!!!!!!!!!!!!!!!!!!!!!!!
20210509 061737.799 INFO             PET0 Running with ESMF Version   : ESMF_8_2_0_beta_snapshot_06-2-g7cd9acbf16
20210509 061737.799 INFO             PET0 ESMF library build date/time: "May  9 2021" "06:00:59"
20210509 061737.799 INFO             PET0 ESMF library build location : /scratch1/NCEPDEV/stmp2/Mark.Potts/gfortran_9.2.0_mpiuni_O_develop
20210509 061737.799 INFO             PET0 ESMF_COMM                   : mpiuni
20210509 061737.799 INFO             PET0 ESMF_MOAB                   : enabled
20210509 061737.799 INFO             PET0 ESMF_LAPACK                 : enabled
20210509 061737.799 INFO             PET0 ESMF_NETCDF                 : enabled
20210509 061737.799 INFO             PET0 ESMF_PNETCDF                : disabled
20210509 061737.799 INFO             PET0 ESMF_PIO                    : disabled
20210509 061737.799 INFO             PET0 ESMF_YAMLCPP                : enabled
20210509 061737.800 INFO             PET0  NUMBER_OF_PROCESSORS           1
20210509 061737.800 INFO             PET0  PASS  Example ESMF_ArraySpecEx, ESMF_ArraySpecEx.F90, line 96
20210509 061737.800 INFO             PET0 Finalizing ESMF
