build time -- 2021-05-18 06:06:18
20210518 062234.839 INFO             PET0 !!!!!!!!!!!!!!!!!!!!!!!!!!!!!!!!!!!!!!!!!!!!!!!!!!!!!!
20210518 062234.839 INFO             PET0 !!! THE ESMF_LOG IS SET TO OUTPUT ALL LOG MESSAGES !!!
20210518 062234.839 INFO             PET0 !!!     THIS MAY CAUSE SLOWDOWN IN PERFORMANCE     !!!
20210518 062234.839 INFO             PET0 !!! FOR PRODUCTION RUNS, USE:                      !!!
20210518 062234.839 INFO             PET0 !!!                   ESMF_LOGKIND_Multi_On_Error  !!!
20210518 062234.839 INFO             PET0 !!!!!!!!!!!!!!!!!!!!!!!!!!!!!!!!!!!!!!!!!!!!!!!!!!!!!!
20210518 062234.839 INFO             PET0 Running with ESMF Version   : ESMF_8_2_0_beta_snapshot_07-3-g7969da3634
20210518 062234.839 INFO             PET0 ESMF library build date/time: "May 18 2021" "06:05:19"
20210518 062234.839 INFO             PET0 ESMF library build location : /scratch1/NCEPDEV/stmp2/Mark.Potts/gfortran_9.2.0_mpiuni_O_develop
20210518 062234.839 INFO             PET0 ESMF_COMM                   : mpiuni
20210518 062234.839 INFO             PET0 ESMF_MOAB                   : enabled
20210518 062234.839 INFO             PET0 ESMF_LAPACK                 : enabled
20210518 062234.839 INFO             PET0 ESMF_NETCDF                 : enabled
20210518 062234.839 INFO             PET0 ESMF_PNETCDF                : disabled
20210518 062234.839 INFO             PET0 ESMF_PIO                    : disabled
20210518 062234.839 INFO             PET0 ESMF_YAMLCPP                : enabled
20210518 062234.848 INFO             PET0  NUMBER_OF_PROCESSORS           1
20210518 062234.848 INFO             PET0  PASS  Example ESMF_LocStreamEx, ESMF_LocStreamEx.F90, line 784
20210518 062234.848 INFO             PET0 Finalizing ESMF
