build time -- 2021-06-03 06:07:54
20210603 064929.627 INFO             PET0 !!!!!!!!!!!!!!!!!!!!!!!!!!!!!!!!!!!!!!!!!!!!!!!!!!!!!!
20210603 064929.627 INFO             PET0 !!! THE ESMF_LOG IS SET TO OUTPUT ALL LOG MESSAGES !!!
20210603 064929.627 INFO             PET0 !!!     THIS MAY CAUSE SLOWDOWN IN PERFORMANCE     !!!
20210603 064929.627 INFO             PET0 !!! FOR PRODUCTION RUNS, USE:                      !!!
20210603 064929.627 INFO             PET0 !!!                   ESMF_LOGKIND_Multi_On_Error  !!!
20210603 064929.627 INFO             PET0 !!!!!!!!!!!!!!!!!!!!!!!!!!!!!!!!!!!!!!!!!!!!!!!!!!!!!!
20210603 064929.627 INFO             PET0 Running with ESMF Version   : ESMF_8_2_0_beta_snapshot_10-3-g469be43409
20210603 064929.627 INFO             PET0 ESMF library build date/time: "Jun  3 2021" "06:06:59"
20210603 064929.627 INFO             PET0 ESMF library build location : /scratch1/NCEPDEV/stmp2/Mark.Potts/gfortran_9.2.0_mpiuni_O_develop
20210603 064929.627 INFO             PET0 ESMF_COMM                   : mpiuni
20210603 064929.628 INFO             PET0 ESMF_MOAB                   : enabled
20210603 064929.628 INFO             PET0 ESMF_LAPACK                 : enabled
20210603 064929.628 INFO             PET0 ESMF_NETCDF                 : enabled
20210603 064929.628 INFO             PET0 ESMF_PNETCDF                : disabled
20210603 064929.628 INFO             PET0 ESMF_PIO                    : disabled
20210603 064929.628 INFO             PET0 ESMF_YAMLCPP                : enabled
20210603 064929.628 INFO             PET0  NUMBER_OF_PROCESSORS           1
20210603 064929.628 INFO             PET0  PASS  Example ESMF_DELayoutEx, ESMF_DELayoutEx.F90, line 394
20210603 064929.628 INFO             PET0 Finalizing ESMF
