build time -- 2021-05-17 06:09:35
20210517 062523.421 INFO             PET0 !!!!!!!!!!!!!!!!!!!!!!!!!!!!!!!!!!!!!!!!!!!!!!!!!!!!!!
20210517 062523.422 INFO             PET0 !!! THE ESMF_LOG IS SET TO OUTPUT ALL LOG MESSAGES !!!
20210517 062523.422 INFO             PET0 !!!     THIS MAY CAUSE SLOWDOWN IN PERFORMANCE     !!!
20210517 062523.422 INFO             PET0 !!! FOR PRODUCTION RUNS, USE:                      !!!
20210517 062523.422 INFO             PET0 !!!                   ESMF_LOGKIND_Multi_On_Error  !!!
20210517 062523.422 INFO             PET0 !!!!!!!!!!!!!!!!!!!!!!!!!!!!!!!!!!!!!!!!!!!!!!!!!!!!!!
20210517 062523.422 INFO             PET0 Running with ESMF Version   : ESMF_8_2_0_beta_snapshot_07-3-g7969da3634
20210517 062523.422 INFO             PET0 ESMF library build date/time: "May 17 2021" "06:08:44"
20210517 062523.422 INFO             PET0 ESMF library build location : /scratch1/NCEPDEV/stmp2/Mark.Potts/gfortran_9.2.0_mpiuni_O_develop
20210517 062523.422 INFO             PET0 ESMF_COMM                   : mpiuni
20210517 062523.423 INFO             PET0 ESMF_MOAB                   : enabled
20210517 062523.423 INFO             PET0 ESMF_LAPACK                 : enabled
20210517 062523.423 INFO             PET0 ESMF_NETCDF                 : enabled
20210517 062523.423 INFO             PET0 ESMF_PNETCDF                : disabled
20210517 062523.423 INFO             PET0 ESMF_PIO                    : disabled
20210517 062523.423 INFO             PET0 ESMF_YAMLCPP                : enabled
20210517 062523.423 INFO             PET0 Log Write 2
20210517 062523.423 ERROR            PET0 Invalid object  - Convergence failure
20210517 062523.423 ERROR            PET0 ESMCI_Fraction.C:1444 ESMCI::Fraction::validate() must have non-zero denominator.
20210517 062523.423 ERROR            PET0 ESMCI_Time.C:838 ESMCI::Time::syncToRealTime() Wrong argument specified  - ; calkindflag is JULIANDAY, MODJULIANDAY or NOCALENDAR.
20210517 062523.423 ERROR            PET0 ESMF_Time.F90:1485 ESMF_TimeSyncToRealTime() Wrong argument specified  - Internal subroutine call returned Error
20210517 062523.423 ERROR            PET0 Wrong argument specified  - getting wall clock time
20210517 062523.425 INFO             PET0  NUMBER_OF_PROCESSORS           1
20210517 062523.425 INFO             PET0  PASS  Example ESMF_LogErrEx, ESMF_LogErrEx.F90, line 186
20210517 062523.425 INFO             PET0 Finalizing ESMF
