build time -- 2021-09-25 14:15:06.885437
20210925 143448.834 INFO             PET0 !!!!!!!!!!!!!!!!!!!!!!!!!!!!!!!!!!!!!!!!!!!!!!!!!!!!!!
20210925 143448.834 INFO             PET0 !!! THE ESMF_LOG IS SET TO OUTPUT ALL LOG MESSAGES !!!
20210925 143448.834 INFO             PET0 !!!     THIS MAY CAUSE SLOWDOWN IN PERFORMANCE     !!!
20210925 143448.834 INFO             PET0 !!! FOR PRODUCTION RUNS, USE:                      !!!
20210925 143448.834 INFO             PET0 !!!                   ESMF_LOGKIND_Multi_On_Error  !!!
20210925 143448.834 INFO             PET0 !!!!!!!!!!!!!!!!!!!!!!!!!!!!!!!!!!!!!!!!!!!!!!!!!!!!!!
20210925 143448.834 INFO             PET0 Running with ESMF Version   : ESMF_8_2_0_beta_snapshot_19-13-g03d9101efb
20210925 143448.834 INFO             PET0 ESMF library build date/time: "Sep 25 2021" "14:13:57"
20210925 143448.835 INFO             PET0 ESMF library build location : /home/mpotts/intel_2021.2_intelmpi_g_develop
20210925 143448.835 INFO             PET0 ESMF_COMM                   : intelmpi
20210925 143448.835 INFO             PET0 ESMF_MOAB                   : enabled
20210925 143448.835 INFO             PET0 ESMF_LAPACK                 : enabled
20210925 143448.835 INFO             PET0 ESMF_NETCDF                 : enabled
20210925 143448.835 INFO             PET0 ESMF_PNETCDF                : disabled
20210925 143448.835 INFO             PET0 ESMF_PIO                    : enabled
20210925 143448.835 INFO             PET0 ESMF_YAMLCPP                : enabled
20210925 143448.956 DEBUG            PET0 about to destroy Grid: 0x22873d0
20210925 143448.975 DEBUG            PET0 about to destroy Grid: 0x22880e0
20210925 143449.006 INFO             PET0  NUMBER_OF_PROCESSORS           4
20210925 143449.006 INFO             PET0  PASS  Example ESMF_NUOPCAtmModelEx, ESMF_NUOPCAtmModelEx.F90, line 806
20210925 143449.006 INFO             PET0 Finalizing ESMF
20210925 143448.834 INFO             PET1 !!!!!!!!!!!!!!!!!!!!!!!!!!!!!!!!!!!!!!!!!!!!!!!!!!!!!!
20210925 143448.834 INFO             PET1 !!! THE ESMF_LOG IS SET TO OUTPUT ALL LOG MESSAGES !!!
20210925 143448.834 INFO             PET1 !!!     THIS MAY CAUSE SLOWDOWN IN PERFORMANCE     !!!
20210925 143448.834 INFO             PET1 !!! FOR PRODUCTION RUNS, USE:                      !!!
20210925 143448.834 INFO             PET1 !!!                   ESMF_LOGKIND_Multi_On_Error  !!!
20210925 143448.834 INFO             PET1 !!!!!!!!!!!!!!!!!!!!!!!!!!!!!!!!!!!!!!!!!!!!!!!!!!!!!!
20210925 143448.834 INFO             PET1 Running with ESMF Version   : ESMF_8_2_0_beta_snapshot_19-13-g03d9101efb
20210925 143448.835 INFO             PET1 ESMF library build date/time: "Sep 25 2021" "14:13:57"
20210925 143448.835 INFO             PET1 ESMF library build location : /home/mpotts/intel_2021.2_intelmpi_g_develop
20210925 143448.835 INFO             PET1 ESMF_COMM                   : intelmpi
20210925 143448.835 INFO             PET1 ESMF_MOAB                   : enabled
20210925 143448.835 INFO             PET1 ESMF_LAPACK                 : enabled
20210925 143448.835 INFO             PET1 ESMF_NETCDF                 : enabled
20210925 143448.835 INFO             PET1 ESMF_PNETCDF                : disabled
20210925 143448.835 INFO             PET1 ESMF_PIO                    : enabled
20210925 143448.835 INFO             PET1 ESMF_YAMLCPP                : enabled
20210925 143448.956 DEBUG            PET1 about to destroy Grid: 0x1f0b240
20210925 143448.975 DEBUG            PET1 about to destroy Grid: 0x1f0bf20
20210925 143449.006 INFO             PET1  NUMBER_OF_PROCESSORS           4
20210925 143449.006 INFO             PET1  PASS  Example ESMF_NUOPCAtmModelEx, ESMF_NUOPCAtmModelEx.F90, line 806
20210925 143449.006 INFO             PET1 Finalizing ESMF
20210925 143448.834 INFO             PET2 !!!!!!!!!!!!!!!!!!!!!!!!!!!!!!!!!!!!!!!!!!!!!!!!!!!!!!
20210925 143448.834 INFO             PET2 !!! THE ESMF_LOG IS SET TO OUTPUT ALL LOG MESSAGES !!!
20210925 143448.834 INFO             PET2 !!!     THIS MAY CAUSE SLOWDOWN IN PERFORMANCE     !!!
20210925 143448.834 INFO             PET2 !!! FOR PRODUCTION RUNS, USE:                      !!!
20210925 143448.834 INFO             PET2 !!!                   ESMF_LOGKIND_Multi_On_Error  !!!
20210925 143448.834 INFO             PET2 !!!!!!!!!!!!!!!!!!!!!!!!!!!!!!!!!!!!!!!!!!!!!!!!!!!!!!
20210925 143448.834 INFO             PET2 Running with ESMF Version   : ESMF_8_2_0_beta_snapshot_19-13-g03d9101efb
20210925 143448.834 INFO             PET2 ESMF library build date/time: "Sep 25 2021" "14:13:57"
20210925 143448.835 INFO             PET2 ESMF library build location : /home/mpotts/intel_2021.2_intelmpi_g_develop
20210925 143448.835 INFO             PET2 ESMF_COMM                   : intelmpi
20210925 143448.835 INFO             PET2 ESMF_MOAB                   : enabled
20210925 143448.835 INFO             PET2 ESMF_LAPACK                 : enabled
20210925 143448.835 INFO             PET2 ESMF_NETCDF                 : enabled
20210925 143448.835 INFO             PET2 ESMF_PNETCDF                : disabled
20210925 143448.835 INFO             PET2 ESMF_PIO                    : enabled
20210925 143448.835 INFO             PET2 ESMF_YAMLCPP                : enabled
20210925 143448.956 DEBUG            PET2 about to destroy Grid: 0x14a6240
20210925 143448.975 DEBUG            PET2 about to destroy Grid: 0x14a6f20
20210925 143449.006 INFO             PET2  NUMBER_OF_PROCESSORS           4
20210925 143449.006 INFO             PET2  PASS  Example ESMF_NUOPCAtmModelEx, ESMF_NUOPCAtmModelEx.F90, line 806
20210925 143449.006 INFO             PET2 Finalizing ESMF
20210925 143448.834 INFO             PET3 !!!!!!!!!!!!!!!!!!!!!!!!!!!!!!!!!!!!!!!!!!!!!!!!!!!!!!
20210925 143448.834 INFO             PET3 !!! THE ESMF_LOG IS SET TO OUTPUT ALL LOG MESSAGES !!!
20210925 143448.834 INFO             PET3 !!!     THIS MAY CAUSE SLOWDOWN IN PERFORMANCE     !!!
20210925 143448.834 INFO             PET3 !!! FOR PRODUCTION RUNS, USE:                      !!!
20210925 143448.834 INFO             PET3 !!!                   ESMF_LOGKIND_Multi_On_Error  !!!
20210925 143448.834 INFO             PET3 !!!!!!!!!!!!!!!!!!!!!!!!!!!!!!!!!!!!!!!!!!!!!!!!!!!!!!
20210925 143448.834 INFO             PET3 Running with ESMF Version   : ESMF_8_2_0_beta_snapshot_19-13-g03d9101efb
20210925 143448.835 INFO             PET3 ESMF library build date/time: "Sep 25 2021" "14:13:57"
20210925 143448.835 INFO             PET3 ESMF library build location : /home/mpotts/intel_2021.2_intelmpi_g_develop
20210925 143448.835 INFO             PET3 ESMF_COMM                   : intelmpi
20210925 143448.835 INFO             PET3 ESMF_MOAB                   : enabled
20210925 143448.835 INFO             PET3 ESMF_LAPACK                 : enabled
20210925 143448.835 INFO             PET3 ESMF_NETCDF                 : enabled
20210925 143448.835 INFO             PET3 ESMF_PNETCDF                : disabled
20210925 143448.835 INFO             PET3 ESMF_PIO                    : enabled
20210925 143448.835 INFO             PET3 ESMF_YAMLCPP                : enabled
20210925 143448.956 DEBUG            PET3 about to destroy Grid: 0x1271210
20210925 143448.975 DEBUG            PET3 about to destroy Grid: 0x1271ef0
20210925 143449.006 INFO             PET3  NUMBER_OF_PROCESSORS           4
20210925 143449.006 INFO             PET3  PASS  Example ESMF_NUOPCAtmModelEx, ESMF_NUOPCAtmModelEx.F90, line 806
20210925 143449.006 INFO             PET3 Finalizing ESMF
