build time -- 2021-09-10 04:07:02
20210910 051911.220 INFO             PET0 !!!!!!!!!!!!!!!!!!!!!!!!!!!!!!!!!!!!!!!!!!!!!!!!!!!!!!
20210910 051911.221 INFO             PET0 !!! THE ESMF_LOG IS SET TO OUTPUT ALL LOG MESSAGES !!!
20210910 051911.221 INFO             PET0 !!!     THIS MAY CAUSE SLOWDOWN IN PERFORMANCE     !!!
20210910 051911.221 INFO             PET0 !!! FOR PRODUCTION RUNS, USE:                      !!!
20210910 051911.221 INFO             PET0 !!!                   ESMF_LOGKIND_Multi_On_Error  !!!
20210910 051911.221 INFO             PET0 !!!!!!!!!!!!!!!!!!!!!!!!!!!!!!!!!!!!!!!!!!!!!!!!!!!!!!
20210910 051911.221 INFO             PET0 Running with ESMF Version   : ESMF_8_2_0_beta_snapshot_18-42-gb11ffe5
20210910 051911.221 INFO             PET0 ESMF library build date/time: "Sep 10 2021" "04:03:59"
20210910 051911.221 INFO             PET0 ESMF library build location : /mnt/lfs4/HFIP/hfv3gfs/Mark.Potts/intel_2020.2_mvapich2_g_develop
20210910 051911.221 INFO             PET0 ESMF_COMM                   : mvapich2
20210910 051911.221 INFO             PET0 ESMF_MOAB                   : enabled
20210910 051911.222 INFO             PET0 ESMF_LAPACK                 : enabled
20210910 051911.222 INFO             PET0 ESMF_NETCDF                 : enabled
20210910 051911.222 INFO             PET0 ESMF_PNETCDF                : disabled
20210910 051911.222 INFO             PET0 ESMF_PIO                    : enabled
20210910 051911.222 INFO             PET0 ESMF_YAMLCPP                : enabled
20210910 051911.401 DEBUG            PET0 about to destroy Grid: 0x1fb2ac0
20210910 051911.434 DEBUG            PET0 about to destroy Grid: 0x1fb48e0
20210910 051911.495 INFO             PET0  NUMBER_OF_PROCESSORS           4
20210910 051911.495 INFO             PET0  PASS  Example ESMF_NUOPCAtmModelEx, ESMF_NUOPCAtmModelEx.F90, line 806
20210910 051911.495 INFO             PET0 Finalizing ESMF
20210910 051911.220 INFO             PET1 !!!!!!!!!!!!!!!!!!!!!!!!!!!!!!!!!!!!!!!!!!!!!!!!!!!!!!
20210910 051911.220 INFO             PET1 !!! THE ESMF_LOG IS SET TO OUTPUT ALL LOG MESSAGES !!!
20210910 051911.220 INFO             PET1 !!!     THIS MAY CAUSE SLOWDOWN IN PERFORMANCE     !!!
20210910 051911.220 INFO             PET1 !!! FOR PRODUCTION RUNS, USE:                      !!!
20210910 051911.220 INFO             PET1 !!!                   ESMF_LOGKIND_Multi_On_Error  !!!
20210910 051911.220 INFO             PET1 !!!!!!!!!!!!!!!!!!!!!!!!!!!!!!!!!!!!!!!!!!!!!!!!!!!!!!
20210910 051911.220 INFO             PET1 Running with ESMF Version   : ESMF_8_2_0_beta_snapshot_18-42-gb11ffe5
20210910 051911.221 INFO             PET1 ESMF library build date/time: "Sep 10 2021" "04:03:59"
20210910 051911.221 INFO             PET1 ESMF library build location : /mnt/lfs4/HFIP/hfv3gfs/Mark.Potts/intel_2020.2_mvapich2_g_develop
20210910 051911.221 INFO             PET1 ESMF_COMM                   : mvapich2
20210910 051911.222 INFO             PET1 ESMF_MOAB                   : enabled
20210910 051911.222 INFO             PET1 ESMF_LAPACK                 : enabled
20210910 051911.222 INFO             PET1 ESMF_NETCDF                 : enabled
20210910 051911.222 INFO             PET1 ESMF_PNETCDF                : disabled
20210910 051911.222 INFO             PET1 ESMF_PIO                    : enabled
20210910 051911.222 INFO             PET1 ESMF_YAMLCPP                : enabled
20210910 051911.401 DEBUG            PET1 about to destroy Grid: 0x1f24060
20210910 051911.434 DEBUG            PET1 about to destroy Grid: 0x1f26520
20210910 051911.495 INFO             PET1  NUMBER_OF_PROCESSORS           4
20210910 051911.495 INFO             PET1  PASS  Example ESMF_NUOPCAtmModelEx, ESMF_NUOPCAtmModelEx.F90, line 806
20210910 051911.495 INFO             PET1 Finalizing ESMF
20210910 051911.220 INFO             PET2 !!!!!!!!!!!!!!!!!!!!!!!!!!!!!!!!!!!!!!!!!!!!!!!!!!!!!!
20210910 051911.221 INFO             PET2 !!! THE ESMF_LOG IS SET TO OUTPUT ALL LOG MESSAGES !!!
20210910 051911.221 INFO             PET2 !!!     THIS MAY CAUSE SLOWDOWN IN PERFORMANCE     !!!
20210910 051911.221 INFO             PET2 !!! FOR PRODUCTION RUNS, USE:                      !!!
20210910 051911.221 INFO             PET2 !!!                   ESMF_LOGKIND_Multi_On_Error  !!!
20210910 051911.221 INFO             PET2 !!!!!!!!!!!!!!!!!!!!!!!!!!!!!!!!!!!!!!!!!!!!!!!!!!!!!!
20210910 051911.221 INFO             PET2 Running with ESMF Version   : ESMF_8_2_0_beta_snapshot_18-42-gb11ffe5
20210910 051911.221 INFO             PET2 ESMF library build date/time: "Sep 10 2021" "04:03:59"
20210910 051911.221 INFO             PET2 ESMF library build location : /mnt/lfs4/HFIP/hfv3gfs/Mark.Potts/intel_2020.2_mvapich2_g_develop
20210910 051911.221 INFO             PET2 ESMF_COMM                   : mvapich2
20210910 051911.222 INFO             PET2 ESMF_MOAB                   : enabled
20210910 051911.222 INFO             PET2 ESMF_LAPACK                 : enabled
20210910 051911.222 INFO             PET2 ESMF_NETCDF                 : enabled
20210910 051911.222 INFO             PET2 ESMF_PNETCDF                : disabled
20210910 051911.222 INFO             PET2 ESMF_PIO                    : enabled
20210910 051911.222 INFO             PET2 ESMF_YAMLCPP                : enabled
20210910 051911.401 DEBUG            PET2 about to destroy Grid: 0x1bac060
20210910 051911.434 DEBUG            PET2 about to destroy Grid: 0x1bae520
20210910 051911.495 INFO             PET2  NUMBER_OF_PROCESSORS           4
20210910 051911.495 INFO             PET2  PASS  Example ESMF_NUOPCAtmModelEx, ESMF_NUOPCAtmModelEx.F90, line 806
20210910 051911.495 INFO             PET2 Finalizing ESMF
20210910 051911.220 INFO             PET3 !!!!!!!!!!!!!!!!!!!!!!!!!!!!!!!!!!!!!!!!!!!!!!!!!!!!!!
20210910 051911.220 INFO             PET3 !!! THE ESMF_LOG IS SET TO OUTPUT ALL LOG MESSAGES !!!
20210910 051911.220 INFO             PET3 !!!     THIS MAY CAUSE SLOWDOWN IN PERFORMANCE     !!!
20210910 051911.220 INFO             PET3 !!! FOR PRODUCTION RUNS, USE:                      !!!
20210910 051911.220 INFO             PET3 !!!                   ESMF_LOGKIND_Multi_On_Error  !!!
20210910 051911.220 INFO             PET3 !!!!!!!!!!!!!!!!!!!!!!!!!!!!!!!!!!!!!!!!!!!!!!!!!!!!!!
20210910 051911.220 INFO             PET3 Running with ESMF Version   : ESMF_8_2_0_beta_snapshot_18-42-gb11ffe5
20210910 051911.220 INFO             PET3 ESMF library build date/time: "Sep 10 2021" "04:03:59"
20210910 051911.220 INFO             PET3 ESMF library build location : /mnt/lfs4/HFIP/hfv3gfs/Mark.Potts/intel_2020.2_mvapich2_g_develop
20210910 051911.220 INFO             PET3 ESMF_COMM                   : mvapich2
20210910 051911.222 INFO             PET3 ESMF_MOAB                   : enabled
20210910 051911.222 INFO             PET3 ESMF_LAPACK                 : enabled
20210910 051911.222 INFO             PET3 ESMF_NETCDF                 : enabled
20210910 051911.222 INFO             PET3 ESMF_PNETCDF                : disabled
20210910 051911.222 INFO             PET3 ESMF_PIO                    : enabled
20210910 051911.222 INFO             PET3 ESMF_YAMLCPP                : enabled
20210910 051911.401 DEBUG            PET3 about to destroy Grid: 0x22d8060
20210910 051911.434 DEBUG            PET3 about to destroy Grid: 0x22da520
20210910 051911.495 INFO             PET3  NUMBER_OF_PROCESSORS           4
20210910 051911.495 INFO             PET3  PASS  Example ESMF_NUOPCAtmModelEx, ESMF_NUOPCAtmModelEx.F90, line 806
20210910 051911.495 INFO             PET3 Finalizing ESMF
