build time -- 2021-09-03 04:07:30
srun: Job 57714148 step creation temporarily disabled, retrying (Requested nodes are busy)
srun: Step created for job 57714148
Warning: Process to core binding is enabled and OMP_NUM_THREADS is set to non-zero (1) value
If your program has OpenMP sections, this can cause over-subscription of cores and consequently poor performance
To avoid this, please re-run your application after setting MV2_ENABLE_AFFINITY=0
Use MV2_USE_THREAD_WARNING=0 to suppress this message
 ESMF application on MPI rank:           2
 ESMF application on MPI rank:           3
  PASS  Example ESMF_VMUserMpiCommMultiEx, ESMF_VMUserMpiCommMultiEx.F90, line 1
 54
  PASS  Example ESMF_VMUserMpiCommMultiEx, ESMF_VMUserMpiCommMultiEx.F90, line 1
 54
 ESMF application on MPI rank:           0
 ESMF application on MPI rank:           1
  PASS  Example ESMF_VMUserMpiCommMultiEx, ESMF_VMUserMpiCommMultiEx.F90, line 1
 26
  PASS  Example ESMF_VMUserMpiCommMultiEx, ESMF_VMUserMpiCommMultiEx.F90, line 1
 26
 PASS: ESMF_VMUserMpiCommMultiEx.F90
 PASS: ESMF_VMUserMpiCommMultiEx.F90
 PASS: ESMF_VMUserMpiCommMultiEx.F90
 PASS: ESMF_VMUserMpiCommMultiEx.F90
