build time -- 2021-07-17 04:07:40
20210717 051505.877 INFO             PET0 !!!!!!!!!!!!!!!!!!!!!!!!!!!!!!!!!!!!!!!!!!!!!!!!!!!!!!
20210717 051505.878 INFO             PET0 !!! THE ESMF_LOG IS SET TO OUTPUT ALL LOG MESSAGES !!!
20210717 051505.878 INFO             PET0 !!!     THIS MAY CAUSE SLOWDOWN IN PERFORMANCE     !!!
20210717 051505.878 INFO             PET0 !!! FOR PRODUCTION RUNS, USE:                      !!!
20210717 051505.878 INFO             PET0 !!!                   ESMF_LOGKIND_Multi_On_Error  !!!
20210717 051505.878 INFO             PET0 !!!!!!!!!!!!!!!!!!!!!!!!!!!!!!!!!!!!!!!!!!!!!!!!!!!!!!
20210717 051505.878 INFO             PET0 Running with ESMF Version   : ESMF_8_2_0_beta_snapshot_14
20210717 051505.878 INFO             PET0 ESMF library build date/time: "Jul 17 2021" "04:04:29"
20210717 051505.878 INFO             PET0 ESMF library build location : /mnt/lfs4/HFIP/hfv3gfs/Mark.Potts/intel_2020.2_mvapich2_g_develop
20210717 051505.878 INFO             PET0 ESMF_COMM                   : mvapich2
20210717 051505.879 INFO             PET0 ESMF_MOAB                   : enabled
20210717 051505.879 INFO             PET0 ESMF_LAPACK                 : enabled
20210717 051505.879 INFO             PET0 ESMF_NETCDF                 : enabled
20210717 051505.879 INFO             PET0 ESMF_PNETCDF                : disabled
20210717 051505.879 INFO             PET0 ESMF_PIO                    : enabled
20210717 051505.879 INFO             PET0 ESMF_YAMLCPP                : enabled
20210717 051505.879 INFO             PET0  NUMBER_OF_PROCESSORS           2
20210717 051505.879 INFO             PET0  PASS  Example ESMF_VMUserMpiCommEx, ESMF_VMUserMpiCommEx.F90, line 113
20210717 051505.879 INFO             PET0 Finalizing ESMF
20210717 051505.877 INFO             PET1 !!!!!!!!!!!!!!!!!!!!!!!!!!!!!!!!!!!!!!!!!!!!!!!!!!!!!!
20210717 051505.878 INFO             PET1 !!! THE ESMF_LOG IS SET TO OUTPUT ALL LOG MESSAGES !!!
20210717 051505.878 INFO             PET1 !!!     THIS MAY CAUSE SLOWDOWN IN PERFORMANCE     !!!
20210717 051505.878 INFO             PET1 !!! FOR PRODUCTION RUNS, USE:                      !!!
20210717 051505.878 INFO             PET1 !!!                   ESMF_LOGKIND_Multi_On_Error  !!!
20210717 051505.878 INFO             PET1 !!!!!!!!!!!!!!!!!!!!!!!!!!!!!!!!!!!!!!!!!!!!!!!!!!!!!!
20210717 051505.878 INFO             PET1 Running with ESMF Version   : ESMF_8_2_0_beta_snapshot_14
20210717 051505.878 INFO             PET1 ESMF library build date/time: "Jul 17 2021" "04:04:29"
20210717 051505.878 INFO             PET1 ESMF library build location : /mnt/lfs4/HFIP/hfv3gfs/Mark.Potts/intel_2020.2_mvapich2_g_develop
20210717 051505.878 INFO             PET1 ESMF_COMM                   : mvapich2
20210717 051505.879 INFO             PET1 ESMF_MOAB                   : enabled
20210717 051505.879 INFO             PET1 ESMF_LAPACK                 : enabled
20210717 051505.879 INFO             PET1 ESMF_NETCDF                 : enabled
20210717 051505.879 INFO             PET1 ESMF_PNETCDF                : disabled
20210717 051505.879 INFO             PET1 ESMF_PIO                    : enabled
20210717 051505.879 INFO             PET1 ESMF_YAMLCPP                : enabled
20210717 051505.879 INFO             PET1  NUMBER_OF_PROCESSORS           2
20210717 051505.879 INFO             PET1  PASS  Example ESMF_VMUserMpiCommEx, ESMF_VMUserMpiCommEx.F90, line 113
20210717 051505.879 INFO             PET1 Finalizing ESMF
