build time -- 2021-08-04 12:53:39
20210804 131320.563 INFO             PET0 !!!!!!!!!!!!!!!!!!!!!!!!!!!!!!!!!!!!!!!!!!!!!!!!!!!!!!
20210804 131320.563 INFO             PET0 !!! THE ESMF_LOG IS SET TO OUTPUT ALL LOG MESSAGES !!!
20210804 131320.563 INFO             PET0 !!!     THIS MAY CAUSE SLOWDOWN IN PERFORMANCE     !!!
20210804 131320.563 INFO             PET0 !!! FOR PRODUCTION RUNS, USE:                      !!!
20210804 131320.563 INFO             PET0 !!!                   ESMF_LOGKIND_Multi_On_Error  !!!
20210804 131320.563 INFO             PET0 !!!!!!!!!!!!!!!!!!!!!!!!!!!!!!!!!!!!!!!!!!!!!!!!!!!!!!
20210804 131320.563 INFO             PET0 Running with ESMF Version   : ESMF_8_2_0_beta_snapshot_14-1-g6ac79f62fc
20210804 131320.563 INFO             PET0 ESMF library build date/time: "Aug  4 2021" "12:52:32"
20210804 131320.563 INFO             PET0 ESMF library build location : /lfs/h1/emc/ptmp/Mark.Potts/gfortran_10.3.0_mpich3_g_develop
20210804 131320.563 INFO             PET0 ESMF_COMM                   : mpich3
20210804 131320.564 INFO             PET0 ESMF_MOAB                   : enabled
20210804 131320.564 INFO             PET0 ESMF_LAPACK                 : enabled
20210804 131320.564 INFO             PET0 ESMF_NETCDF                 : enabled
20210804 131320.564 INFO             PET0 ESMF_PNETCDF                : disabled
20210804 131320.564 INFO             PET0 ESMF_PIO                    : enabled
20210804 131320.564 INFO             PET0 ESMF_YAMLCPP                : enabled
20210804 131320.564 INFO             PET0  NUMBER_OF_PROCESSORS           1
20210804 131320.564 INFO             PET0  PASS  Example ESMF_TimeEx, ESMF_TimeEx.F90, line 141
20210804 131320.564 INFO             PET0 Finalizing ESMF
