build time -- 2021-08-04 12:53:39
20210804 131438.989 INFO             PET0 !!!!!!!!!!!!!!!!!!!!!!!!!!!!!!!!!!!!!!!!!!!!!!!!!!!!!!
20210804 131438.989 INFO             PET0 !!! THE ESMF_LOG IS SET TO OUTPUT ALL LOG MESSAGES !!!
20210804 131438.989 INFO             PET0 !!!     THIS MAY CAUSE SLOWDOWN IN PERFORMANCE     !!!
20210804 131438.989 INFO             PET0 !!! FOR PRODUCTION RUNS, USE:                      !!!
20210804 131438.989 INFO             PET0 !!!                   ESMF_LOGKIND_Multi_On_Error  !!!
20210804 131438.989 INFO             PET0 !!!!!!!!!!!!!!!!!!!!!!!!!!!!!!!!!!!!!!!!!!!!!!!!!!!!!!
20210804 131438.989 INFO             PET0 Running with ESMF Version   : ESMF_8_2_0_beta_snapshot_14-1-g6ac79f62fc
20210804 131438.989 INFO             PET0 ESMF library build date/time: "Aug  4 2021" "12:52:32"
20210804 131438.989 INFO             PET0 ESMF library build location : /lfs/h1/emc/ptmp/Mark.Potts/gfortran_10.3.0_mpich3_g_develop
20210804 131438.989 INFO             PET0 ESMF_COMM                   : mpich3
20210804 131438.989 INFO             PET0 ESMF_MOAB                   : enabled
20210804 131438.989 INFO             PET0 ESMF_LAPACK                 : enabled
20210804 131438.989 INFO             PET0 ESMF_NETCDF                 : enabled
20210804 131438.989 INFO             PET0 ESMF_PNETCDF                : disabled
20210804 131438.989 INFO             PET0 ESMF_PIO                    : enabled
20210804 131438.989 INFO             PET0 ESMF_YAMLCPP                : enabled
20210804 131439.085 DEBUG            PET0 about to destroy Grid: 0xa62270
20210804 131439.105 DEBUG            PET0 about to destroy Grid: 0xa658a0
20210804 131439.137 INFO             PET0  NUMBER_OF_PROCESSORS           4
20210804 131439.137 INFO             PET0  PASS  Example ESMF_NUOPCAtmModelEx, ESMF_NUOPCAtmModelEx.F90, line 806
20210804 131439.137 INFO             PET0 Finalizing ESMF
20210804 131438.988 INFO             PET1 !!!!!!!!!!!!!!!!!!!!!!!!!!!!!!!!!!!!!!!!!!!!!!!!!!!!!!
20210804 131438.988 INFO             PET1 !!! THE ESMF_LOG IS SET TO OUTPUT ALL LOG MESSAGES !!!
20210804 131438.988 INFO             PET1 !!!     THIS MAY CAUSE SLOWDOWN IN PERFORMANCE     !!!
20210804 131438.988 INFO             PET1 !!! FOR PRODUCTION RUNS, USE:                      !!!
20210804 131438.988 INFO             PET1 !!!                   ESMF_LOGKIND_Multi_On_Error  !!!
20210804 131438.988 INFO             PET1 !!!!!!!!!!!!!!!!!!!!!!!!!!!!!!!!!!!!!!!!!!!!!!!!!!!!!!
20210804 131438.988 INFO             PET1 Running with ESMF Version   : ESMF_8_2_0_beta_snapshot_14-1-g6ac79f62fc
20210804 131438.988 INFO             PET1 ESMF library build date/time: "Aug  4 2021" "12:52:32"
20210804 131438.988 INFO             PET1 ESMF library build location : /lfs/h1/emc/ptmp/Mark.Potts/gfortran_10.3.0_mpich3_g_develop
20210804 131438.988 INFO             PET1 ESMF_COMM                   : mpich3
20210804 131438.989 INFO             PET1 ESMF_MOAB                   : enabled
20210804 131438.989 INFO             PET1 ESMF_LAPACK                 : enabled
20210804 131438.989 INFO             PET1 ESMF_NETCDF                 : enabled
20210804 131438.989 INFO             PET1 ESMF_PNETCDF                : disabled
20210804 131438.989 INFO             PET1 ESMF_PIO                    : enabled
20210804 131438.989 INFO             PET1 ESMF_YAMLCPP                : enabled
20210804 131439.085 DEBUG            PET1 about to destroy Grid: 0xfe6e30
20210804 131439.105 DEBUG            PET1 about to destroy Grid: 0xfe8f40
20210804 131439.138 INFO             PET1  NUMBER_OF_PROCESSORS           4
20210804 131439.138 INFO             PET1  PASS  Example ESMF_NUOPCAtmModelEx, ESMF_NUOPCAtmModelEx.F90, line 806
20210804 131439.138 INFO             PET1 Finalizing ESMF
20210804 131438.989 INFO             PET2 !!!!!!!!!!!!!!!!!!!!!!!!!!!!!!!!!!!!!!!!!!!!!!!!!!!!!!
20210804 131438.989 INFO             PET2 !!! THE ESMF_LOG IS SET TO OUTPUT ALL LOG MESSAGES !!!
20210804 131438.989 INFO             PET2 !!!     THIS MAY CAUSE SLOWDOWN IN PERFORMANCE     !!!
20210804 131438.989 INFO             PET2 !!! FOR PRODUCTION RUNS, USE:                      !!!
20210804 131438.989 INFO             PET2 !!!                   ESMF_LOGKIND_Multi_On_Error  !!!
20210804 131438.989 INFO             PET2 !!!!!!!!!!!!!!!!!!!!!!!!!!!!!!!!!!!!!!!!!!!!!!!!!!!!!!
20210804 131438.989 INFO             PET2 Running with ESMF Version   : ESMF_8_2_0_beta_snapshot_14-1-g6ac79f62fc
20210804 131438.989 INFO             PET2 ESMF library build date/time: "Aug  4 2021" "12:52:32"
20210804 131438.989 INFO             PET2 ESMF library build location : /lfs/h1/emc/ptmp/Mark.Potts/gfortran_10.3.0_mpich3_g_develop
20210804 131438.989 INFO             PET2 ESMF_COMM                   : mpich3
20210804 131438.989 INFO             PET2 ESMF_MOAB                   : enabled
20210804 131438.989 INFO             PET2 ESMF_LAPACK                 : enabled
20210804 131438.989 INFO             PET2 ESMF_NETCDF                 : enabled
20210804 131438.989 INFO             PET2 ESMF_PNETCDF                : disabled
20210804 131438.989 INFO             PET2 ESMF_PIO                    : enabled
20210804 131438.989 INFO             PET2 ESMF_YAMLCPP                : enabled
20210804 131439.085 DEBUG            PET2 about to destroy Grid: 0x266b820
20210804 131439.105 DEBUG            PET2 about to destroy Grid: 0x266d360
20210804 131439.137 INFO             PET2  NUMBER_OF_PROCESSORS           4
20210804 131439.137 INFO             PET2  PASS  Example ESMF_NUOPCAtmModelEx, ESMF_NUOPCAtmModelEx.F90, line 806
20210804 131439.137 INFO             PET2 Finalizing ESMF
20210804 131438.989 INFO             PET3 !!!!!!!!!!!!!!!!!!!!!!!!!!!!!!!!!!!!!!!!!!!!!!!!!!!!!!
20210804 131438.989 INFO             PET3 !!! THE ESMF_LOG IS SET TO OUTPUT ALL LOG MESSAGES !!!
20210804 131438.989 INFO             PET3 !!!     THIS MAY CAUSE SLOWDOWN IN PERFORMANCE     !!!
20210804 131438.989 INFO             PET3 !!! FOR PRODUCTION RUNS, USE:                      !!!
20210804 131438.989 INFO             PET3 !!!                   ESMF_LOGKIND_Multi_On_Error  !!!
20210804 131438.989 INFO             PET3 !!!!!!!!!!!!!!!!!!!!!!!!!!!!!!!!!!!!!!!!!!!!!!!!!!!!!!
20210804 131438.989 INFO             PET3 Running with ESMF Version   : ESMF_8_2_0_beta_snapshot_14-1-g6ac79f62fc
20210804 131438.989 INFO             PET3 ESMF library build date/time: "Aug  4 2021" "12:52:32"
20210804 131438.989 INFO             PET3 ESMF library build location : /lfs/h1/emc/ptmp/Mark.Potts/gfortran_10.3.0_mpich3_g_develop
20210804 131438.989 INFO             PET3 ESMF_COMM                   : mpich3
20210804 131438.989 INFO             PET3 ESMF_MOAB                   : enabled
20210804 131438.989 INFO             PET3 ESMF_LAPACK                 : enabled
20210804 131438.989 INFO             PET3 ESMF_NETCDF                 : enabled
20210804 131438.989 INFO             PET3 ESMF_PNETCDF                : disabled
20210804 131438.989 INFO             PET3 ESMF_PIO                    : enabled
20210804 131438.989 INFO             PET3 ESMF_YAMLCPP                : enabled
20210804 131439.085 DEBUG            PET3 about to destroy Grid: 0x13356d0
20210804 131439.105 DEBUG            PET3 about to destroy Grid: 0x1337210
20210804 131439.137 INFO             PET3  NUMBER_OF_PROCESSORS           4
20210804 131439.137 INFO             PET3  PASS  Example ESMF_NUOPCAtmModelEx, ESMF_NUOPCAtmModelEx.F90, line 806
20210804 131439.137 INFO             PET3 Finalizing ESMF
