build time -- 2021-09-06 17:18:30
20210906 174846.697 INFO             PET0 !!!!!!!!!!!!!!!!!!!!!!!!!!!!!!!!!!!!!!!!!!!!!!!!!!!!!!
20210906 174846.697 INFO             PET0 !!! THE ESMF_LOG IS SET TO OUTPUT ALL LOG MESSAGES !!!
20210906 174846.697 INFO             PET0 !!!     THIS MAY CAUSE SLOWDOWN IN PERFORMANCE     !!!
20210906 174846.697 INFO             PET0 !!! FOR PRODUCTION RUNS, USE:                      !!!
20210906 174846.697 INFO             PET0 !!!                   ESMF_LOGKIND_Multi_On_Error  !!!
20210906 174846.697 INFO             PET0 !!!!!!!!!!!!!!!!!!!!!!!!!!!!!!!!!!!!!!!!!!!!!!!!!!!!!!
20210906 174846.697 INFO             PET0 Running with ESMF Version   : ESMF_8_2_0_beta_snapshot_18-42-gb11ffe5
20210906 174846.697 INFO             PET0 ESMF library build date/time: "Sep  6 2021" "17:16:52"
20210906 174846.697 INFO             PET0 ESMF library build location : /scratch/users/mpotts/intel_2019.0.5_intelmpi_g_develop
20210906 174846.697 INFO             PET0 ESMF_COMM                   : intelmpi
20210906 174846.698 INFO             PET0 ESMF_MOAB                   : enabled
20210906 174846.698 INFO             PET0 ESMF_LAPACK                 : enabled
20210906 174846.698 INFO             PET0 ESMF_NETCDF                 : enabled
20210906 174846.698 INFO             PET0 ESMF_PNETCDF                : disabled
20210906 174846.698 INFO             PET0 ESMF_PIO                    : enabled
20210906 174846.698 INFO             PET0 ESMF_YAMLCPP                : enabled
20210906 174846.699 INFO             PET0  NUMBER_OF_PROCESSORS           4
20210906 174846.699 INFO             PET0  PASS  Example ESMF_VMUserMpiCommMultiEx, ESMF_VMUserMpiCommMultiEx.F90, line 126
20210906 174846.699 INFO             PET0 Finalizing ESMF
20210906 174846.706 INFO             PET0 !!!!!!!!!!!!!!!!!!!!!!!!!!!!!!!!!!!!!!!!!!!!!!!!!!!!!!
20210906 174846.706 INFO             PET0 !!! THE ESMF_LOG IS SET TO OUTPUT ALL LOG MESSAGES !!!
20210906 174846.706 INFO             PET0 !!!     THIS MAY CAUSE SLOWDOWN IN PERFORMANCE     !!!
20210906 174846.706 INFO             PET0 !!! FOR PRODUCTION RUNS, USE:                      !!!
20210906 174846.706 INFO             PET0 !!!                   ESMF_LOGKIND_Multi_On_Error  !!!
20210906 174846.706 INFO             PET0 !!!!!!!!!!!!!!!!!!!!!!!!!!!!!!!!!!!!!!!!!!!!!!!!!!!!!!
20210906 174846.706 INFO             PET0 Running with ESMF Version   : ESMF_8_2_0_beta_snapshot_18-42-gb11ffe5
20210906 174846.706 INFO             PET0 ESMF library build date/time: "Sep  6 2021" "17:16:52"
20210906 174846.706 INFO             PET0 ESMF library build location : /scratch/users/mpotts/intel_2019.0.5_intelmpi_g_develop
20210906 174846.706 INFO             PET0 ESMF_COMM                   : intelmpi
20210906 174846.708 INFO             PET0 ESMF_MOAB                   : enabled
20210906 174846.708 INFO             PET0 ESMF_LAPACK                 : enabled
20210906 174846.708 INFO             PET0 ESMF_NETCDF                 : enabled
20210906 174846.708 INFO             PET0 ESMF_PNETCDF                : disabled
20210906 174846.708 INFO             PET0 ESMF_PIO                    : enabled
20210906 174846.708 INFO             PET0 ESMF_YAMLCPP                : enabled
20210906 174846.708 INFO             PET0  NUMBER_OF_PROCESSORS           4
20210906 174846.708 INFO             PET0  PASS  Example ESMF_VMUserMpiCommMultiEx, ESMF_VMUserMpiCommMultiEx.F90, line 154
20210906 174846.708 INFO             PET0 Finalizing ESMF
20210906 174846.697 INFO             PET1 !!!!!!!!!!!!!!!!!!!!!!!!!!!!!!!!!!!!!!!!!!!!!!!!!!!!!!
20210906 174846.697 INFO             PET1 !!! THE ESMF_LOG IS SET TO OUTPUT ALL LOG MESSAGES !!!
20210906 174846.697 INFO             PET1 !!!     THIS MAY CAUSE SLOWDOWN IN PERFORMANCE     !!!
20210906 174846.697 INFO             PET1 !!! FOR PRODUCTION RUNS, USE:                      !!!
20210906 174846.697 INFO             PET1 !!!                   ESMF_LOGKIND_Multi_On_Error  !!!
20210906 174846.697 INFO             PET1 !!!!!!!!!!!!!!!!!!!!!!!!!!!!!!!!!!!!!!!!!!!!!!!!!!!!!!
20210906 174846.697 INFO             PET1 Running with ESMF Version   : ESMF_8_2_0_beta_snapshot_18-42-gb11ffe5
20210906 174846.697 INFO             PET1 ESMF library build date/time: "Sep  6 2021" "17:16:52"
20210906 174846.697 INFO             PET1 ESMF library build location : /scratch/users/mpotts/intel_2019.0.5_intelmpi_g_develop
20210906 174846.697 INFO             PET1 ESMF_COMM                   : intelmpi
20210906 174846.698 INFO             PET1 ESMF_MOAB                   : enabled
20210906 174846.698 INFO             PET1 ESMF_LAPACK                 : enabled
20210906 174846.698 INFO             PET1 ESMF_NETCDF                 : enabled
20210906 174846.698 INFO             PET1 ESMF_PNETCDF                : disabled
20210906 174846.698 INFO             PET1 ESMF_PIO                    : enabled
20210906 174846.698 INFO             PET1 ESMF_YAMLCPP                : enabled
20210906 174846.699 INFO             PET1  NUMBER_OF_PROCESSORS           4
20210906 174846.699 INFO             PET1  PASS  Example ESMF_VMUserMpiCommMultiEx, ESMF_VMUserMpiCommMultiEx.F90, line 126
20210906 174846.699 INFO             PET1 Finalizing ESMF
20210906 174846.699 INFO             PET1 !!!!!!!!!!!!!!!!!!!!!!!!!!!!!!!!!!!!!!!!!!!!!!!!!!!!!!
20210906 174846.699 INFO             PET1 !!! THE ESMF_LOG IS SET TO OUTPUT ALL LOG MESSAGES !!!
20210906 174846.699 INFO             PET1 !!!     THIS MAY CAUSE SLOWDOWN IN PERFORMANCE     !!!
20210906 174846.699 INFO             PET1 !!! FOR PRODUCTION RUNS, USE:                      !!!
20210906 174846.699 INFO             PET1 !!!                   ESMF_LOGKIND_Multi_On_Error  !!!
20210906 174846.699 INFO             PET1 !!!!!!!!!!!!!!!!!!!!!!!!!!!!!!!!!!!!!!!!!!!!!!!!!!!!!!
20210906 174846.699 INFO             PET1 Running with ESMF Version   : ESMF_8_2_0_beta_snapshot_18-42-gb11ffe5
20210906 174846.699 INFO             PET1 ESMF library build date/time: "Sep  6 2021" "17:16:52"
20210906 174846.699 INFO             PET1 ESMF library build location : /scratch/users/mpotts/intel_2019.0.5_intelmpi_g_develop
20210906 174846.699 INFO             PET1 ESMF_COMM                   : intelmpi
20210906 174846.700 INFO             PET1 ESMF_MOAB                   : enabled
20210906 174846.700 INFO             PET1 ESMF_LAPACK                 : enabled
20210906 174846.700 INFO             PET1 ESMF_NETCDF                 : enabled
20210906 174846.700 INFO             PET1 ESMF_PNETCDF                : disabled
20210906 174846.700 INFO             PET1 ESMF_PIO                    : enabled
20210906 174846.700 INFO             PET1 ESMF_YAMLCPP                : enabled
20210906 174846.708 INFO             PET1  NUMBER_OF_PROCESSORS           4
20210906 174846.708 INFO             PET1  PASS  Example ESMF_VMUserMpiCommMultiEx, ESMF_VMUserMpiCommMultiEx.F90, line 154
20210906 174846.708 INFO             PET1 Finalizing ESMF
