build time -- 2021-09-12 17:24:06
           1 -           1           2 -           3           2 -
  0.0000000E+00  0.0000000E+00  0.0000000E+00
           2 -           1           3 -           3           3 -
  0.0000000E+00   2.250000      0.0000000E+00
           3 -           1           4 -           3           4 -
  0.0000000E+00  0.0000000E+00   3.100000    
           0 -           1           1 -           3           1 -
  0.0000000E+00  0.0000000E+00   1.300000    
  PASS  Example ESMF_FieldSMMEx, ESMF_FieldSMMEx.F90, line 419
  PASS  Example ESMF_FieldSMMEx, ESMF_FieldSMMEx.F90, line 419
  PASS  Example ESMF_FieldSMMEx, ESMF_FieldSMMEx.F90, line 419
  PASS  Example ESMF_FieldSMMEx, ESMF_FieldSMMEx.F90, line 419
 PASS: ESMF_FieldSMMEx.F90
 PASS: ESMF_FieldSMMEx.F90
 PASS: ESMF_FieldSMMEx.F90
 PASS: ESMF_FieldSMMEx.F90
TOTCPU=18:03:12 ELAP=00:33:51 REQMEM=5875Mc REQCPUS=24 ALLOCCPUS=32 TIMELIMIT=02:30:00 PART=s4 ACCT=star
MAXRSS=0 MAXVMSIZE=2174256K
________________________________________________________________
Job Resource Usage Summary for 11418368

  CPU Time Used : 18:03:12
  Memory Used : 0
  Virtual Memory Used : 2174256K
  Walltime Used : 00:33:51

  Memory Requested : 5875Mc (n=per node; c=per core)
  CPUs Requested / Allocated : 24 / 32
  Walltime Requested : 02:30:00

  Execution Queue : s4
  Head Node : 
  Charged to : star

  Job Stopped : Sun Sep 12 17:57:58 UTC 2021
_____________________________________________________________________

