build time -- 2021-08-14 17:22:30
20210814 180007.998 INFO             PET0 !!!!!!!!!!!!!!!!!!!!!!!!!!!!!!!!!!!!!!!!!!!!!!!!!!!!!!
20210814 180007.999 INFO             PET0 !!! THE ESMF_LOG IS SET TO OUTPUT ALL LOG MESSAGES !!!
20210814 180007.999 INFO             PET0 !!!     THIS MAY CAUSE SLOWDOWN IN PERFORMANCE     !!!
20210814 180007.999 INFO             PET0 !!! FOR PRODUCTION RUNS, USE:                      !!!
20210814 180007.999 INFO             PET0 !!!                   ESMF_LOGKIND_Multi_On_Error  !!!
20210814 180007.999 INFO             PET0 !!!!!!!!!!!!!!!!!!!!!!!!!!!!!!!!!!!!!!!!!!!!!!!!!!!!!!
20210814 180007.999 INFO             PET0 Running with ESMF Version   : ESMF_8_2_0_beta_snapshot_15
20210814 180007.999 INFO             PET0 ESMF library build date/time: "Aug 14 2021" "17:20:10"
20210814 180007.999 INFO             PET0 ESMF library build location : /scratch/users/mpotts/intel_2019.0.5_intelmpi_g_develop
20210814 180007.999 INFO             PET0 ESMF_COMM                   : intelmpi
20210814 180008.000 INFO             PET0 ESMF_MOAB                   : enabled
20210814 180008.000 INFO             PET0 ESMF_LAPACK                 : enabled
20210814 180008.000 INFO             PET0 ESMF_NETCDF                 : enabled
20210814 180008.000 INFO             PET0 ESMF_PNETCDF                : disabled
20210814 180008.000 INFO             PET0 ESMF_PIO                    : enabled
20210814 180008.000 INFO             PET0 ESMF_YAMLCPP                : enabled
20210814 180008.026 INFO             PET0  NUMBER_OF_PROCESSORS           4
20210814 180008.026 INFO             PET0  PASS  Example ESMF_DELayoutEx, ESMF_DELayoutEx.F90, line 394
20210814 180008.026 INFO             PET0 Finalizing ESMF
20210814 180007.997 INFO             PET1 !!!!!!!!!!!!!!!!!!!!!!!!!!!!!!!!!!!!!!!!!!!!!!!!!!!!!!
20210814 180007.997 INFO             PET1 !!! THE ESMF_LOG IS SET TO OUTPUT ALL LOG MESSAGES !!!
20210814 180007.997 INFO             PET1 !!!     THIS MAY CAUSE SLOWDOWN IN PERFORMANCE     !!!
20210814 180007.997 INFO             PET1 !!! FOR PRODUCTION RUNS, USE:                      !!!
20210814 180007.998 INFO             PET1 !!!                   ESMF_LOGKIND_Multi_On_Error  !!!
20210814 180007.998 INFO             PET1 !!!!!!!!!!!!!!!!!!!!!!!!!!!!!!!!!!!!!!!!!!!!!!!!!!!!!!
20210814 180007.998 INFO             PET1 Running with ESMF Version   : ESMF_8_2_0_beta_snapshot_15
20210814 180007.998 INFO             PET1 ESMF library build date/time: "Aug 14 2021" "17:20:10"
20210814 180007.998 INFO             PET1 ESMF library build location : /scratch/users/mpotts/intel_2019.0.5_intelmpi_g_develop
20210814 180007.998 INFO             PET1 ESMF_COMM                   : intelmpi
20210814 180007.999 INFO             PET1 ESMF_MOAB                   : enabled
20210814 180007.999 INFO             PET1 ESMF_LAPACK                 : enabled
20210814 180007.999 INFO             PET1 ESMF_NETCDF                 : enabled
20210814 180007.999 INFO             PET1 ESMF_PNETCDF                : disabled
20210814 180007.999 INFO             PET1 ESMF_PIO                    : enabled
20210814 180007.999 INFO             PET1 ESMF_YAMLCPP                : enabled
20210814 180008.026 INFO             PET1  NUMBER_OF_PROCESSORS           4
20210814 180008.026 INFO             PET1  PASS  Example ESMF_DELayoutEx, ESMF_DELayoutEx.F90, line 394
20210814 180008.026 INFO             PET1 Finalizing ESMF
20210814 180008.022 INFO             PET2 !!!!!!!!!!!!!!!!!!!!!!!!!!!!!!!!!!!!!!!!!!!!!!!!!!!!!!
20210814 180008.022 INFO             PET2 !!! THE ESMF_LOG IS SET TO OUTPUT ALL LOG MESSAGES !!!
20210814 180008.022 INFO             PET2 !!!     THIS MAY CAUSE SLOWDOWN IN PERFORMANCE     !!!
20210814 180008.022 INFO             PET2 !!! FOR PRODUCTION RUNS, USE:                      !!!
20210814 180008.022 INFO             PET2 !!!                   ESMF_LOGKIND_Multi_On_Error  !!!
20210814 180008.022 INFO             PET2 !!!!!!!!!!!!!!!!!!!!!!!!!!!!!!!!!!!!!!!!!!!!!!!!!!!!!!
20210814 180008.022 INFO             PET2 Running with ESMF Version   : ESMF_8_2_0_beta_snapshot_15
20210814 180008.022 INFO             PET2 ESMF library build date/time: "Aug 14 2021" "17:20:10"
20210814 180008.022 INFO             PET2 ESMF library build location : /scratch/users/mpotts/intel_2019.0.5_intelmpi_g_develop
20210814 180008.022 INFO             PET2 ESMF_COMM                   : intelmpi
20210814 180008.024 INFO             PET2 ESMF_MOAB                   : enabled
20210814 180008.024 INFO             PET2 ESMF_LAPACK                 : enabled
20210814 180008.024 INFO             PET2 ESMF_NETCDF                 : enabled
20210814 180008.024 INFO             PET2 ESMF_PNETCDF                : disabled
20210814 180008.024 INFO             PET2 ESMF_PIO                    : enabled
20210814 180008.024 INFO             PET2 ESMF_YAMLCPP                : enabled
20210814 180008.026 INFO             PET2  NUMBER_OF_PROCESSORS           4
20210814 180008.026 INFO             PET2  PASS  Example ESMF_DELayoutEx, ESMF_DELayoutEx.F90, line 394
20210814 180008.026 INFO             PET2 Finalizing ESMF
20210814 180007.996 INFO             PET3 !!!!!!!!!!!!!!!!!!!!!!!!!!!!!!!!!!!!!!!!!!!!!!!!!!!!!!
20210814 180007.996 INFO             PET3 !!! THE ESMF_LOG IS SET TO OUTPUT ALL LOG MESSAGES !!!
20210814 180007.996 INFO             PET3 !!!     THIS MAY CAUSE SLOWDOWN IN PERFORMANCE     !!!
20210814 180007.996 INFO             PET3 !!! FOR PRODUCTION RUNS, USE:                      !!!
20210814 180007.996 INFO             PET3 !!!                   ESMF_LOGKIND_Multi_On_Error  !!!
20210814 180007.996 INFO             PET3 !!!!!!!!!!!!!!!!!!!!!!!!!!!!!!!!!!!!!!!!!!!!!!!!!!!!!!
20210814 180007.996 INFO             PET3 Running with ESMF Version   : ESMF_8_2_0_beta_snapshot_15
20210814 180007.997 INFO             PET3 ESMF library build date/time: "Aug 14 2021" "17:20:10"
20210814 180007.997 INFO             PET3 ESMF library build location : /scratch/users/mpotts/intel_2019.0.5_intelmpi_g_develop
20210814 180007.997 INFO             PET3 ESMF_COMM                   : intelmpi
20210814 180007.998 INFO             PET3 ESMF_MOAB                   : enabled
20210814 180007.998 INFO             PET3 ESMF_LAPACK                 : enabled
20210814 180007.998 INFO             PET3 ESMF_NETCDF                 : enabled
20210814 180007.998 INFO             PET3 ESMF_PNETCDF                : disabled
20210814 180007.998 INFO             PET3 ESMF_PIO                    : enabled
20210814 180007.998 INFO             PET3 ESMF_YAMLCPP                : enabled
20210814 180008.026 INFO             PET3  NUMBER_OF_PROCESSORS           4
20210814 180008.026 INFO             PET3  PASS  Example ESMF_DELayoutEx, ESMF_DELayoutEx.F90, line 394
20210814 180008.026 INFO             PET3 Finalizing ESMF
