build time -- 2021-09-04 17:19:07
TimeInterval ---------------------------
P0Y0M1DT0H0M0S
end TimeInterval -----------------------

TimeInterval ---------------------------
P0Y0M4DT1H30M10S
end TimeInterval -----------------------

 Time Interval1 =        86400  seconds.
 Time Interval2 =           97  hours,           30  minutes,           10 
  seconds.
 Difference between TimeInterval2 and TimeInterval1 =            3  days, 
           1  hours,           30  minutes,           10  seconds.
 TimeInterval2 multiplied by 3 =           12  days,            4  hours, 
          30  minutes,           30  seconds.
 TimeInterval1 is smaller than TimeInterval2
  PASS  Example ESMF_TimeIntervalEx, ESMF_TimeIntervalEx.F90, line 176
 PASS: ESMF_TimeIntervalEx.F90
TOTCPU=1-11:31:12 ELAP=01:06:36 REQMEM=5875Mc REQCPUS=24 ALLOCCPUS=32 TIMELIMIT=02:30:00 PART=s4 ACCT=star
MAXRSS=0 MAXVMSIZE=196896K
________________________________________________________________
Job Resource Usage Summary for 11400810

  CPU Time Used : 1-11:31:12
  Memory Used : 0
  Virtual Memory Used : 196896K
  Walltime Used : 01:06:36

  Memory Requested : 5875Mc (n=per node; c=per core)
  CPUs Requested / Allocated : 24 / 32
  Walltime Requested : 02:30:00

  Execution Queue : s4
  Head Node : 
  Charged to : star

  Job Stopped : Sat Sep  4 18:25:44 UTC 2021
_____________________________________________________________________

