build time -- 2021-08-20 17:38:30
 gregorianCalendar is of type ESMF_CALKIND_GREGORIAN.
 Gregorian date 2004/4/17 is                2453113 
  days in the Julian Day calendar.
 For Mars, 3 solar years, 100 sols + 1 solar year =         2774 sols.
  PASS  Example CalendarEx, ESMF_CalendarEx.F90, line 217
 PASS: ESMF_CalendarEx.F90
TOTCPU=15:36:32 ELAP=00:29:16 REQMEM=5875Mc REQCPUS=24 ALLOCCPUS=32 TIMELIMIT=02:30:00 PART=s4 ACCT=star
MAXRSS=0 MAXVMSIZE=196896K
________________________________________________________________
Job Resource Usage Summary for 11362420

  CPU Time Used : 15:36:32
  Memory Used : 0
  Virtual Memory Used : 196896K
  Walltime Used : 00:29:16

  Memory Requested : 5875Mc (n=per node; c=per core)
  CPUs Requested / Allocated : 24 / 32
  Walltime Requested : 02:30:00

  Execution Queue : s4
  Head Node : 
  Charged to : star

  Job Stopped : Fri Aug 20 18:07:47 UTC 2021
_____________________________________________________________________

