build time -- 2021-09-07 17:42:08
 sumA =   0.7000000    
 sumB =   0.7000000    
 sumC =   0.9000000    
 sumD =   0.9000000    
 sumE =   0.9000000    
 result SRCSEQ#1 =   0.7000000      expect:   0.7000000    
 result SRCSEQ#2 =   0.7000000      expect:   0.7000000    
 result SRCPET#1 =   0.7000000      expect:   0.7000000    
 result SRCPET#2 =   0.7000000      expect:   0.7000000    
 result SRCPET#3 =   0.7000000      expect:   0.7000000    
 result SRCPET#4 =   0.7000000      expect:   0.7000000    
 result SRCPET#5 =   0.7000000      expect:   0.7000000    
 result SRCPET#6 =   0.7000000      expect:   0.7000000    
 result SRCPET#7 =   0.7000000      expect:   0.7000000    
 result SRCPET#8 =   0.9000000      expect:   0.9000000    
 result SRCPET#9 =   0.9000000      expect:   0.9000000    
 result SRCPET#10 =   0.9000000      expect:   0.9000000    
 SMM parameters determined via auto-tuning -> dump to file
 result SRCPET#11 =   0.9000000    
 SMM parameters successfully read from file
  srcTermProcessing=           6  pipelineDepth=           2  ==>> sumCompare=
  0.9000000    
 result SRCPET#11 =   0.9000000      expect:   0.9000000    
 SMM parameters successfully read from file
  srcTermProcessing=           6  pipelineDepth=           2  ==>> sumCompare=
  0.9000000    
 result SRCPET#11 =   0.9000000      expect:   0.9000000    
 SMM parameters successfully read from file
  srcTermProcessing=           6  pipelineDepth=           2  ==>> sumCompare=
  0.9000000    
 result SRCPET#11 =   0.9000000      expect:   0.9000000    
 SMM parameters successfully read from file
  srcTermProcessing=           6  pipelineDepth=           2  ==>> sumCompare=
  0.9000000    
 result SRCPET#11 =   0.9000000      expect:   0.9000000    
 result SRCSEQ#3 =   0.9000000      expect:   0.9000000    
  PASS  Example ESMF_RHandleBitForBitEx, ESMF_RHandleBitForBitEx.F90, line 1557
  PASS  Example ESMF_RHandleBitForBitEx, ESMF_RHandleBitForBitEx.F90, line 1557
  PASS  Example ESMF_RHandleBitForBitEx, ESMF_RHandleBitForBitEx.F90, line 1557
  PASS  Example ESMF_RHandleBitForBitEx, ESMF_RHandleBitForBitEx.F90, line 1557
 PASS: ESMF_RHandleBitForBitEx.F90
 PASS: ESMF_RHandleBitForBitEx.F90
 PASS: ESMF_RHandleBitForBitEx.F90
 PASS: ESMF_RHandleBitForBitEx.F90
TOTCPU=22:01:36 ELAP=00:41:18 REQMEM=5875Mc REQCPUS=24 ALLOCCPUS=32 TIMELIMIT=02:30:00 PART=s4 ACCT=star
MAXRSS=27252K MAXVMSIZE=196896K
________________________________________________________________
Job Resource Usage Summary for 11406739

  CPU Time Used : 22:01:36
  Memory Used : 27252K
  Virtual Memory Used : 196896K
  Walltime Used : 00:41:18

  Memory Requested : 5875Mc (n=per node; c=per core)
  CPUs Requested / Allocated : 24 / 32
  Walltime Requested : 02:30:00

  Execution Queue : s4
  Head Node : 
  Charged to : star

  Job Stopped : Tue Sep  7 18:23:27 UTC 2021
_____________________________________________________________________

