build time -- 2021-08-19 17:23:47
  PASS  Example ESMF_ArraySparseMatMulEx, ESMF_ArraySparseMatMulEx.F90, line 647
  PASS  Example ESMF_ArraySparseMatMulEx, ESMF_ArraySparseMatMulEx.F90, line 647
  PASS  Example ESMF_ArraySparseMatMulEx, ESMF_ArraySparseMatMulEx.F90, line 647
  PASS  Example ESMF_ArraySparseMatMulEx, ESMF_ArraySparseMatMulEx.F90, line 647
 PASS: ESMF_ArraySparseMatMulEx.F90
 PASS: ESMF_ArraySparseMatMulEx.F90
 PASS: ESMF_ArraySparseMatMulEx.F90
 PASS: ESMF_ArraySparseMatMulEx.F90
TOTCPU=1-00:13:52 ELAP=00:45:26 REQMEM=5875Mc REQCPUS=24 ALLOCCPUS=32 TIMELIMIT=02:30:00 PART=s4 ACCT=star
MAXRSS=0 MAXVMSIZE=196896K
________________________________________________________________
Job Resource Usage Summary for 11360090

  CPU Time Used : 1-00:13:52
  Memory Used : 0
  Virtual Memory Used : 196896K
  Walltime Used : 00:45:26

  Memory Requested : 5875Mc (n=per node; c=per core)
  CPUs Requested / Allocated : 24 / 32
  Walltime Requested : 02:30:00

  Execution Queue : s4
  Head Node : 
  Charged to : star

  Job Stopped : Thu Aug 19 18:09:13 UTC 2021
_____________________________________________________________________

