build time -- 2021-08-06 17:23:11
20210806 180319.570 INFO             PET0 !!!!!!!!!!!!!!!!!!!!!!!!!!!!!!!!!!!!!!!!!!!!!!!!!!!!!!
20210806 180319.570 INFO             PET0 !!! THE ESMF_LOG IS SET TO OUTPUT ALL LOG MESSAGES !!!
20210806 180319.570 INFO             PET0 !!!     THIS MAY CAUSE SLOWDOWN IN PERFORMANCE     !!!
20210806 180319.570 INFO             PET0 !!! FOR PRODUCTION RUNS, USE:                      !!!
20210806 180319.570 INFO             PET0 !!!                   ESMF_LOGKIND_Multi_On_Error  !!!
20210806 180319.570 INFO             PET0 !!!!!!!!!!!!!!!!!!!!!!!!!!!!!!!!!!!!!!!!!!!!!!!!!!!!!!
20210806 180319.570 INFO             PET0 Running with ESMF Version   : ESMF_8_2_0_beta_snapshot_15
20210806 180319.571 INFO             PET0 ESMF library build date/time: "Aug  6 2021" "17:20:43"
20210806 180319.571 INFO             PET0 ESMF library build location : /scratch/users/mpotts/intel_2019.0.5_intelmpi_g_develop
20210806 180319.571 INFO             PET0 ESMF_COMM                   : intelmpi
20210806 180319.572 INFO             PET0 ESMF_MOAB                   : enabled
20210806 180319.572 INFO             PET0 ESMF_LAPACK                 : enabled
20210806 180319.572 INFO             PET0 ESMF_NETCDF                 : enabled
20210806 180319.572 INFO             PET0 ESMF_PNETCDF                : disabled
20210806 180319.572 INFO             PET0 ESMF_PIO                    : enabled
20210806 180319.572 INFO             PET0 ESMF_YAMLCPP                : enabled
20210806 180319.573 INFO             PET0  NUMBER_OF_PROCESSORS           1
20210806 180319.573 INFO             PET0  PASS  Example ESMF_TimeEx, ESMF_TimeEx.F90, line 141
20210806 180319.573 INFO             PET0 Finalizing ESMF
