build time -- 2021-08-13 17:18:19
 NUOPC Basic Model template run
 NUOPC Basic Model template run
 NUOPC Basic Model template run
 NUOPC Basic Model template run
------>Advancing MODEL from:    0  1  1  0  0  0   0
--------------------------------> to:    0  1  1  0  0 30   0
------>Advancing MODEL from:    0  1  1  0  0  0   0
--------------------------------> to:    0  1  1  0  0 30   0
------>Advancing MODEL from:    0  1  1  0  0  0   0
--------------------------------> to:    0  1  1  0  0 30   0
------>Advancing MODEL from:    0  1  1  0  0  0   0
--------------------------------> to:    0  1  1  0  0 30   0
------>Advancing MODEL from:    0  1  1  0  0 30   0
--------------------------------> to:    0  1  1  0  1  0   0
------>Advancing MODEL from:    0  1  1  0  0 30   0
--------------------------------> to:    0  1  1  0  1  0   0
------>Advancing MODEL from:    0  1  1  0  0 30   0
--------------------------------> to:    0  1  1  0  1  0   0
------>Advancing MODEL from:    0  1  1  0  0 30   0
--------------------------------> to:    0  1  1  0  1  0   0
------>Advancing MODEL from:    0  1  1  0  1  0   0
------>Advancing MODEL from:    0  1  1  0  1  0   0
--------------------------------> to:    0  1  1  0  1 30   0
------>Advancing MODEL from:    0  1  1  0  1  0   0
--------------------------------> to:    0  1  1  0  1 30   0
------>Advancing MODEL from:    0  1  1  0  1  0   0
--------------------------------> to:    0  1  1  0  1 30   0
--------------------------------> to:    0  1  1  0  1 30   0
------>Advancing MODEL from:    0  1  1  0  1 30   0
------>Advancing MODEL from:    0  1  1  0  1 30   0
--------------------------------> to:    0  1  1  0  2  0   0
------>Advancing MODEL from:    0  1  1  0  1 30   0
--------------------------------> to:    0  1  1  0  2  0   0
------>Advancing MODEL from:    0  1  1  0  1 30   0
--------------------------------> to:    0  1  1  0  2  0   0
--------------------------------> to:    0  1  1  0  2  0   0
------>Advancing MODEL from:    0  1  1  0  2  0   0
------>Advancing MODEL from:    0  1  1  0  2  0   0
--------------------------------> to:    0  1  1  0  2 30   0
------>Advancing MODEL from:    0  1  1  0  2  0   0
--------------------------------> to:    0  1  1  0  2 30   0
------>Advancing MODEL from:    0  1  1  0  2  0   0
--------------------------------> to:    0  1  1  0  2 30   0
--------------------------------> to:    0  1  1  0  2 30   0
  PASS  Example ESMF_NUOPCBasicModelEx, ESMF_NUOPCBasicModelEx.F90, line 339
  PASS  Example ESMF_NUOPCBasicModelEx, ESMF_NUOPCBasicModelEx.F90, line 339
  PASS  Example ESMF_NUOPCBasicModelEx, ESMF_NUOPCBasicModelEx.F90, line 339
  PASS  Example ESMF_NUOPCBasicModelEx, ESMF_NUOPCBasicModelEx.F90, line 339
 PASS: ESMF_NUOPCBasicModelEx.F90
 PASS: ESMF_NUOPCBasicModelEx.F90
 PASS: ESMF_NUOPCBasicModelEx.F90
 PASS: ESMF_NUOPCBasicModelEx.F90
TOTCPU=22:34:08 ELAP=00:42:19 REQMEM=5875Mc REQCPUS=24 ALLOCCPUS=32 TIMELIMIT=02:30:00 PART=s4 ACCT=star
MAXRSS=0 MAXVMSIZE=196896K
________________________________________________________________
Job Resource Usage Summary for 11341497

  CPU Time Used : 22:34:08
  Memory Used : 0
  Virtual Memory Used : 196896K
  Walltime Used : 00:42:19

  Memory Requested : 5875Mc (n=per node; c=per core)
  CPUs Requested / Allocated : 24 / 32
  Walltime Requested : 02:30:00

  Execution Queue : s4
  Head Node : 
  Charged to : star

  Job Stopped : Fri Aug 13 18:00:39 UTC 2021
_____________________________________________________________________

