build time -- 2021-09-26 17:23:02
20210926 180253.147 INFO             PET0 !!!!!!!!!!!!!!!!!!!!!!!!!!!!!!!!!!!!!!!!!!!!!!!!!!!!!!
20210926 180253.147 INFO             PET0 !!! THE ESMF_LOG IS SET TO OUTPUT ALL LOG MESSAGES !!!
20210926 180253.147 INFO             PET0 !!!     THIS MAY CAUSE SLOWDOWN IN PERFORMANCE     !!!
20210926 180253.147 INFO             PET0 !!! FOR PRODUCTION RUNS, USE:                      !!!
20210926 180253.147 INFO             PET0 !!!                   ESMF_LOGKIND_Multi_On_Error  !!!
20210926 180253.147 INFO             PET0 !!!!!!!!!!!!!!!!!!!!!!!!!!!!!!!!!!!!!!!!!!!!!!!!!!!!!!
20210926 180253.147 INFO             PET0 Running with ESMF Version   : ESMF_8_2_0_beta_snapshot_20
20210926 180253.147 INFO             PET0 ESMF library build date/time: "Sep 26 2021" "17:20:38"
20210926 180253.147 INFO             PET0 ESMF library build location : /scratch/users/mpotts/intel_2019.0.5_intelmpi_g_develop
20210926 180253.147 INFO             PET0 ESMF_COMM                   : intelmpi
20210926 180253.148 INFO             PET0 ESMF_MOAB                   : enabled
20210926 180253.148 INFO             PET0 ESMF_LAPACK                 : enabled
20210926 180253.148 INFO             PET0 ESMF_NETCDF                 : enabled
20210926 180253.148 INFO             PET0 ESMF_PNETCDF                : disabled
20210926 180253.148 INFO             PET0 ESMF_PIO                    : enabled
20210926 180253.148 INFO             PET0 ESMF_YAMLCPP                : enabled
20210926 180253.191 INFO             PET0 ESMF_FieldRedistStoreNF(): Just entered routine.
20210926 180253.693 INFO             PET0 ESMF_FieldRedistStoreNF(): Leaving routine.
20210926 180253.696 INFO             PET0  NUMBER_OF_PROCESSORS           4
20210926 180253.696 INFO             PET0  PASS  Example ESMF_RHandleFromRHandleEx, ESMF_RHandleFromRHandleEx.F90, line 660
20210926 180253.696 INFO             PET0 Finalizing ESMF
20210926 180253.147 INFO             PET1 !!!!!!!!!!!!!!!!!!!!!!!!!!!!!!!!!!!!!!!!!!!!!!!!!!!!!!
20210926 180253.148 INFO             PET1 !!! THE ESMF_LOG IS SET TO OUTPUT ALL LOG MESSAGES !!!
20210926 180253.148 INFO             PET1 !!!     THIS MAY CAUSE SLOWDOWN IN PERFORMANCE     !!!
20210926 180253.148 INFO             PET1 !!! FOR PRODUCTION RUNS, USE:                      !!!
20210926 180253.148 INFO             PET1 !!!                   ESMF_LOGKIND_Multi_On_Error  !!!
20210926 180253.148 INFO             PET1 !!!!!!!!!!!!!!!!!!!!!!!!!!!!!!!!!!!!!!!!!!!!!!!!!!!!!!
20210926 180253.148 INFO             PET1 Running with ESMF Version   : ESMF_8_2_0_beta_snapshot_20
20210926 180253.148 INFO             PET1 ESMF library build date/time: "Sep 26 2021" "17:20:38"
20210926 180253.148 INFO             PET1 ESMF library build location : /scratch/users/mpotts/intel_2019.0.5_intelmpi_g_develop
20210926 180253.148 INFO             PET1 ESMF_COMM                   : intelmpi
20210926 180253.149 INFO             PET1 ESMF_MOAB                   : enabled
20210926 180253.149 INFO             PET1 ESMF_LAPACK                 : enabled
20210926 180253.149 INFO             PET1 ESMF_NETCDF                 : enabled
20210926 180253.149 INFO             PET1 ESMF_PNETCDF                : disabled
20210926 180253.149 INFO             PET1 ESMF_PIO                    : enabled
20210926 180253.149 INFO             PET1 ESMF_YAMLCPP                : enabled
20210926 180253.191 INFO             PET1 ESMF_FieldRedistStoreNF(): Just entered routine.
20210926 180253.693 INFO             PET1 ESMF_FieldRedistStoreNF(): Leaving routine.
20210926 180253.695 INFO             PET1  NUMBER_OF_PROCESSORS           4
20210926 180253.696 INFO             PET1  PASS  Example ESMF_RHandleFromRHandleEx, ESMF_RHandleFromRHandleEx.F90, line 660
20210926 180253.696 INFO             PET1 Finalizing ESMF
20210926 180253.146 INFO             PET2 !!!!!!!!!!!!!!!!!!!!!!!!!!!!!!!!!!!!!!!!!!!!!!!!!!!!!!
20210926 180253.146 INFO             PET2 !!! THE ESMF_LOG IS SET TO OUTPUT ALL LOG MESSAGES !!!
20210926 180253.146 INFO             PET2 !!!     THIS MAY CAUSE SLOWDOWN IN PERFORMANCE     !!!
20210926 180253.146 INFO             PET2 !!! FOR PRODUCTION RUNS, USE:                      !!!
20210926 180253.146 INFO             PET2 !!!                   ESMF_LOGKIND_Multi_On_Error  !!!
20210926 180253.146 INFO             PET2 !!!!!!!!!!!!!!!!!!!!!!!!!!!!!!!!!!!!!!!!!!!!!!!!!!!!!!
20210926 180253.146 INFO             PET2 Running with ESMF Version   : ESMF_8_2_0_beta_snapshot_20
20210926 180253.146 INFO             PET2 ESMF library build date/time: "Sep 26 2021" "17:20:38"
20210926 180253.146 INFO             PET2 ESMF library build location : /scratch/users/mpotts/intel_2019.0.5_intelmpi_g_develop
20210926 180253.146 INFO             PET2 ESMF_COMM                   : intelmpi
20210926 180253.148 INFO             PET2 ESMF_MOAB                   : enabled
20210926 180253.148 INFO             PET2 ESMF_LAPACK                 : enabled
20210926 180253.148 INFO             PET2 ESMF_NETCDF                 : enabled
20210926 180253.148 INFO             PET2 ESMF_PNETCDF                : disabled
20210926 180253.148 INFO             PET2 ESMF_PIO                    : enabled
20210926 180253.148 INFO             PET2 ESMF_YAMLCPP                : enabled
20210926 180253.191 INFO             PET2 ESMF_FieldRedistStoreNF(): Just entered routine.
20210926 180253.693 INFO             PET2 ESMF_FieldRedistStoreNF(): Leaving routine.
20210926 180253.697 INFO             PET2  NUMBER_OF_PROCESSORS           4
20210926 180253.697 INFO             PET2  PASS  Example ESMF_RHandleFromRHandleEx, ESMF_RHandleFromRHandleEx.F90, line 660
20210926 180253.697 INFO             PET2 Finalizing ESMF
20210926 180253.148 INFO             PET3 !!!!!!!!!!!!!!!!!!!!!!!!!!!!!!!!!!!!!!!!!!!!!!!!!!!!!!
20210926 180253.148 INFO             PET3 !!! THE ESMF_LOG IS SET TO OUTPUT ALL LOG MESSAGES !!!
20210926 180253.148 INFO             PET3 !!!     THIS MAY CAUSE SLOWDOWN IN PERFORMANCE     !!!
20210926 180253.148 INFO             PET3 !!! FOR PRODUCTION RUNS, USE:                      !!!
20210926 180253.148 INFO             PET3 !!!                   ESMF_LOGKIND_Multi_On_Error  !!!
20210926 180253.148 INFO             PET3 !!!!!!!!!!!!!!!!!!!!!!!!!!!!!!!!!!!!!!!!!!!!!!!!!!!!!!
20210926 180253.149 INFO             PET3 Running with ESMF Version   : ESMF_8_2_0_beta_snapshot_20
20210926 180253.149 INFO             PET3 ESMF library build date/time: "Sep 26 2021" "17:20:38"
20210926 180253.149 INFO             PET3 ESMF library build location : /scratch/users/mpotts/intel_2019.0.5_intelmpi_g_develop
20210926 180253.149 INFO             PET3 ESMF_COMM                   : intelmpi
20210926 180253.150 INFO             PET3 ESMF_MOAB                   : enabled
20210926 180253.150 INFO             PET3 ESMF_LAPACK                 : enabled
20210926 180253.150 INFO             PET3 ESMF_NETCDF                 : enabled
20210926 180253.150 INFO             PET3 ESMF_PNETCDF                : disabled
20210926 180253.150 INFO             PET3 ESMF_PIO                    : enabled
20210926 180253.150 INFO             PET3 ESMF_YAMLCPP                : enabled
20210926 180253.191 INFO             PET3 ESMF_FieldRedistStoreNF(): Just entered routine.
20210926 180253.693 INFO             PET3 ESMF_FieldRedistStoreNF(): Leaving routine.
20210926 180253.700 INFO             PET3  NUMBER_OF_PROCESSORS           4
20210926 180253.700 INFO             PET3  PASS  Example ESMF_RHandleFromRHandleEx, ESMF_RHandleFromRHandleEx.F90, line 660
20210926 180253.700 INFO             PET3 Finalizing ESMF
