build time -- 2021-09-14 17:51:21
  PASS  Example ESMF_RHandleFromRHandleEx, ESMF_RHandleFromRHandleEx.F90, line 6
 60
  PASS  Example ESMF_RHandleFromRHandleEx, ESMF_RHandleFromRHandleEx.F90, line 6
 60
  PASS  Example ESMF_RHandleFromRHandleEx, ESMF_RHandleFromRHandleEx.F90, line 6
 60
  PASS  Example ESMF_RHandleFromRHandleEx, ESMF_RHandleFromRHandleEx.F90, line 6
 60
 PASS: ESMF_RHandleFromRHandleEx.F90
 PASS: ESMF_RHandleFromRHandleEx.F90
 PASS: ESMF_RHandleFromRHandleEx.F90
 PASS: ESMF_RHandleFromRHandleEx.F90
TOTCPU=19:32:16 ELAP=00:36:38 REQMEM=5875Mc REQCPUS=24 ALLOCCPUS=32 TIMELIMIT=02:30:00 PART=s4 ACCT=star
MAXRSS=0 MAXVMSIZE=2192940K
________________________________________________________________
Job Resource Usage Summary for 11419359

  CPU Time Used : 19:32:16
  Memory Used : 0
  Virtual Memory Used : 2192940K
  Walltime Used : 00:36:38

  Memory Requested : 5875Mc (n=per node; c=per core)
  CPUs Requested / Allocated : 24 / 32
  Walltime Requested : 02:30:00

  Execution Queue : s4
  Head Node : 
  Charged to : star

  Job Stopped : Tue Sep 14 18:27:59 UTC 2021
_____________________________________________________________________

