build time -- 2021-08-13 17:18:19
 ESMF application on MPI rank:           0
  PASS  Example ESMF_VMUserMpiCommEx, ESMF_VMUserMpiCommEx.F90, line 113
 ESMF application on MPI rank:           1
  PASS  Example ESMF_VMUserMpiCommEx, ESMF_VMUserMpiCommEx.F90, line 113
 PASS: ESMF_VMUserMpiCommEx.F90
 PASS: ESMF_VMUserMpiCommEx.F90
 PASS: ESMF_VMUserMpiCommEx.F90
 PASS: ESMF_VMUserMpiCommEx.F90
TOTCPU=20:46:24 ELAP=00:38:57 REQMEM=5875Mc REQCPUS=24 ALLOCCPUS=32 TIMELIMIT=02:30:00 PART=s4 ACCT=star
MAXRSS=29356K MAXVMSIZE=196896K
________________________________________________________________
Job Resource Usage Summary for 11341497

  CPU Time Used : 20:46:24
  Memory Used : 29356K
  Virtual Memory Used : 196896K
  Walltime Used : 00:38:57

  Memory Requested : 5875Mc (n=per node; c=per core)
  CPUs Requested / Allocated : 24 / 32
  Walltime Requested : 02:30:00

  Execution Queue : s4
  Head Node : 
  Charged to : star

  Job Stopped : Fri Aug 13 17:57:17 UTC 2021
_____________________________________________________________________

