build time -- 2021-08-30 17:35:12
  PASS  Example ESMF_InfoGetFromHostEx, ESMF_InfoGetFromHostEx.F90, line 112
  PASS  Example ESMF_InfoGetFromHostEx, ESMF_InfoGetFromHostEx.F90, line 112
  PASS  Example ESMF_InfoGetFromHostEx, ESMF_InfoGetFromHostEx.F90, line 112
  PASS  Example ESMF_InfoGetFromHostEx, ESMF_InfoGetFromHostEx.F90, line 112
 PASS: ESMF_InfoGetFromHostEx.F90
 PASS: ESMF_InfoGetFromHostEx.F90
 PASS: ESMF_InfoGetFromHostEx.F90
 PASS: ESMF_InfoGetFromHostEx.F90
TOTCPU=20:00:00 ELAP=00:37:30 REQMEM=5875Mc REQCPUS=24 ALLOCCPUS=32 TIMELIMIT=02:30:00 PART=s4 ACCT=star
MAXRSS=0 MAXVMSIZE=196896K
________________________________________________________________
Job Resource Usage Summary for 11388717

  CPU Time Used : 20:00:00
  Memory Used : 0
  Virtual Memory Used : 196896K
  Walltime Used : 00:37:30

  Memory Requested : 5875Mc (n=per node; c=per core)
  CPUs Requested / Allocated : 24 / 32
  Walltime Requested : 02:30:00

  Execution Queue : s4
  Head Node : 
  Charged to : star

  Job Stopped : Mon Aug 30 18:12:43 UTC 2021
_____________________________________________________________________

