build time -- 2021-08-07 17:23:14
  PASS  Example ESMF_RHandleDynamicMaskingEx, ESMF_RHandleDynamicMaskingEx.F90, 
 line 1116
  PASS  Example ESMF_RHandleDynamicMaskingEx, ESMF_RHandleDynamicMaskingEx.F90, 
 line 1116
  PASS  Example ESMF_RHandleDynamicMaskingEx, ESMF_RHandleDynamicMaskingEx.F90, 
 line 1116
  PASS  Example ESMF_RHandleDynamicMaskingEx, ESMF_RHandleDynamicMaskingEx.F90, 
 line 1116
 PASS: ESMF_RHandleDynamicMaskingEx.F90
 PASS: ESMF_RHandleDynamicMaskingEx.F90
 PASS: ESMF_RHandleDynamicMaskingEx.F90
 PASS: ESMF_RHandleDynamicMaskingEx.F90
TOTCPU=20:20:48 ELAP=00:38:09 REQMEM=5875Mc REQCPUS=24 ALLOCCPUS=32 TIMELIMIT=02:30:00 PART=s4 ACCT=star
MAXRSS=13732K MAXVMSIZE=196896K
________________________________________________________________
Job Resource Usage Summary for 11274550

  CPU Time Used : 20:20:48
  Memory Used : 13732K
  Virtual Memory Used : 196896K
  Walltime Used : 00:38:09

  Memory Requested : 5875Mc (n=per node; c=per core)
  CPUs Requested / Allocated : 24 / 32
  Walltime Requested : 02:30:00

  Execution Queue : s4
  Head Node : 
  Charged to : star

  Job Stopped : Sat Aug  7 18:01:23 UTC 2021
_____________________________________________________________________

