build time -- 2021-08-12 17:18:45
  PASS  Example ESMF_ArrayRedistEx, ESMF_ArrayRedistEx.F90, line 595
  PASS  Example ESMF_ArrayRedistEx, ESMF_ArrayRedistEx.F90, line 595
  PASS  Example ESMF_ArrayRedistEx, ESMF_ArrayRedistEx.F90, line 595
  PASS  Example ESMF_ArrayRedistEx, ESMF_ArrayRedistEx.F90, line 595
 PASS: ESMF_ArrayRedistEx.F90
 PASS: ESMF_ArrayRedistEx.F90
 PASS: ESMF_ArrayRedistEx.F90
 PASS: ESMF_ArrayRedistEx.F90
TOTCPU=20:46:56 ELAP=00:38:58 REQMEM=5875Mc REQCPUS=24 ALLOCCPUS=32 TIMELIMIT=02:30:00 PART=s4 ACCT=star
MAXRSS=66320K MAXVMSIZE=2204436K
________________________________________________________________
Job Resource Usage Summary for 11337309

  CPU Time Used : 20:46:56
  Memory Used : 66320K
  Virtual Memory Used : 2204436K
  Walltime Used : 00:38:58

  Memory Requested : 5875Mc (n=per node; c=per core)
  CPUs Requested / Allocated : 24 / 32
  Walltime Requested : 02:30:00

  Execution Queue : s4
  Head Node : 
  Charged to : star

  Job Stopped : Thu Aug 12 17:57:44 UTC 2021
_____________________________________________________________________

