build time -- 2021-08-19 17:23:47
20210819 181127.057 INFO             PET0 !!!!!!!!!!!!!!!!!!!!!!!!!!!!!!!!!!!!!!!!!!!!!!!!!!!!!!
20210819 181127.057 INFO             PET0 !!! THE ESMF_LOG IS SET TO OUTPUT ALL LOG MESSAGES !!!
20210819 181127.057 INFO             PET0 !!!     THIS MAY CAUSE SLOWDOWN IN PERFORMANCE     !!!
20210819 181127.057 INFO             PET0 !!! FOR PRODUCTION RUNS, USE:                      !!!
20210819 181127.057 INFO             PET0 !!!                   ESMF_LOGKIND_Multi_On_Error  !!!
20210819 181127.057 INFO             PET0 !!!!!!!!!!!!!!!!!!!!!!!!!!!!!!!!!!!!!!!!!!!!!!!!!!!!!!
20210819 181127.057 INFO             PET0 Running with ESMF Version   : ESMF_8_2_0_beta_snapshot_15
20210819 181127.057 INFO             PET0 ESMF library build date/time: "Aug 19 2021" "17:21:09"
20210819 181127.057 INFO             PET0 ESMF library build location : /scratch/users/mpotts/intel_2019.0.5_intelmpi_g_develop
20210819 181127.057 INFO             PET0 ESMF_COMM                   : intelmpi
20210819 181127.058 INFO             PET0 ESMF_MOAB                   : enabled
20210819 181127.058 INFO             PET0 ESMF_LAPACK                 : enabled
20210819 181127.058 INFO             PET0 ESMF_NETCDF                 : enabled
20210819 181127.058 INFO             PET0 ESMF_PNETCDF                : disabled
20210819 181127.058 INFO             PET0 ESMF_PIO                    : enabled
20210819 181127.058 INFO             PET0 ESMF_YAMLCPP                : enabled
20210819 181127.065 ERROR            PET0 ESMF_StateAPI.cppF90:1189 ESMF_StateAddList Object being used before creation  - Bad Object
20210819 181127.073 INFO             PET0  NUMBER_OF_PROCESSORS           4
20210819 181127.073 INFO             PET0  PASS  Example ESMF_StateReconcileEx, ESMF_StateReconcileEx.F90, line 297
20210819 181127.073 INFO             PET0 Finalizing ESMF
20210819 181127.057 INFO             PET1 !!!!!!!!!!!!!!!!!!!!!!!!!!!!!!!!!!!!!!!!!!!!!!!!!!!!!!
20210819 181127.057 INFO             PET1 !!! THE ESMF_LOG IS SET TO OUTPUT ALL LOG MESSAGES !!!
20210819 181127.057 INFO             PET1 !!!     THIS MAY CAUSE SLOWDOWN IN PERFORMANCE     !!!
20210819 181127.058 INFO             PET1 !!! FOR PRODUCTION RUNS, USE:                      !!!
20210819 181127.058 INFO             PET1 !!!                   ESMF_LOGKIND_Multi_On_Error  !!!
20210819 181127.058 INFO             PET1 !!!!!!!!!!!!!!!!!!!!!!!!!!!!!!!!!!!!!!!!!!!!!!!!!!!!!!
20210819 181127.058 INFO             PET1 Running with ESMF Version   : ESMF_8_2_0_beta_snapshot_15
20210819 181127.058 INFO             PET1 ESMF library build date/time: "Aug 19 2021" "17:21:09"
20210819 181127.058 INFO             PET1 ESMF library build location : /scratch/users/mpotts/intel_2019.0.5_intelmpi_g_develop
20210819 181127.058 INFO             PET1 ESMF_COMM                   : intelmpi
20210819 181127.062 INFO             PET1 ESMF_MOAB                   : enabled
20210819 181127.062 INFO             PET1 ESMF_LAPACK                 : enabled
20210819 181127.062 INFO             PET1 ESMF_NETCDF                 : enabled
20210819 181127.062 INFO             PET1 ESMF_PNETCDF                : disabled
20210819 181127.062 INFO             PET1 ESMF_PIO                    : enabled
20210819 181127.062 INFO             PET1 ESMF_YAMLCPP                : enabled
20210819 181127.065 ERROR            PET1 ESMF_StateAPI.cppF90:1189 ESMF_StateAddList Object being used before creation  - Bad Object
20210819 181127.073 INFO             PET1  NUMBER_OF_PROCESSORS           4
20210819 181127.073 INFO             PET1  PASS  Example ESMF_StateReconcileEx, ESMF_StateReconcileEx.F90, line 297
20210819 181127.073 INFO             PET1 Finalizing ESMF
20210819 181127.056 INFO             PET2 !!!!!!!!!!!!!!!!!!!!!!!!!!!!!!!!!!!!!!!!!!!!!!!!!!!!!!
20210819 181127.057 INFO             PET2 !!! THE ESMF_LOG IS SET TO OUTPUT ALL LOG MESSAGES !!!
20210819 181127.057 INFO             PET2 !!!     THIS MAY CAUSE SLOWDOWN IN PERFORMANCE     !!!
20210819 181127.057 INFO             PET2 !!! FOR PRODUCTION RUNS, USE:                      !!!
20210819 181127.057 INFO             PET2 !!!                   ESMF_LOGKIND_Multi_On_Error  !!!
20210819 181127.057 INFO             PET2 !!!!!!!!!!!!!!!!!!!!!!!!!!!!!!!!!!!!!!!!!!!!!!!!!!!!!!
20210819 181127.057 INFO             PET2 Running with ESMF Version   : ESMF_8_2_0_beta_snapshot_15
20210819 181127.057 INFO             PET2 ESMF library build date/time: "Aug 19 2021" "17:21:09"
20210819 181127.057 INFO             PET2 ESMF library build location : /scratch/users/mpotts/intel_2019.0.5_intelmpi_g_develop
20210819 181127.057 INFO             PET2 ESMF_COMM                   : intelmpi
20210819 181127.058 INFO             PET2 ESMF_MOAB                   : enabled
20210819 181127.058 INFO             PET2 ESMF_LAPACK                 : enabled
20210819 181127.058 INFO             PET2 ESMF_NETCDF                 : enabled
20210819 181127.058 INFO             PET2 ESMF_PNETCDF                : disabled
20210819 181127.058 INFO             PET2 ESMF_PIO                    : enabled
20210819 181127.058 INFO             PET2 ESMF_YAMLCPP                : enabled
20210819 181127.065 ERROR            PET2 ESMF_StateAPI.cppF90:1189 ESMF_StateAddList Object being used before creation  - Bad Object
20210819 181127.073 INFO             PET2  NUMBER_OF_PROCESSORS           4
20210819 181127.073 INFO             PET2  PASS  Example ESMF_StateReconcileEx, ESMF_StateReconcileEx.F90, line 297
20210819 181127.073 INFO             PET2 Finalizing ESMF
20210819 181127.058 INFO             PET3 !!!!!!!!!!!!!!!!!!!!!!!!!!!!!!!!!!!!!!!!!!!!!!!!!!!!!!
20210819 181127.058 INFO             PET3 !!! THE ESMF_LOG IS SET TO OUTPUT ALL LOG MESSAGES !!!
20210819 181127.058 INFO             PET3 !!!     THIS MAY CAUSE SLOWDOWN IN PERFORMANCE     !!!
20210819 181127.058 INFO             PET3 !!! FOR PRODUCTION RUNS, USE:                      !!!
20210819 181127.058 INFO             PET3 !!!                   ESMF_LOGKIND_Multi_On_Error  !!!
20210819 181127.058 INFO             PET3 !!!!!!!!!!!!!!!!!!!!!!!!!!!!!!!!!!!!!!!!!!!!!!!!!!!!!!
20210819 181127.058 INFO             PET3 Running with ESMF Version   : ESMF_8_2_0_beta_snapshot_15
20210819 181127.058 INFO             PET3 ESMF library build date/time: "Aug 19 2021" "17:21:09"
20210819 181127.058 INFO             PET3 ESMF library build location : /scratch/users/mpotts/intel_2019.0.5_intelmpi_g_develop
20210819 181127.058 INFO             PET3 ESMF_COMM                   : intelmpi
20210819 181127.060 INFO             PET3 ESMF_MOAB                   : enabled
20210819 181127.060 INFO             PET3 ESMF_LAPACK                 : enabled
20210819 181127.060 INFO             PET3 ESMF_NETCDF                 : enabled
20210819 181127.060 INFO             PET3 ESMF_PNETCDF                : disabled
20210819 181127.060 INFO             PET3 ESMF_PIO                    : enabled
20210819 181127.060 INFO             PET3 ESMF_YAMLCPP                : enabled
20210819 181127.065 ERROR            PET3 ESMF_StateAPI.cppF90:1189 ESMF_StateAddList Object being used before creation  - Bad Object
20210819 181127.073 INFO             PET3  NUMBER_OF_PROCESSORS           4
20210819 181127.073 INFO             PET3  PASS  Example ESMF_StateReconcileEx, ESMF_StateReconcileEx.F90, line 297
20210819 181127.073 INFO             PET3 Finalizing ESMF
