build time -- 2021-08-08 17:22:11
  PASS  Example ESMF_GridCreateRegFromDGEx, ESMF_GridCreateRegFromDGEx.F90, line
  112
  PASS  Example ESMF_GridCreateRegFromDGEx, ESMF_GridCreateRegFromDGEx.F90, line
  112
  PASS  Example ESMF_GridCreateRegFromDGEx, ESMF_GridCreateRegFromDGEx.F90, line
  112
  PASS  Example ESMF_GridCreateRegFromDGEx, ESMF_GridCreateRegFromDGEx.F90, line
  112
 PASS: ESMF_GridCreateRegFromDGEx.F90
 PASS: ESMF_GridCreateRegFromDGEx.F90
 PASS: ESMF_GridCreateRegFromDGEx.F90
 PASS: ESMF_GridCreateRegFromDGEx.F90
TOTCPU=21:35:28 ELAP=00:40:29 REQMEM=5875Mc REQCPUS=24 ALLOCCPUS=32 TIMELIMIT=02:30:00 PART=s4 ACCT=star
MAXRSS=0 MAXVMSIZE=196896K
________________________________________________________________
Job Resource Usage Summary for 11276482

  CPU Time Used : 21:35:28
  Memory Used : 0
  Virtual Memory Used : 196896K
  Walltime Used : 00:40:29

  Memory Requested : 5875Mc (n=per node; c=per core)
  CPUs Requested / Allocated : 24 / 32
  Walltime Requested : 02:30:00

  Execution Queue : s4
  Head Node : 
  Charged to : star

  Job Stopped : Sun Aug  8 18:02:41 UTC 2021
_____________________________________________________________________

