build time -- 2021-08-28 17:22:24
 PASS: ESMF_FieldCommEx.F90
  PASS  Example ESMF_FieldCommEx, ESMF_FieldCommEx.F90, line 258
 PASS: ESMF_FieldCommEx.F90
  PASS  Example ESMF_FieldCommEx, ESMF_FieldCommEx.F90, line 258
 PASS: ESMF_FieldCommEx.F90
  PASS  Example ESMF_FieldCommEx, ESMF_FieldCommEx.F90, line 258
 PASS: ESMF_FieldCommEx.F90
  PASS  Example ESMF_FieldCommEx, ESMF_FieldCommEx.F90, line 258
TOTCPU=16:34:40 ELAP=00:31:05 REQMEM=5875Mc REQCPUS=24 ALLOCCPUS=32 TIMELIMIT=02:30:00 PART=s4 ACCT=star
MAXRSS=1184K MAXVMSIZE=196896K
________________________________________________________________
Job Resource Usage Summary for 11386268

  CPU Time Used : 16:34:40
  Memory Used : 1184K
  Virtual Memory Used : 196896K
  Walltime Used : 00:31:05

  Memory Requested : 5875Mc (n=per node; c=per core)
  CPUs Requested / Allocated : 24 / 32
  Walltime Requested : 02:30:00

  Execution Queue : s4
  Head Node : 
  Charged to : star

  Job Stopped : Sat Aug 28 17:53:30 UTC 2021
_____________________________________________________________________

