build time -- 2021-08-04 17:33:44
 local DE            0  - DE            0  localIndexList along dim=           1
  ::            1           2           3
 local DE            0  - DE            0  localIndexList along dim=           2
  ::            1
 local DE            1  - DE            4  localIndexList along dim=           1
  ::            1           2           3
 local DE            1  - DE            4  localIndexList along dim=           2
  ::            3           4           5
 local DE            0  - DE            2  localIndexList along dim=           1
  ::            1           2           3
 local DE            0  - DE            2  localIndexList along dim=           2
  ::            2
 local DE            0  - DE            3  localIndexList along dim=           1
  ::            4           5
 local DE            0  - DE            3  localIndexList along dim=           2
  ::            2
 local DE            0  - DE            1  localIndexList along dim=           1
  ::            4           5
 local DE            0  - DE            1  localIndexList along dim=           2
  ::            1
 local DE            1  - DE            5  localIndexList along dim=           1
  ::            4           5
 local DE            1  - DE            5  localIndexList along dim=           2
  ::            3           4           5
  PASS  Example ESMF_DistGridEx, ESMF_DistGridEx.F90, line 1902
  PASS  Example ESMF_DistGridEx, ESMF_DistGridEx.F90, line 1902
  PASS  Example ESMF_DistGridEx, ESMF_DistGridEx.F90, line 1902
  PASS  Example ESMF_DistGridEx, ESMF_DistGridEx.F90, line 1902
 PASS: ESMF_DistGridEx.F90
 PASS: ESMF_DistGridEx.F90
 PASS: ESMF_DistGridEx.F90
 PASS: ESMF_DistGridEx.F90
TOTCPU=16:22:56 ELAP=00:30:43 REQMEM=5875Mc REQCPUS=24 ALLOCCPUS=32 TIMELIMIT=02:30:00 PART=s4 ACCT=star
MAXRSS=0 MAXVMSIZE=196896K
________________________________________________________________
Job Resource Usage Summary for 11169023

  CPU Time Used : 16:22:56
  Memory Used : 0
  Virtual Memory Used : 196896K
  Walltime Used : 00:30:43

  Memory Requested : 5875Mc (n=per node; c=per core)
  CPUs Requested / Allocated : 24 / 32
  Walltime Requested : 02:30:00

  Execution Queue : s4
  Head Node : 
  Charged to : star

  Job Stopped : Wed Aug  4 18:04:28 UTC 2021
_____________________________________________________________________

