build time -- 2021-08-14 17:22:30
  PASS  Example ESMF_FieldBundleHaloEx, ESMF_FieldBundleHaloEx.F90, line 319
  PASS  Example ESMF_FieldBundleHaloEx, ESMF_FieldBundleHaloEx.F90, line 319
  PASS  Example ESMF_FieldBundleHaloEx, ESMF_FieldBundleHaloEx.F90, line 319
  PASS  Example ESMF_FieldBundleHaloEx, ESMF_FieldBundleHaloEx.F90, line 319
 PASS: ESMF_FieldBundleHaloEx.F90
 PASS: ESMF_FieldBundleHaloEx.F90
 PASS: ESMF_FieldBundleHaloEx.F90
 PASS: ESMF_FieldBundleHaloEx.F90
TOTCPU=21:27:28 ELAP=00:40:14 REQMEM=5875Mc REQCPUS=24 ALLOCCPUS=32 TIMELIMIT=02:30:00 PART=s4 ACCT=star
MAXRSS=0 MAXVMSIZE=196896K
________________________________________________________________
Job Resource Usage Summary for 11344648

  CPU Time Used : 21:27:28
  Memory Used : 0
  Virtual Memory Used : 196896K
  Walltime Used : 00:40:14

  Memory Requested : 5875Mc (n=per node; c=per core)
  CPUs Requested / Allocated : 24 / 32
  Walltime Requested : 02:30:00

  Execution Queue : s4
  Head Node : 
  Charged to : star

  Job Stopped : Sat Aug 14 18:02:45 UTC 2021
_____________________________________________________________________

