build time -- 2021-09-11 17:18:22
  PASS  Example ESMF_RHandleReusabilityEx, ESMF_RHandleReusabilityEx.F90, line 5
 82
  PASS  Example ESMF_RHandleReusabilityEx, ESMF_RHandleReusabilityEx.F90, line 5
 82
  PASS  Example ESMF_RHandleReusabilityEx, ESMF_RHandleReusabilityEx.F90, line 5
 82
  PASS  Example ESMF_RHandleReusabilityEx, ESMF_RHandleReusabilityEx.F90, line 5
 82
 PASS: ESMF_RHandleReusabilityEx.F90
 PASS: ESMF_RHandleReusabilityEx.F90
 PASS: ESMF_RHandleReusabilityEx.F90
 PASS: ESMF_RHandleReusabilityEx.F90
TOTCPU=15:50:56 ELAP=00:29:43 REQMEM=5875Mc REQCPUS=24 ALLOCCPUS=32 TIMELIMIT=02:30:00 PART=s4 ACCT=star
MAXRSS=49456K MAXVMSIZE=196896K
________________________________________________________________
Job Resource Usage Summary for 11417315

  CPU Time Used : 15:50:56
  Memory Used : 49456K
  Virtual Memory Used : 196896K
  Walltime Used : 00:29:43

  Memory Requested : 5875Mc (n=per node; c=per core)
  CPUs Requested / Allocated : 24 / 32
  Walltime Requested : 02:30:00

  Execution Queue : s4
  Head Node : 
  Charged to : star

  Job Stopped : Sat Sep 11 17:48:06 UTC 2021
_____________________________________________________________________

