build time -- 2021-09-11 17:18:22
  PASS  Example ESMF_RHandleVMEpochEx, ESMF_RHandleVMEpochEx.F90, line 247
  PASS  Example ESMF_RHandleVMEpochEx, ESMF_RHandleVMEpochEx.F90, line 247
  PASS  Example ESMF_RHandleVMEpochEx, ESMF_RHandleVMEpochEx.F90, line 247
  PASS  Example ESMF_RHandleVMEpochEx, ESMF_RHandleVMEpochEx.F90, line 247
 PASS: ESMF_RHandleVMEpochEx.F90
 PASS: ESMF_RHandleVMEpochEx.F90
 PASS: ESMF_RHandleVMEpochEx.F90
 PASS: ESMF_RHandleVMEpochEx.F90
TOTCPU=15:47:44 ELAP=00:29:37 REQMEM=5875Mc REQCPUS=24 ALLOCCPUS=32 TIMELIMIT=02:30:00 PART=s4 ACCT=star
MAXRSS=0 MAXVMSIZE=196896K
________________________________________________________________
Job Resource Usage Summary for 11417315

  CPU Time Used : 15:47:44
  Memory Used : 0
  Virtual Memory Used : 196896K
  Walltime Used : 00:29:37

  Memory Requested : 5875Mc (n=per node; c=per core)
  CPUs Requested / Allocated : 24 / 32
  Walltime Requested : 02:30:00

  Execution Queue : s4
  Head Node : 
  Charged to : star

  Job Stopped : Sat Sep 11 17:48:00 UTC 2021
_____________________________________________________________________

