build time -- 2021-08-20 17:38:30
20210820 180931.148 INFO             PET0 !!!!!!!!!!!!!!!!!!!!!!!!!!!!!!!!!!!!!!!!!!!!!!!!!!!!!!
20210820 180931.148 INFO             PET0 !!! THE ESMF_LOG IS SET TO OUTPUT ALL LOG MESSAGES !!!
20210820 180931.148 INFO             PET0 !!!     THIS MAY CAUSE SLOWDOWN IN PERFORMANCE     !!!
20210820 180931.148 INFO             PET0 !!! FOR PRODUCTION RUNS, USE:                      !!!
20210820 180931.148 INFO             PET0 !!!                   ESMF_LOGKIND_Multi_On_Error  !!!
20210820 180931.148 INFO             PET0 !!!!!!!!!!!!!!!!!!!!!!!!!!!!!!!!!!!!!!!!!!!!!!!!!!!!!!
20210820 180931.148 INFO             PET0 Running with ESMF Version   : ESMF_8_2_0_beta_snapshot_15
20210820 180931.148 INFO             PET0 ESMF library build date/time: "Aug 20 2021" "17:35:57"
20210820 180931.148 INFO             PET0 ESMF library build location : /scratch/users/mpotts/intel_2019.0.5_intelmpi_g_develop
20210820 180931.148 INFO             PET0 ESMF_COMM                   : intelmpi
20210820 180931.149 INFO             PET0 ESMF_MOAB                   : enabled
20210820 180931.149 INFO             PET0 ESMF_LAPACK                 : enabled
20210820 180931.149 INFO             PET0 ESMF_NETCDF                 : enabled
20210820 180931.149 INFO             PET0 ESMF_PNETCDF                : disabled
20210820 180931.149 INFO             PET0 ESMF_PIO                    : enabled
20210820 180931.149 INFO             PET0 ESMF_YAMLCPP                : enabled
20210820 180931.154 INFO             PET0 ESMF_FieldRedistStoreNF(): Just entered routine.
20210820 180931.158 INFO             PET0 ESMF_FieldRedistStoreNF(): Leaving routine.
20210820 180931.164 INFO             PET0 ESMF_FieldRedistStoreNF(): Just entered routine.
20210820 180931.165 INFO             PET0 ESMF_FieldRedistStoreNF(): Leaving routine.
20210820 180931.165 INFO             PET0 ESMF_FieldRedistStoreNF(): Just entered routine.
20210820 180931.166 INFO             PET0 ESMF_FieldRedistStoreNF(): Leaving routine.
20210820 180931.166 INFO             PET0  NUMBER_OF_PROCESSORS           4
20210820 180931.167 INFO             PET0  PASS  Example ESMF_FieldRedistEx, ESMF_FieldRedistEx.F90, line 521
20210820 180931.167 INFO             PET0 Finalizing ESMF
20210820 180931.147 INFO             PET1 !!!!!!!!!!!!!!!!!!!!!!!!!!!!!!!!!!!!!!!!!!!!!!!!!!!!!!
20210820 180931.148 INFO             PET1 !!! THE ESMF_LOG IS SET TO OUTPUT ALL LOG MESSAGES !!!
20210820 180931.148 INFO             PET1 !!!     THIS MAY CAUSE SLOWDOWN IN PERFORMANCE     !!!
20210820 180931.148 INFO             PET1 !!! FOR PRODUCTION RUNS, USE:                      !!!
20210820 180931.148 INFO             PET1 !!!                   ESMF_LOGKIND_Multi_On_Error  !!!
20210820 180931.148 INFO             PET1 !!!!!!!!!!!!!!!!!!!!!!!!!!!!!!!!!!!!!!!!!!!!!!!!!!!!!!
20210820 180931.148 INFO             PET1 Running with ESMF Version   : ESMF_8_2_0_beta_snapshot_15
20210820 180931.148 INFO             PET1 ESMF library build date/time: "Aug 20 2021" "17:35:57"
20210820 180931.148 INFO             PET1 ESMF library build location : /scratch/users/mpotts/intel_2019.0.5_intelmpi_g_develop
20210820 180931.148 INFO             PET1 ESMF_COMM                   : intelmpi
20210820 180931.149 INFO             PET1 ESMF_MOAB                   : enabled
20210820 180931.149 INFO             PET1 ESMF_LAPACK                 : enabled
20210820 180931.149 INFO             PET1 ESMF_NETCDF                 : enabled
20210820 180931.149 INFO             PET1 ESMF_PNETCDF                : disabled
20210820 180931.149 INFO             PET1 ESMF_PIO                    : enabled
20210820 180931.149 INFO             PET1 ESMF_YAMLCPP                : enabled
20210820 180931.155 INFO             PET1 ESMF_FieldRedistStoreNF(): Just entered routine.
20210820 180931.158 INFO             PET1 ESMF_FieldRedistStoreNF(): Leaving routine.
20210820 180931.164 INFO             PET1 ESMF_FieldRedistStoreNF(): Just entered routine.
20210820 180931.165 INFO             PET1 ESMF_FieldRedistStoreNF(): Leaving routine.
20210820 180931.165 INFO             PET1 ESMF_FieldRedistStoreNF(): Just entered routine.
20210820 180931.166 INFO             PET1 ESMF_FieldRedistStoreNF(): Leaving routine.
20210820 180931.166 INFO             PET1  NUMBER_OF_PROCESSORS           4
20210820 180931.167 INFO             PET1  PASS  Example ESMF_FieldRedistEx, ESMF_FieldRedistEx.F90, line 521
20210820 180931.167 INFO             PET1 Finalizing ESMF
20210820 180931.149 INFO             PET2 !!!!!!!!!!!!!!!!!!!!!!!!!!!!!!!!!!!!!!!!!!!!!!!!!!!!!!
20210820 180931.150 INFO             PET2 !!! THE ESMF_LOG IS SET TO OUTPUT ALL LOG MESSAGES !!!
20210820 180931.150 INFO             PET2 !!!     THIS MAY CAUSE SLOWDOWN IN PERFORMANCE     !!!
20210820 180931.150 INFO             PET2 !!! FOR PRODUCTION RUNS, USE:                      !!!
20210820 180931.150 INFO             PET2 !!!                   ESMF_LOGKIND_Multi_On_Error  !!!
20210820 180931.150 INFO             PET2 !!!!!!!!!!!!!!!!!!!!!!!!!!!!!!!!!!!!!!!!!!!!!!!!!!!!!!
20210820 180931.150 INFO             PET2 Running with ESMF Version   : ESMF_8_2_0_beta_snapshot_15
20210820 180931.150 INFO             PET2 ESMF library build date/time: "Aug 20 2021" "17:35:57"
20210820 180931.150 INFO             PET2 ESMF library build location : /scratch/users/mpotts/intel_2019.0.5_intelmpi_g_develop
20210820 180931.150 INFO             PET2 ESMF_COMM                   : intelmpi
20210820 180931.151 INFO             PET2 ESMF_MOAB                   : enabled
20210820 180931.151 INFO             PET2 ESMF_LAPACK                 : enabled
20210820 180931.151 INFO             PET2 ESMF_NETCDF                 : enabled
20210820 180931.151 INFO             PET2 ESMF_PNETCDF                : disabled
20210820 180931.151 INFO             PET2 ESMF_PIO                    : enabled
20210820 180931.151 INFO             PET2 ESMF_YAMLCPP                : enabled
20210820 180931.155 INFO             PET2 ESMF_FieldRedistStoreNF(): Just entered routine.
20210820 180931.158 INFO             PET2 ESMF_FieldRedistStoreNF(): Leaving routine.
20210820 180931.164 INFO             PET2 ESMF_FieldRedistStoreNF(): Just entered routine.
20210820 180931.165 INFO             PET2 ESMF_FieldRedistStoreNF(): Leaving routine.
20210820 180931.165 INFO             PET2 ESMF_FieldRedistStoreNF(): Just entered routine.
20210820 180931.166 INFO             PET2 ESMF_FieldRedistStoreNF(): Leaving routine.
20210820 180931.166 INFO             PET2  NUMBER_OF_PROCESSORS           4
20210820 180931.167 INFO             PET2  PASS  Example ESMF_FieldRedistEx, ESMF_FieldRedistEx.F90, line 521
20210820 180931.167 INFO             PET2 Finalizing ESMF
20210820 180931.149 INFO             PET3 !!!!!!!!!!!!!!!!!!!!!!!!!!!!!!!!!!!!!!!!!!!!!!!!!!!!!!
20210820 180931.149 INFO             PET3 !!! THE ESMF_LOG IS SET TO OUTPUT ALL LOG MESSAGES !!!
20210820 180931.149 INFO             PET3 !!!     THIS MAY CAUSE SLOWDOWN IN PERFORMANCE     !!!
20210820 180931.149 INFO             PET3 !!! FOR PRODUCTION RUNS, USE:                      !!!
20210820 180931.149 INFO             PET3 !!!                   ESMF_LOGKIND_Multi_On_Error  !!!
20210820 180931.149 INFO             PET3 !!!!!!!!!!!!!!!!!!!!!!!!!!!!!!!!!!!!!!!!!!!!!!!!!!!!!!
20210820 180931.149 INFO             PET3 Running with ESMF Version   : ESMF_8_2_0_beta_snapshot_15
20210820 180931.149 INFO             PET3 ESMF library build date/time: "Aug 20 2021" "17:35:57"
20210820 180931.149 INFO             PET3 ESMF library build location : /scratch/users/mpotts/intel_2019.0.5_intelmpi_g_develop
20210820 180931.149 INFO             PET3 ESMF_COMM                   : intelmpi
20210820 180931.151 INFO             PET3 ESMF_MOAB                   : enabled
20210820 180931.151 INFO             PET3 ESMF_LAPACK                 : enabled
20210820 180931.151 INFO             PET3 ESMF_NETCDF                 : enabled
20210820 180931.151 INFO             PET3 ESMF_PNETCDF                : disabled
20210820 180931.151 INFO             PET3 ESMF_PIO                    : enabled
20210820 180931.151 INFO             PET3 ESMF_YAMLCPP                : enabled
20210820 180931.155 INFO             PET3 ESMF_FieldRedistStoreNF(): Just entered routine.
20210820 180931.158 INFO             PET3 ESMF_FieldRedistStoreNF(): Leaving routine.
20210820 180931.164 INFO             PET3 ESMF_FieldRedistStoreNF(): Just entered routine.
20210820 180931.165 INFO             PET3 ESMF_FieldRedistStoreNF(): Leaving routine.
20210820 180931.165 INFO             PET3 ESMF_FieldRedistStoreNF(): Just entered routine.
20210820 180931.166 INFO             PET3 ESMF_FieldRedistStoreNF(): Leaving routine.
20210820 180931.166 INFO             PET3  NUMBER_OF_PROCESSORS           4
20210820 180931.167 INFO             PET3  PASS  Example ESMF_FieldRedistEx, ESMF_FieldRedistEx.F90, line 521
20210820 180931.167 INFO             PET3 Finalizing ESMF
