build time -- 2021-08-05 17:42:18
20210805 182518.270 INFO             PET0 !!!!!!!!!!!!!!!!!!!!!!!!!!!!!!!!!!!!!!!!!!!!!!!!!!!!!!
20210805 182518.271 INFO             PET0 !!! THE ESMF_LOG IS SET TO OUTPUT ALL LOG MESSAGES !!!
20210805 182518.271 INFO             PET0 !!!     THIS MAY CAUSE SLOWDOWN IN PERFORMANCE     !!!
20210805 182518.271 INFO             PET0 !!! FOR PRODUCTION RUNS, USE:                      !!!
20210805 182518.271 INFO             PET0 !!!                   ESMF_LOGKIND_Multi_On_Error  !!!
20210805 182518.271 INFO             PET0 !!!!!!!!!!!!!!!!!!!!!!!!!!!!!!!!!!!!!!!!!!!!!!!!!!!!!!
20210805 182518.271 INFO             PET0 Running with ESMF Version   : ESMF_8_2_0_beta_snapshot_15
20210805 182518.271 INFO             PET0 ESMF library build date/time: "Aug  5 2021" "17:31:37"
20210805 182518.271 INFO             PET0 ESMF library build location : /scratch/users/mpotts/intel_2019.0.5_intelmpi_g_develop
20210805 182518.271 INFO             PET0 ESMF_COMM                   : intelmpi
20210805 182518.272 INFO             PET0 ESMF_MOAB                   : enabled
20210805 182518.273 INFO             PET0 ESMF_LAPACK                 : enabled
20210805 182518.273 INFO             PET0 ESMF_NETCDF                 : enabled
20210805 182518.273 INFO             PET0 ESMF_PNETCDF                : disabled
20210805 182518.273 INFO             PET0 ESMF_PIO                    : enabled
20210805 182518.273 INFO             PET0 ESMF_YAMLCPP                : enabled
20210805 182518.274 INFO             PET0  NUMBER_OF_PROCESSORS           1
20210805 182518.274 INFO             PET0  PASS  Example ESMF_ClockEx, ESMF_ClockEx.F90, line 220
20210805 182518.274 INFO             PET0 Finalizing ESMF
