build time -- 2021-09-06 17:18:30
  PASS  Example ESMF_FieldHaloEx, ESMF_FieldHaloEx.F90, line 200
  PASS  Example ESMF_FieldHaloEx, ESMF_FieldHaloEx.F90, line 200
  PASS  Example ESMF_FieldHaloEx, ESMF_FieldHaloEx.F90, line 200
  PASS  Example ESMF_FieldHaloEx, ESMF_FieldHaloEx.F90, line 200
 PASS: ESMF_FieldHaloEx.F90
 PASS: ESMF_FieldHaloEx.F90
 PASS: ESMF_FieldHaloEx.F90
 PASS: ESMF_FieldHaloEx.F90
TOTCPU=17:25:20 ELAP=00:32:40 REQMEM=5875Mc REQCPUS=24 ALLOCCPUS=32 TIMELIMIT=02:30:00 PART=s4 ACCT=star
MAXRSS=0 MAXVMSIZE=2185668K
________________________________________________________________
Job Resource Usage Summary for 11402370

  CPU Time Used : 17:25:20
  Memory Used : 0
  Virtual Memory Used : 2185668K
  Walltime Used : 00:32:40

  Memory Requested : 5875Mc (n=per node; c=per core)
  CPUs Requested / Allocated : 24 / 32
  Walltime Requested : 02:30:00

  Execution Queue : s4
  Head Node : 
  Charged to : star

  Job Stopped : Mon Sep  6 17:51:11 UTC 2021
_____________________________________________________________________

