build time -- 2021-09-05 17:22:31
  PASS  Example ESMF_FieldRegridMaskEx, ESMF_FieldRegridMaskEx.F90, line 370
  PASS  Example ESMF_FieldRegridMaskEx, ESMF_FieldRegridMaskEx.F90, line 370
  PASS  Example ESMF_FieldRegridMaskEx, ESMF_FieldRegridMaskEx.F90, line 370
  PASS  Example ESMF_FieldRegridMaskEx, ESMF_FieldRegridMaskEx.F90, line 370
 PASS: ESMF_FieldRegridEx.F90
 PASS: ESMF_FieldRegridEx.F90
 PASS: ESMF_FieldRegridEx.F90
 PASS: ESMF_FieldRegridEx.F90
TOTCPU=1-02:12:48 ELAP=00:49:09 REQMEM=5875Mc REQCPUS=24 ALLOCCPUS=32 TIMELIMIT=02:30:00 PART=s4 ACCT=star
MAXRSS=0 MAXVMSIZE=196896K
________________________________________________________________
Job Resource Usage Summary for 11401567

  CPU Time Used : 1-02:12:48
  Memory Used : 0
  Virtual Memory Used : 196896K
  Walltime Used : 00:49:09

  Memory Requested : 5875Mc (n=per node; c=per core)
  CPUs Requested / Allocated : 24 / 32
  Walltime Requested : 02:30:00

  Execution Queue : s4
  Head Node : 
  Charged to : star

  Job Stopped : Sun Sep  5 18:11:41 UTC 2021
_____________________________________________________________________

