build time -- 2021-09-24 04:08:15.425433
20210924 050434.246 INFO             PET0 !!!!!!!!!!!!!!!!!!!!!!!!!!!!!!!!!!!!!!!!!!!!!!!!!!!!!!
20210924 050434.246 INFO             PET0 !!! THE ESMF_LOG IS SET TO OUTPUT ALL LOG MESSAGES !!!
20210924 050434.246 INFO             PET0 !!!     THIS MAY CAUSE SLOWDOWN IN PERFORMANCE     !!!
20210924 050434.246 INFO             PET0 !!! FOR PRODUCTION RUNS, USE:                      !!!
20210924 050434.246 INFO             PET0 !!!                   ESMF_LOGKIND_Multi_On_Error  !!!
20210924 050434.246 INFO             PET0 !!!!!!!!!!!!!!!!!!!!!!!!!!!!!!!!!!!!!!!!!!!!!!!!!!!!!!
20210924 050434.246 INFO             PET0 Running with ESMF Version   : ESMF_8_2_0_beta_snapshot_19-8-gf4df7525e2
20210924 050434.246 INFO             PET0 ESMF library build date/time: "Sep 24 2021" "04:02:36"
20210924 050434.246 INFO             PET0 ESMF library build location : /glade/scratch/mpotts/intel_18.0.5_openmpi_g_develop
20210924 050434.246 INFO             PET0 ESMF_COMM                   : openmpi
20210924 050434.247 INFO             PET0 ESMF_MOAB                   : enabled
20210924 050434.247 INFO             PET0 ESMF_LAPACK                 : enabled
20210924 050434.247 INFO             PET0 ESMF_NETCDF                 : enabled
20210924 050434.247 INFO             PET0 ESMF_PNETCDF                : disabled
20210924 050434.247 INFO             PET0 ESMF_PIO                    : enabled
20210924 050434.247 INFO             PET0 ESMF_YAMLCPP                : enabled
20210924 050434.256 INFO             PET0 ESMF_FieldRedistStoreNF(): Just entered routine.
20210924 050434.583 INFO             PET0 ESMF_FieldRedistStoreNF(): Leaving routine.
20210924 050434.596 INFO             PET0  NUMBER_OF_PROCESSORS           4
20210924 050434.596 INFO             PET0  PASS  Example ESMF_RHandleFromFileEx, ESMF_RHandleFromFileEx.F90, line 192
20210924 050434.596 INFO             PET0 Finalizing ESMF
20210924 050434.247 INFO             PET1 !!!!!!!!!!!!!!!!!!!!!!!!!!!!!!!!!!!!!!!!!!!!!!!!!!!!!!
20210924 050434.247 INFO             PET1 !!! THE ESMF_LOG IS SET TO OUTPUT ALL LOG MESSAGES !!!
20210924 050434.247 INFO             PET1 !!!     THIS MAY CAUSE SLOWDOWN IN PERFORMANCE     !!!
20210924 050434.247 INFO             PET1 !!! FOR PRODUCTION RUNS, USE:                      !!!
20210924 050434.247 INFO             PET1 !!!                   ESMF_LOGKIND_Multi_On_Error  !!!
20210924 050434.247 INFO             PET1 !!!!!!!!!!!!!!!!!!!!!!!!!!!!!!!!!!!!!!!!!!!!!!!!!!!!!!
20210924 050434.247 INFO             PET1 Running with ESMF Version   : ESMF_8_2_0_beta_snapshot_19-8-gf4df7525e2
20210924 050434.247 INFO             PET1 ESMF library build date/time: "Sep 24 2021" "04:02:36"
20210924 050434.247 INFO             PET1 ESMF library build location : /glade/scratch/mpotts/intel_18.0.5_openmpi_g_develop
20210924 050434.247 INFO             PET1 ESMF_COMM                   : openmpi
20210924 050434.247 INFO             PET1 ESMF_MOAB                   : enabled
20210924 050434.247 INFO             PET1 ESMF_LAPACK                 : enabled
20210924 050434.247 INFO             PET1 ESMF_NETCDF                 : enabled
20210924 050434.247 INFO             PET1 ESMF_PNETCDF                : disabled
20210924 050434.247 INFO             PET1 ESMF_PIO                    : enabled
20210924 050434.247 INFO             PET1 ESMF_YAMLCPP                : enabled
20210924 050434.255 INFO             PET1 ESMF_FieldRedistStoreNF(): Just entered routine.
20210924 050434.583 INFO             PET1 ESMF_FieldRedistStoreNF(): Leaving routine.
20210924 050434.596 INFO             PET1  NUMBER_OF_PROCESSORS           4
20210924 050434.596 INFO             PET1  PASS  Example ESMF_RHandleFromFileEx, ESMF_RHandleFromFileEx.F90, line 192
20210924 050434.596 INFO             PET1 Finalizing ESMF
20210924 050434.245 INFO             PET2 !!!!!!!!!!!!!!!!!!!!!!!!!!!!!!!!!!!!!!!!!!!!!!!!!!!!!!
20210924 050434.245 INFO             PET2 !!! THE ESMF_LOG IS SET TO OUTPUT ALL LOG MESSAGES !!!
20210924 050434.245 INFO             PET2 !!!     THIS MAY CAUSE SLOWDOWN IN PERFORMANCE     !!!
20210924 050434.245 INFO             PET2 !!! FOR PRODUCTION RUNS, USE:                      !!!
20210924 050434.245 INFO             PET2 !!!                   ESMF_LOGKIND_Multi_On_Error  !!!
20210924 050434.245 INFO             PET2 !!!!!!!!!!!!!!!!!!!!!!!!!!!!!!!!!!!!!!!!!!!!!!!!!!!!!!
20210924 050434.245 INFO             PET2 Running with ESMF Version   : ESMF_8_2_0_beta_snapshot_19-8-gf4df7525e2
20210924 050434.245 INFO             PET2 ESMF library build date/time: "Sep 24 2021" "04:02:36"
20210924 050434.245 INFO             PET2 ESMF library build location : /glade/scratch/mpotts/intel_18.0.5_openmpi_g_develop
20210924 050434.245 INFO             PET2 ESMF_COMM                   : openmpi
20210924 050434.246 INFO             PET2 ESMF_MOAB                   : enabled
20210924 050434.246 INFO             PET2 ESMF_LAPACK                 : enabled
20210924 050434.246 INFO             PET2 ESMF_NETCDF                 : enabled
20210924 050434.246 INFO             PET2 ESMF_PNETCDF                : disabled
20210924 050434.246 INFO             PET2 ESMF_PIO                    : enabled
20210924 050434.246 INFO             PET2 ESMF_YAMLCPP                : enabled
20210924 050434.254 INFO             PET2 ESMF_FieldRedistStoreNF(): Just entered routine.
20210924 050434.583 INFO             PET2 ESMF_FieldRedistStoreNF(): Leaving routine.
20210924 050434.596 INFO             PET2  NUMBER_OF_PROCESSORS           4
20210924 050434.596 INFO             PET2  PASS  Example ESMF_RHandleFromFileEx, ESMF_RHandleFromFileEx.F90, line 192
20210924 050434.596 INFO             PET2 Finalizing ESMF
20210924 050434.247 INFO             PET3 !!!!!!!!!!!!!!!!!!!!!!!!!!!!!!!!!!!!!!!!!!!!!!!!!!!!!!
20210924 050434.247 INFO             PET3 !!! THE ESMF_LOG IS SET TO OUTPUT ALL LOG MESSAGES !!!
20210924 050434.247 INFO             PET3 !!!     THIS MAY CAUSE SLOWDOWN IN PERFORMANCE     !!!
20210924 050434.247 INFO             PET3 !!! FOR PRODUCTION RUNS, USE:                      !!!
20210924 050434.247 INFO             PET3 !!!                   ESMF_LOGKIND_Multi_On_Error  !!!
20210924 050434.247 INFO             PET3 !!!!!!!!!!!!!!!!!!!!!!!!!!!!!!!!!!!!!!!!!!!!!!!!!!!!!!
20210924 050434.247 INFO             PET3 Running with ESMF Version   : ESMF_8_2_0_beta_snapshot_19-8-gf4df7525e2
20210924 050434.247 INFO             PET3 ESMF library build date/time: "Sep 24 2021" "04:02:36"
20210924 050434.247 INFO             PET3 ESMF library build location : /glade/scratch/mpotts/intel_18.0.5_openmpi_g_develop
20210924 050434.247 INFO             PET3 ESMF_COMM                   : openmpi
20210924 050434.247 INFO             PET3 ESMF_MOAB                   : enabled
20210924 050434.247 INFO             PET3 ESMF_LAPACK                 : enabled
20210924 050434.247 INFO             PET3 ESMF_NETCDF                 : enabled
20210924 050434.247 INFO             PET3 ESMF_PNETCDF                : disabled
20210924 050434.247 INFO             PET3 ESMF_PIO                    : enabled
20210924 050434.247 INFO             PET3 ESMF_YAMLCPP                : enabled
20210924 050434.256 INFO             PET3 ESMF_FieldRedistStoreNF(): Just entered routine.
20210924 050434.583 INFO             PET3 ESMF_FieldRedistStoreNF(): Leaving routine.
20210924 050434.596 INFO             PET3  NUMBER_OF_PROCESSORS           4
20210924 050434.596 INFO             PET3  PASS  Example ESMF_RHandleFromFileEx, ESMF_RHandleFromFileEx.F90, line 192
20210924 050434.596 INFO             PET3 Finalizing ESMF
