build time -- 2021-09-10 03:16:15.817965
20210910 034004.753 INFO             PET0 !!!!!!!!!!!!!!!!!!!!!!!!!!!!!!!!!!!!!!!!!!!!!!!!!!!!!!
20210910 034004.753 INFO             PET0 !!! THE ESMF_LOG IS SET TO OUTPUT ALL LOG MESSAGES !!!
20210910 034004.753 INFO             PET0 !!!     THIS MAY CAUSE SLOWDOWN IN PERFORMANCE     !!!
20210910 034004.753 INFO             PET0 !!! FOR PRODUCTION RUNS, USE:                      !!!
20210910 034004.753 INFO             PET0 !!!                   ESMF_LOGKIND_Multi_On_Error  !!!
20210910 034004.753 INFO             PET0 !!!!!!!!!!!!!!!!!!!!!!!!!!!!!!!!!!!!!!!!!!!!!!!!!!!!!!
20210910 034004.753 INFO             PET0 Running with ESMF Version   : ESMF_8_2_0_beta_snapshot_18-42-gb11ffe55a6
20210910 034004.753 INFO             PET0 ESMF library build date/time: "Sep 10 2021" "03:14:55"
20210910 034004.753 INFO             PET0 ESMF library build location : /gpfsm/dnb04/projects/p98/mpotts/esmf/gfortran_10.1.0_intelmpi_g_develop
20210910 034004.753 INFO             PET0 ESMF_COMM                   : intelmpi
20210910 034004.754 INFO             PET0 ESMF_MOAB                   : enabled
20210910 034004.754 INFO             PET0 ESMF_LAPACK                 : enabled
20210910 034004.754 INFO             PET0 ESMF_NETCDF                 : disabled
20210910 034004.754 INFO             PET0 ESMF_PNETCDF                : disabled
20210910 034004.754 INFO             PET0 ESMF_PIO                    : enabled
20210910 034004.754 INFO             PET0 ESMF_YAMLCPP                : enabled
20210910 034004.775 INFO             PET0 Log Write 2
20210910 034004.775 ERROR            PET0 Invalid object  - Convergence failure
20210910 034004.776 ERROR            PET0 ESMCI_Fraction.C:1444 ESMCI::Fraction::validate() must have non-zero denominator.
20210910 034004.776 ERROR            PET0 ESMCI_Time.C:838 ESMCI::Time::syncToRealTime() Wrong argument specified  - ; calkindflag is JULIANDAY, MODJULIANDAY or NOCALENDAR.
20210910 034004.792 ERROR            PET0 ESMF_Time.F90:1485 ESMF_TimeSyncToRealTime() Wrong argument specified  - Internal subroutine call returned Error
20210910 034004.792 ERROR            PET0 Wrong argument specified  - getting wall clock time
20210910 034004.799 INFO             PET0  NUMBER_OF_PROCESSORS           4
20210910 034004.826 INFO             PET0  PASS  Example ESMF_LogErrEx, ESMF_LogErrEx.F90, line 186
20210910 034004.826 INFO             PET0 Finalizing ESMF
20210910 034004.753 INFO             PET1 !!!!!!!!!!!!!!!!!!!!!!!!!!!!!!!!!!!!!!!!!!!!!!!!!!!!!!
20210910 034004.753 INFO             PET1 !!! THE ESMF_LOG IS SET TO OUTPUT ALL LOG MESSAGES !!!
20210910 034004.753 INFO             PET1 !!!     THIS MAY CAUSE SLOWDOWN IN PERFORMANCE     !!!
20210910 034004.753 INFO             PET1 !!! FOR PRODUCTION RUNS, USE:                      !!!
20210910 034004.753 INFO             PET1 !!!                   ESMF_LOGKIND_Multi_On_Error  !!!
20210910 034004.753 INFO             PET1 !!!!!!!!!!!!!!!!!!!!!!!!!!!!!!!!!!!!!!!!!!!!!!!!!!!!!!
20210910 034004.753 INFO             PET1 Running with ESMF Version   : ESMF_8_2_0_beta_snapshot_18-42-gb11ffe55a6
20210910 034004.753 INFO             PET1 ESMF library build date/time: "Sep 10 2021" "03:14:55"
20210910 034004.753 INFO             PET1 ESMF library build location : /gpfsm/dnb04/projects/p98/mpotts/esmf/gfortran_10.1.0_intelmpi_g_develop
20210910 034004.753 INFO             PET1 ESMF_COMM                   : intelmpi
20210910 034004.754 INFO             PET1 ESMF_MOAB                   : enabled
20210910 034004.754 INFO             PET1 ESMF_LAPACK                 : enabled
20210910 034004.754 INFO             PET1 ESMF_NETCDF                 : disabled
20210910 034004.754 INFO             PET1 ESMF_PNETCDF                : disabled
20210910 034004.754 INFO             PET1 ESMF_PIO                    : enabled
20210910 034004.754 INFO             PET1 ESMF_YAMLCPP                : enabled
20210910 034004.775 INFO             PET1 Log Write 2
20210910 034004.775 ERROR            PET1 Invalid object  - Convergence failure
20210910 034004.776 ERROR            PET1 ESMCI_Fraction.C:1444 ESMCI::Fraction::validate() must have non-zero denominator.
20210910 034004.776 ERROR            PET1 ESMCI_Time.C:838 ESMCI::Time::syncToRealTime() Wrong argument specified  - ; calkindflag is JULIANDAY, MODJULIANDAY or NOCALENDAR.
20210910 034004.792 ERROR            PET1 ESMF_Time.F90:1485 ESMF_TimeSyncToRealTime() Wrong argument specified  - Internal subroutine call returned Error
20210910 034004.792 ERROR            PET1 Wrong argument specified  - getting wall clock time
20210910 034004.799 INFO             PET1  NUMBER_OF_PROCESSORS           4
20210910 034004.826 INFO             PET1  PASS  Example ESMF_LogErrEx, ESMF_LogErrEx.F90, line 186
20210910 034004.826 INFO             PET1 Finalizing ESMF
20210910 034004.753 INFO             PET2 !!!!!!!!!!!!!!!!!!!!!!!!!!!!!!!!!!!!!!!!!!!!!!!!!!!!!!
20210910 034004.753 INFO             PET2 !!! THE ESMF_LOG IS SET TO OUTPUT ALL LOG MESSAGES !!!
20210910 034004.753 INFO             PET2 !!!     THIS MAY CAUSE SLOWDOWN IN PERFORMANCE     !!!
20210910 034004.753 INFO             PET2 !!! FOR PRODUCTION RUNS, USE:                      !!!
20210910 034004.753 INFO             PET2 !!!                   ESMF_LOGKIND_Multi_On_Error  !!!
20210910 034004.753 INFO             PET2 !!!!!!!!!!!!!!!!!!!!!!!!!!!!!!!!!!!!!!!!!!!!!!!!!!!!!!
20210910 034004.753 INFO             PET2 Running with ESMF Version   : ESMF_8_2_0_beta_snapshot_18-42-gb11ffe55a6
20210910 034004.753 INFO             PET2 ESMF library build date/time: "Sep 10 2021" "03:14:55"
20210910 034004.753 INFO             PET2 ESMF library build location : /gpfsm/dnb04/projects/p98/mpotts/esmf/gfortran_10.1.0_intelmpi_g_develop
20210910 034004.753 INFO             PET2 ESMF_COMM                   : intelmpi
20210910 034004.754 INFO             PET2 ESMF_MOAB                   : enabled
20210910 034004.754 INFO             PET2 ESMF_LAPACK                 : enabled
20210910 034004.754 INFO             PET2 ESMF_NETCDF                 : disabled
20210910 034004.754 INFO             PET2 ESMF_PNETCDF                : disabled
20210910 034004.754 INFO             PET2 ESMF_PIO                    : enabled
20210910 034004.754 INFO             PET2 ESMF_YAMLCPP                : enabled
20210910 034004.775 INFO             PET2 Log Write 2
20210910 034004.775 ERROR            PET2 Invalid object  - Convergence failure
20210910 034004.776 ERROR            PET2 ESMCI_Fraction.C:1444 ESMCI::Fraction::validate() must have non-zero denominator.
20210910 034004.776 ERROR            PET2 ESMCI_Time.C:838 ESMCI::Time::syncToRealTime() Wrong argument specified  - ; calkindflag is JULIANDAY, MODJULIANDAY or NOCALENDAR.
20210910 034004.792 ERROR            PET2 ESMF_Time.F90:1485 ESMF_TimeSyncToRealTime() Wrong argument specified  - Internal subroutine call returned Error
20210910 034004.792 ERROR            PET2 Wrong argument specified  - getting wall clock time
20210910 034004.799 INFO             PET2  NUMBER_OF_PROCESSORS           4
20210910 034004.825 INFO             PET2  PASS  Example ESMF_LogErrEx, ESMF_LogErrEx.F90, line 186
20210910 034004.826 INFO             PET2 Finalizing ESMF
20210910 034004.753 INFO             PET3 !!!!!!!!!!!!!!!!!!!!!!!!!!!!!!!!!!!!!!!!!!!!!!!!!!!!!!
20210910 034004.753 INFO             PET3 !!! THE ESMF_LOG IS SET TO OUTPUT ALL LOG MESSAGES !!!
20210910 034004.753 INFO             PET3 !!!     THIS MAY CAUSE SLOWDOWN IN PERFORMANCE     !!!
20210910 034004.753 INFO             PET3 !!! FOR PRODUCTION RUNS, USE:                      !!!
20210910 034004.753 INFO             PET3 !!!                   ESMF_LOGKIND_Multi_On_Error  !!!
20210910 034004.753 INFO             PET3 !!!!!!!!!!!!!!!!!!!!!!!!!!!!!!!!!!!!!!!!!!!!!!!!!!!!!!
20210910 034004.753 INFO             PET3 Running with ESMF Version   : ESMF_8_2_0_beta_snapshot_18-42-gb11ffe55a6
20210910 034004.753 INFO             PET3 ESMF library build date/time: "Sep 10 2021" "03:14:55"
20210910 034004.753 INFO             PET3 ESMF library build location : /gpfsm/dnb04/projects/p98/mpotts/esmf/gfortran_10.1.0_intelmpi_g_develop
20210910 034004.753 INFO             PET3 ESMF_COMM                   : intelmpi
20210910 034004.754 INFO             PET3 ESMF_MOAB                   : enabled
20210910 034004.754 INFO             PET3 ESMF_LAPACK                 : enabled
20210910 034004.754 INFO             PET3 ESMF_NETCDF                 : disabled
20210910 034004.754 INFO             PET3 ESMF_PNETCDF                : disabled
20210910 034004.754 INFO             PET3 ESMF_PIO                    : enabled
20210910 034004.754 INFO             PET3 ESMF_YAMLCPP                : enabled
20210910 034004.775 INFO             PET3 Log Write 2
20210910 034004.775 ERROR            PET3 Invalid object  - Convergence failure
20210910 034004.776 ERROR            PET3 ESMCI_Fraction.C:1444 ESMCI::Fraction::validate() must have non-zero denominator.
20210910 034004.776 ERROR            PET3 ESMCI_Time.C:838 ESMCI::Time::syncToRealTime() Wrong argument specified  - ; calkindflag is JULIANDAY, MODJULIANDAY or NOCALENDAR.
20210910 034004.792 ERROR            PET3 ESMF_Time.F90:1485 ESMF_TimeSyncToRealTime() Wrong argument specified  - Internal subroutine call returned Error
20210910 034004.792 ERROR            PET3 Wrong argument specified  - getting wall clock time
20210910 034004.799 INFO             PET3  NUMBER_OF_PROCESSORS           4
20210910 034004.826 INFO             PET3  PASS  Example ESMF_LogErrEx, ESMF_LogErrEx.F90, line 186
20210910 034004.826 INFO             PET3 Finalizing ESMF
