build time -- 2021-07-07 02:56:28.497700
20210707 032037.313 INFO             PET0 !!!!!!!!!!!!!!!!!!!!!!!!!!!!!!!!!!!!!!!!!!!!!!!!!!!!!!
20210707 032037.313 INFO             PET0 !!! THE ESMF_LOG IS SET TO OUTPUT ALL LOG MESSAGES !!!
20210707 032037.313 INFO             PET0 !!!     THIS MAY CAUSE SLOWDOWN IN PERFORMANCE     !!!
20210707 032037.313 INFO             PET0 !!! FOR PRODUCTION RUNS, USE:                      !!!
20210707 032037.313 INFO             PET0 !!!                   ESMF_LOGKIND_Multi_On_Error  !!!
20210707 032037.313 INFO             PET0 !!!!!!!!!!!!!!!!!!!!!!!!!!!!!!!!!!!!!!!!!!!!!!!!!!!!!!
20210707 032037.313 INFO             PET0 Running with ESMF Version   : ESMF_8_2_0_beta_snapshot_12-2-g7397acc804
20210707 032037.313 INFO             PET0 ESMF library build date/time: "Jul  7 2021" "02:55:01"
20210707 032037.313 INFO             PET0 ESMF library build location : /gpfsm/dnb04/projects/p98/mpotts/esmf/gfortran_10.1.0_intelmpi_g_develop
20210707 032037.313 INFO             PET0 ESMF_COMM                   : intelmpi
20210707 032037.313 INFO             PET0 ESMF_MOAB                   : enabled
20210707 032037.313 INFO             PET0 ESMF_LAPACK                 : enabled
20210707 032037.313 INFO             PET0 ESMF_NETCDF                 : disabled
20210707 032037.313 INFO             PET0 ESMF_PNETCDF                : disabled
20210707 032037.313 INFO             PET0 ESMF_PIO                    : enabled
20210707 032037.313 INFO             PET0 ESMF_YAMLCPP                : enabled
20210707 032037.314 INFO             PET0  NUMBER_OF_PROCESSORS           1
20210707 032037.314 INFO             PET0  PASS  Example CalendarEx, ESMF_CalendarEx.F90, line 217
20210707 032037.314 INFO             PET0 Finalizing ESMF
