build time -- 2021-09-23 01:46:59.001378
20210923 023821.474 INFO             PET0 !!!!!!!!!!!!!!!!!!!!!!!!!!!!!!!!!!!!!!!!!!!!!!!!!!!!!!
20210923 023821.474 INFO             PET0 !!! THE ESMF_LOG IS SET TO OUTPUT ALL LOG MESSAGES !!!
20210923 023821.474 INFO             PET0 !!!     THIS MAY CAUSE SLOWDOWN IN PERFORMANCE     !!!
20210923 023821.474 INFO             PET0 !!! FOR PRODUCTION RUNS, USE:                      !!!
20210923 023821.474 INFO             PET0 !!!                   ESMF_LOGKIND_Multi_On_Error  !!!
20210923 023821.474 INFO             PET0 !!!!!!!!!!!!!!!!!!!!!!!!!!!!!!!!!!!!!!!!!!!!!!!!!!!!!!
20210923 023821.474 INFO             PET0 Running with ESMF Version   : ESMF_8_2_0_beta_snapshot_19-8-gf4df7525e2
20210923 023821.474 INFO             PET0 ESMF library build date/time: "Sep 23 2021" "01:37:54"
20210923 023821.474 INFO             PET0 ESMF library build location : /gpfsm/dnb04/projects/p98/mpotts/esmf/gfortran_10.1.0_intelmpi_g_develop
20210923 023821.474 INFO             PET0 ESMF_COMM                   : intelmpi
20210923 023821.475 INFO             PET0 ESMF_MOAB                   : enabled
20210923 023821.475 INFO             PET0 ESMF_LAPACK                 : enabled
20210923 023821.475 INFO             PET0 ESMF_NETCDF                 : disabled
20210923 023821.475 INFO             PET0 ESMF_PNETCDF                : disabled
20210923 023821.475 INFO             PET0 ESMF_PIO                    : enabled
20210923 023821.475 INFO             PET0 ESMF_YAMLCPP                : enabled
20210923 023821.483 INFO             PET0  NUMBER_OF_PROCESSORS           1
20210923 023821.483 INFO             PET0  PASS  Example ESMF_XGridSparseMatEx, ESMF_XGridSparseMatEx.F90, line 642
20210923 023821.483 INFO             PET0 Finalizing ESMF
