build time -- 2021-05-02 03:14:13.947121
20210502 044453.041 INFO             PET0 !!!!!!!!!!!!!!!!!!!!!!!!!!!!!!!!!!!!!!!!!!!!!!!!!!!!!!
20210502 044453.041 INFO             PET0 !!! THE ESMF_LOG IS SET TO OUTPUT ALL LOG MESSAGES !!!
20210502 044453.041 INFO             PET0 !!!     THIS MAY CAUSE SLOWDOWN IN PERFORMANCE     !!!
20210502 044453.041 INFO             PET0 !!! FOR PRODUCTION RUNS, USE:                      !!!
20210502 044453.041 INFO             PET0 !!!                   ESMF_LOGKIND_Multi_On_Error  !!!
20210502 044453.041 INFO             PET0 !!!!!!!!!!!!!!!!!!!!!!!!!!!!!!!!!!!!!!!!!!!!!!!!!!!!!!
20210502 044453.041 INFO             PET0 Running with ESMF Version   : ESMF_8_2_0_beta_snapshot_06-2-g7cd9acbf16
20210502 044453.041 INFO             PET0 ESMF library build date/time: "May  2 2021" "03:12:52"
20210502 044453.041 INFO             PET0 ESMF library build location : /gpfsm/dnb04/projects/p98/mpotts/esmf/gfortran_10.1.0_intelmpi_g_develop
20210502 044453.041 INFO             PET0 ESMF_COMM                   : intelmpi
20210502 044453.041 INFO             PET0 ESMF_MOAB                   : enabled
20210502 044453.041 INFO             PET0 ESMF_LAPACK                 : enabled
20210502 044453.041 INFO             PET0 ESMF_NETCDF                 : disabled
20210502 044453.041 INFO             PET0 ESMF_PNETCDF                : disabled
20210502 044453.041 INFO             PET0 ESMF_PIO                    : enabled
20210502 044453.041 INFO             PET0 ESMF_YAMLCPP                : enabled
20210502 044453.041 INFO             PET0  NUMBER_OF_PROCESSORS           4
20210502 044453.041 INFO             PET0  PASS  Example ESMF_VMUserMpiCommMultiEx, ESMF_VMUserMpiCommMultiEx.F90, line 126
20210502 044453.041 INFO             PET0 Finalizing ESMF
20210502 044453.040 INFO             PET0 !!!!!!!!!!!!!!!!!!!!!!!!!!!!!!!!!!!!!!!!!!!!!!!!!!!!!!
20210502 044453.040 INFO             PET0 !!! THE ESMF_LOG IS SET TO OUTPUT ALL LOG MESSAGES !!!
20210502 044453.040 INFO             PET0 !!!     THIS MAY CAUSE SLOWDOWN IN PERFORMANCE     !!!
20210502 044453.040 INFO             PET0 !!! FOR PRODUCTION RUNS, USE:                      !!!
20210502 044453.040 INFO             PET0 !!!                   ESMF_LOGKIND_Multi_On_Error  !!!
20210502 044453.040 INFO             PET0 !!!!!!!!!!!!!!!!!!!!!!!!!!!!!!!!!!!!!!!!!!!!!!!!!!!!!!
20210502 044453.040 INFO             PET0 Running with ESMF Version   : ESMF_8_2_0_beta_snapshot_06-2-g7cd9acbf16
20210502 044453.040 INFO             PET0 ESMF library build date/time: "May  2 2021" "03:12:52"
20210502 044453.040 INFO             PET0 ESMF library build location : /gpfsm/dnb04/projects/p98/mpotts/esmf/gfortran_10.1.0_intelmpi_g_develop
20210502 044453.040 INFO             PET0 ESMF_COMM                   : intelmpi
20210502 044453.040 INFO             PET0 ESMF_MOAB                   : enabled
20210502 044453.040 INFO             PET0 ESMF_LAPACK                 : enabled
20210502 044453.040 INFO             PET0 ESMF_NETCDF                 : disabled
20210502 044453.040 INFO             PET0 ESMF_PNETCDF                : disabled
20210502 044453.040 INFO             PET0 ESMF_PIO                    : enabled
20210502 044453.040 INFO             PET0 ESMF_YAMLCPP                : enabled
20210502 044453.040 INFO             PET0  NUMBER_OF_PROCESSORS           4
20210502 044453.040 INFO             PET0  PASS  Example ESMF_VMUserMpiCommMultiEx, ESMF_VMUserMpiCommMultiEx.F90, line 154
20210502 044453.040 INFO             PET0 Finalizing ESMF
20210502 044453.040 INFO             PET1 !!!!!!!!!!!!!!!!!!!!!!!!!!!!!!!!!!!!!!!!!!!!!!!!!!!!!!
20210502 044453.040 INFO             PET1 !!! THE ESMF_LOG IS SET TO OUTPUT ALL LOG MESSAGES !!!
20210502 044453.040 INFO             PET1 !!!     THIS MAY CAUSE SLOWDOWN IN PERFORMANCE     !!!
20210502 044453.040 INFO             PET1 !!! FOR PRODUCTION RUNS, USE:                      !!!
20210502 044453.040 INFO             PET1 !!!                   ESMF_LOGKIND_Multi_On_Error  !!!
20210502 044453.040 INFO             PET1 !!!!!!!!!!!!!!!!!!!!!!!!!!!!!!!!!!!!!!!!!!!!!!!!!!!!!!
20210502 044453.040 INFO             PET1 Running with ESMF Version   : ESMF_8_2_0_beta_snapshot_06-2-g7cd9acbf16
20210502 044453.040 INFO             PET1 ESMF library build date/time: "May  2 2021" "03:12:52"
20210502 044453.040 INFO             PET1 ESMF library build location : /gpfsm/dnb04/projects/p98/mpotts/esmf/gfortran_10.1.0_intelmpi_g_develop
20210502 044453.040 INFO             PET1 ESMF_COMM                   : intelmpi
20210502 044453.041 INFO             PET1 ESMF_MOAB                   : enabled
20210502 044453.041 INFO             PET1 ESMF_LAPACK                 : enabled
20210502 044453.041 INFO             PET1 ESMF_NETCDF                 : disabled
20210502 044453.041 INFO             PET1 ESMF_PNETCDF                : disabled
20210502 044453.041 INFO             PET1 ESMF_PIO                    : enabled
20210502 044453.041 INFO             PET1 ESMF_YAMLCPP                : enabled
20210502 044453.041 INFO             PET1  NUMBER_OF_PROCESSORS           4
20210502 044453.041 INFO             PET1  PASS  Example ESMF_VMUserMpiCommMultiEx, ESMF_VMUserMpiCommMultiEx.F90, line 126
20210502 044453.042 INFO             PET1 Finalizing ESMF
20210502 044453.039 INFO             PET1 !!!!!!!!!!!!!!!!!!!!!!!!!!!!!!!!!!!!!!!!!!!!!!!!!!!!!!
20210502 044453.039 INFO             PET1 !!! THE ESMF_LOG IS SET TO OUTPUT ALL LOG MESSAGES !!!
20210502 044453.039 INFO             PET1 !!!     THIS MAY CAUSE SLOWDOWN IN PERFORMANCE     !!!
20210502 044453.039 INFO             PET1 !!! FOR PRODUCTION RUNS, USE:                      !!!
20210502 044453.039 INFO             PET1 !!!                   ESMF_LOGKIND_Multi_On_Error  !!!
20210502 044453.039 INFO             PET1 !!!!!!!!!!!!!!!!!!!!!!!!!!!!!!!!!!!!!!!!!!!!!!!!!!!!!!
20210502 044453.039 INFO             PET1 Running with ESMF Version   : ESMF_8_2_0_beta_snapshot_06-2-g7cd9acbf16
20210502 044453.039 INFO             PET1 ESMF library build date/time: "May  2 2021" "03:12:52"
20210502 044453.039 INFO             PET1 ESMF library build location : /gpfsm/dnb04/projects/p98/mpotts/esmf/gfortran_10.1.0_intelmpi_g_develop
20210502 044453.039 INFO             PET1 ESMF_COMM                   : intelmpi
20210502 044453.040 INFO             PET1 ESMF_MOAB                   : enabled
20210502 044453.040 INFO             PET1 ESMF_LAPACK                 : enabled
20210502 044453.040 INFO             PET1 ESMF_NETCDF                 : disabled
20210502 044453.040 INFO             PET1 ESMF_PNETCDF                : disabled
20210502 044453.040 INFO             PET1 ESMF_PIO                    : enabled
20210502 044453.040 INFO             PET1 ESMF_YAMLCPP                : enabled
20210502 044453.040 INFO             PET1  NUMBER_OF_PROCESSORS           4
20210502 044453.041 INFO             PET1  PASS  Example ESMF_VMUserMpiCommMultiEx, ESMF_VMUserMpiCommMultiEx.F90, line 154
20210502 044453.041 INFO             PET1 Finalizing ESMF
