build time -- 2021-06-22 06:24:12
20210622 065309.359 INFO             PET0 !!!!!!!!!!!!!!!!!!!!!!!!!!!!!!!!!!!!!!!!!!!!!!!!!!!!!!
20210622 065309.359 INFO             PET0 !!! THE ESMF_LOG IS SET TO OUTPUT ALL LOG MESSAGES !!!
20210622 065309.359 INFO             PET0 !!!     THIS MAY CAUSE SLOWDOWN IN PERFORMANCE     !!!
20210622 065309.359 INFO             PET0 !!! FOR PRODUCTION RUNS, USE:                      !!!
20210622 065309.359 INFO             PET0 !!!                   ESMF_LOGKIND_Multi_On_Error  !!!
20210622 065309.359 INFO             PET0 !!!!!!!!!!!!!!!!!!!!!!!!!!!!!!!!!!!!!!!!!!!!!!!!!!!!!!
20210622 065309.359 INFO             PET0 Running with ESMF Version   : ESMF_8_2_0_beta_snapshot_11-2-g5bc4e2579b
20210622 065309.359 INFO             PET0 ESMF library build date/time: "Jun 22 2021" "06:22:34"
20210622 065309.359 INFO             PET0 ESMF library build location : /scratch1/NCEPDEV/stmp2/Mark.Potts/intel_18.0.4_mpiuni_g_develop
20210622 065309.359 INFO             PET0 ESMF_COMM                   : mpiuni
20210622 065309.360 INFO             PET0 ESMF_MOAB                   : enabled
20210622 065309.360 INFO             PET0 ESMF_LAPACK                 : enabled
20210622 065309.360 INFO             PET0 ESMF_NETCDF                 : enabled
20210622 065309.360 INFO             PET0 ESMF_PNETCDF                : disabled
20210622 065309.360 INFO             PET0 ESMF_PIO                    : disabled
20210622 065309.360 INFO             PET0 ESMF_YAMLCPP                : enabled
20210622 065309.371 INFO             PET0  NUMBER_OF_PROCESSORS           1
20210622 065309.371 INFO             PET0  PASS  Example ESMF_XGridSparseMatEx, ESMF_XGridSparseMatEx.F90, line 642
20210622 065309.371 INFO             PET0 Finalizing ESMF
