build time -- 2021-05-27 07:21:46
20210527 075342.807 INFO             PET0 !!!!!!!!!!!!!!!!!!!!!!!!!!!!!!!!!!!!!!!!!!!!!!!!!!!!!!
20210527 075342.807 INFO             PET0 !!! THE ESMF_LOG IS SET TO OUTPUT ALL LOG MESSAGES !!!
20210527 075342.807 INFO             PET0 !!!     THIS MAY CAUSE SLOWDOWN IN PERFORMANCE     !!!
20210527 075342.807 INFO             PET0 !!! FOR PRODUCTION RUNS, USE:                      !!!
20210527 075342.807 INFO             PET0 !!!                   ESMF_LOGKIND_Multi_On_Error  !!!
20210527 075342.807 INFO             PET0 !!!!!!!!!!!!!!!!!!!!!!!!!!!!!!!!!!!!!!!!!!!!!!!!!!!!!!
20210527 075342.807 INFO             PET0 Running with ESMF Version   : ESMF_8_2_0_beta_snapshot_10
20210527 075342.808 INFO             PET0 ESMF library build date/time: "May 27 2021" "07:20:10"
20210527 075342.808 INFO             PET0 ESMF library build location : /scratch1/NCEPDEV/stmp2/Mark.Potts/intel_18.0.4_mpiuni_g_develop
20210527 075342.808 INFO             PET0 ESMF_COMM                   : mpiuni
20210527 075342.809 INFO             PET0 ESMF_MOAB                   : enabled
20210527 075342.809 INFO             PET0 ESMF_LAPACK                 : enabled
20210527 075342.809 INFO             PET0 ESMF_NETCDF                 : enabled
20210527 075342.809 INFO             PET0 ESMF_PNETCDF                : disabled
20210527 075342.809 INFO             PET0 ESMF_PIO                    : disabled
20210527 075342.809 INFO             PET0 ESMF_YAMLCPP                : enabled
20210527 075342.809 INFO             PET0  NUMBER_OF_PROCESSORS           1
20210527 075342.810 INFO             PET0  PASS  Example ESMF_VMUserMpiEx, ESMF_VMUserMpiEx.F90, line 96
20210527 075342.810 INFO             PET0 Finalizing ESMF
