build time -- 2021-05-01 06:56:54
20210501 075002.017 INFO             PET0 !!!!!!!!!!!!!!!!!!!!!!!!!!!!!!!!!!!!!!!!!!!!!!!!!!!!!!
20210501 075002.017 INFO             PET0 !!! THE ESMF_LOG IS SET TO OUTPUT ALL LOG MESSAGES !!!
20210501 075002.017 INFO             PET0 !!!     THIS MAY CAUSE SLOWDOWN IN PERFORMANCE     !!!
20210501 075002.017 INFO             PET0 !!! FOR PRODUCTION RUNS, USE:                      !!!
20210501 075002.017 INFO             PET0 !!!                   ESMF_LOGKIND_Multi_On_Error  !!!
20210501 075002.017 INFO             PET0 !!!!!!!!!!!!!!!!!!!!!!!!!!!!!!!!!!!!!!!!!!!!!!!!!!!!!!
20210501 075002.017 INFO             PET0 Running with ESMF Version   : ESMF_8_2_0_beta_snapshot_06-2-g7cd9acbf16
20210501 075002.017 INFO             PET0 ESMF library build date/time: "May  1 2021" "06:55:15"
20210501 075002.017 INFO             PET0 ESMF library build location : /scratch1/NCEPDEV/stmp2/Mark.Potts/intel_18.0.4_mpiuni_g_develop
20210501 075002.017 INFO             PET0 ESMF_COMM                   : mpiuni
20210501 075002.018 INFO             PET0 ESMF_MOAB                   : enabled
20210501 075002.018 INFO             PET0 ESMF_LAPACK                 : enabled
20210501 075002.018 INFO             PET0 ESMF_NETCDF                 : enabled
20210501 075002.018 INFO             PET0 ESMF_PNETCDF                : disabled
20210501 075002.018 INFO             PET0 ESMF_PIO                    : disabled
20210501 075002.018 INFO             PET0 ESMF_YAMLCPP                : enabled
20210501 075002.021 INFO             PET0  NUMBER_OF_PROCESSORS           1
20210501 075002.021 INFO             PET0  PASS  Example ESMF_CplEx, ESMF_CplEx.F90, line 457
20210501 075002.021 INFO             PET0 Finalizing ESMF
