build time -- 2021-05-02 06:19:31
20210502 070846.786 INFO             PET0 !!!!!!!!!!!!!!!!!!!!!!!!!!!!!!!!!!!!!!!!!!!!!!!!!!!!!!
20210502 070846.786 INFO             PET0 !!! THE ESMF_LOG IS SET TO OUTPUT ALL LOG MESSAGES !!!
20210502 070846.786 INFO             PET0 !!!     THIS MAY CAUSE SLOWDOWN IN PERFORMANCE     !!!
20210502 070846.786 INFO             PET0 !!! FOR PRODUCTION RUNS, USE:                      !!!
20210502 070846.786 INFO             PET0 !!!                   ESMF_LOGKIND_Multi_On_Error  !!!
20210502 070846.786 INFO             PET0 !!!!!!!!!!!!!!!!!!!!!!!!!!!!!!!!!!!!!!!!!!!!!!!!!!!!!!
20210502 070846.786 INFO             PET0 Running with ESMF Version   : ESMF_8_2_0_beta_snapshot_06-2-g7cd9acbf16
20210502 070846.786 INFO             PET0 ESMF library build date/time: "May  2 2021" "06:17:53"
20210502 070846.786 INFO             PET0 ESMF library build location : /scratch1/NCEPDEV/stmp2/Mark.Potts/intel_18.0.4_mpiuni_g_develop
20210502 070846.786 INFO             PET0 ESMF_COMM                   : mpiuni
20210502 070846.787 INFO             PET0 ESMF_MOAB                   : enabled
20210502 070846.787 INFO             PET0 ESMF_LAPACK                 : enabled
20210502 070846.787 INFO             PET0 ESMF_NETCDF                 : enabled
20210502 070846.787 INFO             PET0 ESMF_PNETCDF                : disabled
20210502 070846.787 INFO             PET0 ESMF_PIO                    : disabled
20210502 070846.787 INFO             PET0 ESMF_YAMLCPP                : enabled
20210502 070846.790 INFO             PET0  NUMBER_OF_PROCESSORS           1
20210502 070846.790 INFO             PET0  PASS  Example ESMF_StateEx, ESMF_StateEx.F90, line 237
20210502 070846.790 INFO             PET0 Finalizing ESMF
