build time -- 2021-05-24 06:08:20
20210524 064601.941 INFO             PET0 !!!!!!!!!!!!!!!!!!!!!!!!!!!!!!!!!!!!!!!!!!!!!!!!!!!!!!
20210524 064601.942 INFO             PET0 !!! THE ESMF_LOG IS SET TO OUTPUT ALL LOG MESSAGES !!!
20210524 064601.942 INFO             PET0 !!!     THIS MAY CAUSE SLOWDOWN IN PERFORMANCE     !!!
20210524 064601.942 INFO             PET0 !!! FOR PRODUCTION RUNS, USE:                      !!!
20210524 064601.942 INFO             PET0 !!!                   ESMF_LOGKIND_Multi_On_Error  !!!
20210524 064601.942 INFO             PET0 !!!!!!!!!!!!!!!!!!!!!!!!!!!!!!!!!!!!!!!!!!!!!!!!!!!!!!
20210524 064601.942 INFO             PET0 Running with ESMF Version   : ESMF_8_2_0_beta_snapshot_09-2-g9654c13d10
20210524 064601.942 INFO             PET0 ESMF library build date/time: "May 24 2021" "06:06:44"
20210524 064601.942 INFO             PET0 ESMF library build location : /scratch1/NCEPDEV/stmp2/Mark.Potts/intel_18.0.4_mpiuni_g_develop
20210524 064601.942 INFO             PET0 ESMF_COMM                   : mpiuni
20210524 064601.942 INFO             PET0 ESMF_MOAB                   : enabled
20210524 064601.943 INFO             PET0 ESMF_LAPACK                 : enabled
20210524 064601.943 INFO             PET0 ESMF_NETCDF                 : enabled
20210524 064601.943 INFO             PET0 ESMF_PNETCDF                : disabled
20210524 064601.943 INFO             PET0 ESMF_PIO                    : disabled
20210524 064601.943 INFO             PET0 ESMF_YAMLCPP                : enabled
20210524 064601.944 INFO             PET0  NUMBER_OF_PROCESSORS           1
20210524 064601.944 INFO             PET0  PASS  Example ESMF_VMUserMpiCommEx, ESMF_VMUserMpiCommEx.F90, line 113
20210524 064601.944 INFO             PET0 Finalizing ESMF
