build time -- 2021-06-24 16:32:56
20210624 165059.529 INFO             PET0 !!!!!!!!!!!!!!!!!!!!!!!!!!!!!!!!!!!!!!!!!!!!!!!!!!!!!!
20210624 165059.529 INFO             PET0 !!! THE ESMF_LOG IS SET TO OUTPUT ALL LOG MESSAGES !!!
20210624 165059.529 INFO             PET0 !!!     THIS MAY CAUSE SLOWDOWN IN PERFORMANCE     !!!
20210624 165059.529 INFO             PET0 !!! FOR PRODUCTION RUNS, USE:                      !!!
20210624 165059.529 INFO             PET0 !!!                   ESMF_LOGKIND_Multi_On_Error  !!!
20210624 165059.529 INFO             PET0 !!!!!!!!!!!!!!!!!!!!!!!!!!!!!!!!!!!!!!!!!!!!!!!!!!!!!!
20210624 165059.529 INFO             PET0 Running with ESMF Version   : ESMF_8_2_0_beta_snapshot_11-7-gdd4582f54e
20210624 165059.529 INFO             PET0 ESMF library build date/time: "Jun 24 2021" "16:31:53"
20210624 165059.529 INFO             PET0 ESMF library build location : /lfs/h1/emc/ptmp/Mark.Potts/gfortran_10.2.0_mpich3_O_develop
20210624 165059.529 INFO             PET0 ESMF_COMM                   : mpich3
20210624 165059.529 INFO             PET0 ESMF_MOAB                   : enabled
20210624 165059.529 INFO             PET0 ESMF_LAPACK                 : enabled
20210624 165059.529 INFO             PET0 ESMF_NETCDF                 : enabled
20210624 165059.529 INFO             PET0 ESMF_PNETCDF                : disabled
20210624 165059.529 INFO             PET0 ESMF_PIO                    : enabled
20210624 165059.529 INFO             PET0 ESMF_YAMLCPP                : enabled
20210624 165059.533 INFO             PET0  NUMBER_OF_PROCESSORS           4
20210624 165059.533 INFO             PET0  PASS  Example ESMF_FieldBundleRedistEx, ESMF_FieldBundleRedistEx.F90, line 280
20210624 165059.533 INFO             PET0 Finalizing ESMF
20210624 165059.528 INFO             PET1 !!!!!!!!!!!!!!!!!!!!!!!!!!!!!!!!!!!!!!!!!!!!!!!!!!!!!!
20210624 165059.528 INFO             PET1 !!! THE ESMF_LOG IS SET TO OUTPUT ALL LOG MESSAGES !!!
20210624 165059.528 INFO             PET1 !!!     THIS MAY CAUSE SLOWDOWN IN PERFORMANCE     !!!
20210624 165059.528 INFO             PET1 !!! FOR PRODUCTION RUNS, USE:                      !!!
20210624 165059.528 INFO             PET1 !!!                   ESMF_LOGKIND_Multi_On_Error  !!!
20210624 165059.528 INFO             PET1 !!!!!!!!!!!!!!!!!!!!!!!!!!!!!!!!!!!!!!!!!!!!!!!!!!!!!!
20210624 165059.528 INFO             PET1 Running with ESMF Version   : ESMF_8_2_0_beta_snapshot_11-7-gdd4582f54e
20210624 165059.528 INFO             PET1 ESMF library build date/time: "Jun 24 2021" "16:31:53"
20210624 165059.528 INFO             PET1 ESMF library build location : /lfs/h1/emc/ptmp/Mark.Potts/gfortran_10.2.0_mpich3_O_develop
20210624 165059.528 INFO             PET1 ESMF_COMM                   : mpich3
20210624 165059.529 INFO             PET1 ESMF_MOAB                   : enabled
20210624 165059.529 INFO             PET1 ESMF_LAPACK                 : enabled
20210624 165059.529 INFO             PET1 ESMF_NETCDF                 : enabled
20210624 165059.529 INFO             PET1 ESMF_PNETCDF                : disabled
20210624 165059.529 INFO             PET1 ESMF_PIO                    : enabled
20210624 165059.529 INFO             PET1 ESMF_YAMLCPP                : enabled
20210624 165059.533 INFO             PET1  NUMBER_OF_PROCESSORS           4
20210624 165059.533 INFO             PET1  PASS  Example ESMF_FieldBundleRedistEx, ESMF_FieldBundleRedistEx.F90, line 280
20210624 165059.533 INFO             PET1 Finalizing ESMF
20210624 165059.528 INFO             PET2 !!!!!!!!!!!!!!!!!!!!!!!!!!!!!!!!!!!!!!!!!!!!!!!!!!!!!!
20210624 165059.528 INFO             PET2 !!! THE ESMF_LOG IS SET TO OUTPUT ALL LOG MESSAGES !!!
20210624 165059.528 INFO             PET2 !!!     THIS MAY CAUSE SLOWDOWN IN PERFORMANCE     !!!
20210624 165059.528 INFO             PET2 !!! FOR PRODUCTION RUNS, USE:                      !!!
20210624 165059.528 INFO             PET2 !!!                   ESMF_LOGKIND_Multi_On_Error  !!!
20210624 165059.528 INFO             PET2 !!!!!!!!!!!!!!!!!!!!!!!!!!!!!!!!!!!!!!!!!!!!!!!!!!!!!!
20210624 165059.528 INFO             PET2 Running with ESMF Version   : ESMF_8_2_0_beta_snapshot_11-7-gdd4582f54e
20210624 165059.528 INFO             PET2 ESMF library build date/time: "Jun 24 2021" "16:31:53"
20210624 165059.528 INFO             PET2 ESMF library build location : /lfs/h1/emc/ptmp/Mark.Potts/gfortran_10.2.0_mpich3_O_develop
20210624 165059.528 INFO             PET2 ESMF_COMM                   : mpich3
20210624 165059.529 INFO             PET2 ESMF_MOAB                   : enabled
20210624 165059.529 INFO             PET2 ESMF_LAPACK                 : enabled
20210624 165059.529 INFO             PET2 ESMF_NETCDF                 : enabled
20210624 165059.529 INFO             PET2 ESMF_PNETCDF                : disabled
20210624 165059.529 INFO             PET2 ESMF_PIO                    : enabled
20210624 165059.529 INFO             PET2 ESMF_YAMLCPP                : enabled
20210624 165059.533 INFO             PET2  NUMBER_OF_PROCESSORS           4
20210624 165059.533 INFO             PET2  PASS  Example ESMF_FieldBundleRedistEx, ESMF_FieldBundleRedistEx.F90, line 280
20210624 165059.533 INFO             PET2 Finalizing ESMF
20210624 165059.529 INFO             PET3 !!!!!!!!!!!!!!!!!!!!!!!!!!!!!!!!!!!!!!!!!!!!!!!!!!!!!!
20210624 165059.529 INFO             PET3 !!! THE ESMF_LOG IS SET TO OUTPUT ALL LOG MESSAGES !!!
20210624 165059.529 INFO             PET3 !!!     THIS MAY CAUSE SLOWDOWN IN PERFORMANCE     !!!
20210624 165059.529 INFO             PET3 !!! FOR PRODUCTION RUNS, USE:                      !!!
20210624 165059.529 INFO             PET3 !!!                   ESMF_LOGKIND_Multi_On_Error  !!!
20210624 165059.529 INFO             PET3 !!!!!!!!!!!!!!!!!!!!!!!!!!!!!!!!!!!!!!!!!!!!!!!!!!!!!!
20210624 165059.529 INFO             PET3 Running with ESMF Version   : ESMF_8_2_0_beta_snapshot_11-7-gdd4582f54e
20210624 165059.529 INFO             PET3 ESMF library build date/time: "Jun 24 2021" "16:31:53"
20210624 165059.529 INFO             PET3 ESMF library build location : /lfs/h1/emc/ptmp/Mark.Potts/gfortran_10.2.0_mpich3_O_develop
20210624 165059.529 INFO             PET3 ESMF_COMM                   : mpich3
20210624 165059.529 INFO             PET3 ESMF_MOAB                   : enabled
20210624 165059.529 INFO             PET3 ESMF_LAPACK                 : enabled
20210624 165059.529 INFO             PET3 ESMF_NETCDF                 : enabled
20210624 165059.529 INFO             PET3 ESMF_PNETCDF                : disabled
20210624 165059.529 INFO             PET3 ESMF_PIO                    : enabled
20210624 165059.529 INFO             PET3 ESMF_YAMLCPP                : enabled
20210624 165059.533 INFO             PET3  NUMBER_OF_PROCESSORS           4
20210624 165059.533 INFO             PET3  PASS  Example ESMF_FieldBundleRedistEx, ESMF_FieldBundleRedistEx.F90, line 280
20210624 165059.533 INFO             PET3 Finalizing ESMF
