build time -- 2021-05-15 16:32:49
20210515 164951.929 INFO             PET0 !!!!!!!!!!!!!!!!!!!!!!!!!!!!!!!!!!!!!!!!!!!!!!!!!!!!!!
20210515 164951.929 INFO             PET0 !!! THE ESMF_LOG IS SET TO OUTPUT ALL LOG MESSAGES !!!
20210515 164951.929 INFO             PET0 !!!     THIS MAY CAUSE SLOWDOWN IN PERFORMANCE     !!!
20210515 164951.929 INFO             PET0 !!! FOR PRODUCTION RUNS, USE:                      !!!
20210515 164951.929 INFO             PET0 !!!                   ESMF_LOGKIND_Multi_On_Error  !!!
20210515 164951.929 INFO             PET0 !!!!!!!!!!!!!!!!!!!!!!!!!!!!!!!!!!!!!!!!!!!!!!!!!!!!!!
20210515 164951.929 INFO             PET0 Running with ESMF Version   : 8.2.0 beta snapshot
20210515 164951.929 INFO             PET0 ESMF library build date/time: "May 15 2021" "16:31:53"
20210515 164951.929 INFO             PET0 ESMF library build location : /lfs/h1/emc/ptmp/Mark.Potts/gfortran_10.2.0_mpich3_O_develop
20210515 164951.929 INFO             PET0 ESMF_COMM                   : mpich3
20210515 164951.930 INFO             PET0 ESMF_MOAB                   : enabled
20210515 164951.930 INFO             PET0 ESMF_LAPACK                 : enabled
20210515 164951.930 INFO             PET0 ESMF_NETCDF                 : enabled
20210515 164951.930 INFO             PET0 ESMF_PNETCDF                : disabled
20210515 164951.930 INFO             PET0 ESMF_PIO                    : enabled
20210515 164951.930 INFO             PET0 ESMF_YAMLCPP                : enabled
20210515 164951.952 WARNING          PET0 ESMF_IOScrip.F90:4704 ESMF_EsmfGetElement Variable centerCoords in data/ne4np4-esmf.nc does not exist
20210515 164951.984 INFO             PET0  NUMBER_OF_PROCESSORS           4
20210515 164951.984 INFO             PET0  PASS  Example ESMF_MeshEx, ESMF_MeshEx.F90, line 1795
20210515 164951.984 INFO             PET0 Finalizing ESMF
20210515 164951.930 INFO             PET1 !!!!!!!!!!!!!!!!!!!!!!!!!!!!!!!!!!!!!!!!!!!!!!!!!!!!!!
20210515 164951.930 INFO             PET1 !!! THE ESMF_LOG IS SET TO OUTPUT ALL LOG MESSAGES !!!
20210515 164951.930 INFO             PET1 !!!     THIS MAY CAUSE SLOWDOWN IN PERFORMANCE     !!!
20210515 164951.930 INFO             PET1 !!! FOR PRODUCTION RUNS, USE:                      !!!
20210515 164951.930 INFO             PET1 !!!                   ESMF_LOGKIND_Multi_On_Error  !!!
20210515 164951.930 INFO             PET1 !!!!!!!!!!!!!!!!!!!!!!!!!!!!!!!!!!!!!!!!!!!!!!!!!!!!!!
20210515 164951.930 INFO             PET1 Running with ESMF Version   : 8.2.0 beta snapshot
20210515 164951.930 INFO             PET1 ESMF library build date/time: "May 15 2021" "16:31:53"
20210515 164951.930 INFO             PET1 ESMF library build location : /lfs/h1/emc/ptmp/Mark.Potts/gfortran_10.2.0_mpich3_O_develop
20210515 164951.930 INFO             PET1 ESMF_COMM                   : mpich3
20210515 164951.930 INFO             PET1 ESMF_MOAB                   : enabled
20210515 164951.930 INFO             PET1 ESMF_LAPACK                 : enabled
20210515 164951.930 INFO             PET1 ESMF_NETCDF                 : enabled
20210515 164951.930 INFO             PET1 ESMF_PNETCDF                : disabled
20210515 164951.930 INFO             PET1 ESMF_PIO                    : enabled
20210515 164951.930 INFO             PET1 ESMF_YAMLCPP                : enabled
20210515 164951.953 WARNING          PET1 ESMF_IOScrip.F90:4704 ESMF_EsmfGetElement Variable centerCoords in data/ne4np4-esmf.nc does not exist
20210515 164951.984 INFO             PET1  NUMBER_OF_PROCESSORS           4
20210515 164951.984 INFO             PET1  PASS  Example ESMF_MeshEx, ESMF_MeshEx.F90, line 1795
20210515 164951.984 INFO             PET1 Finalizing ESMF
20210515 164951.930 INFO             PET2 !!!!!!!!!!!!!!!!!!!!!!!!!!!!!!!!!!!!!!!!!!!!!!!!!!!!!!
20210515 164951.930 INFO             PET2 !!! THE ESMF_LOG IS SET TO OUTPUT ALL LOG MESSAGES !!!
20210515 164951.930 INFO             PET2 !!!     THIS MAY CAUSE SLOWDOWN IN PERFORMANCE     !!!
20210515 164951.930 INFO             PET2 !!! FOR PRODUCTION RUNS, USE:                      !!!
20210515 164951.930 INFO             PET2 !!!                   ESMF_LOGKIND_Multi_On_Error  !!!
20210515 164951.930 INFO             PET2 !!!!!!!!!!!!!!!!!!!!!!!!!!!!!!!!!!!!!!!!!!!!!!!!!!!!!!
20210515 164951.930 INFO             PET2 Running with ESMF Version   : 8.2.0 beta snapshot
20210515 164951.930 INFO             PET2 ESMF library build date/time: "May 15 2021" "16:31:53"
20210515 164951.930 INFO             PET2 ESMF library build location : /lfs/h1/emc/ptmp/Mark.Potts/gfortran_10.2.0_mpich3_O_develop
20210515 164951.930 INFO             PET2 ESMF_COMM                   : mpich3
20210515 164951.931 INFO             PET2 ESMF_MOAB                   : enabled
20210515 164951.931 INFO             PET2 ESMF_LAPACK                 : enabled
20210515 164951.931 INFO             PET2 ESMF_NETCDF                 : enabled
20210515 164951.931 INFO             PET2 ESMF_PNETCDF                : disabled
20210515 164951.931 INFO             PET2 ESMF_PIO                    : enabled
20210515 164951.931 INFO             PET2 ESMF_YAMLCPP                : enabled
20210515 164951.952 WARNING          PET2 ESMF_IOScrip.F90:4704 ESMF_EsmfGetElement Variable centerCoords in data/ne4np4-esmf.nc does not exist
20210515 164951.984 INFO             PET2  NUMBER_OF_PROCESSORS           4
20210515 164951.984 INFO             PET2  PASS  Example ESMF_MeshEx, ESMF_MeshEx.F90, line 1795
20210515 164951.984 INFO             PET2 Finalizing ESMF
20210515 164951.930 INFO             PET3 !!!!!!!!!!!!!!!!!!!!!!!!!!!!!!!!!!!!!!!!!!!!!!!!!!!!!!
20210515 164951.930 INFO             PET3 !!! THE ESMF_LOG IS SET TO OUTPUT ALL LOG MESSAGES !!!
20210515 164951.930 INFO             PET3 !!!     THIS MAY CAUSE SLOWDOWN IN PERFORMANCE     !!!
20210515 164951.930 INFO             PET3 !!! FOR PRODUCTION RUNS, USE:                      !!!
20210515 164951.930 INFO             PET3 !!!                   ESMF_LOGKIND_Multi_On_Error  !!!
20210515 164951.930 INFO             PET3 !!!!!!!!!!!!!!!!!!!!!!!!!!!!!!!!!!!!!!!!!!!!!!!!!!!!!!
20210515 164951.930 INFO             PET3 Running with ESMF Version   : 8.2.0 beta snapshot
20210515 164951.930 INFO             PET3 ESMF library build date/time: "May 15 2021" "16:31:53"
20210515 164951.930 INFO             PET3 ESMF library build location : /lfs/h1/emc/ptmp/Mark.Potts/gfortran_10.2.0_mpich3_O_develop
20210515 164951.930 INFO             PET3 ESMF_COMM                   : mpich3
20210515 164951.931 INFO             PET3 ESMF_MOAB                   : enabled
20210515 164951.931 INFO             PET3 ESMF_LAPACK                 : enabled
20210515 164951.931 INFO             PET3 ESMF_NETCDF                 : enabled
20210515 164951.931 INFO             PET3 ESMF_PNETCDF                : disabled
20210515 164951.931 INFO             PET3 ESMF_PIO                    : enabled
20210515 164951.931 INFO             PET3 ESMF_YAMLCPP                : enabled
20210515 164951.952 WARNING          PET3 ESMF_IOScrip.F90:4704 ESMF_EsmfGetElement Variable centerCoords in data/ne4np4-esmf.nc does not exist
20210515 164951.984 INFO             PET3  NUMBER_OF_PROCESSORS           4
20210515 164951.984 INFO             PET3  PASS  Example ESMF_MeshEx, ESMF_MeshEx.F90, line 1795
20210515 164951.984 INFO             PET3 Finalizing ESMF
