build time -- 2021-07-14 16:32:35
20210714 165030.530 INFO             PET0 !!!!!!!!!!!!!!!!!!!!!!!!!!!!!!!!!!!!!!!!!!!!!!!!!!!!!!
20210714 165030.530 INFO             PET0 !!! THE ESMF_LOG IS SET TO OUTPUT ALL LOG MESSAGES !!!
20210714 165030.530 INFO             PET0 !!!     THIS MAY CAUSE SLOWDOWN IN PERFORMANCE     !!!
20210714 165030.530 INFO             PET0 !!! FOR PRODUCTION RUNS, USE:                      !!!
20210714 165030.530 INFO             PET0 !!!                   ESMF_LOGKIND_Multi_On_Error  !!!
20210714 165030.530 INFO             PET0 !!!!!!!!!!!!!!!!!!!!!!!!!!!!!!!!!!!!!!!!!!!!!!!!!!!!!!
20210714 165030.530 INFO             PET0 Running with ESMF Version   : ESMF_8_2_0_beta_snapshot_13
20210714 165030.530 INFO             PET0 ESMF library build date/time: "Jul 14 2021" "16:31:36"
20210714 165030.530 INFO             PET0 ESMF library build location : /lfs/h1/emc/ptmp/Mark.Potts/gfortran_10.2.0_mpich3_O_develop
20210714 165030.530 INFO             PET0 ESMF_COMM                   : mpich3
20210714 165030.531 INFO             PET0 ESMF_MOAB                   : enabled
20210714 165030.531 INFO             PET0 ESMF_LAPACK                 : enabled
20210714 165030.531 INFO             PET0 ESMF_NETCDF                 : enabled
20210714 165030.531 INFO             PET0 ESMF_PNETCDF                : disabled
20210714 165030.531 INFO             PET0 ESMF_PIO                    : enabled
20210714 165030.531 INFO             PET0 ESMF_YAMLCPP                : enabled
20210714 165030.565 DEBUG            PET0 about to destroy Grid: 0x1f45340
20210714 165030.569 DEBUG            PET0 about to destroy Grid: 0x1f49760
20210714 165030.577 INFO             PET0  NUMBER_OF_PROCESSORS           4
20210714 165030.577 INFO             PET0  PASS  Example ESMF_NUOPCAtmModelEx, ESMF_NUOPCAtmModelEx.F90, line 806
20210714 165030.577 INFO             PET0 Finalizing ESMF
20210714 165030.529 INFO             PET1 !!!!!!!!!!!!!!!!!!!!!!!!!!!!!!!!!!!!!!!!!!!!!!!!!!!!!!
20210714 165030.529 INFO             PET1 !!! THE ESMF_LOG IS SET TO OUTPUT ALL LOG MESSAGES !!!
20210714 165030.529 INFO             PET1 !!!     THIS MAY CAUSE SLOWDOWN IN PERFORMANCE     !!!
20210714 165030.529 INFO             PET1 !!! FOR PRODUCTION RUNS, USE:                      !!!
20210714 165030.529 INFO             PET1 !!!                   ESMF_LOGKIND_Multi_On_Error  !!!
20210714 165030.529 INFO             PET1 !!!!!!!!!!!!!!!!!!!!!!!!!!!!!!!!!!!!!!!!!!!!!!!!!!!!!!
20210714 165030.529 INFO             PET1 Running with ESMF Version   : ESMF_8_2_0_beta_snapshot_13
20210714 165030.530 INFO             PET1 ESMF library build date/time: "Jul 14 2021" "16:31:36"
20210714 165030.530 INFO             PET1 ESMF library build location : /lfs/h1/emc/ptmp/Mark.Potts/gfortran_10.2.0_mpich3_O_develop
20210714 165030.530 INFO             PET1 ESMF_COMM                   : mpich3
20210714 165030.530 INFO             PET1 ESMF_MOAB                   : enabled
20210714 165030.530 INFO             PET1 ESMF_LAPACK                 : enabled
20210714 165030.530 INFO             PET1 ESMF_NETCDF                 : enabled
20210714 165030.530 INFO             PET1 ESMF_PNETCDF                : disabled
20210714 165030.530 INFO             PET1 ESMF_PIO                    : enabled
20210714 165030.530 INFO             PET1 ESMF_YAMLCPP                : enabled
20210714 165030.565 DEBUG            PET1 about to destroy Grid: 0x1bf4720
20210714 165030.569 DEBUG            PET1 about to destroy Grid: 0x1bf62b0
20210714 165030.577 INFO             PET1  NUMBER_OF_PROCESSORS           4
20210714 165030.577 INFO             PET1  PASS  Example ESMF_NUOPCAtmModelEx, ESMF_NUOPCAtmModelEx.F90, line 806
20210714 165030.577 INFO             PET1 Finalizing ESMF
20210714 165030.530 INFO             PET2 !!!!!!!!!!!!!!!!!!!!!!!!!!!!!!!!!!!!!!!!!!!!!!!!!!!!!!
20210714 165030.530 INFO             PET2 !!! THE ESMF_LOG IS SET TO OUTPUT ALL LOG MESSAGES !!!
20210714 165030.530 INFO             PET2 !!!     THIS MAY CAUSE SLOWDOWN IN PERFORMANCE     !!!
20210714 165030.530 INFO             PET2 !!! FOR PRODUCTION RUNS, USE:                      !!!
20210714 165030.530 INFO             PET2 !!!                   ESMF_LOGKIND_Multi_On_Error  !!!
20210714 165030.530 INFO             PET2 !!!!!!!!!!!!!!!!!!!!!!!!!!!!!!!!!!!!!!!!!!!!!!!!!!!!!!
20210714 165030.530 INFO             PET2 Running with ESMF Version   : ESMF_8_2_0_beta_snapshot_13
20210714 165030.530 INFO             PET2 ESMF library build date/time: "Jul 14 2021" "16:31:36"
20210714 165030.530 INFO             PET2 ESMF library build location : /lfs/h1/emc/ptmp/Mark.Potts/gfortran_10.2.0_mpich3_O_develop
20210714 165030.530 INFO             PET2 ESMF_COMM                   : mpich3
20210714 165030.530 INFO             PET2 ESMF_MOAB                   : enabled
20210714 165030.530 INFO             PET2 ESMF_LAPACK                 : enabled
20210714 165030.530 INFO             PET2 ESMF_NETCDF                 : enabled
20210714 165030.530 INFO             PET2 ESMF_PNETCDF                : disabled
20210714 165030.530 INFO             PET2 ESMF_PIO                    : enabled
20210714 165030.530 INFO             PET2 ESMF_YAMLCPP                : enabled
20210714 165030.565 DEBUG            PET2 about to destroy Grid: 0x1111550
20210714 165030.569 DEBUG            PET2 about to destroy Grid: 0x1113540
20210714 165030.577 INFO             PET2  NUMBER_OF_PROCESSORS           4
20210714 165030.577 INFO             PET2  PASS  Example ESMF_NUOPCAtmModelEx, ESMF_NUOPCAtmModelEx.F90, line 806
20210714 165030.577 INFO             PET2 Finalizing ESMF
20210714 165030.530 INFO             PET3 !!!!!!!!!!!!!!!!!!!!!!!!!!!!!!!!!!!!!!!!!!!!!!!!!!!!!!
20210714 165030.530 INFO             PET3 !!! THE ESMF_LOG IS SET TO OUTPUT ALL LOG MESSAGES !!!
20210714 165030.530 INFO             PET3 !!!     THIS MAY CAUSE SLOWDOWN IN PERFORMANCE     !!!
20210714 165030.530 INFO             PET3 !!! FOR PRODUCTION RUNS, USE:                      !!!
20210714 165030.530 INFO             PET3 !!!                   ESMF_LOGKIND_Multi_On_Error  !!!
20210714 165030.530 INFO             PET3 !!!!!!!!!!!!!!!!!!!!!!!!!!!!!!!!!!!!!!!!!!!!!!!!!!!!!!
20210714 165030.530 INFO             PET3 Running with ESMF Version   : ESMF_8_2_0_beta_snapshot_13
20210714 165030.530 INFO             PET3 ESMF library build date/time: "Jul 14 2021" "16:31:36"
20210714 165030.530 INFO             PET3 ESMF library build location : /lfs/h1/emc/ptmp/Mark.Potts/gfortran_10.2.0_mpich3_O_develop
20210714 165030.530 INFO             PET3 ESMF_COMM                   : mpich3
20210714 165030.530 INFO             PET3 ESMF_MOAB                   : enabled
20210714 165030.530 INFO             PET3 ESMF_LAPACK                 : enabled
20210714 165030.530 INFO             PET3 ESMF_NETCDF                 : enabled
20210714 165030.530 INFO             PET3 ESMF_PNETCDF                : disabled
20210714 165030.530 INFO             PET3 ESMF_PIO                    : enabled
20210714 165030.530 INFO             PET3 ESMF_YAMLCPP                : enabled
20210714 165030.565 DEBUG            PET3 about to destroy Grid: 0xc58640
20210714 165030.569 DEBUG            PET3 about to destroy Grid: 0xc5a630
20210714 165030.577 INFO             PET3  NUMBER_OF_PROCESSORS           4
20210714 165030.577 INFO             PET3  PASS  Example ESMF_NUOPCAtmModelEx, ESMF_NUOPCAtmModelEx.F90, line 806
20210714 165030.577 INFO             PET3 Finalizing ESMF
