build time -- 2021-07-24 16:32:33
20210724 164836.565 INFO             PET0 !!!!!!!!!!!!!!!!!!!!!!!!!!!!!!!!!!!!!!!!!!!!!!!!!!!!!!
20210724 164836.565 INFO             PET0 !!! THE ESMF_LOG IS SET TO OUTPUT ALL LOG MESSAGES !!!
20210724 164836.565 INFO             PET0 !!!     THIS MAY CAUSE SLOWDOWN IN PERFORMANCE     !!!
20210724 164836.565 INFO             PET0 !!! FOR PRODUCTION RUNS, USE:                      !!!
20210724 164836.565 INFO             PET0 !!!                   ESMF_LOGKIND_Multi_On_Error  !!!
20210724 164836.565 INFO             PET0 !!!!!!!!!!!!!!!!!!!!!!!!!!!!!!!!!!!!!!!!!!!!!!!!!!!!!!
20210724 164836.565 INFO             PET0 Running with ESMF Version   : ESMF_8_2_0_beta_snapshot_14
20210724 164836.565 INFO             PET0 ESMF library build date/time: "Jul 24 2021" "16:31:33"
20210724 164836.565 INFO             PET0 ESMF library build location : /lfs/h1/emc/ptmp/Mark.Potts/gfortran_10.2.0_mpich3_O_develop
20210724 164836.565 INFO             PET0 ESMF_COMM                   : mpich3
20210724 164836.566 INFO             PET0 ESMF_MOAB                   : enabled
20210724 164836.566 INFO             PET0 ESMF_LAPACK                 : enabled
20210724 164836.566 INFO             PET0 ESMF_NETCDF                 : enabled
20210724 164836.566 INFO             PET0 ESMF_PNETCDF                : disabled
20210724 164836.566 INFO             PET0 ESMF_PIO                    : enabled
20210724 164836.566 INFO             PET0 ESMF_YAMLCPP                : enabled
20210724 164836.566 INFO             PET0  NUMBER_OF_PROCESSORS           1
20210724 164836.566 INFO             PET0  PASS  Example ESMF_TimeEx, ESMF_TimeEx.F90, line 141
20210724 164836.566 INFO             PET0 Finalizing ESMF
