build time -- 2021-07-03 16:32:48
20210703 165015.439 INFO             PET0 !!!!!!!!!!!!!!!!!!!!!!!!!!!!!!!!!!!!!!!!!!!!!!!!!!!!!!
20210703 165015.439 INFO             PET0 !!! THE ESMF_LOG IS SET TO OUTPUT ALL LOG MESSAGES !!!
20210703 165015.439 INFO             PET0 !!!     THIS MAY CAUSE SLOWDOWN IN PERFORMANCE     !!!
20210703 165015.439 INFO             PET0 !!! FOR PRODUCTION RUNS, USE:                      !!!
20210703 165015.439 INFO             PET0 !!!                   ESMF_LOGKIND_Multi_On_Error  !!!
20210703 165015.439 INFO             PET0 !!!!!!!!!!!!!!!!!!!!!!!!!!!!!!!!!!!!!!!!!!!!!!!!!!!!!!
20210703 165015.439 INFO             PET0 Running with ESMF Version   : ESMF_8_2_0_beta_snapshot_12-2-g7397acc804
20210703 165015.439 INFO             PET0 ESMF library build date/time: "Jul  3 2021" "16:31:47"
20210703 165015.439 INFO             PET0 ESMF library build location : /lfs/h1/emc/ptmp/Mark.Potts/gfortran_10.2.0_mpich3_O_develop
20210703 165015.439 INFO             PET0 ESMF_COMM                   : mpich3
20210703 165015.440 INFO             PET0 ESMF_MOAB                   : enabled
20210703 165015.440 INFO             PET0 ESMF_LAPACK                 : enabled
20210703 165015.440 INFO             PET0 ESMF_NETCDF                 : enabled
20210703 165015.440 INFO             PET0 ESMF_PNETCDF                : disabled
20210703 165015.440 INFO             PET0 ESMF_PIO                    : enabled
20210703 165015.440 INFO             PET0 ESMF_YAMLCPP                : enabled
20210703 165015.440 INFO             PET0  NUMBER_OF_PROCESSORS           1
20210703 165015.440 INFO             PET0  PASS  Example ESMF_ClockEx, ESMF_ClockEx.F90, line 220
20210703 165015.440 INFO             PET0 Finalizing ESMF
20210703 165015.439 INFO             PET0 !!!!!!!!!!!!!!!!!!!!!!!!!!!!!!!!!!!!!!!!!!!!!!!!!!!!!!
20210703 165015.439 INFO             PET0 !!! THE ESMF_LOG IS SET TO OUTPUT ALL LOG MESSAGES !!!
20210703 165015.439 INFO             PET0 !!!     THIS MAY CAUSE SLOWDOWN IN PERFORMANCE     !!!
20210703 165015.439 INFO             PET0 !!! FOR PRODUCTION RUNS, USE:                      !!!
20210703 165015.439 INFO             PET0 !!!                   ESMF_LOGKIND_Multi_On_Error  !!!
20210703 165015.439 INFO             PET0 !!!!!!!!!!!!!!!!!!!!!!!!!!!!!!!!!!!!!!!!!!!!!!!!!!!!!!
20210703 165015.439 INFO             PET0 Running with ESMF Version   : ESMF_8_2_0_beta_snapshot_12-2-g7397acc804
20210703 165015.439 INFO             PET0 ESMF library build date/time: "Jul  3 2021" "16:31:47"
20210703 165015.439 INFO             PET0 ESMF library build location : /lfs/h1/emc/ptmp/Mark.Potts/gfortran_10.2.0_mpich3_O_develop
20210703 165015.439 INFO             PET0 ESMF_COMM                   : mpich3
20210703 165015.440 INFO             PET0 ESMF_MOAB                   : enabled
20210703 165015.440 INFO             PET0 ESMF_LAPACK                 : enabled
20210703 165015.440 INFO             PET0 ESMF_NETCDF                 : enabled
20210703 165015.440 INFO             PET0 ESMF_PNETCDF                : disabled
20210703 165015.440 INFO             PET0 ESMF_PIO                    : enabled
20210703 165015.440 INFO             PET0 ESMF_YAMLCPP                : enabled
20210703 165015.440 INFO             PET0  NUMBER_OF_PROCESSORS           1
20210703 165015.440 INFO             PET0  PASS  Example ESMF_ClockEx, ESMF_ClockEx.F90, line 220
20210703 165015.440 INFO             PET0 Finalizing ESMF
