build time -- 2021-06-20 02:32:13
 {
    "myIntegerKey": 54,
    "myListOfReals": [
        33.29999923706055,
        44.400001525878906,
        1234.0,
        99.0
    ]
}
 {
    "myIntegerKey": 54,
    "myListOfReals": [
        33.29999923706055,
        44.400001525878906,
        1234.0,
        99.0
    ]
}
 the Info dump: {"myIntegerKey":54,"myListOfReals":[33.29999923706055,44.400001525878906,1234.0,99.0]}
 {
    "myIntegerKey": 54,
    "myListOfReals": [
        33.29999923706055,
        44.400001525878906,
        1234.0,
        99.0
    ]
}
 the Info dump: {"myIntegerKey":54,"myListOfReals":[33.29999923706055,44.400001525878906,1234.0,99.0]}
 {
    "myIntegerKey": 54,
    "myListOfReals": [
        33.29999923706055,
        44.400001525878906,
        1234.0,
        99.0
    ]
}
 the Info dump: {"myIntegerKey":54,"myListOfReals":[33.29999923706055,44.400001525878906,1234.0,99.0]}
 the Info dump: {"myIntegerKey":54,"myListOfReals":[33.29999923706055,44.400001525878906,1234.0,99.0]}
 ESMF_Info inquire loop: 
        idx=            1
       ikey= Universe
   typekind=           99
 ESMF_Info inquire loop: 
        idx=            2
       ikey= aNullKey
   typekind=           99
 ESMF_Info inquire loop: 
        idx=            3
       ikey= myIntegerKey
   typekind=            3
 ESMF_Info inquire loop: 
        idx=            4
       ikey= myListOfReals
   typekind=            5
  PASS  Example ESMF_InfoTutorialEx, ESMF_InfoTutorialEx.F90, line 335
  PASS  Example ESMF_InfoTutorialEx, ESMF_InfoTutorialEx.F90, line 335
  PASS  Example ESMF_InfoTutorialEx, ESMF_InfoTutorialEx.F90, line 335
  PASS  Example ESMF_InfoTutorialEx, ESMF_InfoTutorialEx.F90, line 335
[Orion-06-04:411408:0:411408] Caught signal 11 (Segmentation fault: address not mapped to object at address 0x30)
--------------------------------------------------------------------------
A system call failed during shared memory initialization that should
not have.  It is likely that your MPI job will now either abort or
experience performance degradation.

  Local host:  Orion-06-04.HPC.MsState.Edu
  System call: unlink(2) /dev/shm/vader_segment.Orion-06-04.60490001.3
  Error:       No such file or directory (errno 2)
--------------------------------------------------------------------------
--------------------------------------------------------------------------
A system call failed during shared memory initialization that should
not have.  It is likely that your MPI job will now either abort or
experience performance degradation.

  Local host:  Orion-06-04.HPC.MsState.Edu
  System call: unlink(2) /dev/shm/vader_segment.Orion-06-04.60490001.0
  Error:       No such file or directory (errno 2)
--------------------------------------------------------------------------
--------------------------------------------------------------------------
A system call failed during shared memory initialization that should
not have.  It is likely that your MPI job will now either abort or
experience performance degradation.

  Local host:  Orion-06-04.HPC.MsState.Edu
  System call: unlink(2) /dev/shm/vader_segment.Orion-06-04.60490001.2
  Error:       No such file or directory (errno 2)
--------------------------------------------------------------------------
[Orion-06-04:411410:0:411410] Caught signal 11 (Segmentation fault: address not mapped to object at address 0x30)
[Orion-06-04:411409:0:411409] Caught signal 11 (Segmentation fault: address not mapped to object at address 0x30)
[Orion-06-04:411407:0:411407] Caught signal 11 (Segmentation fault: address not mapped to object at address 0x30)
--------------------------------------------------------------------------
Primary job  terminated normally, but 1 process returned
a non-zero exit code. Per user-direction, the job has been aborted.
--------------------------------------------------------------------------
--------------------------------------------------------------------------
mpirun noticed that process rank 1 with PID 411408 on node Orion-06-04 exited on signal 11 (Segmentation fault).
--------------------------------------------------------------------------
3 total processes killed (some possibly by mpirun during cleanup)
