build time -- 2021-06-21 02:42:09
 contents before scatter/gather:
           2  array1:          201
           2  array1:          202
           2  array1:          203
           2  array1:          204
           2  array1:          205
           2  array1:          206
           2  array1:          207
           2  array1:          208
 contents before scatter/gather:
           3  array1:          301
           3  array1:          302
           3  array1:          303
           3  array1:          304
           3  array1:          305
           3  array1:          306
           3  array1:          307
           3  array1:          308
 contents before scatter/gather:
           0  array1:            1
           0  array1:            2
           0  array1:            3
           0  array1:            4
           0  array1:            5
           0  array1:            6
           0  array1:            7
           0  array1:            8
 contents before scatter/gather:
           1  array1:          101
           1  array1:          102
           1  array1:          103
           1  array1:          104
           1  array1:          105
           1  array1:          106
           1  array1:          107
           1  array1:          108
 scatter result:
           2  array2:            5
           2  array2:            6
 gather result:
           2  array1:          201
           2  array1:          202
           2  array1:          203
           2  array1:          204
           2  array1:          205
           2  array1:          206
           2  array1:          207
           2  array1:          208
  PASS  Example ESMF_VMScatterVMGatherEx, ESMF_VMScatterVMGatherEx.F90, line 120
 scatter result:
           1  array2:            3
           1  array2:            4
 gather result:
           1  array1:          101
           1  array1:          102
           1  array1:          103
           1  array1:          104
           1  array1:          105
           1  array1:          106
           1  array1:          107
           1  array1:          108
  PASS  Example ESMF_VMScatterVMGatherEx, ESMF_VMScatterVMGatherEx.F90, line 120
 scatter result:
           3  array2:            7
           3  array2:            8
 gather result:
           3  array1:            1
           3  array1:            2
           3  array1:            3
           3  array1:            4
           3  array1:            5
           3  array1:            6
           3  array1:            7
           3  array1:            8
  PASS  Example ESMF_VMScatterVMGatherEx, ESMF_VMScatterVMGatherEx.F90, line 120
 scatter result:
           0  array2:            1
           0  array2:            2
 gather result:
           0  array1:            1
           0  array1:            2
           0  array1:            3
           0  array1:            4
           0  array1:            5
           0  array1:            6
           0  array1:            7
           0  array1:            8
  PASS  Example ESMF_VMScatterVMGatherEx, ESMF_VMScatterVMGatherEx.F90, line 120
[Orion-06-02:257202:0:257202] Caught signal 11 (Segmentation fault: address not mapped to object at address 0x30)
--------------------------------------------------------------------------
A system call failed during shared memory initialization that should
not have.  It is likely that your MPI job will now either abort or
experience performance degradation.

  Local host:  Orion-06-02.HPC.MsState.Edu
  System call: unlink(2) /dev/shm/vader_segment.Orion-06-02.6e600001.0
  Error:       No such file or directory (errno 2)
--------------------------------------------------------------------------
--------------------------------------------------------------------------
A system call failed during shared memory initialization that should
not have.  It is likely that your MPI job will now either abort or
experience performance degradation.

  Local host:  Orion-06-02.HPC.MsState.Edu
  System call: unlink(2) /dev/shm/vader_segment.Orion-06-02.6e600001.2
  Error:       No such file or directory (errno 2)
--------------------------------------------------------------------------
[Orion-06-02:257199:0:257199] Caught signal 11 (Segmentation fault: address not mapped to object at address 0x30)
[Orion-06-02:257201:0:257201] Caught signal 11 (Segmentation fault: address not mapped to object at address 0x30)
--------------------------------------------------------------------------
A system call failed during shared memory initialization that should
not have.  It is likely that your MPI job will now either abort or
experience performance degradation.

  Local host:  Orion-06-02.HPC.MsState.Edu
  System call: unlink(2) /dev/shm/vader_segment.Orion-06-02.6e600001.1
  Error:       No such file or directory (errno 2)
--------------------------------------------------------------------------
[Orion-06-02:257200:0:257200] Caught signal 11 (Segmentation fault: address not mapped to object at address 0x30)
--------------------------------------------------------------------------
Primary job  terminated normally, but 1 process returned
a non-zero exit code. Per user-direction, the job has been aborted.
--------------------------------------------------------------------------
--------------------------------------------------------------------------
mpirun noticed that process rank 3 with PID 257202 on node Orion-06-02 exited on signal 11 (Segmentation fault).
--------------------------------------------------------------------------
