build time -- 2021-06-21 02:42:09
  PASS  Example ESMF_FieldMeshRegridEx, ESMF_FieldMeshRegridEx.F90, line 807
  PASS  Example ESMF_FieldMeshRegridEx, ESMF_FieldMeshRegridEx.F90, line 807
  PASS  Example ESMF_FieldMeshRegridEx, ESMF_FieldMeshRegridEx.F90, line 807
  PASS  Example ESMF_FieldMeshRegridEx, ESMF_FieldMeshRegridEx.F90, line 807
[Orion-06-02:277798:0:277798] Caught signal 11 (Segmentation fault: address not mapped to object at address 0x30)
[Orion-06-02:277796:0:277796] Caught signal 11 (Segmentation fault: address not mapped to object at address 0x30)
[Orion-06-02:277799:0:277799] Caught signal 11 (Segmentation fault: address not mapped to object at address 0x30)
--------------------------------------------------------------------------
A system call failed during shared memory initialization that should
not have.  It is likely that your MPI job will now either abort or
experience performance degradation.

  Local host:  Orion-06-02.HPC.MsState.Edu
  System call: unlink(2) /dev/shm/vader_segment.Orion-06-02.bfec0001.1
  Error:       No such file or directory (errno 2)
--------------------------------------------------------------------------
[Orion-06-02:277797:0:277797] Caught signal 11 (Segmentation fault: address not mapped to object at address 0x30)
--------------------------------------------------------------------------
Primary job  terminated normally, but 1 process returned
a non-zero exit code. Per user-direction, the job has been aborted.
--------------------------------------------------------------------------
--------------------------------------------------------------------------
mpirun noticed that process rank 0 with PID 277796 on node Orion-06-02 exited on signal 11 (Segmentation fault).
--------------------------------------------------------------------------
2 total processes killed (some possibly by mpirun during cleanup)
