build time -- 2021-06-21 02:42:09
 sumA =   0.700000048    
 sumB =   0.699999988    
 sumC =   0.900000036    
 sumD =   0.900000036    
 sumE =   0.899999976    
 result SRCSEQ#1 =   0.700000048      expect:   0.700000048    
 result SRCSEQ#2 =   0.700000048      expect:   0.700000048    
 result SRCPET#1 =   0.700000048      expect:   0.700000048    
 result SRCPET#2 =   0.699999988      expect:   0.699999988    
 result SRCPET#3 =   0.700000048      expect:   0.700000048    
 result SRCPET#4 =   0.699999988      expect:   0.699999988    
 result SRCPET#5 =   0.700000048      expect:   0.700000048    
 result SRCPET#6 =   0.700000048      expect:   0.700000048    
 result SRCPET#7 =   0.699999988      expect:   0.699999988    
 result SRCPET#8 =   0.900000036      expect:   0.900000036    
 result SRCPET#9 =   0.900000036      expect:   0.900000036    
 result SRCPET#10 =   0.899999976      expect:   0.899999976    
 SMM parameters determined via auto-tuning -> dump to file
 result SRCPET#11 =   0.900000036    
 SMM parameters successfully read from file
  srcTermProcessing=           2  pipelineDepth=           1  ==>> sumCompare=  0.900000036    
 result SRCPET#11 =   0.900000036      expect:   0.900000036    
 SMM parameters successfully read from file
  srcTermProcessing=           2  pipelineDepth=           1  ==>> sumCompare=  0.900000036    
 result SRCPET#11 =   0.900000036      expect:   0.900000036    
 SMM parameters successfully read from file
  srcTermProcessing=           2  pipelineDepth=           1  ==>> sumCompare=  0.900000036    
 result SRCPET#11 =   0.900000036      expect:   0.900000036    
 SMM parameters successfully read from file
  srcTermProcessing=           2  pipelineDepth=           1  ==>> sumCompare=  0.900000036    
 result SRCPET#11 =   0.900000036      expect:   0.900000036    
  PASS  Example ESMF_RHandleBitForBitEx, ESMF_RHandleBitForBitEx.F90, line 1557
 result SRCSEQ#3 =   0.900000036      expect:   0.900000036    
  PASS  Example ESMF_RHandleBitForBitEx, ESMF_RHandleBitForBitEx.F90, line 1557
  PASS  Example ESMF_RHandleBitForBitEx, ESMF_RHandleBitForBitEx.F90, line 1557
  PASS  Example ESMF_RHandleBitForBitEx, ESMF_RHandleBitForBitEx.F90, line 1557
[Orion-06-02:264284:0:264284] Caught signal 11 (Segmentation fault: address not mapped to object at address 0x30)
[Orion-06-02:264286:0:264286] Caught signal 11 (Segmentation fault: address not mapped to object at address 0x30)
[Orion-06-02:264285:0:264285] Caught signal 11 (Segmentation fault: address not mapped to object at address 0x30)
[Orion-06-02:264287:0:264287] Caught signal 11 (Segmentation fault: address not mapped to object at address 0x30)
--------------------------------------------------------------------------
Primary job  terminated normally, but 1 process returned
a non-zero exit code. Per user-direction, the job has been aborted.
--------------------------------------------------------------------------
--------------------------------------------------------------------------
mpirun noticed that process rank 2 with PID 264286 on node Orion-06-02 exited on signal 11 (Segmentation fault).
--------------------------------------------------------------------------
