build time -- 2021-07-11 02:31:02
20210711 025257.230 INFO             PET0 !!!!!!!!!!!!!!!!!!!!!!!!!!!!!!!!!!!!!!!!!!!!!!!!!!!!!!
20210711 025257.230 INFO             PET0 !!! THE ESMF_LOG IS SET TO OUTPUT ALL LOG MESSAGES !!!
20210711 025257.230 INFO             PET0 !!!     THIS MAY CAUSE SLOWDOWN IN PERFORMANCE     !!!
20210711 025257.230 INFO             PET0 !!! FOR PRODUCTION RUNS, USE:                      !!!
20210711 025257.230 INFO             PET0 !!!                   ESMF_LOGKIND_Multi_On_Error  !!!
20210711 025257.230 INFO             PET0 !!!!!!!!!!!!!!!!!!!!!!!!!!!!!!!!!!!!!!!!!!!!!!!!!!!!!!
20210711 025257.230 INFO             PET0 Running with ESMF Version   : ESMF_8_2_0_beta_snapshot_12-2-g7397acc
20210711 025257.230 INFO             PET0 ESMF library build date/time: "Jul 11 2021" "02:29:23"
20210711 025257.230 INFO             PET0 ESMF library build location : /work/noaa/da/mpotts/sandbox/gfortran_8.3.0_openmpi_g_develop
20210711 025257.230 INFO             PET0 ESMF_COMM                   : openmpi
20210711 025257.231 INFO             PET0 ESMF_MOAB                   : enabled
20210711 025257.231 INFO             PET0 ESMF_LAPACK                 : enabled
20210711 025257.231 INFO             PET0 ESMF_NETCDF                 : enabled
20210711 025257.231 INFO             PET0 ESMF_PNETCDF                : disabled
20210711 025257.231 INFO             PET0 ESMF_PIO                    : enabled
20210711 025257.231 INFO             PET0 ESMF_YAMLCPP                : enabled
20210711 025257.233 INFO             PET0  NUMBER_OF_PROCESSORS           1
20210711 025257.233 INFO             PET0  PASS  Example ESMF_AlarmEx, ESMF_AlarmEx.F90, line 244
20210711 025257.233 INFO             PET0 Finalizing ESMF
