build time -- 2021-06-21 02:42:09
  PASS  Example ESMF_LogErrEx, ESMF_LogErrEx.F90, line 186
  PASS  Example ESMF_LogErrEx, ESMF_LogErrEx.F90, line 186
  PASS  Example ESMF_LogErrEx, ESMF_LogErrEx.F90, line 186
  PASS  Example ESMF_LogErrEx, ESMF_LogErrEx.F90, line 186
[Orion-06-02:255037:0:255037] Caught signal 11 (Segmentation fault: address not mapped to object at address 0x30)
--------------------------------------------------------------------------
A system call failed during shared memory initialization that should
not have.  It is likely that your MPI job will now either abort or
experience performance degradation.

  Local host:  Orion-06-02.HPC.MsState.Edu
  System call: unlink(2) /dev/shm/vader_segment.Orion-06-02.66fe0001.2
  Error:       No such file or directory (errno 2)
--------------------------------------------------------------------------
[Orion-06-02:255036:0:255036] Caught signal 11 (Segmentation fault: address not mapped to object at address 0x30)
--------------------------------------------------------------------------
A system call failed during shared memory initialization that should
not have.  It is likely that your MPI job will now either abort or
experience performance degradation.

  Local host:  Orion-06-02.HPC.MsState.Edu
  System call: unlink(2) /dev/shm/vader_segment.Orion-06-02.66fe0001.1
  Error:       No such file or directory (errno 2)
--------------------------------------------------------------------------
--------------------------------------------------------------------------
A system call failed during shared memory initialization that should
not have.  It is likely that your MPI job will now either abort or
experience performance degradation.

  Local host:  Orion-06-02.HPC.MsState.Edu
  System call: unlink(2) /dev/shm/vader_segment.Orion-06-02.66fe0001.0
  Error:       No such file or directory (errno 2)
--------------------------------------------------------------------------
[Orion-06-02:255035:0:255035] Caught signal 11 (Segmentation fault: address not mapped to object at address 0x30)
[Orion-06-02:255034:0:255034] Caught signal 11 (Segmentation fault: address not mapped to object at address 0x30)
--------------------------------------------------------------------------
Primary job  terminated normally, but 1 process returned
a non-zero exit code. Per user-direction, the job has been aborted.
--------------------------------------------------------------------------
--------------------------------------------------------------------------
mpirun noticed that process rank 3 with PID 255037 on node Orion-06-02 exited on signal 11 (Segmentation fault).
--------------------------------------------------------------------------
