build time -- 2021-06-21 02:42:09
 --------------------------------------- 
 Start of ESMF_Trace Example
 --------------------------------------- 
 Inside Init
 Inside Init
 Inside Init
 Inside Init
 Inside Run
 Inside Run
 Inside Run
 Inside Run
 Inside Run
 Inside Run
 Inside Run
 Inside Run
 Inside Run
 Inside Run
 Inside Run
 Inside Run
 Inside Run
 Inside Run
 Inside Run
 Inside Finalize
 Inside Run
 Inside Run
 Inside Finalize
 Inside Run
 Inside Run
 Inside Finalize
 Inside Run
 Inside Finalize
  PASS  Example ESMF_TraceEx, ESMF_TraceEx.F90, line 178
  PASS  Example ESMF_TraceEx, ESMF_TraceEx.F90, line 178
  PASS  Example ESMF_TraceEx, ESMF_TraceEx.F90, line 178
  PASS  Example ESMF_TraceEx, ESMF_TraceEx.F90, line 178
--------------------------------------------------------------------------
A system call failed during shared memory initialization that should
not have.  It is likely that your MPI job will now either abort or
experience performance degradation.

  Local host:  Orion-06-02.HPC.MsState.Edu
  System call: unlink(2) /dev/shm/vader_segment.Orion-06-02.73870001.3
  Error:       No such file or directory (errno 2)
--------------------------------------------------------------------------
--------------------------------------------------------------------------
A system call failed during shared memory initialization that should
not have.  It is likely that your MPI job will now either abort or
experience performance degradation.

  Local host:  Orion-06-02.HPC.MsState.Edu
  System call: unlink(2) /dev/shm/vader_segment.Orion-06-02.73870001.1
  Error:       No such file or directory (errno 2)
--------------------------------------------------------------------------
[Orion-06-02:258387:0:258387] Caught signal 11 (Segmentation fault: address not mapped to object at address 0x30)
[Orion-06-02:258385:0:258385] Caught signal 11 (Segmentation fault: address not mapped to object at address 0x30)
--------------------------------------------------------------------------
A system call failed during shared memory initialization that should
not have.  It is likely that your MPI job will now either abort or
experience performance degradation.

  Local host:  Orion-06-02.HPC.MsState.Edu
  System call: unlink(2) /dev/shm/vader_segment.Orion-06-02.73870001.0
  Error:       No such file or directory (errno 2)
--------------------------------------------------------------------------
--------------------------------------------------------------------------
A system call failed during shared memory initialization that should
not have.  It is likely that your MPI job will now either abort or
experience performance degradation.

  Local host:  Orion-06-02.HPC.MsState.Edu
  System call: unlink(2) /dev/shm/vader_segment.Orion-06-02.73870001.2
  Error:       No such file or directory (errno 2)
--------------------------------------------------------------------------
[Orion-06-02:258384:0:258384] Caught signal 11 (Segmentation fault: address not mapped to object at address 0x30)
[Orion-06-02:258386:0:258386] Caught signal 11 (Segmentation fault: address not mapped to object at address 0x30)
--------------------------------------------------------------------------
Primary job  terminated normally, but 1 process returned
a non-zero exit code. Per user-direction, the job has been aborted.
--------------------------------------------------------------------------
--------------------------------------------------------------------------
mpirun noticed that process rank 1 with PID 258385 on node Orion-06-02 exited on signal 11 (Segmentation fault).
--------------------------------------------------------------------------
2 total processes killed (some possibly by mpirun during cleanup)
