build time -- 2021-08-04 02:42:22
20210804 030713.205 INFO             PET0 !!!!!!!!!!!!!!!!!!!!!!!!!!!!!!!!!!!!!!!!!!!!!!!!!!!!!!
20210804 030713.205 INFO             PET0 !!! THE ESMF_LOG IS SET TO OUTPUT ALL LOG MESSAGES !!!
20210804 030713.205 INFO             PET0 !!!     THIS MAY CAUSE SLOWDOWN IN PERFORMANCE     !!!
20210804 030713.205 INFO             PET0 !!! FOR PRODUCTION RUNS, USE:                      !!!
20210804 030713.205 INFO             PET0 !!!                   ESMF_LOGKIND_Multi_On_Error  !!!
20210804 030713.205 INFO             PET0 !!!!!!!!!!!!!!!!!!!!!!!!!!!!!!!!!!!!!!!!!!!!!!!!!!!!!!
20210804 030713.205 INFO             PET0 Running with ESMF Version   : ESMF_8_2_0_beta_snapshot_14-1-g6ac79f6
20210804 030713.205 INFO             PET0 ESMF library build date/time: "Aug  4 2021" "02:40:36"
20210804 030713.205 INFO             PET0 ESMF library build location : /work/noaa/da/mpotts/sandbox/gfortran_8.3.0_openmpi_g_develop
20210804 030713.205 INFO             PET0 ESMF_COMM                   : openmpi
20210804 030713.205 INFO             PET0 ESMF_MOAB                   : enabled
20210804 030713.205 INFO             PET0 ESMF_LAPACK                 : enabled
20210804 030713.205 INFO             PET0 ESMF_NETCDF                 : enabled
20210804 030713.205 INFO             PET0 ESMF_PNETCDF                : disabled
20210804 030713.205 INFO             PET0 ESMF_PIO                    : enabled
20210804 030713.205 INFO             PET0 ESMF_YAMLCPP                : enabled
20210804 030713.212 INFO             PET0  NUMBER_OF_PROCESSORS           1
20210804 030713.212 INFO             PET0  PASS  Example ESMF_XGridSparseMatEx, ESMF_XGridSparseMatEx.F90, line 642
20210804 030713.212 INFO             PET0 Finalizing ESMF
