build time -- 2021-06-20 02:32:13
 PASS: ESMF_FieldCommEx.F90
  PASS  Example ESMF_FieldCommEx, ESMF_FieldCommEx.F90, line 258
 PASS: ESMF_FieldCommEx.F90
  PASS  Example ESMF_FieldCommEx, ESMF_FieldCommEx.F90, line 258
 PASS: ESMF_FieldCommEx.F90
  PASS  Example ESMF_FieldCommEx, ESMF_FieldCommEx.F90, line 258
 PASS: ESMF_FieldCommEx.F90
  PASS  Example ESMF_FieldCommEx, ESMF_FieldCommEx.F90, line 258
[Orion-06-04:430425:0:430425] Caught signal 11 (Segmentation fault: address not mapped to object at address 0x30)
[Orion-06-04:430423:0:430423] Caught signal 11 (Segmentation fault: address not mapped to object at address 0x30)
--------------------------------------------------------------------------
A system call failed during shared memory initialization that should
not have.  It is likely that your MPI job will now either abort or
experience performance degradation.

  Local host:  Orion-06-04.HPC.MsState.Edu
  System call: unlink(2) /dev/shm/vader_segment.Orion-06-04.b6100001.0
  Error:       No such file or directory (errno 2)
--------------------------------------------------------------------------
--------------------------------------------------------------------------
A system call failed during shared memory initialization that should
not have.  It is likely that your MPI job will now either abort or
experience performance degradation.

  Local host:  Orion-06-04.HPC.MsState.Edu
  System call: unlink(2) /dev/shm/vader_segment.Orion-06-04.b6100001.2
  Error:       No such file or directory (errno 2)
--------------------------------------------------------------------------
[Orion-06-04:430424:0:430424] Caught signal 11 (Segmentation fault: address not mapped to object at address 0x30)
[Orion-06-04:430422:0:430422] Caught signal 11 (Segmentation fault: address not mapped to object at address 0x30)
--------------------------------------------------------------------------
Primary job  terminated normally, but 1 process returned
a non-zero exit code. Per user-direction, the job has been aborted.
--------------------------------------------------------------------------
--------------------------------------------------------------------------
mpirun noticed that process rank 3 with PID 430425 on node Orion-06-04 exited on signal 11 (Segmentation fault).
--------------------------------------------------------------------------
