build time -- 2021-09-22 05:45:58
20210922 065713.406 INFO             PET0 !!!!!!!!!!!!!!!!!!!!!!!!!!!!!!!!!!!!!!!!!!!!!!!!!!!!!!
20210922 065713.406 INFO             PET0 !!! THE ESMF_LOG IS SET TO OUTPUT ALL LOG MESSAGES !!!
20210922 065713.406 INFO             PET0 !!!     THIS MAY CAUSE SLOWDOWN IN PERFORMANCE     !!!
20210922 065713.406 INFO             PET0 !!! FOR PRODUCTION RUNS, USE:                      !!!
20210922 065713.406 INFO             PET0 !!!                   ESMF_LOGKIND_Multi_On_Error  !!!
20210922 065713.406 INFO             PET0 !!!!!!!!!!!!!!!!!!!!!!!!!!!!!!!!!!!!!!!!!!!!!!!!!!!!!!
20210922 065713.406 INFO             PET0 Running with ESMF Version   : ESMF_8_2_0_beta_snapshot_19-3-ga5c5083
20210922 065713.406 INFO             PET0 ESMF library build date/time: "Sep 22 2021" "05:44:08"
20210922 065713.406 INFO             PET0 ESMF library build location : /work/noaa/da/mpotts/sandbox/gfortran_8.3.0_openmpi_g_develop
20210922 065713.406 INFO             PET0 ESMF_COMM                   : openmpi
20210922 065713.406 INFO             PET0 ESMF_MOAB                   : enabled
20210922 065713.406 INFO             PET0 ESMF_LAPACK                 : enabled
20210922 065713.406 INFO             PET0 ESMF_NETCDF                 : enabled
20210922 065713.406 INFO             PET0 ESMF_PNETCDF                : disabled
20210922 065713.406 INFO             PET0 ESMF_PIO                    : enabled
20210922 065713.406 INFO             PET0 ESMF_YAMLCPP                : enabled
20210922 065713.407 INFO             PET0  NUMBER_OF_PROCESSORS           1
20210922 065713.407 INFO             PET0  PASS  Example ESMF_TimeEx, ESMF_TimeEx.F90, line 141
20210922 065713.407 INFO             PET0 Finalizing ESMF
