build time -- 2021-06-28 02:37:35
20210628 030144.119 INFO             PET0 !!!!!!!!!!!!!!!!!!!!!!!!!!!!!!!!!!!!!!!!!!!!!!!!!!!!!!
20210628 030144.119 INFO             PET0 !!! THE ESMF_LOG IS SET TO OUTPUT ALL LOG MESSAGES !!!
20210628 030144.119 INFO             PET0 !!!     THIS MAY CAUSE SLOWDOWN IN PERFORMANCE     !!!
20210628 030144.119 INFO             PET0 !!! FOR PRODUCTION RUNS, USE:                      !!!
20210628 030144.119 INFO             PET0 !!!                   ESMF_LOGKIND_Multi_On_Error  !!!
20210628 030144.119 INFO             PET0 !!!!!!!!!!!!!!!!!!!!!!!!!!!!!!!!!!!!!!!!!!!!!!!!!!!!!!
20210628 030144.119 INFO             PET0 Running with ESMF Version   : ESMF_8_2_0_beta_snapshot_11-8-gb3000f9
20210628 030144.119 INFO             PET0 ESMF library build date/time: "Jun 28 2021" "02:35:50"
20210628 030144.119 INFO             PET0 ESMF library build location : /work/noaa/da/mpotts/sandbox/gfortran_8.3.0_openmpi_g_develop
20210628 030144.119 INFO             PET0 ESMF_COMM                   : openmpi
20210628 030144.120 INFO             PET0 ESMF_MOAB                   : enabled
20210628 030144.120 INFO             PET0 ESMF_LAPACK                 : enabled
20210628 030144.120 INFO             PET0 ESMF_NETCDF                 : enabled
20210628 030144.120 INFO             PET0 ESMF_PNETCDF                : disabled
20210628 030144.120 INFO             PET0 ESMF_PIO                    : enabled
20210628 030144.120 INFO             PET0 ESMF_YAMLCPP                : enabled
20210628 030144.120 INFO             PET0  NUMBER_OF_PROCESSORS           4
20210628 030144.120 INFO             PET0  PASS  Example ESMF_VMUserMpiCommMultiEx, ESMF_VMUserMpiCommMultiEx.F90, line 126
20210628 030144.120 INFO             PET0 Finalizing ESMF
20210628 030144.118 INFO             PET0 !!!!!!!!!!!!!!!!!!!!!!!!!!!!!!!!!!!!!!!!!!!!!!!!!!!!!!
20210628 030144.118 INFO             PET0 !!! THE ESMF_LOG IS SET TO OUTPUT ALL LOG MESSAGES !!!
20210628 030144.118 INFO             PET0 !!!     THIS MAY CAUSE SLOWDOWN IN PERFORMANCE     !!!
20210628 030144.118 INFO             PET0 !!! FOR PRODUCTION RUNS, USE:                      !!!
20210628 030144.118 INFO             PET0 !!!                   ESMF_LOGKIND_Multi_On_Error  !!!
20210628 030144.118 INFO             PET0 !!!!!!!!!!!!!!!!!!!!!!!!!!!!!!!!!!!!!!!!!!!!!!!!!!!!!!
20210628 030144.118 INFO             PET0 Running with ESMF Version   : ESMF_8_2_0_beta_snapshot_11-8-gb3000f9
20210628 030144.118 INFO             PET0 ESMF library build date/time: "Jun 28 2021" "02:35:50"
20210628 030144.118 INFO             PET0 ESMF library build location : /work/noaa/da/mpotts/sandbox/gfortran_8.3.0_openmpi_g_develop
20210628 030144.118 INFO             PET0 ESMF_COMM                   : openmpi
20210628 030144.119 INFO             PET0 ESMF_MOAB                   : enabled
20210628 030144.119 INFO             PET0 ESMF_LAPACK                 : enabled
20210628 030144.119 INFO             PET0 ESMF_NETCDF                 : enabled
20210628 030144.119 INFO             PET0 ESMF_PNETCDF                : disabled
20210628 030144.119 INFO             PET0 ESMF_PIO                    : enabled
20210628 030144.119 INFO             PET0 ESMF_YAMLCPP                : enabled
20210628 030144.119 INFO             PET0  NUMBER_OF_PROCESSORS           4
20210628 030144.119 INFO             PET0  PASS  Example ESMF_VMUserMpiCommMultiEx, ESMF_VMUserMpiCommMultiEx.F90, line 154
20210628 030144.119 INFO             PET0 Finalizing ESMF
20210628 030144.120 INFO             PET1 !!!!!!!!!!!!!!!!!!!!!!!!!!!!!!!!!!!!!!!!!!!!!!!!!!!!!!
20210628 030144.120 INFO             PET1 !!! THE ESMF_LOG IS SET TO OUTPUT ALL LOG MESSAGES !!!
20210628 030144.120 INFO             PET1 !!!     THIS MAY CAUSE SLOWDOWN IN PERFORMANCE     !!!
20210628 030144.120 INFO             PET1 !!! FOR PRODUCTION RUNS, USE:                      !!!
20210628 030144.120 INFO             PET1 !!!                   ESMF_LOGKIND_Multi_On_Error  !!!
20210628 030144.120 INFO             PET1 !!!!!!!!!!!!!!!!!!!!!!!!!!!!!!!!!!!!!!!!!!!!!!!!!!!!!!
20210628 030144.120 INFO             PET1 Running with ESMF Version   : ESMF_8_2_0_beta_snapshot_11-8-gb3000f9
20210628 030144.120 INFO             PET1 ESMF library build date/time: "Jun 28 2021" "02:35:50"
20210628 030144.120 INFO             PET1 ESMF library build location : /work/noaa/da/mpotts/sandbox/gfortran_8.3.0_openmpi_g_develop
20210628 030144.120 INFO             PET1 ESMF_COMM                   : openmpi
20210628 030144.120 INFO             PET1 ESMF_MOAB                   : enabled
20210628 030144.120 INFO             PET1 ESMF_LAPACK                 : enabled
20210628 030144.120 INFO             PET1 ESMF_NETCDF                 : enabled
20210628 030144.120 INFO             PET1 ESMF_PNETCDF                : disabled
20210628 030144.120 INFO             PET1 ESMF_PIO                    : enabled
20210628 030144.120 INFO             PET1 ESMF_YAMLCPP                : enabled
20210628 030144.120 INFO             PET1  NUMBER_OF_PROCESSORS           4
20210628 030144.120 INFO             PET1  PASS  Example ESMF_VMUserMpiCommMultiEx, ESMF_VMUserMpiCommMultiEx.F90, line 126
20210628 030144.120 INFO             PET1 Finalizing ESMF
20210628 030144.118 INFO             PET1 !!!!!!!!!!!!!!!!!!!!!!!!!!!!!!!!!!!!!!!!!!!!!!!!!!!!!!
20210628 030144.119 INFO             PET1 !!! THE ESMF_LOG IS SET TO OUTPUT ALL LOG MESSAGES !!!
20210628 030144.119 INFO             PET1 !!!     THIS MAY CAUSE SLOWDOWN IN PERFORMANCE     !!!
20210628 030144.119 INFO             PET1 !!! FOR PRODUCTION RUNS, USE:                      !!!
20210628 030144.119 INFO             PET1 !!!                   ESMF_LOGKIND_Multi_On_Error  !!!
20210628 030144.119 INFO             PET1 !!!!!!!!!!!!!!!!!!!!!!!!!!!!!!!!!!!!!!!!!!!!!!!!!!!!!!
20210628 030144.119 INFO             PET1 Running with ESMF Version   : ESMF_8_2_0_beta_snapshot_11-8-gb3000f9
20210628 030144.119 INFO             PET1 ESMF library build date/time: "Jun 28 2021" "02:35:50"
20210628 030144.119 INFO             PET1 ESMF library build location : /work/noaa/da/mpotts/sandbox/gfortran_8.3.0_openmpi_g_develop
20210628 030144.119 INFO             PET1 ESMF_COMM                   : openmpi
20210628 030144.119 INFO             PET1 ESMF_MOAB                   : enabled
20210628 030144.119 INFO             PET1 ESMF_LAPACK                 : enabled
20210628 030144.119 INFO             PET1 ESMF_NETCDF                 : enabled
20210628 030144.119 INFO             PET1 ESMF_PNETCDF                : disabled
20210628 030144.119 INFO             PET1 ESMF_PIO                    : enabled
20210628 030144.119 INFO             PET1 ESMF_YAMLCPP                : enabled
20210628 030144.119 INFO             PET1  NUMBER_OF_PROCESSORS           4
20210628 030144.119 INFO             PET1  PASS  Example ESMF_VMUserMpiCommMultiEx, ESMF_VMUserMpiCommMultiEx.F90, line 154
20210628 030144.119 INFO             PET1 Finalizing ESMF
