build time -- 2021-06-24 02:29:10
20210624 024839.456 INFO             PET0 !!!!!!!!!!!!!!!!!!!!!!!!!!!!!!!!!!!!!!!!!!!!!!!!!!!!!!
20210624 024839.456 INFO             PET0 !!! THE ESMF_LOG IS SET TO OUTPUT ALL LOG MESSAGES !!!
20210624 024839.456 INFO             PET0 !!!     THIS MAY CAUSE SLOWDOWN IN PERFORMANCE     !!!
20210624 024839.456 INFO             PET0 !!! FOR PRODUCTION RUNS, USE:                      !!!
20210624 024839.456 INFO             PET0 !!!                   ESMF_LOGKIND_Multi_On_Error  !!!
20210624 024839.456 INFO             PET0 !!!!!!!!!!!!!!!!!!!!!!!!!!!!!!!!!!!!!!!!!!!!!!!!!!!!!!
20210624 024839.456 INFO             PET0 Running with ESMF Version   : ESMF_8_2_0_beta_snapshot_11-7-gdd4582f
20210624 024839.456 INFO             PET0 ESMF library build date/time: "Jun 24 2021" "02:27:48"
20210624 024839.456 INFO             PET0 ESMF library build location : /work/noaa/da/mpotts/sandbox/gfortran_8.3.0_mpiuni_O_develop
20210624 024839.456 INFO             PET0 ESMF_COMM                   : mpiuni
20210624 024839.457 INFO             PET0 ESMF_MOAB                   : enabled
20210624 024839.457 INFO             PET0 ESMF_LAPACK                 : enabled
20210624 024839.457 INFO             PET0 ESMF_NETCDF                 : enabled
20210624 024839.457 INFO             PET0 ESMF_PNETCDF                : disabled
20210624 024839.457 INFO             PET0 ESMF_PIO                    : disabled
20210624 024839.457 INFO             PET0 ESMF_YAMLCPP                : enabled
20210624 024839.485 DEBUG            PET0 about to destroy Grid: 0x19690e0
20210624 024839.490 DEBUG            PET0 about to destroy Grid: 0x196a7b0
20210624 024839.498 INFO             PET0  NUMBER_OF_PROCESSORS           1
20210624 024839.498 INFO             PET0  PASS  Example ESMF_NUOPCAtmModelEx, ESMF_NUOPCAtmModelEx.F90, line 806
20210624 024839.498 INFO             PET0 Finalizing ESMF
