build time -- 2021-08-23 03:40:43
20210823 042548.756 INFO             PET0 !!!!!!!!!!!!!!!!!!!!!!!!!!!!!!!!!!!!!!!!!!!!!!!!!!!!!!
20210823 042548.756 INFO             PET0 !!! THE ESMF_LOG IS SET TO OUTPUT ALL LOG MESSAGES !!!
20210823 042548.756 INFO             PET0 !!!     THIS MAY CAUSE SLOWDOWN IN PERFORMANCE     !!!
20210823 042548.756 INFO             PET0 !!! FOR PRODUCTION RUNS, USE:                      !!!
20210823 042548.756 INFO             PET0 !!!                   ESMF_LOGKIND_Multi_On_Error  !!!
20210823 042548.756 INFO             PET0 !!!!!!!!!!!!!!!!!!!!!!!!!!!!!!!!!!!!!!!!!!!!!!!!!!!!!!
20210823 042548.756 INFO             PET0 Running with ESMF Version   : ESMF_8_2_0_beta_snapshot_15-1-g670eb2d
20210823 042548.756 INFO             PET0 ESMF library build date/time: "Aug 23 2021" "03:38:23"
20210823 042548.756 INFO             PET0 ESMF library build location : /work/noaa/da/mpotts/sandbox/gfortran_8.3.0_mpiuni_O_develop
20210823 042548.756 INFO             PET0 ESMF_COMM                   : mpiuni
20210823 042548.757 INFO             PET0 ESMF_MOAB                   : enabled
20210823 042548.757 INFO             PET0 ESMF_LAPACK                 : enabled
20210823 042548.757 INFO             PET0 ESMF_NETCDF                 : enabled
20210823 042548.757 INFO             PET0 ESMF_PNETCDF                : disabled
20210823 042548.757 INFO             PET0 ESMF_PIO                    : disabled
20210823 042548.757 INFO             PET0 ESMF_YAMLCPP                : enabled
20210823 042548.758 ERROR            PET0 ESMCI_Info.C:1277 Info::set(<json>) Cannot set value  - Error/Return Code 540 (ESMC_RC_CANNOT_SET) - Key '/myIntegerKey' already in map and force=false.
20210823 042548.758 ERROR            PET0 ESMCI_Info.C:1280 Info::set(<json>) Cannot set value  - Internal subroutine call returned Error
20210823 042548.758 ERROR            PET0 ESMCI_Info.C:1322 Info::set(<json>) Cannot set value  - Internal subroutine call returned Error
20210823 042548.758 ERROR            PET0 ESMCI_Info.C:1325 Info::set(<json>) Cannot set value  - Internal subroutine call returned Error
20210823 042548.758 ERROR            PET0 ESMCI_Info.C:1373 Info::set(<scalar>) Cannot set value  - Internal subroutine call returned Error
20210823 042548.758 ERROR            PET0 ESMC_InfoCDefGeneric.C:387 ESMC_InfoSetI4() Cannot set value  - Internal subroutine call returned Error
20210823 042548.758 ERROR            PET0 ESMF_Info.F90:2866 ESMF_InfoSetI4() Cannot set value  - Internal subroutine call returned Error
20210823 042548.758 INFO             PET0  NUMBER_OF_PROCESSORS           1
20210823 042548.758 INFO             PET0  PASS  Example ESMF_InfoTutorialEx, ESMF_InfoTutorialEx.F90, line 335
20210823 042548.758 INFO             PET0 Finalizing ESMF
