build time -- 2021-08-19 04:24:43
20210819 044315.377 INFO             PET0 !!!!!!!!!!!!!!!!!!!!!!!!!!!!!!!!!!!!!!!!!!!!!!!!!!!!!!
20210819 044315.378 INFO             PET0 !!! THE ESMF_LOG IS SET TO OUTPUT ALL LOG MESSAGES !!!
20210819 044315.378 INFO             PET0 !!!     THIS MAY CAUSE SLOWDOWN IN PERFORMANCE     !!!
20210819 044315.378 INFO             PET0 !!! FOR PRODUCTION RUNS, USE:                      !!!
20210819 044315.378 INFO             PET0 !!!                   ESMF_LOGKIND_Multi_On_Error  !!!
20210819 044315.378 INFO             PET0 !!!!!!!!!!!!!!!!!!!!!!!!!!!!!!!!!!!!!!!!!!!!!!!!!!!!!!
20210819 044315.378 INFO             PET0 Running with ESMF Version   : ESMF_8_2_0_beta_snapshot_15
20210819 044315.378 INFO             PET0 ESMF library build date/time: "Aug 19 2021" "04:23:03"
20210819 044315.378 INFO             PET0 ESMF library build location : /work/noaa/da/mpotts/sandbox/gfortran_8.3.0_mpiuni_O_develop
20210819 044315.378 INFO             PET0 ESMF_COMM                   : mpiuni
20210819 044315.378 INFO             PET0 ESMF_MOAB                   : enabled
20210819 044315.378 INFO             PET0 ESMF_LAPACK                 : enabled
20210819 044315.378 INFO             PET0 ESMF_NETCDF                 : enabled
20210819 044315.378 INFO             PET0 ESMF_PNETCDF                : disabled
20210819 044315.378 INFO             PET0 ESMF_PIO                    : disabled
20210819 044315.378 INFO             PET0 ESMF_YAMLCPP                : enabled
20210819 044315.379 INFO             PET0  NUMBER_OF_PROCESSORS           1
20210819 044315.379 INFO             PET0  PASS  Example ESMF_GridCreateRegFromDGEx, ESMF_GridCreateRegFromDGEx.F90, line 112
20210819 044315.379 INFO             PET0 Finalizing ESMF
