build time -- 2021-08-18 02:35:50
20210818 025336.541 INFO             PET0 !!!!!!!!!!!!!!!!!!!!!!!!!!!!!!!!!!!!!!!!!!!!!!!!!!!!!!
20210818 025336.541 INFO             PET0 !!! THE ESMF_LOG IS SET TO OUTPUT ALL LOG MESSAGES !!!
20210818 025336.541 INFO             PET0 !!!     THIS MAY CAUSE SLOWDOWN IN PERFORMANCE     !!!
20210818 025336.541 INFO             PET0 !!! FOR PRODUCTION RUNS, USE:                      !!!
20210818 025336.541 INFO             PET0 !!!                   ESMF_LOGKIND_Multi_On_Error  !!!
20210818 025336.541 INFO             PET0 !!!!!!!!!!!!!!!!!!!!!!!!!!!!!!!!!!!!!!!!!!!!!!!!!!!!!!
20210818 025336.541 INFO             PET0 Running with ESMF Version   : ESMF_8_2_0_beta_snapshot_15
20210818 025336.541 INFO             PET0 ESMF library build date/time: "Aug 18 2021" "02:34:24"
20210818 025336.541 INFO             PET0 ESMF library build location : /work/noaa/da/mpotts/sandbox/gfortran_8.3.0_mpiuni_O_develop
20210818 025336.541 INFO             PET0 ESMF_COMM                   : mpiuni
20210818 025336.542 INFO             PET0 ESMF_MOAB                   : enabled
20210818 025336.542 INFO             PET0 ESMF_LAPACK                 : enabled
20210818 025336.542 INFO             PET0 ESMF_NETCDF                 : enabled
20210818 025336.542 INFO             PET0 ESMF_PNETCDF                : disabled
20210818 025336.542 INFO             PET0 ESMF_PIO                    : disabled
20210818 025336.542 INFO             PET0 ESMF_YAMLCPP                : enabled
20210818 025336.542 INFO             PET0 ESMF Tracing Enabled
20210818 025336.542 INFO             PET0 ESMF Profiling Enabled
20210818 025336.542 INFO             PET0 ESMF Trace/Profile clock: REALTIME
20210818 025336.544 INFO             PET0  NUMBER_OF_PROCESSORS           1
20210818 025336.544 INFO             PET0  PASS  Example ESMF_TraceEx, ESMF_TraceEx.F90, line 178
20210818 025336.544 INFO             PET0 Finalizing ESMF
20210818 025336.544 INFO             PET0 **************** Region Timings *******************
20210818 025336.544 INFO             PET0 Region              Count  Total (s)   Self (s)    Mean (s)    Min (s)     Max (s)
20210818 025336.544 INFO             PET0   [test] Init 1     1      0.0000      0.0000      0.0000      0.0000      0.0000
20210818 025336.544 INFO             PET0   [test] Run 1      5      0.0000      0.0000      0.0000      0.0000      0.0000
20210818 025336.544 INFO             PET0   [test] Final 1    1      0.0000      0.0000      0.0000      0.0000      0.0000
