build time -- 2021-06-07 03:08:43
20210607 040349.730 INFO             PET0 !!!!!!!!!!!!!!!!!!!!!!!!!!!!!!!!!!!!!!!!!!!!!!!!!!!!!!
20210607 040349.730 INFO             PET0 !!! THE ESMF_LOG IS SET TO OUTPUT ALL LOG MESSAGES !!!
20210607 040349.730 INFO             PET0 !!!     THIS MAY CAUSE SLOWDOWN IN PERFORMANCE     !!!
20210607 040349.730 INFO             PET0 !!! FOR PRODUCTION RUNS, USE:                      !!!
20210607 040349.730 INFO             PET0 !!!                   ESMF_LOGKIND_Multi_On_Error  !!!
20210607 040349.730 INFO             PET0 !!!!!!!!!!!!!!!!!!!!!!!!!!!!!!!!!!!!!!!!!!!!!!!!!!!!!!
20210607 040349.730 INFO             PET0 Running with ESMF Version   : ESMF_8_2_0_beta_snapshot_10-4-g5723c9f
20210607 040349.730 INFO             PET0 ESMF library build date/time: "Jun  7 2021" "02:58:06"
20210607 040349.730 INFO             PET0 ESMF library build location : /work/noaa/da/mpotts/sandbox/gfortran_8.3.0_mpiuni_O_develop
20210607 040349.730 INFO             PET0 ESMF_COMM                   : mpiuni
20210607 040349.730 INFO             PET0 ESMF_MOAB                   : enabled
20210607 040349.730 INFO             PET0 ESMF_LAPACK                 : enabled
20210607 040349.730 INFO             PET0 ESMF_NETCDF                 : enabled
20210607 040349.730 INFO             PET0 ESMF_PNETCDF                : disabled
20210607 040349.730 INFO             PET0 ESMF_PIO                    : disabled
20210607 040349.730 INFO             PET0 ESMF_YAMLCPP                : enabled
20210607 040349.732 INFO             PET0  NUMBER_OF_PROCESSORS           1
20210607 040349.732 INFO             PET0  PASS  Example ESMF_ConfigOverviewEx, ESMF_ConfigOverviewEx.F90, line 415
20210607 040349.732 INFO             PET0 Finalizing ESMF
