build time -- 2021-08-13 02:29:06
20210813 024706.068 INFO             PET0 !!!!!!!!!!!!!!!!!!!!!!!!!!!!!!!!!!!!!!!!!!!!!!!!!!!!!!
20210813 024706.068 INFO             PET0 !!! THE ESMF_LOG IS SET TO OUTPUT ALL LOG MESSAGES !!!
20210813 024706.068 INFO             PET0 !!!     THIS MAY CAUSE SLOWDOWN IN PERFORMANCE     !!!
20210813 024706.068 INFO             PET0 !!! FOR PRODUCTION RUNS, USE:                      !!!
20210813 024706.068 INFO             PET0 !!!                   ESMF_LOGKIND_Multi_On_Error  !!!
20210813 024706.068 INFO             PET0 !!!!!!!!!!!!!!!!!!!!!!!!!!!!!!!!!!!!!!!!!!!!!!!!!!!!!!
20210813 024706.068 INFO             PET0 Running with ESMF Version   : ESMF_8_2_0_beta_snapshot_15
20210813 024706.068 INFO             PET0 ESMF library build date/time: "Aug 13 2021" "02:27:40"
20210813 024706.068 INFO             PET0 ESMF library build location : /work/noaa/da/mpotts/sandbox/gfortran_8.3.0_mpiuni_O_develop
20210813 024706.068 INFO             PET0 ESMF_COMM                   : mpiuni
20210813 024706.069 INFO             PET0 ESMF_MOAB                   : enabled
20210813 024706.069 INFO             PET0 ESMF_LAPACK                 : enabled
20210813 024706.069 INFO             PET0 ESMF_NETCDF                 : enabled
20210813 024706.069 INFO             PET0 ESMF_PNETCDF                : disabled
20210813 024706.069 INFO             PET0 ESMF_PIO                    : disabled
20210813 024706.069 INFO             PET0 ESMF_YAMLCPP                : enabled
20210813 024706.070 INFO             PET0  NUMBER_OF_PROCESSORS           1
20210813 024706.070 INFO             PET0  PASS  Example ESMF_SCompEx, ESMF_SCompEx.F90, line 385
20210813 024706.070 INFO             PET0 Finalizing ESMF
