build time -- 2021-09-06 08:31:15
20210906 121844.679 INFO             PET0 !!!!!!!!!!!!!!!!!!!!!!!!!!!!!!!!!!!!!!!!!!!!!!!!!!!!!!
20210906 121844.679 INFO             PET0 !!! THE ESMF_LOG IS SET TO OUTPUT ALL LOG MESSAGES !!!
20210906 121844.679 INFO             PET0 !!!     THIS MAY CAUSE SLOWDOWN IN PERFORMANCE     !!!
20210906 121844.679 INFO             PET0 !!! FOR PRODUCTION RUNS, USE:                      !!!
20210906 121844.679 INFO             PET0 !!!                   ESMF_LOGKIND_Multi_On_Error  !!!
20210906 121844.679 INFO             PET0 !!!!!!!!!!!!!!!!!!!!!!!!!!!!!!!!!!!!!!!!!!!!!!!!!!!!!!
20210906 121844.679 INFO             PET0 Running with ESMF Version   : ESMF_8_2_0_beta_snapshot_18-42-gb11ffe5
20210906 121844.679 INFO             PET0 ESMF library build date/time: "Sep  6 2021" "08:30:05"
20210906 121844.679 INFO             PET0 ESMF library build location : /work/noaa/da/mpotts/sandbox/gfortran_8.3.0_mpiuni_O_develop
20210906 121844.679 INFO             PET0 ESMF_COMM                   : mpiuni
20210906 121844.680 INFO             PET0 ESMF_MOAB                   : enabled
20210906 121844.680 INFO             PET0 ESMF_LAPACK                 : enabled
20210906 121844.680 INFO             PET0 ESMF_NETCDF                 : enabled
20210906 121844.680 INFO             PET0 ESMF_PNETCDF                : disabled
20210906 121844.680 INFO             PET0 ESMF_PIO                    : disabled
20210906 121844.680 INFO             PET0 ESMF_YAMLCPP                : enabled
20210906 121844.681 INFO             PET0  NUMBER_OF_PROCESSORS           1
20210906 121844.681 INFO             PET0  PASS  Example ESMF_AlarmEx, ESMF_AlarmEx.F90, line 244
20210906 121844.681 INFO             PET0 Finalizing ESMF
