build time -- 2021-06-22 05:47:26.866221
  PASS  Example ESMF_RHandleReusabilityEx, ESMF_RHandleReusabilityEx.F90, line 582
  PASS  Example ESMF_RHandleReusabilityEx, ESMF_RHandleReusabilityEx.F90, line 582
  PASS  Example ESMF_RHandleReusabilityEx, ESMF_RHandleReusabilityEx.F90, line 582
  PASS  Example ESMF_RHandleReusabilityEx, ESMF_RHandleReusabilityEx.F90, line 582
[r1i4n5:35145:0:35145] Caught signal 11 (Segmentation fault: address not mapped to object at address 0x30)
[r1i4n5:35147:0:35147] Caught signal 11 (Segmentation fault: address not mapped to object at address 0x30)
[r1i4n5:35144:0:35144] Caught signal 11 (Segmentation fault: address not mapped to object at address 0x30)
[r1i4n5:35146:0:35146] Caught signal 11 (Segmentation fault: address not mapped to object at address 0x30)
--------------------------------------------------------------------------
Primary job  terminated normally, but 1 process returned
a non-zero exit code. Per user-direction, the job has been aborted.
--------------------------------------------------------------------------
--------------------------------------------------------------------------
mpirun noticed that process rank 1 with PID 0 on node r1i4n5 exited on signal 11 (Segmentation fault).
--------------------------------------------------------------------------
  PASS  Example ESMF_RHandleReusabilityEx, ESMF_RHandleReusabilityEx.F90, line 582
  PASS  Example ESMF_RHandleReusabilityEx, ESMF_RHandleReusabilityEx.F90, line 582
  PASS  Example ESMF_RHandleReusabilityEx, ESMF_RHandleReusabilityEx.F90, line 582
  PASS  Example ESMF_RHandleReusabilityEx, ESMF_RHandleReusabilityEx.F90, line 582
[r1i4n5:35145:0:35145] Caught signal 11 (Segmentation fault: address not mapped to object at address 0x30)
[r1i4n5:35147:0:35147] Caught signal 11 (Segmentation fault: address not mapped to object at address 0x30)
[r1i4n5:35144:0:35144] Caught signal 11 (Segmentation fault: address not mapped to object at address 0x30)
[r1i4n5:35146:0:35146] Caught signal 11 (Segmentation fault: address not mapped to object at address 0x30)
--------------------------------------------------------------------------
Primary job  terminated normally, but 1 process returned
a non-zero exit code. Per user-direction, the job has been aborted.
--------------------------------------------------------------------------
--------------------------------------------------------------------------
mpirun noticed that process rank 1 with PID 0 on node r1i4n5 exited on signal 11 (Segmentation fault).
--------------------------------------------------------------------------
