build time -- 2021-06-20 05:47:34.656966
  PASS  Example ESMF_LogErrEx, ESMF_LogErrEx.F90, line 186
  PASS  Example ESMF_LogErrEx, ESMF_LogErrEx.F90, line 186
  PASS  Example ESMF_LogErrEx, ESMF_LogErrEx.F90, line 186
  PASS  Example ESMF_LogErrEx, ESMF_LogErrEx.F90, line 186
[r1i4n32:49866:0:49866] Caught signal 11 (Segmentation fault: address not mapped to object at address 0x30)
--------------------------------------------------------------------------
A system call failed during shared memory initialization that should
not have.  It is likely that your MPI job will now either abort or
experience performance degradation.

  Local host:  r1i4n32
  System call: unlink(2) /dev/shm/vader_segment.r1i4n32.f1dd0001.0
  Error:       No such file or directory (errno 2)
--------------------------------------------------------------------------
--------------------------------------------------------------------------
A system call failed during shared memory initialization that should
not have.  It is likely that your MPI job will now either abort or
experience performance degradation.

  Local host:  r1i4n32
  System call: unlink(2) /dev/shm/vader_segment.r1i4n32.f1dd0001.2
  Error:       No such file or directory (errno 2)
--------------------------------------------------------------------------
[r1i4n32:49865:0:49865] Caught signal 11 (Segmentation fault: address not mapped to object at address 0x30)
[r1i4n32:49867:0:49867] Caught signal 11 (Segmentation fault: address not mapped to object at address 0x30)
--------------------------------------------------------------------------
A system call failed during shared memory initialization that should
not have.  It is likely that your MPI job will now either abort or
experience performance degradation.

  Local host:  r1i4n32
  System call: unlink(2) /dev/shm/vader_segment.r1i4n32.f1dd0001.3
  Error:       No such file or directory (errno 2)
--------------------------------------------------------------------------
[r1i4n32:49868:0:49868] Caught signal 11 (Segmentation fault: address not mapped to object at address 0x30)
--------------------------------------------------------------------------
Primary job  terminated normally, but 1 process returned
a non-zero exit code. Per user-direction, the job has been aborted.
--------------------------------------------------------------------------
--------------------------------------------------------------------------
mpirun noticed that process rank 1 with PID 0 on node r1i4n32 exited on signal 11 (Segmentation fault).
--------------------------------------------------------------------------
  PASS  Example ESMF_LogErrEx, ESMF_LogErrEx.F90, line 186
  PASS  Example ESMF_LogErrEx, ESMF_LogErrEx.F90, line 186
  PASS  Example ESMF_LogErrEx, ESMF_LogErrEx.F90, line 186
  PASS  Example ESMF_LogErrEx, ESMF_LogErrEx.F90, line 186
[r1i4n32:49866:0:49866] Caught signal 11 (Segmentation fault: address not mapped to object at address 0x30)
--------------------------------------------------------------------------
A system call failed during shared memory initialization that should
not have.  It is likely that your MPI job will now either abort or
experience performance degradation.

  Local host:  r1i4n32
  System call: unlink(2) /dev/shm/vader_segment.r1i4n32.f1dd0001.0
  Error:       No such file or directory (errno 2)
--------------------------------------------------------------------------
--------------------------------------------------------------------------
A system call failed during shared memory initialization that should
not have.  It is likely that your MPI job will now either abort or
experience performance degradation.

  Local host:  r1i4n32
  System call: unlink(2) /dev/shm/vader_segment.r1i4n32.f1dd0001.2
  Error:       No such file or directory (errno 2)
--------------------------------------------------------------------------
[r1i4n32:49865:0:49865] Caught signal 11 (Segmentation fault: address not mapped to object at address 0x30)
[r1i4n32:49867:0:49867] Caught signal 11 (Segmentation fault: address not mapped to object at address 0x30)
--------------------------------------------------------------------------
A system call failed during shared memory initialization that should
not have.  It is likely that your MPI job will now either abort or
experience performance degradation.

  Local host:  r1i4n32
  System call: unlink(2) /dev/shm/vader_segment.r1i4n32.f1dd0001.3
  Error:       No such file or directory (errno 2)
--------------------------------------------------------------------------
[r1i4n32:49868:0:49868] Caught signal 11 (Segmentation fault: address not mapped to object at address 0x30)
--------------------------------------------------------------------------
Primary job  terminated normally, but 1 process returned
a non-zero exit code. Per user-direction, the job has been aborted.
--------------------------------------------------------------------------
--------------------------------------------------------------------------
mpirun noticed that process rank 1 with PID 0 on node r1i4n32 exited on signal 11 (Segmentation fault).
--------------------------------------------------------------------------
