build time -- 2021-08-21 06:12:44.437402
20210821 064519.332 INFO             PET0 !!!!!!!!!!!!!!!!!!!!!!!!!!!!!!!!!!!!!!!!!!!!!!!!!!!!!!
20210821 064519.332 INFO             PET0 !!! THE ESMF_LOG IS SET TO OUTPUT ALL LOG MESSAGES !!!
20210821 064519.332 INFO             PET0 !!!     THIS MAY CAUSE SLOWDOWN IN PERFORMANCE     !!!
20210821 064519.332 INFO             PET0 !!! FOR PRODUCTION RUNS, USE:                      !!!
20210821 064519.332 INFO             PET0 !!!                   ESMF_LOGKIND_Multi_On_Error  !!!
20210821 064519.332 INFO             PET0 !!!!!!!!!!!!!!!!!!!!!!!!!!!!!!!!!!!!!!!!!!!!!!!!!!!!!!
20210821 064519.332 INFO             PET0 Running with ESMF Version   : ESMF_8_2_0_beta_snapshot_15-1-g670eb2d1ed
20210821 064519.332 INFO             PET0 ESMF library build date/time: "Aug 21 2021" "06:09:33"
20210821 064519.332 INFO             PET0 ESMF library build location : /glade/scratch/mpotts/gfortran_9.1.0_openmpi_g_develop
20210821 064519.332 INFO             PET0 ESMF_COMM                   : openmpi
20210821 064519.332 INFO             PET0 ESMF_MOAB                   : enabled
20210821 064519.332 INFO             PET0 ESMF_LAPACK                 : enabled
20210821 064519.332 INFO             PET0 ESMF_NETCDF                 : enabled
20210821 064519.332 INFO             PET0 ESMF_PNETCDF                : disabled
20210821 064519.332 INFO             PET0 ESMF_PIO                    : enabled
20210821 064519.332 INFO             PET0 ESMF_YAMLCPP                : enabled
20210821 064519.333 INFO             PET0  NUMBER_OF_PROCESSORS           4
20210821 064519.333 INFO             PET0  PASS  Example ESMF_VMUserMpiCommMultiEx, ESMF_VMUserMpiCommMultiEx.F90, line 126
20210821 064519.333 INFO             PET0 Finalizing ESMF
20210821 064519.331 INFO             PET0 !!!!!!!!!!!!!!!!!!!!!!!!!!!!!!!!!!!!!!!!!!!!!!!!!!!!!!
20210821 064519.331 INFO             PET0 !!! THE ESMF_LOG IS SET TO OUTPUT ALL LOG MESSAGES !!!
20210821 064519.331 INFO             PET0 !!!     THIS MAY CAUSE SLOWDOWN IN PERFORMANCE     !!!
20210821 064519.331 INFO             PET0 !!! FOR PRODUCTION RUNS, USE:                      !!!
20210821 064519.331 INFO             PET0 !!!                   ESMF_LOGKIND_Multi_On_Error  !!!
20210821 064519.331 INFO             PET0 !!!!!!!!!!!!!!!!!!!!!!!!!!!!!!!!!!!!!!!!!!!!!!!!!!!!!!
20210821 064519.331 INFO             PET0 Running with ESMF Version   : ESMF_8_2_0_beta_snapshot_15-1-g670eb2d1ed
20210821 064519.332 INFO             PET0 ESMF library build date/time: "Aug 21 2021" "06:09:33"
20210821 064519.332 INFO             PET0 ESMF library build location : /glade/scratch/mpotts/gfortran_9.1.0_openmpi_g_develop
20210821 064519.332 INFO             PET0 ESMF_COMM                   : openmpi
20210821 064519.332 INFO             PET0 ESMF_MOAB                   : enabled
20210821 064519.332 INFO             PET0 ESMF_LAPACK                 : enabled
20210821 064519.332 INFO             PET0 ESMF_NETCDF                 : enabled
20210821 064519.332 INFO             PET0 ESMF_PNETCDF                : disabled
20210821 064519.332 INFO             PET0 ESMF_PIO                    : enabled
20210821 064519.332 INFO             PET0 ESMF_YAMLCPP                : enabled
20210821 064519.332 INFO             PET0  NUMBER_OF_PROCESSORS           4
20210821 064519.332 INFO             PET0  PASS  Example ESMF_VMUserMpiCommMultiEx, ESMF_VMUserMpiCommMultiEx.F90, line 154
20210821 064519.332 INFO             PET0 Finalizing ESMF
20210821 064519.332 INFO             PET1 !!!!!!!!!!!!!!!!!!!!!!!!!!!!!!!!!!!!!!!!!!!!!!!!!!!!!!
20210821 064519.332 INFO             PET1 !!! THE ESMF_LOG IS SET TO OUTPUT ALL LOG MESSAGES !!!
20210821 064519.332 INFO             PET1 !!!     THIS MAY CAUSE SLOWDOWN IN PERFORMANCE     !!!
20210821 064519.332 INFO             PET1 !!! FOR PRODUCTION RUNS, USE:                      !!!
20210821 064519.332 INFO             PET1 !!!                   ESMF_LOGKIND_Multi_On_Error  !!!
20210821 064519.332 INFO             PET1 !!!!!!!!!!!!!!!!!!!!!!!!!!!!!!!!!!!!!!!!!!!!!!!!!!!!!!
20210821 064519.332 INFO             PET1 Running with ESMF Version   : ESMF_8_2_0_beta_snapshot_15-1-g670eb2d1ed
20210821 064519.332 INFO             PET1 ESMF library build date/time: "Aug 21 2021" "06:09:33"
20210821 064519.332 INFO             PET1 ESMF library build location : /glade/scratch/mpotts/gfortran_9.1.0_openmpi_g_develop
20210821 064519.332 INFO             PET1 ESMF_COMM                   : openmpi
20210821 064519.332 INFO             PET1 ESMF_MOAB                   : enabled
20210821 064519.332 INFO             PET1 ESMF_LAPACK                 : enabled
20210821 064519.332 INFO             PET1 ESMF_NETCDF                 : enabled
20210821 064519.332 INFO             PET1 ESMF_PNETCDF                : disabled
20210821 064519.332 INFO             PET1 ESMF_PIO                    : enabled
20210821 064519.332 INFO             PET1 ESMF_YAMLCPP                : enabled
20210821 064519.333 INFO             PET1  NUMBER_OF_PROCESSORS           4
20210821 064519.333 INFO             PET1  PASS  Example ESMF_VMUserMpiCommMultiEx, ESMF_VMUserMpiCommMultiEx.F90, line 126
20210821 064519.333 INFO             PET1 Finalizing ESMF
20210821 064519.331 INFO             PET1 !!!!!!!!!!!!!!!!!!!!!!!!!!!!!!!!!!!!!!!!!!!!!!!!!!!!!!
20210821 064519.331 INFO             PET1 !!! THE ESMF_LOG IS SET TO OUTPUT ALL LOG MESSAGES !!!
20210821 064519.331 INFO             PET1 !!!     THIS MAY CAUSE SLOWDOWN IN PERFORMANCE     !!!
20210821 064519.331 INFO             PET1 !!! FOR PRODUCTION RUNS, USE:                      !!!
20210821 064519.331 INFO             PET1 !!!                   ESMF_LOGKIND_Multi_On_Error  !!!
20210821 064519.331 INFO             PET1 !!!!!!!!!!!!!!!!!!!!!!!!!!!!!!!!!!!!!!!!!!!!!!!!!!!!!!
20210821 064519.331 INFO             PET1 Running with ESMF Version   : ESMF_8_2_0_beta_snapshot_15-1-g670eb2d1ed
20210821 064519.331 INFO             PET1 ESMF library build date/time: "Aug 21 2021" "06:09:33"
20210821 064519.331 INFO             PET1 ESMF library build location : /glade/scratch/mpotts/gfortran_9.1.0_openmpi_g_develop
20210821 064519.331 INFO             PET1 ESMF_COMM                   : openmpi
20210821 064519.331 INFO             PET1 ESMF_MOAB                   : enabled
20210821 064519.331 INFO             PET1 ESMF_LAPACK                 : enabled
20210821 064519.331 INFO             PET1 ESMF_NETCDF                 : enabled
20210821 064519.331 INFO             PET1 ESMF_PNETCDF                : disabled
20210821 064519.331 INFO             PET1 ESMF_PIO                    : enabled
20210821 064519.331 INFO             PET1 ESMF_YAMLCPP                : enabled
20210821 064519.332 INFO             PET1  NUMBER_OF_PROCESSORS           4
20210821 064519.332 INFO             PET1  PASS  Example ESMF_VMUserMpiCommMultiEx, ESMF_VMUserMpiCommMultiEx.F90, line 154
20210821 064519.332 INFO             PET1 Finalizing ESMF
