build time -- 2021-06-20 05:47:34.656966
  PASS  Example ESMF_FieldHaloEx, ESMF_FieldHaloEx.F90, line 200
  PASS  Example ESMF_FieldHaloEx, ESMF_FieldHaloEx.F90, line 200
  PASS  Example ESMF_FieldHaloEx, ESMF_FieldHaloEx.F90, line 200
  PASS  Example ESMF_FieldHaloEx, ESMF_FieldHaloEx.F90, line 200
[r1i4n32:25881:0:25881] Caught signal 11 (Segmentation fault: address not mapped to object at address 0x30)
[r1i4n32:25880:0:25880] Caught signal 11 (Segmentation fault: address not mapped to object at address 0x30)
[r1i4n32:25883:0:25883] Caught signal 11 (Segmentation fault: address not mapped to object at address 0x30)
--------------------------------------------------------------------------
A system call failed during shared memory initialization that should
not have.  It is likely that your MPI job will now either abort or
experience performance degradation.

  Local host:  r1i4n32
  System call: unlink(2) /dev/shm/vader_segment.r1i4n32.560c0001.2
  Error:       No such file or directory (errno 2)
--------------------------------------------------------------------------
[r1i4n32:25882:0:25882] Caught signal 11 (Segmentation fault: Sent by the kernel at address (nil))
--------------------------------------------------------------------------
Primary job  terminated normally, but 1 process returned
a non-zero exit code. Per user-direction, the job has been aborted.
--------------------------------------------------------------------------
==== backtrace (tid:  25882) ====
 0  /glade/u/apps/ch/opt/ucx/1.9.0/lib/libucs.so.0(ucs_handle_error+0xe4) [0x2b0509afd574]
 1  /glade/u/apps/ch/opt/ucx/1.9.0/lib/libucs.so.0(+0x2589c) [0x2b0509afd89c]
 2  /glade/u/apps/ch/opt/ucx/1.9.0/lib/libucs.so.0(+0x25b0b) [0x2b0509afdb0b]
 3  /glade/u/apps/ch/os/lib64/libpthread.so.0(+0x10b00) [0x2b04f9b73b00]
 4  /glade/u/apps/ch/opt/openmpi/4.0.5/gnu/9.1.0/lib/libopen-pal.so.40(+0x2d277) [0x2b04fa408277]
 5  /glade/u/apps/ch/opt/openmpi/4.0.5/gnu/9.1.0/lib/openmpi/mca_btl_vader.so(+0x3e81) [0x2b0508209e81]
 6  /glade/u/apps/ch/opt/openmpi/4.0.5/gnu/9.1.0/lib/libopen-pal.so.40(mca_base_component_close+0x1b) [0x2b04fa431ecb]
 7  /glade/u/apps/ch/opt/openmpi/4.0.5/gnu/9.1.0/lib/libopen-pal.so.40(mca_base_components_close+0x56) [0x2b04fa431f56]
 8  /glade/u/apps/ch/opt/openmpi/4.0.5/gnu/9.1.0/lib/libopen-pal.so.40(+0x78260) [0x2b04fa453260]
 9  /glade/u/apps/ch/opt/openmpi/4.0.5/gnu/9.1.0/lib/libopen-pal.so.40(mca_base_framework_close+0x7c) [0x2b04fa43be8c]
10  /glade/u/apps/ch/opt/openmpi/4.0.5/gnu/9.1.0/lib/libopen-pal.so.40(opal_info_close_components+0x25) [0x2b04fa414935]
11  /glade/u/apps/ch/opt/openmpi/4.0.5/gnu/9.1.0/lib/libmpi.so.40(PMPI_T_finalize+0x35) [0x2b04f92423f5]
12  /glade/scratch/mpotts/gfortran_9.1.0_openmpi_g_develop/lib/libg/Linux.gfortran.64.openmpi.default/libesmf.so(_ZN5ESMCI3VMK8finalizeEi+0x3eb) [0x2b04f545c307]
13  /glade/scratch/mpotts/gfortran_9.1.0_openmpi_g_develop/lib/libg/Linux.gfortran.64.openmpi.default/libesmf.so(_ZN5ESMCI2VM8finalizeEP12ESMC_LogicalPi+0x585) [0x2b04f547d363]
14  /glade/scratch/mpotts/gfortran_9.1.0_openmpi_g_develop/lib/libg/Linux.gfortran.64.openmpi.default/libesmf.so(c_esmc_vmfinalize_+0x3b) [0x2b04f5455699]
15  /glade/scratch/mpotts/gfortran_9.1.0_openmpi_g_develop/lib/libg/Linux.gfortran.64.openmpi.default/libesmf.so(__esmf_vmmod_MOD_esmf_vmfinalize+0x3b) [0x2b04f61f95b5]
16  /glade/scratch/mpotts/gfortran_9.1.0_openmpi_g_develop/lib/libg/Linux.gfortran.64.openmpi.default/libesmf.so(__esmf_initmod_MOD_esmf_finalize+0x7bb) [0x2b04f5e7f1d6]
17  ./ESMF_FieldHaloEx() [0x4032b2]
18  ./ESMF_FieldHaloEx() [0x4033d7]
19  /glade/u/apps/ch/os/lib64/libc.so.6(__libc_start_main+0xf5) [0x2b04f9da06e5]
20  ./ESMF_FieldHaloEx() [0x401299]
=================================

Program received signal SIGSEGV: Segmentation fault - invalid memory reference.

Backtrace for this error:
#0  0x2b04f9b73aff in ???
#1  0x2b04fa408277 in ???
#2  0x2b0508209e80 in ???
#3  0x2b04fa431eca in ???
#4  0x2b04fa431f55 in ???
#5  0x2b04fa45325f in ???
#6  0x2b04fa43be8b in ???
#7  0x2b04fa414934 in ???
#8  0x2b04f92423f4 in ???
#9  0x2b04f545c306 in _ZN5ESMCI3VMK8finalizeEi
	at /glade/scratch/mpotts/gfortran_9.1.0_openmpi_g_develop/src/Infrastructure/VM/src/ESMCI_VMKernel.C:678
#10  0x2b04f547d362 in _ZN5ESMCI2VM8finalizeEP12ESMC_LogicalPi
	at /glade/scratch/mpotts/gfortran_9.1.0_openmpi_g_develop/src/Infrastructure/VM/src/ESMCI_VM.C:3419
#11  0x2b04f5455698 in c_esmc_vmfinalize_
	at /glade/scratch/mpotts/gfortran_9.1.0_openmpi_g_develop/src/Infrastructure/VM/interface/ESMCI_VM_F.C:1153
#12  0x2b04f61f95b4 in __esmf_vmmod_MOD_esmf_vmfinalize
	at /glade/scratch/mpotts/gfortran_9.1.0_openmpi_g_develop/src/Infrastructure/VM/interface/ESMF_VM.F90:9286
#13  0x2b04f5e7f1d5 in __esmf_initmod_MOD_esmf_finalize
	at /glade/scratch/mpotts/gfortran_9.1.0_openmpi_g_develop/src/Superstructure/ESMFMod/src/ESMF_Init.F90:997
#14  0x4032b1 in fieldhaloex
	at /glade/scratch/mpotts/gfortran_9.1.0_openmpi_g_develop/src/Infrastructure/Field/examples/ESMF_FieldHaloEx.F90:215
#15  0x4033d6 in main
	at /glade/scratch/mpotts/gfortran_9.1.0_openmpi_g_develop/src/Infrastructure/Field/examples/ESMF_FieldHaloEx.F90:31
--------------------------------------------------------------------------
mpirun noticed that process rank 3 with PID 0 on node r1i4n32 exited on signal 11 (Segmentation fault).
--------------------------------------------------------------------------
  PASS  Example ESMF_FieldHaloEx, ESMF_FieldHaloEx.F90, line 200
  PASS  Example ESMF_FieldHaloEx, ESMF_FieldHaloEx.F90, line 200
  PASS  Example ESMF_FieldHaloEx, ESMF_FieldHaloEx.F90, line 200
  PASS  Example ESMF_FieldHaloEx, ESMF_FieldHaloEx.F90, line 200
[r1i4n32:25881:0:25881] Caught signal 11 (Segmentation fault: address not mapped to object at address 0x30)
[r1i4n32:25880:0:25880] Caught signal 11 (Segmentation fault: address not mapped to object at address 0x30)
[r1i4n32:25883:0:25883] Caught signal 11 (Segmentation fault: address not mapped to object at address 0x30)
--------------------------------------------------------------------------
A system call failed during shared memory initialization that should
not have.  It is likely that your MPI job will now either abort or
experience performance degradation.

  Local host:  r1i4n32
  System call: unlink(2) /dev/shm/vader_segment.r1i4n32.560c0001.2
  Error:       No such file or directory (errno 2)
--------------------------------------------------------------------------
[r1i4n32:25882:0:25882] Caught signal 11 (Segmentation fault: Sent by the kernel at address (nil))
--------------------------------------------------------------------------
Primary job  terminated normally, but 1 process returned
a non-zero exit code. Per user-direction, the job has been aborted.
--------------------------------------------------------------------------
==== backtrace (tid:  25882) ====
 0  /glade/u/apps/ch/opt/ucx/1.9.0/lib/libucs.so.0(ucs_handle_error+0xe4) [0x2b0509afd574]
 1  /glade/u/apps/ch/opt/ucx/1.9.0/lib/libucs.so.0(+0x2589c) [0x2b0509afd89c]
 2  /glade/u/apps/ch/opt/ucx/1.9.0/lib/libucs.so.0(+0x25b0b) [0x2b0509afdb0b]
 3  /glade/u/apps/ch/os/lib64/libpthread.so.0(+0x10b00) [0x2b04f9b73b00]
 4  /glade/u/apps/ch/opt/openmpi/4.0.5/gnu/9.1.0/lib/libopen-pal.so.40(+0x2d277) [0x2b04fa408277]
 5  /glade/u/apps/ch/opt/openmpi/4.0.5/gnu/9.1.0/lib/openmpi/mca_btl_vader.so(+0x3e81) [0x2b0508209e81]
 6  /glade/u/apps/ch/opt/openmpi/4.0.5/gnu/9.1.0/lib/libopen-pal.so.40(mca_base_component_close+0x1b) [0x2b04fa431ecb]
 7  /glade/u/apps/ch/opt/openmpi/4.0.5/gnu/9.1.0/lib/libopen-pal.so.40(mca_base_components_close+0x56) [0x2b04fa431f56]
 8  /glade/u/apps/ch/opt/openmpi/4.0.5/gnu/9.1.0/lib/libopen-pal.so.40(+0x78260) [0x2b04fa453260]
 9  /glade/u/apps/ch/opt/openmpi/4.0.5/gnu/9.1.0/lib/libopen-pal.so.40(mca_base_framework_close+0x7c) [0x2b04fa43be8c]
10  /glade/u/apps/ch/opt/openmpi/4.0.5/gnu/9.1.0/lib/libopen-pal.so.40(opal_info_close_components+0x25) [0x2b04fa414935]
11  /glade/u/apps/ch/opt/openmpi/4.0.5/gnu/9.1.0/lib/libmpi.so.40(PMPI_T_finalize+0x35) [0x2b04f92423f5]
12  /glade/scratch/mpotts/gfortran_9.1.0_openmpi_g_develop/lib/libg/Linux.gfortran.64.openmpi.default/libesmf.so(_ZN5ESMCI3VMK8finalizeEi+0x3eb) [0x2b04f545c307]
13  /glade/scratch/mpotts/gfortran_9.1.0_openmpi_g_develop/lib/libg/Linux.gfortran.64.openmpi.default/libesmf.so(_ZN5ESMCI2VM8finalizeEP12ESMC_LogicalPi+0x585) [0x2b04f547d363]
14  /glade/scratch/mpotts/gfortran_9.1.0_openmpi_g_develop/lib/libg/Linux.gfortran.64.openmpi.default/libesmf.so(c_esmc_vmfinalize_+0x3b) [0x2b04f5455699]
15  /glade/scratch/mpotts/gfortran_9.1.0_openmpi_g_develop/lib/libg/Linux.gfortran.64.openmpi.default/libesmf.so(__esmf_vmmod_MOD_esmf_vmfinalize+0x3b) [0x2b04f61f95b5]
16  /glade/scratch/mpotts/gfortran_9.1.0_openmpi_g_develop/lib/libg/Linux.gfortran.64.openmpi.default/libesmf.so(__esmf_initmod_MOD_esmf_finalize+0x7bb) [0x2b04f5e7f1d6]
17  ./ESMF_FieldHaloEx() [0x4032b2]
18  ./ESMF_FieldHaloEx() [0x4033d7]
19  /glade/u/apps/ch/os/lib64/libc.so.6(__libc_start_main+0xf5) [0x2b04f9da06e5]
20  ./ESMF_FieldHaloEx() [0x401299]
=================================

Program received signal SIGSEGV: Segmentation fault - invalid memory reference.

Backtrace for this error:
#0  0x2b04f9b73aff in ???
#1  0x2b04fa408277 in ???
#2  0x2b0508209e80 in ???
#3  0x2b04fa431eca in ???
#4  0x2b04fa431f55 in ???
#5  0x2b04fa45325f in ???
#6  0x2b04fa43be8b in ???
#7  0x2b04fa414934 in ???
#8  0x2b04f92423f4 in ???
#9  0x2b04f545c306 in _ZN5ESMCI3VMK8finalizeEi
	at /glade/scratch/mpotts/gfortran_9.1.0_openmpi_g_develop/src/Infrastructure/VM/src/ESMCI_VMKernel.C:678
#10  0x2b04f547d362 in _ZN5ESMCI2VM8finalizeEP12ESMC_LogicalPi
	at /glade/scratch/mpotts/gfortran_9.1.0_openmpi_g_develop/src/Infrastructure/VM/src/ESMCI_VM.C:3419
#11  0x2b04f5455698 in c_esmc_vmfinalize_
	at /glade/scratch/mpotts/gfortran_9.1.0_openmpi_g_develop/src/Infrastructure/VM/interface/ESMCI_VM_F.C:1153
#12  0x2b04f61f95b4 in __esmf_vmmod_MOD_esmf_vmfinalize
	at /glade/scratch/mpotts/gfortran_9.1.0_openmpi_g_develop/src/Infrastructure/VM/interface/ESMF_VM.F90:9286
#13  0x2b04f5e7f1d5 in __esmf_initmod_MOD_esmf_finalize
	at /glade/scratch/mpotts/gfortran_9.1.0_openmpi_g_develop/src/Superstructure/ESMFMod/src/ESMF_Init.F90:997
#14  0x4032b1 in fieldhaloex
	at /glade/scratch/mpotts/gfortran_9.1.0_openmpi_g_develop/src/Infrastructure/Field/examples/ESMF_FieldHaloEx.F90:215
#15  0x4033d6 in main
	at /glade/scratch/mpotts/gfortran_9.1.0_openmpi_g_develop/src/Infrastructure/Field/examples/ESMF_FieldHaloEx.F90:31
--------------------------------------------------------------------------
mpirun noticed that process rank 3 with PID 0 on node r1i4n32 exited on signal 11 (Segmentation fault).
--------------------------------------------------------------------------
