build time -- 2021-06-21 05:47:59.743974
  PASS  Example ESMF_RHandleDynamicMaskingEx, ESMF_RHandleDynamicMaskingEx.F90, line 1116
  PASS  Example ESMF_RHandleDynamicMaskingEx, ESMF_RHandleDynamicMaskingEx.F90, line 1116
  PASS  Example ESMF_RHandleDynamicMaskingEx, ESMF_RHandleDynamicMaskingEx.F90, line 1116
  PASS  Example ESMF_RHandleDynamicMaskingEx, ESMF_RHandleDynamicMaskingEx.F90, line 1116
[r1i5n29:41951:0:41951] Caught signal 11 (Segmentation fault: address not mapped to object at address 0x60)
[r1i5n29:41949:0:41949] Caught signal 11 (Segmentation fault: address not mapped to object at address 0x30)
[r1i5n29:41950:0:41950] Caught signal 11 (Segmentation fault: address not mapped to object at address 0x30)
[r1i5n29:41952:0:41952] Caught signal 11 (Segmentation fault: address not mapped to object at address 0x30)
--------------------------------------------------------------------------
Primary job  terminated normally, but 1 process returned
a non-zero exit code. Per user-direction, the job has been aborted.
--------------------------------------------------------------------------
--------------------------------------------------------------------------
mpirun noticed that process rank 3 with PID 0 on node r1i5n29 exited on signal 11 (Segmentation fault).
--------------------------------------------------------------------------
  PASS  Example ESMF_RHandleDynamicMaskingEx, ESMF_RHandleDynamicMaskingEx.F90, line 1116
  PASS  Example ESMF_RHandleDynamicMaskingEx, ESMF_RHandleDynamicMaskingEx.F90, line 1116
  PASS  Example ESMF_RHandleDynamicMaskingEx, ESMF_RHandleDynamicMaskingEx.F90, line 1116
  PASS  Example ESMF_RHandleDynamicMaskingEx, ESMF_RHandleDynamicMaskingEx.F90, line 1116
[r1i5n29:41951:0:41951] Caught signal 11 (Segmentation fault: address not mapped to object at address 0x60)
[r1i5n29:41949:0:41949] Caught signal 11 (Segmentation fault: address not mapped to object at address 0x30)
[r1i5n29:41950:0:41950] Caught signal 11 (Segmentation fault: address not mapped to object at address 0x30)
[r1i5n29:41952:0:41952] Caught signal 11 (Segmentation fault: address not mapped to object at address 0x30)
--------------------------------------------------------------------------
Primary job  terminated normally, but 1 process returned
a non-zero exit code. Per user-direction, the job has been aborted.
--------------------------------------------------------------------------
--------------------------------------------------------------------------
mpirun noticed that process rank 3 with PID 0 on node r1i5n29 exited on signal 11 (Segmentation fault).
--------------------------------------------------------------------------
