build time -- 2021-06-16 05:49:38.224804
 Regridding through XGrid example returned
 Regridding through XGrid example returned
  PASS  Example ESMF_XGridEx, ESMF_XGridEx.F90, line 525
  PASS  Example ESMF_XGridEx, ESMF_XGridEx.F90, line 525
 Regridding through XGrid example returned
  PASS  Example ESMF_XGridEx, ESMF_XGridEx.F90, line 525
 Regridding through XGrid example returned
  PASS  Example ESMF_XGridEx, ESMF_XGridEx.F90, line 525
[r14i4n18:4488 :0:4488] Caught signal 11 (Segmentation fault: address not mapped to object at address 0x30)
[r14i4n18:4490 :0:4490] Caught signal 11 (Segmentation fault: address not mapped to object at address 0x30)
--------------------------------------------------------------------------
A system call failed during shared memory initialization that should
not have.  It is likely that your MPI job will now either abort or
experience performance degradation.

  Local host:  r14i4n18
  System call: unlink(2) /dev/shm/vader_segment.r14i4n18.18c00001.1
  Error:       No such file or directory (errno 2)
--------------------------------------------------------------------------
--------------------------------------------------------------------------
A system call failed during shared memory initialization that should
not have.  It is likely that your MPI job will now either abort or
experience performance degradation.

  Local host:  r14i4n18
  System call: unlink(2) /dev/shm/vader_segment.r14i4n18.18c00001.3
  Error:       No such file or directory (errno 2)
--------------------------------------------------------------------------
[r14i4n18:4489 :0:4489] Caught signal 11 (Segmentation fault: address not mapped to object at address 0x30)
[r14i4n18:4491 :0:4491] Caught signal 11 (Segmentation fault: address not mapped to object at address 0x70)
--------------------------------------------------------------------------
Primary job  terminated normally, but 1 process returned
a non-zero exit code. Per user-direction, the job has been aborted.
--------------------------------------------------------------------------
--------------------------------------------------------------------------
mpirun noticed that process rank 0 with PID 0 on node r14i4n18 exited on signal 11 (Segmentation fault).
--------------------------------------------------------------------------
 Regridding through XGrid example returned
 Regridding through XGrid example returned
  PASS  Example ESMF_XGridEx, ESMF_XGridEx.F90, line 525
  PASS  Example ESMF_XGridEx, ESMF_XGridEx.F90, line 525
 Regridding through XGrid example returned
  PASS  Example ESMF_XGridEx, ESMF_XGridEx.F90, line 525
 Regridding through XGrid example returned
  PASS  Example ESMF_XGridEx, ESMF_XGridEx.F90, line 525
[r14i4n18:4488 :0:4488] Caught signal 11 (Segmentation fault: address not mapped to object at address 0x30)
[r14i4n18:4490 :0:4490] Caught signal 11 (Segmentation fault: address not mapped to object at address 0x30)
--------------------------------------------------------------------------
A system call failed during shared memory initialization that should
not have.  It is likely that your MPI job will now either abort or
experience performance degradation.

  Local host:  r14i4n18
  System call: unlink(2) /dev/shm/vader_segment.r14i4n18.18c00001.1
  Error:       No such file or directory (errno 2)
--------------------------------------------------------------------------
--------------------------------------------------------------------------
A system call failed during shared memory initialization that should
not have.  It is likely that your MPI job will now either abort or
experience performance degradation.

  Local host:  r14i4n18
  System call: unlink(2) /dev/shm/vader_segment.r14i4n18.18c00001.3
  Error:       No such file or directory (errno 2)
--------------------------------------------------------------------------
[r14i4n18:4489 :0:4489] Caught signal 11 (Segmentation fault: address not mapped to object at address 0x30)
[r14i4n18:4491 :0:4491] Caught signal 11 (Segmentation fault: address not mapped to object at address 0x70)
--------------------------------------------------------------------------
Primary job  terminated normally, but 1 process returned
a non-zero exit code. Per user-direction, the job has been aborted.
--------------------------------------------------------------------------
--------------------------------------------------------------------------
mpirun noticed that process rank 0 with PID 0 on node r14i4n18 exited on signal 11 (Segmentation fault).
--------------------------------------------------------------------------
