build time -- 2021-06-22 05:47:26.866221
  PASS  Example ESMF_FieldRegridEx, ESMF_FieldRegridEx.F90, line 352
  PASS  Example ESMF_FieldRegridEx, ESMF_FieldRegridEx.F90, line 352
  PASS  Example ESMF_FieldRegridEx, ESMF_FieldRegridEx.F90, line 352
  PASS  Example ESMF_FieldRegridEx, ESMF_FieldRegridEx.F90, line 352
[r1i4n5:61879:0:61879] Caught signal 11 (Segmentation fault: address not mapped to object at address 0x370)
[r1i4n5:61881:0:61881] Caught signal 11 (Segmentation fault: address not mapped to object at address 0x30)
[r1i4n5:61878:0:61878] Caught signal 11 (Segmentation fault: address not mapped to object at address 0x30)
[r1i4n5:61880:0:61880] Caught signal 11 (Segmentation fault: address not mapped to object at address 0x30)
--------------------------------------------------------------------------
Primary job  terminated normally, but 1 process returned
a non-zero exit code. Per user-direction, the job has been aborted.
--------------------------------------------------------------------------
--------------------------------------------------------------------------
mpirun noticed that process rank 3 with PID 0 on node r1i4n5 exited on signal 11 (Segmentation fault).
--------------------------------------------------------------------------
  PASS  Example ESMF_FieldRegridEx, ESMF_FieldRegridEx.F90, line 352
  PASS  Example ESMF_FieldRegridEx, ESMF_FieldRegridEx.F90, line 352
  PASS  Example ESMF_FieldRegridEx, ESMF_FieldRegridEx.F90, line 352
  PASS  Example ESMF_FieldRegridEx, ESMF_FieldRegridEx.F90, line 352
[r1i4n5:61879:0:61879] Caught signal 11 (Segmentation fault: address not mapped to object at address 0x370)
[r1i4n5:61881:0:61881] Caught signal 11 (Segmentation fault: address not mapped to object at address 0x30)
[r1i4n5:61878:0:61878] Caught signal 11 (Segmentation fault: address not mapped to object at address 0x30)
[r1i4n5:61880:0:61880] Caught signal 11 (Segmentation fault: address not mapped to object at address 0x30)
--------------------------------------------------------------------------
Primary job  terminated normally, but 1 process returned
a non-zero exit code. Per user-direction, the job has been aborted.
--------------------------------------------------------------------------
--------------------------------------------------------------------------
mpirun noticed that process rank 3 with PID 0 on node r1i4n5 exited on signal 11 (Segmentation fault).
--------------------------------------------------------------------------
