build time -- 2021-06-22 05:47:26.866221
  PASS  Example ESMF_GridUsageEx, ESMF_GridUsageEx.F90, line 3470
  PASS  Example ESMF_GridUsageEx, ESMF_GridUsageEx.F90, line 3470
  PASS  Example ESMF_GridUsageEx, ESMF_GridUsageEx.F90, line 3470
  PASS  Example ESMF_GridUsageEx, ESMF_GridUsageEx.F90, line 3470
[r1i4n5:46721:0:46721] Caught signal 11 (Segmentation fault: address not mapped to object at address 0x30)
[r1i4n5:46723:0:46723] Caught signal 11 (Segmentation fault: address not mapped to object at address 0x30)
[r1i4n5:46722:0:46722] Caught signal 11 (Segmentation fault: address not mapped to object at address 0x30)
[r1i4n5:46720:0:46720] Caught signal 11 (Segmentation fault: address not mapped to object at address 0x30)
--------------------------------------------------------------------------
Primary job  terminated normally, but 1 process returned
a non-zero exit code. Per user-direction, the job has been aborted.
--------------------------------------------------------------------------
--------------------------------------------------------------------------
mpirun noticed that process rank 2 with PID 0 on node r1i4n5 exited on signal 11 (Segmentation fault).
--------------------------------------------------------------------------
  PASS  Example ESMF_GridUsageEx, ESMF_GridUsageEx.F90, line 3470
  PASS  Example ESMF_GridUsageEx, ESMF_GridUsageEx.F90, line 3470
  PASS  Example ESMF_GridUsageEx, ESMF_GridUsageEx.F90, line 3470
  PASS  Example ESMF_GridUsageEx, ESMF_GridUsageEx.F90, line 3470
[r1i4n5:46721:0:46721] Caught signal 11 (Segmentation fault: address not mapped to object at address 0x30)
[r1i4n5:46723:0:46723] Caught signal 11 (Segmentation fault: address not mapped to object at address 0x30)
[r1i4n5:46722:0:46722] Caught signal 11 (Segmentation fault: address not mapped to object at address 0x30)
[r1i4n5:46720:0:46720] Caught signal 11 (Segmentation fault: address not mapped to object at address 0x30)
--------------------------------------------------------------------------
Primary job  terminated normally, but 1 process returned
a non-zero exit code. Per user-direction, the job has been aborted.
--------------------------------------------------------------------------
--------------------------------------------------------------------------
mpirun noticed that process rank 2 with PID 0 on node r1i4n5 exited on signal 11 (Segmentation fault).
--------------------------------------------------------------------------
