build time -- 2021-06-06 05:48:26.906759
--------------------------------------------------------------------------
A system call failed during shared memory initialization that should
not have.  It is likely that your MPI job will now either abort or
experience performance degradation.

  Local host:  r1i5n12
  System call: open(2) 
  Error:       Permission denied (errno 13)
--------------------------------------------------------------------------
 dummy output from attached method 
 dummy output from attached method 
 dummy output from attached method 
 dummy output from attached method 
  PASS  Example ESMF_AttachMethodsEx, ESMF_AttachMethodsEx.F90, line 274
  PASS  Example ESMF_AttachMethodsEx, ESMF_AttachMethodsEx.F90, line 274
  PASS  Example ESMF_AttachMethodsEx, ESMF_AttachMethodsEx.F90, line 274
  PASS  Example ESMF_AttachMethodsEx, ESMF_AttachMethodsEx.F90, line 274
 PASS: ESMF_AttachMethodsEx.F90
 PASS: ESMF_AttachMethodsEx.F90
 PASS: ESMF_AttachMethodsEx.F90
 PASS: ESMF_AttachMethodsEx.F90
[r1i5n12:44571] 3 more processes have sent help message help-opal-shmem-mmap.txt / sys call fail
[r1i5n12:44571] Set MCA parameter "orte_base_help_aggregate" to 0 to see all help / error messages
--------------------------------------------------------------------------
A system call failed during shared memory initialization that should
not have.  It is likely that your MPI job will now either abort or
experience performance degradation.

  Local host:  r1i5n12
  System call: open(2) 
  Error:       Permission denied (errno 13)
--------------------------------------------------------------------------
 dummy output from attached method 
 dummy output from attached method 
 dummy output from attached method 
 dummy output from attached method 
  PASS  Example ESMF_AttachMethodsEx, ESMF_AttachMethodsEx.F90, line 274
  PASS  Example ESMF_AttachMethodsEx, ESMF_AttachMethodsEx.F90, line 274
  PASS  Example ESMF_AttachMethodsEx, ESMF_AttachMethodsEx.F90, line 274
  PASS  Example ESMF_AttachMethodsEx, ESMF_AttachMethodsEx.F90, line 274
 PASS: ESMF_AttachMethodsEx.F90
 PASS: ESMF_AttachMethodsEx.F90
 PASS: ESMF_AttachMethodsEx.F90
 PASS: ESMF_AttachMethodsEx.F90
[r1i5n12:44571] 3 more processes have sent help message help-opal-shmem-mmap.txt / sys call fail
[r1i5n12:44571] Set MCA parameter "orte_base_help_aggregate" to 0 to see all help / error messages
