build time -- 2021-06-22 05:47:26.866221
 got same values back from GetInternalState as original
 got same values back from GetInternalState as original
 got same values back from GetInternalState as original
 got same values back from GetInternalState as original
  PASS  Example ESMF_InternalStateModEx, ESMF_InternalStateModEx.F90, line 239
  PASS  Example ESMF_InternalStateModEx, ESMF_InternalStateModEx.F90, line 239
  PASS  Example ESMF_InternalStateModEx, ESMF_InternalStateModEx.F90, line 239
  PASS  Example ESMF_InternalStateModEx, ESMF_InternalStateModEx.F90, line 239
[r1i4n5:72362:0:72362] Caught signal 11 (Segmentation fault: address not mapped to object at address 0x30)
[r1i4n5:72361:0:72361] Caught signal 11 (Segmentation fault: address not mapped to object at address 0x30)
--------------------------------------------------------------------------
A system call failed during shared memory initialization that should
not have.  It is likely that your MPI job will now either abort or
experience performance degradation.

  Local host:  r1i4n5
  System call: unlink(2) /dev/shm/vader_segment.r1i4n5.20620001.3
  Error:       No such file or directory (errno 2)
--------------------------------------------------------------------------
[r1i4n5:72364:0:72364] Caught signal 11 (Segmentation fault: address not mapped to object at address 0x130)
--------------------------------------------------------------------------
Primary job  terminated normally, but 1 process returned
a non-zero exit code. Per user-direction, the job has been aborted.
--------------------------------------------------------------------------
--------------------------------------------------------------------------
A system call failed during shared memory initialization that should
not have.  It is likely that your MPI job will now either abort or
experience performance degradation.

  Local host:  r1i4n5
  System call: unlink(2) /dev/shm/vader_segment.r1i4n5.20620001.2
  Error:       No such file or directory (errno 2)
--------------------------------------------------------------------------
[r1i4n5:72363:0:72363] Caught signal 11 (Segmentation fault: address not mapped to object at address 0x70)
--------------------------------------------------------------------------
mpirun noticed that process rank 3 with PID 0 on node r1i4n5 exited on signal 11 (Segmentation fault).
--------------------------------------------------------------------------
 got same values back from GetInternalState as original
 got same values back from GetInternalState as original
 got same values back from GetInternalState as original
 got same values back from GetInternalState as original
  PASS  Example ESMF_InternalStateModEx, ESMF_InternalStateModEx.F90, line 239
  PASS  Example ESMF_InternalStateModEx, ESMF_InternalStateModEx.F90, line 239
  PASS  Example ESMF_InternalStateModEx, ESMF_InternalStateModEx.F90, line 239
  PASS  Example ESMF_InternalStateModEx, ESMF_InternalStateModEx.F90, line 239
[r1i4n5:72362:0:72362] Caught signal 11 (Segmentation fault: address not mapped to object at address 0x30)
[r1i4n5:72361:0:72361] Caught signal 11 (Segmentation fault: address not mapped to object at address 0x30)
--------------------------------------------------------------------------
A system call failed during shared memory initialization that should
not have.  It is likely that your MPI job will now either abort or
experience performance degradation.

  Local host:  r1i4n5
  System call: unlink(2) /dev/shm/vader_segment.r1i4n5.20620001.3
  Error:       No such file or directory (errno 2)
--------------------------------------------------------------------------
[r1i4n5:72364:0:72364] Caught signal 11 (Segmentation fault: address not mapped to object at address 0x130)
--------------------------------------------------------------------------
Primary job  terminated normally, but 1 process returned
a non-zero exit code. Per user-direction, the job has been aborted.
--------------------------------------------------------------------------
--------------------------------------------------------------------------
A system call failed during shared memory initialization that should
not have.  It is likely that your MPI job will now either abort or
experience performance degradation.

  Local host:  r1i4n5
  System call: unlink(2) /dev/shm/vader_segment.r1i4n5.20620001.2
  Error:       No such file or directory (errno 2)
--------------------------------------------------------------------------
[r1i4n5:72363:0:72363] Caught signal 11 (Segmentation fault: address not mapped to object at address 0x70)
--------------------------------------------------------------------------
mpirun noticed that process rank 3 with PID 0 on node r1i4n5 exited on signal 11 (Segmentation fault).
--------------------------------------------------------------------------
