build time -- 2021-06-05 05:48:00.175418
20210605 061348.774 INFO             PET0 !!!!!!!!!!!!!!!!!!!!!!!!!!!!!!!!!!!!!!!!!!!!!!!!!!!!!!
20210605 061348.774 INFO             PET0 !!! THE ESMF_LOG IS SET TO OUTPUT ALL LOG MESSAGES !!!
20210605 061348.774 INFO             PET0 !!!     THIS MAY CAUSE SLOWDOWN IN PERFORMANCE     !!!
20210605 061348.774 INFO             PET0 !!! FOR PRODUCTION RUNS, USE:                      !!!
20210605 061348.774 INFO             PET0 !!!                   ESMF_LOGKIND_Multi_On_Error  !!!
20210605 061348.774 INFO             PET0 !!!!!!!!!!!!!!!!!!!!!!!!!!!!!!!!!!!!!!!!!!!!!!!!!!!!!!
20210605 061348.774 INFO             PET0 Running with ESMF Version   : ESMF_8_2_0_beta_snapshot_10-4-g5723c9f789
20210605 061348.774 INFO             PET0 ESMF library build date/time: "Jun  5 2021" "05:45:31"
20210605 061348.774 INFO             PET0 ESMF library build location : /glade/scratch/mpotts/gfortran_9.1.0_openmpi_g_develop
20210605 061348.774 INFO             PET0 ESMF_COMM                   : openmpi
20210605 061348.774 INFO             PET0 ESMF_MOAB                   : enabled
20210605 061348.774 INFO             PET0 ESMF_LAPACK                 : enabled
20210605 061348.774 INFO             PET0 ESMF_NETCDF                 : enabled
20210605 061348.774 INFO             PET0 ESMF_PNETCDF                : disabled
20210605 061348.774 INFO             PET0 ESMF_PIO                    : enabled
20210605 061348.774 INFO             PET0 ESMF_YAMLCPP                : enabled
20210605 061348.775 INFO             PET0  NUMBER_OF_PROCESSORS           1
20210605 061348.775 INFO             PET0  PASS  Example ESMF_ClockEx, ESMF_ClockEx.F90, line 220
20210605 061348.775 INFO             PET0 Finalizing ESMF
