build time -- 2021-06-22 05:47:26.866221
 FieldBundle example 1 returned
 FieldBundle example 1 returned
 FieldBundle example 1 returned
 FieldBundle example 1 returned
 FieldBundle example 2 returned, fieldcount =           1
 FieldBundle example 2 returned, fieldcount =           1
 FieldBundle example 3 returned, fieldcount =           3
 FieldBundle example 3 returned, fieldcount =           3
 FieldBundle example 4 returned, field names = pressure, pressure
 FieldBundle name = atmosphere data
 FieldBundle example 4 returned, field names = pressure, pressure
 FieldBundle name = atmosphere data
 heat flux                                                                                                                                                                                                                                                       
 heat flux                                                                                                                                                                                                                                                       
 pressure                                                                                                                                                                                                                                                        
 temperature                                                                                                                                                                                                                                                     
 pressure                                                                                                                                                                                                                                                        
 temperature                                                                                                                                                                                                                                                     
 temperature                                                                                                                                                                                                                                                     
 pressure                                                                                                                                                                                                                                                        
 heat flux                                                                                                                                                                                                                                                       
 temperature                                                                                                                                                                                                                                                     
 pressure                                                                                                                                                                                                                                                        
 heat flux                                                                                                                                                                                                                                                       
 FieldBundle example 2 returned, fieldcount =           1
 FieldBundle example 2 returned, fieldcount =           1
 FieldBundle example 3 returned, fieldcount =           3
 FieldBundle example 3 returned, fieldcount =           3
 FieldBundle example 4 returned, field names = pressure, pressure
 FieldBundle name = atmosphere data
 FieldBundle example 4 returned, field names = pressure, pressure
 FieldBundle name = atmosphere data
 heat flux                                                                                                                                                                                                                                                       
 pressure                                                                                                                                                                                                                                                        
 temperature                                                                                                                                                                                                                                                     
 heat flux                                                                                                                                                                                                                                                       
 pressure                                                                                                                                                                                                                                                        
 temperature                                                                                                                                                                                                                                                     
 temperature                                                                                                                                                                                                                                                     
 pressure                                                                                                                                                                                                                                                        
 heat flux                                                                                                                                                                                                                                                       
 temperature                                                                                                                                                                                                                                                     
 pressure                                                                                                                                                                                                                                                        
 heat flux                                                                                                                                                                                                                                                       
  PASS  Example ESMF_FieldBundleCreateEx, ESMF_FieldBundleCreateEx.F90, line 561
 PASS: ESMF_FieldBundleCreateEx.F90
  PASS  Example ESMF_FieldBundleCreateEx, ESMF_FieldBundleCreateEx.F90, line 561
 PASS: ESMF_FieldBundleCreateEx.F90
  PASS  Example ESMF_FieldBundleCreateEx, ESMF_FieldBundleCreateEx.F90, line 561
 PASS: ESMF_FieldBundleCreateEx.F90
  PASS  Example ESMF_FieldBundleCreateEx, ESMF_FieldBundleCreateEx.F90, line 561
 PASS: ESMF_FieldBundleCreateEx.F90
[r1i4n5:66668:0:66668] Caught signal 11 (Segmentation fault: address not mapped to object at address 0x30)
[r1i4n5:66670:0:66670] Caught signal 11 (Segmentation fault: address not mapped to object at address 0x30)
[r1i4n5:66669:0:66669] Caught signal 11 (Segmentation fault: address not mapped to object at address 0x30)
[r1i4n5:66667:0:66667] Caught signal 11 (Segmentation fault: address not mapped to object at address 0x30)
--------------------------------------------------------------------------
Primary job  terminated normally, but 1 process returned
a non-zero exit code. Per user-direction, the job has been aborted.
--------------------------------------------------------------------------
--------------------------------------------------------------------------
mpirun noticed that process rank 1 with PID 0 on node r1i4n5 exited on signal 11 (Segmentation fault).
--------------------------------------------------------------------------
 FieldBundle example 1 returned
 FieldBundle example 1 returned
 FieldBundle example 1 returned
 FieldBundle example 1 returned
 FieldBundle example 2 returned, fieldcount =           1
 FieldBundle example 2 returned, fieldcount =           1
 FieldBundle example 3 returned, fieldcount =           3
 FieldBundle example 3 returned, fieldcount =           3
 FieldBundle example 4 returned, field names = pressure, pressure
 FieldBundle name = atmosphere data
 FieldBundle example 4 returned, field names = pressure, pressure
 FieldBundle name = atmosphere data
 heat flux                                                                                                                                                                                                                                                       
 heat flux                                                                                                                                                                                                                                                       
 pressure                                                                                                                                                                                                                                                        
 temperature                                                                                                                                                                                                                                                     
 pressure                                                                                                                                                                                                                                                        
 temperature                                                                                                                                                                                                                                                     
 temperature                                                                                                                                                                                                                                                     
 pressure                                                                                                                                                                                                                                                        
 heat flux                                                                                                                                                                                                                                                       
 temperature                                                                                                                                                                                                                                                     
 pressure                                                                                                                                                                                                                                                        
 heat flux                                                                                                                                                                                                                                                       
 FieldBundle example 2 returned, fieldcount =           1
 FieldBundle example 2 returned, fieldcount =           1
 FieldBundle example 3 returned, fieldcount =           3
 FieldBundle example 3 returned, fieldcount =           3
 FieldBundle example 4 returned, field names = pressure, pressure
 FieldBundle name = atmosphere data
 FieldBundle example 4 returned, field names = pressure, pressure
 FieldBundle name = atmosphere data
 heat flux                                                                                                                                                                                                                                                       
 pressure                                                                                                                                                                                                                                                        
 temperature                                                                                                                                                                                                                                                     
 heat flux                                                                                                                                                                                                                                                       
 pressure                                                                                                                                                                                                                                                        
 temperature                                                                                                                                                                                                                                                     
 temperature                                                                                                                                                                                                                                                     
 pressure                                                                                                                                                                                                                                                        
 heat flux                                                                                                                                                                                                                                                       
 temperature                                                                                                                                                                                                                                                     
 pressure                                                                                                                                                                                                                                                        
 heat flux                                                                                                                                                                                                                                                       
  PASS  Example ESMF_FieldBundleCreateEx, ESMF_FieldBundleCreateEx.F90, line 561
 PASS: ESMF_FieldBundleCreateEx.F90
  PASS  Example ESMF_FieldBundleCreateEx, ESMF_FieldBundleCreateEx.F90, line 561
 PASS: ESMF_FieldBundleCreateEx.F90
  PASS  Example ESMF_FieldBundleCreateEx, ESMF_FieldBundleCreateEx.F90, line 561
 PASS: ESMF_FieldBundleCreateEx.F90
  PASS  Example ESMF_FieldBundleCreateEx, ESMF_FieldBundleCreateEx.F90, line 561
 PASS: ESMF_FieldBundleCreateEx.F90
[r1i4n5:66668:0:66668] Caught signal 11 (Segmentation fault: address not mapped to object at address 0x30)
[r1i4n5:66670:0:66670] Caught signal 11 (Segmentation fault: address not mapped to object at address 0x30)
[r1i4n5:66669:0:66669] Caught signal 11 (Segmentation fault: address not mapped to object at address 0x30)
[r1i4n5:66667:0:66667] Caught signal 11 (Segmentation fault: address not mapped to object at address 0x30)
--------------------------------------------------------------------------
Primary job  terminated normally, but 1 process returned
a non-zero exit code. Per user-direction, the job has been aborted.
--------------------------------------------------------------------------
--------------------------------------------------------------------------
mpirun noticed that process rank 1 with PID 0 on node r1i4n5 exited on signal 11 (Segmentation fault).
--------------------------------------------------------------------------
