build time -- 2021-07-06 05:46:56.144770
20210706 061346.536 INFO             PET0 !!!!!!!!!!!!!!!!!!!!!!!!!!!!!!!!!!!!!!!!!!!!!!!!!!!!!!
20210706 061346.536 INFO             PET0 !!! THE ESMF_LOG IS SET TO OUTPUT ALL LOG MESSAGES !!!
20210706 061346.536 INFO             PET0 !!!     THIS MAY CAUSE SLOWDOWN IN PERFORMANCE     !!!
20210706 061346.536 INFO             PET0 !!! FOR PRODUCTION RUNS, USE:                      !!!
20210706 061346.536 INFO             PET0 !!!                   ESMF_LOGKIND_Multi_On_Error  !!!
20210706 061346.536 INFO             PET0 !!!!!!!!!!!!!!!!!!!!!!!!!!!!!!!!!!!!!!!!!!!!!!!!!!!!!!
20210706 061346.536 INFO             PET0 Running with ESMF Version   : ESMF_8_2_0_beta_snapshot_12-2-g7397acc804
20210706 061346.536 INFO             PET0 ESMF library build date/time: "Jul  6 2021" "05:44:15"
20210706 061346.536 INFO             PET0 ESMF library build location : /glade/scratch/mpotts/gfortran_9.1.0_openmpi_g_develop
20210706 061346.536 INFO             PET0 ESMF_COMM                   : openmpi
20210706 061346.536 INFO             PET0 ESMF_MOAB                   : enabled
20210706 061346.536 INFO             PET0 ESMF_LAPACK                 : enabled
20210706 061346.536 INFO             PET0 ESMF_NETCDF                 : enabled
20210706 061346.536 INFO             PET0 ESMF_PNETCDF                : disabled
20210706 061346.536 INFO             PET0 ESMF_PIO                    : enabled
20210706 061346.536 INFO             PET0 ESMF_YAMLCPP                : enabled
20210706 061346.543 INFO             PET0  NUMBER_OF_PROCESSORS           1
20210706 061346.543 INFO             PET0  PASS  Example ESMF_XGridSparseMatEx, ESMF_XGridSparseMatEx.F90, line 642
20210706 061346.543 INFO             PET0 Finalizing ESMF
