build time -- 2021-07-01 05:47:54.893512
20210701 061412.338 INFO             PET0 !!!!!!!!!!!!!!!!!!!!!!!!!!!!!!!!!!!!!!!!!!!!!!!!!!!!!!
20210701 061412.338 INFO             PET0 !!! THE ESMF_LOG IS SET TO OUTPUT ALL LOG MESSAGES !!!
20210701 061412.338 INFO             PET0 !!!     THIS MAY CAUSE SLOWDOWN IN PERFORMANCE     !!!
20210701 061412.338 INFO             PET0 !!! FOR PRODUCTION RUNS, USE:                      !!!
20210701 061412.338 INFO             PET0 !!!                   ESMF_LOGKIND_Multi_On_Error  !!!
20210701 061412.338 INFO             PET0 !!!!!!!!!!!!!!!!!!!!!!!!!!!!!!!!!!!!!!!!!!!!!!!!!!!!!!
20210701 061412.338 INFO             PET0 Running with ESMF Version   : ESMF_8_2_0_beta_snapshot_11-9-g26b23c79af
20210701 061412.339 INFO             PET0 ESMF library build date/time: "Jul  1 2021" "05:45:24"
20210701 061412.339 INFO             PET0 ESMF library build location : /glade/scratch/mpotts/gfortran_9.1.0_openmpi_g_develop
20210701 061412.339 INFO             PET0 ESMF_COMM                   : openmpi
20210701 061412.339 INFO             PET0 ESMF_MOAB                   : enabled
20210701 061412.339 INFO             PET0 ESMF_LAPACK                 : enabled
20210701 061412.339 INFO             PET0 ESMF_NETCDF                 : enabled
20210701 061412.339 INFO             PET0 ESMF_PNETCDF                : disabled
20210701 061412.339 INFO             PET0 ESMF_PIO                    : enabled
20210701 061412.339 INFO             PET0 ESMF_YAMLCPP                : enabled
20210701 061412.340 INFO             PET0  NUMBER_OF_PROCESSORS           1
20210701 061412.340 INFO             PET0  PASS  Example ESMF_AlarmEx, ESMF_AlarmEx.F90, line 244
20210701 061412.340 INFO             PET0 Finalizing ESMF
20210701 061412.338 INFO             PET0 !!!!!!!!!!!!!!!!!!!!!!!!!!!!!!!!!!!!!!!!!!!!!!!!!!!!!!
20210701 061412.338 INFO             PET0 !!! THE ESMF_LOG IS SET TO OUTPUT ALL LOG MESSAGES !!!
20210701 061412.338 INFO             PET0 !!!     THIS MAY CAUSE SLOWDOWN IN PERFORMANCE     !!!
20210701 061412.338 INFO             PET0 !!! FOR PRODUCTION RUNS, USE:                      !!!
20210701 061412.338 INFO             PET0 !!!                   ESMF_LOGKIND_Multi_On_Error  !!!
20210701 061412.338 INFO             PET0 !!!!!!!!!!!!!!!!!!!!!!!!!!!!!!!!!!!!!!!!!!!!!!!!!!!!!!
20210701 061412.338 INFO             PET0 Running with ESMF Version   : ESMF_8_2_0_beta_snapshot_11-9-g26b23c79af
20210701 061412.339 INFO             PET0 ESMF library build date/time: "Jul  1 2021" "05:45:24"
20210701 061412.339 INFO             PET0 ESMF library build location : /glade/scratch/mpotts/gfortran_9.1.0_openmpi_g_develop
20210701 061412.339 INFO             PET0 ESMF_COMM                   : openmpi
20210701 061412.339 INFO             PET0 ESMF_MOAB                   : enabled
20210701 061412.339 INFO             PET0 ESMF_LAPACK                 : enabled
20210701 061412.339 INFO             PET0 ESMF_NETCDF                 : enabled
20210701 061412.339 INFO             PET0 ESMF_PNETCDF                : disabled
20210701 061412.339 INFO             PET0 ESMF_PIO                    : enabled
20210701 061412.339 INFO             PET0 ESMF_YAMLCPP                : enabled
20210701 061412.340 INFO             PET0  NUMBER_OF_PROCESSORS           1
20210701 061412.340 INFO             PET0  PASS  Example ESMF_AlarmEx, ESMF_AlarmEx.F90, line 244
20210701 061412.340 INFO             PET0 Finalizing ESMF
