build time -- 2021-06-22 05:47:26.866221
           1 -           1           2 -           3           2 -   0.00000000       0.00000000       0.00000000    
           0 -           1           1 -           3           1 -   0.00000000       0.00000000       1.30000007    
           2 -           1           3 -           3           3 -   0.00000000       2.25000000       0.00000000    
           3 -           1           4 -           3           4 -   0.00000000       0.00000000       3.09999990    
  PASS  Example ESMF_FieldSMMEx, ESMF_FieldSMMEx.F90, line 419
  PASS  Example ESMF_FieldSMMEx, ESMF_FieldSMMEx.F90, line 419
  PASS  Example ESMF_FieldSMMEx, ESMF_FieldSMMEx.F90, line 419
  PASS  Example ESMF_FieldSMMEx, ESMF_FieldSMMEx.F90, line 419
[r1i4n5:64047:0:64047] Caught signal 11 (Segmentation fault: address not mapped to object at address 0x30)
[r1i4n5:64049:0:64049] Caught signal 11 (Segmentation fault: address not mapped to object at address 0x30)
--------------------------------------------------------------------------
A system call failed during shared memory initialization that should
not have.  It is likely that your MPI job will now either abort or
experience performance degradation.

  Local host:  r1i4n5
  System call: unlink(2) /dev/shm/vader_segment.r1i4n5.c0d70001.0
  Error:       No such file or directory (errno 2)
--------------------------------------------------------------------------
--------------------------------------------------------------------------
A system call failed during shared memory initialization that should
not have.  It is likely that your MPI job will now either abort or
experience performance degradation.

  Local host:  r1i4n5
  System call: unlink(2) /dev/shm/vader_segment.r1i4n5.c0d70001.2
  Error:       No such file or directory (errno 2)
--------------------------------------------------------------------------
[r1i4n5:64046:0:64046] Caught signal 11 (Segmentation fault: address not mapped to object at address 0x30)
[r1i4n5:64048:0:64048] Caught signal 11 (Segmentation fault: address not mapped to object at address 0x30)
--------------------------------------------------------------------------
Primary job  terminated normally, but 1 process returned
a non-zero exit code. Per user-direction, the job has been aborted.
--------------------------------------------------------------------------
--------------------------------------------------------------------------
mpirun noticed that process rank 1 with PID 0 on node r1i4n5 exited on signal 11 (Segmentation fault).
--------------------------------------------------------------------------
           1 -           1           2 -           3           2 -   0.00000000       0.00000000       0.00000000    
           0 -           1           1 -           3           1 -   0.00000000       0.00000000       1.30000007    
           2 -           1           3 -           3           3 -   0.00000000       2.25000000       0.00000000    
           3 -           1           4 -           3           4 -   0.00000000       0.00000000       3.09999990    
  PASS  Example ESMF_FieldSMMEx, ESMF_FieldSMMEx.F90, line 419
  PASS  Example ESMF_FieldSMMEx, ESMF_FieldSMMEx.F90, line 419
  PASS  Example ESMF_FieldSMMEx, ESMF_FieldSMMEx.F90, line 419
  PASS  Example ESMF_FieldSMMEx, ESMF_FieldSMMEx.F90, line 419
[r1i4n5:64047:0:64047] Caught signal 11 (Segmentation fault: address not mapped to object at address 0x30)
[r1i4n5:64049:0:64049] Caught signal 11 (Segmentation fault: address not mapped to object at address 0x30)
--------------------------------------------------------------------------
A system call failed during shared memory initialization that should
not have.  It is likely that your MPI job will now either abort or
experience performance degradation.

  Local host:  r1i4n5
  System call: unlink(2) /dev/shm/vader_segment.r1i4n5.c0d70001.0
  Error:       No such file or directory (errno 2)
--------------------------------------------------------------------------
--------------------------------------------------------------------------
A system call failed during shared memory initialization that should
not have.  It is likely that your MPI job will now either abort or
experience performance degradation.

  Local host:  r1i4n5
  System call: unlink(2) /dev/shm/vader_segment.r1i4n5.c0d70001.2
  Error:       No such file or directory (errno 2)
--------------------------------------------------------------------------
[r1i4n5:64046:0:64046] Caught signal 11 (Segmentation fault: address not mapped to object at address 0x30)
[r1i4n5:64048:0:64048] Caught signal 11 (Segmentation fault: address not mapped to object at address 0x30)
--------------------------------------------------------------------------
Primary job  terminated normally, but 1 process returned
a non-zero exit code. Per user-direction, the job has been aborted.
--------------------------------------------------------------------------
--------------------------------------------------------------------------
mpirun noticed that process rank 1 with PID 0 on node r1i4n5 exited on signal 11 (Segmentation fault).
--------------------------------------------------------------------------
