build time -- 2021-06-21 05:47:59.743974
  PASS  Example ESMF_GridCreateRegFromDGEx, ESMF_GridCreateRegFromDGEx.F90, line 112
  PASS  Example ESMF_GridCreateRegFromDGEx, ESMF_GridCreateRegFromDGEx.F90, line 112
  PASS  Example ESMF_GridCreateRegFromDGEx, ESMF_GridCreateRegFromDGEx.F90, line 112
  PASS  Example ESMF_GridCreateRegFromDGEx, ESMF_GridCreateRegFromDGEx.F90, line 112
[r1i5n29:53599:0:53599] Caught signal 11 (Segmentation fault: address not mapped to object at address 0x30)
[r1i5n29:53598:0:53598] Caught signal 11 (Segmentation fault: address not mapped to object at address 0x30)
--------------------------------------------------------------------------
A system call failed during shared memory initialization that should
not have.  It is likely that your MPI job will now either abort or
experience performance degradation.

  Local host:  r1i5n29
  System call: unlink(2) /dev/shm/vader_segment.r1i5n29.4fd30001.3
  Error:       No such file or directory (errno 2)
--------------------------------------------------------------------------
--------------------------------------------------------------------------
A system call failed during shared memory initialization that should
not have.  It is likely that your MPI job will now either abort or
experience performance degradation.

  Local host:  r1i5n29
  System call: unlink(2) /dev/shm/vader_segment.r1i5n29.4fd30001.2
  Error:       No such file or directory (errno 2)
--------------------------------------------------------------------------
[r1i5n29:53601:0:53601] Caught signal 11 (Segmentation fault: address not mapped to object at address 0x40)
[r1i5n29:53600:0:53600] Caught signal 11 (Segmentation fault: address not mapped to object at address 0x30)
--------------------------------------------------------------------------
Primary job  terminated normally, but 1 process returned
a non-zero exit code. Per user-direction, the job has been aborted.
--------------------------------------------------------------------------
--------------------------------------------------------------------------
mpirun noticed that process rank 1 with PID 0 on node r1i5n29 exited on signal 11 (Segmentation fault).
--------------------------------------------------------------------------
  PASS  Example ESMF_GridCreateRegFromDGEx, ESMF_GridCreateRegFromDGEx.F90, line 112
  PASS  Example ESMF_GridCreateRegFromDGEx, ESMF_GridCreateRegFromDGEx.F90, line 112
  PASS  Example ESMF_GridCreateRegFromDGEx, ESMF_GridCreateRegFromDGEx.F90, line 112
  PASS  Example ESMF_GridCreateRegFromDGEx, ESMF_GridCreateRegFromDGEx.F90, line 112
[r1i5n29:53599:0:53599] Caught signal 11 (Segmentation fault: address not mapped to object at address 0x30)
[r1i5n29:53598:0:53598] Caught signal 11 (Segmentation fault: address not mapped to object at address 0x30)
--------------------------------------------------------------------------
A system call failed during shared memory initialization that should
not have.  It is likely that your MPI job will now either abort or
experience performance degradation.

  Local host:  r1i5n29
  System call: unlink(2) /dev/shm/vader_segment.r1i5n29.4fd30001.3
  Error:       No such file or directory (errno 2)
--------------------------------------------------------------------------
--------------------------------------------------------------------------
A system call failed during shared memory initialization that should
not have.  It is likely that your MPI job will now either abort or
experience performance degradation.

  Local host:  r1i5n29
  System call: unlink(2) /dev/shm/vader_segment.r1i5n29.4fd30001.2
  Error:       No such file or directory (errno 2)
--------------------------------------------------------------------------
[r1i5n29:53601:0:53601] Caught signal 11 (Segmentation fault: address not mapped to object at address 0x40)
[r1i5n29:53600:0:53600] Caught signal 11 (Segmentation fault: address not mapped to object at address 0x30)
--------------------------------------------------------------------------
Primary job  terminated normally, but 1 process returned
a non-zero exit code. Per user-direction, the job has been aborted.
--------------------------------------------------------------------------
--------------------------------------------------------------------------
mpirun noticed that process rank 1 with PID 0 on node r1i5n29 exited on signal 11 (Segmentation fault).
--------------------------------------------------------------------------
