build time -- 2021-06-22 04:01:09
 --------------------------------------- 
 Start of ESMF_Trace Example
 --------------------------------------- 
 Inside Init
 Inside Init
 Inside Init
 Inside Run
 Inside Run
 Inside Init
 Inside Run
 Inside Run
 Inside Run
 Inside Run
 Inside Run
 Inside Run
 Inside Run
 Inside Run
 Inside Run
 Inside Run
 Inside Run
 Inside Run
 Inside Run
 Inside Run
 Inside Finalize
 Inside Finalize
 Inside Run
 Inside Run
 Inside Run
 Inside Finalize
 Inside Run
 Inside Finalize
  PASS  Example ESMF_TraceEx, ESMF_TraceEx.F90, line 178
  PASS  Example ESMF_TraceEx, ESMF_TraceEx.F90, line 178
  PASS  Example ESMF_TraceEx, ESMF_TraceEx.F90, line 178
  PASS  Example ESMF_TraceEx, ESMF_TraceEx.F90, line 178

Program received signal SIGSEGV: Segmentation fault - invalid memory reference.

Backtrace for this error:

Program received signal SIGSEGV: Segmentation fault - invalid memory reference.

Backtrace for this error:

Program received signal SIGSEGV: Segmentation fault - invalid memory reference.

Backtrace for this error:

Program received signal SIGSEGV: Segmentation fault - invalid memory reference.

Backtrace for this error:
#0  0x2b9b2eb1f3ff in ???
#0  0x2b722f1d53ff in ???
#0  0x2b1523e703ff in ???
#0  0x2b4e549d23ff in ???
--------------------------------------------------------------------------
Primary job  terminated normally, but 1 process returned
a non-zero exit code. Per user-direction, the job has been aborted.
--------------------------------------------------------------------------
--------------------------------------------------------------------------
mpirun noticed that process rank 3 with PID 17473 on node x670 exited on signal 11 (Segmentation fault).
--------------------------------------------------------------------------
