build time -- 2021-07-26 04:17:36
20210726 044352.028 INFO             PET0 !!!!!!!!!!!!!!!!!!!!!!!!!!!!!!!!!!!!!!!!!!!!!!!!!!!!!!
20210726 044352.028 INFO             PET0 !!! THE ESMF_LOG IS SET TO OUTPUT ALL LOG MESSAGES !!!
20210726 044352.028 INFO             PET0 !!!     THIS MAY CAUSE SLOWDOWN IN PERFORMANCE     !!!
20210726 044352.028 INFO             PET0 !!! FOR PRODUCTION RUNS, USE:                      !!!
20210726 044352.028 INFO             PET0 !!!                   ESMF_LOGKIND_Multi_On_Error  !!!
20210726 044352.028 INFO             PET0 !!!!!!!!!!!!!!!!!!!!!!!!!!!!!!!!!!!!!!!!!!!!!!!!!!!!!!
20210726 044352.028 INFO             PET0 Running with ESMF Version   : ESMF_8_2_0_beta_snapshot_14
20210726 044352.028 INFO             PET0 ESMF library build date/time: "Jul 26 2021" "04:16:00"
20210726 044352.028 INFO             PET0 ESMF library build location : /mnt/lfs4/HFIP/hfv3gfs/Mark.Potts/gfortran_9.2.0_openmpi_O_develop
20210726 044352.028 INFO             PET0 ESMF_COMM                   : openmpi
20210726 044352.029 INFO             PET0 ESMF_MOAB                   : enabled
20210726 044352.029 INFO             PET0 ESMF_LAPACK                 : enabled
20210726 044352.029 INFO             PET0 ESMF_NETCDF                 : enabled
20210726 044352.029 INFO             PET0 ESMF_PNETCDF                : disabled
20210726 044352.029 INFO             PET0 ESMF_PIO                    : enabled
20210726 044352.029 INFO             PET0 ESMF_YAMLCPP                : enabled
20210726 044352.080 DEBUG            PET0 about to destroy Grid: 0x117a590
20210726 044352.087 DEBUG            PET0 about to destroy Grid: 0x117bfe0
20210726 044352.102 INFO             PET0  NUMBER_OF_PROCESSORS           4
20210726 044352.102 INFO             PET0  PASS  Example ESMF_NUOPCAtmModelEx, ESMF_NUOPCAtmModelEx.F90, line 806
20210726 044352.102 INFO             PET0 Finalizing ESMF
20210726 044352.028 INFO             PET1 !!!!!!!!!!!!!!!!!!!!!!!!!!!!!!!!!!!!!!!!!!!!!!!!!!!!!!
20210726 044352.029 INFO             PET1 !!! THE ESMF_LOG IS SET TO OUTPUT ALL LOG MESSAGES !!!
20210726 044352.029 INFO             PET1 !!!     THIS MAY CAUSE SLOWDOWN IN PERFORMANCE     !!!
20210726 044352.029 INFO             PET1 !!! FOR PRODUCTION RUNS, USE:                      !!!
20210726 044352.029 INFO             PET1 !!!                   ESMF_LOGKIND_Multi_On_Error  !!!
20210726 044352.029 INFO             PET1 !!!!!!!!!!!!!!!!!!!!!!!!!!!!!!!!!!!!!!!!!!!!!!!!!!!!!!
20210726 044352.029 INFO             PET1 Running with ESMF Version   : ESMF_8_2_0_beta_snapshot_14
20210726 044352.029 INFO             PET1 ESMF library build date/time: "Jul 26 2021" "04:16:00"
20210726 044352.029 INFO             PET1 ESMF library build location : /mnt/lfs4/HFIP/hfv3gfs/Mark.Potts/gfortran_9.2.0_openmpi_O_develop
20210726 044352.029 INFO             PET1 ESMF_COMM                   : openmpi
20210726 044352.029 INFO             PET1 ESMF_MOAB                   : enabled
20210726 044352.029 INFO             PET1 ESMF_LAPACK                 : enabled
20210726 044352.029 INFO             PET1 ESMF_NETCDF                 : enabled
20210726 044352.029 INFO             PET1 ESMF_PNETCDF                : disabled
20210726 044352.029 INFO             PET1 ESMF_PIO                    : enabled
20210726 044352.029 INFO             PET1 ESMF_YAMLCPP                : enabled
20210726 044352.080 DEBUG            PET1 about to destroy Grid: 0x13e54d0
20210726 044352.087 DEBUG            PET1 about to destroy Grid: 0x13e64e0
20210726 044352.102 INFO             PET1  NUMBER_OF_PROCESSORS           4
20210726 044352.102 INFO             PET1  PASS  Example ESMF_NUOPCAtmModelEx, ESMF_NUOPCAtmModelEx.F90, line 806
20210726 044352.102 INFO             PET1 Finalizing ESMF
20210726 044352.028 INFO             PET2 !!!!!!!!!!!!!!!!!!!!!!!!!!!!!!!!!!!!!!!!!!!!!!!!!!!!!!
20210726 044352.028 INFO             PET2 !!! THE ESMF_LOG IS SET TO OUTPUT ALL LOG MESSAGES !!!
20210726 044352.028 INFO             PET2 !!!     THIS MAY CAUSE SLOWDOWN IN PERFORMANCE     !!!
20210726 044352.028 INFO             PET2 !!! FOR PRODUCTION RUNS, USE:                      !!!
20210726 044352.028 INFO             PET2 !!!                   ESMF_LOGKIND_Multi_On_Error  !!!
20210726 044352.028 INFO             PET2 !!!!!!!!!!!!!!!!!!!!!!!!!!!!!!!!!!!!!!!!!!!!!!!!!!!!!!
20210726 044352.028 INFO             PET2 Running with ESMF Version   : ESMF_8_2_0_beta_snapshot_14
20210726 044352.028 INFO             PET2 ESMF library build date/time: "Jul 26 2021" "04:16:00"
20210726 044352.028 INFO             PET2 ESMF library build location : /mnt/lfs4/HFIP/hfv3gfs/Mark.Potts/gfortran_9.2.0_openmpi_O_develop
20210726 044352.028 INFO             PET2 ESMF_COMM                   : openmpi
20210726 044352.029 INFO             PET2 ESMF_MOAB                   : enabled
20210726 044352.029 INFO             PET2 ESMF_LAPACK                 : enabled
20210726 044352.029 INFO             PET2 ESMF_NETCDF                 : enabled
20210726 044352.029 INFO             PET2 ESMF_PNETCDF                : disabled
20210726 044352.029 INFO             PET2 ESMF_PIO                    : enabled
20210726 044352.029 INFO             PET2 ESMF_YAMLCPP                : enabled
20210726 044352.080 DEBUG            PET2 about to destroy Grid: 0x1046330
20210726 044352.087 DEBUG            PET2 about to destroy Grid: 0x1047630
20210726 044352.102 INFO             PET2  NUMBER_OF_PROCESSORS           4
20210726 044352.102 INFO             PET2  PASS  Example ESMF_NUOPCAtmModelEx, ESMF_NUOPCAtmModelEx.F90, line 806
20210726 044352.102 INFO             PET2 Finalizing ESMF
20210726 044352.028 INFO             PET3 !!!!!!!!!!!!!!!!!!!!!!!!!!!!!!!!!!!!!!!!!!!!!!!!!!!!!!
20210726 044352.028 INFO             PET3 !!! THE ESMF_LOG IS SET TO OUTPUT ALL LOG MESSAGES !!!
20210726 044352.028 INFO             PET3 !!!     THIS MAY CAUSE SLOWDOWN IN PERFORMANCE     !!!
20210726 044352.028 INFO             PET3 !!! FOR PRODUCTION RUNS, USE:                      !!!
20210726 044352.028 INFO             PET3 !!!                   ESMF_LOGKIND_Multi_On_Error  !!!
20210726 044352.028 INFO             PET3 !!!!!!!!!!!!!!!!!!!!!!!!!!!!!!!!!!!!!!!!!!!!!!!!!!!!!!
20210726 044352.028 INFO             PET3 Running with ESMF Version   : ESMF_8_2_0_beta_snapshot_14
20210726 044352.028 INFO             PET3 ESMF library build date/time: "Jul 26 2021" "04:16:00"
20210726 044352.028 INFO             PET3 ESMF library build location : /mnt/lfs4/HFIP/hfv3gfs/Mark.Potts/gfortran_9.2.0_openmpi_O_develop
20210726 044352.028 INFO             PET3 ESMF_COMM                   : openmpi
20210726 044352.029 INFO             PET3 ESMF_MOAB                   : enabled
20210726 044352.029 INFO             PET3 ESMF_LAPACK                 : enabled
20210726 044352.029 INFO             PET3 ESMF_NETCDF                 : enabled
20210726 044352.029 INFO             PET3 ESMF_PNETCDF                : disabled
20210726 044352.029 INFO             PET3 ESMF_PIO                    : enabled
20210726 044352.029 INFO             PET3 ESMF_YAMLCPP                : enabled
20210726 044352.080 DEBUG            PET3 about to destroy Grid: 0x10979f0
20210726 044352.087 DEBUG            PET3 about to destroy Grid: 0x1099430
20210726 044352.102 INFO             PET3  NUMBER_OF_PROCESSORS           4
20210726 044352.102 INFO             PET3  PASS  Example ESMF_NUOPCAtmModelEx, ESMF_NUOPCAtmModelEx.F90, line 806
20210726 044352.102 INFO             PET3 Finalizing ESMF
