build time -- 2021-06-20 04:01:46
  PASS  Example ESMF_FieldHaloEx, ESMF_FieldHaloEx.F90, line 200
  PASS  Example ESMF_FieldHaloEx, ESMF_FieldHaloEx.F90, line 200
  PASS  Example ESMF_FieldHaloEx, ESMF_FieldHaloEx.F90, line 200
  PASS  Example ESMF_FieldHaloEx, ESMF_FieldHaloEx.F90, line 200

Program received signal SIGSEGV: Segmentation fault - invalid memory reference.

Backtrace for this error:

Program received signal SIGSEGV: Segmentation fault - invalid memory reference.

Backtrace for this error:

Program received signal SIGSEGV: Segmentation fault - invalid memory reference.

Backtrace for this error:

Program received signal SIGSEGV: Segmentation fault - invalid memory reference.

Backtrace for this error:
#0  0x2b4299f0a3ff in ???
#0  0x2b8359c463ff in ???
#0  0x2b5ffb9c63ff in ???
#0  0x2ad9c05693ff in ???
--------------------------------------------------------------------------
Primary job  terminated normally, but 1 process returned
a non-zero exit code. Per user-direction, the job has been aborted.
--------------------------------------------------------------------------
--------------------------------------------------------------------------
mpirun noticed that process rank 0 with PID 30568 on node x670 exited on signal 11 (Segmentation fault).
--------------------------------------------------------------------------
