build time -- 2021-06-20 04:01:46
 Field Get Data Pointer example returned
 Field Get Data Pointer example returned
 Field Get Data Pointer example returned
 Field Get Data Pointer example returned
 Field Get Grid and Array example returned
 Field creation from Grid, typekind, and rank returned
 Field Get Grid and Array example returned
 Field creation from Grid, typekind, and rank returned
 Field Get Grid and Array example returned
 Field creation from Grid, typekind, and rank returned
 Field Get Grid and Array example returned
 Field creation from Grid, typekind, and rank returned
 Field creation from Grid and Arrayspec returned
 Field creation from Grid and Arrayspec returned
 Field creation from Grid and Arrayspec returned
 Field creation from Grid and Arrayspec returned
 Field Create from a Grid and an Array returned
 Field Create from a Grid and an Array returned
 Field Create from a Grid and an Array returned
 Field Create from a Grid and an Array returned
 Complete a Field created by ESMF_FieldEmptyCreate returned
 Complete a Field created by ESMF_FieldEmptyCreate returned
 Complete a Field created by ESMF_FieldEmptyCreate returned
 Complete a Field created by ESMF_FieldEmptyCreate returned
 Complete a Field created by ESMF_FieldEmptyCreate returned
 Complete a Field created by ESMF_FieldEmptyCreate returned
 Complete a Field created by ESMF_FieldEmptyCreate returned
 Complete a Field created by ESMF_FieldEmptyCreate returned
 Field Create from a Grid and a Fortran data pointer returned
 Field Create from a Grid and a Fortran data pointer returned
 Field Create from a Grid and a Fortran data pointer returned
 Field Create from a Grid and a Fortran data pointer returned
  PASS  Example ESMF_FieldEx, ESMF_FieldEx.F90, line 999
  PASS  Example ESMF_FieldEx, ESMF_FieldEx.F90, line 999
  PASS  Example ESMF_FieldEx, ESMF_FieldEx.F90, line 999
  PASS  Example ESMF_FieldEx, ESMF_FieldEx.F90, line 999

Program received signal SIGSEGV: Segmentation fault - invalid memory reference.

Backtrace for this error:

Program received signal SIGSEGV: Segmentation fault - invalid memory reference.

Backtrace for this error:

Program received signal SIGSEGV: Segmentation fault - invalid memory reference.

Backtrace for this error:

Program received signal SIGSEGV: Segmentation fault - invalid memory reference.

Backtrace for this error:
#0  0x2b5e06c053ff in ???
#0  0x2b7c784dc3ff in ???
#0  0x2af66cd3b3ff in ???
#0  0x2ba6894383ff in ???
--------------------------------------------------------------------------
Primary job  terminated normally, but 1 process returned
a non-zero exit code. Per user-direction, the job has been aborted.
--------------------------------------------------------------------------
--------------------------------------------------------------------------
mpirun noticed that process rank 2 with PID 29113 on node x670 exited on signal 11 (Segmentation fault).
--------------------------------------------------------------------------
