build time -- 2021-06-22 04:01:09
 got same values back from GetInternalState as original
 got same values back from GetInternalState as original
 got same values back from GetInternalState as original
 got same values back from GetInternalState as original
  PASS  Example ESMF_InternalStateModEx, ESMF_InternalStateModEx.F90, line 239
  PASS  Example ESMF_InternalStateModEx, ESMF_InternalStateModEx.F90, line 239
  PASS  Example ESMF_InternalStateModEx, ESMF_InternalStateModEx.F90, line 239
  PASS  Example ESMF_InternalStateModEx, ESMF_InternalStateModEx.F90, line 239

Program received signal SIGSEGV: Segmentation fault - invalid memory reference.

Backtrace for this error:

Program received signal SIGSEGV: Segmentation fault - invalid memory reference.

Backtrace for this error:

Program received signal SIGSEGV: Segmentation fault - invalid memory reference.

Backtrace for this error:

Program received signal SIGSEGV: Segmentation fault - invalid memory reference.

Backtrace for this error:
#0  0x2add8a1543ff in ???
#0  0x2aee418ca3ff in ???
#0  0x2aeb26c373ff in ???
#0  0x2b17c6dad3ff in ???
--------------------------------------------------------------------------
Primary job  terminated normally, but 1 process returned
a non-zero exit code. Per user-direction, the job has been aborted.
--------------------------------------------------------------------------
--------------------------------------------------------------------------
mpirun noticed that process rank 2 with PID 9299 on node x670 exited on signal 11 (Segmentation fault).
--------------------------------------------------------------------------
