build time -- 2021-05-16 04:05:54
20210516 043407.756 INFO             PET0 !!!!!!!!!!!!!!!!!!!!!!!!!!!!!!!!!!!!!!!!!!!!!!!!!!!!!!
20210516 043407.757 INFO             PET0 !!! THE ESMF_LOG IS SET TO OUTPUT ALL LOG MESSAGES !!!
20210516 043407.757 INFO             PET0 !!!     THIS MAY CAUSE SLOWDOWN IN PERFORMANCE     !!!
20210516 043407.757 INFO             PET0 !!! FOR PRODUCTION RUNS, USE:                      !!!
20210516 043407.757 INFO             PET0 !!!                   ESMF_LOGKIND_Multi_On_Error  !!!
20210516 043407.757 INFO             PET0 !!!!!!!!!!!!!!!!!!!!!!!!!!!!!!!!!!!!!!!!!!!!!!!!!!!!!!
20210516 043407.757 INFO             PET0 Running with ESMF Version   : ESMF_8_2_0_beta_snapshot_07-3-g7969da3
20210516 043407.757 INFO             PET0 ESMF library build date/time: "May 16 2021" "04:04:23"
20210516 043407.757 INFO             PET0 ESMF library build location : /mnt/lfs4/HFIP/hfv3gfs/Mark.Potts/gfortran_9.2.0_openmpi_O_develop
20210516 043407.757 INFO             PET0 ESMF_COMM                   : openmpi
20210516 043407.757 INFO             PET0 ESMF_MOAB                   : enabled
20210516 043407.757 INFO             PET0 ESMF_LAPACK                 : enabled
20210516 043407.757 INFO             PET0 ESMF_NETCDF                 : enabled
20210516 043407.757 INFO             PET0 ESMF_PNETCDF                : disabled
20210516 043407.757 INFO             PET0 ESMF_PIO                    : enabled
20210516 043407.757 INFO             PET0 ESMF_YAMLCPP                : enabled
20210516 043407.758 INFO             PET0  NUMBER_OF_PROCESSORS           4
20210516 043407.758 INFO             PET0  PASS  Example ESMF_VMUserMpiCommMultiEx, ESMF_VMUserMpiCommMultiEx.F90, line 126
20210516 043407.758 INFO             PET0 Finalizing ESMF
20210516 043407.756 INFO             PET0 !!!!!!!!!!!!!!!!!!!!!!!!!!!!!!!!!!!!!!!!!!!!!!!!!!!!!!
20210516 043407.756 INFO             PET0 !!! THE ESMF_LOG IS SET TO OUTPUT ALL LOG MESSAGES !!!
20210516 043407.756 INFO             PET0 !!!     THIS MAY CAUSE SLOWDOWN IN PERFORMANCE     !!!
20210516 043407.756 INFO             PET0 !!! FOR PRODUCTION RUNS, USE:                      !!!
20210516 043407.756 INFO             PET0 !!!                   ESMF_LOGKIND_Multi_On_Error  !!!
20210516 043407.756 INFO             PET0 !!!!!!!!!!!!!!!!!!!!!!!!!!!!!!!!!!!!!!!!!!!!!!!!!!!!!!
20210516 043407.756 INFO             PET0 Running with ESMF Version   : ESMF_8_2_0_beta_snapshot_07-3-g7969da3
20210516 043407.756 INFO             PET0 ESMF library build date/time: "May 16 2021" "04:04:23"
20210516 043407.757 INFO             PET0 ESMF library build location : /mnt/lfs4/HFIP/hfv3gfs/Mark.Potts/gfortran_9.2.0_openmpi_O_develop
20210516 043407.757 INFO             PET0 ESMF_COMM                   : openmpi
20210516 043407.757 INFO             PET0 ESMF_MOAB                   : enabled
20210516 043407.757 INFO             PET0 ESMF_LAPACK                 : enabled
20210516 043407.757 INFO             PET0 ESMF_NETCDF                 : enabled
20210516 043407.757 INFO             PET0 ESMF_PNETCDF                : disabled
20210516 043407.757 INFO             PET0 ESMF_PIO                    : enabled
20210516 043407.757 INFO             PET0 ESMF_YAMLCPP                : enabled
20210516 043407.758 INFO             PET0  NUMBER_OF_PROCESSORS           4
20210516 043407.758 INFO             PET0  PASS  Example ESMF_VMUserMpiCommMultiEx, ESMF_VMUserMpiCommMultiEx.F90, line 154
20210516 043407.758 INFO             PET0 Finalizing ESMF
20210516 043407.757 INFO             PET1 !!!!!!!!!!!!!!!!!!!!!!!!!!!!!!!!!!!!!!!!!!!!!!!!!!!!!!
20210516 043407.757 INFO             PET1 !!! THE ESMF_LOG IS SET TO OUTPUT ALL LOG MESSAGES !!!
20210516 043407.757 INFO             PET1 !!!     THIS MAY CAUSE SLOWDOWN IN PERFORMANCE     !!!
20210516 043407.757 INFO             PET1 !!! FOR PRODUCTION RUNS, USE:                      !!!
20210516 043407.757 INFO             PET1 !!!                   ESMF_LOGKIND_Multi_On_Error  !!!
20210516 043407.757 INFO             PET1 !!!!!!!!!!!!!!!!!!!!!!!!!!!!!!!!!!!!!!!!!!!!!!!!!!!!!!
20210516 043407.757 INFO             PET1 Running with ESMF Version   : ESMF_8_2_0_beta_snapshot_07-3-g7969da3
20210516 043407.757 INFO             PET1 ESMF library build date/time: "May 16 2021" "04:04:23"
20210516 043407.757 INFO             PET1 ESMF library build location : /mnt/lfs4/HFIP/hfv3gfs/Mark.Potts/gfortran_9.2.0_openmpi_O_develop
20210516 043407.757 INFO             PET1 ESMF_COMM                   : openmpi
20210516 043407.758 INFO             PET1 ESMF_MOAB                   : enabled
20210516 043407.758 INFO             PET1 ESMF_LAPACK                 : enabled
20210516 043407.758 INFO             PET1 ESMF_NETCDF                 : enabled
20210516 043407.758 INFO             PET1 ESMF_PNETCDF                : disabled
20210516 043407.758 INFO             PET1 ESMF_PIO                    : enabled
20210516 043407.758 INFO             PET1 ESMF_YAMLCPP                : enabled
20210516 043407.758 INFO             PET1  NUMBER_OF_PROCESSORS           4
20210516 043407.758 INFO             PET1  PASS  Example ESMF_VMUserMpiCommMultiEx, ESMF_VMUserMpiCommMultiEx.F90, line 126
20210516 043407.758 INFO             PET1 Finalizing ESMF
20210516 043407.757 INFO             PET1 !!!!!!!!!!!!!!!!!!!!!!!!!!!!!!!!!!!!!!!!!!!!!!!!!!!!!!
20210516 043407.757 INFO             PET1 !!! THE ESMF_LOG IS SET TO OUTPUT ALL LOG MESSAGES !!!
20210516 043407.757 INFO             PET1 !!!     THIS MAY CAUSE SLOWDOWN IN PERFORMANCE     !!!
20210516 043407.757 INFO             PET1 !!! FOR PRODUCTION RUNS, USE:                      !!!
20210516 043407.757 INFO             PET1 !!!                   ESMF_LOGKIND_Multi_On_Error  !!!
20210516 043407.757 INFO             PET1 !!!!!!!!!!!!!!!!!!!!!!!!!!!!!!!!!!!!!!!!!!!!!!!!!!!!!!
20210516 043407.757 INFO             PET1 Running with ESMF Version   : ESMF_8_2_0_beta_snapshot_07-3-g7969da3
20210516 043407.757 INFO             PET1 ESMF library build date/time: "May 16 2021" "04:04:23"
20210516 043407.757 INFO             PET1 ESMF library build location : /mnt/lfs4/HFIP/hfv3gfs/Mark.Potts/gfortran_9.2.0_openmpi_O_develop
20210516 043407.757 INFO             PET1 ESMF_COMM                   : openmpi
20210516 043407.758 INFO             PET1 ESMF_MOAB                   : enabled
20210516 043407.758 INFO             PET1 ESMF_LAPACK                 : enabled
20210516 043407.758 INFO             PET1 ESMF_NETCDF                 : enabled
20210516 043407.758 INFO             PET1 ESMF_PNETCDF                : disabled
20210516 043407.758 INFO             PET1 ESMF_PIO                    : enabled
20210516 043407.758 INFO             PET1 ESMF_YAMLCPP                : enabled
20210516 043407.758 INFO             PET1  NUMBER_OF_PROCESSORS           4
20210516 043407.758 INFO             PET1  PASS  Example ESMF_VMUserMpiCommMultiEx, ESMF_VMUserMpiCommMultiEx.F90, line 154
20210516 043407.758 INFO             PET1 Finalizing ESMF
