build time -- 2021-06-20 04:01:46
 got same values back from GetInternalState as original
 got same values back from GetInternalState as original
 got same values back from GetInternalState as original
 got same values back from GetInternalState as original
  PASS  Example ESMF_InternalStateEx, ESMF_InternalStateEx.F90, line 132
  PASS  Example ESMF_InternalStateEx, ESMF_InternalStateEx.F90, line 132
  PASS  Example ESMF_InternalStateEx, ESMF_InternalStateEx.F90, line 132
  PASS  Example ESMF_InternalStateEx, ESMF_InternalStateEx.F90, line 132

Program received signal SIGSEGV: Segmentation fault - invalid memory reference.

Backtrace for this error:

Program received signal SIGSEGV: Segmentation fault - invalid memory reference.

Backtrace for this error:

Program received signal SIGSEGV: Segmentation fault - invalid memory reference.

Backtrace for this error:

Program received signal SIGSEGV: Segmentation fault - invalid memory reference.

Backtrace for this error:
#0  0x2b0fafe203ff in ???
#0  0x2aefa16c63ff in ???
#0  0x2addeb58e3ff in ???
#0  0x2b86f4ef93ff in ???
--------------------------------------------------------------------------
Primary job  terminated normally, but 1 process returned
a non-zero exit code. Per user-direction, the job has been aborted.
--------------------------------------------------------------------------
--------------------------------------------------------------------------
mpirun noticed that process rank 2 with PID 1953 on node x670 exited on signal 11 (Segmentation fault).
--------------------------------------------------------------------------
