build time -- 2021-06-22 04:01:09
  PASS  Example ESMF_GridUsageEx, ESMF_GridUsageEx.F90, line 3470
  PASS  Example ESMF_GridUsageEx, ESMF_GridUsageEx.F90, line 3470
  PASS  Example ESMF_GridUsageEx, ESMF_GridUsageEx.F90, line 3470
  PASS  Example ESMF_GridUsageEx, ESMF_GridUsageEx.F90, line 3470

Program received signal SIGSEGV: Segmentation fault - invalid memory reference.

Backtrace for this error:

Program received signal SIGSEGV: Segmentation fault - invalid memory reference.

Backtrace for this error:

Program received signal SIGSEGV: Segmentation fault - invalid memory reference.

Backtrace for this error:

Program received signal SIGSEGV: Segmentation fault - invalid memory reference.

Backtrace for this error:
#0  0x2af5d2aa33ff in ???
#0  0x2abba16443ff in ???
#0  0x2b1a935283ff in ???
#0  0x2b4d92d743ff in ???
--------------------------------------------------------------------------
Primary job  terminated normally, but 1 process returned
a non-zero exit code. Per user-direction, the job has been aborted.
--------------------------------------------------------------------------
--------------------------------------------------------------------------
mpirun noticed that process rank 0 with PID 29407 on node x670 exited on signal 11 (Segmentation fault).
--------------------------------------------------------------------------
