build time -- 2021-06-19 04:01:58
 local DE            0  - DE            0  localIndexList along dim=           1  ::            1           2           3
 local DE            0  - DE            0  localIndexList along dim=           2  ::            1
 local DE            1  - DE            4  localIndexList along dim=           1  ::            1           2           3
 local DE            0  - DE            1  localIndexList along dim=           1  ::            4           5
 local DE            0  - DE            1  localIndexList along dim=           2  ::            1
 local DE            1  - DE            5  localIndexList along dim=           1  ::            4           5
 local DE            1  - DE            5  localIndexList along dim=           2  ::            3           4           5
 local DE            0  - DE            2  localIndexList along dim=           1  ::            1           2           3
 local DE            0  - DE            2  localIndexList along dim=           2  ::            2
 local DE            0  - DE            3  localIndexList along dim=           1  ::            4           5
 local DE            0  - DE            3  localIndexList along dim=           2  ::            2
 local DE            1  - DE            4  localIndexList along dim=           2  ::            3           4           5
  PASS  Example ESMF_DistGridEx, ESMF_DistGridEx.F90, line 1902
  PASS  Example ESMF_DistGridEx, ESMF_DistGridEx.F90, line 1902
  PASS  Example ESMF_DistGridEx, ESMF_DistGridEx.F90, line 1902
  PASS  Example ESMF_DistGridEx, ESMF_DistGridEx.F90, line 1902

Program received signal SIGSEGV: Segmentation fault - invalid memory reference.

Backtrace for this error:

Program received signal SIGSEGV: Segmentation fault - invalid memory reference.

Backtrace for this error:

Program received signal SIGSEGV: Segmentation fault - invalid memory reference.

Backtrace for this error:

Program received signal SIGSEGV: Segmentation fault - invalid memory reference.

Backtrace for this error:
#0  0x2b21ace513ff in ???
#0  0x2ab2d13133ff in ???
#0  0x2b5bb067d3ff in ???
#0  0x2b007b4cb3ff in ???
--------------------------------------------------------------------------
Primary job  terminated normally, but 1 process returned
a non-zero exit code. Per user-direction, the job has been aborted.
--------------------------------------------------------------------------
--------------------------------------------------------------------------
mpirun noticed that process rank 3 with PID 14782 on node x740 exited on signal 11 (Segmentation fault).
--------------------------------------------------------------------------
