build time -- 2021-05-21 04:01:25
20210521 042657.228 INFO             PET0 !!!!!!!!!!!!!!!!!!!!!!!!!!!!!!!!!!!!!!!!!!!!!!!!!!!!!!
20210521 042657.228 INFO             PET0 !!! THE ESMF_LOG IS SET TO OUTPUT ALL LOG MESSAGES !!!
20210521 042657.228 INFO             PET0 !!!     THIS MAY CAUSE SLOWDOWN IN PERFORMANCE     !!!
20210521 042657.228 INFO             PET0 !!! FOR PRODUCTION RUNS, USE:                      !!!
20210521 042657.228 INFO             PET0 !!!                   ESMF_LOGKIND_Multi_On_Error  !!!
20210521 042657.228 INFO             PET0 !!!!!!!!!!!!!!!!!!!!!!!!!!!!!!!!!!!!!!!!!!!!!!!!!!!!!!
20210521 042657.228 INFO             PET0 Running with ESMF Version   : ESMF_8_2_0_beta_snapshot_08-26-gb4c535d
20210521 042657.228 INFO             PET0 ESMF library build date/time: "May 21 2021" "03:59:48"
20210521 042657.228 INFO             PET0 ESMF library build location : /mnt/lfs4/HFIP/hfv3gfs/Mark.Potts/gfortran_9.2.0_openmpi_O_develop
20210521 042657.228 INFO             PET0 ESMF_COMM                   : openmpi
20210521 042657.229 INFO             PET0 ESMF_MOAB                   : enabled
20210521 042657.229 INFO             PET0 ESMF_LAPACK                 : enabled
20210521 042657.229 INFO             PET0 ESMF_NETCDF                 : enabled
20210521 042657.229 INFO             PET0 ESMF_PNETCDF                : disabled
20210521 042657.229 INFO             PET0 ESMF_PIO                    : enabled
20210521 042657.229 INFO             PET0 ESMF_YAMLCPP                : enabled
20210521 042657.232 INFO             PET0 ESMF_FieldRedistStoreNF(): Just entered routine.
20210521 042657.286 INFO             PET0 ESMF_FieldRedistStoreNF(): Leaving routine.
20210521 042657.292 INFO             PET0  NUMBER_OF_PROCESSORS           4
20210521 042657.292 INFO             PET0  PASS  Example ESMF_RHandleFromFileEx, ESMF_RHandleFromFileEx.F90, line 192
20210521 042657.292 INFO             PET0 Finalizing ESMF
20210521 042657.228 INFO             PET1 !!!!!!!!!!!!!!!!!!!!!!!!!!!!!!!!!!!!!!!!!!!!!!!!!!!!!!
20210521 042657.229 INFO             PET1 !!! THE ESMF_LOG IS SET TO OUTPUT ALL LOG MESSAGES !!!
20210521 042657.229 INFO             PET1 !!!     THIS MAY CAUSE SLOWDOWN IN PERFORMANCE     !!!
20210521 042657.229 INFO             PET1 !!! FOR PRODUCTION RUNS, USE:                      !!!
20210521 042657.229 INFO             PET1 !!!                   ESMF_LOGKIND_Multi_On_Error  !!!
20210521 042657.229 INFO             PET1 !!!!!!!!!!!!!!!!!!!!!!!!!!!!!!!!!!!!!!!!!!!!!!!!!!!!!!
20210521 042657.229 INFO             PET1 Running with ESMF Version   : ESMF_8_2_0_beta_snapshot_08-26-gb4c535d
20210521 042657.229 INFO             PET1 ESMF library build date/time: "May 21 2021" "03:59:48"
20210521 042657.229 INFO             PET1 ESMF library build location : /mnt/lfs4/HFIP/hfv3gfs/Mark.Potts/gfortran_9.2.0_openmpi_O_develop
20210521 042657.229 INFO             PET1 ESMF_COMM                   : openmpi
20210521 042657.229 INFO             PET1 ESMF_MOAB                   : enabled
20210521 042657.229 INFO             PET1 ESMF_LAPACK                 : enabled
20210521 042657.229 INFO             PET1 ESMF_NETCDF                 : enabled
20210521 042657.229 INFO             PET1 ESMF_PNETCDF                : disabled
20210521 042657.229 INFO             PET1 ESMF_PIO                    : enabled
20210521 042657.229 INFO             PET1 ESMF_YAMLCPP                : enabled
20210521 042657.231 INFO             PET1 ESMF_FieldRedistStoreNF(): Just entered routine.
20210521 042657.286 INFO             PET1 ESMF_FieldRedistStoreNF(): Leaving routine.
20210521 042657.292 INFO             PET1  NUMBER_OF_PROCESSORS           4
20210521 042657.292 INFO             PET1  PASS  Example ESMF_RHandleFromFileEx, ESMF_RHandleFromFileEx.F90, line 192
20210521 042657.292 INFO             PET1 Finalizing ESMF
20210521 042657.228 INFO             PET2 !!!!!!!!!!!!!!!!!!!!!!!!!!!!!!!!!!!!!!!!!!!!!!!!!!!!!!
20210521 042657.228 INFO             PET2 !!! THE ESMF_LOG IS SET TO OUTPUT ALL LOG MESSAGES !!!
20210521 042657.228 INFO             PET2 !!!     THIS MAY CAUSE SLOWDOWN IN PERFORMANCE     !!!
20210521 042657.228 INFO             PET2 !!! FOR PRODUCTION RUNS, USE:                      !!!
20210521 042657.228 INFO             PET2 !!!                   ESMF_LOGKIND_Multi_On_Error  !!!
20210521 042657.228 INFO             PET2 !!!!!!!!!!!!!!!!!!!!!!!!!!!!!!!!!!!!!!!!!!!!!!!!!!!!!!
20210521 042657.228 INFO             PET2 Running with ESMF Version   : ESMF_8_2_0_beta_snapshot_08-26-gb4c535d
20210521 042657.228 INFO             PET2 ESMF library build date/time: "May 21 2021" "03:59:48"
20210521 042657.228 INFO             PET2 ESMF library build location : /mnt/lfs4/HFIP/hfv3gfs/Mark.Potts/gfortran_9.2.0_openmpi_O_develop
20210521 042657.228 INFO             PET2 ESMF_COMM                   : openmpi
20210521 042657.229 INFO             PET2 ESMF_MOAB                   : enabled
20210521 042657.229 INFO             PET2 ESMF_LAPACK                 : enabled
20210521 042657.229 INFO             PET2 ESMF_NETCDF                 : enabled
20210521 042657.229 INFO             PET2 ESMF_PNETCDF                : disabled
20210521 042657.229 INFO             PET2 ESMF_PIO                    : enabled
20210521 042657.229 INFO             PET2 ESMF_YAMLCPP                : enabled
20210521 042657.231 INFO             PET2 ESMF_FieldRedistStoreNF(): Just entered routine.
20210521 042657.286 INFO             PET2 ESMF_FieldRedistStoreNF(): Leaving routine.
20210521 042657.292 INFO             PET2  NUMBER_OF_PROCESSORS           4
20210521 042657.292 INFO             PET2  PASS  Example ESMF_RHandleFromFileEx, ESMF_RHandleFromFileEx.F90, line 192
20210521 042657.292 INFO             PET2 Finalizing ESMF
20210521 042657.228 INFO             PET3 !!!!!!!!!!!!!!!!!!!!!!!!!!!!!!!!!!!!!!!!!!!!!!!!!!!!!!
20210521 042657.228 INFO             PET3 !!! THE ESMF_LOG IS SET TO OUTPUT ALL LOG MESSAGES !!!
20210521 042657.228 INFO             PET3 !!!     THIS MAY CAUSE SLOWDOWN IN PERFORMANCE     !!!
20210521 042657.228 INFO             PET3 !!! FOR PRODUCTION RUNS, USE:                      !!!
20210521 042657.228 INFO             PET3 !!!                   ESMF_LOGKIND_Multi_On_Error  !!!
20210521 042657.228 INFO             PET3 !!!!!!!!!!!!!!!!!!!!!!!!!!!!!!!!!!!!!!!!!!!!!!!!!!!!!!
20210521 042657.228 INFO             PET3 Running with ESMF Version   : ESMF_8_2_0_beta_snapshot_08-26-gb4c535d
20210521 042657.228 INFO             PET3 ESMF library build date/time: "May 21 2021" "03:59:48"
20210521 042657.228 INFO             PET3 ESMF library build location : /mnt/lfs4/HFIP/hfv3gfs/Mark.Potts/gfortran_9.2.0_openmpi_O_develop
20210521 042657.228 INFO             PET3 ESMF_COMM                   : openmpi
20210521 042657.229 INFO             PET3 ESMF_MOAB                   : enabled
20210521 042657.229 INFO             PET3 ESMF_LAPACK                 : enabled
20210521 042657.229 INFO             PET3 ESMF_NETCDF                 : enabled
20210521 042657.229 INFO             PET3 ESMF_PNETCDF                : disabled
20210521 042657.229 INFO             PET3 ESMF_PIO                    : enabled
20210521 042657.229 INFO             PET3 ESMF_YAMLCPP                : enabled
20210521 042657.232 INFO             PET3 ESMF_FieldRedistStoreNF(): Just entered routine.
20210521 042657.285 INFO             PET3 ESMF_FieldRedistStoreNF(): Leaving routine.
20210521 042657.292 INFO             PET3  NUMBER_OF_PROCESSORS           4
20210521 042657.292 INFO             PET3  PASS  Example ESMF_RHandleFromFileEx, ESMF_RHandleFromFileEx.F90, line 192
20210521 042657.292 INFO             PET3 Finalizing ESMF
