build time -- 2021-07-17 04:00:27
20210717 042739.952 INFO             PET0 !!!!!!!!!!!!!!!!!!!!!!!!!!!!!!!!!!!!!!!!!!!!!!!!!!!!!!
20210717 042739.952 INFO             PET0 !!! THE ESMF_LOG IS SET TO OUTPUT ALL LOG MESSAGES !!!
20210717 042739.952 INFO             PET0 !!!     THIS MAY CAUSE SLOWDOWN IN PERFORMANCE     !!!
20210717 042739.952 INFO             PET0 !!! FOR PRODUCTION RUNS, USE:                      !!!
20210717 042739.952 INFO             PET0 !!!                   ESMF_LOGKIND_Multi_On_Error  !!!
20210717 042739.952 INFO             PET0 !!!!!!!!!!!!!!!!!!!!!!!!!!!!!!!!!!!!!!!!!!!!!!!!!!!!!!
20210717 042739.952 INFO             PET0 Running with ESMF Version   : ESMF_8_2_0_beta_snapshot_14
20210717 042739.952 INFO             PET0 ESMF library build date/time: "Jul 17 2021" "03:58:58"
20210717 042739.952 INFO             PET0 ESMF library build location : /mnt/lfs4/HFIP/hfv3gfs/Mark.Potts/gfortran_9.2.0_openmpi_O_develop
20210717 042739.952 INFO             PET0 ESMF_COMM                   : openmpi
20210717 042739.952 INFO             PET0 ESMF_MOAB                   : enabled
20210717 042739.952 INFO             PET0 ESMF_LAPACK                 : enabled
20210717 042739.952 INFO             PET0 ESMF_NETCDF                 : enabled
20210717 042739.952 INFO             PET0 ESMF_PNETCDF                : disabled
20210717 042739.952 INFO             PET0 ESMF_PIO                    : enabled
20210717 042739.952 INFO             PET0 ESMF_YAMLCPP                : enabled
20210717 042740.051 INFO             PET0 ESMF_FieldRedistStoreNF(): Just entered routine.
20210717 042740.126 INFO             PET0 ESMF_FieldRedistStoreNF(): Leaving routine.
20210717 042740.130 INFO             PET0  NUMBER_OF_PROCESSORS           4
20210717 042740.130 INFO             PET0  PASS  Example ESMF_RHandleFromRHandleEx, ESMF_RHandleFromRHandleEx.F90, line 660
20210717 042740.130 INFO             PET0 Finalizing ESMF
20210717 042739.952 INFO             PET1 !!!!!!!!!!!!!!!!!!!!!!!!!!!!!!!!!!!!!!!!!!!!!!!!!!!!!!
20210717 042739.952 INFO             PET1 !!! THE ESMF_LOG IS SET TO OUTPUT ALL LOG MESSAGES !!!
20210717 042739.952 INFO             PET1 !!!     THIS MAY CAUSE SLOWDOWN IN PERFORMANCE     !!!
20210717 042739.952 INFO             PET1 !!! FOR PRODUCTION RUNS, USE:                      !!!
20210717 042739.952 INFO             PET1 !!!                   ESMF_LOGKIND_Multi_On_Error  !!!
20210717 042739.952 INFO             PET1 !!!!!!!!!!!!!!!!!!!!!!!!!!!!!!!!!!!!!!!!!!!!!!!!!!!!!!
20210717 042739.952 INFO             PET1 Running with ESMF Version   : ESMF_8_2_0_beta_snapshot_14
20210717 042739.952 INFO             PET1 ESMF library build date/time: "Jul 17 2021" "03:58:58"
20210717 042739.952 INFO             PET1 ESMF library build location : /mnt/lfs4/HFIP/hfv3gfs/Mark.Potts/gfortran_9.2.0_openmpi_O_develop
20210717 042739.952 INFO             PET1 ESMF_COMM                   : openmpi
20210717 042739.953 INFO             PET1 ESMF_MOAB                   : enabled
20210717 042739.953 INFO             PET1 ESMF_LAPACK                 : enabled
20210717 042739.953 INFO             PET1 ESMF_NETCDF                 : enabled
20210717 042739.953 INFO             PET1 ESMF_PNETCDF                : disabled
20210717 042739.953 INFO             PET1 ESMF_PIO                    : enabled
20210717 042739.953 INFO             PET1 ESMF_YAMLCPP                : enabled
20210717 042740.051 INFO             PET1 ESMF_FieldRedistStoreNF(): Just entered routine.
20210717 042740.126 INFO             PET1 ESMF_FieldRedistStoreNF(): Leaving routine.
20210717 042740.130 INFO             PET1  NUMBER_OF_PROCESSORS           4
20210717 042740.130 INFO             PET1  PASS  Example ESMF_RHandleFromRHandleEx, ESMF_RHandleFromRHandleEx.F90, line 660
20210717 042740.130 INFO             PET1 Finalizing ESMF
20210717 042739.984 INFO             PET2 !!!!!!!!!!!!!!!!!!!!!!!!!!!!!!!!!!!!!!!!!!!!!!!!!!!!!!
20210717 042739.985 INFO             PET2 !!! THE ESMF_LOG IS SET TO OUTPUT ALL LOG MESSAGES !!!
20210717 042739.985 INFO             PET2 !!!     THIS MAY CAUSE SLOWDOWN IN PERFORMANCE     !!!
20210717 042739.985 INFO             PET2 !!! FOR PRODUCTION RUNS, USE:                      !!!
20210717 042739.985 INFO             PET2 !!!                   ESMF_LOGKIND_Multi_On_Error  !!!
20210717 042739.985 INFO             PET2 !!!!!!!!!!!!!!!!!!!!!!!!!!!!!!!!!!!!!!!!!!!!!!!!!!!!!!
20210717 042739.985 INFO             PET2 Running with ESMF Version   : ESMF_8_2_0_beta_snapshot_14
20210717 042739.985 INFO             PET2 ESMF library build date/time: "Jul 17 2021" "03:58:58"
20210717 042739.985 INFO             PET2 ESMF library build location : /mnt/lfs4/HFIP/hfv3gfs/Mark.Potts/gfortran_9.2.0_openmpi_O_develop
20210717 042739.985 INFO             PET2 ESMF_COMM                   : openmpi
20210717 042740.045 INFO             PET2 ESMF_MOAB                   : enabled
20210717 042740.045 INFO             PET2 ESMF_LAPACK                 : enabled
20210717 042740.045 INFO             PET2 ESMF_NETCDF                 : enabled
20210717 042740.045 INFO             PET2 ESMF_PNETCDF                : disabled
20210717 042740.045 INFO             PET2 ESMF_PIO                    : enabled
20210717 042740.045 INFO             PET2 ESMF_YAMLCPP                : enabled
20210717 042740.051 INFO             PET2 ESMF_FieldRedistStoreNF(): Just entered routine.
20210717 042740.126 INFO             PET2 ESMF_FieldRedistStoreNF(): Leaving routine.
20210717 042740.128 INFO             PET2  NUMBER_OF_PROCESSORS           4
20210717 042740.128 INFO             PET2  PASS  Example ESMF_RHandleFromRHandleEx, ESMF_RHandleFromRHandleEx.F90, line 660
20210717 042740.128 INFO             PET2 Finalizing ESMF
20210717 042739.978 INFO             PET3 !!!!!!!!!!!!!!!!!!!!!!!!!!!!!!!!!!!!!!!!!!!!!!!!!!!!!!
20210717 042739.979 INFO             PET3 !!! THE ESMF_LOG IS SET TO OUTPUT ALL LOG MESSAGES !!!
20210717 042739.979 INFO             PET3 !!!     THIS MAY CAUSE SLOWDOWN IN PERFORMANCE     !!!
20210717 042739.979 INFO             PET3 !!! FOR PRODUCTION RUNS, USE:                      !!!
20210717 042739.979 INFO             PET3 !!!                   ESMF_LOGKIND_Multi_On_Error  !!!
20210717 042739.979 INFO             PET3 !!!!!!!!!!!!!!!!!!!!!!!!!!!!!!!!!!!!!!!!!!!!!!!!!!!!!!
20210717 042739.979 INFO             PET3 Running with ESMF Version   : ESMF_8_2_0_beta_snapshot_14
20210717 042739.979 INFO             PET3 ESMF library build date/time: "Jul 17 2021" "03:58:58"
20210717 042739.979 INFO             PET3 ESMF library build location : /mnt/lfs4/HFIP/hfv3gfs/Mark.Potts/gfortran_9.2.0_openmpi_O_develop
20210717 042739.979 INFO             PET3 ESMF_COMM                   : openmpi
20210717 042740.023 INFO             PET3 ESMF_MOAB                   : enabled
20210717 042740.023 INFO             PET3 ESMF_LAPACK                 : enabled
20210717 042740.023 INFO             PET3 ESMF_NETCDF                 : enabled
20210717 042740.023 INFO             PET3 ESMF_PNETCDF                : disabled
20210717 042740.023 INFO             PET3 ESMF_PIO                    : enabled
20210717 042740.023 INFO             PET3 ESMF_YAMLCPP                : enabled
20210717 042740.051 INFO             PET3 ESMF_FieldRedistStoreNF(): Just entered routine.
20210717 042740.126 INFO             PET3 ESMF_FieldRedistStoreNF(): Leaving routine.
20210717 042740.130 INFO             PET3  NUMBER_OF_PROCESSORS           4
20210717 042740.130 INFO             PET3  PASS  Example ESMF_RHandleFromRHandleEx, ESMF_RHandleFromRHandleEx.F90, line 660
20210717 042740.130 INFO             PET3 Finalizing ESMF
