build time -- 2021-06-19 04:01:58
 I am PET           0  and I am offering service for DE            0
 I am PET           0 , service offer for DE            0  was accepted.
 I am PET           1  and I am offering service for DE            1
 I am PET           1 , service offer for DE            1  was accepted.
 I am PET           1  and I am offering service for DE            5
 I am PET           2  and I am offering service for DE            2
 I am PET           2 , service offer for DE            2  was accepted.
 I am PET           3  and I am offering service for DE            3
 I am PET           3 , service offer for DE            3  was accepted.
 I am PET           0  and I am offering service for DE            4
 I am PET           0 , service offer for DE            4  was accepted.
  PASS  Example ESMF_DELayoutEx, ESMF_DELayoutEx.F90, line 394
 I am PET           1 , service offer for DE            5  was accepted.
  PASS  Example ESMF_DELayoutEx, ESMF_DELayoutEx.F90, line 394
  PASS  Example ESMF_DELayoutEx, ESMF_DELayoutEx.F90, line 394
  PASS  Example ESMF_DELayoutEx, ESMF_DELayoutEx.F90, line 394

Program received signal SIGSEGV: Segmentation fault - invalid memory reference.

Backtrace for this error:

Program received signal SIGSEGV: Segmentation fault - invalid memory reference.

Backtrace for this error:

Program received signal SIGSEGV: Segmentation fault - invalid memory reference.

Backtrace for this error:

Program received signal SIGSEGV: Segmentation fault - invalid memory reference.

Backtrace for this error:
#0  0x2b1e4a4383ff in ???
#0  0x2ac4ec08c3ff in ???
#0  0x2ab5fd2ce3ff in ???
#0  0x2affde7963ff in ???
--------------------------------------------------------------------------
Primary job  terminated normally, but 1 process returned
a non-zero exit code. Per user-direction, the job has been aborted.
--------------------------------------------------------------------------
--------------------------------------------------------------------------
mpirun noticed that process rank 3 with PID 10455 on node x740 exited on signal 11 (Segmentation fault).
--------------------------------------------------------------------------
