build time -- 2021-05-11 16:37:25
20210511 165757.390 INFO             PET0 !!!!!!!!!!!!!!!!!!!!!!!!!!!!!!!!!!!!!!!!!!!!!!!!!!!!!!
20210511 165757.390 INFO             PET0 !!! THE ESMF_LOG IS SET TO OUTPUT ALL LOG MESSAGES !!!
20210511 165757.390 INFO             PET0 !!!     THIS MAY CAUSE SLOWDOWN IN PERFORMANCE     !!!
20210511 165757.390 INFO             PET0 !!! FOR PRODUCTION RUNS, USE:                      !!!
20210511 165757.390 INFO             PET0 !!!                   ESMF_LOGKIND_Multi_On_Error  !!!
20210511 165757.390 INFO             PET0 !!!!!!!!!!!!!!!!!!!!!!!!!!!!!!!!!!!!!!!!!!!!!!!!!!!!!!
20210511 165757.390 INFO             PET0 Running with ESMF Version   : 8.2.0 beta snapshot
20210511 165757.390 INFO             PET0 ESMF library build date/time: "May 11 2021" "16:36:13"
20210511 165757.390 INFO             PET0 ESMF library build location : /lfs/h1/emc/ptmp/Mark.Potts/intel_2019.3_mpi_O_develop
20210511 165757.390 INFO             PET0 ESMF_COMM                   : mpi
20210511 165757.391 INFO             PET0 ESMF_MOAB                   : enabled
20210511 165757.391 INFO             PET0 ESMF_LAPACK                 : enabled
20210511 165757.391 INFO             PET0 ESMF_NETCDF                 : enabled
20210511 165757.391 INFO             PET0 ESMF_PNETCDF                : disabled
20210511 165757.391 INFO             PET0 ESMF_PIO                    : enabled
20210511 165757.391 INFO             PET0 ESMF_YAMLCPP                : enabled
20210511 165757.393 INFO             PET0  NUMBER_OF_PROCESSORS           1
20210511 165757.393 INFO             PET0  PASS  Example ESMF_XGridSparseMatEx, ESMF_XGridSparseMatEx.F90, line 642
20210511 165757.393 INFO             PET0 Finalizing ESMF
