build time -- 2021-06-19 16:37:12
20210619 165812.299 INFO             PET0 !!!!!!!!!!!!!!!!!!!!!!!!!!!!!!!!!!!!!!!!!!!!!!!!!!!!!!
20210619 165812.299 INFO             PET0 !!! THE ESMF_LOG IS SET TO OUTPUT ALL LOG MESSAGES !!!
20210619 165812.299 INFO             PET0 !!!     THIS MAY CAUSE SLOWDOWN IN PERFORMANCE     !!!
20210619 165812.299 INFO             PET0 !!! FOR PRODUCTION RUNS, USE:                      !!!
20210619 165812.299 INFO             PET0 !!!                   ESMF_LOGKIND_Multi_On_Error  !!!
20210619 165812.299 INFO             PET0 !!!!!!!!!!!!!!!!!!!!!!!!!!!!!!!!!!!!!!!!!!!!!!!!!!!!!!
20210619 165812.299 INFO             PET0 Running with ESMF Version   : ESMF_8_2_0_beta_snapshot_11-1-g4c3a005616
20210619 165812.299 INFO             PET0 ESMF library build date/time: "Jun 19 2021" "16:35:53"
20210619 165812.299 INFO             PET0 ESMF library build location : /lfs/h1/emc/ptmp/Mark.Potts/intel_2019.3_mpi_O_develop
20210619 165812.299 INFO             PET0 ESMF_COMM                   : mpi
20210619 165812.300 INFO             PET0 ESMF_MOAB                   : enabled
20210619 165812.300 INFO             PET0 ESMF_LAPACK                 : enabled
20210619 165812.300 INFO             PET0 ESMF_NETCDF                 : enabled
20210619 165812.300 INFO             PET0 ESMF_PNETCDF                : disabled
20210619 165812.300 INFO             PET0 ESMF_PIO                    : enabled
20210619 165812.300 INFO             PET0 ESMF_YAMLCPP                : enabled
20210619 165812.300 INFO             PET0  NUMBER_OF_PROCESSORS           4
20210619 165812.300 INFO             PET0  PASS  Example ESMF_VMUserMpiCommMultiEx, ESMF_VMUserMpiCommMultiEx.F90, line 126
20210619 165812.300 INFO             PET0 Finalizing ESMF
20210619 165812.299 INFO             PET0 !!!!!!!!!!!!!!!!!!!!!!!!!!!!!!!!!!!!!!!!!!!!!!!!!!!!!!
20210619 165812.299 INFO             PET0 !!! THE ESMF_LOG IS SET TO OUTPUT ALL LOG MESSAGES !!!
20210619 165812.299 INFO             PET0 !!!     THIS MAY CAUSE SLOWDOWN IN PERFORMANCE     !!!
20210619 165812.299 INFO             PET0 !!! FOR PRODUCTION RUNS, USE:                      !!!
20210619 165812.299 INFO             PET0 !!!                   ESMF_LOGKIND_Multi_On_Error  !!!
20210619 165812.299 INFO             PET0 !!!!!!!!!!!!!!!!!!!!!!!!!!!!!!!!!!!!!!!!!!!!!!!!!!!!!!
20210619 165812.299 INFO             PET0 Running with ESMF Version   : ESMF_8_2_0_beta_snapshot_11-1-g4c3a005616
20210619 165812.299 INFO             PET0 ESMF library build date/time: "Jun 19 2021" "16:35:53"
20210619 165812.299 INFO             PET0 ESMF library build location : /lfs/h1/emc/ptmp/Mark.Potts/intel_2019.3_mpi_O_develop
20210619 165812.299 INFO             PET0 ESMF_COMM                   : mpi
20210619 165812.300 INFO             PET0 ESMF_MOAB                   : enabled
20210619 165812.300 INFO             PET0 ESMF_LAPACK                 : enabled
20210619 165812.300 INFO             PET0 ESMF_NETCDF                 : enabled
20210619 165812.300 INFO             PET0 ESMF_PNETCDF                : disabled
20210619 165812.300 INFO             PET0 ESMF_PIO                    : enabled
20210619 165812.300 INFO             PET0 ESMF_YAMLCPP                : enabled
20210619 165812.300 INFO             PET0  NUMBER_OF_PROCESSORS           4
20210619 165812.300 INFO             PET0  PASS  Example ESMF_VMUserMpiCommMultiEx, ESMF_VMUserMpiCommMultiEx.F90, line 154
20210619 165812.300 INFO             PET0 Finalizing ESMF
20210619 165812.299 INFO             PET1 !!!!!!!!!!!!!!!!!!!!!!!!!!!!!!!!!!!!!!!!!!!!!!!!!!!!!!
20210619 165812.299 INFO             PET1 !!! THE ESMF_LOG IS SET TO OUTPUT ALL LOG MESSAGES !!!
20210619 165812.299 INFO             PET1 !!!     THIS MAY CAUSE SLOWDOWN IN PERFORMANCE     !!!
20210619 165812.299 INFO             PET1 !!! FOR PRODUCTION RUNS, USE:                      !!!
20210619 165812.299 INFO             PET1 !!!                   ESMF_LOGKIND_Multi_On_Error  !!!
20210619 165812.299 INFO             PET1 !!!!!!!!!!!!!!!!!!!!!!!!!!!!!!!!!!!!!!!!!!!!!!!!!!!!!!
20210619 165812.299 INFO             PET1 Running with ESMF Version   : ESMF_8_2_0_beta_snapshot_11-1-g4c3a005616
20210619 165812.299 INFO             PET1 ESMF library build date/time: "Jun 19 2021" "16:35:53"
20210619 165812.299 INFO             PET1 ESMF library build location : /lfs/h1/emc/ptmp/Mark.Potts/intel_2019.3_mpi_O_develop
20210619 165812.299 INFO             PET1 ESMF_COMM                   : mpi
20210619 165812.300 INFO             PET1 ESMF_MOAB                   : enabled
20210619 165812.300 INFO             PET1 ESMF_LAPACK                 : enabled
20210619 165812.300 INFO             PET1 ESMF_NETCDF                 : enabled
20210619 165812.300 INFO             PET1 ESMF_PNETCDF                : disabled
20210619 165812.300 INFO             PET1 ESMF_PIO                    : enabled
20210619 165812.300 INFO             PET1 ESMF_YAMLCPP                : enabled
20210619 165812.300 INFO             PET1  NUMBER_OF_PROCESSORS           4
20210619 165812.300 INFO             PET1  PASS  Example ESMF_VMUserMpiCommMultiEx, ESMF_VMUserMpiCommMultiEx.F90, line 126
20210619 165812.300 INFO             PET1 Finalizing ESMF
20210619 165812.299 INFO             PET1 !!!!!!!!!!!!!!!!!!!!!!!!!!!!!!!!!!!!!!!!!!!!!!!!!!!!!!
20210619 165812.299 INFO             PET1 !!! THE ESMF_LOG IS SET TO OUTPUT ALL LOG MESSAGES !!!
20210619 165812.299 INFO             PET1 !!!     THIS MAY CAUSE SLOWDOWN IN PERFORMANCE     !!!
20210619 165812.299 INFO             PET1 !!! FOR PRODUCTION RUNS, USE:                      !!!
20210619 165812.299 INFO             PET1 !!!                   ESMF_LOGKIND_Multi_On_Error  !!!
20210619 165812.299 INFO             PET1 !!!!!!!!!!!!!!!!!!!!!!!!!!!!!!!!!!!!!!!!!!!!!!!!!!!!!!
20210619 165812.299 INFO             PET1 Running with ESMF Version   : ESMF_8_2_0_beta_snapshot_11-1-g4c3a005616
20210619 165812.299 INFO             PET1 ESMF library build date/time: "Jun 19 2021" "16:35:53"
20210619 165812.299 INFO             PET1 ESMF library build location : /lfs/h1/emc/ptmp/Mark.Potts/intel_2019.3_mpi_O_develop
20210619 165812.299 INFO             PET1 ESMF_COMM                   : mpi
20210619 165812.300 INFO             PET1 ESMF_MOAB                   : enabled
20210619 165812.300 INFO             PET1 ESMF_LAPACK                 : enabled
20210619 165812.300 INFO             PET1 ESMF_NETCDF                 : enabled
20210619 165812.300 INFO             PET1 ESMF_PNETCDF                : disabled
20210619 165812.300 INFO             PET1 ESMF_PIO                    : enabled
20210619 165812.300 INFO             PET1 ESMF_YAMLCPP                : enabled
20210619 165812.300 INFO             PET1  NUMBER_OF_PROCESSORS           4
20210619 165812.300 INFO             PET1  PASS  Example ESMF_VMUserMpiCommMultiEx, ESMF_VMUserMpiCommMultiEx.F90, line 154
20210619 165812.300 INFO             PET1 Finalizing ESMF
