build time -- 2021-06-29 16:37:06
 Returned values from ArraySpec:
 rank =           2
  PASS  Example ESMF_ArraySpecEx, ESMF_ArraySpecEx.F90, line 96
 Returned values from ArraySpec:
 rank =           2
  PASS  Example ESMF_ArraySpecEx, ESMF_ArraySpecEx.F90, line 96
 Returned values from ArraySpec:
 rank =           2
  PASS  Example ESMF_ArraySpecEx, ESMF_ArraySpecEx.F90, line 96
 Returned values from ArraySpec:
 rank =           2
  PASS  Example ESMF_ArraySpecEx, ESMF_ArraySpecEx.F90, line 96
 PASS: ESMF_ArraySpecEx.F90
 PASS: ESMF_ArraySpecEx.F90
 PASS: ESMF_ArraySpecEx.F90
 PASS: ESMF_ArraySpecEx.F90
 Returned values from ArraySpec:
 rank =           2
  PASS  Example ESMF_ArraySpecEx, ESMF_ArraySpecEx.F90, line 96
 Returned values from ArraySpec:
 rank =           2
  PASS  Example ESMF_ArraySpecEx, ESMF_ArraySpecEx.F90, line 96
 Returned values from ArraySpec:
 rank =           2
  PASS  Example ESMF_ArraySpecEx, ESMF_ArraySpecEx.F90, line 96
 Returned values from ArraySpec:
 rank =           2
  PASS  Example ESMF_ArraySpecEx, ESMF_ArraySpecEx.F90, line 96
 PASS: ESMF_ArraySpecEx.F90
 PASS: ESMF_ArraySpecEx.F90
 PASS: ESMF_ArraySpecEx.F90
 PASS: ESMF_ArraySpecEx.F90
