build time -- 2021-06-10 16:40:35
20210610 170251.850 INFO             PET0 !!!!!!!!!!!!!!!!!!!!!!!!!!!!!!!!!!!!!!!!!!!!!!!!!!!!!!
20210610 170251.850 INFO             PET0 !!! THE ESMF_LOG IS SET TO OUTPUT ALL LOG MESSAGES !!!
20210610 170251.850 INFO             PET0 !!!     THIS MAY CAUSE SLOWDOWN IN PERFORMANCE     !!!
20210610 170251.850 INFO             PET0 !!! FOR PRODUCTION RUNS, USE:                      !!!
20210610 170251.850 INFO             PET0 !!!                   ESMF_LOGKIND_Multi_On_Error  !!!
20210610 170251.850 INFO             PET0 !!!!!!!!!!!!!!!!!!!!!!!!!!!!!!!!!!!!!!!!!!!!!!!!!!!!!!
20210610 170251.850 INFO             PET0 Running with ESMF Version   : ESMF_8_2_0_beta_snapshot_10-5-g26c4ccc8be
20210610 170251.850 INFO             PET0 ESMF library build date/time: "Jun 10 2021" "16:39:17"
20210610 170251.850 INFO             PET0 ESMF library build location : /lfs/h1/emc/ptmp/Mark.Potts/intel_2019.3_mpi_O_develop
20210610 170251.850 INFO             PET0 ESMF_COMM                   : mpi
20210610 170251.851 INFO             PET0 ESMF_MOAB                   : enabled
20210610 170251.851 INFO             PET0 ESMF_LAPACK                 : enabled
20210610 170251.851 INFO             PET0 ESMF_NETCDF                 : enabled
20210610 170251.851 INFO             PET0 ESMF_PNETCDF                : disabled
20210610 170251.851 INFO             PET0 ESMF_PIO                    : enabled
20210610 170251.851 INFO             PET0 ESMF_YAMLCPP                : enabled
20210610 170251.858 INFO             PET0  NUMBER_OF_PROCESSORS           4
20210610 170251.858 INFO             PET0  PASS  Example ESMF_StateReadWriteEx, ESMF_StateReadWriteEx.F90, line 185
20210610 170251.858 INFO             PET0 Finalizing ESMF
20210610 170251.849 INFO             PET1 !!!!!!!!!!!!!!!!!!!!!!!!!!!!!!!!!!!!!!!!!!!!!!!!!!!!!!
20210610 170251.849 INFO             PET1 !!! THE ESMF_LOG IS SET TO OUTPUT ALL LOG MESSAGES !!!
20210610 170251.849 INFO             PET1 !!!     THIS MAY CAUSE SLOWDOWN IN PERFORMANCE     !!!
20210610 170251.849 INFO             PET1 !!! FOR PRODUCTION RUNS, USE:                      !!!
20210610 170251.849 INFO             PET1 !!!                   ESMF_LOGKIND_Multi_On_Error  !!!
20210610 170251.849 INFO             PET1 !!!!!!!!!!!!!!!!!!!!!!!!!!!!!!!!!!!!!!!!!!!!!!!!!!!!!!
20210610 170251.849 INFO             PET1 Running with ESMF Version   : ESMF_8_2_0_beta_snapshot_10-5-g26c4ccc8be
20210610 170251.849 INFO             PET1 ESMF library build date/time: "Jun 10 2021" "16:39:17"
20210610 170251.849 INFO             PET1 ESMF library build location : /lfs/h1/emc/ptmp/Mark.Potts/intel_2019.3_mpi_O_develop
20210610 170251.849 INFO             PET1 ESMF_COMM                   : mpi
20210610 170251.851 INFO             PET1 ESMF_MOAB                   : enabled
20210610 170251.851 INFO             PET1 ESMF_LAPACK                 : enabled
20210610 170251.851 INFO             PET1 ESMF_NETCDF                 : enabled
20210610 170251.851 INFO             PET1 ESMF_PNETCDF                : disabled
20210610 170251.851 INFO             PET1 ESMF_PIO                    : enabled
20210610 170251.851 INFO             PET1 ESMF_YAMLCPP                : enabled
20210610 170251.852 INFO             PET1  NUMBER_OF_PROCESSORS           4
20210610 170251.852 INFO             PET1  PASS  Example ESMF_StateReadWriteEx, ESMF_StateReadWriteEx.F90, line 185
20210610 170251.852 INFO             PET1 Finalizing ESMF
20210610 170251.849 INFO             PET2 !!!!!!!!!!!!!!!!!!!!!!!!!!!!!!!!!!!!!!!!!!!!!!!!!!!!!!
20210610 170251.849 INFO             PET2 !!! THE ESMF_LOG IS SET TO OUTPUT ALL LOG MESSAGES !!!
20210610 170251.849 INFO             PET2 !!!     THIS MAY CAUSE SLOWDOWN IN PERFORMANCE     !!!
20210610 170251.849 INFO             PET2 !!! FOR PRODUCTION RUNS, USE:                      !!!
20210610 170251.849 INFO             PET2 !!!                   ESMF_LOGKIND_Multi_On_Error  !!!
20210610 170251.849 INFO             PET2 !!!!!!!!!!!!!!!!!!!!!!!!!!!!!!!!!!!!!!!!!!!!!!!!!!!!!!
20210610 170251.849 INFO             PET2 Running with ESMF Version   : ESMF_8_2_0_beta_snapshot_10-5-g26c4ccc8be
20210610 170251.849 INFO             PET2 ESMF library build date/time: "Jun 10 2021" "16:39:17"
20210610 170251.849 INFO             PET2 ESMF library build location : /lfs/h1/emc/ptmp/Mark.Potts/intel_2019.3_mpi_O_develop
20210610 170251.849 INFO             PET2 ESMF_COMM                   : mpi
20210610 170251.851 INFO             PET2 ESMF_MOAB                   : enabled
20210610 170251.851 INFO             PET2 ESMF_LAPACK                 : enabled
20210610 170251.851 INFO             PET2 ESMF_NETCDF                 : enabled
20210610 170251.851 INFO             PET2 ESMF_PNETCDF                : disabled
20210610 170251.851 INFO             PET2 ESMF_PIO                    : enabled
20210610 170251.851 INFO             PET2 ESMF_YAMLCPP                : enabled
20210610 170251.852 INFO             PET2  NUMBER_OF_PROCESSORS           4
20210610 170251.852 INFO             PET2  PASS  Example ESMF_StateReadWriteEx, ESMF_StateReadWriteEx.F90, line 185
20210610 170251.852 INFO             PET2 Finalizing ESMF
20210610 170251.851 INFO             PET3 !!!!!!!!!!!!!!!!!!!!!!!!!!!!!!!!!!!!!!!!!!!!!!!!!!!!!!
20210610 170251.851 INFO             PET3 !!! THE ESMF_LOG IS SET TO OUTPUT ALL LOG MESSAGES !!!
20210610 170251.851 INFO             PET3 !!!     THIS MAY CAUSE SLOWDOWN IN PERFORMANCE     !!!
20210610 170251.851 INFO             PET3 !!! FOR PRODUCTION RUNS, USE:                      !!!
20210610 170251.851 INFO             PET3 !!!                   ESMF_LOGKIND_Multi_On_Error  !!!
20210610 170251.851 INFO             PET3 !!!!!!!!!!!!!!!!!!!!!!!!!!!!!!!!!!!!!!!!!!!!!!!!!!!!!!
20210610 170251.851 INFO             PET3 Running with ESMF Version   : ESMF_8_2_0_beta_snapshot_10-5-g26c4ccc8be
20210610 170251.851 INFO             PET3 ESMF library build date/time: "Jun 10 2021" "16:39:17"
20210610 170251.851 INFO             PET3 ESMF library build location : /lfs/h1/emc/ptmp/Mark.Potts/intel_2019.3_mpi_O_develop
20210610 170251.851 INFO             PET3 ESMF_COMM                   : mpi
20210610 170251.851 INFO             PET3 ESMF_MOAB                   : enabled
20210610 170251.851 INFO             PET3 ESMF_LAPACK                 : enabled
20210610 170251.851 INFO             PET3 ESMF_NETCDF                 : enabled
20210610 170251.851 INFO             PET3 ESMF_PNETCDF                : disabled
20210610 170251.851 INFO             PET3 ESMF_PIO                    : enabled
20210610 170251.851 INFO             PET3 ESMF_YAMLCPP                : enabled
20210610 170251.852 INFO             PET3  NUMBER_OF_PROCESSORS           4
20210610 170251.852 INFO             PET3  PASS  Example ESMF_StateReadWriteEx, ESMF_StateReadWriteEx.F90, line 185
20210610 170251.852 INFO             PET3 Finalizing ESMF
