build time -- 2021-07-23 16:37:04
20210723 165750.675 INFO             PET0 !!!!!!!!!!!!!!!!!!!!!!!!!!!!!!!!!!!!!!!!!!!!!!!!!!!!!!
20210723 165750.675 INFO             PET0 !!! THE ESMF_LOG IS SET TO OUTPUT ALL LOG MESSAGES !!!
20210723 165750.675 INFO             PET0 !!!     THIS MAY CAUSE SLOWDOWN IN PERFORMANCE     !!!
20210723 165750.675 INFO             PET0 !!! FOR PRODUCTION RUNS, USE:                      !!!
20210723 165750.675 INFO             PET0 !!!                   ESMF_LOGKIND_Multi_On_Error  !!!
20210723 165750.675 INFO             PET0 !!!!!!!!!!!!!!!!!!!!!!!!!!!!!!!!!!!!!!!!!!!!!!!!!!!!!!
20210723 165750.675 INFO             PET0 Running with ESMF Version   : ESMF_8_2_0_beta_snapshot_14
20210723 165750.675 INFO             PET0 ESMF library build date/time: "Jul 23 2021" "16:35:46"
20210723 165750.675 INFO             PET0 ESMF library build location : /lfs/h1/emc/ptmp/Mark.Potts/intel_2019.3_mpi_O_develop
20210723 165750.675 INFO             PET0 ESMF_COMM                   : mpi
20210723 165750.676 INFO             PET0 ESMF_MOAB                   : enabled
20210723 165750.676 INFO             PET0 ESMF_LAPACK                 : enabled
20210723 165750.676 INFO             PET0 ESMF_NETCDF                 : enabled
20210723 165750.676 INFO             PET0 ESMF_PNETCDF                : disabled
20210723 165750.676 INFO             PET0 ESMF_PIO                    : enabled
20210723 165750.676 INFO             PET0 ESMF_YAMLCPP                : enabled
20210723 165750.711 DEBUG            PET0 about to destroy Grid: 0x22d3820
20210723 165750.715 DEBUG            PET0 about to destroy Grid: 0x22d4500
20210723 165750.724 INFO             PET0  NUMBER_OF_PROCESSORS           4
20210723 165750.724 INFO             PET0  PASS  Example ESMF_NUOPCAtmModelEx, ESMF_NUOPCAtmModelEx.F90, line 806
20210723 165750.724 INFO             PET0 Finalizing ESMF
20210723 165750.675 INFO             PET1 !!!!!!!!!!!!!!!!!!!!!!!!!!!!!!!!!!!!!!!!!!!!!!!!!!!!!!
20210723 165750.675 INFO             PET1 !!! THE ESMF_LOG IS SET TO OUTPUT ALL LOG MESSAGES !!!
20210723 165750.675 INFO             PET1 !!!     THIS MAY CAUSE SLOWDOWN IN PERFORMANCE     !!!
20210723 165750.675 INFO             PET1 !!! FOR PRODUCTION RUNS, USE:                      !!!
20210723 165750.675 INFO             PET1 !!!                   ESMF_LOGKIND_Multi_On_Error  !!!
20210723 165750.675 INFO             PET1 !!!!!!!!!!!!!!!!!!!!!!!!!!!!!!!!!!!!!!!!!!!!!!!!!!!!!!
20210723 165750.675 INFO             PET1 Running with ESMF Version   : ESMF_8_2_0_beta_snapshot_14
20210723 165750.675 INFO             PET1 ESMF library build date/time: "Jul 23 2021" "16:35:46"
20210723 165750.675 INFO             PET1 ESMF library build location : /lfs/h1/emc/ptmp/Mark.Potts/intel_2019.3_mpi_O_develop
20210723 165750.675 INFO             PET1 ESMF_COMM                   : mpi
20210723 165750.676 INFO             PET1 ESMF_MOAB                   : enabled
20210723 165750.676 INFO             PET1 ESMF_LAPACK                 : enabled
20210723 165750.676 INFO             PET1 ESMF_NETCDF                 : enabled
20210723 165750.676 INFO             PET1 ESMF_PNETCDF                : disabled
20210723 165750.676 INFO             PET1 ESMF_PIO                    : enabled
20210723 165750.676 INFO             PET1 ESMF_YAMLCPP                : enabled
20210723 165750.711 DEBUG            PET1 about to destroy Grid: 0x147dd60
20210723 165750.715 DEBUG            PET1 about to destroy Grid: 0x14812e0
20210723 165750.724 INFO             PET1  NUMBER_OF_PROCESSORS           4
20210723 165750.724 INFO             PET1  PASS  Example ESMF_NUOPCAtmModelEx, ESMF_NUOPCAtmModelEx.F90, line 806
20210723 165750.724 INFO             PET1 Finalizing ESMF
20210723 165750.675 INFO             PET2 !!!!!!!!!!!!!!!!!!!!!!!!!!!!!!!!!!!!!!!!!!!!!!!!!!!!!!
20210723 165750.675 INFO             PET2 !!! THE ESMF_LOG IS SET TO OUTPUT ALL LOG MESSAGES !!!
20210723 165750.675 INFO             PET2 !!!     THIS MAY CAUSE SLOWDOWN IN PERFORMANCE     !!!
20210723 165750.675 INFO             PET2 !!! FOR PRODUCTION RUNS, USE:                      !!!
20210723 165750.675 INFO             PET2 !!!                   ESMF_LOGKIND_Multi_On_Error  !!!
20210723 165750.675 INFO             PET2 !!!!!!!!!!!!!!!!!!!!!!!!!!!!!!!!!!!!!!!!!!!!!!!!!!!!!!
20210723 165750.675 INFO             PET2 Running with ESMF Version   : ESMF_8_2_0_beta_snapshot_14
20210723 165750.675 INFO             PET2 ESMF library build date/time: "Jul 23 2021" "16:35:46"
20210723 165750.675 INFO             PET2 ESMF library build location : /lfs/h1/emc/ptmp/Mark.Potts/intel_2019.3_mpi_O_develop
20210723 165750.675 INFO             PET2 ESMF_COMM                   : mpi
20210723 165750.676 INFO             PET2 ESMF_MOAB                   : enabled
20210723 165750.676 INFO             PET2 ESMF_LAPACK                 : enabled
20210723 165750.676 INFO             PET2 ESMF_NETCDF                 : enabled
20210723 165750.676 INFO             PET2 ESMF_PNETCDF                : disabled
20210723 165750.676 INFO             PET2 ESMF_PIO                    : enabled
20210723 165750.676 INFO             PET2 ESMF_YAMLCPP                : enabled
20210723 165750.711 DEBUG            PET2 about to destroy Grid: 0x2064be0
20210723 165750.715 DEBUG            PET2 about to destroy Grid: 0x2068160
20210723 165750.724 INFO             PET2  NUMBER_OF_PROCESSORS           4
20210723 165750.724 INFO             PET2  PASS  Example ESMF_NUOPCAtmModelEx, ESMF_NUOPCAtmModelEx.F90, line 806
20210723 165750.724 INFO             PET2 Finalizing ESMF
20210723 165750.675 INFO             PET3 !!!!!!!!!!!!!!!!!!!!!!!!!!!!!!!!!!!!!!!!!!!!!!!!!!!!!!
20210723 165750.675 INFO             PET3 !!! THE ESMF_LOG IS SET TO OUTPUT ALL LOG MESSAGES !!!
20210723 165750.675 INFO             PET3 !!!     THIS MAY CAUSE SLOWDOWN IN PERFORMANCE     !!!
20210723 165750.675 INFO             PET3 !!! FOR PRODUCTION RUNS, USE:                      !!!
20210723 165750.675 INFO             PET3 !!!                   ESMF_LOGKIND_Multi_On_Error  !!!
20210723 165750.675 INFO             PET3 !!!!!!!!!!!!!!!!!!!!!!!!!!!!!!!!!!!!!!!!!!!!!!!!!!!!!!
20210723 165750.675 INFO             PET3 Running with ESMF Version   : ESMF_8_2_0_beta_snapshot_14
20210723 165750.675 INFO             PET3 ESMF library build date/time: "Jul 23 2021" "16:35:46"
20210723 165750.675 INFO             PET3 ESMF library build location : /lfs/h1/emc/ptmp/Mark.Potts/intel_2019.3_mpi_O_develop
20210723 165750.675 INFO             PET3 ESMF_COMM                   : mpi
20210723 165750.676 INFO             PET3 ESMF_MOAB                   : enabled
20210723 165750.676 INFO             PET3 ESMF_LAPACK                 : enabled
20210723 165750.676 INFO             PET3 ESMF_NETCDF                 : enabled
20210723 165750.676 INFO             PET3 ESMF_PNETCDF                : disabled
20210723 165750.676 INFO             PET3 ESMF_PIO                    : enabled
20210723 165750.676 INFO             PET3 ESMF_YAMLCPP                : enabled
20210723 165750.711 DEBUG            PET3 about to destroy Grid: 0xe2bd70
20210723 165750.715 DEBUG            PET3 about to destroy Grid: 0xe2f2f0
20210723 165750.724 INFO             PET3  NUMBER_OF_PROCESSORS           4
20210723 165750.724 INFO             PET3  PASS  Example ESMF_NUOPCAtmModelEx, ESMF_NUOPCAtmModelEx.F90, line 806
20210723 165750.724 INFO             PET3 Finalizing ESMF
