build time -- 2021-06-22 17:52:47
20210622 181337.977 INFO             PET0 !!!!!!!!!!!!!!!!!!!!!!!!!!!!!!!!!!!!!!!!!!!!!!!!!!!!!!
20210622 181337.977 INFO             PET0 !!! THE ESMF_LOG IS SET TO OUTPUT ALL LOG MESSAGES !!!
20210622 181337.977 INFO             PET0 !!!     THIS MAY CAUSE SLOWDOWN IN PERFORMANCE     !!!
20210622 181337.977 INFO             PET0 !!! FOR PRODUCTION RUNS, USE:                      !!!
20210622 181337.977 INFO             PET0 !!!                   ESMF_LOGKIND_Multi_On_Error  !!!
20210622 181337.977 INFO             PET0 !!!!!!!!!!!!!!!!!!!!!!!!!!!!!!!!!!!!!!!!!!!!!!!!!!!!!!
20210622 181337.977 INFO             PET0 Running with ESMF Version   : ESMF_8_2_0_beta_snapshot_11-2-g5bc4e2579b
20210622 181337.977 INFO             PET0 ESMF library build date/time: "Jun 22 2021" "17:51:30"
20210622 181337.977 INFO             PET0 ESMF library build location : /lfs/h1/emc/ptmp/Mark.Potts/intel_2019.3_mpi_O_develop
20210622 181337.977 INFO             PET0 ESMF_COMM                   : mpi
20210622 181337.978 INFO             PET0 ESMF_MOAB                   : enabled
20210622 181337.978 INFO             PET0 ESMF_LAPACK                 : enabled
20210622 181337.978 INFO             PET0 ESMF_NETCDF                 : enabled
20210622 181337.978 INFO             PET0 ESMF_PNETCDF                : disabled
20210622 181337.978 INFO             PET0 ESMF_PIO                    : enabled
20210622 181337.978 INFO             PET0 ESMF_YAMLCPP                : enabled
20210622 181337.979 INFO             PET0  NUMBER_OF_PROCESSORS           1
20210622 181337.979 INFO             PET0  PASS  Example ESMF_ClockEx, ESMF_ClockEx.F90, line 220
20210622 181337.979 INFO             PET0 Finalizing ESMF
20210622 181337.977 INFO             PET0 !!!!!!!!!!!!!!!!!!!!!!!!!!!!!!!!!!!!!!!!!!!!!!!!!!!!!!
20210622 181337.977 INFO             PET0 !!! THE ESMF_LOG IS SET TO OUTPUT ALL LOG MESSAGES !!!
20210622 181337.977 INFO             PET0 !!!     THIS MAY CAUSE SLOWDOWN IN PERFORMANCE     !!!
20210622 181337.977 INFO             PET0 !!! FOR PRODUCTION RUNS, USE:                      !!!
20210622 181337.977 INFO             PET0 !!!                   ESMF_LOGKIND_Multi_On_Error  !!!
20210622 181337.977 INFO             PET0 !!!!!!!!!!!!!!!!!!!!!!!!!!!!!!!!!!!!!!!!!!!!!!!!!!!!!!
20210622 181337.977 INFO             PET0 Running with ESMF Version   : ESMF_8_2_0_beta_snapshot_11-2-g5bc4e2579b
20210622 181337.977 INFO             PET0 ESMF library build date/time: "Jun 22 2021" "17:51:30"
20210622 181337.977 INFO             PET0 ESMF library build location : /lfs/h1/emc/ptmp/Mark.Potts/intel_2019.3_mpi_O_develop
20210622 181337.977 INFO             PET0 ESMF_COMM                   : mpi
20210622 181337.978 INFO             PET0 ESMF_MOAB                   : enabled
20210622 181337.978 INFO             PET0 ESMF_LAPACK                 : enabled
20210622 181337.978 INFO             PET0 ESMF_NETCDF                 : enabled
20210622 181337.978 INFO             PET0 ESMF_PNETCDF                : disabled
20210622 181337.978 INFO             PET0 ESMF_PIO                    : enabled
20210622 181337.978 INFO             PET0 ESMF_YAMLCPP                : enabled
20210622 181337.979 INFO             PET0  NUMBER_OF_PROCESSORS           1
20210622 181337.979 INFO             PET0  PASS  Example ESMF_ClockEx, ESMF_ClockEx.F90, line 220
20210622 181337.979 INFO             PET0 Finalizing ESMF
