build time -- 2021-07-04 16:38:02
20210704 165820.076 INFO             PET0 !!!!!!!!!!!!!!!!!!!!!!!!!!!!!!!!!!!!!!!!!!!!!!!!!!!!!!
20210704 165820.076 INFO             PET0 !!! THE ESMF_LOG IS SET TO OUTPUT ALL LOG MESSAGES !!!
20210704 165820.076 INFO             PET0 !!!     THIS MAY CAUSE SLOWDOWN IN PERFORMANCE     !!!
20210704 165820.076 INFO             PET0 !!! FOR PRODUCTION RUNS, USE:                      !!!
20210704 165820.076 INFO             PET0 !!!                   ESMF_LOGKIND_Multi_On_Error  !!!
20210704 165820.076 INFO             PET0 !!!!!!!!!!!!!!!!!!!!!!!!!!!!!!!!!!!!!!!!!!!!!!!!!!!!!!
20210704 165820.076 INFO             PET0 Running with ESMF Version   : ESMF_8_2_0_beta_snapshot_12-2-g7397acc804
20210704 165820.076 INFO             PET0 ESMF library build date/time: "Jul  4 2021" "16:36:40"
20210704 165820.076 INFO             PET0 ESMF library build location : /lfs/h1/emc/ptmp/Mark.Potts/intel_2019.3_mpi_g_develop
20210704 165820.076 INFO             PET0 ESMF_COMM                   : mpi
20210704 165820.077 INFO             PET0 ESMF_MOAB                   : enabled
20210704 165820.077 INFO             PET0 ESMF_LAPACK                 : enabled
20210704 165820.077 INFO             PET0 ESMF_NETCDF                 : enabled
20210704 165820.077 INFO             PET0 ESMF_PNETCDF                : disabled
20210704 165820.077 INFO             PET0 ESMF_PIO                    : enabled
20210704 165820.077 INFO             PET0 ESMF_YAMLCPP                : enabled
20210704 165820.078 INFO             PET0  NUMBER_OF_PROCESSORS           1
20210704 165820.078 INFO             PET0  PASS  Example ESMF_TimeIntervalEx, ESMF_TimeIntervalEx.F90, line 176
20210704 165820.078 INFO             PET0 Finalizing ESMF
