build time -- 2021-06-11 01:10:37.543054
20210611 013647.342 INFO             PET0 !!!!!!!!!!!!!!!!!!!!!!!!!!!!!!!!!!!!!!!!!!!!!!!!!!!!!!
20210611 013647.342 INFO             PET0 !!! THE ESMF_LOG IS SET TO OUTPUT ALL LOG MESSAGES !!!
20210611 013647.342 INFO             PET0 !!!     THIS MAY CAUSE SLOWDOWN IN PERFORMANCE     !!!
20210611 013647.342 INFO             PET0 !!! FOR PRODUCTION RUNS, USE:                      !!!
20210611 013647.342 INFO             PET0 !!!                   ESMF_LOGKIND_Multi_On_Error  !!!
20210611 013647.342 INFO             PET0 !!!!!!!!!!!!!!!!!!!!!!!!!!!!!!!!!!!!!!!!!!!!!!!!!!!!!!
20210611 013647.342 INFO             PET0 Running with ESMF Version   : ESMF_8_2_0_beta_snapshot_10-5-g26c4ccc8be
20210611 013647.342 INFO             PET0 ESMF library build date/time: "Jun 11 2021" "01:08:59"
20210611 013647.342 INFO             PET0 ESMF library build location : /gpfsm/dnb04/projects/p98/mpotts/esmf/intel_2020_intelmpi_O_develop
20210611 013647.342 INFO             PET0 ESMF_COMM                   : intelmpi
20210611 013647.343 INFO             PET0 ESMF_MOAB                   : enabled
20210611 013647.343 INFO             PET0 ESMF_LAPACK                 : enabled
20210611 013647.343 INFO             PET0 ESMF_NETCDF                 : enabled
20210611 013647.343 INFO             PET0 ESMF_PNETCDF                : disabled
20210611 013647.343 INFO             PET0 ESMF_PIO                    : enabled
20210611 013647.343 INFO             PET0 ESMF_YAMLCPP                : enabled
20210611 013647.392 WARNING          PET0 ESMF_IOScrip.F90:4704 ESMF_EsmfGetElement Variable centerCoords in data/ne4np4-esmf.nc does not exist
20210611 013647.422 INFO             PET0  NUMBER_OF_PROCESSORS           4
20210611 013647.422 INFO             PET0  PASS  Example ESMF_MeshEx, ESMF_MeshEx.F90, line 1795
20210611 013647.422 INFO             PET0 Finalizing ESMF
20210611 013647.342 INFO             PET1 !!!!!!!!!!!!!!!!!!!!!!!!!!!!!!!!!!!!!!!!!!!!!!!!!!!!!!
20210611 013647.342 INFO             PET1 !!! THE ESMF_LOG IS SET TO OUTPUT ALL LOG MESSAGES !!!
20210611 013647.342 INFO             PET1 !!!     THIS MAY CAUSE SLOWDOWN IN PERFORMANCE     !!!
20210611 013647.342 INFO             PET1 !!! FOR PRODUCTION RUNS, USE:                      !!!
20210611 013647.342 INFO             PET1 !!!                   ESMF_LOGKIND_Multi_On_Error  !!!
20210611 013647.342 INFO             PET1 !!!!!!!!!!!!!!!!!!!!!!!!!!!!!!!!!!!!!!!!!!!!!!!!!!!!!!
20210611 013647.342 INFO             PET1 Running with ESMF Version   : ESMF_8_2_0_beta_snapshot_10-5-g26c4ccc8be
20210611 013647.342 INFO             PET1 ESMF library build date/time: "Jun 11 2021" "01:08:59"
20210611 013647.342 INFO             PET1 ESMF library build location : /gpfsm/dnb04/projects/p98/mpotts/esmf/intel_2020_intelmpi_O_develop
20210611 013647.342 INFO             PET1 ESMF_COMM                   : intelmpi
20210611 013647.343 INFO             PET1 ESMF_MOAB                   : enabled
20210611 013647.343 INFO             PET1 ESMF_LAPACK                 : enabled
20210611 013647.343 INFO             PET1 ESMF_NETCDF                 : enabled
20210611 013647.343 INFO             PET1 ESMF_PNETCDF                : disabled
20210611 013647.343 INFO             PET1 ESMF_PIO                    : enabled
20210611 013647.343 INFO             PET1 ESMF_YAMLCPP                : enabled
20210611 013647.392 WARNING          PET1 ESMF_IOScrip.F90:4704 ESMF_EsmfGetElement Variable centerCoords in data/ne4np4-esmf.nc does not exist
20210611 013647.422 INFO             PET1  NUMBER_OF_PROCESSORS           4
20210611 013647.423 INFO             PET1  PASS  Example ESMF_MeshEx, ESMF_MeshEx.F90, line 1795
20210611 013647.423 INFO             PET1 Finalizing ESMF
20210611 013647.343 INFO             PET2 !!!!!!!!!!!!!!!!!!!!!!!!!!!!!!!!!!!!!!!!!!!!!!!!!!!!!!
20210611 013647.343 INFO             PET2 !!! THE ESMF_LOG IS SET TO OUTPUT ALL LOG MESSAGES !!!
20210611 013647.343 INFO             PET2 !!!     THIS MAY CAUSE SLOWDOWN IN PERFORMANCE     !!!
20210611 013647.343 INFO             PET2 !!! FOR PRODUCTION RUNS, USE:                      !!!
20210611 013647.343 INFO             PET2 !!!                   ESMF_LOGKIND_Multi_On_Error  !!!
20210611 013647.343 INFO             PET2 !!!!!!!!!!!!!!!!!!!!!!!!!!!!!!!!!!!!!!!!!!!!!!!!!!!!!!
20210611 013647.343 INFO             PET2 Running with ESMF Version   : ESMF_8_2_0_beta_snapshot_10-5-g26c4ccc8be
20210611 013647.343 INFO             PET2 ESMF library build date/time: "Jun 11 2021" "01:08:59"
20210611 013647.343 INFO             PET2 ESMF library build location : /gpfsm/dnb04/projects/p98/mpotts/esmf/intel_2020_intelmpi_O_develop
20210611 013647.343 INFO             PET2 ESMF_COMM                   : intelmpi
20210611 013647.344 INFO             PET2 ESMF_MOAB                   : enabled
20210611 013647.344 INFO             PET2 ESMF_LAPACK                 : enabled
20210611 013647.344 INFO             PET2 ESMF_NETCDF                 : enabled
20210611 013647.344 INFO             PET2 ESMF_PNETCDF                : disabled
20210611 013647.344 INFO             PET2 ESMF_PIO                    : enabled
20210611 013647.344 INFO             PET2 ESMF_YAMLCPP                : enabled
20210611 013647.392 WARNING          PET2 ESMF_IOScrip.F90:4704 ESMF_EsmfGetElement Variable centerCoords in data/ne4np4-esmf.nc does not exist
20210611 013647.422 INFO             PET2  NUMBER_OF_PROCESSORS           4
20210611 013647.422 INFO             PET2  PASS  Example ESMF_MeshEx, ESMF_MeshEx.F90, line 1795
20210611 013647.422 INFO             PET2 Finalizing ESMF
20210611 013647.342 INFO             PET3 !!!!!!!!!!!!!!!!!!!!!!!!!!!!!!!!!!!!!!!!!!!!!!!!!!!!!!
20210611 013647.342 INFO             PET3 !!! THE ESMF_LOG IS SET TO OUTPUT ALL LOG MESSAGES !!!
20210611 013647.342 INFO             PET3 !!!     THIS MAY CAUSE SLOWDOWN IN PERFORMANCE     !!!
20210611 013647.342 INFO             PET3 !!! FOR PRODUCTION RUNS, USE:                      !!!
20210611 013647.342 INFO             PET3 !!!                   ESMF_LOGKIND_Multi_On_Error  !!!
20210611 013647.342 INFO             PET3 !!!!!!!!!!!!!!!!!!!!!!!!!!!!!!!!!!!!!!!!!!!!!!!!!!!!!!
20210611 013647.342 INFO             PET3 Running with ESMF Version   : ESMF_8_2_0_beta_snapshot_10-5-g26c4ccc8be
20210611 013647.343 INFO             PET3 ESMF library build date/time: "Jun 11 2021" "01:08:59"
20210611 013647.343 INFO             PET3 ESMF library build location : /gpfsm/dnb04/projects/p98/mpotts/esmf/intel_2020_intelmpi_O_develop
20210611 013647.343 INFO             PET3 ESMF_COMM                   : intelmpi
20210611 013647.343 INFO             PET3 ESMF_MOAB                   : enabled
20210611 013647.343 INFO             PET3 ESMF_LAPACK                 : enabled
20210611 013647.343 INFO             PET3 ESMF_NETCDF                 : enabled
20210611 013647.343 INFO             PET3 ESMF_PNETCDF                : disabled
20210611 013647.343 INFO             PET3 ESMF_PIO                    : enabled
20210611 013647.343 INFO             PET3 ESMF_YAMLCPP                : enabled
20210611 013647.392 WARNING          PET3 ESMF_IOScrip.F90:4704 ESMF_EsmfGetElement Variable centerCoords in data/ne4np4-esmf.nc does not exist
20210611 013647.422 INFO             PET3  NUMBER_OF_PROCESSORS           4
20210611 013647.422 INFO             PET3  PASS  Example ESMF_MeshEx, ESMF_MeshEx.F90, line 1795
20210611 013647.422 INFO             PET3 Finalizing ESMF
