build time -- 2021-09-09 01:09:52.646185
20210909 013847.260 INFO             PET0 !!!!!!!!!!!!!!!!!!!!!!!!!!!!!!!!!!!!!!!!!!!!!!!!!!!!!!
20210909 013847.261 INFO             PET0 !!! THE ESMF_LOG IS SET TO OUTPUT ALL LOG MESSAGES !!!
20210909 013847.261 INFO             PET0 !!!     THIS MAY CAUSE SLOWDOWN IN PERFORMANCE     !!!
20210909 013847.261 INFO             PET0 !!! FOR PRODUCTION RUNS, USE:                      !!!
20210909 013847.261 INFO             PET0 !!!                   ESMF_LOGKIND_Multi_On_Error  !!!
20210909 013847.261 INFO             PET0 !!!!!!!!!!!!!!!!!!!!!!!!!!!!!!!!!!!!!!!!!!!!!!!!!!!!!!
20210909 013847.261 INFO             PET0 Running with ESMF Version   : ESMF_8_2_0_beta_snapshot_18-42-gb11ffe55a6
20210909 013847.261 INFO             PET0 ESMF library build date/time: "Sep  9 2021" "01:08:05"
20210909 013847.261 INFO             PET0 ESMF library build location : /gpfsm/dnb04/projects/p98/mpotts/esmf/intel_2020_intelmpi_O_develop
20210909 013847.261 INFO             PET0 ESMF_COMM                   : intelmpi
20210909 013847.261 INFO             PET0 ESMF_MOAB                   : enabled
20210909 013847.261 INFO             PET0 ESMF_LAPACK                 : enabled
20210909 013847.261 INFO             PET0 ESMF_NETCDF                 : enabled
20210909 013847.261 INFO             PET0 ESMF_PNETCDF                : disabled
20210909 013847.261 INFO             PET0 ESMF_PIO                    : enabled
20210909 013847.261 INFO             PET0 ESMF_YAMLCPP                : enabled
20210909 013847.310 DEBUG            PET0 about to destroy Grid: 0xabe7c0
20210909 013847.315 DEBUG            PET0 about to destroy Grid: 0xabf9f0
20210909 013847.327 INFO             PET0  NUMBER_OF_PROCESSORS           4
20210909 013847.327 INFO             PET0  PASS  Example ESMF_NUOPCAtmModelEx, ESMF_NUOPCAtmModelEx.F90, line 806
20210909 013847.327 INFO             PET0 Finalizing ESMF
20210909 013847.261 INFO             PET1 !!!!!!!!!!!!!!!!!!!!!!!!!!!!!!!!!!!!!!!!!!!!!!!!!!!!!!
20210909 013847.261 INFO             PET1 !!! THE ESMF_LOG IS SET TO OUTPUT ALL LOG MESSAGES !!!
20210909 013847.261 INFO             PET1 !!!     THIS MAY CAUSE SLOWDOWN IN PERFORMANCE     !!!
20210909 013847.261 INFO             PET1 !!! FOR PRODUCTION RUNS, USE:                      !!!
20210909 013847.261 INFO             PET1 !!!                   ESMF_LOGKIND_Multi_On_Error  !!!
20210909 013847.261 INFO             PET1 !!!!!!!!!!!!!!!!!!!!!!!!!!!!!!!!!!!!!!!!!!!!!!!!!!!!!!
20210909 013847.261 INFO             PET1 Running with ESMF Version   : ESMF_8_2_0_beta_snapshot_18-42-gb11ffe55a6
20210909 013847.261 INFO             PET1 ESMF library build date/time: "Sep  9 2021" "01:08:05"
20210909 013847.261 INFO             PET1 ESMF library build location : /gpfsm/dnb04/projects/p98/mpotts/esmf/intel_2020_intelmpi_O_develop
20210909 013847.261 INFO             PET1 ESMF_COMM                   : intelmpi
20210909 013847.262 INFO             PET1 ESMF_MOAB                   : enabled
20210909 013847.262 INFO             PET1 ESMF_LAPACK                 : enabled
20210909 013847.262 INFO             PET1 ESMF_NETCDF                 : enabled
20210909 013847.262 INFO             PET1 ESMF_PNETCDF                : disabled
20210909 013847.262 INFO             PET1 ESMF_PIO                    : enabled
20210909 013847.262 INFO             PET1 ESMF_YAMLCPP                : enabled
20210909 013847.310 DEBUG            PET1 about to destroy Grid: 0xabe360
20210909 013847.315 DEBUG            PET1 about to destroy Grid: 0xabf100
20210909 013847.327 INFO             PET1  NUMBER_OF_PROCESSORS           4
20210909 013847.327 INFO             PET1  PASS  Example ESMF_NUOPCAtmModelEx, ESMF_NUOPCAtmModelEx.F90, line 806
20210909 013847.327 INFO             PET1 Finalizing ESMF
20210909 013847.261 INFO             PET2 !!!!!!!!!!!!!!!!!!!!!!!!!!!!!!!!!!!!!!!!!!!!!!!!!!!!!!
20210909 013847.261 INFO             PET2 !!! THE ESMF_LOG IS SET TO OUTPUT ALL LOG MESSAGES !!!
20210909 013847.261 INFO             PET2 !!!     THIS MAY CAUSE SLOWDOWN IN PERFORMANCE     !!!
20210909 013847.261 INFO             PET2 !!! FOR PRODUCTION RUNS, USE:                      !!!
20210909 013847.261 INFO             PET2 !!!                   ESMF_LOGKIND_Multi_On_Error  !!!
20210909 013847.261 INFO             PET2 !!!!!!!!!!!!!!!!!!!!!!!!!!!!!!!!!!!!!!!!!!!!!!!!!!!!!!
20210909 013847.261 INFO             PET2 Running with ESMF Version   : ESMF_8_2_0_beta_snapshot_18-42-gb11ffe55a6
20210909 013847.261 INFO             PET2 ESMF library build date/time: "Sep  9 2021" "01:08:05"
20210909 013847.261 INFO             PET2 ESMF library build location : /gpfsm/dnb04/projects/p98/mpotts/esmf/intel_2020_intelmpi_O_develop
20210909 013847.261 INFO             PET2 ESMF_COMM                   : intelmpi
20210909 013847.262 INFO             PET2 ESMF_MOAB                   : enabled
20210909 013847.262 INFO             PET2 ESMF_LAPACK                 : enabled
20210909 013847.262 INFO             PET2 ESMF_NETCDF                 : enabled
20210909 013847.262 INFO             PET2 ESMF_PNETCDF                : disabled
20210909 013847.262 INFO             PET2 ESMF_PIO                    : enabled
20210909 013847.262 INFO             PET2 ESMF_YAMLCPP                : enabled
20210909 013847.310 DEBUG            PET2 about to destroy Grid: 0xabe2d0
20210909 013847.315 DEBUG            PET2 about to destroy Grid: 0xabf070
20210909 013847.327 INFO             PET2  NUMBER_OF_PROCESSORS           4
20210909 013847.327 INFO             PET2  PASS  Example ESMF_NUOPCAtmModelEx, ESMF_NUOPCAtmModelEx.F90, line 806
20210909 013847.327 INFO             PET2 Finalizing ESMF
20210909 013847.261 INFO             PET3 !!!!!!!!!!!!!!!!!!!!!!!!!!!!!!!!!!!!!!!!!!!!!!!!!!!!!!
20210909 013847.261 INFO             PET3 !!! THE ESMF_LOG IS SET TO OUTPUT ALL LOG MESSAGES !!!
20210909 013847.261 INFO             PET3 !!!     THIS MAY CAUSE SLOWDOWN IN PERFORMANCE     !!!
20210909 013847.261 INFO             PET3 !!! FOR PRODUCTION RUNS, USE:                      !!!
20210909 013847.261 INFO             PET3 !!!                   ESMF_LOGKIND_Multi_On_Error  !!!
20210909 013847.261 INFO             PET3 !!!!!!!!!!!!!!!!!!!!!!!!!!!!!!!!!!!!!!!!!!!!!!!!!!!!!!
20210909 013847.261 INFO             PET3 Running with ESMF Version   : ESMF_8_2_0_beta_snapshot_18-42-gb11ffe55a6
20210909 013847.261 INFO             PET3 ESMF library build date/time: "Sep  9 2021" "01:08:05"
20210909 013847.261 INFO             PET3 ESMF library build location : /gpfsm/dnb04/projects/p98/mpotts/esmf/intel_2020_intelmpi_O_develop
20210909 013847.261 INFO             PET3 ESMF_COMM                   : intelmpi
20210909 013847.262 INFO             PET3 ESMF_MOAB                   : enabled
20210909 013847.262 INFO             PET3 ESMF_LAPACK                 : enabled
20210909 013847.262 INFO             PET3 ESMF_NETCDF                 : enabled
20210909 013847.262 INFO             PET3 ESMF_PNETCDF                : disabled
20210909 013847.262 INFO             PET3 ESMF_PIO                    : enabled
20210909 013847.262 INFO             PET3 ESMF_YAMLCPP                : enabled
20210909 013847.310 DEBUG            PET3 about to destroy Grid: 0xabe180
20210909 013847.315 DEBUG            PET3 about to destroy Grid: 0xabef20
20210909 013847.327 INFO             PET3  NUMBER_OF_PROCESSORS           4
20210909 013847.327 INFO             PET3  PASS  Example ESMF_NUOPCAtmModelEx, ESMF_NUOPCAtmModelEx.F90, line 806
20210909 013847.327 INFO             PET3 Finalizing ESMF
