build time -- 2021-09-21 01:11:17.734269
20210921 013919.520 INFO             PET0 !!!!!!!!!!!!!!!!!!!!!!!!!!!!!!!!!!!!!!!!!!!!!!!!!!!!!!
20210921 013919.520 INFO             PET0 !!! THE ESMF_LOG IS SET TO OUTPUT ALL LOG MESSAGES !!!
20210921 013919.520 INFO             PET0 !!!     THIS MAY CAUSE SLOWDOWN IN PERFORMANCE     !!!
20210921 013919.520 INFO             PET0 !!! FOR PRODUCTION RUNS, USE:                      !!!
20210921 013919.520 INFO             PET0 !!!                   ESMF_LOGKIND_Multi_On_Error  !!!
20210921 013919.520 INFO             PET0 !!!!!!!!!!!!!!!!!!!!!!!!!!!!!!!!!!!!!!!!!!!!!!!!!!!!!!
20210921 013919.520 INFO             PET0 Running with ESMF Version   : ESMF_8_2_0_beta_snapshot_19-2-ge6c8eaf7fe
20210921 013919.521 INFO             PET0 ESMF library build date/time: "Sep 21 2021" "01:09:34"
20210921 013919.521 INFO             PET0 ESMF library build location : /gpfsm/dnb04/projects/p98/mpotts/esmf/intel_2020_intelmpi_O_develop
20210921 013919.521 INFO             PET0 ESMF_COMM                   : intelmpi
20210921 013919.521 INFO             PET0 ESMF_MOAB                   : enabled
20210921 013919.521 INFO             PET0 ESMF_LAPACK                 : enabled
20210921 013919.521 INFO             PET0 ESMF_NETCDF                 : enabled
20210921 013919.521 INFO             PET0 ESMF_PNETCDF                : disabled
20210921 013919.521 INFO             PET0 ESMF_PIO                    : enabled
20210921 013919.521 INFO             PET0 ESMF_YAMLCPP                : enabled
20210921 013919.523 INFO             PET0  NUMBER_OF_PROCESSORS           4
20210921 013919.523 INFO             PET0  PASS  Example ESMF_CplEx, ESMF_CplEx.F90, line 457
20210921 013919.523 INFO             PET0 Finalizing ESMF
20210921 013919.520 INFO             PET1 !!!!!!!!!!!!!!!!!!!!!!!!!!!!!!!!!!!!!!!!!!!!!!!!!!!!!!
20210921 013919.520 INFO             PET1 !!! THE ESMF_LOG IS SET TO OUTPUT ALL LOG MESSAGES !!!
20210921 013919.520 INFO             PET1 !!!     THIS MAY CAUSE SLOWDOWN IN PERFORMANCE     !!!
20210921 013919.520 INFO             PET1 !!! FOR PRODUCTION RUNS, USE:                      !!!
20210921 013919.520 INFO             PET1 !!!                   ESMF_LOGKIND_Multi_On_Error  !!!
20210921 013919.520 INFO             PET1 !!!!!!!!!!!!!!!!!!!!!!!!!!!!!!!!!!!!!!!!!!!!!!!!!!!!!!
20210921 013919.520 INFO             PET1 Running with ESMF Version   : ESMF_8_2_0_beta_snapshot_19-2-ge6c8eaf7fe
20210921 013919.520 INFO             PET1 ESMF library build date/time: "Sep 21 2021" "01:09:34"
20210921 013919.520 INFO             PET1 ESMF library build location : /gpfsm/dnb04/projects/p98/mpotts/esmf/intel_2020_intelmpi_O_develop
20210921 013919.520 INFO             PET1 ESMF_COMM                   : intelmpi
20210921 013919.521 INFO             PET1 ESMF_MOAB                   : enabled
20210921 013919.521 INFO             PET1 ESMF_LAPACK                 : enabled
20210921 013919.521 INFO             PET1 ESMF_NETCDF                 : enabled
20210921 013919.521 INFO             PET1 ESMF_PNETCDF                : disabled
20210921 013919.521 INFO             PET1 ESMF_PIO                    : enabled
20210921 013919.521 INFO             PET1 ESMF_YAMLCPP                : enabled
20210921 013919.523 INFO             PET1  NUMBER_OF_PROCESSORS           4
20210921 013919.523 INFO             PET1  PASS  Example ESMF_CplEx, ESMF_CplEx.F90, line 457
20210921 013919.523 INFO             PET1 Finalizing ESMF
20210921 013919.521 INFO             PET2 !!!!!!!!!!!!!!!!!!!!!!!!!!!!!!!!!!!!!!!!!!!!!!!!!!!!!!
20210921 013919.521 INFO             PET2 !!! THE ESMF_LOG IS SET TO OUTPUT ALL LOG MESSAGES !!!
20210921 013919.521 INFO             PET2 !!!     THIS MAY CAUSE SLOWDOWN IN PERFORMANCE     !!!
20210921 013919.521 INFO             PET2 !!! FOR PRODUCTION RUNS, USE:                      !!!
20210921 013919.521 INFO             PET2 !!!                   ESMF_LOGKIND_Multi_On_Error  !!!
20210921 013919.521 INFO             PET2 !!!!!!!!!!!!!!!!!!!!!!!!!!!!!!!!!!!!!!!!!!!!!!!!!!!!!!
20210921 013919.521 INFO             PET2 Running with ESMF Version   : ESMF_8_2_0_beta_snapshot_19-2-ge6c8eaf7fe
20210921 013919.521 INFO             PET2 ESMF library build date/time: "Sep 21 2021" "01:09:34"
20210921 013919.521 INFO             PET2 ESMF library build location : /gpfsm/dnb04/projects/p98/mpotts/esmf/intel_2020_intelmpi_O_develop
20210921 013919.521 INFO             PET2 ESMF_COMM                   : intelmpi
20210921 013919.521 INFO             PET2 ESMF_MOAB                   : enabled
20210921 013919.521 INFO             PET2 ESMF_LAPACK                 : enabled
20210921 013919.521 INFO             PET2 ESMF_NETCDF                 : enabled
20210921 013919.521 INFO             PET2 ESMF_PNETCDF                : disabled
20210921 013919.521 INFO             PET2 ESMF_PIO                    : enabled
20210921 013919.521 INFO             PET2 ESMF_YAMLCPP                : enabled
20210921 013919.523 INFO             PET2  NUMBER_OF_PROCESSORS           4
20210921 013919.523 INFO             PET2  PASS  Example ESMF_CplEx, ESMF_CplEx.F90, line 457
20210921 013919.523 INFO             PET2 Finalizing ESMF
20210921 013919.521 INFO             PET3 !!!!!!!!!!!!!!!!!!!!!!!!!!!!!!!!!!!!!!!!!!!!!!!!!!!!!!
20210921 013919.521 INFO             PET3 !!! THE ESMF_LOG IS SET TO OUTPUT ALL LOG MESSAGES !!!
20210921 013919.521 INFO             PET3 !!!     THIS MAY CAUSE SLOWDOWN IN PERFORMANCE     !!!
20210921 013919.521 INFO             PET3 !!! FOR PRODUCTION RUNS, USE:                      !!!
20210921 013919.521 INFO             PET3 !!!                   ESMF_LOGKIND_Multi_On_Error  !!!
20210921 013919.521 INFO             PET3 !!!!!!!!!!!!!!!!!!!!!!!!!!!!!!!!!!!!!!!!!!!!!!!!!!!!!!
20210921 013919.521 INFO             PET3 Running with ESMF Version   : ESMF_8_2_0_beta_snapshot_19-2-ge6c8eaf7fe
20210921 013919.521 INFO             PET3 ESMF library build date/time: "Sep 21 2021" "01:09:34"
20210921 013919.521 INFO             PET3 ESMF library build location : /gpfsm/dnb04/projects/p98/mpotts/esmf/intel_2020_intelmpi_O_develop
20210921 013919.521 INFO             PET3 ESMF_COMM                   : intelmpi
20210921 013919.521 INFO             PET3 ESMF_MOAB                   : enabled
20210921 013919.521 INFO             PET3 ESMF_LAPACK                 : enabled
20210921 013919.521 INFO             PET3 ESMF_NETCDF                 : enabled
20210921 013919.521 INFO             PET3 ESMF_PNETCDF                : disabled
20210921 013919.521 INFO             PET3 ESMF_PIO                    : enabled
20210921 013919.521 INFO             PET3 ESMF_YAMLCPP                : enabled
20210921 013919.523 INFO             PET3  NUMBER_OF_PROCESSORS           4
20210921 013919.523 INFO             PET3  PASS  Example ESMF_CplEx, ESMF_CplEx.F90, line 457
20210921 013919.523 INFO             PET3 Finalizing ESMF
