build time -- 2021-09-28 02:45:52
20210928 072041.686 INFO             PET0 !!!!!!!!!!!!!!!!!!!!!!!!!!!!!!!!!!!!!!!!!!!!!!!!!!!!!!
20210928 072041.686 INFO             PET0 !!! THE ESMF_LOG IS SET TO OUTPUT ALL LOG MESSAGES !!!
20210928 072041.686 INFO             PET0 !!!     THIS MAY CAUSE SLOWDOWN IN PERFORMANCE     !!!
20210928 072041.686 INFO             PET0 !!! FOR PRODUCTION RUNS, USE:                      !!!
20210928 072041.686 INFO             PET0 !!!                   ESMF_LOGKIND_Multi_On_Error  !!!
20210928 072041.686 INFO             PET0 !!!!!!!!!!!!!!!!!!!!!!!!!!!!!!!!!!!!!!!!!!!!!!!!!!!!!!
20210928 072041.686 INFO             PET0 Running with ESMF Version   : ESMF_8_2_0_beta_snapshot_19-14-gd25d680
20210928 072041.686 INFO             PET0 ESMF library build date/time: "Sep 28 2021" "02:43:59"
20210928 072041.686 INFO             PET0 ESMF library build location : /work/noaa/da/mpotts/sandbox/intel_2020_intelmpi_O_develop
20210928 072041.686 INFO             PET0 ESMF_COMM                   : intelmpi
20210928 072041.687 INFO             PET0 ESMF_MOAB                   : enabled
20210928 072041.687 INFO             PET0 ESMF_LAPACK                 : enabled
20210928 072041.687 INFO             PET0 ESMF_NETCDF                 : enabled
20210928 072041.687 INFO             PET0 ESMF_PNETCDF                : disabled
20210928 072041.687 INFO             PET0 ESMF_PIO                    : enabled
20210928 072041.687 INFO             PET0 ESMF_YAMLCPP                : enabled
20210928 072041.702 INFO             PET0  NUMBER_OF_PROCESSORS           4
20210928 072041.702 INFO             PET0  PASS  Example ESMF_VMUserMpiCommMultiEx, ESMF_VMUserMpiCommMultiEx.F90, line 126
20210928 072041.702 INFO             PET0 Finalizing ESMF
20210928 072041.700 INFO             PET0 !!!!!!!!!!!!!!!!!!!!!!!!!!!!!!!!!!!!!!!!!!!!!!!!!!!!!!
20210928 072041.700 INFO             PET0 !!! THE ESMF_LOG IS SET TO OUTPUT ALL LOG MESSAGES !!!
20210928 072041.700 INFO             PET0 !!!     THIS MAY CAUSE SLOWDOWN IN PERFORMANCE     !!!
20210928 072041.700 INFO             PET0 !!! FOR PRODUCTION RUNS, USE:                      !!!
20210928 072041.700 INFO             PET0 !!!                   ESMF_LOGKIND_Multi_On_Error  !!!
20210928 072041.700 INFO             PET0 !!!!!!!!!!!!!!!!!!!!!!!!!!!!!!!!!!!!!!!!!!!!!!!!!!!!!!
20210928 072041.700 INFO             PET0 Running with ESMF Version   : ESMF_8_2_0_beta_snapshot_19-14-gd25d680
20210928 072041.700 INFO             PET0 ESMF library build date/time: "Sep 28 2021" "02:43:59"
20210928 072041.700 INFO             PET0 ESMF library build location : /work/noaa/da/mpotts/sandbox/intel_2020_intelmpi_O_develop
20210928 072041.700 INFO             PET0 ESMF_COMM                   : intelmpi
20210928 072041.712 INFO             PET0 ESMF_MOAB                   : enabled
20210928 072041.712 INFO             PET0 ESMF_LAPACK                 : enabled
20210928 072041.712 INFO             PET0 ESMF_NETCDF                 : enabled
20210928 072041.712 INFO             PET0 ESMF_PNETCDF                : disabled
20210928 072041.712 INFO             PET0 ESMF_PIO                    : enabled
20210928 072041.712 INFO             PET0 ESMF_YAMLCPP                : enabled
20210928 072041.713 INFO             PET0  NUMBER_OF_PROCESSORS           4
20210928 072041.713 INFO             PET0  PASS  Example ESMF_VMUserMpiCommMultiEx, ESMF_VMUserMpiCommMultiEx.F90, line 154
20210928 072041.713 INFO             PET0 Finalizing ESMF
20210928 072041.700 INFO             PET1 !!!!!!!!!!!!!!!!!!!!!!!!!!!!!!!!!!!!!!!!!!!!!!!!!!!!!!
20210928 072041.700 INFO             PET1 !!! THE ESMF_LOG IS SET TO OUTPUT ALL LOG MESSAGES !!!
20210928 072041.700 INFO             PET1 !!!     THIS MAY CAUSE SLOWDOWN IN PERFORMANCE     !!!
20210928 072041.700 INFO             PET1 !!! FOR PRODUCTION RUNS, USE:                      !!!
20210928 072041.700 INFO             PET1 !!!                   ESMF_LOGKIND_Multi_On_Error  !!!
20210928 072041.700 INFO             PET1 !!!!!!!!!!!!!!!!!!!!!!!!!!!!!!!!!!!!!!!!!!!!!!!!!!!!!!
20210928 072041.700 INFO             PET1 Running with ESMF Version   : ESMF_8_2_0_beta_snapshot_19-14-gd25d680
20210928 072041.700 INFO             PET1 ESMF library build date/time: "Sep 28 2021" "02:43:59"
20210928 072041.700 INFO             PET1 ESMF library build location : /work/noaa/da/mpotts/sandbox/intel_2020_intelmpi_O_develop
20210928 072041.700 INFO             PET1 ESMF_COMM                   : intelmpi
20210928 072041.701 INFO             PET1 ESMF_MOAB                   : enabled
20210928 072041.701 INFO             PET1 ESMF_LAPACK                 : enabled
20210928 072041.701 INFO             PET1 ESMF_NETCDF                 : enabled
20210928 072041.701 INFO             PET1 ESMF_PNETCDF                : disabled
20210928 072041.701 INFO             PET1 ESMF_PIO                    : enabled
20210928 072041.701 INFO             PET1 ESMF_YAMLCPP                : enabled
20210928 072041.702 INFO             PET1  NUMBER_OF_PROCESSORS           4
20210928 072041.702 INFO             PET1  PASS  Example ESMF_VMUserMpiCommMultiEx, ESMF_VMUserMpiCommMultiEx.F90, line 126
20210928 072041.702 INFO             PET1 Finalizing ESMF
20210928 072041.686 INFO             PET1 !!!!!!!!!!!!!!!!!!!!!!!!!!!!!!!!!!!!!!!!!!!!!!!!!!!!!!
20210928 072041.686 INFO             PET1 !!! THE ESMF_LOG IS SET TO OUTPUT ALL LOG MESSAGES !!!
20210928 072041.686 INFO             PET1 !!!     THIS MAY CAUSE SLOWDOWN IN PERFORMANCE     !!!
20210928 072041.686 INFO             PET1 !!! FOR PRODUCTION RUNS, USE:                      !!!
20210928 072041.686 INFO             PET1 !!!                   ESMF_LOGKIND_Multi_On_Error  !!!
20210928 072041.686 INFO             PET1 !!!!!!!!!!!!!!!!!!!!!!!!!!!!!!!!!!!!!!!!!!!!!!!!!!!!!!
20210928 072041.686 INFO             PET1 Running with ESMF Version   : ESMF_8_2_0_beta_snapshot_19-14-gd25d680
20210928 072041.686 INFO             PET1 ESMF library build date/time: "Sep 28 2021" "02:43:59"
20210928 072041.686 INFO             PET1 ESMF library build location : /work/noaa/da/mpotts/sandbox/intel_2020_intelmpi_O_develop
20210928 072041.686 INFO             PET1 ESMF_COMM                   : intelmpi
20210928 072041.687 INFO             PET1 ESMF_MOAB                   : enabled
20210928 072041.687 INFO             PET1 ESMF_LAPACK                 : enabled
20210928 072041.687 INFO             PET1 ESMF_NETCDF                 : enabled
20210928 072041.687 INFO             PET1 ESMF_PNETCDF                : disabled
20210928 072041.687 INFO             PET1 ESMF_PIO                    : enabled
20210928 072041.687 INFO             PET1 ESMF_YAMLCPP                : enabled
20210928 072041.714 INFO             PET1  NUMBER_OF_PROCESSORS           4
20210928 072041.714 INFO             PET1  PASS  Example ESMF_VMUserMpiCommMultiEx, ESMF_VMUserMpiCommMultiEx.F90, line 154
20210928 072041.714 INFO             PET1 Finalizing ESMF
