build time -- 2021-09-28 02:45:52
20210928 072813.659 INFO             PET0 !!!!!!!!!!!!!!!!!!!!!!!!!!!!!!!!!!!!!!!!!!!!!!!!!!!!!!
20210928 072813.661 INFO             PET0 !!! THE ESMF_LOG IS SET TO OUTPUT ALL LOG MESSAGES !!!
20210928 072813.661 INFO             PET0 !!!     THIS MAY CAUSE SLOWDOWN IN PERFORMANCE     !!!
20210928 072813.661 INFO             PET0 !!! FOR PRODUCTION RUNS, USE:                      !!!
20210928 072813.661 INFO             PET0 !!!                   ESMF_LOGKIND_Multi_On_Error  !!!
20210928 072813.661 INFO             PET0 !!!!!!!!!!!!!!!!!!!!!!!!!!!!!!!!!!!!!!!!!!!!!!!!!!!!!!
20210928 072813.661 INFO             PET0 Running with ESMF Version   : ESMF_8_2_0_beta_snapshot_19-14-gd25d680
20210928 072813.661 INFO             PET0 ESMF library build date/time: "Sep 28 2021" "02:43:59"
20210928 072813.661 INFO             PET0 ESMF library build location : /work/noaa/da/mpotts/sandbox/intel_2020_intelmpi_O_develop
20210928 072813.661 INFO             PET0 ESMF_COMM                   : intelmpi
20210928 072813.673 INFO             PET0 ESMF_MOAB                   : enabled
20210928 072813.673 INFO             PET0 ESMF_LAPACK                 : enabled
20210928 072813.673 INFO             PET0 ESMF_NETCDF                 : enabled
20210928 072813.673 INFO             PET0 ESMF_PNETCDF                : disabled
20210928 072813.673 INFO             PET0 ESMF_PIO                    : enabled
20210928 072813.673 INFO             PET0 ESMF_YAMLCPP                : enabled
20210928 072813.701 INFO             PET0 ESMF_FieldRedistStoreNF(): Just entered routine.
20210928 072815.651 INFO             PET0 ESMF_FieldRedistStoreNF(): Leaving routine.
20210928 072816.299 INFO             PET0 ESMF_FieldRedistStoreNF(): Just entered routine.
20210928 072818.267 INFO             PET0 ESMF_FieldRedistStoreNF(): Leaving routine.
20210928 072818.267 INFO             PET0 ESMF_FieldRedistStoreNF(): Just entered routine.
20210928 072820.262 INFO             PET0 ESMF_FieldRedistStoreNF(): Leaving routine.
20210928 072820.282 INFO             PET0  NUMBER_OF_PROCESSORS           4
20210928 072820.282 INFO             PET0  PASS  Example ESMF_FieldRedistEx, ESMF_FieldRedistEx.F90, line 521
20210928 072820.282 INFO             PET0 Finalizing ESMF
20210928 072813.659 INFO             PET1 !!!!!!!!!!!!!!!!!!!!!!!!!!!!!!!!!!!!!!!!!!!!!!!!!!!!!!
20210928 072813.659 INFO             PET1 !!! THE ESMF_LOG IS SET TO OUTPUT ALL LOG MESSAGES !!!
20210928 072813.659 INFO             PET1 !!!     THIS MAY CAUSE SLOWDOWN IN PERFORMANCE     !!!
20210928 072813.659 INFO             PET1 !!! FOR PRODUCTION RUNS, USE:                      !!!
20210928 072813.659 INFO             PET1 !!!                   ESMF_LOGKIND_Multi_On_Error  !!!
20210928 072813.659 INFO             PET1 !!!!!!!!!!!!!!!!!!!!!!!!!!!!!!!!!!!!!!!!!!!!!!!!!!!!!!
20210928 072813.659 INFO             PET1 Running with ESMF Version   : ESMF_8_2_0_beta_snapshot_19-14-gd25d680
20210928 072813.659 INFO             PET1 ESMF library build date/time: "Sep 28 2021" "02:43:59"
20210928 072813.659 INFO             PET1 ESMF library build location : /work/noaa/da/mpotts/sandbox/intel_2020_intelmpi_O_develop
20210928 072813.659 INFO             PET1 ESMF_COMM                   : intelmpi
20210928 072813.660 INFO             PET1 ESMF_MOAB                   : enabled
20210928 072813.660 INFO             PET1 ESMF_LAPACK                 : enabled
20210928 072813.660 INFO             PET1 ESMF_NETCDF                 : enabled
20210928 072813.660 INFO             PET1 ESMF_PNETCDF                : disabled
20210928 072813.660 INFO             PET1 ESMF_PIO                    : enabled
20210928 072813.660 INFO             PET1 ESMF_YAMLCPP                : enabled
20210928 072813.711 INFO             PET1 ESMF_FieldRedistStoreNF(): Just entered routine.
20210928 072815.651 INFO             PET1 ESMF_FieldRedistStoreNF(): Leaving routine.
20210928 072816.312 INFO             PET1 ESMF_FieldRedistStoreNF(): Just entered routine.
20210928 072818.267 INFO             PET1 ESMF_FieldRedistStoreNF(): Leaving routine.
20210928 072818.267 INFO             PET1 ESMF_FieldRedistStoreNF(): Just entered routine.
20210928 072820.259 INFO             PET1 ESMF_FieldRedistStoreNF(): Leaving routine.
20210928 072820.259 INFO             PET1  NUMBER_OF_PROCESSORS           4
20210928 072820.260 INFO             PET1  PASS  Example ESMF_FieldRedistEx, ESMF_FieldRedistEx.F90, line 521
20210928 072820.260 INFO             PET1 Finalizing ESMF
20210928 072813.660 INFO             PET2 !!!!!!!!!!!!!!!!!!!!!!!!!!!!!!!!!!!!!!!!!!!!!!!!!!!!!!
20210928 072813.661 INFO             PET2 !!! THE ESMF_LOG IS SET TO OUTPUT ALL LOG MESSAGES !!!
20210928 072813.661 INFO             PET2 !!!     THIS MAY CAUSE SLOWDOWN IN PERFORMANCE     !!!
20210928 072813.661 INFO             PET2 !!! FOR PRODUCTION RUNS, USE:                      !!!
20210928 072813.661 INFO             PET2 !!!                   ESMF_LOGKIND_Multi_On_Error  !!!
20210928 072813.661 INFO             PET2 !!!!!!!!!!!!!!!!!!!!!!!!!!!!!!!!!!!!!!!!!!!!!!!!!!!!!!
20210928 072813.661 INFO             PET2 Running with ESMF Version   : ESMF_8_2_0_beta_snapshot_19-14-gd25d680
20210928 072813.661 INFO             PET2 ESMF library build date/time: "Sep 28 2021" "02:43:59"
20210928 072813.661 INFO             PET2 ESMF library build location : /work/noaa/da/mpotts/sandbox/intel_2020_intelmpi_O_develop
20210928 072813.661 INFO             PET2 ESMF_COMM                   : intelmpi
20210928 072813.662 INFO             PET2 ESMF_MOAB                   : enabled
20210928 072813.662 INFO             PET2 ESMF_LAPACK                 : enabled
20210928 072813.662 INFO             PET2 ESMF_NETCDF                 : enabled
20210928 072813.662 INFO             PET2 ESMF_PNETCDF                : disabled
20210928 072813.662 INFO             PET2 ESMF_PIO                    : enabled
20210928 072813.662 INFO             PET2 ESMF_YAMLCPP                : enabled
20210928 072813.721 INFO             PET2 ESMF_FieldRedistStoreNF(): Just entered routine.
20210928 072815.664 INFO             PET2 ESMF_FieldRedistStoreNF(): Leaving routine.
20210928 072816.312 INFO             PET2 ESMF_FieldRedistStoreNF(): Just entered routine.
20210928 072818.270 INFO             PET2 ESMF_FieldRedistStoreNF(): Leaving routine.
20210928 072818.270 INFO             PET2 ESMF_FieldRedistStoreNF(): Just entered routine.
20210928 072820.262 INFO             PET2 ESMF_FieldRedistStoreNF(): Leaving routine.
20210928 072820.262 INFO             PET2  NUMBER_OF_PROCESSORS           4
20210928 072820.262 INFO             PET2  PASS  Example ESMF_FieldRedistEx, ESMF_FieldRedistEx.F90, line 521
20210928 072820.262 INFO             PET2 Finalizing ESMF
20210928 072813.674 INFO             PET3 !!!!!!!!!!!!!!!!!!!!!!!!!!!!!!!!!!!!!!!!!!!!!!!!!!!!!!
20210928 072813.674 INFO             PET3 !!! THE ESMF_LOG IS SET TO OUTPUT ALL LOG MESSAGES !!!
20210928 072813.674 INFO             PET3 !!!     THIS MAY CAUSE SLOWDOWN IN PERFORMANCE     !!!
20210928 072813.674 INFO             PET3 !!! FOR PRODUCTION RUNS, USE:                      !!!
20210928 072813.674 INFO             PET3 !!!                   ESMF_LOGKIND_Multi_On_Error  !!!
20210928 072813.674 INFO             PET3 !!!!!!!!!!!!!!!!!!!!!!!!!!!!!!!!!!!!!!!!!!!!!!!!!!!!!!
20210928 072813.674 INFO             PET3 Running with ESMF Version   : ESMF_8_2_0_beta_snapshot_19-14-gd25d680
20210928 072813.674 INFO             PET3 ESMF library build date/time: "Sep 28 2021" "02:43:59"
20210928 072813.674 INFO             PET3 ESMF library build location : /work/noaa/da/mpotts/sandbox/intel_2020_intelmpi_O_develop
20210928 072813.674 INFO             PET3 ESMF_COMM                   : intelmpi
20210928 072813.684 INFO             PET3 ESMF_MOAB                   : enabled
20210928 072813.684 INFO             PET3 ESMF_LAPACK                 : enabled
20210928 072813.684 INFO             PET3 ESMF_NETCDF                 : enabled
20210928 072813.684 INFO             PET3 ESMF_PNETCDF                : disabled
20210928 072813.684 INFO             PET3 ESMF_PIO                    : enabled
20210928 072813.684 INFO             PET3 ESMF_YAMLCPP                : enabled
20210928 072813.701 INFO             PET3 ESMF_FieldRedistStoreNF(): Just entered routine.
20210928 072815.652 INFO             PET3 ESMF_FieldRedistStoreNF(): Leaving routine.
20210928 072816.299 INFO             PET3 ESMF_FieldRedistStoreNF(): Just entered routine.
20210928 072818.280 INFO             PET3 ESMF_FieldRedistStoreNF(): Leaving routine.
20210928 072818.280 INFO             PET3 ESMF_FieldRedistStoreNF(): Just entered routine.
20210928 072820.259 INFO             PET3 ESMF_FieldRedistStoreNF(): Leaving routine.
20210928 072820.260 INFO             PET3  NUMBER_OF_PROCESSORS           4
20210928 072820.272 INFO             PET3  PASS  Example ESMF_FieldRedistEx, ESMF_FieldRedistEx.F90, line 521
20210928 072820.272 INFO             PET3 Finalizing ESMF
