build time -- 2021-09-29 02:33:26
20210929 052433.996 INFO             PET0 !!!!!!!!!!!!!!!!!!!!!!!!!!!!!!!!!!!!!!!!!!!!!!!!!!!!!!
20210929 052433.996 INFO             PET0 !!! THE ESMF_LOG IS SET TO OUTPUT ALL LOG MESSAGES !!!
20210929 052433.996 INFO             PET0 !!!     THIS MAY CAUSE SLOWDOWN IN PERFORMANCE     !!!
20210929 052433.996 INFO             PET0 !!! FOR PRODUCTION RUNS, USE:                      !!!
20210929 052433.996 INFO             PET0 !!!                   ESMF_LOGKIND_Multi_On_Error  !!!
20210929 052433.996 INFO             PET0 !!!!!!!!!!!!!!!!!!!!!!!!!!!!!!!!!!!!!!!!!!!!!!!!!!!!!!
20210929 052433.996 INFO             PET0 Running with ESMF Version   : ESMF_8_2_0_beta_snapshot_20
20210929 052433.996 INFO             PET0 ESMF library build date/time: "Sep 29 2021" "02:31:29"
20210929 052433.996 INFO             PET0 ESMF library build location : /work/noaa/da/mpotts/sandbox/intel_2020_intelmpi_O_develop
20210929 052433.996 INFO             PET0 ESMF_COMM                   : intelmpi
20210929 052433.999 INFO             PET0 ESMF_MOAB                   : enabled
20210929 052433.999 INFO             PET0 ESMF_LAPACK                 : enabled
20210929 052433.999 INFO             PET0 ESMF_NETCDF                 : enabled
20210929 052433.999 INFO             PET0 ESMF_PNETCDF                : disabled
20210929 052433.999 INFO             PET0 ESMF_PIO                    : enabled
20210929 052433.999 INFO             PET0 ESMF_YAMLCPP                : enabled
20210929 052446.296 DEBUG            PET0 about to destroy Grid: 0x2352ce0
20210929 052450.986 DEBUG            PET0 about to destroy Grid: 0x2353f10
20210929 052456.628 INFO             PET0  NUMBER_OF_PROCESSORS           4
20210929 052456.628 INFO             PET0  PASS  Example ESMF_NUOPCAtmModelEx, ESMF_NUOPCAtmModelEx.F90, line 806
20210929 052456.628 INFO             PET0 Finalizing ESMF
20210929 052434.009 INFO             PET1 !!!!!!!!!!!!!!!!!!!!!!!!!!!!!!!!!!!!!!!!!!!!!!!!!!!!!!
20210929 052434.009 INFO             PET1 !!! THE ESMF_LOG IS SET TO OUTPUT ALL LOG MESSAGES !!!
20210929 052434.009 INFO             PET1 !!!     THIS MAY CAUSE SLOWDOWN IN PERFORMANCE     !!!
20210929 052434.009 INFO             PET1 !!! FOR PRODUCTION RUNS, USE:                      !!!
20210929 052434.009 INFO             PET1 !!!                   ESMF_LOGKIND_Multi_On_Error  !!!
20210929 052434.009 INFO             PET1 !!!!!!!!!!!!!!!!!!!!!!!!!!!!!!!!!!!!!!!!!!!!!!!!!!!!!!
20210929 052434.009 INFO             PET1 Running with ESMF Version   : ESMF_8_2_0_beta_snapshot_20
20210929 052434.009 INFO             PET1 ESMF library build date/time: "Sep 29 2021" "02:31:29"
20210929 052434.009 INFO             PET1 ESMF library build location : /work/noaa/da/mpotts/sandbox/intel_2020_intelmpi_O_develop
20210929 052434.009 INFO             PET1 ESMF_COMM                   : intelmpi
20210929 052434.021 INFO             PET1 ESMF_MOAB                   : enabled
20210929 052434.021 INFO             PET1 ESMF_LAPACK                 : enabled
20210929 052434.021 INFO             PET1 ESMF_NETCDF                 : enabled
20210929 052434.021 INFO             PET1 ESMF_PNETCDF                : disabled
20210929 052434.021 INFO             PET1 ESMF_PIO                    : enabled
20210929 052434.021 INFO             PET1 ESMF_YAMLCPP                : enabled
20210929 052446.283 DEBUG            PET1 about to destroy Grid: 0x1b03630
20210929 052450.986 DEBUG            PET1 about to destroy Grid: 0x1b043d0
20210929 052456.627 INFO             PET1  NUMBER_OF_PROCESSORS           4
20210929 052456.627 INFO             PET1  PASS  Example ESMF_NUOPCAtmModelEx, ESMF_NUOPCAtmModelEx.F90, line 806
20210929 052456.627 INFO             PET1 Finalizing ESMF
20210929 052433.998 INFO             PET2 !!!!!!!!!!!!!!!!!!!!!!!!!!!!!!!!!!!!!!!!!!!!!!!!!!!!!!
20210929 052433.998 INFO             PET2 !!! THE ESMF_LOG IS SET TO OUTPUT ALL LOG MESSAGES !!!
20210929 052433.998 INFO             PET2 !!!     THIS MAY CAUSE SLOWDOWN IN PERFORMANCE     !!!
20210929 052433.998 INFO             PET2 !!! FOR PRODUCTION RUNS, USE:                      !!!
20210929 052433.998 INFO             PET2 !!!                   ESMF_LOGKIND_Multi_On_Error  !!!
20210929 052433.998 INFO             PET2 !!!!!!!!!!!!!!!!!!!!!!!!!!!!!!!!!!!!!!!!!!!!!!!!!!!!!!
20210929 052433.998 INFO             PET2 Running with ESMF Version   : ESMF_8_2_0_beta_snapshot_20
20210929 052433.998 INFO             PET2 ESMF library build date/time: "Sep 29 2021" "02:31:29"
20210929 052433.998 INFO             PET2 ESMF library build location : /work/noaa/da/mpotts/sandbox/intel_2020_intelmpi_O_develop
20210929 052433.998 INFO             PET2 ESMF_COMM                   : intelmpi
20210929 052434.012 INFO             PET2 ESMF_MOAB                   : enabled
20210929 052434.012 INFO             PET2 ESMF_LAPACK                 : enabled
20210929 052434.012 INFO             PET2 ESMF_NETCDF                 : enabled
20210929 052434.012 INFO             PET2 ESMF_PNETCDF                : disabled
20210929 052434.012 INFO             PET2 ESMF_PIO                    : enabled
20210929 052434.012 INFO             PET2 ESMF_YAMLCPP                : enabled
20210929 052446.283 DEBUG            PET2 about to destroy Grid: 0x2271610
20210929 052450.986 DEBUG            PET2 about to destroy Grid: 0x22723b0
20210929 052456.643 INFO             PET2  NUMBER_OF_PROCESSORS           4
20210929 052456.643 INFO             PET2  PASS  Example ESMF_NUOPCAtmModelEx, ESMF_NUOPCAtmModelEx.F90, line 806
20210929 052456.643 INFO             PET2 Finalizing ESMF
20210929 052434.010 INFO             PET3 !!!!!!!!!!!!!!!!!!!!!!!!!!!!!!!!!!!!!!!!!!!!!!!!!!!!!!
20210929 052434.010 INFO             PET3 !!! THE ESMF_LOG IS SET TO OUTPUT ALL LOG MESSAGES !!!
20210929 052434.010 INFO             PET3 !!!     THIS MAY CAUSE SLOWDOWN IN PERFORMANCE     !!!
20210929 052434.010 INFO             PET3 !!! FOR PRODUCTION RUNS, USE:                      !!!
20210929 052434.010 INFO             PET3 !!!                   ESMF_LOGKIND_Multi_On_Error  !!!
20210929 052434.010 INFO             PET3 !!!!!!!!!!!!!!!!!!!!!!!!!!!!!!!!!!!!!!!!!!!!!!!!!!!!!!
20210929 052434.010 INFO             PET3 Running with ESMF Version   : ESMF_8_2_0_beta_snapshot_20
20210929 052434.010 INFO             PET3 ESMF library build date/time: "Sep 29 2021" "02:31:29"
20210929 052434.010 INFO             PET3 ESMF library build location : /work/noaa/da/mpotts/sandbox/intel_2020_intelmpi_O_develop
20210929 052434.010 INFO             PET3 ESMF_COMM                   : intelmpi
20210929 052434.011 INFO             PET3 ESMF_MOAB                   : enabled
20210929 052434.011 INFO             PET3 ESMF_LAPACK                 : enabled
20210929 052434.011 INFO             PET3 ESMF_NETCDF                 : enabled
20210929 052434.011 INFO             PET3 ESMF_PNETCDF                : disabled
20210929 052434.011 INFO             PET3 ESMF_PIO                    : enabled
20210929 052434.011 INFO             PET3 ESMF_YAMLCPP                : enabled
20210929 052446.296 DEBUG            PET3 about to destroy Grid: 0x1237660
20210929 052450.994 DEBUG            PET3 about to destroy Grid: 0x1238400
20210929 052456.642 INFO             PET3  NUMBER_OF_PROCESSORS           4
20210929 052456.642 INFO             PET3  PASS  Example ESMF_NUOPCAtmModelEx, ESMF_NUOPCAtmModelEx.F90, line 806
20210929 052456.642 INFO             PET3 Finalizing ESMF
