build time -- 2021-08-06 16:32:53
20210806 164836.748 INFO             PET0 !!!!!!!!!!!!!!!!!!!!!!!!!!!!!!!!!!!!!!!!!!!!!!!!!!!!!!
20210806 164836.748 INFO             PET0 !!! THE ESMF_LOG IS SET TO OUTPUT ALL LOG MESSAGES !!!
20210806 164836.748 INFO             PET0 !!!     THIS MAY CAUSE SLOWDOWN IN PERFORMANCE     !!!
20210806 164836.748 INFO             PET0 !!! FOR PRODUCTION RUNS, USE:                      !!!
20210806 164836.748 INFO             PET0 !!!                   ESMF_LOGKIND_Multi_On_Error  !!!
20210806 164836.748 INFO             PET0 !!!!!!!!!!!!!!!!!!!!!!!!!!!!!!!!!!!!!!!!!!!!!!!!!!!!!!
20210806 164836.748 INFO             PET0 Running with ESMF Version   : ESMF_8_2_0_beta_snapshot_15
20210806 164836.748 INFO             PET0 ESMF library build date/time: "Aug  6 2021" "16:31:51"
20210806 164836.748 INFO             PET0 ESMF library build location : /lfs/h1/emc/ptmp/Mark.Potts/gfortran_10.3.0_mpich3_O_develop
20210806 164836.748 INFO             PET0 ESMF_COMM                   : mpich3
20210806 164836.749 INFO             PET0 ESMF_MOAB                   : enabled
20210806 164836.749 INFO             PET0 ESMF_LAPACK                 : enabled
20210806 164836.749 INFO             PET0 ESMF_NETCDF                 : enabled
20210806 164836.749 INFO             PET0 ESMF_PNETCDF                : disabled
20210806 164836.749 INFO             PET0 ESMF_PIO                    : enabled
20210806 164836.749 INFO             PET0 ESMF_YAMLCPP                : enabled
20210806 164836.749 INFO             PET0  NUMBER_OF_PROCESSORS           4
20210806 164836.749 INFO             PET0  PASS  Example ESMF_VMUserMpiCommMultiEx, ESMF_VMUserMpiCommMultiEx.F90, line 126
20210806 164836.749 INFO             PET0 Finalizing ESMF
20210806 164836.747 INFO             PET0 !!!!!!!!!!!!!!!!!!!!!!!!!!!!!!!!!!!!!!!!!!!!!!!!!!!!!!
20210806 164836.747 INFO             PET0 !!! THE ESMF_LOG IS SET TO OUTPUT ALL LOG MESSAGES !!!
20210806 164836.747 INFO             PET0 !!!     THIS MAY CAUSE SLOWDOWN IN PERFORMANCE     !!!
20210806 164836.747 INFO             PET0 !!! FOR PRODUCTION RUNS, USE:                      !!!
20210806 164836.747 INFO             PET0 !!!                   ESMF_LOGKIND_Multi_On_Error  !!!
20210806 164836.747 INFO             PET0 !!!!!!!!!!!!!!!!!!!!!!!!!!!!!!!!!!!!!!!!!!!!!!!!!!!!!!
20210806 164836.747 INFO             PET0 Running with ESMF Version   : ESMF_8_2_0_beta_snapshot_15
20210806 164836.747 INFO             PET0 ESMF library build date/time: "Aug  6 2021" "16:31:51"
20210806 164836.747 INFO             PET0 ESMF library build location : /lfs/h1/emc/ptmp/Mark.Potts/gfortran_10.3.0_mpich3_O_develop
20210806 164836.747 INFO             PET0 ESMF_COMM                   : mpich3
20210806 164836.748 INFO             PET0 ESMF_MOAB                   : enabled
20210806 164836.748 INFO             PET0 ESMF_LAPACK                 : enabled
20210806 164836.748 INFO             PET0 ESMF_NETCDF                 : enabled
20210806 164836.748 INFO             PET0 ESMF_PNETCDF                : disabled
20210806 164836.748 INFO             PET0 ESMF_PIO                    : enabled
20210806 164836.748 INFO             PET0 ESMF_YAMLCPP                : enabled
20210806 164836.749 INFO             PET0  NUMBER_OF_PROCESSORS           4
20210806 164836.749 INFO             PET0  PASS  Example ESMF_VMUserMpiCommMultiEx, ESMF_VMUserMpiCommMultiEx.F90, line 154
20210806 164836.749 INFO             PET0 Finalizing ESMF
20210806 164836.748 INFO             PET1 !!!!!!!!!!!!!!!!!!!!!!!!!!!!!!!!!!!!!!!!!!!!!!!!!!!!!!
20210806 164836.748 INFO             PET1 !!! THE ESMF_LOG IS SET TO OUTPUT ALL LOG MESSAGES !!!
20210806 164836.748 INFO             PET1 !!!     THIS MAY CAUSE SLOWDOWN IN PERFORMANCE     !!!
20210806 164836.748 INFO             PET1 !!! FOR PRODUCTION RUNS, USE:                      !!!
20210806 164836.748 INFO             PET1 !!!                   ESMF_LOGKIND_Multi_On_Error  !!!
20210806 164836.748 INFO             PET1 !!!!!!!!!!!!!!!!!!!!!!!!!!!!!!!!!!!!!!!!!!!!!!!!!!!!!!
20210806 164836.748 INFO             PET1 Running with ESMF Version   : ESMF_8_2_0_beta_snapshot_15
20210806 164836.748 INFO             PET1 ESMF library build date/time: "Aug  6 2021" "16:31:51"
20210806 164836.748 INFO             PET1 ESMF library build location : /lfs/h1/emc/ptmp/Mark.Potts/gfortran_10.3.0_mpich3_O_develop
20210806 164836.748 INFO             PET1 ESMF_COMM                   : mpich3
20210806 164836.749 INFO             PET1 ESMF_MOAB                   : enabled
20210806 164836.749 INFO             PET1 ESMF_LAPACK                 : enabled
20210806 164836.749 INFO             PET1 ESMF_NETCDF                 : enabled
20210806 164836.749 INFO             PET1 ESMF_PNETCDF                : disabled
20210806 164836.749 INFO             PET1 ESMF_PIO                    : enabled
20210806 164836.749 INFO             PET1 ESMF_YAMLCPP                : enabled
20210806 164836.749 INFO             PET1  NUMBER_OF_PROCESSORS           4
20210806 164836.749 INFO             PET1  PASS  Example ESMF_VMUserMpiCommMultiEx, ESMF_VMUserMpiCommMultiEx.F90, line 126
20210806 164836.749 INFO             PET1 Finalizing ESMF
20210806 164836.748 INFO             PET1 !!!!!!!!!!!!!!!!!!!!!!!!!!!!!!!!!!!!!!!!!!!!!!!!!!!!!!
20210806 164836.748 INFO             PET1 !!! THE ESMF_LOG IS SET TO OUTPUT ALL LOG MESSAGES !!!
20210806 164836.748 INFO             PET1 !!!     THIS MAY CAUSE SLOWDOWN IN PERFORMANCE     !!!
20210806 164836.748 INFO             PET1 !!! FOR PRODUCTION RUNS, USE:                      !!!
20210806 164836.748 INFO             PET1 !!!                   ESMF_LOGKIND_Multi_On_Error  !!!
20210806 164836.748 INFO             PET1 !!!!!!!!!!!!!!!!!!!!!!!!!!!!!!!!!!!!!!!!!!!!!!!!!!!!!!
20210806 164836.748 INFO             PET1 Running with ESMF Version   : ESMF_8_2_0_beta_snapshot_15
20210806 164836.748 INFO             PET1 ESMF library build date/time: "Aug  6 2021" "16:31:51"
20210806 164836.748 INFO             PET1 ESMF library build location : /lfs/h1/emc/ptmp/Mark.Potts/gfortran_10.3.0_mpich3_O_develop
20210806 164836.748 INFO             PET1 ESMF_COMM                   : mpich3
20210806 164836.749 INFO             PET1 ESMF_MOAB                   : enabled
20210806 164836.749 INFO             PET1 ESMF_LAPACK                 : enabled
20210806 164836.749 INFO             PET1 ESMF_NETCDF                 : enabled
20210806 164836.749 INFO             PET1 ESMF_PNETCDF                : disabled
20210806 164836.749 INFO             PET1 ESMF_PIO                    : enabled
20210806 164836.749 INFO             PET1 ESMF_YAMLCPP                : enabled
20210806 164836.749 INFO             PET1  NUMBER_OF_PROCESSORS           4
20210806 164836.749 INFO             PET1  PASS  Example ESMF_VMUserMpiCommMultiEx, ESMF_VMUserMpiCommMultiEx.F90, line 154
20210806 164836.749 INFO             PET1 Finalizing ESMF
20210806 164836.748 INFO             PET0 !!!!!!!!!!!!!!!!!!!!!!!!!!!!!!!!!!!!!!!!!!!!!!!!!!!!!!
20210806 164836.748 INFO             PET0 !!! THE ESMF_LOG IS SET TO OUTPUT ALL LOG MESSAGES !!!
20210806 164836.748 INFO             PET0 !!!     THIS MAY CAUSE SLOWDOWN IN PERFORMANCE     !!!
20210806 164836.748 INFO             PET0 !!! FOR PRODUCTION RUNS, USE:                      !!!
20210806 164836.748 INFO             PET0 !!!                   ESMF_LOGKIND_Multi_On_Error  !!!
20210806 164836.748 INFO             PET0 !!!!!!!!!!!!!!!!!!!!!!!!!!!!!!!!!!!!!!!!!!!!!!!!!!!!!!
20210806 164836.748 INFO             PET0 Running with ESMF Version   : ESMF_8_2_0_beta_snapshot_15
20210806 164836.748 INFO             PET0 ESMF library build date/time: "Aug  6 2021" "16:31:51"
20210806 164836.748 INFO             PET0 ESMF library build location : /lfs/h1/emc/ptmp/Mark.Potts/gfortran_10.3.0_mpich3_O_develop
20210806 164836.748 INFO             PET0 ESMF_COMM                   : mpich3
20210806 164836.749 INFO             PET0 ESMF_MOAB                   : enabled
20210806 164836.749 INFO             PET0 ESMF_LAPACK                 : enabled
20210806 164836.749 INFO             PET0 ESMF_NETCDF                 : enabled
20210806 164836.749 INFO             PET0 ESMF_PNETCDF                : disabled
20210806 164836.749 INFO             PET0 ESMF_PIO                    : enabled
20210806 164836.749 INFO             PET0 ESMF_YAMLCPP                : enabled
20210806 164836.749 INFO             PET0  NUMBER_OF_PROCESSORS           4
20210806 164836.749 INFO             PET0  PASS  Example ESMF_VMUserMpiCommMultiEx, ESMF_VMUserMpiCommMultiEx.F90, line 126
20210806 164836.749 INFO             PET0 Finalizing ESMF
20210806 164836.747 INFO             PET0 !!!!!!!!!!!!!!!!!!!!!!!!!!!!!!!!!!!!!!!!!!!!!!!!!!!!!!
20210806 164836.747 INFO             PET0 !!! THE ESMF_LOG IS SET TO OUTPUT ALL LOG MESSAGES !!!
20210806 164836.747 INFO             PET0 !!!     THIS MAY CAUSE SLOWDOWN IN PERFORMANCE     !!!
20210806 164836.747 INFO             PET0 !!! FOR PRODUCTION RUNS, USE:                      !!!
20210806 164836.747 INFO             PET0 !!!                   ESMF_LOGKIND_Multi_On_Error  !!!
20210806 164836.747 INFO             PET0 !!!!!!!!!!!!!!!!!!!!!!!!!!!!!!!!!!!!!!!!!!!!!!!!!!!!!!
20210806 164836.747 INFO             PET0 Running with ESMF Version   : ESMF_8_2_0_beta_snapshot_15
20210806 164836.747 INFO             PET0 ESMF library build date/time: "Aug  6 2021" "16:31:51"
20210806 164836.747 INFO             PET0 ESMF library build location : /lfs/h1/emc/ptmp/Mark.Potts/gfortran_10.3.0_mpich3_O_develop
20210806 164836.747 INFO             PET0 ESMF_COMM                   : mpich3
20210806 164836.748 INFO             PET0 ESMF_MOAB                   : enabled
20210806 164836.748 INFO             PET0 ESMF_LAPACK                 : enabled
20210806 164836.748 INFO             PET0 ESMF_NETCDF                 : enabled
20210806 164836.748 INFO             PET0 ESMF_PNETCDF                : disabled
20210806 164836.748 INFO             PET0 ESMF_PIO                    : enabled
20210806 164836.748 INFO             PET0 ESMF_YAMLCPP                : enabled
20210806 164836.749 INFO             PET0  NUMBER_OF_PROCESSORS           4
20210806 164836.749 INFO             PET0  PASS  Example ESMF_VMUserMpiCommMultiEx, ESMF_VMUserMpiCommMultiEx.F90, line 154
20210806 164836.749 INFO             PET0 Finalizing ESMF
20210806 164836.748 INFO             PET1 !!!!!!!!!!!!!!!!!!!!!!!!!!!!!!!!!!!!!!!!!!!!!!!!!!!!!!
20210806 164836.748 INFO             PET1 !!! THE ESMF_LOG IS SET TO OUTPUT ALL LOG MESSAGES !!!
20210806 164836.748 INFO             PET1 !!!     THIS MAY CAUSE SLOWDOWN IN PERFORMANCE     !!!
20210806 164836.748 INFO             PET1 !!! FOR PRODUCTION RUNS, USE:                      !!!
20210806 164836.748 INFO             PET1 !!!                   ESMF_LOGKIND_Multi_On_Error  !!!
20210806 164836.748 INFO             PET1 !!!!!!!!!!!!!!!!!!!!!!!!!!!!!!!!!!!!!!!!!!!!!!!!!!!!!!
20210806 164836.748 INFO             PET1 Running with ESMF Version   : ESMF_8_2_0_beta_snapshot_15
20210806 164836.748 INFO             PET1 ESMF library build date/time: "Aug  6 2021" "16:31:51"
20210806 164836.748 INFO             PET1 ESMF library build location : /lfs/h1/emc/ptmp/Mark.Potts/gfortran_10.3.0_mpich3_O_develop
20210806 164836.748 INFO             PET1 ESMF_COMM                   : mpich3
20210806 164836.749 INFO             PET1 ESMF_MOAB                   : enabled
20210806 164836.749 INFO             PET1 ESMF_LAPACK                 : enabled
20210806 164836.749 INFO             PET1 ESMF_NETCDF                 : enabled
20210806 164836.749 INFO             PET1 ESMF_PNETCDF                : disabled
20210806 164836.749 INFO             PET1 ESMF_PIO                    : enabled
20210806 164836.749 INFO             PET1 ESMF_YAMLCPP                : enabled
20210806 164836.749 INFO             PET1  NUMBER_OF_PROCESSORS           4
20210806 164836.749 INFO             PET1  PASS  Example ESMF_VMUserMpiCommMultiEx, ESMF_VMUserMpiCommMultiEx.F90, line 126
20210806 164836.749 INFO             PET1 Finalizing ESMF
20210806 164836.748 INFO             PET1 !!!!!!!!!!!!!!!!!!!!!!!!!!!!!!!!!!!!!!!!!!!!!!!!!!!!!!
20210806 164836.748 INFO             PET1 !!! THE ESMF_LOG IS SET TO OUTPUT ALL LOG MESSAGES !!!
20210806 164836.748 INFO             PET1 !!!     THIS MAY CAUSE SLOWDOWN IN PERFORMANCE     !!!
20210806 164836.748 INFO             PET1 !!! FOR PRODUCTION RUNS, USE:                      !!!
20210806 164836.748 INFO             PET1 !!!                   ESMF_LOGKIND_Multi_On_Error  !!!
20210806 164836.748 INFO             PET1 !!!!!!!!!!!!!!!!!!!!!!!!!!!!!!!!!!!!!!!!!!!!!!!!!!!!!!
20210806 164836.748 INFO             PET1 Running with ESMF Version   : ESMF_8_2_0_beta_snapshot_15
20210806 164836.748 INFO             PET1 ESMF library build date/time: "Aug  6 2021" "16:31:51"
20210806 164836.748 INFO             PET1 ESMF library build location : /lfs/h1/emc/ptmp/Mark.Potts/gfortran_10.3.0_mpich3_O_develop
20210806 164836.748 INFO             PET1 ESMF_COMM                   : mpich3
20210806 164836.749 INFO             PET1 ESMF_MOAB                   : enabled
20210806 164836.749 INFO             PET1 ESMF_LAPACK                 : enabled
20210806 164836.749 INFO             PET1 ESMF_NETCDF                 : enabled
20210806 164836.749 INFO             PET1 ESMF_PNETCDF                : disabled
20210806 164836.749 INFO             PET1 ESMF_PIO                    : enabled
20210806 164836.749 INFO             PET1 ESMF_YAMLCPP                : enabled
20210806 164836.749 INFO             PET1  NUMBER_OF_PROCESSORS           4
20210806 164836.749 INFO             PET1  PASS  Example ESMF_VMUserMpiCommMultiEx, ESMF_VMUserMpiCommMultiEx.F90, line 154
20210806 164836.749 INFO             PET1 Finalizing ESMF
