build time -- 2021-06-22 05:48:50.943513
  PASS  Example ESMF_InfoGetFromHostEx, ESMF_InfoGetFromHostEx.F90, line 112
  PASS  Example ESMF_InfoGetFromHostEx, ESMF_InfoGetFromHostEx.F90, line 112
  PASS  Example ESMF_InfoGetFromHostEx, ESMF_InfoGetFromHostEx.F90, line 112
  PASS  Example ESMF_InfoGetFromHostEx, ESMF_InfoGetFromHostEx.F90, line 112
[r1i4n17:37336:0:37336] Caught signal 11 (Segmentation fault: address not mapped to object at address 0x30)
--------------------------------------------------------------------------
A system call failed during shared memory initialization that should
not have.  It is likely that your MPI job will now either abort or
experience performance degradation.

  Local host:  r1i4n17
  System call: unlink(2) /dev/shm/vader_segment.r1i4n17.ac450001.1
  Error:       No such file or directory (errno 2)
--------------------------------------------------------------------------
[r1i4n17:37334:0:37334] Caught signal 11 (Segmentation fault: address not mapped to object at address 0x70)
--------------------------------------------------------------------------
A system call failed during shared memory initialization that should
not have.  It is likely that your MPI job will now either abort or
experience performance degradation.

  Local host:  r1i4n17
  System call: unlink(2) /dev/shm/vader_segment.r1i4n17.ac450001.0
  Error:       No such file or directory (errno 2)
--------------------------------------------------------------------------
--------------------------------------------------------------------------
A system call failed during shared memory initialization that should
not have.  It is likely that your MPI job will now either abort or
experience performance degradation.

  Local host:  r1i4n17
  System call: unlink(2) /dev/shm/vader_segment.r1i4n17.ac450001.2
  Error:       No such file or directory (errno 2)
--------------------------------------------------------------------------
[r1i4n17:37333:0:37333] Caught signal 11 (Segmentation fault: address not mapped to object at address 0x40)
[r1i4n17:37335:0:37335] Caught signal 11 (Segmentation fault: address not mapped to object at address 0x30)
--------------------------------------------------------------------------
Primary job  terminated normally, but 1 process returned
a non-zero exit code. Per user-direction, the job has been aborted.
--------------------------------------------------------------------------
--------------------------------------------------------------------------
mpirun noticed that process rank 3 with PID 0 on node r1i4n17 exited on signal 11 (Segmentation fault).
--------------------------------------------------------------------------
  PASS  Example ESMF_InfoGetFromHostEx, ESMF_InfoGetFromHostEx.F90, line 112
  PASS  Example ESMF_InfoGetFromHostEx, ESMF_InfoGetFromHostEx.F90, line 112
  PASS  Example ESMF_InfoGetFromHostEx, ESMF_InfoGetFromHostEx.F90, line 112
  PASS  Example ESMF_InfoGetFromHostEx, ESMF_InfoGetFromHostEx.F90, line 112
[r1i4n17:37336:0:37336] Caught signal 11 (Segmentation fault: address not mapped to object at address 0x30)
--------------------------------------------------------------------------
A system call failed during shared memory initialization that should
not have.  It is likely that your MPI job will now either abort or
experience performance degradation.

  Local host:  r1i4n17
  System call: unlink(2) /dev/shm/vader_segment.r1i4n17.ac450001.1
  Error:       No such file or directory (errno 2)
--------------------------------------------------------------------------
[r1i4n17:37334:0:37334] Caught signal 11 (Segmentation fault: address not mapped to object at address 0x70)
--------------------------------------------------------------------------
A system call failed during shared memory initialization that should
not have.  It is likely that your MPI job will now either abort or
experience performance degradation.

  Local host:  r1i4n17
  System call: unlink(2) /dev/shm/vader_segment.r1i4n17.ac450001.0
  Error:       No such file or directory (errno 2)
--------------------------------------------------------------------------
--------------------------------------------------------------------------
A system call failed during shared memory initialization that should
not have.  It is likely that your MPI job will now either abort or
experience performance degradation.

  Local host:  r1i4n17
  System call: unlink(2) /dev/shm/vader_segment.r1i4n17.ac450001.2
  Error:       No such file or directory (errno 2)
--------------------------------------------------------------------------
[r1i4n17:37333:0:37333] Caught signal 11 (Segmentation fault: address not mapped to object at address 0x40)
[r1i4n17:37335:0:37335] Caught signal 11 (Segmentation fault: address not mapped to object at address 0x30)
--------------------------------------------------------------------------
Primary job  terminated normally, but 1 process returned
a non-zero exit code. Per user-direction, the job has been aborted.
--------------------------------------------------------------------------
--------------------------------------------------------------------------
mpirun noticed that process rank 3 with PID 0 on node r1i4n17 exited on signal 11 (Segmentation fault).
--------------------------------------------------------------------------
