build time -- 2021-06-22 05:48:50.943513
  PASS  Example ESMF_RHandleFromFileEx, ESMF_RHandleFromFileEx.F90, line 192
  PASS  Example ESMF_RHandleFromFileEx, ESMF_RHandleFromFileEx.F90, line 192
  PASS  Example ESMF_RHandleFromFileEx, ESMF_RHandleFromFileEx.F90, line 192
  PASS  Example ESMF_RHandleFromFileEx, ESMF_RHandleFromFileEx.F90, line 192
[r1i4n17:48284:0:48284] Caught signal 11 (Segmentation fault: address not mapped to object at address 0x30)
[r1i4n17:48287:0:48287] Caught signal 11 (Segmentation fault: address not mapped to object at address 0x30)
[r1i4n17:48286:0:48286] Caught signal 11 (Segmentation fault: address not mapped to object at address 0x30)
[r1i4n17:48285:0:48285] Caught signal 11 (Segmentation fault: address not mapped to object at address 0x30)
--------------------------------------------------------------------------
Primary job  terminated normally, but 1 process returned
a non-zero exit code. Per user-direction, the job has been aborted.
--------------------------------------------------------------------------
--------------------------------------------------------------------------
mpirun noticed that process rank 3 with PID 0 on node r1i4n17 exited on signal 11 (Segmentation fault).
--------------------------------------------------------------------------
  PASS  Example ESMF_RHandleFromFileEx, ESMF_RHandleFromFileEx.F90, line 192
  PASS  Example ESMF_RHandleFromFileEx, ESMF_RHandleFromFileEx.F90, line 192
  PASS  Example ESMF_RHandleFromFileEx, ESMF_RHandleFromFileEx.F90, line 192
  PASS  Example ESMF_RHandleFromFileEx, ESMF_RHandleFromFileEx.F90, line 192
[r1i4n17:48284:0:48284] Caught signal 11 (Segmentation fault: address not mapped to object at address 0x30)
[r1i4n17:48287:0:48287] Caught signal 11 (Segmentation fault: address not mapped to object at address 0x30)
[r1i4n17:48286:0:48286] Caught signal 11 (Segmentation fault: address not mapped to object at address 0x30)
[r1i4n17:48285:0:48285] Caught signal 11 (Segmentation fault: address not mapped to object at address 0x30)
--------------------------------------------------------------------------
Primary job  terminated normally, but 1 process returned
a non-zero exit code. Per user-direction, the job has been aborted.
--------------------------------------------------------------------------
--------------------------------------------------------------------------
mpirun noticed that process rank 3 with PID 0 on node r1i4n17 exited on signal 11 (Segmentation fault).
--------------------------------------------------------------------------
