build time -- 2021-06-22 05:48:50.943513
  PASS  Example ESMF_GridUsageEx, ESMF_GridUsageEx.F90, line 3470
  PASS  Example ESMF_GridUsageEx, ESMF_GridUsageEx.F90, line 3470
  PASS  Example ESMF_GridUsageEx, ESMF_GridUsageEx.F90, line 3470
  PASS  Example ESMF_GridUsageEx, ESMF_GridUsageEx.F90, line 3470
[r1i4n17:60265:0:60265] Caught signal 11 (Segmentation fault: address not mapped to object at address 0xc0)
[r1i4n17:60264:0:60264] Caught signal 11 (Segmentation fault: address not mapped to object at address 0x30)
[r1i4n17:60263:0:60263] Caught signal 11 (Segmentation fault: address not mapped to object at address 0x30)
--------------------------------------------------------------------------
A system call failed during shared memory initialization that should
not have.  It is likely that your MPI job will now either abort or
experience performance degradation.

  Local host:  r1i4n17
  System call: unlink(2) /dev/shm/vader_segment.r1i4n17.d6f60001.0
  Error:       No such file or directory (errno 2)
--------------------------------------------------------------------------
[r1i4n17:60262:0:60262] Caught signal 11 (Segmentation fault: address not mapped to object at address 0x30)
--------------------------------------------------------------------------
Primary job  terminated normally, but 1 process returned
a non-zero exit code. Per user-direction, the job has been aborted.
--------------------------------------------------------------------------
--------------------------------------------------------------------------
mpirun noticed that process rank 2 with PID 0 on node r1i4n17 exited on signal 11 (Segmentation fault).
--------------------------------------------------------------------------
  PASS  Example ESMF_GridUsageEx, ESMF_GridUsageEx.F90, line 3470
  PASS  Example ESMF_GridUsageEx, ESMF_GridUsageEx.F90, line 3470
  PASS  Example ESMF_GridUsageEx, ESMF_GridUsageEx.F90, line 3470
  PASS  Example ESMF_GridUsageEx, ESMF_GridUsageEx.F90, line 3470
[r1i4n17:60265:0:60265] Caught signal 11 (Segmentation fault: address not mapped to object at address 0xc0)
[r1i4n17:60264:0:60264] Caught signal 11 (Segmentation fault: address not mapped to object at address 0x30)
[r1i4n17:60263:0:60263] Caught signal 11 (Segmentation fault: address not mapped to object at address 0x30)
--------------------------------------------------------------------------
A system call failed during shared memory initialization that should
not have.  It is likely that your MPI job will now either abort or
experience performance degradation.

  Local host:  r1i4n17
  System call: unlink(2) /dev/shm/vader_segment.r1i4n17.d6f60001.0
  Error:       No such file or directory (errno 2)
--------------------------------------------------------------------------
[r1i4n17:60262:0:60262] Caught signal 11 (Segmentation fault: address not mapped to object at address 0x30)
--------------------------------------------------------------------------
Primary job  terminated normally, but 1 process returned
a non-zero exit code. Per user-direction, the job has been aborted.
--------------------------------------------------------------------------
--------------------------------------------------------------------------
mpirun noticed that process rank 2 with PID 0 on node r1i4n17 exited on signal 11 (Segmentation fault).
--------------------------------------------------------------------------
