build time -- 2021-05-23 05:50:26.436014
20210523 061642.564 INFO             PET0 !!!!!!!!!!!!!!!!!!!!!!!!!!!!!!!!!!!!!!!!!!!!!!!!!!!!!!
20210523 061642.564 INFO             PET0 !!! THE ESMF_LOG IS SET TO OUTPUT ALL LOG MESSAGES !!!
20210523 061642.564 INFO             PET0 !!!     THIS MAY CAUSE SLOWDOWN IN PERFORMANCE     !!!
20210523 061642.564 INFO             PET0 !!! FOR PRODUCTION RUNS, USE:                      !!!
20210523 061642.564 INFO             PET0 !!!                   ESMF_LOGKIND_Multi_On_Error  !!!
20210523 061642.564 INFO             PET0 !!!!!!!!!!!!!!!!!!!!!!!!!!!!!!!!!!!!!!!!!!!!!!!!!!!!!!
20210523 061642.564 INFO             PET0 Running with ESMF Version   : ESMF_8_2_0_beta_snapshot_09-2-g9654c13d10
20210523 061642.564 INFO             PET0 ESMF library build date/time: "May 23 2021" "05:47:51"
20210523 061642.564 INFO             PET0 ESMF library build location : /glade/scratch/mpotts/gfortran_10.1.0_openmpi_g_develop
20210523 061642.564 INFO             PET0 ESMF_COMM                   : openmpi
20210523 061642.565 INFO             PET0 ESMF_MOAB                   : enabled
20210523 061642.565 INFO             PET0 ESMF_LAPACK                 : enabled
20210523 061642.565 INFO             PET0 ESMF_NETCDF                 : enabled
20210523 061642.565 INFO             PET0 ESMF_PNETCDF                : disabled
20210523 061642.565 INFO             PET0 ESMF_PIO                    : enabled
20210523 061642.565 INFO             PET0 ESMF_YAMLCPP                : enabled
20210523 061642.565 INFO             PET0  NUMBER_OF_PROCESSORS           1
20210523 061642.565 INFO             PET0  PASS  Example ESMF_TimeIntervalEx, ESMF_TimeIntervalEx.F90, line 176
20210523 061642.565 INFO             PET0 Finalizing ESMF
