build time -- 2021-06-22 05:48:50.943513
  PASS  Example ESMF_RHandleReusabilityEx, ESMF_RHandleReusabilityEx.F90, line 582
  PASS  Example ESMF_RHandleReusabilityEx, ESMF_RHandleReusabilityEx.F90, line 582
  PASS  Example ESMF_RHandleReusabilityEx, ESMF_RHandleReusabilityEx.F90, line 582
  PASS  Example ESMF_RHandleReusabilityEx, ESMF_RHandleReusabilityEx.F90, line 582
[r1i4n17:48568:0:48568] Caught signal 11 (Segmentation fault: address not mapped to object at address 0x30)
[r1i4n17:48566:0:48566] Caught signal 11 (Segmentation fault: address not mapped to object at address 0x30)
[r1i4n17:48567:0:48567] Caught signal 11 (Segmentation fault: address not mapped to object at address 0x30)
[r1i4n17:48565:0:48565] Caught signal 11 (Segmentation fault: address not mapped to object at address 0x30)
--------------------------------------------------------------------------
Primary job  terminated normally, but 1 process returned
a non-zero exit code. Per user-direction, the job has been aborted.
--------------------------------------------------------------------------
--------------------------------------------------------------------------
mpirun noticed that process rank 1 with PID 0 on node r1i4n17 exited on signal 11 (Segmentation fault).
--------------------------------------------------------------------------
  PASS  Example ESMF_RHandleReusabilityEx, ESMF_RHandleReusabilityEx.F90, line 582
  PASS  Example ESMF_RHandleReusabilityEx, ESMF_RHandleReusabilityEx.F90, line 582
  PASS  Example ESMF_RHandleReusabilityEx, ESMF_RHandleReusabilityEx.F90, line 582
  PASS  Example ESMF_RHandleReusabilityEx, ESMF_RHandleReusabilityEx.F90, line 582
[r1i4n17:48568:0:48568] Caught signal 11 (Segmentation fault: address not mapped to object at address 0x30)
[r1i4n17:48566:0:48566] Caught signal 11 (Segmentation fault: address not mapped to object at address 0x30)
[r1i4n17:48567:0:48567] Caught signal 11 (Segmentation fault: address not mapped to object at address 0x30)
[r1i4n17:48565:0:48565] Caught signal 11 (Segmentation fault: address not mapped to object at address 0x30)
--------------------------------------------------------------------------
Primary job  terminated normally, but 1 process returned
a non-zero exit code. Per user-direction, the job has been aborted.
--------------------------------------------------------------------------
--------------------------------------------------------------------------
mpirun noticed that process rank 1 with PID 0 on node r1i4n17 exited on signal 11 (Segmentation fault).
--------------------------------------------------------------------------
