build time -- 2021-07-31 05:53:05.036266
20210731 062632.333 INFO             PET0 !!!!!!!!!!!!!!!!!!!!!!!!!!!!!!!!!!!!!!!!!!!!!!!!!!!!!!
20210731 062632.333 INFO             PET0 !!! THE ESMF_LOG IS SET TO OUTPUT ALL LOG MESSAGES !!!
20210731 062632.333 INFO             PET0 !!!     THIS MAY CAUSE SLOWDOWN IN PERFORMANCE     !!!
20210731 062632.333 INFO             PET0 !!! FOR PRODUCTION RUNS, USE:                      !!!
20210731 062632.333 INFO             PET0 !!!                   ESMF_LOGKIND_Multi_On_Error  !!!
20210731 062632.333 INFO             PET0 !!!!!!!!!!!!!!!!!!!!!!!!!!!!!!!!!!!!!!!!!!!!!!!!!!!!!!
20210731 062632.333 INFO             PET0 Running with ESMF Version   : ESMF_8_2_0_beta_snapshot_14-1-g6ac79f62fc
20210731 062632.333 INFO             PET0 ESMF library build date/time: "Jul 31 2021" "05:49:58"
20210731 062632.333 INFO             PET0 ESMF library build location : /glade/scratch/mpotts/gfortran_10.1.0_openmpi_g_develop
20210731 062632.333 INFO             PET0 ESMF_COMM                   : openmpi
20210731 062632.333 INFO             PET0 ESMF_MOAB                   : enabled
20210731 062632.333 INFO             PET0 ESMF_LAPACK                 : enabled
20210731 062632.333 INFO             PET0 ESMF_NETCDF                 : enabled
20210731 062632.333 INFO             PET0 ESMF_PNETCDF                : disabled
20210731 062632.333 INFO             PET0 ESMF_PIO                    : enabled
20210731 062632.333 INFO             PET0 ESMF_YAMLCPP                : enabled
20210731 062632.390 WARNING          PET0 ESMF_IOScrip.F90:4704 ESMF_EsmfGetElement Variable centerCoords in data/ne4np4-esmf.nc does not exist
20210731 062632.557 INFO             PET0  NUMBER_OF_PROCESSORS           4
20210731 062632.557 INFO             PET0  PASS  Example ESMF_MeshEx, ESMF_MeshEx.F90, line 1795
20210731 062632.557 INFO             PET0 Finalizing ESMF
20210731 062632.335 INFO             PET1 !!!!!!!!!!!!!!!!!!!!!!!!!!!!!!!!!!!!!!!!!!!!!!!!!!!!!!
20210731 062632.335 INFO             PET1 !!! THE ESMF_LOG IS SET TO OUTPUT ALL LOG MESSAGES !!!
20210731 062632.335 INFO             PET1 !!!     THIS MAY CAUSE SLOWDOWN IN PERFORMANCE     !!!
20210731 062632.335 INFO             PET1 !!! FOR PRODUCTION RUNS, USE:                      !!!
20210731 062632.335 INFO             PET1 !!!                   ESMF_LOGKIND_Multi_On_Error  !!!
20210731 062632.335 INFO             PET1 !!!!!!!!!!!!!!!!!!!!!!!!!!!!!!!!!!!!!!!!!!!!!!!!!!!!!!
20210731 062632.335 INFO             PET1 Running with ESMF Version   : ESMF_8_2_0_beta_snapshot_14-1-g6ac79f62fc
20210731 062632.335 INFO             PET1 ESMF library build date/time: "Jul 31 2021" "05:49:58"
20210731 062632.335 INFO             PET1 ESMF library build location : /glade/scratch/mpotts/gfortran_10.1.0_openmpi_g_develop
20210731 062632.335 INFO             PET1 ESMF_COMM                   : openmpi
20210731 062632.335 INFO             PET1 ESMF_MOAB                   : enabled
20210731 062632.335 INFO             PET1 ESMF_LAPACK                 : enabled
20210731 062632.335 INFO             PET1 ESMF_NETCDF                 : enabled
20210731 062632.335 INFO             PET1 ESMF_PNETCDF                : disabled
20210731 062632.335 INFO             PET1 ESMF_PIO                    : enabled
20210731 062632.335 INFO             PET1 ESMF_YAMLCPP                : enabled
20210731 062632.394 WARNING          PET1 ESMF_IOScrip.F90:4704 ESMF_EsmfGetElement Variable centerCoords in data/ne4np4-esmf.nc does not exist
20210731 062632.557 INFO             PET1  NUMBER_OF_PROCESSORS           4
20210731 062632.557 INFO             PET1  PASS  Example ESMF_MeshEx, ESMF_MeshEx.F90, line 1795
20210731 062632.557 INFO             PET1 Finalizing ESMF
20210731 062632.334 INFO             PET2 !!!!!!!!!!!!!!!!!!!!!!!!!!!!!!!!!!!!!!!!!!!!!!!!!!!!!!
20210731 062632.334 INFO             PET2 !!! THE ESMF_LOG IS SET TO OUTPUT ALL LOG MESSAGES !!!
20210731 062632.334 INFO             PET2 !!!     THIS MAY CAUSE SLOWDOWN IN PERFORMANCE     !!!
20210731 062632.334 INFO             PET2 !!! FOR PRODUCTION RUNS, USE:                      !!!
20210731 062632.334 INFO             PET2 !!!                   ESMF_LOGKIND_Multi_On_Error  !!!
20210731 062632.334 INFO             PET2 !!!!!!!!!!!!!!!!!!!!!!!!!!!!!!!!!!!!!!!!!!!!!!!!!!!!!!
20210731 062632.334 INFO             PET2 Running with ESMF Version   : ESMF_8_2_0_beta_snapshot_14-1-g6ac79f62fc
20210731 062632.334 INFO             PET2 ESMF library build date/time: "Jul 31 2021" "05:49:58"
20210731 062632.334 INFO             PET2 ESMF library build location : /glade/scratch/mpotts/gfortran_10.1.0_openmpi_g_develop
20210731 062632.334 INFO             PET2 ESMF_COMM                   : openmpi
20210731 062632.334 INFO             PET2 ESMF_MOAB                   : enabled
20210731 062632.334 INFO             PET2 ESMF_LAPACK                 : enabled
20210731 062632.334 INFO             PET2 ESMF_NETCDF                 : enabled
20210731 062632.334 INFO             PET2 ESMF_PNETCDF                : disabled
20210731 062632.334 INFO             PET2 ESMF_PIO                    : enabled
20210731 062632.334 INFO             PET2 ESMF_YAMLCPP                : enabled
20210731 062632.393 WARNING          PET2 ESMF_IOScrip.F90:4704 ESMF_EsmfGetElement Variable centerCoords in data/ne4np4-esmf.nc does not exist
20210731 062632.557 INFO             PET2  NUMBER_OF_PROCESSORS           4
20210731 062632.557 INFO             PET2  PASS  Example ESMF_MeshEx, ESMF_MeshEx.F90, line 1795
20210731 062632.557 INFO             PET2 Finalizing ESMF
20210731 062632.334 INFO             PET3 !!!!!!!!!!!!!!!!!!!!!!!!!!!!!!!!!!!!!!!!!!!!!!!!!!!!!!
20210731 062632.334 INFO             PET3 !!! THE ESMF_LOG IS SET TO OUTPUT ALL LOG MESSAGES !!!
20210731 062632.334 INFO             PET3 !!!     THIS MAY CAUSE SLOWDOWN IN PERFORMANCE     !!!
20210731 062632.334 INFO             PET3 !!! FOR PRODUCTION RUNS, USE:                      !!!
20210731 062632.334 INFO             PET3 !!!                   ESMF_LOGKIND_Multi_On_Error  !!!
20210731 062632.334 INFO             PET3 !!!!!!!!!!!!!!!!!!!!!!!!!!!!!!!!!!!!!!!!!!!!!!!!!!!!!!
20210731 062632.334 INFO             PET3 Running with ESMF Version   : ESMF_8_2_0_beta_snapshot_14-1-g6ac79f62fc
20210731 062632.334 INFO             PET3 ESMF library build date/time: "Jul 31 2021" "05:49:58"
20210731 062632.334 INFO             PET3 ESMF library build location : /glade/scratch/mpotts/gfortran_10.1.0_openmpi_g_develop
20210731 062632.334 INFO             PET3 ESMF_COMM                   : openmpi
20210731 062632.334 INFO             PET3 ESMF_MOAB                   : enabled
20210731 062632.334 INFO             PET3 ESMF_LAPACK                 : enabled
20210731 062632.334 INFO             PET3 ESMF_NETCDF                 : enabled
20210731 062632.334 INFO             PET3 ESMF_PNETCDF                : disabled
20210731 062632.334 INFO             PET3 ESMF_PIO                    : enabled
20210731 062632.334 INFO             PET3 ESMF_YAMLCPP                : enabled
20210731 062632.394 WARNING          PET3 ESMF_IOScrip.F90:4704 ESMF_EsmfGetElement Variable centerCoords in data/ne4np4-esmf.nc does not exist
20210731 062632.557 INFO             PET3  NUMBER_OF_PROCESSORS           4
20210731 062632.557 INFO             PET3  PASS  Example ESMF_MeshEx, ESMF_MeshEx.F90, line 1795
20210731 062632.557 INFO             PET3 Finalizing ESMF
