build time -- 2021-08-10 05:53:56.596465
 Field rank, dimCount           2           3
 Field with replicated dimension returned
 Field rank, dimCount           2           2
 Field with replicated dimension returned
  PASS  Example ESMF_FieldArbGridEx, ESMF_FieldArbGridEx.F90, line 243
  PASS  Example ESMF_FieldArbGridEx, ESMF_FieldArbGridEx.F90, line 243
 Field with replicated dimension returned
 Field with replicated dimension returned
  PASS  Example ESMF_FieldArbGridEx, ESMF_FieldArbGridEx.F90, line 243
  PASS  Example ESMF_FieldArbGridEx, ESMF_FieldArbGridEx.F90, line 243
 PASS: ESMF_FieldArgGridEx.F90
 PASS: ESMF_FieldArgGridEx.F90
 PASS: ESMF_FieldArgGridEx.F90
 PASS: ESMF_FieldArgGridEx.F90
 Field rank, dimCount           2           3
 Field with replicated dimension returned
 Field rank, dimCount           2           2
 Field with replicated dimension returned
  PASS  Example ESMF_FieldArbGridEx, ESMF_FieldArbGridEx.F90, line 243
  PASS  Example ESMF_FieldArbGridEx, ESMF_FieldArbGridEx.F90, line 243
 Field with replicated dimension returned
 Field with replicated dimension returned
  PASS  Example ESMF_FieldArbGridEx, ESMF_FieldArbGridEx.F90, line 243
  PASS  Example ESMF_FieldArbGridEx, ESMF_FieldArbGridEx.F90, line 243
 PASS: ESMF_FieldArgGridEx.F90
 PASS: ESMF_FieldArgGridEx.F90
 PASS: ESMF_FieldArgGridEx.F90
 PASS: ESMF_FieldArgGridEx.F90
