build time -- 2021-06-19 05:52:48.589547
TimeInterval ---------------------------
P0Y0M1DT0H0M0S
end TimeInterval -----------------------

TimeInterval ---------------------------
P0Y0M4DT1H30M10S
end TimeInterval -----------------------

 Time Interval1 =        86400  seconds.
 Time Interval2 =           97  hours,           30  minutes,           10  seconds.
 Difference between TimeInterval2 and TimeInterval1 =            3  days,            1  hours,           30  minutes,           10  seconds.
 TimeInterval2 multiplied by 3 =           12  days,            4  hours,           30  minutes,           30  seconds.
 TimeInterval1 is smaller than TimeInterval2
  PASS  Example ESMF_TimeIntervalEx, ESMF_TimeIntervalEx.F90, line 176
[r5i2n24:53218:0:53218] Caught signal 11 (Segmentation fault: address not mapped to object at address 0x30)
--------------------------------------------------------------------------
Primary job  terminated normally, but 1 process returned
a non-zero exit code. Per user-direction, the job has been aborted.
--------------------------------------------------------------------------
--------------------------------------------------------------------------
mpirun noticed that process rank 0 with PID 0 on node r5i2n24 exited on signal 11 (Segmentation fault).
--------------------------------------------------------------------------
TimeInterval ---------------------------
P0Y0M1DT0H0M0S
end TimeInterval -----------------------

TimeInterval ---------------------------
P0Y0M4DT1H30M10S
end TimeInterval -----------------------

 Time Interval1 =        86400  seconds.
 Time Interval2 =           97  hours,           30  minutes,           10  seconds.
 Difference between TimeInterval2 and TimeInterval1 =            3  days,            1  hours,           30  minutes,           10  seconds.
 TimeInterval2 multiplied by 3 =           12  days,            4  hours,           30  minutes,           30  seconds.
 TimeInterval1 is smaller than TimeInterval2
  PASS  Example ESMF_TimeIntervalEx, ESMF_TimeIntervalEx.F90, line 176
[r5i2n24:53218:0:53218] Caught signal 11 (Segmentation fault: address not mapped to object at address 0x30)
--------------------------------------------------------------------------
Primary job  terminated normally, but 1 process returned
a non-zero exit code. Per user-direction, the job has been aborted.
--------------------------------------------------------------------------
--------------------------------------------------------------------------
mpirun noticed that process rank 0 with PID 0 on node r5i2n24 exited on signal 11 (Segmentation fault).
--------------------------------------------------------------------------
