build time -- 2021-06-08 05:49:17.418839
20210608 061522.625 INFO             PET0 !!!!!!!!!!!!!!!!!!!!!!!!!!!!!!!!!!!!!!!!!!!!!!!!!!!!!!
20210608 061522.625 INFO             PET0 !!! THE ESMF_LOG IS SET TO OUTPUT ALL LOG MESSAGES !!!
20210608 061522.625 INFO             PET0 !!!     THIS MAY CAUSE SLOWDOWN IN PERFORMANCE     !!!
20210608 061522.625 INFO             PET0 !!! FOR PRODUCTION RUNS, USE:                      !!!
20210608 061522.625 INFO             PET0 !!!                   ESMF_LOGKIND_Multi_On_Error  !!!
20210608 061522.625 INFO             PET0 !!!!!!!!!!!!!!!!!!!!!!!!!!!!!!!!!!!!!!!!!!!!!!!!!!!!!!
20210608 061522.625 INFO             PET0 Running with ESMF Version   : ESMF_8_2_0_beta_snapshot_10-5-g26c4ccc8be
20210608 061522.625 INFO             PET0 ESMF library build date/time: "Jun  8 2021" "05:46:47"
20210608 061522.625 INFO             PET0 ESMF library build location : /glade/scratch/mpotts/gfortran_10.1.0_openmpi_g_develop
20210608 061522.625 INFO             PET0 ESMF_COMM                   : openmpi
20210608 061522.625 INFO             PET0 ESMF_MOAB                   : enabled
20210608 061522.625 INFO             PET0 ESMF_LAPACK                 : enabled
20210608 061522.625 INFO             PET0 ESMF_NETCDF                 : enabled
20210608 061522.625 INFO             PET0 ESMF_PNETCDF                : disabled
20210608 061522.625 INFO             PET0 ESMF_PIO                    : enabled
20210608 061522.625 INFO             PET0 ESMF_YAMLCPP                : enabled
20210608 061522.626 INFO             PET0  NUMBER_OF_PROCESSORS           1
20210608 061522.626 INFO             PET0  PASS  Example ESMF_AlarmEx, ESMF_AlarmEx.F90, line 244
20210608 061522.626 INFO             PET0 Finalizing ESMF
