build time -- 2021-06-22 05:48:50.943513
  PASS  Example ESMF_FieldSphereRegridEx, ESMF_FieldSphereRegridEx.F90, line 407
  PASS  Example ESMF_FieldSphereRegridEx, ESMF_FieldSphereRegridEx.F90, line 407
  PASS  Example ESMF_FieldSphereRegridEx, ESMF_FieldSphereRegridEx.F90, line 407
  PASS  Example ESMF_FieldSphereRegridEx, ESMF_FieldSphereRegridEx.F90, line 407
[r1i4n17:2585 :0:2585] Caught signal 11 (Segmentation fault: address not mapped to object at address 0x30)
[r1i4n17:2582 :0:2582] Caught signal 11 (Segmentation fault: address not mapped to object at address 0x30)
[r1i4n17:2583 :0:2583] Caught signal 11 (Segmentation fault: address not mapped to object at address 0x30)
[r1i4n17:2584 :0:2584] Caught signal 11 (Segmentation fault: address not mapped to object at address 0x30)
--------------------------------------------------------------------------
Primary job  terminated normally, but 1 process returned
a non-zero exit code. Per user-direction, the job has been aborted.
--------------------------------------------------------------------------
--------------------------------------------------------------------------
mpirun noticed that process rank 1 with PID 0 on node r1i4n17 exited on signal 11 (Segmentation fault).
--------------------------------------------------------------------------
  PASS  Example ESMF_FieldSphereRegridEx, ESMF_FieldSphereRegridEx.F90, line 407
  PASS  Example ESMF_FieldSphereRegridEx, ESMF_FieldSphereRegridEx.F90, line 407
  PASS  Example ESMF_FieldSphereRegridEx, ESMF_FieldSphereRegridEx.F90, line 407
  PASS  Example ESMF_FieldSphereRegridEx, ESMF_FieldSphereRegridEx.F90, line 407
[r1i4n17:2585 :0:2585] Caught signal 11 (Segmentation fault: address not mapped to object at address 0x30)
[r1i4n17:2582 :0:2582] Caught signal 11 (Segmentation fault: address not mapped to object at address 0x30)
[r1i4n17:2583 :0:2583] Caught signal 11 (Segmentation fault: address not mapped to object at address 0x30)
[r1i4n17:2584 :0:2584] Caught signal 11 (Segmentation fault: address not mapped to object at address 0x30)
--------------------------------------------------------------------------
Primary job  terminated normally, but 1 process returned
a non-zero exit code. Per user-direction, the job has been aborted.
--------------------------------------------------------------------------
--------------------------------------------------------------------------
mpirun noticed that process rank 1 with PID 0 on node r1i4n17 exited on signal 11 (Segmentation fault).
--------------------------------------------------------------------------
