build time -- 2021-06-22 05:48:50.943513
  PASS  Example ESMF_ArrayCommNBEx, ESMF_ArrayCommNBEx.F90, line 277
  PASS  Example ESMF_ArrayCommNBEx, ESMF_ArrayCommNBEx.F90, line 277
  PASS  Example ESMF_ArrayCommNBEx, ESMF_ArrayCommNBEx.F90, line 277
  PASS  Example ESMF_ArrayCommNBEx, ESMF_ArrayCommNBEx.F90, line 277
[r1i4n17:54938:0:54938] Caught signal 11 (Segmentation fault: address not mapped to object at address 0x30)
[r1i4n17:54936:0:54936] Caught signal 11 (Segmentation fault: address not mapped to object at address 0x30)
[r1i4n17:54935:0:54935] Caught signal 11 (Segmentation fault: address not mapped to object at address 0x30)
--------------------------------------------------------------------------
A system call failed during shared memory initialization that should
not have.  It is likely that your MPI job will now either abort or
experience performance degradation.

  Local host:  r1i4n17
  System call: unlink(2) /dev/shm/vader_segment.r1i4n17.eb070001.2
  Error:       No such file or directory (errno 2)
--------------------------------------------------------------------------
[r1i4n17:54937:0:54937] Caught signal 11 (Segmentation fault: address not mapped to object at address 0xd50)
--------------------------------------------------------------------------
Primary job  terminated normally, but 1 process returned
a non-zero exit code. Per user-direction, the job has been aborted.
--------------------------------------------------------------------------
--------------------------------------------------------------------------
mpirun noticed that process rank 1 with PID 0 on node r1i4n17 exited on signal 11 (Segmentation fault).
--------------------------------------------------------------------------
  PASS  Example ESMF_ArrayCommNBEx, ESMF_ArrayCommNBEx.F90, line 277
  PASS  Example ESMF_ArrayCommNBEx, ESMF_ArrayCommNBEx.F90, line 277
  PASS  Example ESMF_ArrayCommNBEx, ESMF_ArrayCommNBEx.F90, line 277
  PASS  Example ESMF_ArrayCommNBEx, ESMF_ArrayCommNBEx.F90, line 277
[r1i4n17:54938:0:54938] Caught signal 11 (Segmentation fault: address not mapped to object at address 0x30)
[r1i4n17:54936:0:54936] Caught signal 11 (Segmentation fault: address not mapped to object at address 0x30)
[r1i4n17:54935:0:54935] Caught signal 11 (Segmentation fault: address not mapped to object at address 0x30)
--------------------------------------------------------------------------
A system call failed during shared memory initialization that should
not have.  It is likely that your MPI job will now either abort or
experience performance degradation.

  Local host:  r1i4n17
  System call: unlink(2) /dev/shm/vader_segment.r1i4n17.eb070001.2
  Error:       No such file or directory (errno 2)
--------------------------------------------------------------------------
[r1i4n17:54937:0:54937] Caught signal 11 (Segmentation fault: address not mapped to object at address 0xd50)
--------------------------------------------------------------------------
Primary job  terminated normally, but 1 process returned
a non-zero exit code. Per user-direction, the job has been aborted.
--------------------------------------------------------------------------
--------------------------------------------------------------------------
mpirun noticed that process rank 1 with PID 0 on node r1i4n17 exited on signal 11 (Segmentation fault).
--------------------------------------------------------------------------
