build time -- 2021-06-17 05:49:23.393728
 Field Create from a Grid and a Fortran data array returned
 Field Create from a Grid and a Fortran data array returned
 Field Create from a Grid and a Fortran data array returned
 Field Create from a Grid and a Fortran data array returned
 Field Create from a Grid and a Fortran data array returned
 Field Create from a Grid and a Fortran data array returned
 Field Create from a Grid and a Fortran data array returned
 Field Create from a Grid and a Fortran data array returned
 Field Create from a Grid and a Fortran data array returned
 Field Create from a Grid and a Fortran data array returned
 Field Create from a Grid and a Fortran data array returned
 Field Create from a Grid and a Fortran data array returned
 Field Create from a Grid and a Fortran data array returned
 Field Create from a Grid and a Fortran data array returned
 Field Create from a Grid and a Fortran data array returned
 Field Create from a Grid and a Fortran data array returned
 Field Create from a Grid and a Fortran data array returned
 Field Create from a Grid and a Fortran data array returned
 Field Create from a Grid and a Fortran data array returned
 Field Create from a LocStream, typekind, and rank returned
 Field Create from a LocStream, typekind, and rank returned
 Field Create from a LocStream, typekind, and rank returned
 Field Create from a LocStream and an Arrayspec returned
 Field Create from a LocStream and an Arrayspec returned
 Field Create from a LocStream and an Arrayspec returned
 Field Create from a Grid and a Fortran data array returned
 Field Create from a LocStream, typekind, and rank returned
 Field Create from a LocStream and an Arrayspec returned
 Field Create from a Mesh and typekind/rank returned
 Field Create from a Mesh and typekind/rank returned
 Field Create from a Mesh and typekind/rank returned
 Field Create from a Mesh and typekind/rank returned
 Field Create from a Mesh and an Arrayspec returned
 Field Create from a Mesh and an Arrayspec returned
 Field Create from a Mesh and an Arrayspec returned
 Field Create from a Mesh and an Arrayspec returned
 Field Create from a Mesh and an Array returned
 Field Create from a Mesh and an Array returned
 Field Create from a Mesh and an Array returned
 Field Create from a Mesh and an Array returned
 Field Create from a Mesh and an ArraySpec with ungridded dimension returned
 Field Create from a Mesh and an ArraySpec with ungridded dimension returned
 Field Create from a Mesh and an ArraySpec with ungridded dimension returned
 Field Create from a Mesh and an ArraySpec with ungridded dimension returned
  PASS  Example ESMF_FieldCreateEx, ESMF_FieldCreateEx.F90, line 1058
  PASS  Example ESMF_FieldCreateEx, ESMF_FieldCreateEx.F90, line 1058
  PASS  Example ESMF_FieldCreateEx, ESMF_FieldCreateEx.F90, line 1058
  PASS  Example ESMF_FieldCreateEx, ESMF_FieldCreateEx.F90, line 1058
[r11i5n2:12129:0:12129] Caught signal 11 (Segmentation fault: address not mapped to object at address 0x30)
--------------------------------------------------------------------------
A system call failed during shared memory initialization that should
not have.  It is likely that your MPI job will now either abort or
experience performance degradation.

  Local host:  r11i5n2
  System call: unlink(2) /dev/shm/vader_segment.r11i5n2.22320001.0
  Error:       No such file or directory (errno 2)
--------------------------------------------------------------------------
--------------------------------------------------------------------------
A system call failed during shared memory initialization that should
not have.  It is likely that your MPI job will now either abort or
experience performance degradation.

  Local host:  r11i5n2
  System call: unlink(2) /dev/shm/vader_segment.r11i5n2.22320001.2
  Error:       No such file or directory (errno 2)
--------------------------------------------------------------------------
[r11i5n2:12128:0:12128] Caught signal 11 (Segmentation fault: address not mapped to object at address 0x70)
--------------------------------------------------------------------------
A system call failed during shared memory initialization that should
not have.  It is likely that your MPI job will now either abort or
experience performance degradation.

  Local host:  r11i5n2
  System call: unlink(2) /dev/shm/vader_segment.r11i5n2.22320001.1
  Error:       No such file or directory (errno 2)
--------------------------------------------------------------------------
[r11i5n2:12127:0:12127] Caught signal 11 (Segmentation fault: address not mapped to object at address 0x70)
[r11i5n2:12126:0:12126] Caught signal 11 (Segmentation fault: address not mapped to object at address 0x30)
--------------------------------------------------------------------------
Primary job  terminated normally, but 1 process returned
a non-zero exit code. Per user-direction, the job has been aborted.
--------------------------------------------------------------------------
--------------------------------------------------------------------------
mpirun noticed that process rank 0 with PID 0 on node r11i5n2 exited on signal 11 (Segmentation fault).
--------------------------------------------------------------------------
 Field Create from a Grid and a Fortran data array returned
 Field Create from a Grid and a Fortran data array returned
 Field Create from a Grid and a Fortran data array returned
 Field Create from a Grid and a Fortran data array returned
 Field Create from a Grid and a Fortran data array returned
 Field Create from a Grid and a Fortran data array returned
 Field Create from a Grid and a Fortran data array returned
 Field Create from a Grid and a Fortran data array returned
 Field Create from a Grid and a Fortran data array returned
 Field Create from a Grid and a Fortran data array returned
 Field Create from a Grid and a Fortran data array returned
 Field Create from a Grid and a Fortran data array returned
 Field Create from a Grid and a Fortran data array returned
 Field Create from a Grid and a Fortran data array returned
 Field Create from a Grid and a Fortran data array returned
 Field Create from a Grid and a Fortran data array returned
 Field Create from a Grid and a Fortran data array returned
 Field Create from a Grid and a Fortran data array returned
 Field Create from a Grid and a Fortran data array returned
 Field Create from a LocStream, typekind, and rank returned
 Field Create from a LocStream, typekind, and rank returned
 Field Create from a LocStream, typekind, and rank returned
 Field Create from a LocStream and an Arrayspec returned
 Field Create from a LocStream and an Arrayspec returned
 Field Create from a LocStream and an Arrayspec returned
 Field Create from a Grid and a Fortran data array returned
 Field Create from a LocStream, typekind, and rank returned
 Field Create from a LocStream and an Arrayspec returned
 Field Create from a Mesh and typekind/rank returned
 Field Create from a Mesh and typekind/rank returned
 Field Create from a Mesh and typekind/rank returned
 Field Create from a Mesh and typekind/rank returned
 Field Create from a Mesh and an Arrayspec returned
 Field Create from a Mesh and an Arrayspec returned
 Field Create from a Mesh and an Arrayspec returned
 Field Create from a Mesh and an Arrayspec returned
 Field Create from a Mesh and an Array returned
 Field Create from a Mesh and an Array returned
 Field Create from a Mesh and an Array returned
 Field Create from a Mesh and an Array returned
 Field Create from a Mesh and an ArraySpec with ungridded dimension returned
 Field Create from a Mesh and an ArraySpec with ungridded dimension returned
 Field Create from a Mesh and an ArraySpec with ungridded dimension returned
 Field Create from a Mesh and an ArraySpec with ungridded dimension returned
  PASS  Example ESMF_FieldCreateEx, ESMF_FieldCreateEx.F90, line 1058
  PASS  Example ESMF_FieldCreateEx, ESMF_FieldCreateEx.F90, line 1058
  PASS  Example ESMF_FieldCreateEx, ESMF_FieldCreateEx.F90, line 1058
  PASS  Example ESMF_FieldCreateEx, ESMF_FieldCreateEx.F90, line 1058
[r11i5n2:12129:0:12129] Caught signal 11 (Segmentation fault: address not mapped to object at address 0x30)
--------------------------------------------------------------------------
A system call failed during shared memory initialization that should
not have.  It is likely that your MPI job will now either abort or
experience performance degradation.

  Local host:  r11i5n2
  System call: unlink(2) /dev/shm/vader_segment.r11i5n2.22320001.0
  Error:       No such file or directory (errno 2)
--------------------------------------------------------------------------
--------------------------------------------------------------------------
A system call failed during shared memory initialization that should
not have.  It is likely that your MPI job will now either abort or
experience performance degradation.

  Local host:  r11i5n2
  System call: unlink(2) /dev/shm/vader_segment.r11i5n2.22320001.2
  Error:       No such file or directory (errno 2)
--------------------------------------------------------------------------
[r11i5n2:12128:0:12128] Caught signal 11 (Segmentation fault: address not mapped to object at address 0x70)
--------------------------------------------------------------------------
A system call failed during shared memory initialization that should
not have.  It is likely that your MPI job will now either abort or
experience performance degradation.

  Local host:  r11i5n2
  System call: unlink(2) /dev/shm/vader_segment.r11i5n2.22320001.1
  Error:       No such file or directory (errno 2)
--------------------------------------------------------------------------
[r11i5n2:12127:0:12127] Caught signal 11 (Segmentation fault: address not mapped to object at address 0x70)
[r11i5n2:12126:0:12126] Caught signal 11 (Segmentation fault: address not mapped to object at address 0x30)
--------------------------------------------------------------------------
Primary job  terminated normally, but 1 process returned
a non-zero exit code. Per user-direction, the job has been aborted.
--------------------------------------------------------------------------
--------------------------------------------------------------------------
mpirun noticed that process rank 0 with PID 0 on node r11i5n2 exited on signal 11 (Segmentation fault).
--------------------------------------------------------------------------
