build time -- 2021-06-20 05:49:01.093404
 Application Example 1:
 Application Example 1:
 Application Example 1:
 Application Example 1:
 Comp Create returned, name = Atmosphere Physics
 Comp Create returned, name = Atmosphere Physics
 Comp Create returned, name = Atmosphere Physics
 Comp Create returned, name = Atmosphere Physics
 Comp Create returned, name = Atmosphere Dynamics
 Comp Create returned, name = Atmosphere Dynamics
 Comp Create returned, name = Atmosphere Dynamics
 Comp Create returned, name = Atmosphere Dynamics
 Comp Create returned, name = Atmosphere Coupler
 Comp Create returned, name = Atmosphere Coupler
 Comp Create returned, name = Atmosphere Coupler
 Comp Create returned, name = Atmosphere Coupler
 PHYS initialize routine called
 DYNM initialize routine called
 PHYS initialize routine called
 DYNM initialize routine called
 CPLR initialize routine called
 Comp Initialize complete
 PHYS run routine called
 CPLR initialize routine called
 Comp Initialize complete
 PHYS run routine called
 PHYS initialize routine called
 DYNM initialize routine called
 PHYS initialize routine called
 DYNM initialize routine called
 CPLR run routine called
 DYNM run routine called
 CPLR run routine called
 DYNM run routine called
 CPLR initialize routine called
 Comp Initialize complete
 PHYS run routine called
 CPLR run routine called
 DYNM run routine called
 PHYS run routine called
 CPLR initialize routine called
 Comp Initialize complete
 PHYS run routine called
 CPLR run routine called
 DYNM run routine called
 PHYS run routine called
 CPLR run routine called
 DYNM run routine called
 PHYS run routine called
 CPLR run routine called
 DYNM run routine called
 PHYS run routine called
 CPLR run routine called
 PHYS run routine called
 CPLR run routine called
 DYNM run routine called
 CPLR run routine called
 DYNM run routine called
 PHYS run routine called
 CPLR run routine called
 DYNM run routine called
 PHYS run routine called
 CPLR run routine called
 DYNM run routine called
 DYNM run routine called
 PHYS run routine called
 CPLR run routine called
 DYNM run routine called
 Comp Run complete
 PHYS run routine called
 PHYS run routine called
 CPLR run routine called
 DYNM run routine called
 Comp Run complete
 PHYS finalize routine called
 PHYS finalize routine called
 DYNM finalize routine called
 CPLR finalize routine called
 Comp Finalize complete
 DYNM finalize routine called
 CPLR finalize routine called
 Comp Finalize complete
 CPLR run routine called
 DYNM run routine called
 PHYS run routine called
 CPLR run routine called
 DYNM run routine called
 Comp Run complete
 PHYS run routine called
 CPLR run routine called
 DYNM run routine called
 Comp Run complete
 PHYS finalize routine called
 DYNM finalize routine called
 PHYS finalize routine called
 CPLR finalize routine called
 Comp Finalize complete
 DYNM finalize routine called
 CPLR finalize routine called
 Comp Finalize complete
 Comp Destroy returned
 Application Example 1 finished
 Comp Destroy returned
 Application Example 1 finished
  PASS  Example ESMF_AppMainEx, ESMF_AppMainEx.F90, line 486
  PASS  Example ESMF_AppMainEx, ESMF_AppMainEx.F90, line 486
 Comp Destroy returned
 Application Example 1 finished
 Comp Destroy returned
 Application Example 1 finished
  PASS  Example ESMF_AppMainEx, ESMF_AppMainEx.F90, line 486
  PASS  Example ESMF_AppMainEx, ESMF_AppMainEx.F90, line 486
[r13i6n14:20560:0:20560] Caught signal 11 (Segmentation fault: address not mapped to object at address 0x30)
--------------------------------------------------------------------------
A system call failed during shared memory initialization that should
not have.  It is likely that your MPI job will now either abort or
experience performance degradation.

  Local host:  r13i6n14
  System call: unlink(2) /dev/shm/vader_segment.r13i6n14.51e50001.1
  Error:       No such file or directory (errno 2)
--------------------------------------------------------------------------
[r13i6n14:20558:0:20558] Caught signal 11 (Segmentation fault: Sent by the kernel at address (nil))
--------------------------------------------------------------------------
A system call failed during shared memory initialization that should
not have.  It is likely that your MPI job will now either abort or
experience performance degradation.

  Local host:  r13i6n14
  System call: unlink(2) /dev/shm/vader_segment.r13i6n14.51e50001.0
  Error:       No such file or directory (errno 2)
--------------------------------------------------------------------------
[r13i6n14:20557:0:20557] Caught signal 11 (Segmentation fault: address not mapped to object at address 0x30)
--------------------------------------------------------------------------
A system call failed during shared memory initialization that should
not have.  It is likely that your MPI job will now either abort or
experience performance degradation.

  Local host:  r13i6n14
  System call: unlink(2) /dev/shm/vader_segment.r13i6n14.51e50001.2
  Error:       No such file or directory (errno 2)
--------------------------------------------------------------------------
[r13i6n14:20559:0:20559] Caught signal 11 (Segmentation fault: address not mapped to object at address 0x70)
--------------------------------------------------------------------------
Primary job  terminated normally, but 1 process returned
a non-zero exit code. Per user-direction, the job has been aborted.
--------------------------------------------------------------------------
==== backtrace (tid:  20558) ====
 0  /glade/u/apps/ch/opt/ucx/1.9.0/lib/libucs.so.0(ucs_handle_error+0xe4) [0x2b0603720574]
 1  /glade/u/apps/ch/opt/ucx/1.9.0/lib/libucs.so.0(+0x2589c) [0x2b060372089c]
 2  /glade/u/apps/ch/opt/ucx/1.9.0/lib/libucs.so.0(+0x25b0b) [0x2b0603720b0b]
 3  /glade/u/apps/ch/os/lib64/libpthread.so.0(+0x10b00) [0x2b05f7780b00]
 4  /glade/u/apps/ch/opt/openmpi/4.0.5/gnu/10.1.0/lib/libopen-pal.so.40(+0x2d3f7) [0x2b05f80163f7]
 5  /glade/u/apps/ch/opt/openmpi/4.0.5/gnu/10.1.0/lib/openmpi/mca_btl_vader.so(+0x3e81) [0x2b0601e2ce81]
 6  /glade/u/apps/ch/opt/openmpi/4.0.5/gnu/10.1.0/lib/libopen-pal.so.40(mca_base_component_close+0x1b) [0x2b05f80434fb]
 7  /glade/u/apps/ch/opt/openmpi/4.0.5/gnu/10.1.0/lib/libopen-pal.so.40(mca_base_components_close+0x56) [0x2b05f8043586]
 8  /glade/u/apps/ch/opt/openmpi/4.0.5/gnu/10.1.0/lib/libopen-pal.so.40(+0x7afb0) [0x2b05f8063fb0]
 9  /glade/u/apps/ch/opt/openmpi/4.0.5/gnu/10.1.0/lib/libopen-pal.so.40(mca_base_framework_close+0x7c) [0x2b05f804d51c]
10  /glade/u/apps/ch/opt/openmpi/4.0.5/gnu/10.1.0/lib/libopen-pal.so.40(opal_info_close_components+0x25) [0x2b05f8026165]
11  /glade/u/apps/ch/opt/openmpi/4.0.5/gnu/10.1.0/lib/libmpi.so.40(PMPI_T_finalize+0x35) [0x2b05f6e459a5]
12  /glade/scratch/mpotts/gfortran_10.1.0_openmpi_g_develop/lib/libg/Linux.gfortran.64.openmpi.default/libesmf.so(_ZN5ESMCI3VMK8finalizeEi+0x3e7) [0x2b05f2f2fae5]
13  /glade/scratch/mpotts/gfortran_10.1.0_openmpi_g_develop/lib/libg/Linux.gfortran.64.openmpi.default/libesmf.so(_ZN5ESMCI2VM8finalizeEP12ESMC_LogicalPi+0x585) [0x2b05f2f50c43]
14  /glade/scratch/mpotts/gfortran_10.1.0_openmpi_g_develop/lib/libg/Linux.gfortran.64.openmpi.default/libesmf.so(c_esmc_vmfinalize_+0x3b) [0x2b05f2f28e7a]
15  /glade/scratch/mpotts/gfortran_10.1.0_openmpi_g_develop/lib/libg/Linux.gfortran.64.openmpi.default/libesmf.so(__esmf_vmmod_MOD_esmf_vmfinalize+0x3b) [0x2b05f3cf1405]
16  /glade/scratch/mpotts/gfortran_10.1.0_openmpi_g_develop/lib/libg/Linux.gfortran.64.openmpi.default/libesmf.so(__esmf_initmod_MOD_esmf_finalize+0x7bb) [0x2b05f3967999]
17  ./ESMF_AppMainEx() [0x4033f5]
18  ./ESMF_AppMainEx() [0x403515]
19  /glade/u/apps/ch/os/lib64/libc.so.6(__libc_start_main+0xf5) [0x2b05f79ad6e5]
20  ./ESMF_AppMainEx() [0x401719]
=================================

Program received signal SIGSEGV: Segmentation fault - invalid memory reference.

Backtrace for this error:
#0  0x2b05f7780aff in ???
#1  0x2b05f80163f7 in ???
#2  0x2b0601e2ce80 in ???
#3  0x2b05f80434fa in ???
#4  0x2b05f8043585 in ???
#5  0x2b05f8063faf in ???
#6  0x2b05f804d51b in ???
#7  0x2b05f8026164 in ???
#8  0x2b05f6e459a4 in ???
#9  0x2b05f2f2fae4 in _ZN5ESMCI3VMK8finalizeEi
	at /glade/scratch/mpotts/gfortran_10.1.0_openmpi_g_develop/src/Infrastructure/VM/src/ESMCI_VMKernel.C:678
#10  0x2b05f2f50c42 in _ZN5ESMCI2VM8finalizeEP12ESMC_LogicalPi
	at /glade/scratch/mpotts/gfortran_10.1.0_openmpi_g_develop/src/Infrastructure/VM/src/ESMCI_VM.C:3419
#11  0x2b05f2f28e79 in c_esmc_vmfinalize_
	at /glade/scratch/mpotts/gfortran_10.1.0_openmpi_g_develop/src/Infrastructure/VM/interface/ESMCI_VM_F.C:1153
#12  0x2b05f3cf1404 in __esmf_vmmod_MOD_esmf_vmfinalize
	at /glade/scratch/mpotts/gfortran_10.1.0_openmpi_g_develop/src/Infrastructure/VM/interface/ESMF_VM.F90:9286
#13  0x2b05f3967998 in __esmf_initmod_MOD_esmf_finalize
	at /glade/scratch/mpotts/gfortran_10.1.0_openmpi_g_develop/src/Superstructure/ESMFMod/src/ESMF_Init.F90:997
#14  0x4033f4 in esmf_appmainex
	at /glade/scratch/mpotts/gfortran_10.1.0_openmpi_g_develop/src/Superstructure/Component/examples/ESMF_AppMainEx.F90:501
#15  0x403514 in main
	at /glade/scratch/mpotts/gfortran_10.1.0_openmpi_g_develop/src/Superstructure/Component/examples/ESMF_AppMainEx.F90:225
--------------------------------------------------------------------------
mpirun noticed that process rank 0 with PID 0 on node r13i6n14 exited on signal 11 (Segmentation fault).
--------------------------------------------------------------------------
