build time -- 2021-09-08 03:56:57.676564
20210908 043209.348 INFO             PET0 !!!!!!!!!!!!!!!!!!!!!!!!!!!!!!!!!!!!!!!!!!!!!!!!!!!!!!
20210908 043209.348 INFO             PET0 !!! THE ESMF_LOG IS SET TO OUTPUT ALL LOG MESSAGES !!!
20210908 043209.348 INFO             PET0 !!!     THIS MAY CAUSE SLOWDOWN IN PERFORMANCE     !!!
20210908 043209.348 INFO             PET0 !!! FOR PRODUCTION RUNS, USE:                      !!!
20210908 043209.348 INFO             PET0 !!!                   ESMF_LOGKIND_Multi_On_Error  !!!
20210908 043209.348 INFO             PET0 !!!!!!!!!!!!!!!!!!!!!!!!!!!!!!!!!!!!!!!!!!!!!!!!!!!!!!
20210908 043209.348 INFO             PET0 Running with ESMF Version   : ESMF_8_2_0_beta_snapshot_18-42-gb11ffe55a6
20210908 043209.348 INFO             PET0 ESMF library build date/time: "Sep  8 2021" "03:53:39"
20210908 043209.348 INFO             PET0 ESMF library build location : /glade/scratch/mpotts/gfortran_10.1.0_openmpi_g_develop
20210908 043209.348 INFO             PET0 ESMF_COMM                   : openmpi
20210908 043209.348 INFO             PET0 ESMF_MOAB                   : enabled
20210908 043209.348 INFO             PET0 ESMF_LAPACK                 : enabled
20210908 043209.348 INFO             PET0 ESMF_NETCDF                 : enabled
20210908 043209.348 INFO             PET0 ESMF_PNETCDF                : disabled
20210908 043209.348 INFO             PET0 ESMF_PIO                    : enabled
20210908 043209.348 INFO             PET0 ESMF_YAMLCPP                : enabled
20210908 043209.354 INFO             PET0  NUMBER_OF_PROCESSORS           1
20210908 043209.354 INFO             PET0  PASS  Example ESMF_XGridSparseMatEx, ESMF_XGridSparseMatEx.F90, line 642
20210908 043209.354 INFO             PET0 Finalizing ESMF
20210908 043209.348 INFO             PET0 !!!!!!!!!!!!!!!!!!!!!!!!!!!!!!!!!!!!!!!!!!!!!!!!!!!!!!
20210908 043209.348 INFO             PET0 !!! THE ESMF_LOG IS SET TO OUTPUT ALL LOG MESSAGES !!!
20210908 043209.348 INFO             PET0 !!!     THIS MAY CAUSE SLOWDOWN IN PERFORMANCE     !!!
20210908 043209.348 INFO             PET0 !!! FOR PRODUCTION RUNS, USE:                      !!!
20210908 043209.348 INFO             PET0 !!!                   ESMF_LOGKIND_Multi_On_Error  !!!
20210908 043209.348 INFO             PET0 !!!!!!!!!!!!!!!!!!!!!!!!!!!!!!!!!!!!!!!!!!!!!!!!!!!!!!
20210908 043209.348 INFO             PET0 Running with ESMF Version   : ESMF_8_2_0_beta_snapshot_18-42-gb11ffe55a6
20210908 043209.348 INFO             PET0 ESMF library build date/time: "Sep  8 2021" "03:53:39"
20210908 043209.348 INFO             PET0 ESMF library build location : /glade/scratch/mpotts/gfortran_10.1.0_openmpi_g_develop
20210908 043209.348 INFO             PET0 ESMF_COMM                   : openmpi
20210908 043209.348 INFO             PET0 ESMF_MOAB                   : enabled
20210908 043209.348 INFO             PET0 ESMF_LAPACK                 : enabled
20210908 043209.348 INFO             PET0 ESMF_NETCDF                 : enabled
20210908 043209.348 INFO             PET0 ESMF_PNETCDF                : disabled
20210908 043209.348 INFO             PET0 ESMF_PIO                    : enabled
20210908 043209.348 INFO             PET0 ESMF_YAMLCPP                : enabled
20210908 043209.354 INFO             PET0  NUMBER_OF_PROCESSORS           1
20210908 043209.354 INFO             PET0  PASS  Example ESMF_XGridSparseMatEx, ESMF_XGridSparseMatEx.F90, line 642
20210908 043209.354 INFO             PET0 Finalizing ESMF
