build time -- 2021-06-21 05:49:42.712658
 Returned values from ArraySpec:
 rank =           2
 Returned values from ArraySpec:
 rank =           2
 Returned values from ArraySpec:
 rank =           2
  PASS  Example ESMF_ArraySpecEx, ESMF_ArraySpecEx.F90, line 96
 Returned values from ArraySpec:
 rank =           2
  PASS  Example ESMF_ArraySpecEx, ESMF_ArraySpecEx.F90, line 96
  PASS  Example ESMF_ArraySpecEx, ESMF_ArraySpecEx.F90, line 96
  PASS  Example ESMF_ArraySpecEx, ESMF_ArraySpecEx.F90, line 96
[r14i5n28:59816:0:59816] Caught signal 11 (Segmentation fault: address not mapped to object at address 0x30)
[r14i5n28:59818:0:59818] Caught signal 11 (Segmentation fault: address not mapped to object at address 0x30)
[r14i5n28:59817:0:59817] Caught signal 11 (Segmentation fault: address not mapped to object at address 0x30)
--------------------------------------------------------------------------
A system call failed during shared memory initialization that should
not have.  It is likely that your MPI job will now either abort or
experience performance degradation.

  Local host:  r14i5n28
  System call: unlink(2) /dev/shm/vader_segment.r14i5n28.2cfe0001.0
  Error:       No such file or directory (errno 2)
--------------------------------------------------------------------------
[r14i5n28:59815:0:59815] Caught signal 11 (Segmentation fault: address not mapped to object at address 0x30)
--------------------------------------------------------------------------
Primary job  terminated normally, but 1 process returned
a non-zero exit code. Per user-direction, the job has been aborted.
--------------------------------------------------------------------------
--------------------------------------------------------------------------
mpirun noticed that process rank 2 with PID 0 on node r14i5n28 exited on signal 11 (Segmentation fault).
--------------------------------------------------------------------------
