build time -- 2021-06-20 05:49:01.093404
  PASS  Example ESMF_LogErrEx, ESMF_LogErrEx.F90, line 186
  PASS  Example ESMF_LogErrEx, ESMF_LogErrEx.F90, line 186
  PASS  Example ESMF_LogErrEx, ESMF_LogErrEx.F90, line 186
  PASS  Example ESMF_LogErrEx, ESMF_LogErrEx.F90, line 186
[r13i6n14:37718:0:37718] Caught signal 11 (Segmentation fault: address not mapped to object at address 0x30)
[r13i6n14:37716:0:37716] Caught signal 11 (Segmentation fault: address not mapped to object at address 0x30)
--------------------------------------------------------------------------
A system call failed during shared memory initialization that should
not have.  It is likely that your MPI job will now either abort or
experience performance degradation.

  Local host:  r13i6n14
  System call: unlink(2) /dev/shm/vader_segment.r13i6n14.92e20001.0
  Error:       No such file or directory (errno 2)
--------------------------------------------------------------------------
--------------------------------------------------------------------------
A system call failed during shared memory initialization that should
not have.  It is likely that your MPI job will now either abort or
experience performance degradation.

  Local host:  r13i6n14
  System call: unlink(2) /dev/shm/vader_segment.r13i6n14.92e20001.2
  Error:       No such file or directory (errno 2)
--------------------------------------------------------------------------
[r13i6n14:37717:0:37717] Caught signal 11 (Segmentation fault: address not mapped to object at address 0x40)
[r13i6n14:37715:0:37715] Caught signal 11 (Segmentation fault: address not mapped to object at address 0x30)
--------------------------------------------------------------------------
Primary job  terminated normally, but 1 process returned
a non-zero exit code. Per user-direction, the job has been aborted.
--------------------------------------------------------------------------
--------------------------------------------------------------------------
mpirun noticed that process rank 1 with PID 0 on node r13i6n14 exited on signal 11 (Segmentation fault).
--------------------------------------------------------------------------
