build time -- 2021-06-21 05:49:42.712658
  PASS  Example ESMF_FieldBundleSMMEx, ESMF_FieldBundleSMMEx.F90, line 242
  PASS  Example ESMF_FieldBundleSMMEx, ESMF_FieldBundleSMMEx.F90, line 242
  PASS  Example ESMF_FieldBundleSMMEx, ESMF_FieldBundleSMMEx.F90, line 242
  PASS  Example ESMF_FieldBundleSMMEx, ESMF_FieldBundleSMMEx.F90, line 242
[r14i5n28:22588:0:22588] Caught signal 11 (Segmentation fault: address not mapped to object at address 0x30)
[r14i5n28:22586:0:22586] Caught signal 11 (Segmentation fault: address not mapped to object at address 0x30)
[r14i5n28:22587:0:22587] Caught signal 11 (Segmentation fault: address not mapped to object at address 0x30)
--------------------------------------------------------------------------
A system call failed during shared memory initialization that should
not have.  It is likely that your MPI job will now either abort or
experience performance degradation.

  Local host:  r14i5n28
  System call: unlink(2) /dev/shm/vader_segment.r14i5n28.9d6b0001.3
  Error:       No such file or directory (errno 2)
--------------------------------------------------------------------------
[r14i5n28:22589:0:22589] Caught signal 11 (Segmentation fault: address not mapped to object at address 0x30)
--------------------------------------------------------------------------
Primary job  terminated normally, but 1 process returned
a non-zero exit code. Per user-direction, the job has been aborted.
--------------------------------------------------------------------------
--------------------------------------------------------------------------
mpirun noticed that process rank 0 with PID 0 on node r14i5n28 exited on signal 11 (Segmentation fault).
--------------------------------------------------------------------------
