build time -- 2021-06-22 05:48:50.943513
  PASS  Example ESMF_MeshEx, ESMF_MeshEx.F90, line 1795
  PASS  Example ESMF_MeshEx, ESMF_MeshEx.F90, line 1795
  PASS  Example ESMF_MeshEx, ESMF_MeshEx.F90, line 1795
  PASS  Example ESMF_MeshEx, ESMF_MeshEx.F90, line 1795
[r1i4n17:64299:0:64299] Caught signal 11 (Segmentation fault: address not mapped to object at address 0x30)
[r1i4n17:64301:0:64301] Caught signal 11 (Segmentation fault: address not mapped to object at address 0x30)
--------------------------------------------------------------------------
A system call failed during shared memory initialization that should
not have.  It is likely that your MPI job will now either abort or
experience performance degradation.

  Local host:  r1i4n17
  System call: unlink(2) /dev/shm/vader_segment.r1i4n17.c6b30001.3
  Error:       No such file or directory (errno 2)
--------------------------------------------------------------------------
[r1i4n17:64302:0:64302] Caught signal 11 (Segmentation fault: address not mapped to object at address 0xa0)
--------------------------------------------------------------------------
A system call failed during shared memory initialization that should
not have.  It is likely that your MPI job will now either abort or
experience performance degradation.

  Local host:  r1i4n17
  System call: unlink(2) /dev/shm/vader_segment.r1i4n17.c6b30001.1
  Error:       No such file or directory (errno 2)
--------------------------------------------------------------------------
[r1i4n17:64300:0:64300] Caught signal 11 (Segmentation fault: address not mapped to object at address 0x30)
--------------------------------------------------------------------------
Primary job  terminated normally, but 1 process returned
a non-zero exit code. Per user-direction, the job has been aborted.
--------------------------------------------------------------------------
--------------------------------------------------------------------------
mpirun noticed that process rank 0 with PID 0 on node r1i4n17 exited on signal 11 (Segmentation fault).
--------------------------------------------------------------------------
  PASS  Example ESMF_MeshEx, ESMF_MeshEx.F90, line 1795
  PASS  Example ESMF_MeshEx, ESMF_MeshEx.F90, line 1795
  PASS  Example ESMF_MeshEx, ESMF_MeshEx.F90, line 1795
  PASS  Example ESMF_MeshEx, ESMF_MeshEx.F90, line 1795
[r1i4n17:64299:0:64299] Caught signal 11 (Segmentation fault: address not mapped to object at address 0x30)
[r1i4n17:64301:0:64301] Caught signal 11 (Segmentation fault: address not mapped to object at address 0x30)
--------------------------------------------------------------------------
A system call failed during shared memory initialization that should
not have.  It is likely that your MPI job will now either abort or
experience performance degradation.

  Local host:  r1i4n17
  System call: unlink(2) /dev/shm/vader_segment.r1i4n17.c6b30001.3
  Error:       No such file or directory (errno 2)
--------------------------------------------------------------------------
[r1i4n17:64302:0:64302] Caught signal 11 (Segmentation fault: address not mapped to object at address 0xa0)
--------------------------------------------------------------------------
A system call failed during shared memory initialization that should
not have.  It is likely that your MPI job will now either abort or
experience performance degradation.

  Local host:  r1i4n17
  System call: unlink(2) /dev/shm/vader_segment.r1i4n17.c6b30001.1
  Error:       No such file or directory (errno 2)
--------------------------------------------------------------------------
[r1i4n17:64300:0:64300] Caught signal 11 (Segmentation fault: address not mapped to object at address 0x30)
--------------------------------------------------------------------------
Primary job  terminated normally, but 1 process returned
a non-zero exit code. Per user-direction, the job has been aborted.
--------------------------------------------------------------------------
--------------------------------------------------------------------------
mpirun noticed that process rank 0 with PID 0 on node r1i4n17 exited on signal 11 (Segmentation fault).
--------------------------------------------------------------------------
