build time -- 2021-06-21 05:49:42.712658
  PASS  Example ESMF_FieldHaloEx, ESMF_FieldHaloEx.F90, line 200
  PASS  Example ESMF_FieldHaloEx, ESMF_FieldHaloEx.F90, line 200
  PASS  Example ESMF_FieldHaloEx, ESMF_FieldHaloEx.F90, line 200
  PASS  Example ESMF_FieldHaloEx, ESMF_FieldHaloEx.F90, line 200
[r14i5n28:19487:0:19487] Caught signal 11 (Segmentation fault: address not mapped to object at address 0x30)
[r14i5n28:19486:0:19486] Caught signal 11 (Segmentation fault: address not mapped to object at address 0x30)
--------------------------------------------------------------------------
A system call failed during shared memory initialization that should
not have.  It is likely that your MPI job will now either abort or
experience performance degradation.

  Local host:  r14i5n28
  System call: unlink(2) /dev/shm/vader_segment.r14i5n28.89450001.0
  Error:       No such file or directory (errno 2)
--------------------------------------------------------------------------
--------------------------------------------------------------------------
A system call failed during shared memory initialization that should
not have.  It is likely that your MPI job will now either abort or
experience performance degradation.

  Local host:  r14i5n28
  System call: unlink(2) /dev/shm/vader_segment.r14i5n28.89450001.1
  Error:       No such file or directory (errno 2)
--------------------------------------------------------------------------
[r14i5n28:19484:0:19484] Caught signal 11 (Segmentation fault: address not mapped to object at address 0x30)
[r14i5n28:19485:0:19485] Caught signal 11 (Segmentation fault: address not mapped to object at address 0x30)
--------------------------------------------------------------------------
Primary job  terminated normally, but 1 process returned
a non-zero exit code. Per user-direction, the job has been aborted.
--------------------------------------------------------------------------
--------------------------------------------------------------------------
mpirun noticed that process rank 3 with PID 0 on node r14i5n28 exited on signal 11 (Segmentation fault).
--------------------------------------------------------------------------
