build time -- 2021-06-20 05:49:01.093404
 NUOPC DRIVER + ATM Model example run
 NUOPC DRIVER + ATM Model example run
 NUOPC DRIVER + ATM Model example run
 NUOPC DRIVER + ATM Model example run
------>Advancing ATM from:    0  1  1  0  0  0   0
------>Advancing ATM from:    0  1  1  0  0  0   0
--------------------------------> to:    0  1  1  0  0 30   0
------>Advancing ATM from:    0  1  1  0  0  0   0
--------------------------------> to:    0  1  1  0  0 30   0
--------------------------------> to:    0  1  1  0  0 30   0
------>Advancing ATM from:    0  1  1  0  0  0   0
--------------------------------> to:    0  1  1  0  0 30   0
------>Advancing ATM from:    0  1  1  0  0 30   0
--------------------------------> to:    0  1  1  0  1  0   0
------>Advancing ATM from:    0  1  1  0  0 30   0
--------------------------------> to:    0  1  1  0  1  0   0
------>Advancing ATM from:    0  1  1  0  0 30   0
--------------------------------> to:    0  1  1  0  1  0   0
------>Advancing ATM from:    0  1  1  0  0 30   0
--------------------------------> to:    0  1  1  0  1  0   0
------>Advancing ATM from:    0  1  1  0  1  0   0
--------------------------------> to:    0  1  1  0  1 30   0
------>Advancing ATM from:    0  1  1  0  1  0   0
------>Advancing ATM from:    0  1  1  0  1  0   0
--------------------------------> to:    0  1  1  0  1 30   0
--------------------------------> to:    0  1  1  0  1 30   0
------>Advancing ATM from:    0  1  1  0  1  0   0
--------------------------------> to:    0  1  1  0  1 30   0
------>Advancing ATM from:    0  1  1  0  1 30   0
--------------------------------> to:    0  1  1  0  2  0   0
------>Advancing ATM from:    0  1  1  0  1 30   0
--------------------------------> to:    0  1  1  0  2  0   0
------>Advancing ATM from:    0  1  1  0  1 30   0
--------------------------------> to:    0  1  1  0  2  0   0
------>Advancing ATM from:    0  1  1  0  2  0   0
--------------------------------> to:    0  1  1  0  2 30   0
------>Advancing ATM from:    0  1  1  0  1 30   0
------>Advancing ATM from:    0  1  1  0  2  0   0
--------------------------------> to:    0  1  1  0  2  0   0
--------------------------------> to:    0  1  1  0  2 30   0
------>Advancing ATM from:    0  1  1  0  2  0   0
--------------------------------> to:    0  1  1  0  2 30   0
------>Advancing ATM from:    0  1  1  0  2  0   0
--------------------------------> to:    0  1  1  0  2 30   0
  PASS  Example ESMF_NUOPCAtmModelEx, ESMF_NUOPCAtmModelEx.F90, line 806
  PASS  Example ESMF_NUOPCAtmModelEx, ESMF_NUOPCAtmModelEx.F90, line 806
  PASS  Example ESMF_NUOPCAtmModelEx, ESMF_NUOPCAtmModelEx.F90, line 806
  PASS  Example ESMF_NUOPCAtmModelEx, ESMF_NUOPCAtmModelEx.F90, line 806
[r13i6n14:49461:0:49461] Caught signal 11 (Segmentation fault: address not mapped to object at address 0x30)
[r13i6n14:49462:0:49462] Caught signal 11 (Segmentation fault: address not mapped to object at address 0x30)
[r13i6n14:49463:0:49463] Caught signal 11 (Segmentation fault: address not mapped to object at address 0x30)
--------------------------------------------------------------------------
A system call failed during shared memory initialization that should
not have.  It is likely that your MPI job will now either abort or
experience performance degradation.

  Local host:  r13i6n14
  System call: unlink(2) /dev/shm/vader_segment.r13i6n14.c09c0001.3
  Error:       No such file or directory (errno 2)
--------------------------------------------------------------------------
[r13i6n14:49464:0:49464] Caught signal 11 (Segmentation fault: address not mapped to object at address 0x530)
--------------------------------------------------------------------------
Primary job  terminated normally, but 1 process returned
a non-zero exit code. Per user-direction, the job has been aborted.
--------------------------------------------------------------------------
--------------------------------------------------------------------------
mpirun noticed that process rank 0 with PID 0 on node r13i6n14 exited on signal 11 (Segmentation fault).
--------------------------------------------------------------------------
