build time -- 2021-05-06 05:54:40
20210506 065627.301 INFO             PET0 !!!!!!!!!!!!!!!!!!!!!!!!!!!!!!!!!!!!!!!!!!!!!!!!!!!!!!
20210506 065627.301 INFO             PET0 !!! THE ESMF_LOG IS SET TO OUTPUT ALL LOG MESSAGES !!!
20210506 065627.301 INFO             PET0 !!!     THIS MAY CAUSE SLOWDOWN IN PERFORMANCE     !!!
20210506 065627.301 INFO             PET0 !!! FOR PRODUCTION RUNS, USE:                      !!!
20210506 065627.301 INFO             PET0 !!!                   ESMF_LOGKIND_Multi_On_Error  !!!
20210506 065627.301 INFO             PET0 !!!!!!!!!!!!!!!!!!!!!!!!!!!!!!!!!!!!!!!!!!!!!!!!!!!!!!
20210506 065627.301 INFO             PET0 Running with ESMF Version   : ESMF_8_2_0_beta_snapshot_06-2-g7cd9acb
20210506 065627.301 INFO             PET0 ESMF library build date/time: "May  6 2021" "05:53:22"
20210506 065627.301 INFO             PET0 ESMF library build location : /p/work1/mpotts/gfortran_9.2.0_openmpi_g_develop
20210506 065627.301 INFO             PET0 ESMF_COMM                   : openmpi
20210506 065627.302 INFO             PET0 ESMF_MOAB                   : enabled
20210506 065627.302 INFO             PET0 ESMF_LAPACK                 : enabled
20210506 065627.302 INFO             PET0 ESMF_NETCDF                 : disabled
20210506 065627.302 INFO             PET0 ESMF_PNETCDF                : disabled
20210506 065627.302 INFO             PET0 ESMF_PIO                    : enabled
20210506 065627.302 INFO             PET0 ESMF_YAMLCPP                : enabled
20210506 065627.303 ERROR            PET0 ESMCI_State.C:982 ESMCI::State::read() Library needed by ESMF not present  - Internal subroutine call returned Error
20210506 065627.303 ERROR            PET0 ESMF_StateAPI.cppF90:3191 ESMF_StateRead Library needed by ESMF not present  - Internal subroutine call returned Error
20210506 065627.303 INFO             PET0  NUMBER_OF_PROCESSORS           4
20210506 065627.303 INFO             PET0  PASS  Example ESMF_StateReadWriteEx, ESMF_StateReadWriteEx.F90, line 185
20210506 065627.303 INFO             PET0 Finalizing ESMF
20210506 065627.301 INFO             PET1 !!!!!!!!!!!!!!!!!!!!!!!!!!!!!!!!!!!!!!!!!!!!!!!!!!!!!!
20210506 065627.301 INFO             PET1 !!! THE ESMF_LOG IS SET TO OUTPUT ALL LOG MESSAGES !!!
20210506 065627.301 INFO             PET1 !!!     THIS MAY CAUSE SLOWDOWN IN PERFORMANCE     !!!
20210506 065627.301 INFO             PET1 !!! FOR PRODUCTION RUNS, USE:                      !!!
20210506 065627.301 INFO             PET1 !!!                   ESMF_LOGKIND_Multi_On_Error  !!!
20210506 065627.301 INFO             PET1 !!!!!!!!!!!!!!!!!!!!!!!!!!!!!!!!!!!!!!!!!!!!!!!!!!!!!!
20210506 065627.301 INFO             PET1 Running with ESMF Version   : ESMF_8_2_0_beta_snapshot_06-2-g7cd9acb
20210506 065627.301 INFO             PET1 ESMF library build date/time: "May  6 2021" "05:53:22"
20210506 065627.301 INFO             PET1 ESMF library build location : /p/work1/mpotts/gfortran_9.2.0_openmpi_g_develop
20210506 065627.301 INFO             PET1 ESMF_COMM                   : openmpi
20210506 065627.302 INFO             PET1 ESMF_MOAB                   : enabled
20210506 065627.302 INFO             PET1 ESMF_LAPACK                 : enabled
20210506 065627.302 INFO             PET1 ESMF_NETCDF                 : disabled
20210506 065627.302 INFO             PET1 ESMF_PNETCDF                : disabled
20210506 065627.302 INFO             PET1 ESMF_PIO                    : enabled
20210506 065627.302 INFO             PET1 ESMF_YAMLCPP                : enabled
20210506 065627.303 ERROR            PET1 ESMCI_State.C:982 ESMCI::State::read() Library needed by ESMF not present  - Internal subroutine call returned Error
20210506 065627.303 ERROR            PET1 ESMF_StateAPI.cppF90:3191 ESMF_StateRead Library needed by ESMF not present  - Internal subroutine call returned Error
20210506 065627.303 INFO             PET1  NUMBER_OF_PROCESSORS           4
20210506 065627.303 INFO             PET1  PASS  Example ESMF_StateReadWriteEx, ESMF_StateReadWriteEx.F90, line 185
20210506 065627.303 INFO             PET1 Finalizing ESMF
20210506 065627.301 INFO             PET2 !!!!!!!!!!!!!!!!!!!!!!!!!!!!!!!!!!!!!!!!!!!!!!!!!!!!!!
20210506 065627.301 INFO             PET2 !!! THE ESMF_LOG IS SET TO OUTPUT ALL LOG MESSAGES !!!
20210506 065627.301 INFO             PET2 !!!     THIS MAY CAUSE SLOWDOWN IN PERFORMANCE     !!!
20210506 065627.301 INFO             PET2 !!! FOR PRODUCTION RUNS, USE:                      !!!
20210506 065627.301 INFO             PET2 !!!                   ESMF_LOGKIND_Multi_On_Error  !!!
20210506 065627.301 INFO             PET2 !!!!!!!!!!!!!!!!!!!!!!!!!!!!!!!!!!!!!!!!!!!!!!!!!!!!!!
20210506 065627.301 INFO             PET2 Running with ESMF Version   : ESMF_8_2_0_beta_snapshot_06-2-g7cd9acb
20210506 065627.301 INFO             PET2 ESMF library build date/time: "May  6 2021" "05:53:22"
20210506 065627.301 INFO             PET2 ESMF library build location : /p/work1/mpotts/gfortran_9.2.0_openmpi_g_develop
20210506 065627.301 INFO             PET2 ESMF_COMM                   : openmpi
20210506 065627.302 INFO             PET2 ESMF_MOAB                   : enabled
20210506 065627.302 INFO             PET2 ESMF_LAPACK                 : enabled
20210506 065627.302 INFO             PET2 ESMF_NETCDF                 : disabled
20210506 065627.302 INFO             PET2 ESMF_PNETCDF                : disabled
20210506 065627.302 INFO             PET2 ESMF_PIO                    : enabled
20210506 065627.302 INFO             PET2 ESMF_YAMLCPP                : enabled
20210506 065627.303 ERROR            PET2 ESMCI_State.C:982 ESMCI::State::read() Library needed by ESMF not present  - Internal subroutine call returned Error
20210506 065627.303 ERROR            PET2 ESMF_StateAPI.cppF90:3191 ESMF_StateRead Library needed by ESMF not present  - Internal subroutine call returned Error
20210506 065627.303 INFO             PET2  NUMBER_OF_PROCESSORS           4
20210506 065627.303 INFO             PET2  PASS  Example ESMF_StateReadWriteEx, ESMF_StateReadWriteEx.F90, line 185
20210506 065627.303 INFO             PET2 Finalizing ESMF
20210506 065627.302 INFO             PET3 !!!!!!!!!!!!!!!!!!!!!!!!!!!!!!!!!!!!!!!!!!!!!!!!!!!!!!
20210506 065627.302 INFO             PET3 !!! THE ESMF_LOG IS SET TO OUTPUT ALL LOG MESSAGES !!!
20210506 065627.302 INFO             PET3 !!!     THIS MAY CAUSE SLOWDOWN IN PERFORMANCE     !!!
20210506 065627.302 INFO             PET3 !!! FOR PRODUCTION RUNS, USE:                      !!!
20210506 065627.302 INFO             PET3 !!!                   ESMF_LOGKIND_Multi_On_Error  !!!
20210506 065627.302 INFO             PET3 !!!!!!!!!!!!!!!!!!!!!!!!!!!!!!!!!!!!!!!!!!!!!!!!!!!!!!
20210506 065627.302 INFO             PET3 Running with ESMF Version   : ESMF_8_2_0_beta_snapshot_06-2-g7cd9acb
20210506 065627.302 INFO             PET3 ESMF library build date/time: "May  6 2021" "05:53:22"
20210506 065627.302 INFO             PET3 ESMF library build location : /p/work1/mpotts/gfortran_9.2.0_openmpi_g_develop
20210506 065627.302 INFO             PET3 ESMF_COMM                   : openmpi
20210506 065627.302 INFO             PET3 ESMF_MOAB                   : enabled
20210506 065627.302 INFO             PET3 ESMF_LAPACK                 : enabled
20210506 065627.302 INFO             PET3 ESMF_NETCDF                 : disabled
20210506 065627.302 INFO             PET3 ESMF_PNETCDF                : disabled
20210506 065627.302 INFO             PET3 ESMF_PIO                    : enabled
20210506 065627.302 INFO             PET3 ESMF_YAMLCPP                : enabled
20210506 065627.303 ERROR            PET3 ESMCI_State.C:982 ESMCI::State::read() Library needed by ESMF not present  - Internal subroutine call returned Error
20210506 065627.303 ERROR            PET3 ESMF_StateAPI.cppF90:3191 ESMF_StateRead Library needed by ESMF not present  - Internal subroutine call returned Error
20210506 065627.303 INFO             PET3  NUMBER_OF_PROCESSORS           4
20210506 065627.303 INFO             PET3  PASS  Example ESMF_StateReadWriteEx, ESMF_StateReadWriteEx.F90, line 185
20210506 065627.303 INFO             PET3 Finalizing ESMF
20210506 065627.301 INFO             PET0 !!!!!!!!!!!!!!!!!!!!!!!!!!!!!!!!!!!!!!!!!!!!!!!!!!!!!!
20210506 065627.301 INFO             PET0 !!! THE ESMF_LOG IS SET TO OUTPUT ALL LOG MESSAGES !!!
20210506 065627.301 INFO             PET0 !!!     THIS MAY CAUSE SLOWDOWN IN PERFORMANCE     !!!
20210506 065627.301 INFO             PET0 !!! FOR PRODUCTION RUNS, USE:                      !!!
20210506 065627.301 INFO             PET0 !!!                   ESMF_LOGKIND_Multi_On_Error  !!!
20210506 065627.301 INFO             PET0 !!!!!!!!!!!!!!!!!!!!!!!!!!!!!!!!!!!!!!!!!!!!!!!!!!!!!!
20210506 065627.301 INFO             PET0 Running with ESMF Version   : ESMF_8_2_0_beta_snapshot_06-2-g7cd9acb
20210506 065627.301 INFO             PET0 ESMF library build date/time: "May  6 2021" "05:53:22"
20210506 065627.301 INFO             PET0 ESMF library build location : /p/work1/mpotts/gfortran_9.2.0_openmpi_g_develop
20210506 065627.301 INFO             PET0 ESMF_COMM                   : openmpi
20210506 065627.302 INFO             PET0 ESMF_MOAB                   : enabled
20210506 065627.302 INFO             PET0 ESMF_LAPACK                 : enabled
20210506 065627.302 INFO             PET0 ESMF_NETCDF                 : disabled
20210506 065627.302 INFO             PET0 ESMF_PNETCDF                : disabled
20210506 065627.302 INFO             PET0 ESMF_PIO                    : enabled
20210506 065627.302 INFO             PET0 ESMF_YAMLCPP                : enabled
20210506 065627.303 ERROR            PET0 ESMCI_State.C:982 ESMCI::State::read() Library needed by ESMF not present  - Internal subroutine call returned Error
20210506 065627.303 ERROR            PET0 ESMF_StateAPI.cppF90:3191 ESMF_StateRead Library needed by ESMF not present  - Internal subroutine call returned Error
20210506 065627.303 INFO             PET0  NUMBER_OF_PROCESSORS           4
20210506 065627.303 INFO             PET0  PASS  Example ESMF_StateReadWriteEx, ESMF_StateReadWriteEx.F90, line 185
20210506 065627.303 INFO             PET0 Finalizing ESMF
20210506 065627.301 INFO             PET1 !!!!!!!!!!!!!!!!!!!!!!!!!!!!!!!!!!!!!!!!!!!!!!!!!!!!!!
20210506 065627.301 INFO             PET1 !!! THE ESMF_LOG IS SET TO OUTPUT ALL LOG MESSAGES !!!
20210506 065627.301 INFO             PET1 !!!     THIS MAY CAUSE SLOWDOWN IN PERFORMANCE     !!!
20210506 065627.301 INFO             PET1 !!! FOR PRODUCTION RUNS, USE:                      !!!
20210506 065627.301 INFO             PET1 !!!                   ESMF_LOGKIND_Multi_On_Error  !!!
20210506 065627.301 INFO             PET1 !!!!!!!!!!!!!!!!!!!!!!!!!!!!!!!!!!!!!!!!!!!!!!!!!!!!!!
20210506 065627.301 INFO             PET1 Running with ESMF Version   : ESMF_8_2_0_beta_snapshot_06-2-g7cd9acb
20210506 065627.301 INFO             PET1 ESMF library build date/time: "May  6 2021" "05:53:22"
20210506 065627.301 INFO             PET1 ESMF library build location : /p/work1/mpotts/gfortran_9.2.0_openmpi_g_develop
20210506 065627.301 INFO             PET1 ESMF_COMM                   : openmpi
20210506 065627.302 INFO             PET1 ESMF_MOAB                   : enabled
20210506 065627.302 INFO             PET1 ESMF_LAPACK                 : enabled
20210506 065627.302 INFO             PET1 ESMF_NETCDF                 : disabled
20210506 065627.302 INFO             PET1 ESMF_PNETCDF                : disabled
20210506 065627.302 INFO             PET1 ESMF_PIO                    : enabled
20210506 065627.302 INFO             PET1 ESMF_YAMLCPP                : enabled
20210506 065627.303 ERROR            PET1 ESMCI_State.C:982 ESMCI::State::read() Library needed by ESMF not present  - Internal subroutine call returned Error
20210506 065627.303 ERROR            PET1 ESMF_StateAPI.cppF90:3191 ESMF_StateRead Library needed by ESMF not present  - Internal subroutine call returned Error
20210506 065627.303 INFO             PET1  NUMBER_OF_PROCESSORS           4
20210506 065627.303 INFO             PET1  PASS  Example ESMF_StateReadWriteEx, ESMF_StateReadWriteEx.F90, line 185
20210506 065627.303 INFO             PET1 Finalizing ESMF
20210506 065627.301 INFO             PET2 !!!!!!!!!!!!!!!!!!!!!!!!!!!!!!!!!!!!!!!!!!!!!!!!!!!!!!
20210506 065627.301 INFO             PET2 !!! THE ESMF_LOG IS SET TO OUTPUT ALL LOG MESSAGES !!!
20210506 065627.301 INFO             PET2 !!!     THIS MAY CAUSE SLOWDOWN IN PERFORMANCE     !!!
20210506 065627.301 INFO             PET2 !!! FOR PRODUCTION RUNS, USE:                      !!!
20210506 065627.301 INFO             PET2 !!!                   ESMF_LOGKIND_Multi_On_Error  !!!
20210506 065627.301 INFO             PET2 !!!!!!!!!!!!!!!!!!!!!!!!!!!!!!!!!!!!!!!!!!!!!!!!!!!!!!
20210506 065627.301 INFO             PET2 Running with ESMF Version   : ESMF_8_2_0_beta_snapshot_06-2-g7cd9acb
20210506 065627.301 INFO             PET2 ESMF library build date/time: "May  6 2021" "05:53:22"
20210506 065627.301 INFO             PET2 ESMF library build location : /p/work1/mpotts/gfortran_9.2.0_openmpi_g_develop
20210506 065627.301 INFO             PET2 ESMF_COMM                   : openmpi
20210506 065627.302 INFO             PET2 ESMF_MOAB                   : enabled
20210506 065627.302 INFO             PET2 ESMF_LAPACK                 : enabled
20210506 065627.302 INFO             PET2 ESMF_NETCDF                 : disabled
20210506 065627.302 INFO             PET2 ESMF_PNETCDF                : disabled
20210506 065627.302 INFO             PET2 ESMF_PIO                    : enabled
20210506 065627.302 INFO             PET2 ESMF_YAMLCPP                : enabled
20210506 065627.303 ERROR            PET2 ESMCI_State.C:982 ESMCI::State::read() Library needed by ESMF not present  - Internal subroutine call returned Error
20210506 065627.303 ERROR            PET2 ESMF_StateAPI.cppF90:3191 ESMF_StateRead Library needed by ESMF not present  - Internal subroutine call returned Error
20210506 065627.303 INFO             PET2  NUMBER_OF_PROCESSORS           4
20210506 065627.303 INFO             PET2  PASS  Example ESMF_StateReadWriteEx, ESMF_StateReadWriteEx.F90, line 185
20210506 065627.303 INFO             PET2 Finalizing ESMF
20210506 065627.302 INFO             PET3 !!!!!!!!!!!!!!!!!!!!!!!!!!!!!!!!!!!!!!!!!!!!!!!!!!!!!!
20210506 065627.302 INFO             PET3 !!! THE ESMF_LOG IS SET TO OUTPUT ALL LOG MESSAGES !!!
20210506 065627.302 INFO             PET3 !!!     THIS MAY CAUSE SLOWDOWN IN PERFORMANCE     !!!
20210506 065627.302 INFO             PET3 !!! FOR PRODUCTION RUNS, USE:                      !!!
20210506 065627.302 INFO             PET3 !!!                   ESMF_LOGKIND_Multi_On_Error  !!!
20210506 065627.302 INFO             PET3 !!!!!!!!!!!!!!!!!!!!!!!!!!!!!!!!!!!!!!!!!!!!!!!!!!!!!!
20210506 065627.302 INFO             PET3 Running with ESMF Version   : ESMF_8_2_0_beta_snapshot_06-2-g7cd9acb
20210506 065627.302 INFO             PET3 ESMF library build date/time: "May  6 2021" "05:53:22"
20210506 065627.302 INFO             PET3 ESMF library build location : /p/work1/mpotts/gfortran_9.2.0_openmpi_g_develop
20210506 065627.302 INFO             PET3 ESMF_COMM                   : openmpi
20210506 065627.302 INFO             PET3 ESMF_MOAB                   : enabled
20210506 065627.302 INFO             PET3 ESMF_LAPACK                 : enabled
20210506 065627.302 INFO             PET3 ESMF_NETCDF                 : disabled
20210506 065627.302 INFO             PET3 ESMF_PNETCDF                : disabled
20210506 065627.302 INFO             PET3 ESMF_PIO                    : enabled
20210506 065627.302 INFO             PET3 ESMF_YAMLCPP                : enabled
20210506 065627.303 ERROR            PET3 ESMCI_State.C:982 ESMCI::State::read() Library needed by ESMF not present  - Internal subroutine call returned Error
20210506 065627.303 ERROR            PET3 ESMF_StateAPI.cppF90:3191 ESMF_StateRead Library needed by ESMF not present  - Internal subroutine call returned Error
20210506 065627.303 INFO             PET3  NUMBER_OF_PROCESSORS           4
20210506 065627.303 INFO             PET3  PASS  Example ESMF_StateReadWriteEx, ESMF_StateReadWriteEx.F90, line 185
20210506 065627.303 INFO             PET3 Finalizing ESMF
