build time -- 2021-04-29 08:55:33
20210429 095707.150 INFO             PET0 !!!!!!!!!!!!!!!!!!!!!!!!!!!!!!!!!!!!!!!!!!!!!!!!!!!!!!
20210429 095707.150 INFO             PET0 !!! THE ESMF_LOG IS SET TO OUTPUT ALL LOG MESSAGES !!!
20210429 095707.150 INFO             PET0 !!!     THIS MAY CAUSE SLOWDOWN IN PERFORMANCE     !!!
20210429 095707.150 INFO             PET0 !!! FOR PRODUCTION RUNS, USE:                      !!!
20210429 095707.150 INFO             PET0 !!!                   ESMF_LOGKIND_Multi_On_Error  !!!
20210429 095707.150 INFO             PET0 !!!!!!!!!!!!!!!!!!!!!!!!!!!!!!!!!!!!!!!!!!!!!!!!!!!!!!
20210429 095707.150 INFO             PET0 Running with ESMF Version   : ESMF_8_2_0_beta_snapshot_05-6-gb8c1a70
20210429 095707.150 INFO             PET0 ESMF library build date/time: "Apr 29 2021" "08:54:15"
20210429 095707.150 INFO             PET0 ESMF library build location : /p/work1/mpotts/gfortran_9.2.0_openmpi_g_develop
20210429 095707.150 INFO             PET0 ESMF_COMM                   : openmpi
20210429 095707.150 INFO             PET0 ESMF_MOAB                   : enabled
20210429 095707.150 INFO             PET0 ESMF_LAPACK                 : enabled
20210429 095707.150 INFO             PET0 ESMF_NETCDF                 : disabled
20210429 095707.150 INFO             PET0 ESMF_PNETCDF                : disabled
20210429 095707.150 INFO             PET0 ESMF_PIO                    : enabled
20210429 095707.150 INFO             PET0 ESMF_YAMLCPP                : enabled
20210429 095707.151 INFO             PET0  NUMBER_OF_PROCESSORS           4
20210429 095707.151 INFO             PET0  PASS  Example ESMF_VMUserMpiCommMultiEx, ESMF_VMUserMpiCommMultiEx.F90, line 126
20210429 095707.151 INFO             PET0 Finalizing ESMF
20210429 095707.149 INFO             PET0 !!!!!!!!!!!!!!!!!!!!!!!!!!!!!!!!!!!!!!!!!!!!!!!!!!!!!!
20210429 095707.150 INFO             PET0 !!! THE ESMF_LOG IS SET TO OUTPUT ALL LOG MESSAGES !!!
20210429 095707.150 INFO             PET0 !!!     THIS MAY CAUSE SLOWDOWN IN PERFORMANCE     !!!
20210429 095707.150 INFO             PET0 !!! FOR PRODUCTION RUNS, USE:                      !!!
20210429 095707.150 INFO             PET0 !!!                   ESMF_LOGKIND_Multi_On_Error  !!!
20210429 095707.150 INFO             PET0 !!!!!!!!!!!!!!!!!!!!!!!!!!!!!!!!!!!!!!!!!!!!!!!!!!!!!!
20210429 095707.150 INFO             PET0 Running with ESMF Version   : ESMF_8_2_0_beta_snapshot_05-6-gb8c1a70
20210429 095707.150 INFO             PET0 ESMF library build date/time: "Apr 29 2021" "08:54:15"
20210429 095707.150 INFO             PET0 ESMF library build location : /p/work1/mpotts/gfortran_9.2.0_openmpi_g_develop
20210429 095707.150 INFO             PET0 ESMF_COMM                   : openmpi
20210429 095707.150 INFO             PET0 ESMF_MOAB                   : enabled
20210429 095707.150 INFO             PET0 ESMF_LAPACK                 : enabled
20210429 095707.150 INFO             PET0 ESMF_NETCDF                 : disabled
20210429 095707.150 INFO             PET0 ESMF_PNETCDF                : disabled
20210429 095707.150 INFO             PET0 ESMF_PIO                    : enabled
20210429 095707.150 INFO             PET0 ESMF_YAMLCPP                : enabled
20210429 095707.150 INFO             PET0  NUMBER_OF_PROCESSORS           4
20210429 095707.150 INFO             PET0  PASS  Example ESMF_VMUserMpiCommMultiEx, ESMF_VMUserMpiCommMultiEx.F90, line 154
20210429 095707.150 INFO             PET0 Finalizing ESMF
20210429 095707.150 INFO             PET1 !!!!!!!!!!!!!!!!!!!!!!!!!!!!!!!!!!!!!!!!!!!!!!!!!!!!!!
20210429 095707.150 INFO             PET1 !!! THE ESMF_LOG IS SET TO OUTPUT ALL LOG MESSAGES !!!
20210429 095707.150 INFO             PET1 !!!     THIS MAY CAUSE SLOWDOWN IN PERFORMANCE     !!!
20210429 095707.150 INFO             PET1 !!! FOR PRODUCTION RUNS, USE:                      !!!
20210429 095707.150 INFO             PET1 !!!                   ESMF_LOGKIND_Multi_On_Error  !!!
20210429 095707.150 INFO             PET1 !!!!!!!!!!!!!!!!!!!!!!!!!!!!!!!!!!!!!!!!!!!!!!!!!!!!!!
20210429 095707.150 INFO             PET1 Running with ESMF Version   : ESMF_8_2_0_beta_snapshot_05-6-gb8c1a70
20210429 095707.150 INFO             PET1 ESMF library build date/time: "Apr 29 2021" "08:54:15"
20210429 095707.150 INFO             PET1 ESMF library build location : /p/work1/mpotts/gfortran_9.2.0_openmpi_g_develop
20210429 095707.150 INFO             PET1 ESMF_COMM                   : openmpi
20210429 095707.151 INFO             PET1 ESMF_MOAB                   : enabled
20210429 095707.151 INFO             PET1 ESMF_LAPACK                 : enabled
20210429 095707.151 INFO             PET1 ESMF_NETCDF                 : disabled
20210429 095707.151 INFO             PET1 ESMF_PNETCDF                : disabled
20210429 095707.151 INFO             PET1 ESMF_PIO                    : enabled
20210429 095707.151 INFO             PET1 ESMF_YAMLCPP                : enabled
20210429 095707.151 INFO             PET1  NUMBER_OF_PROCESSORS           4
20210429 095707.151 INFO             PET1  PASS  Example ESMF_VMUserMpiCommMultiEx, ESMF_VMUserMpiCommMultiEx.F90, line 126
20210429 095707.151 INFO             PET1 Finalizing ESMF
20210429 095707.149 INFO             PET1 !!!!!!!!!!!!!!!!!!!!!!!!!!!!!!!!!!!!!!!!!!!!!!!!!!!!!!
20210429 095707.149 INFO             PET1 !!! THE ESMF_LOG IS SET TO OUTPUT ALL LOG MESSAGES !!!
20210429 095707.149 INFO             PET1 !!!     THIS MAY CAUSE SLOWDOWN IN PERFORMANCE     !!!
20210429 095707.149 INFO             PET1 !!! FOR PRODUCTION RUNS, USE:                      !!!
20210429 095707.149 INFO             PET1 !!!                   ESMF_LOGKIND_Multi_On_Error  !!!
20210429 095707.149 INFO             PET1 !!!!!!!!!!!!!!!!!!!!!!!!!!!!!!!!!!!!!!!!!!!!!!!!!!!!!!
20210429 095707.149 INFO             PET1 Running with ESMF Version   : ESMF_8_2_0_beta_snapshot_05-6-gb8c1a70
20210429 095707.149 INFO             PET1 ESMF library build date/time: "Apr 29 2021" "08:54:15"
20210429 095707.149 INFO             PET1 ESMF library build location : /p/work1/mpotts/gfortran_9.2.0_openmpi_g_develop
20210429 095707.149 INFO             PET1 ESMF_COMM                   : openmpi
20210429 095707.150 INFO             PET1 ESMF_MOAB                   : enabled
20210429 095707.150 INFO             PET1 ESMF_LAPACK                 : enabled
20210429 095707.150 INFO             PET1 ESMF_NETCDF                 : disabled
20210429 095707.150 INFO             PET1 ESMF_PNETCDF                : disabled
20210429 095707.150 INFO             PET1 ESMF_PIO                    : enabled
20210429 095707.150 INFO             PET1 ESMF_YAMLCPP                : enabled
20210429 095707.150 INFO             PET1  NUMBER_OF_PROCESSORS           4
20210429 095707.150 INFO             PET1  PASS  Example ESMF_VMUserMpiCommMultiEx, ESMF_VMUserMpiCommMultiEx.F90, line 154
20210429 095707.150 INFO             PET1 Finalizing ESMF
20210429 095707.150 INFO             PET0 !!!!!!!!!!!!!!!!!!!!!!!!!!!!!!!!!!!!!!!!!!!!!!!!!!!!!!
20210429 095707.150 INFO             PET0 !!! THE ESMF_LOG IS SET TO OUTPUT ALL LOG MESSAGES !!!
20210429 095707.150 INFO             PET0 !!!     THIS MAY CAUSE SLOWDOWN IN PERFORMANCE     !!!
20210429 095707.150 INFO             PET0 !!! FOR PRODUCTION RUNS, USE:                      !!!
20210429 095707.150 INFO             PET0 !!!                   ESMF_LOGKIND_Multi_On_Error  !!!
20210429 095707.150 INFO             PET0 !!!!!!!!!!!!!!!!!!!!!!!!!!!!!!!!!!!!!!!!!!!!!!!!!!!!!!
20210429 095707.150 INFO             PET0 Running with ESMF Version   : ESMF_8_2_0_beta_snapshot_05-6-gb8c1a70
20210429 095707.150 INFO             PET0 ESMF library build date/time: "Apr 29 2021" "08:54:15"
20210429 095707.150 INFO             PET0 ESMF library build location : /p/work1/mpotts/gfortran_9.2.0_openmpi_g_develop
20210429 095707.150 INFO             PET0 ESMF_COMM                   : openmpi
20210429 095707.150 INFO             PET0 ESMF_MOAB                   : enabled
20210429 095707.150 INFO             PET0 ESMF_LAPACK                 : enabled
20210429 095707.150 INFO             PET0 ESMF_NETCDF                 : disabled
20210429 095707.150 INFO             PET0 ESMF_PNETCDF                : disabled
20210429 095707.150 INFO             PET0 ESMF_PIO                    : enabled
20210429 095707.150 INFO             PET0 ESMF_YAMLCPP                : enabled
20210429 095707.151 INFO             PET0  NUMBER_OF_PROCESSORS           4
20210429 095707.151 INFO             PET0  PASS  Example ESMF_VMUserMpiCommMultiEx, ESMF_VMUserMpiCommMultiEx.F90, line 126
20210429 095707.151 INFO             PET0 Finalizing ESMF
20210429 095707.149 INFO             PET0 !!!!!!!!!!!!!!!!!!!!!!!!!!!!!!!!!!!!!!!!!!!!!!!!!!!!!!
20210429 095707.150 INFO             PET0 !!! THE ESMF_LOG IS SET TO OUTPUT ALL LOG MESSAGES !!!
20210429 095707.150 INFO             PET0 !!!     THIS MAY CAUSE SLOWDOWN IN PERFORMANCE     !!!
20210429 095707.150 INFO             PET0 !!! FOR PRODUCTION RUNS, USE:                      !!!
20210429 095707.150 INFO             PET0 !!!                   ESMF_LOGKIND_Multi_On_Error  !!!
20210429 095707.150 INFO             PET0 !!!!!!!!!!!!!!!!!!!!!!!!!!!!!!!!!!!!!!!!!!!!!!!!!!!!!!
20210429 095707.150 INFO             PET0 Running with ESMF Version   : ESMF_8_2_0_beta_snapshot_05-6-gb8c1a70
20210429 095707.150 INFO             PET0 ESMF library build date/time: "Apr 29 2021" "08:54:15"
20210429 095707.150 INFO             PET0 ESMF library build location : /p/work1/mpotts/gfortran_9.2.0_openmpi_g_develop
20210429 095707.150 INFO             PET0 ESMF_COMM                   : openmpi
20210429 095707.150 INFO             PET0 ESMF_MOAB                   : enabled
20210429 095707.150 INFO             PET0 ESMF_LAPACK                 : enabled
20210429 095707.150 INFO             PET0 ESMF_NETCDF                 : disabled
20210429 095707.150 INFO             PET0 ESMF_PNETCDF                : disabled
20210429 095707.150 INFO             PET0 ESMF_PIO                    : enabled
20210429 095707.150 INFO             PET0 ESMF_YAMLCPP                : enabled
20210429 095707.150 INFO             PET0  NUMBER_OF_PROCESSORS           4
20210429 095707.150 INFO             PET0  PASS  Example ESMF_VMUserMpiCommMultiEx, ESMF_VMUserMpiCommMultiEx.F90, line 154
20210429 095707.150 INFO             PET0 Finalizing ESMF
20210429 095707.150 INFO             PET1 !!!!!!!!!!!!!!!!!!!!!!!!!!!!!!!!!!!!!!!!!!!!!!!!!!!!!!
20210429 095707.150 INFO             PET1 !!! THE ESMF_LOG IS SET TO OUTPUT ALL LOG MESSAGES !!!
20210429 095707.150 INFO             PET1 !!!     THIS MAY CAUSE SLOWDOWN IN PERFORMANCE     !!!
20210429 095707.150 INFO             PET1 !!! FOR PRODUCTION RUNS, USE:                      !!!
20210429 095707.150 INFO             PET1 !!!                   ESMF_LOGKIND_Multi_On_Error  !!!
20210429 095707.150 INFO             PET1 !!!!!!!!!!!!!!!!!!!!!!!!!!!!!!!!!!!!!!!!!!!!!!!!!!!!!!
20210429 095707.150 INFO             PET1 Running with ESMF Version   : ESMF_8_2_0_beta_snapshot_05-6-gb8c1a70
20210429 095707.150 INFO             PET1 ESMF library build date/time: "Apr 29 2021" "08:54:15"
20210429 095707.150 INFO             PET1 ESMF library build location : /p/work1/mpotts/gfortran_9.2.0_openmpi_g_develop
20210429 095707.150 INFO             PET1 ESMF_COMM                   : openmpi
20210429 095707.151 INFO             PET1 ESMF_MOAB                   : enabled
20210429 095707.151 INFO             PET1 ESMF_LAPACK                 : enabled
20210429 095707.151 INFO             PET1 ESMF_NETCDF                 : disabled
20210429 095707.151 INFO             PET1 ESMF_PNETCDF                : disabled
20210429 095707.151 INFO             PET1 ESMF_PIO                    : enabled
20210429 095707.151 INFO             PET1 ESMF_YAMLCPP                : enabled
20210429 095707.151 INFO             PET1  NUMBER_OF_PROCESSORS           4
20210429 095707.151 INFO             PET1  PASS  Example ESMF_VMUserMpiCommMultiEx, ESMF_VMUserMpiCommMultiEx.F90, line 126
20210429 095707.151 INFO             PET1 Finalizing ESMF
20210429 095707.149 INFO             PET1 !!!!!!!!!!!!!!!!!!!!!!!!!!!!!!!!!!!!!!!!!!!!!!!!!!!!!!
20210429 095707.149 INFO             PET1 !!! THE ESMF_LOG IS SET TO OUTPUT ALL LOG MESSAGES !!!
20210429 095707.149 INFO             PET1 !!!     THIS MAY CAUSE SLOWDOWN IN PERFORMANCE     !!!
20210429 095707.149 INFO             PET1 !!! FOR PRODUCTION RUNS, USE:                      !!!
20210429 095707.149 INFO             PET1 !!!                   ESMF_LOGKIND_Multi_On_Error  !!!
20210429 095707.149 INFO             PET1 !!!!!!!!!!!!!!!!!!!!!!!!!!!!!!!!!!!!!!!!!!!!!!!!!!!!!!
20210429 095707.149 INFO             PET1 Running with ESMF Version   : ESMF_8_2_0_beta_snapshot_05-6-gb8c1a70
20210429 095707.149 INFO             PET1 ESMF library build date/time: "Apr 29 2021" "08:54:15"
20210429 095707.149 INFO             PET1 ESMF library build location : /p/work1/mpotts/gfortran_9.2.0_openmpi_g_develop
20210429 095707.149 INFO             PET1 ESMF_COMM                   : openmpi
20210429 095707.150 INFO             PET1 ESMF_MOAB                   : enabled
20210429 095707.150 INFO             PET1 ESMF_LAPACK                 : enabled
20210429 095707.150 INFO             PET1 ESMF_NETCDF                 : disabled
20210429 095707.150 INFO             PET1 ESMF_PNETCDF                : disabled
20210429 095707.150 INFO             PET1 ESMF_PIO                    : enabled
20210429 095707.150 INFO             PET1 ESMF_YAMLCPP                : enabled
20210429 095707.150 INFO             PET1  NUMBER_OF_PROCESSORS           4
20210429 095707.150 INFO             PET1  PASS  Example ESMF_VMUserMpiCommMultiEx, ESMF_VMUserMpiCommMultiEx.F90, line 154
20210429 095707.150 INFO             PET1 Finalizing ESMF
