Sun Sep 26 00:48:32 EDT 2021
 
Installing ESMF:
 
mkdir -p /lustre/f2/dev/ncep/Mark.Potts/intel_2019.5_mpi_g_develop/DEFAULTINSTALLDIR/include
cp -f /lustre/f2/dev/ncep/Mark.Potts/intel_2019.5_mpi_g_develop/src/include/ESMC.h /lustre/f2/dev/ncep/Mark.Potts/intel_2019.5_mpi_g_develop/DEFAULTINSTALLDIR/include
cp -f /lustre/f2/dev/ncep/Mark.Potts/intel_2019.5_mpi_g_develop/src/include/ESMC_*.h /lustre/f2/dev/ncep/Mark.Potts/intel_2019.5_mpi_g_develop/DEFAULTINSTALLDIR/include
cp -f /lustre/f2/dev/ncep/Mark.Potts/intel_2019.5_mpi_g_develop/build_config/Unicos.intel.default/ESMC_Conf.h /lustre/f2/dev/ncep/Mark.Potts/intel_2019.5_mpi_g_develop/DEFAULTINSTALLDIR/include
mkdir -p /lustre/f2/dev/ncep/Mark.Potts/intel_2019.5_mpi_g_develop/DEFAULTINSTALLDIR/mod/modg/Unicos.intel.64.mpi.default
cp -f /lustre/f2/dev/ncep/Mark.Potts/intel_2019.5_mpi_g_develop/mod/modg/Unicos.intel.64.mpi.default/*.mod /lustre/f2/dev/ncep/Mark.Potts/intel_2019.5_mpi_g_develop/DEFAULTINSTALLDIR/mod/modg/Unicos.intel.64.mpi.default
mkdir -p /lustre/f2/dev/ncep/Mark.Potts/intel_2019.5_mpi_g_develop/DEFAULTINSTALLDIR/lib/libg/Unicos.intel.64.mpi.default
cp -f /lustre/f2/dev/ncep/Mark.Potts/intel_2019.5_mpi_g_develop/lib/libg/Unicos.intel.64.mpi.default/libesmf*.* /lustre/f2/dev/ncep/Mark.Potts/intel_2019.5_mpi_g_develop/DEFAULTINSTALLDIR/lib/libg/Unicos.intel.64.mpi.default
make ESMF_PRELOADDIR=/lustre/f2/dev/ncep/Mark.Potts/intel_2019.5_mpi_g_develop/DEFAULTINSTALLDIR/lib/libg/Unicos.intel.64.mpi.default build_preload_script
make[1]: Entering directory '/lustre/f2/dev/ncep/Mark.Potts/intel_2019.5_mpi_g_develop'
chmod 755 /lustre/f2/dev/ncep/Mark.Potts/intel_2019.5_mpi_g_develop/DEFAULTINSTALLDIR/lib/libg/Unicos.intel.64.mpi.default/preload.sh
make[1]: Leaving directory '/lustre/f2/dev/ncep/Mark.Potts/intel_2019.5_mpi_g_develop'
ranlib /lustre/f2/dev/ncep/Mark.Potts/intel_2019.5_mpi_g_develop/DEFAULTINSTALLDIR/lib/libg/Unicos.intel.64.mpi.default/libesmf*.a
make install_apps
make[1]: Entering directory '/lustre/f2/dev/ncep/Mark.Potts/intel_2019.5_mpi_g_develop'
mkdir -p /lustre/f2/dev/ncep/Mark.Potts/intel_2019.5_mpi_g_develop/DEFAULTINSTALLDIR/bin/bing/Unicos.intel.64.mpi.default
make build_apps ESMF_APPSDIR=/lustre/f2/dev/ncep/Mark.Potts/intel_2019.5_mpi_g_develop/DEFAULTINSTALLDIR/bin/bing/Unicos.intel.64.mpi.default ESMF_LDIR=/lustre/f2/dev/ncep/Mark.Potts/intel_2019.5_mpi_g_develop/DEFAULTINSTALLDIR/lib/libg/Unicos.intel.64.mpi.default ESMF_LIBDIR=/lustre/f2/dev/ncep/Mark.Potts/intel_2019.5_mpi_g_develop/DEFAULTINSTALLDIR/lib/libg/Unicos.intel.64.mpi.default ESMF_MODDIR=/lustre/f2/dev/ncep/Mark.Potts/intel_2019.5_mpi_g_develop/DEFAULTINSTALLDIR/mod/modg/Unicos.intel.64.mpi.default
make[2]: Entering directory '/lustre/f2/dev/ncep/Mark.Potts/intel_2019.5_mpi_g_develop'
cd /lustre/f2/dev/ncep/Mark.Potts/intel_2019.5_mpi_g_develop/src/apps; make ACTION=tree_build_apps tree
make[3]: Entering directory '/lustre/f2/dev/ncep/Mark.Potts/intel_2019.5_mpi_g_develop/src/apps'
tree_build_apps in: /lustre/f2/dev/ncep/Mark.Potts/intel_2019.5_mpi_g_develop/src/apps/ESMF_PrintInfo
make[4]: Entering directory '/lustre/f2/dev/ncep/Mark.Potts/intel_2019.5_mpi_g_develop/src/apps/ESMF_PrintInfo'
make chkdir_locobj
make[5]: Entering directory '/lustre/f2/dev/ncep/Mark.Potts/intel_2019.5_mpi_g_develop/src/apps/ESMF_PrintInfo'
Making directory /lustre/f2/dev/ncep/Mark.Potts/intel_2019.5_mpi_g_develop/obj/objg/Unicos.intel.64.mpi.default/src/apps/ESMF_PrintInfo for apps output
make[5]: Leaving directory '/lustre/f2/dev/ncep/Mark.Potts/intel_2019.5_mpi_g_develop/src/apps/ESMF_PrintInfo'
ftn -c -g -traceback -check arg_temp_created,bounds,format,output_conversion,stack,uninit -fPIC -assume realloc_lhs   -qopenmp -I/lustre/f2/dev/ncep/Mark.Potts/intel_2019.5_mpi_g_develop/src/apps/ESMF_PrintInfo -I/lustre/f2/dev/ncep/Mark.Potts/intel_2019.5_mpi_g_develop/build_config/Unicos.intel.default -I/lustre/f2/dev/ncep/Mark.Potts/intel_2019.5_mpi_g_develop/src/Infrastructure -I/lustre/f2/dev/ncep/Mark.Potts/intel_2019.5_mpi_g_develop/src/Superstructure -I/lustre/f2/dev/ncep/Mark.Potts/intel_2019.5_mpi_g_develop/DEFAULTINSTALLDIR/mod/modg/Unicos.intel.64.mpi.default -I/lustre/f2/dev/ncep/Mark.Potts/intel_2019.5_mpi_g_develop/src/include -I/opt/cray/pe/netcdf/4.6.3.2/include -I/opt/cray/pe/netcdf/4.6.3.2/INTEL/19.0/include  -DESMF_NO_INTEGER_1_BYTE -DESMF_NO_INTEGER_2_BYTE -DESMF_MOAB=1 -DESMF_LAPACK=1 -DESMF_LAPACK_INTERNAL=1 -DESMF_NO_ACC_SOFTWARE_STACK=1 -DESMF_NETCDF=1 -DESMF_YAMLCPP=1 -DESMF_YAML=1 -DESMF_PIO=1 -DESMF_MPIIO -DESMF_NO_OPENACC -DESMF_TESTEXHAUSTIVE -DESMF_BOPT_g -DESMF_TESTCOMPTUNNEL -DESMF_TESTWITHTHREADS -DS64=1 -DESMF_OS_Unicos=1 -DESMF_COMM=mpi -DESMF_DIR=/lustre/f2/dev/ncep/Mark.Potts/intel_2019.5_mpi_g_develop ESMF_PrintInfo.F90 -o /lustre/f2/dev/ncep/Mark.Potts/intel_2019.5_mpi_g_develop/obj/objg/Unicos.intel.64.mpi.default/src/apps/ESMF_PrintInfo/ESMF_PrintInfo.o
ifort: warning #10182: disabling optimization; runtime debug checks enabled
make chkdir_apps
make[5]: Entering directory '/lustre/f2/dev/ncep/Mark.Potts/intel_2019.5_mpi_g_develop/src/apps/ESMF_PrintInfo'
make[5]: Leaving directory '/lustre/f2/dev/ncep/Mark.Potts/intel_2019.5_mpi_g_develop/src/apps/ESMF_PrintInfo'
ftn -dynamic    -Wl,--no-as-needed  -qopenmp -L/lustre/f2/dev/ncep/Mark.Potts/intel_2019.5_mpi_g_develop/DEFAULTINSTALLDIR/lib/libg/Unicos.intel.64.mpi.default -L/opt/cray/pe/netcdf/4.6.3.2/INTEL/19.0/lib  -Wl,-rpath,/lustre/f2/dev/ncep/Mark.Potts/intel_2019.5_mpi_g_develop/DEFAULTINSTALLDIR/lib/libg/Unicos.intel.64.mpi.default -Wl,-rpath,/opt/cray/pe/netcdf/4.6.3.2/INTEL/19.0/lib -o /lustre/f2/dev/ncep/Mark.Potts/intel_2019.5_mpi_g_develop/DEFAULTINSTALLDIR/bin/bing/Unicos.intel.64.mpi.default/ESMF_PrintInfo /lustre/f2/dev/ncep/Mark.Potts/intel_2019.5_mpi_g_develop/obj/objg/Unicos.intel.64.mpi.default/src/apps/ESMF_PrintInfo/ESMF_PrintInfo.o -lesmf   -cxxlib -lrt -ldl -lnetcdff -lnetcdf
/usr/lib64/gcc/x86_64-suse-linux/7/../../../../x86_64-suse-linux/bin/ld: /lustre/f2/dev/ncep/Mark.Potts/intel_2019.5_mpi_g_develop/DEFAULTINSTALLDIR/lib/libg/Unicos.intel.64.mpi.default/libesmf.so: undefined reference to `moab::ParallelComm::filter_pstatus(moab::Range&, unsigned char, unsigned char, int, moab::Range*)'
/usr/lib64/gcc/x86_64-suse-linux/7/../../../../x86_64-suse-linux/bin/ld: /lustre/f2/dev/ncep/Mark.Potts/intel_2019.5_mpi_g_develop/DEFAULTINSTALLDIR/lib/libg/Unicos.intel.64.mpi.default/libesmf.so: undefined reference to `moab::ParallelComm::exchange_ghost_cells(int, int, int, int, bool, bool, unsigned long*)'
/usr/lib64/gcc/x86_64-suse-linux/7/../../../../x86_64-suse-linux/bin/ld: /lustre/f2/dev/ncep/Mark.Potts/intel_2019.5_mpi_g_develop/DEFAULTINSTALLDIR/lib/libg/Unicos.intel.64.mpi.default/libesmf.so: undefined reference to `moab::ParallelComm::get_remote_handles(unsigned long*, unsigned long*, int, int)'
/usr/lib64/gcc/x86_64-suse-linux/7/../../../../x86_64-suse-linux/bin/ld: /lustre/f2/dev/ncep/Mark.Potts/intel_2019.5_mpi_g_develop/DEFAULTINSTALLDIR/lib/libg/Unicos.intel.64.mpi.default/libesmf.so: undefined reference to `moab::ParallelComm::get_sharing_data(unsigned long, int*, unsigned long*, unsigned char&, unsigned int&)'
/usr/lib64/gcc/x86_64-suse-linux/7/../../../../x86_64-suse-linux/bin/ld: /lustre/f2/dev/ncep/Mark.Potts/intel_2019.5_mpi_g_develop/DEFAULTINSTALLDIR/lib/libg/Unicos.intel.64.mpi.default/libesmf.so: undefined reference to `moab::ParallelComm::check_global_ids(unsigned long, int, int, bool, bool, bool)'
/usr/lib64/gcc/x86_64-suse-linux/7/../../../../x86_64-suse-linux/bin/ld: /lustre/f2/dev/ncep/Mark.Potts/intel_2019.5_mpi_g_develop/DEFAULTINSTALLDIR/lib/libg/Unicos.intel.64.mpi.default/libesmf.so: undefined reference to `moab::ParallelComm::ParallelComm(moab::Interface*, int, int*)'
/usr/lib64/gcc/x86_64-suse-linux/7/../../../../x86_64-suse-linux/bin/ld: /lustre/f2/dev/ncep/Mark.Potts/intel_2019.5_mpi_g_develop/DEFAULTINSTALLDIR/lib/libg/Unicos.intel.64.mpi.default/libesmf.so: undefined reference to `moab::ParallelComm::set_debug_verbosity(int)'
/usr/lib64/gcc/x86_64-suse-linux/7/../../../../x86_64-suse-linux/bin/ld: /lustre/f2/dev/ncep/Mark.Potts/intel_2019.5_mpi_g_develop/DEFAULTINSTALLDIR/lib/libg/Unicos.intel.64.mpi.default/libesmf.so: undefined reference to `moab::ParallelComm::get_all_pcomm(moab::Interface*, std::vector<moab::ParallelComm*, std::allocator<moab::ParallelComm*> >&)'
/usr/lib64/gcc/x86_64-suse-linux/7/../../../../x86_64-suse-linux/bin/ld: /lustre/f2/dev/ncep/Mark.Potts/intel_2019.5_mpi_g_develop/DEFAULTINSTALLDIR/lib/libg/Unicos.intel.64.mpi.default/libesmf.so: undefined reference to `moab::ParallelComm::pack_buffer(moab::Range&, bool, bool, bool, int, moab::ParallelComm::Buffer*, moab::TupleList*, moab::Range*)'
/usr/lib64/gcc/x86_64-suse-linux/7/../../../../x86_64-suse-linux/bin/ld: /lustre/f2/dev/ncep/Mark.Potts/intel_2019.5_mpi_g_develop/DEFAULTINSTALLDIR/lib/libg/Unicos.intel.64.mpi.default/libesmf.so: undefined reference to `moab::ParallelComm::delete_entities(moab::Range&)'
/usr/lib64/gcc/x86_64-suse-linux/7/../../../../x86_64-suse-linux/bin/ld: /lustre/f2/dev/ncep/Mark.Potts/intel_2019.5_mpi_g_develop/DEFAULTINSTALLDIR/lib/libg/Unicos.intel.64.mpi.default/libesmf.so: undefined reference to `moab::ParallelComm::get_interface_procs(std::set<unsigned int, std::less<unsigned int>, std::allocator<unsigned int> >&, bool)'
/usr/lib64/gcc/x86_64-suse-linux/7/../../../../x86_64-suse-linux/bin/ld: /lustre/f2/dev/ncep/Mark.Potts/intel_2019.5_mpi_g_develop/DEFAULTINSTALLDIR/lib/libg/Unicos.intel.64.mpi.default/libesmf.so: undefined reference to `moab::ParallelComm::resolve_shared_sets(unsigned long, moab::TagInfo* const*)'
/usr/lib64/gcc/x86_64-suse-linux/7/../../../../x86_64-suse-linux/bin/ld: /lustre/f2/dev/ncep/Mark.Potts/intel_2019.5_mpi_g_develop/DEFAULTINSTALLDIR/lib/libg/Unicos.intel.64.mpi.default/libesmf.so: undefined reference to `moab::ParallelComm::tag_shared_verts(moab::TupleList&, std::map<std::vector<int, std::allocator<int> >, std::vector<unsigned long, std::allocator<unsigned long> >, std::less<std::vector<int, std::allocator<int> > >, std::allocator<std::pair<std::vector<int, std::allocator<int> > const, std::vector<unsigned long, std::allocator<unsigned long> > > > >&, moab::Range&, unsigned int)'
/usr/lib64/gcc/x86_64-suse-linux/7/../../../../x86_64-suse-linux/bin/ld: /lustre/f2/dev/ncep/Mark.Potts/intel_2019.5_mpi_g_develop/DEFAULTINSTALLDIR/lib/libg/Unicos.intel.64.mpi.default/libesmf.so: undefined reference to `moab::ParallelComm::get_debug_verbosity()'
/usr/lib64/gcc/x86_64-suse-linux/7/../../../../x86_64-suse-linux/bin/ld: /lustre/f2/dev/ncep/Mark.Potts/intel_2019.5_mpi_g_develop/DEFAULTINSTALLDIR/lib/libg/Unicos.intel.64.mpi.default/libesmf.so: undefined reference to `moab::ParallelComm::update_remote_data(unsigned long, std::vector<int, std::allocator<int> >&, std::vector<unsigned long, std::allocator<unsigned long> >&)'
/usr/lib64/gcc/x86_64-suse-linux/7/../../../../x86_64-suse-linux/bin/ld: /lustre/f2/dev/ncep/Mark.Potts/intel_2019.5_mpi_g_develop/DEFAULTINSTALLDIR/lib/libg/Unicos.intel.64.mpi.default/libesmf.so: undefined reference to `moab::ParallelComm::broadcast_entities(int, moab::Range&, bool, bool)'
/usr/lib64/gcc/x86_64-suse-linux/7/../../../../x86_64-suse-linux/bin/ld: /lustre/f2/dev/ncep/Mark.Potts/intel_2019.5_mpi_g_develop/DEFAULTINSTALLDIR/lib/libg/Unicos.intel.64.mpi.default/libesmf.so: undefined reference to `moab::ParallelComm::check_all_shared_handles(bool)'
/usr/lib64/gcc/x86_64-suse-linux/7/../../../../x86_64-suse-linux/bin/ld: /lustre/f2/dev/ncep/Mark.Potts/intel_2019.5_mpi_g_develop/DEFAULTINSTALLDIR/lib/libg/Unicos.intel.64.mpi.default/libesmf.so: undefined reference to `moab::ParallelComm::augment_default_sets_with_ghosts(unsigned long)'
/usr/lib64/gcc/x86_64-suse-linux/7/../../../../x86_64-suse-linux/bin/ld: /lustre/f2/dev/ncep/Mark.Potts/intel_2019.5_mpi_g_develop/DEFAULTINSTALLDIR/lib/libg/Unicos.intel.64.mpi.default/libesmf.so: undefined reference to `moab::ParallelComm::reduce_tags(std::vector<moab::TagInfo*, std::allocator<moab::TagInfo*> > const&, std::vector<moab::TagInfo*, std::allocator<moab::TagInfo*> > const&, int, moab::Range const&)'
/usr/lib64/gcc/x86_64-suse-linux/7/../../../../x86_64-suse-linux/bin/ld: /lustre/f2/dev/ncep/Mark.Potts/intel_2019.5_mpi_g_develop/DEFAULTINSTALLDIR/lib/libg/Unicos.intel.64.mpi.default/libesmf.so: undefined reference to `moab::ParallelComm::get_shared_entities(int, moab::Range&, int, bool, bool)'
/usr/lib64/gcc/x86_64-suse-linux/7/../../../../x86_64-suse-linux/bin/ld: /lustre/f2/dev/ncep/Mark.Potts/intel_2019.5_mpi_g_develop/DEFAULTINSTALLDIR/lib/libg/Unicos.intel.64.mpi.default/libesmf.so: undefined reference to `moab::ParallelComm::send_recv_entities(std::vector<int, std::allocator<int> >&, std::vector<std::vector<int, std::allocator<int> >, std::allocator<std::vector<int, std::allocator<int> > > >&, std::vector<std::vector<unsigned long, std::allocator<unsigned long> >, std::allocator<std::vector<unsigned long, std::allocator<unsigned long> > > >&, std::vector<std::vector<unsigned long, std::allocator<unsigned long> >, std::allocator<std::vector<unsigned long, std::allocator<unsigned long> > > >&)'
/usr/lib64/gcc/x86_64-suse-linux/7/../../../../x86_64-suse-linux/bin/ld: /lustre/f2/dev/ncep/Mark.Potts/intel_2019.5_mpi_g_develop/DEFAULTINSTALLDIR/lib/libg/Unicos.intel.64.mpi.default/libesmf.so: undefined reference to `moab::ParallelComm::get_proc_nvecs(int, int, moab::Range*, std::map<std::vector<int, std::allocator<int> >, std::vector<unsigned long, std::allocator<unsigned long> >, std::less<std::vector<int, std::allocator<int> > >, std::allocator<std::pair<std::vector<int, std::allocator<int> > const, std::vector<unsigned long, std::allocator<unsigned long> > > > >&)'
/usr/lib64/gcc/x86_64-suse-linux/7/../../../../x86_64-suse-linux/bin/ld: /lustre/f2/dev/ncep/Mark.Potts/intel_2019.5_mpi_g_develop/DEFAULTINSTALLDIR/lib/libg/Unicos.intel.64.mpi.default/libesmf.so: undefined reference to `moab::ParallelComm::get_buffers(int, bool*)'
/usr/lib64/gcc/x86_64-suse-linux/7/../../../../x86_64-suse-linux/bin/ld: /lustre/f2/dev/ncep/Mark.Potts/intel_2019.5_mpi_g_develop/DEFAULTINSTALLDIR/lib/libg/Unicos.intel.64.mpi.default/libesmf.so: undefined reference to `moab::ParallelComm::create_iface_pc_links()'
/usr/lib64/gcc/x86_64-suse-linux/7/../../../../x86_64-suse-linux/bin/ld: /lustre/f2/dev/ncep/Mark.Potts/intel_2019.5_mpi_g_develop/DEFAULTINSTALLDIR/lib/libg/Unicos.intel.64.mpi.default/libesmf.so: undefined reference to `moab::ParallelComm::list_entities(unsigned long const*, int)'
/usr/lib64/gcc/x86_64-suse-linux/7/../../../../x86_64-suse-linux/bin/ld: /lustre/f2/dev/ncep/Mark.Potts/intel_2019.5_mpi_g_develop/DEFAULTINSTALLDIR/lib/libg/Unicos.intel.64.mpi.default/libesmf.so: undefined reference to `moab::ParallelComm::resolve_shared_ents(unsigned long, int, int, moab::TagInfo* const*)'
/usr/lib64/gcc/x86_64-suse-linux/7/../../../../x86_64-suse-linux/bin/ld: /lustre/f2/dev/ncep/Mark.Potts/intel_2019.5_mpi_g_develop/DEFAULTINSTALLDIR/lib/libg/Unicos.intel.64.mpi.default/libesmf.so: undefined reference to `moab::ParallelComm::resolve_shared_ents(unsigned long, moab::Range&, int, int, moab::Range*, moab::TagInfo* const*)'
/usr/lib64/gcc/x86_64-suse-linux/7/../../../../x86_64-suse-linux/bin/ld: /lustre/f2/dev/ncep/Mark.Potts/intel_2019.5_mpi_g_develop/DEFAULTINSTALLDIR/lib/libg/Unicos.intel.64.mpi.default/libesmf.so: undefined reference to `moab::ParallelComm::get_owner_handle(unsigned long, int&, unsigned long&)'
/usr/lib64/gcc/x86_64-suse-linux/7/../../../../x86_64-suse-linux/bin/ld: /lustre/f2/dev/ncep/Mark.Potts/intel_2019.5_mpi_g_develop/DEFAULTINSTALLDIR/lib/libg/Unicos.intel.64.mpi.default/libesmf.so: undefined reference to `moab::ParallelComm::get_pcomm(moab::Interface*, int)'
/usr/lib64/gcc/x86_64-suse-linux/7/../../../../x86_64-suse-linux/bin/ld: /lustre/f2/dev/ncep/Mark.Potts/intel_2019.5_mpi_g_develop/DEFAULTINSTALLDIR/lib/libg/Unicos.intel.64.mpi.default/libesmf.so: undefined reference to `moab::ParallelComm::unpack_buffer(unsigned char*, bool, int, int, std::vector<std::vector<unsigned long, std::allocator<unsigned long> >, std::allocator<std::vector<unsigned long, std::allocator<unsigned long> > > >&, std::vector<std::vector<unsigned long, std::allocator<unsigned long> >, std::allocator<std::vector<unsigned long, std::allocator<unsigned long> > > >&, std::vector<std::vector<int, std::allocator<int> >, std::allocator<std::vector<int, std::allocator<int> > > >&, std::vector<unsigned long, std::allocator<unsigned long> >&, std::vector<unsigned long, std::allocator<unsigned long> >&, std::vector<unsigned int, std::allocator<unsigned int> >&, std::vector<unsigned long, std::allocator<unsigned long> >&, bool)'
/usr/lib64/gcc/x86_64-suse-linux/7/../../../../x86_64-suse-linux/bin/ld: /lustre/f2/dev/ncep/Mark.Potts/intel_2019.5_mpi_g_develop/DEFAULTINSTALLDIR/lib/libg/Unicos.intel.64.mpi.default/libesmf.so: undefined reference to `moab::ParallelComm::settle_intersection_points(moab::Range&, moab::Range&, std::vector<std::vector<unsigned long, std::allocator<unsigned long> >*, std::allocator<std::vector<unsigned long, std::allocator<unsigned long> >*> >&, double)'
/usr/lib64/gcc/x86_64-suse-linux/7/../../../../x86_64-suse-linux/bin/ld: /lustre/f2/dev/ncep/Mark.Potts/intel_2019.5_mpi_g_develop/DEFAULTINSTALLDIR/lib/libg/Unicos.intel.64.mpi.default/libesmf.so: undefined reference to `moab::ParallelComm::~ParallelComm()'
/usr/lib64/gcc/x86_64-suse-linux/7/../../../../x86_64-suse-linux/bin/ld: /lustre/f2/dev/ncep/Mark.Potts/intel_2019.5_mpi_g_develop/DEFAULTINSTALLDIR/lib/libg/Unicos.intel.64.mpi.default/libesmf.so: undefined reference to `moab::ParallelComm::create_interface_sets(std::map<std::vector<int, std::allocator<int> >, std::vector<unsigned long, std::allocator<unsigned long> >, std::less<std::vector<int, std::allocator<int> > >, std::allocator<std::pair<std::vector<int, std::allocator<int> > const, std::vector<unsigned long, std::allocator<unsigned long> > > > >&)'
/usr/lib64/gcc/x86_64-suse-linux/7/../../../../x86_64-suse-linux/bin/ld: /lustre/f2/dev/ncep/Mark.Potts/intel_2019.5_mpi_g_develop/DEFAULTINSTALLDIR/lib/libg/Unicos.intel.64.mpi.default/libesmf.so: undefined reference to `moab::ParallelComm::INITIAL_BUFF_SIZE'
/usr/lib64/gcc/x86_64-suse-linux/7/../../../../x86_64-suse-linux/bin/ld: /lustre/f2/dev/ncep/Mark.Potts/intel_2019.5_mpi_g_develop/DEFAULTINSTALLDIR/lib/libg/Unicos.intel.64.mpi.default/libesmf.so: undefined reference to `moab::ParallelComm::exchange_tags(std::vector<moab::TagInfo*, std::allocator<moab::TagInfo*> > const&, std::vector<moab::TagInfo*, std::allocator<moab::TagInfo*> > const&, moab::Range const&)'
make[4]: *** [/lustre/f2/dev/ncep/Mark.Potts/intel_2019.5_mpi_g_develop/build/common.mk:2442: /lustre/f2/dev/ncep/Mark.Potts/intel_2019.5_mpi_g_develop/DEFAULTINSTALLDIR/bin/bing/Unicos.intel.64.mpi.default/ESMF_PrintInfo] Error 1
make[4]: Leaving directory '/lustre/f2/dev/ncep/Mark.Potts/intel_2019.5_mpi_g_develop/src/apps/ESMF_PrintInfo'
make[3]: *** [/lustre/f2/dev/ncep/Mark.Potts/intel_2019.5_mpi_g_develop/build/common.mk:3661: tree] Error 1
make[3]: Leaving directory '/lustre/f2/dev/ncep/Mark.Potts/intel_2019.5_mpi_g_develop/src/apps'
make[2]: *** [/lustre/f2/dev/ncep/Mark.Potts/intel_2019.5_mpi_g_develop/build/common.mk:2425: build_apps] Error 2
make[2]: Leaving directory '/lustre/f2/dev/ncep/Mark.Potts/intel_2019.5_mpi_g_develop'
make[1]: *** [makefile:644: install_apps] Error 2
make[1]: Leaving directory '/lustre/f2/dev/ncep/Mark.Potts/intel_2019.5_mpi_g_develop'
make: *** [makefile:683: install] Error 2
