build time -- 2021-08-31 05:22:08.805273
20210831 063659.072 INFO             PET0 !!!!!!!!!!!!!!!!!!!!!!!!!!!!!!!!!!!!!!!!!!!!!!!!!!!!!!
20210831 063659.073 INFO             PET0 !!! THE ESMF_LOG IS SET TO OUTPUT ALL LOG MESSAGES !!!
20210831 063659.073 INFO             PET0 !!!     THIS MAY CAUSE SLOWDOWN IN PERFORMANCE     !!!
20210831 063659.073 INFO             PET0 !!! FOR PRODUCTION RUNS, USE:                      !!!
20210831 063659.073 INFO             PET0 !!!                   ESMF_LOGKIND_Multi_On_Error  !!!
20210831 063659.073 INFO             PET0 !!!!!!!!!!!!!!!!!!!!!!!!!!!!!!!!!!!!!!!!!!!!!!!!!!!!!!
20210831 063659.073 INFO             PET0 Running with ESMF Version   : ESMF_8_2_0_beta_snapshot_18-1-gbf96d6e06d
20210831 063659.073 INFO             PET0 ESMF library build date/time: "Aug 31 2021" "05:16:20"
20210831 063659.073 INFO             PET0 ESMF library build location : /gpfsm/dnb04/projects/p98/mpotts/esmf/pgi_2020_mpiuni_g_develop
20210831 063659.073 INFO             PET0 ESMF_COMM                   : mpiuni
20210831 063659.073 INFO             PET0 ESMF_MOAB                   : enabled
20210831 063659.073 INFO             PET0 ESMF_LAPACK                 : enabled
20210831 063659.073 INFO             PET0 ESMF_NETCDF                 : disabled
20210831 063659.073 INFO             PET0 ESMF_PNETCDF                : disabled
20210831 063659.073 INFO             PET0 ESMF_PIO                    : disabled
20210831 063659.073 INFO             PET0 ESMF_YAMLCPP                : enabled
20210831 063659.074 INFO             PET0  NUMBER_OF_PROCESSORS            1
20210831 063659.074 INFO             PET0  PASS  Example ESMF_CplEx, ESMF_CplEx.F90, line 457
20210831 063659.074 INFO             PET0 Finalizing ESMF
