build time -- 2021-07-15 01:46:05.781908
20210715 025249.474 INFO             PET0 !!!!!!!!!!!!!!!!!!!!!!!!!!!!!!!!!!!!!!!!!!!!!!!!!!!!!!
20210715 025249.474 INFO             PET0 !!! THE ESMF_LOG IS SET TO OUTPUT ALL LOG MESSAGES !!!
20210715 025249.474 INFO             PET0 !!!     THIS MAY CAUSE SLOWDOWN IN PERFORMANCE     !!!
20210715 025249.474 INFO             PET0 !!! FOR PRODUCTION RUNS, USE:                      !!!
20210715 025249.474 INFO             PET0 !!!                   ESMF_LOGKIND_Multi_On_Error  !!!
20210715 025249.474 INFO             PET0 !!!!!!!!!!!!!!!!!!!!!!!!!!!!!!!!!!!!!!!!!!!!!!!!!!!!!!
20210715 025249.474 INFO             PET0 Running with ESMF Version   : ESMF_8_2_0_beta_snapshot_13-4-g65c806ac43
20210715 025249.474 INFO             PET0 ESMF library build date/time: "Jul 15 2021" "01:41:39"
20210715 025249.474 INFO             PET0 ESMF library build location : /gpfsm/dnb04/projects/p98/mpotts/esmf/pgi_2020_mpiuni_g_develop
20210715 025249.474 INFO             PET0 ESMF_COMM                   : mpiuni
20210715 025249.475 INFO             PET0 ESMF_MOAB                   : enabled
20210715 025249.475 INFO             PET0 ESMF_LAPACK                 : enabled
20210715 025249.475 INFO             PET0 ESMF_NETCDF                 : disabled
20210715 025249.475 INFO             PET0 ESMF_PNETCDF                : disabled
20210715 025249.475 INFO             PET0 ESMF_PIO                    : disabled
20210715 025249.475 INFO             PET0 ESMF_YAMLCPP                : enabled
20210715 025249.476 INFO             PET0  NUMBER_OF_PROCESSORS            1
20210715 025249.476 INFO             PET0  PASS  Example ESMF_AppMainEx, ESMF_AppMainEx.F90, line 486
20210715 025249.476 INFO             PET0 Finalizing ESMF
