build time -- 2021-09-10 03:45:27.494700
20210910 044321.988 INFO             PET0 !!!!!!!!!!!!!!!!!!!!!!!!!!!!!!!!!!!!!!!!!!!!!!!!!!!!!!
20210910 044321.988 INFO             PET0 !!! THE ESMF_LOG IS SET TO OUTPUT ALL LOG MESSAGES !!!
20210910 044321.988 INFO             PET0 !!!     THIS MAY CAUSE SLOWDOWN IN PERFORMANCE     !!!
20210910 044321.988 INFO             PET0 !!! FOR PRODUCTION RUNS, USE:                      !!!
20210910 044321.988 INFO             PET0 !!!                   ESMF_LOGKIND_Multi_On_Error  !!!
20210910 044321.988 INFO             PET0 !!!!!!!!!!!!!!!!!!!!!!!!!!!!!!!!!!!!!!!!!!!!!!!!!!!!!!
20210910 044321.988 INFO             PET0 Running with ESMF Version   : ESMF_8_2_0_beta_snapshot_18-42-gb11ffe55a6
20210910 044321.988 INFO             PET0 ESMF library build date/time: "Sep 10 2021" "03:41:25"
20210910 044321.988 INFO             PET0 ESMF library build location : /gpfsm/dnb04/projects/p98/mpotts/esmf/pgi_2020_mpiuni_g_develop
20210910 044321.988 INFO             PET0 ESMF_COMM                   : mpiuni
20210910 044321.988 INFO             PET0 ESMF_MOAB                   : enabled
20210910 044321.988 INFO             PET0 ESMF_LAPACK                 : enabled
20210910 044321.988 INFO             PET0 ESMF_NETCDF                 : disabled
20210910 044321.988 INFO             PET0 ESMF_PNETCDF                : disabled
20210910 044321.988 INFO             PET0 ESMF_PIO                    : disabled
20210910 044321.988 INFO             PET0 ESMF_YAMLCPP                : enabled
20210910 044321.988 INFO             PET0 ESMF Tracing Enabled
20210910 044321.988 INFO             PET0 ESMF Profiling Enabled
20210910 044321.988 INFO             PET0 ESMF Trace/Profile clock: REALTIME
20210910 044322.053 INFO             PET0  NUMBER_OF_PROCESSORS            1
20210910 044322.053 INFO             PET0  PASS  Example ESMF_TraceEx, ESMF_TraceEx.F90, line 178
20210910 044322.053 INFO             PET0 Finalizing ESMF
20210910 044322.053 INFO             PET0 **************** Region Timings *******************
20210910 044322.053 INFO             PET0 Region              Count  Total (s)   Self (s)    Mean (s)    Min (s)     Max (s)
20210910 044322.053 INFO             PET0   [test] Run 1      5      0.0000      0.0000      0.0000      0.0000      0.0000
20210910 044322.053 INFO             PET0   [test] Init 1     1      0.0000      0.0000      0.0000      0.0000      0.0000
20210910 044322.053 INFO             PET0   [test] Final 1    1      0.0000      0.0000      0.0000      0.0000      0.0000
