build time -- 2021-08-26 01:54:29.638651
20210826 030228.962 INFO             PET0 !!!!!!!!!!!!!!!!!!!!!!!!!!!!!!!!!!!!!!!!!!!!!!!!!!!!!!
20210826 030228.962 INFO             PET0 !!! THE ESMF_LOG IS SET TO OUTPUT ALL LOG MESSAGES !!!
20210826 030228.962 INFO             PET0 !!!     THIS MAY CAUSE SLOWDOWN IN PERFORMANCE     !!!
20210826 030228.962 INFO             PET0 !!! FOR PRODUCTION RUNS, USE:                      !!!
20210826 030228.962 INFO             PET0 !!!                   ESMF_LOGKIND_Multi_On_Error  !!!
20210826 030228.962 INFO             PET0 !!!!!!!!!!!!!!!!!!!!!!!!!!!!!!!!!!!!!!!!!!!!!!!!!!!!!!
20210826 030228.962 INFO             PET0 Running with ESMF Version   : ESMF_8_2_0_beta_snapshot_17-7-gf801d9b295
20210826 030228.962 INFO             PET0 ESMF library build date/time: "Aug 26 2021" "01:50:05"
20210826 030228.962 INFO             PET0 ESMF library build location : /gpfsm/dnb04/projects/p98/mpotts/esmf/pgi_2020_mpiuni_g_develop
20210826 030228.962 INFO             PET0 ESMF_COMM                   : mpiuni
20210826 030228.963 INFO             PET0 ESMF_MOAB                   : enabled
20210826 030228.963 INFO             PET0 ESMF_LAPACK                 : enabled
20210826 030228.963 INFO             PET0 ESMF_NETCDF                 : disabled
20210826 030228.963 INFO             PET0 ESMF_PNETCDF                : disabled
20210826 030228.963 INFO             PET0 ESMF_PIO                    : disabled
20210826 030228.963 INFO             PET0 ESMF_YAMLCPP                : enabled
20210826 030228.963 INFO             PET0 Log Write 2
20210826 030228.963 ERROR            PET0 Invalid object  - Convergence failure
20210826 030228.963 ERROR            PET0 ESMCI_Fraction.C:1444 ESMCI::Fraction::validate() must have non-zero denominator.
20210826 030228.964 ERROR            PET0 ESMCI_Time.C:838 ESMCI::Time::syncToRealTime() Wrong argument specified  - ; calkindflag is JULIANDAY, MODJULIANDAY or NOCALENDAR.
20210826 030228.964 ERROR            PET0 ESMF_Time.F90:1485 ESMF_TimeSyncToRealTime() Wrong argument specified  - Internal subroutine call returned Error
20210826 030228.964 ERROR            PET0 Wrong argument specified  - getting wall clock time
20210826 030228.964 INFO             PET0  NUMBER_OF_PROCESSORS            1
20210826 030228.965 INFO             PET0  PASS  Example ESMF_LogErrEx, ESMF_LogErrEx.F90, line 186
20210826 030228.965 INFO             PET0 Finalizing ESMF
