build time -- 2021-05-25 01:46:00.024218
20210525 024912.232 INFO             PET0 !!!!!!!!!!!!!!!!!!!!!!!!!!!!!!!!!!!!!!!!!!!!!!!!!!!!!!
20210525 024912.232 INFO             PET0 !!! THE ESMF_LOG IS SET TO OUTPUT ALL LOG MESSAGES !!!
20210525 024912.232 INFO             PET0 !!!     THIS MAY CAUSE SLOWDOWN IN PERFORMANCE     !!!
20210525 024912.232 INFO             PET0 !!! FOR PRODUCTION RUNS, USE:                      !!!
20210525 024912.232 INFO             PET0 !!!                   ESMF_LOGKIND_Multi_On_Error  !!!
20210525 024912.232 INFO             PET0 !!!!!!!!!!!!!!!!!!!!!!!!!!!!!!!!!!!!!!!!!!!!!!!!!!!!!!
20210525 024912.232 INFO             PET0 Running with ESMF Version   : ESMF_8_2_0_beta_snapshot_09-2-g9654c13d10
20210525 024912.232 INFO             PET0 ESMF library build date/time: "May 25 2021" "01:42:14"
20210525 024912.232 INFO             PET0 ESMF library build location : /gpfsm/dnb04/projects/p98/mpotts/esmf/pgi_2020_mpiuni_g_develop
20210525 024912.232 INFO             PET0 ESMF_COMM                   : mpiuni
20210525 024912.232 INFO             PET0 ESMF_MOAB                   : enabled
20210525 024912.232 INFO             PET0 ESMF_LAPACK                 : enabled
20210525 024912.232 INFO             PET0 ESMF_NETCDF                 : disabled
20210525 024912.232 INFO             PET0 ESMF_PNETCDF                : disabled
20210525 024912.232 INFO             PET0 ESMF_PIO                    : disabled
20210525 024912.232 INFO             PET0 ESMF_YAMLCPP                : enabled
20210525 024912.232 ERROR            PET0 ESMCI_State.C:982 ESMCI::State::read() Library needed by ESMF not present  - Internal subroutine call returned Error
20210525 024912.233 ERROR            PET0 ESMF_StateAPI.cppF90:3191 ESMF_StateRead Library needed by ESMF not present  - Internal subroutine call returned Error
20210525 024912.233 INFO             PET0  NUMBER_OF_PROCESSORS            1
20210525 024912.233 INFO             PET0  PASS  Example ESMF_StateReadWriteEx, ESMF_StateReadWriteEx.F90, line 185
20210525 024912.233 INFO             PET0 Finalizing ESMF
