build time -- 2021-09-28 03:14:13
20210928 074641.351 INFO             PET0 !!!!!!!!!!!!!!!!!!!!!!!!!!!!!!!!!!!!!!!!!!!!!!!!!!!!!!
20210928 074641.351 INFO             PET0 !!! THE ESMF_LOG IS SET TO OUTPUT ALL LOG MESSAGES !!!
20210928 074641.351 INFO             PET0 !!!     THIS MAY CAUSE SLOWDOWN IN PERFORMANCE     !!!
20210928 074641.351 INFO             PET0 !!! FOR PRODUCTION RUNS, USE:                      !!!
20210928 074641.351 INFO             PET0 !!!                   ESMF_LOGKIND_Multi_On_Error  !!!
20210928 074641.351 INFO             PET0 !!!!!!!!!!!!!!!!!!!!!!!!!!!!!!!!!!!!!!!!!!!!!!!!!!!!!!
20210928 074641.351 INFO             PET0 Running with ESMF Version   : ESMF_8_2_0_beta_snapshot_19-14-gd25d680
20210928 074641.351 INFO             PET0 ESMF library build date/time: "Sep 28 2021" "03:12:29"
20210928 074641.351 INFO             PET0 ESMF library build location : /work/noaa/da/mpotts/sandbox/intel_2020_intelmpi_g_develop
20210928 074641.351 INFO             PET0 ESMF_COMM                   : intelmpi
20210928 074641.362 INFO             PET0 ESMF_MOAB                   : enabled
20210928 074641.362 INFO             PET0 ESMF_LAPACK                 : enabled
20210928 074641.362 INFO             PET0 ESMF_NETCDF                 : enabled
20210928 074641.362 INFO             PET0 ESMF_PNETCDF                : disabled
20210928 074641.362 INFO             PET0 ESMF_PIO                    : enabled
20210928 074641.362 INFO             PET0 ESMF_YAMLCPP                : enabled
20210928 074653.697 DEBUG            PET0 about to destroy Grid: 0x1cb79b0
20210928 074658.489 DEBUG            PET0 about to destroy Grid: 0x1cb6980
20210928 074704.365 INFO             PET0  NUMBER_OF_PROCESSORS           4
20210928 074704.367 INFO             PET0  PASS  Example ESMF_NUOPCAtmModelEx, ESMF_NUOPCAtmModelEx.F90, line 806
20210928 074704.367 INFO             PET0 Finalizing ESMF
20210928 074641.351 INFO             PET1 !!!!!!!!!!!!!!!!!!!!!!!!!!!!!!!!!!!!!!!!!!!!!!!!!!!!!!
20210928 074641.351 INFO             PET1 !!! THE ESMF_LOG IS SET TO OUTPUT ALL LOG MESSAGES !!!
20210928 074641.351 INFO             PET1 !!!     THIS MAY CAUSE SLOWDOWN IN PERFORMANCE     !!!
20210928 074641.351 INFO             PET1 !!! FOR PRODUCTION RUNS, USE:                      !!!
20210928 074641.351 INFO             PET1 !!!                   ESMF_LOGKIND_Multi_On_Error  !!!
20210928 074641.351 INFO             PET1 !!!!!!!!!!!!!!!!!!!!!!!!!!!!!!!!!!!!!!!!!!!!!!!!!!!!!!
20210928 074641.351 INFO             PET1 Running with ESMF Version   : ESMF_8_2_0_beta_snapshot_19-14-gd25d680
20210928 074641.351 INFO             PET1 ESMF library build date/time: "Sep 28 2021" "03:12:29"
20210928 074641.351 INFO             PET1 ESMF library build location : /work/noaa/da/mpotts/sandbox/intel_2020_intelmpi_g_develop
20210928 074641.351 INFO             PET1 ESMF_COMM                   : intelmpi
20210928 074641.354 INFO             PET1 ESMF_MOAB                   : enabled
20210928 074641.354 INFO             PET1 ESMF_LAPACK                 : enabled
20210928 074641.354 INFO             PET1 ESMF_NETCDF                 : enabled
20210928 074641.354 INFO             PET1 ESMF_PNETCDF                : disabled
20210928 074641.354 INFO             PET1 ESMF_PIO                    : enabled
20210928 074641.354 INFO             PET1 ESMF_YAMLCPP                : enabled
20210928 074653.691 DEBUG            PET1 about to destroy Grid: 0xba4b70
20210928 074658.489 DEBUG            PET1 about to destroy Grid: 0xba5460
20210928 074704.361 INFO             PET1  NUMBER_OF_PROCESSORS           4
20210928 074704.363 INFO             PET1  PASS  Example ESMF_NUOPCAtmModelEx, ESMF_NUOPCAtmModelEx.F90, line 806
20210928 074704.363 INFO             PET1 Finalizing ESMF
20210928 074641.353 INFO             PET2 !!!!!!!!!!!!!!!!!!!!!!!!!!!!!!!!!!!!!!!!!!!!!!!!!!!!!!
20210928 074641.353 INFO             PET2 !!! THE ESMF_LOG IS SET TO OUTPUT ALL LOG MESSAGES !!!
20210928 074641.353 INFO             PET2 !!!     THIS MAY CAUSE SLOWDOWN IN PERFORMANCE     !!!
20210928 074641.353 INFO             PET2 !!! FOR PRODUCTION RUNS, USE:                      !!!
20210928 074641.353 INFO             PET2 !!!                   ESMF_LOGKIND_Multi_On_Error  !!!
20210928 074641.353 INFO             PET2 !!!!!!!!!!!!!!!!!!!!!!!!!!!!!!!!!!!!!!!!!!!!!!!!!!!!!!
20210928 074641.353 INFO             PET2 Running with ESMF Version   : ESMF_8_2_0_beta_snapshot_19-14-gd25d680
20210928 074641.353 INFO             PET2 ESMF library build date/time: "Sep 28 2021" "03:12:29"
20210928 074641.353 INFO             PET2 ESMF library build location : /work/noaa/da/mpotts/sandbox/intel_2020_intelmpi_g_develop
20210928 074641.353 INFO             PET2 ESMF_COMM                   : intelmpi
20210928 074641.356 INFO             PET2 ESMF_MOAB                   : enabled
20210928 074641.356 INFO             PET2 ESMF_LAPACK                 : enabled
20210928 074641.356 INFO             PET2 ESMF_NETCDF                 : enabled
20210928 074641.356 INFO             PET2 ESMF_PNETCDF                : disabled
20210928 074641.356 INFO             PET2 ESMF_PIO                    : enabled
20210928 074641.356 INFO             PET2 ESMF_YAMLCPP                : enabled
20210928 074653.691 DEBUG            PET2 about to destroy Grid: 0x299cb10
20210928 074658.490 DEBUG            PET2 about to destroy Grid: 0x299d400
20210928 074704.366 INFO             PET2  NUMBER_OF_PROCESSORS           4
20210928 074704.379 INFO             PET2  PASS  Example ESMF_NUOPCAtmModelEx, ESMF_NUOPCAtmModelEx.F90, line 806
20210928 074704.379 INFO             PET2 Finalizing ESMF
20210928 074641.353 INFO             PET3 !!!!!!!!!!!!!!!!!!!!!!!!!!!!!!!!!!!!!!!!!!!!!!!!!!!!!!
20210928 074641.353 INFO             PET3 !!! THE ESMF_LOG IS SET TO OUTPUT ALL LOG MESSAGES !!!
20210928 074641.353 INFO             PET3 !!!     THIS MAY CAUSE SLOWDOWN IN PERFORMANCE     !!!
20210928 074641.353 INFO             PET3 !!! FOR PRODUCTION RUNS, USE:                      !!!
20210928 074641.353 INFO             PET3 !!!                   ESMF_LOGKIND_Multi_On_Error  !!!
20210928 074641.353 INFO             PET3 !!!!!!!!!!!!!!!!!!!!!!!!!!!!!!!!!!!!!!!!!!!!!!!!!!!!!!
20210928 074641.353 INFO             PET3 Running with ESMF Version   : ESMF_8_2_0_beta_snapshot_19-14-gd25d680
20210928 074641.353 INFO             PET3 ESMF library build date/time: "Sep 28 2021" "03:12:29"
20210928 074641.353 INFO             PET3 ESMF library build location : /work/noaa/da/mpotts/sandbox/intel_2020_intelmpi_g_develop
20210928 074641.353 INFO             PET3 ESMF_COMM                   : intelmpi
20210928 074641.364 INFO             PET3 ESMF_MOAB                   : enabled
20210928 074641.364 INFO             PET3 ESMF_LAPACK                 : enabled
20210928 074641.364 INFO             PET3 ESMF_NETCDF                 : enabled
20210928 074641.364 INFO             PET3 ESMF_PNETCDF                : disabled
20210928 074641.364 INFO             PET3 ESMF_PIO                    : enabled
20210928 074641.364 INFO             PET3 ESMF_YAMLCPP                : enabled
20210928 074653.700 DEBUG            PET3 about to destroy Grid: 0x1ffff10
20210928 074658.502 DEBUG            PET3 about to destroy Grid: 0x2000800
20210928 074704.379 INFO             PET3  NUMBER_OF_PROCESSORS           4
20210928 074704.379 INFO             PET3  PASS  Example ESMF_NUOPCAtmModelEx, ESMF_NUOPCAtmModelEx.F90, line 806
20210928 074704.379 INFO             PET3 Finalizing ESMF
