build time -- 2021-09-28 03:14:13
20210928 073546.593 INFO             PET0 !!!!!!!!!!!!!!!!!!!!!!!!!!!!!!!!!!!!!!!!!!!!!!!!!!!!!!
20210928 073546.593 INFO             PET0 !!! THE ESMF_LOG IS SET TO OUTPUT ALL LOG MESSAGES !!!
20210928 073546.593 INFO             PET0 !!!     THIS MAY CAUSE SLOWDOWN IN PERFORMANCE     !!!
20210928 073546.593 INFO             PET0 !!! FOR PRODUCTION RUNS, USE:                      !!!
20210928 073546.593 INFO             PET0 !!!                   ESMF_LOGKIND_Multi_On_Error  !!!
20210928 073546.593 INFO             PET0 !!!!!!!!!!!!!!!!!!!!!!!!!!!!!!!!!!!!!!!!!!!!!!!!!!!!!!
20210928 073546.593 INFO             PET0 Running with ESMF Version   : ESMF_8_2_0_beta_snapshot_19-14-gd25d680
20210928 073546.593 INFO             PET0 ESMF library build date/time: "Sep 28 2021" "03:12:29"
20210928 073546.593 INFO             PET0 ESMF library build location : /work/noaa/da/mpotts/sandbox/intel_2020_intelmpi_g_develop
20210928 073546.593 INFO             PET0 ESMF_COMM                   : intelmpi
20210928 073546.594 INFO             PET0 ESMF_MOAB                   : enabled
20210928 073546.594 INFO             PET0 ESMF_LAPACK                 : enabled
20210928 073546.594 INFO             PET0 ESMF_NETCDF                 : enabled
20210928 073546.594 INFO             PET0 ESMF_PNETCDF                : disabled
20210928 073546.594 INFO             PET0 ESMF_PIO                    : enabled
20210928 073546.594 INFO             PET0 ESMF_YAMLCPP                : enabled
20210928 073546.595 INFO             PET0  NUMBER_OF_PROCESSORS           1
20210928 073546.595 INFO             PET0  PASS  Example ESMF_TimeIntervalEx, ESMF_TimeIntervalEx.F90, line 176
20210928 073546.595 INFO             PET0 Finalizing ESMF
