build time -- 2021-09-28 03:14:13
20210928 073707.557 INFO             PET0 !!!!!!!!!!!!!!!!!!!!!!!!!!!!!!!!!!!!!!!!!!!!!!!!!!!!!!
20210928 073707.557 INFO             PET0 !!! THE ESMF_LOG IS SET TO OUTPUT ALL LOG MESSAGES !!!
20210928 073707.557 INFO             PET0 !!!     THIS MAY CAUSE SLOWDOWN IN PERFORMANCE     !!!
20210928 073707.557 INFO             PET0 !!! FOR PRODUCTION RUNS, USE:                      !!!
20210928 073707.557 INFO             PET0 !!!                   ESMF_LOGKIND_Multi_On_Error  !!!
20210928 073707.557 INFO             PET0 !!!!!!!!!!!!!!!!!!!!!!!!!!!!!!!!!!!!!!!!!!!!!!!!!!!!!!
20210928 073707.557 INFO             PET0 Running with ESMF Version   : ESMF_8_2_0_beta_snapshot_19-14-gd25d680
20210928 073707.557 INFO             PET0 ESMF library build date/time: "Sep 28 2021" "03:12:29"
20210928 073707.557 INFO             PET0 ESMF library build location : /work/noaa/da/mpotts/sandbox/intel_2020_intelmpi_g_develop
20210928 073707.557 INFO             PET0 ESMF_COMM                   : intelmpi
20210928 073707.558 INFO             PET0 ESMF_MOAB                   : enabled
20210928 073707.558 INFO             PET0 ESMF_LAPACK                 : enabled
20210928 073707.559 INFO             PET0 ESMF_NETCDF                 : enabled
20210928 073707.559 INFO             PET0 ESMF_PNETCDF                : disabled
20210928 073707.559 INFO             PET0 ESMF_PIO                    : enabled
20210928 073707.559 INFO             PET0 ESMF_YAMLCPP                : enabled
20210928 073726.914 INFO             PET0  NUMBER_OF_PROCESSORS           4
20210928 073726.914 INFO             PET0  PASS  Example ESMF_RHandleDynamicMaskingEx, ESMF_RHandleDynamicMaskingEx.F90, line 1116
20210928 073726.914 INFO             PET0 Finalizing ESMF
20210928 073707.557 INFO             PET1 !!!!!!!!!!!!!!!!!!!!!!!!!!!!!!!!!!!!!!!!!!!!!!!!!!!!!!
20210928 073707.557 INFO             PET1 !!! THE ESMF_LOG IS SET TO OUTPUT ALL LOG MESSAGES !!!
20210928 073707.557 INFO             PET1 !!!     THIS MAY CAUSE SLOWDOWN IN PERFORMANCE     !!!
20210928 073707.557 INFO             PET1 !!! FOR PRODUCTION RUNS, USE:                      !!!
20210928 073707.557 INFO             PET1 !!!                   ESMF_LOGKIND_Multi_On_Error  !!!
20210928 073707.557 INFO             PET1 !!!!!!!!!!!!!!!!!!!!!!!!!!!!!!!!!!!!!!!!!!!!!!!!!!!!!!
20210928 073707.557 INFO             PET1 Running with ESMF Version   : ESMF_8_2_0_beta_snapshot_19-14-gd25d680
20210928 073707.557 INFO             PET1 ESMF library build date/time: "Sep 28 2021" "03:12:29"
20210928 073707.557 INFO             PET1 ESMF library build location : /work/noaa/da/mpotts/sandbox/intel_2020_intelmpi_g_develop
20210928 073707.557 INFO             PET1 ESMF_COMM                   : intelmpi
20210928 073707.560 INFO             PET1 ESMF_MOAB                   : enabled
20210928 073707.560 INFO             PET1 ESMF_LAPACK                 : enabled
20210928 073707.560 INFO             PET1 ESMF_NETCDF                 : enabled
20210928 073707.560 INFO             PET1 ESMF_PNETCDF                : disabled
20210928 073707.560 INFO             PET1 ESMF_PIO                    : enabled
20210928 073707.560 INFO             PET1 ESMF_YAMLCPP                : enabled
20210928 073726.914 INFO             PET1  NUMBER_OF_PROCESSORS           4
20210928 073726.914 INFO             PET1  PASS  Example ESMF_RHandleDynamicMaskingEx, ESMF_RHandleDynamicMaskingEx.F90, line 1116
20210928 073726.914 INFO             PET1 Finalizing ESMF
20210928 073707.574 INFO             PET2 !!!!!!!!!!!!!!!!!!!!!!!!!!!!!!!!!!!!!!!!!!!!!!!!!!!!!!
20210928 073707.574 INFO             PET2 !!! THE ESMF_LOG IS SET TO OUTPUT ALL LOG MESSAGES !!!
20210928 073707.574 INFO             PET2 !!!     THIS MAY CAUSE SLOWDOWN IN PERFORMANCE     !!!
20210928 073707.574 INFO             PET2 !!! FOR PRODUCTION RUNS, USE:                      !!!
20210928 073707.574 INFO             PET2 !!!                   ESMF_LOGKIND_Multi_On_Error  !!!
20210928 073707.574 INFO             PET2 !!!!!!!!!!!!!!!!!!!!!!!!!!!!!!!!!!!!!!!!!!!!!!!!!!!!!!
20210928 073707.574 INFO             PET2 Running with ESMF Version   : ESMF_8_2_0_beta_snapshot_19-14-gd25d680
20210928 073707.574 INFO             PET2 ESMF library build date/time: "Sep 28 2021" "03:12:29"
20210928 073707.574 INFO             PET2 ESMF library build location : /work/noaa/da/mpotts/sandbox/intel_2020_intelmpi_g_develop
20210928 073707.574 INFO             PET2 ESMF_COMM                   : intelmpi
20210928 073707.575 INFO             PET2 ESMF_MOAB                   : enabled
20210928 073707.575 INFO             PET2 ESMF_LAPACK                 : enabled
20210928 073707.575 INFO             PET2 ESMF_NETCDF                 : enabled
20210928 073707.575 INFO             PET2 ESMF_PNETCDF                : disabled
20210928 073707.575 INFO             PET2 ESMF_PIO                    : enabled
20210928 073707.575 INFO             PET2 ESMF_YAMLCPP                : enabled
20210928 073726.914 INFO             PET2  NUMBER_OF_PROCESSORS           4
20210928 073726.928 INFO             PET2  PASS  Example ESMF_RHandleDynamicMaskingEx, ESMF_RHandleDynamicMaskingEx.F90, line 1116
20210928 073726.928 INFO             PET2 Finalizing ESMF
20210928 073707.559 INFO             PET3 !!!!!!!!!!!!!!!!!!!!!!!!!!!!!!!!!!!!!!!!!!!!!!!!!!!!!!
20210928 073707.559 INFO             PET3 !!! THE ESMF_LOG IS SET TO OUTPUT ALL LOG MESSAGES !!!
20210928 073707.559 INFO             PET3 !!!     THIS MAY CAUSE SLOWDOWN IN PERFORMANCE     !!!
20210928 073707.559 INFO             PET3 !!! FOR PRODUCTION RUNS, USE:                      !!!
20210928 073707.559 INFO             PET3 !!!                   ESMF_LOGKIND_Multi_On_Error  !!!
20210928 073707.559 INFO             PET3 !!!!!!!!!!!!!!!!!!!!!!!!!!!!!!!!!!!!!!!!!!!!!!!!!!!!!!
20210928 073707.559 INFO             PET3 Running with ESMF Version   : ESMF_8_2_0_beta_snapshot_19-14-gd25d680
20210928 073707.559 INFO             PET3 ESMF library build date/time: "Sep 28 2021" "03:12:29"
20210928 073707.559 INFO             PET3 ESMF library build location : /work/noaa/da/mpotts/sandbox/intel_2020_intelmpi_g_develop
20210928 073707.559 INFO             PET3 ESMF_COMM                   : intelmpi
20210928 073707.571 INFO             PET3 ESMF_MOAB                   : enabled
20210928 073707.571 INFO             PET3 ESMF_LAPACK                 : enabled
20210928 073707.571 INFO             PET3 ESMF_NETCDF                 : enabled
20210928 073707.571 INFO             PET3 ESMF_PNETCDF                : disabled
20210928 073707.571 INFO             PET3 ESMF_PIO                    : enabled
20210928 073707.571 INFO             PET3 ESMF_YAMLCPP                : enabled
20210928 073726.914 INFO             PET3  NUMBER_OF_PROCESSORS           4
20210928 073726.926 INFO             PET3  PASS  Example ESMF_RHandleDynamicMaskingEx, ESMF_RHandleDynamicMaskingEx.F90, line 1116
20210928 073726.927 INFO             PET3 Finalizing ESMF
