build time -- 2021-09-29 02:31:47
20210929 052229.272 INFO             PET0 !!!!!!!!!!!!!!!!!!!!!!!!!!!!!!!!!!!!!!!!!!!!!!!!!!!!!!
20210929 052229.272 INFO             PET0 !!! THE ESMF_LOG IS SET TO OUTPUT ALL LOG MESSAGES !!!
20210929 052229.272 INFO             PET0 !!!     THIS MAY CAUSE SLOWDOWN IN PERFORMANCE     !!!
20210929 052229.272 INFO             PET0 !!! FOR PRODUCTION RUNS, USE:                      !!!
20210929 052229.272 INFO             PET0 !!!                   ESMF_LOGKIND_Multi_On_Error  !!!
20210929 052229.272 INFO             PET0 !!!!!!!!!!!!!!!!!!!!!!!!!!!!!!!!!!!!!!!!!!!!!!!!!!!!!!
20210929 052229.272 INFO             PET0 Running with ESMF Version   : ESMF_8_2_0_beta_snapshot_20
20210929 052229.272 INFO             PET0 ESMF library build date/time: "Sep 29 2021" "02:30:01"
20210929 052229.272 INFO             PET0 ESMF library build location : /work/noaa/da/mpotts/sandbox/intel_2020_intelmpi_g_develop
20210929 052229.272 INFO             PET0 ESMF_COMM                   : intelmpi
20210929 052229.275 INFO             PET0 ESMF_MOAB                   : enabled
20210929 052229.275 INFO             PET0 ESMF_LAPACK                 : enabled
20210929 052229.275 INFO             PET0 ESMF_NETCDF                 : enabled
20210929 052229.275 INFO             PET0 ESMF_PNETCDF                : disabled
20210929 052229.275 INFO             PET0 ESMF_PIO                    : enabled
20210929 052229.275 INFO             PET0 ESMF_YAMLCPP                : enabled
20210929 052229.276 INFO             PET0  NUMBER_OF_PROCESSORS           4
20210929 052229.276 INFO             PET0  PASS  Example ESMF_VMUserMpiCommMultiEx, ESMF_VMUserMpiCommMultiEx.F90, line 126
20210929 052229.276 INFO             PET0 Finalizing ESMF
20210929 052229.275 INFO             PET0 !!!!!!!!!!!!!!!!!!!!!!!!!!!!!!!!!!!!!!!!!!!!!!!!!!!!!!
20210929 052229.275 INFO             PET0 !!! THE ESMF_LOG IS SET TO OUTPUT ALL LOG MESSAGES !!!
20210929 052229.275 INFO             PET0 !!!     THIS MAY CAUSE SLOWDOWN IN PERFORMANCE     !!!
20210929 052229.275 INFO             PET0 !!! FOR PRODUCTION RUNS, USE:                      !!!
20210929 052229.275 INFO             PET0 !!!                   ESMF_LOGKIND_Multi_On_Error  !!!
20210929 052229.275 INFO             PET0 !!!!!!!!!!!!!!!!!!!!!!!!!!!!!!!!!!!!!!!!!!!!!!!!!!!!!!
20210929 052229.275 INFO             PET0 Running with ESMF Version   : ESMF_8_2_0_beta_snapshot_20
20210929 052229.275 INFO             PET0 ESMF library build date/time: "Sep 29 2021" "02:30:01"
20210929 052229.275 INFO             PET0 ESMF library build location : /work/noaa/da/mpotts/sandbox/intel_2020_intelmpi_g_develop
20210929 052229.275 INFO             PET0 ESMF_COMM                   : intelmpi
20210929 052229.276 INFO             PET0 ESMF_MOAB                   : enabled
20210929 052229.276 INFO             PET0 ESMF_LAPACK                 : enabled
20210929 052229.276 INFO             PET0 ESMF_NETCDF                 : enabled
20210929 052229.276 INFO             PET0 ESMF_PNETCDF                : disabled
20210929 052229.276 INFO             PET0 ESMF_PIO                    : enabled
20210929 052229.276 INFO             PET0 ESMF_YAMLCPP                : enabled
20210929 052229.313 INFO             PET0  NUMBER_OF_PROCESSORS           4
20210929 052229.313 INFO             PET0  PASS  Example ESMF_VMUserMpiCommMultiEx, ESMF_VMUserMpiCommMultiEx.F90, line 154
20210929 052229.313 INFO             PET0 Finalizing ESMF
20210929 052229.272 INFO             PET1 !!!!!!!!!!!!!!!!!!!!!!!!!!!!!!!!!!!!!!!!!!!!!!!!!!!!!!
20210929 052229.272 INFO             PET1 !!! THE ESMF_LOG IS SET TO OUTPUT ALL LOG MESSAGES !!!
20210929 052229.272 INFO             PET1 !!!     THIS MAY CAUSE SLOWDOWN IN PERFORMANCE     !!!
20210929 052229.272 INFO             PET1 !!! FOR PRODUCTION RUNS, USE:                      !!!
20210929 052229.272 INFO             PET1 !!!                   ESMF_LOGKIND_Multi_On_Error  !!!
20210929 052229.272 INFO             PET1 !!!!!!!!!!!!!!!!!!!!!!!!!!!!!!!!!!!!!!!!!!!!!!!!!!!!!!
20210929 052229.272 INFO             PET1 Running with ESMF Version   : ESMF_8_2_0_beta_snapshot_20
20210929 052229.272 INFO             PET1 ESMF library build date/time: "Sep 29 2021" "02:30:01"
20210929 052229.272 INFO             PET1 ESMF library build location : /work/noaa/da/mpotts/sandbox/intel_2020_intelmpi_g_develop
20210929 052229.272 INFO             PET1 ESMF_COMM                   : intelmpi
20210929 052229.275 INFO             PET1 ESMF_MOAB                   : enabled
20210929 052229.275 INFO             PET1 ESMF_LAPACK                 : enabled
20210929 052229.275 INFO             PET1 ESMF_NETCDF                 : enabled
20210929 052229.275 INFO             PET1 ESMF_PNETCDF                : disabled
20210929 052229.275 INFO             PET1 ESMF_PIO                    : enabled
20210929 052229.275 INFO             PET1 ESMF_YAMLCPP                : enabled
20210929 052229.276 INFO             PET1  NUMBER_OF_PROCESSORS           4
20210929 052229.276 INFO             PET1  PASS  Example ESMF_VMUserMpiCommMultiEx, ESMF_VMUserMpiCommMultiEx.F90, line 126
20210929 052229.276 INFO             PET1 Finalizing ESMF
20210929 052229.274 INFO             PET1 !!!!!!!!!!!!!!!!!!!!!!!!!!!!!!!!!!!!!!!!!!!!!!!!!!!!!!
20210929 052229.275 INFO             PET1 !!! THE ESMF_LOG IS SET TO OUTPUT ALL LOG MESSAGES !!!
20210929 052229.275 INFO             PET1 !!!     THIS MAY CAUSE SLOWDOWN IN PERFORMANCE     !!!
20210929 052229.275 INFO             PET1 !!! FOR PRODUCTION RUNS, USE:                      !!!
20210929 052229.275 INFO             PET1 !!!                   ESMF_LOGKIND_Multi_On_Error  !!!
20210929 052229.275 INFO             PET1 !!!!!!!!!!!!!!!!!!!!!!!!!!!!!!!!!!!!!!!!!!!!!!!!!!!!!!
20210929 052229.275 INFO             PET1 Running with ESMF Version   : ESMF_8_2_0_beta_snapshot_20
20210929 052229.275 INFO             PET1 ESMF library build date/time: "Sep 29 2021" "02:30:01"
20210929 052229.275 INFO             PET1 ESMF library build location : /work/noaa/da/mpotts/sandbox/intel_2020_intelmpi_g_develop
20210929 052229.275 INFO             PET1 ESMF_COMM                   : intelmpi
20210929 052229.289 INFO             PET1 ESMF_MOAB                   : enabled
20210929 052229.289 INFO             PET1 ESMF_LAPACK                 : enabled
20210929 052229.289 INFO             PET1 ESMF_NETCDF                 : enabled
20210929 052229.289 INFO             PET1 ESMF_PNETCDF                : disabled
20210929 052229.289 INFO             PET1 ESMF_PIO                    : enabled
20210929 052229.289 INFO             PET1 ESMF_YAMLCPP                : enabled
20210929 052229.307 INFO             PET1  NUMBER_OF_PROCESSORS           4
20210929 052229.307 INFO             PET1  PASS  Example ESMF_VMUserMpiCommMultiEx, ESMF_VMUserMpiCommMultiEx.F90, line 154
20210929 052229.307 INFO             PET1 Finalizing ESMF
