build time -- 2021-09-10 04:12:05
20210910 050333.714 INFO             PET0 !!!!!!!!!!!!!!!!!!!!!!!!!!!!!!!!!!!!!!!!!!!!!!!!!!!!!!
20210910 050333.715 INFO             PET0 !!! THE ESMF_LOG IS SET TO OUTPUT ALL LOG MESSAGES !!!
20210910 050333.715 INFO             PET0 !!!     THIS MAY CAUSE SLOWDOWN IN PERFORMANCE     !!!
20210910 050333.715 INFO             PET0 !!! FOR PRODUCTION RUNS, USE:                      !!!
20210910 050333.715 INFO             PET0 !!!                   ESMF_LOGKIND_Multi_On_Error  !!!
20210910 050333.715 INFO             PET0 !!!!!!!!!!!!!!!!!!!!!!!!!!!!!!!!!!!!!!!!!!!!!!!!!!!!!!
20210910 050333.715 INFO             PET0 Running with ESMF Version   : ESMF_8_2_0_beta_snapshot_18-42-gb11ffe5
20210910 050333.715 INFO             PET0 ESMF library build date/time: "Sep 10 2021" "04:09:12"
20210910 050333.715 INFO             PET0 ESMF library build location : /mnt/lfs4/HFIP/hfv3gfs/Mark.Potts/intel_2020.2_mvapich2_O_develop
20210910 050333.715 INFO             PET0 ESMF_COMM                   : mvapich2
20210910 050334.490 INFO             PET0 ESMF_MOAB                   : enabled
20210910 050334.490 INFO             PET0 ESMF_LAPACK                 : enabled
20210910 050334.490 INFO             PET0 ESMF_NETCDF                 : enabled
20210910 050334.490 INFO             PET0 ESMF_PNETCDF                : disabled
20210910 050334.490 INFO             PET0 ESMF_PIO                    : enabled
20210910 050334.490 INFO             PET0 ESMF_YAMLCPP                : enabled
20210910 050334.491 INFO             PET0  NUMBER_OF_PROCESSORS           1
20210910 050334.491 INFO             PET0  PASS  Example ESMF_TimeIntervalEx, ESMF_TimeIntervalEx.F90, line 176
20210910 050334.491 INFO             PET0 Finalizing ESMF
