build time -- 2021-07-23 04:12:19
20210723 051213.843 INFO             PET0 !!!!!!!!!!!!!!!!!!!!!!!!!!!!!!!!!!!!!!!!!!!!!!!!!!!!!!
20210723 051213.843 INFO             PET0 !!! THE ESMF_LOG IS SET TO OUTPUT ALL LOG MESSAGES !!!
20210723 051213.843 INFO             PET0 !!!     THIS MAY CAUSE SLOWDOWN IN PERFORMANCE     !!!
20210723 051213.843 INFO             PET0 !!! FOR PRODUCTION RUNS, USE:                      !!!
20210723 051213.843 INFO             PET0 !!!                   ESMF_LOGKIND_Multi_On_Error  !!!
20210723 051213.843 INFO             PET0 !!!!!!!!!!!!!!!!!!!!!!!!!!!!!!!!!!!!!!!!!!!!!!!!!!!!!!
20210723 051213.843 INFO             PET0 Running with ESMF Version   : ESMF_8_2_0_beta_snapshot_14
20210723 051213.843 INFO             PET0 ESMF library build date/time: "Jul 23 2021" "04:09:26"
20210723 051213.843 INFO             PET0 ESMF library build location : /mnt/lfs4/HFIP/hfv3gfs/Mark.Potts/intel_2020.2_mvapich2_O_develop
20210723 051213.843 INFO             PET0 ESMF_COMM                   : mvapich2
20210723 051213.844 INFO             PET0 ESMF_MOAB                   : enabled
20210723 051213.844 INFO             PET0 ESMF_LAPACK                 : enabled
20210723 051213.844 INFO             PET0 ESMF_NETCDF                 : enabled
20210723 051213.844 INFO             PET0 ESMF_PNETCDF                : disabled
20210723 051213.844 INFO             PET0 ESMF_PIO                    : enabled
20210723 051213.844 INFO             PET0 ESMF_YAMLCPP                : enabled
20210723 051213.845 INFO             PET0  NUMBER_OF_PROCESSORS           1
20210723 051213.845 INFO             PET0  PASS  Example ESMF_TimeEx, ESMF_TimeEx.F90, line 141
20210723 051213.845 INFO             PET0 Finalizing ESMF
