build time -- 2021-08-11 04:15:26
20210811 050713.275 INFO             PET0 !!!!!!!!!!!!!!!!!!!!!!!!!!!!!!!!!!!!!!!!!!!!!!!!!!!!!!
20210811 050713.275 INFO             PET0 !!! THE ESMF_LOG IS SET TO OUTPUT ALL LOG MESSAGES !!!
20210811 050713.275 INFO             PET0 !!!     THIS MAY CAUSE SLOWDOWN IN PERFORMANCE     !!!
20210811 050713.275 INFO             PET0 !!! FOR PRODUCTION RUNS, USE:                      !!!
20210811 050713.275 INFO             PET0 !!!                   ESMF_LOGKIND_Multi_On_Error  !!!
20210811 050713.275 INFO             PET0 !!!!!!!!!!!!!!!!!!!!!!!!!!!!!!!!!!!!!!!!!!!!!!!!!!!!!!
20210811 050713.275 INFO             PET0 Running with ESMF Version   : ESMF_8_2_0_beta_snapshot_15
20210811 050713.275 INFO             PET0 ESMF library build date/time: "Aug 11 2021" "04:12:30"
20210811 050713.275 INFO             PET0 ESMF library build location : /mnt/lfs4/HFIP/hfv3gfs/Mark.Potts/intel_2020.2_mvapich2_O_develop
20210811 050713.275 INFO             PET0 ESMF_COMM                   : mvapich2
20210811 050713.370 INFO             PET0 ESMF_MOAB                   : enabled
20210811 050713.370 INFO             PET0 ESMF_LAPACK                 : enabled
20210811 050713.370 INFO             PET0 ESMF_NETCDF                 : enabled
20210811 050713.370 INFO             PET0 ESMF_PNETCDF                : disabled
20210811 050713.370 INFO             PET0 ESMF_PIO                    : enabled
20210811 050713.370 INFO             PET0 ESMF_YAMLCPP                : enabled
20210811 050713.371 INFO             PET0  NUMBER_OF_PROCESSORS           1
20210811 050713.371 INFO             PET0  PASS  Example ESMF_ClockEx, ESMF_ClockEx.F90, line 220
20210811 050713.371 INFO             PET0 Finalizing ESMF
