build time -- 2021-06-16 04:15:53
20210616 052634.232 INFO             PET0 !!!!!!!!!!!!!!!!!!!!!!!!!!!!!!!!!!!!!!!!!!!!!!!!!!!!!!
20210616 052634.233 INFO             PET0 !!! THE ESMF_LOG IS SET TO OUTPUT ALL LOG MESSAGES !!!
20210616 052634.233 INFO             PET0 !!!     THIS MAY CAUSE SLOWDOWN IN PERFORMANCE     !!!
20210616 052634.233 INFO             PET0 !!! FOR PRODUCTION RUNS, USE:                      !!!
20210616 052634.233 INFO             PET0 !!!                   ESMF_LOGKIND_Multi_On_Error  !!!
20210616 052634.233 INFO             PET0 !!!!!!!!!!!!!!!!!!!!!!!!!!!!!!!!!!!!!!!!!!!!!!!!!!!!!!
20210616 052634.233 INFO             PET0 Running with ESMF Version   : ESMF_8_2_0_beta_snapshot_10-18-gc0f0685
20210616 052634.233 INFO             PET0 ESMF library build date/time: "Jun 16 2021" "04:12:52"
20210616 052634.233 INFO             PET0 ESMF library build location : /mnt/lfs4/HFIP/hfv3gfs/Mark.Potts/intel_2020.2_mvapich2_O_develop
20210616 052634.233 INFO             PET0 ESMF_COMM                   : mvapich2
20210616 052634.234 INFO             PET0 ESMF_MOAB                   : enabled
20210616 052634.234 INFO             PET0 ESMF_LAPACK                 : enabled
20210616 052634.234 INFO             PET0 ESMF_NETCDF                 : enabled
20210616 052634.234 INFO             PET0 ESMF_PNETCDF                : disabled
20210616 052634.234 INFO             PET0 ESMF_PIO                    : enabled
20210616 052634.234 INFO             PET0 ESMF_YAMLCPP                : enabled
20210616 052634.234 INFO             PET0 ESMF Tracing Enabled
20210616 052634.234 INFO             PET0 ESMF Profiling Enabled
20210616 052634.234 INFO             PET0 ESMF Trace/Profile clock: REALTIME
20210616 052634.236 INFO             PET0  NUMBER_OF_PROCESSORS           4
20210616 052634.236 INFO             PET0  PASS  Example ESMF_TraceUserEx, ESMF_TraceUserEx.F90, line 125
20210616 052634.236 INFO             PET0 Finalizing ESMF
20210616 052634.236 INFO             PET0 **************** Region Timings *******************
20210616 052634.236 INFO             PET0 Region              Count  Total (s)   Self (s)    Mean (s)    Min (s)     Max (s)
20210616 052634.236 INFO             PET0   outer_region      1      0.0000      0.0000      0.0000      0.0000      0.0000
20210616 052634.236 INFO             PET0     inner_region_1  10     0.0000      0.0000      0.0000      0.0000      0.0000
20210616 052634.236 INFO             PET0     inner_region_2  10     0.0000      0.0000      0.0000      0.0000      0.0000
20210616 052634.232 INFO             PET1 !!!!!!!!!!!!!!!!!!!!!!!!!!!!!!!!!!!!!!!!!!!!!!!!!!!!!!
20210616 052634.233 INFO             PET1 !!! THE ESMF_LOG IS SET TO OUTPUT ALL LOG MESSAGES !!!
20210616 052634.233 INFO             PET1 !!!     THIS MAY CAUSE SLOWDOWN IN PERFORMANCE     !!!
20210616 052634.233 INFO             PET1 !!! FOR PRODUCTION RUNS, USE:                      !!!
20210616 052634.233 INFO             PET1 !!!                   ESMF_LOGKIND_Multi_On_Error  !!!
20210616 052634.233 INFO             PET1 !!!!!!!!!!!!!!!!!!!!!!!!!!!!!!!!!!!!!!!!!!!!!!!!!!!!!!
20210616 052634.233 INFO             PET1 Running with ESMF Version   : ESMF_8_2_0_beta_snapshot_10-18-gc0f0685
20210616 052634.233 INFO             PET1 ESMF library build date/time: "Jun 16 2021" "04:12:52"
20210616 052634.233 INFO             PET1 ESMF library build location : /mnt/lfs4/HFIP/hfv3gfs/Mark.Potts/intel_2020.2_mvapich2_O_develop
20210616 052634.233 INFO             PET1 ESMF_COMM                   : mvapich2
20210616 052634.234 INFO             PET1 ESMF_MOAB                   : enabled
20210616 052634.234 INFO             PET1 ESMF_LAPACK                 : enabled
20210616 052634.234 INFO             PET1 ESMF_NETCDF                 : enabled
20210616 052634.234 INFO             PET1 ESMF_PNETCDF                : disabled
20210616 052634.234 INFO             PET1 ESMF_PIO                    : enabled
20210616 052634.234 INFO             PET1 ESMF_YAMLCPP                : enabled
20210616 052634.234 INFO             PET1 ESMF Tracing Enabled
20210616 052634.234 INFO             PET1 ESMF Profiling Enabled
20210616 052634.234 INFO             PET1 ESMF Trace/Profile clock: REALTIME
20210616 052634.235 INFO             PET1  NUMBER_OF_PROCESSORS           4
20210616 052634.236 INFO             PET1  PASS  Example ESMF_TraceUserEx, ESMF_TraceUserEx.F90, line 125
20210616 052634.236 INFO             PET1 Finalizing ESMF
20210616 052634.236 INFO             PET1 **************** Region Timings *******************
20210616 052634.236 INFO             PET1 Region              Count  Total (s)   Self (s)    Mean (s)    Min (s)     Max (s)
20210616 052634.236 INFO             PET1   outer_region      1      0.0000      0.0000      0.0000      0.0000      0.0000
20210616 052634.236 INFO             PET1     inner_region_1  10     0.0000      0.0000      0.0000      0.0000      0.0000
20210616 052634.236 INFO             PET1     inner_region_2  10     0.0000      0.0000      0.0000      0.0000      0.0000
20210616 052634.233 INFO             PET2 !!!!!!!!!!!!!!!!!!!!!!!!!!!!!!!!!!!!!!!!!!!!!!!!!!!!!!
20210616 052634.233 INFO             PET2 !!! THE ESMF_LOG IS SET TO OUTPUT ALL LOG MESSAGES !!!
20210616 052634.233 INFO             PET2 !!!     THIS MAY CAUSE SLOWDOWN IN PERFORMANCE     !!!
20210616 052634.233 INFO             PET2 !!! FOR PRODUCTION RUNS, USE:                      !!!
20210616 052634.233 INFO             PET2 !!!                   ESMF_LOGKIND_Multi_On_Error  !!!
20210616 052634.233 INFO             PET2 !!!!!!!!!!!!!!!!!!!!!!!!!!!!!!!!!!!!!!!!!!!!!!!!!!!!!!
20210616 052634.233 INFO             PET2 Running with ESMF Version   : ESMF_8_2_0_beta_snapshot_10-18-gc0f0685
20210616 052634.233 INFO             PET2 ESMF library build date/time: "Jun 16 2021" "04:12:52"
20210616 052634.233 INFO             PET2 ESMF library build location : /mnt/lfs4/HFIP/hfv3gfs/Mark.Potts/intel_2020.2_mvapich2_O_develop
20210616 052634.233 INFO             PET2 ESMF_COMM                   : mvapich2
20210616 052634.234 INFO             PET2 ESMF_MOAB                   : enabled
20210616 052634.234 INFO             PET2 ESMF_LAPACK                 : enabled
20210616 052634.234 INFO             PET2 ESMF_NETCDF                 : enabled
20210616 052634.234 INFO             PET2 ESMF_PNETCDF                : disabled
20210616 052634.234 INFO             PET2 ESMF_PIO                    : enabled
20210616 052634.234 INFO             PET2 ESMF_YAMLCPP                : enabled
20210616 052634.234 INFO             PET2 ESMF Tracing Enabled
20210616 052634.234 INFO             PET2 ESMF Profiling Enabled
20210616 052634.234 INFO             PET2 ESMF Trace/Profile clock: REALTIME
20210616 052634.235 INFO             PET2  NUMBER_OF_PROCESSORS           4
20210616 052634.236 INFO             PET2  PASS  Example ESMF_TraceUserEx, ESMF_TraceUserEx.F90, line 125
20210616 052634.236 INFO             PET2 Finalizing ESMF
20210616 052634.236 INFO             PET2 **************** Region Timings *******************
20210616 052634.236 INFO             PET2 Region              Count  Total (s)   Self (s)    Mean (s)    Min (s)     Max (s)
20210616 052634.236 INFO             PET2   outer_region      1      0.0000      0.0000      0.0000      0.0000      0.0000
20210616 052634.236 INFO             PET2     inner_region_1  10     0.0000      0.0000      0.0000      0.0000      0.0000
20210616 052634.236 INFO             PET2     inner_region_2  10     0.0000      0.0000      0.0000      0.0000      0.0000
20210616 052634.233 INFO             PET3 !!!!!!!!!!!!!!!!!!!!!!!!!!!!!!!!!!!!!!!!!!!!!!!!!!!!!!
20210616 052634.233 INFO             PET3 !!! THE ESMF_LOG IS SET TO OUTPUT ALL LOG MESSAGES !!!
20210616 052634.233 INFO             PET3 !!!     THIS MAY CAUSE SLOWDOWN IN PERFORMANCE     !!!
20210616 052634.233 INFO             PET3 !!! FOR PRODUCTION RUNS, USE:                      !!!
20210616 052634.233 INFO             PET3 !!!                   ESMF_LOGKIND_Multi_On_Error  !!!
20210616 052634.233 INFO             PET3 !!!!!!!!!!!!!!!!!!!!!!!!!!!!!!!!!!!!!!!!!!!!!!!!!!!!!!
20210616 052634.233 INFO             PET3 Running with ESMF Version   : ESMF_8_2_0_beta_snapshot_10-18-gc0f0685
20210616 052634.233 INFO             PET3 ESMF library build date/time: "Jun 16 2021" "04:12:52"
20210616 052634.233 INFO             PET3 ESMF library build location : /mnt/lfs4/HFIP/hfv3gfs/Mark.Potts/intel_2020.2_mvapich2_O_develop
20210616 052634.233 INFO             PET3 ESMF_COMM                   : mvapich2
20210616 052634.234 INFO             PET3 ESMF_MOAB                   : enabled
20210616 052634.234 INFO             PET3 ESMF_LAPACK                 : enabled
20210616 052634.234 INFO             PET3 ESMF_NETCDF                 : enabled
20210616 052634.234 INFO             PET3 ESMF_PNETCDF                : disabled
20210616 052634.234 INFO             PET3 ESMF_PIO                    : enabled
20210616 052634.234 INFO             PET3 ESMF_YAMLCPP                : enabled
20210616 052634.234 INFO             PET3 ESMF Tracing Enabled
20210616 052634.234 INFO             PET3 ESMF Profiling Enabled
20210616 052634.234 INFO             PET3 ESMF Trace/Profile clock: REALTIME
20210616 052634.235 INFO             PET3  NUMBER_OF_PROCESSORS           4
20210616 052634.236 INFO             PET3  PASS  Example ESMF_TraceUserEx, ESMF_TraceUserEx.F90, line 125
20210616 052634.236 INFO             PET3 Finalizing ESMF
20210616 052634.236 INFO             PET3 **************** Region Timings *******************
20210616 052634.236 INFO             PET3 Region              Count  Total (s)   Self (s)    Mean (s)    Min (s)     Max (s)
20210616 052634.236 INFO             PET3   outer_region      1      0.0000      0.0000      0.0000      0.0000      0.0000
20210616 052634.236 INFO             PET3     inner_region_1  10     0.0000      0.0000      0.0000      0.0000      0.0000
20210616 052634.236 INFO             PET3     inner_region_2  10     0.0000      0.0000      0.0000      0.0000      0.0000
