build time -- 2021-05-18 04:16:29
20210518 050958.950 INFO             PET0 !!!!!!!!!!!!!!!!!!!!!!!!!!!!!!!!!!!!!!!!!!!!!!!!!!!!!!
20210518 050958.950 INFO             PET0 !!! THE ESMF_LOG IS SET TO OUTPUT ALL LOG MESSAGES !!!
20210518 050958.950 INFO             PET0 !!!     THIS MAY CAUSE SLOWDOWN IN PERFORMANCE     !!!
20210518 050958.950 INFO             PET0 !!! FOR PRODUCTION RUNS, USE:                      !!!
20210518 050958.950 INFO             PET0 !!!                   ESMF_LOGKIND_Multi_On_Error  !!!
20210518 050958.950 INFO             PET0 !!!!!!!!!!!!!!!!!!!!!!!!!!!!!!!!!!!!!!!!!!!!!!!!!!!!!!
20210518 050958.950 INFO             PET0 Running with ESMF Version   : ESMF_8_2_0_beta_snapshot_07-3-g7969da3
20210518 050958.950 INFO             PET0 ESMF library build date/time: "May 18 2021" "04:13:17"
20210518 050958.950 INFO             PET0 ESMF library build location : /mnt/lfs4/HFIP/hfv3gfs/Mark.Potts/intel_2020.2_mvapich2_O_develop
20210518 050958.950 INFO             PET0 ESMF_COMM                   : mvapich2
20210518 051001.067 INFO             PET0 ESMF_MOAB                   : enabled
20210518 051001.067 INFO             PET0 ESMF_LAPACK                 : enabled
20210518 051001.067 INFO             PET0 ESMF_NETCDF                 : enabled
20210518 051001.067 INFO             PET0 ESMF_PNETCDF                : disabled
20210518 051001.067 INFO             PET0 ESMF_PIO                    : enabled
20210518 051001.067 INFO             PET0 ESMF_YAMLCPP                : enabled
20210518 051001.068 INFO             PET0  NUMBER_OF_PROCESSORS           1
20210518 051001.068 INFO             PET0  PASS  Example CalendarEx, ESMF_CalendarEx.F90, line 217
20210518 051001.068 INFO             PET0 Finalizing ESMF
