build time -- 2021-05-31 04:16:45
20210531 051539.286 INFO             PET0 !!!!!!!!!!!!!!!!!!!!!!!!!!!!!!!!!!!!!!!!!!!!!!!!!!!!!!
20210531 051539.286 INFO             PET0 !!! THE ESMF_LOG IS SET TO OUTPUT ALL LOG MESSAGES !!!
20210531 051539.286 INFO             PET0 !!!     THIS MAY CAUSE SLOWDOWN IN PERFORMANCE     !!!
20210531 051539.286 INFO             PET0 !!! FOR PRODUCTION RUNS, USE:                      !!!
20210531 051539.286 INFO             PET0 !!!                   ESMF_LOGKIND_Multi_On_Error  !!!
20210531 051539.286 INFO             PET0 !!!!!!!!!!!!!!!!!!!!!!!!!!!!!!!!!!!!!!!!!!!!!!!!!!!!!!
20210531 051539.286 INFO             PET0 Running with ESMF Version   : ESMF_8_2_0_beta_snapshot_10-3-g469be43
20210531 051539.286 INFO             PET0 ESMF library build date/time: "May 31 2021" "04:13:42"
20210531 051539.286 INFO             PET0 ESMF library build location : /mnt/lfs4/HFIP/hfv3gfs/Mark.Potts/intel_2020.2_mvapich2_O_develop
20210531 051539.286 INFO             PET0 ESMF_COMM                   : mvapich2
20210531 051539.327 INFO             PET0 ESMF_MOAB                   : enabled
20210531 051539.327 INFO             PET0 ESMF_LAPACK                 : enabled
20210531 051539.327 INFO             PET0 ESMF_NETCDF                 : enabled
20210531 051539.327 INFO             PET0 ESMF_PNETCDF                : disabled
20210531 051539.327 INFO             PET0 ESMF_PIO                    : enabled
20210531 051539.327 INFO             PET0 ESMF_YAMLCPP                : enabled
20210531 051539.329 INFO             PET0  NUMBER_OF_PROCESSORS           4
20210531 051539.329 INFO             PET0  PASS  Example ESMF_FieldCommEx, ESMF_FieldCommEx.F90, line 258
20210531 051539.329 INFO             PET0 Finalizing ESMF
20210531 051539.286 INFO             PET1 !!!!!!!!!!!!!!!!!!!!!!!!!!!!!!!!!!!!!!!!!!!!!!!!!!!!!!
20210531 051539.287 INFO             PET1 !!! THE ESMF_LOG IS SET TO OUTPUT ALL LOG MESSAGES !!!
20210531 051539.287 INFO             PET1 !!!     THIS MAY CAUSE SLOWDOWN IN PERFORMANCE     !!!
20210531 051539.287 INFO             PET1 !!! FOR PRODUCTION RUNS, USE:                      !!!
20210531 051539.287 INFO             PET1 !!!                   ESMF_LOGKIND_Multi_On_Error  !!!
20210531 051539.287 INFO             PET1 !!!!!!!!!!!!!!!!!!!!!!!!!!!!!!!!!!!!!!!!!!!!!!!!!!!!!!
20210531 051539.287 INFO             PET1 Running with ESMF Version   : ESMF_8_2_0_beta_snapshot_10-3-g469be43
20210531 051539.287 INFO             PET1 ESMF library build date/time: "May 31 2021" "04:13:42"
20210531 051539.287 INFO             PET1 ESMF library build location : /mnt/lfs4/HFIP/hfv3gfs/Mark.Potts/intel_2020.2_mvapich2_O_develop
20210531 051539.287 INFO             PET1 ESMF_COMM                   : mvapich2
20210531 051539.288 INFO             PET1 ESMF_MOAB                   : enabled
20210531 051539.288 INFO             PET1 ESMF_LAPACK                 : enabled
20210531 051539.288 INFO             PET1 ESMF_NETCDF                 : enabled
20210531 051539.288 INFO             PET1 ESMF_PNETCDF                : disabled
20210531 051539.288 INFO             PET1 ESMF_PIO                    : enabled
20210531 051539.288 INFO             PET1 ESMF_YAMLCPP                : enabled
20210531 051539.329 INFO             PET1  NUMBER_OF_PROCESSORS           4
20210531 051539.329 INFO             PET1  PASS  Example ESMF_FieldCommEx, ESMF_FieldCommEx.F90, line 258
20210531 051539.329 INFO             PET1 Finalizing ESMF
20210531 051539.286 INFO             PET2 !!!!!!!!!!!!!!!!!!!!!!!!!!!!!!!!!!!!!!!!!!!!!!!!!!!!!!
20210531 051539.286 INFO             PET2 !!! THE ESMF_LOG IS SET TO OUTPUT ALL LOG MESSAGES !!!
20210531 051539.286 INFO             PET2 !!!     THIS MAY CAUSE SLOWDOWN IN PERFORMANCE     !!!
20210531 051539.286 INFO             PET2 !!! FOR PRODUCTION RUNS, USE:                      !!!
20210531 051539.286 INFO             PET2 !!!                   ESMF_LOGKIND_Multi_On_Error  !!!
20210531 051539.286 INFO             PET2 !!!!!!!!!!!!!!!!!!!!!!!!!!!!!!!!!!!!!!!!!!!!!!!!!!!!!!
20210531 051539.286 INFO             PET2 Running with ESMF Version   : ESMF_8_2_0_beta_snapshot_10-3-g469be43
20210531 051539.286 INFO             PET2 ESMF library build date/time: "May 31 2021" "04:13:42"
20210531 051539.286 INFO             PET2 ESMF library build location : /mnt/lfs4/HFIP/hfv3gfs/Mark.Potts/intel_2020.2_mvapich2_O_develop
20210531 051539.286 INFO             PET2 ESMF_COMM                   : mvapich2
20210531 051539.287 INFO             PET2 ESMF_MOAB                   : enabled
20210531 051539.287 INFO             PET2 ESMF_LAPACK                 : enabled
20210531 051539.287 INFO             PET2 ESMF_NETCDF                 : enabled
20210531 051539.287 INFO             PET2 ESMF_PNETCDF                : disabled
20210531 051539.287 INFO             PET2 ESMF_PIO                    : enabled
20210531 051539.287 INFO             PET2 ESMF_YAMLCPP                : enabled
20210531 051539.329 INFO             PET2  NUMBER_OF_PROCESSORS           4
20210531 051539.329 INFO             PET2  PASS  Example ESMF_FieldCommEx, ESMF_FieldCommEx.F90, line 258
20210531 051539.329 INFO             PET2 Finalizing ESMF
20210531 051539.286 INFO             PET3 !!!!!!!!!!!!!!!!!!!!!!!!!!!!!!!!!!!!!!!!!!!!!!!!!!!!!!
20210531 051539.286 INFO             PET3 !!! THE ESMF_LOG IS SET TO OUTPUT ALL LOG MESSAGES !!!
20210531 051539.286 INFO             PET3 !!!     THIS MAY CAUSE SLOWDOWN IN PERFORMANCE     !!!
20210531 051539.286 INFO             PET3 !!! FOR PRODUCTION RUNS, USE:                      !!!
20210531 051539.286 INFO             PET3 !!!                   ESMF_LOGKIND_Multi_On_Error  !!!
20210531 051539.286 INFO             PET3 !!!!!!!!!!!!!!!!!!!!!!!!!!!!!!!!!!!!!!!!!!!!!!!!!!!!!!
20210531 051539.286 INFO             PET3 Running with ESMF Version   : ESMF_8_2_0_beta_snapshot_10-3-g469be43
20210531 051539.286 INFO             PET3 ESMF library build date/time: "May 31 2021" "04:13:42"
20210531 051539.286 INFO             PET3 ESMF library build location : /mnt/lfs4/HFIP/hfv3gfs/Mark.Potts/intel_2020.2_mvapich2_O_develop
20210531 051539.286 INFO             PET3 ESMF_COMM                   : mvapich2
20210531 051539.287 INFO             PET3 ESMF_MOAB                   : enabled
20210531 051539.287 INFO             PET3 ESMF_LAPACK                 : enabled
20210531 051539.287 INFO             PET3 ESMF_NETCDF                 : enabled
20210531 051539.287 INFO             PET3 ESMF_PNETCDF                : disabled
20210531 051539.287 INFO             PET3 ESMF_PIO                    : enabled
20210531 051539.287 INFO             PET3 ESMF_YAMLCPP                : enabled
20210531 051539.329 INFO             PET3  NUMBER_OF_PROCESSORS           4
20210531 051539.329 INFO             PET3  PASS  Example ESMF_FieldCommEx, ESMF_FieldCommEx.F90, line 258
20210531 051539.329 INFO             PET3 Finalizing ESMF
