build time -- 2021-08-09 16:38:00
20210809 165635.457 INFO             PET0 !!!!!!!!!!!!!!!!!!!!!!!!!!!!!!!!!!!!!!!!!!!!!!!!!!!!!!
20210809 165635.457 INFO             PET0 !!! THE ESMF_LOG IS SET TO OUTPUT ALL LOG MESSAGES !!!
20210809 165635.457 INFO             PET0 !!!     THIS MAY CAUSE SLOWDOWN IN PERFORMANCE     !!!
20210809 165635.457 INFO             PET0 !!! FOR PRODUCTION RUNS, USE:                      !!!
20210809 165635.457 INFO             PET0 !!!                   ESMF_LOGKIND_Multi_On_Error  !!!
20210809 165635.457 INFO             PET0 !!!!!!!!!!!!!!!!!!!!!!!!!!!!!!!!!!!!!!!!!!!!!!!!!!!!!!
20210809 165635.457 INFO             PET0 Running with ESMF Version   : ESMF_8_2_0_beta_snapshot_15
20210809 165635.457 INFO             PET0 ESMF library build date/time: "Aug  9 2021" "16:36:35"
20210809 165635.457 INFO             PET0 ESMF library build location : /lfs/h1/emc/ptmp/Mark.Potts/intel_2019.3_mpi_g_develop
20210809 165635.457 INFO             PET0 ESMF_COMM                   : mpi
20210809 165635.458 INFO             PET0 ESMF_MOAB                   : enabled
20210809 165635.458 INFO             PET0 ESMF_LAPACK                 : enabled
20210809 165635.458 INFO             PET0 ESMF_NETCDF                 : enabled
20210809 165635.458 INFO             PET0 ESMF_PNETCDF                : disabled
20210809 165635.458 INFO             PET0 ESMF_PIO                    : enabled
20210809 165635.458 INFO             PET0 ESMF_YAMLCPP                : enabled
20210809 165635.464 INFO             PET0  NUMBER_OF_PROCESSORS           1
20210809 165635.464 INFO             PET0  PASS  Example ESMF_XGridSparseMatEx, ESMF_XGridSparseMatEx.F90, line 642
20210809 165635.464 INFO             PET0 Finalizing ESMF
