build time -- 2021-08-04 12:58:03
20210804 131734.375 INFO             PET0 !!!!!!!!!!!!!!!!!!!!!!!!!!!!!!!!!!!!!!!!!!!!!!!!!!!!!!
20210804 131734.375 INFO             PET0 !!! THE ESMF_LOG IS SET TO OUTPUT ALL LOG MESSAGES !!!
20210804 131734.375 INFO             PET0 !!!     THIS MAY CAUSE SLOWDOWN IN PERFORMANCE     !!!
20210804 131734.375 INFO             PET0 !!! FOR PRODUCTION RUNS, USE:                      !!!
20210804 131734.375 INFO             PET0 !!!                   ESMF_LOGKIND_Multi_On_Error  !!!
20210804 131734.375 INFO             PET0 !!!!!!!!!!!!!!!!!!!!!!!!!!!!!!!!!!!!!!!!!!!!!!!!!!!!!!
20210804 131734.375 INFO             PET0 Running with ESMF Version   : ESMF_8_2_0_beta_snapshot_14-1-g6ac79f62fc
20210804 131734.375 INFO             PET0 ESMF library build date/time: "Aug  4 2021" "12:56:40"
20210804 131734.375 INFO             PET0 ESMF library build location : /lfs/h1/emc/ptmp/Mark.Potts/intel_2019.3_mpi_g_develop
20210804 131734.375 INFO             PET0 ESMF_COMM                   : mpi
20210804 131734.376 INFO             PET0 ESMF_MOAB                   : enabled
20210804 131734.376 INFO             PET0 ESMF_LAPACK                 : enabled
20210804 131734.376 INFO             PET0 ESMF_NETCDF                 : enabled
20210804 131734.376 INFO             PET0 ESMF_PNETCDF                : disabled
20210804 131734.376 INFO             PET0 ESMF_PIO                    : enabled
20210804 131734.376 INFO             PET0 ESMF_YAMLCPP                : enabled
20210804 131734.422 DEBUG            PET0 about to destroy Grid: 0x229bba0
20210804 131734.428 DEBUG            PET0 about to destroy Grid: 0x229ddc0
20210804 131734.441 INFO             PET0  NUMBER_OF_PROCESSORS           4
20210804 131734.441 INFO             PET0  PASS  Example ESMF_NUOPCAtmModelEx, ESMF_NUOPCAtmModelEx.F90, line 806
20210804 131734.441 INFO             PET0 Finalizing ESMF
20210804 131734.375 INFO             PET1 !!!!!!!!!!!!!!!!!!!!!!!!!!!!!!!!!!!!!!!!!!!!!!!!!!!!!!
20210804 131734.375 INFO             PET1 !!! THE ESMF_LOG IS SET TO OUTPUT ALL LOG MESSAGES !!!
20210804 131734.375 INFO             PET1 !!!     THIS MAY CAUSE SLOWDOWN IN PERFORMANCE     !!!
20210804 131734.375 INFO             PET1 !!! FOR PRODUCTION RUNS, USE:                      !!!
20210804 131734.375 INFO             PET1 !!!                   ESMF_LOGKIND_Multi_On_Error  !!!
20210804 131734.375 INFO             PET1 !!!!!!!!!!!!!!!!!!!!!!!!!!!!!!!!!!!!!!!!!!!!!!!!!!!!!!
20210804 131734.375 INFO             PET1 Running with ESMF Version   : ESMF_8_2_0_beta_snapshot_14-1-g6ac79f62fc
20210804 131734.375 INFO             PET1 ESMF library build date/time: "Aug  4 2021" "12:56:40"
20210804 131734.375 INFO             PET1 ESMF library build location : /lfs/h1/emc/ptmp/Mark.Potts/intel_2019.3_mpi_g_develop
20210804 131734.375 INFO             PET1 ESMF_COMM                   : mpi
20210804 131734.376 INFO             PET1 ESMF_MOAB                   : enabled
20210804 131734.376 INFO             PET1 ESMF_LAPACK                 : enabled
20210804 131734.376 INFO             PET1 ESMF_NETCDF                 : enabled
20210804 131734.376 INFO             PET1 ESMF_PNETCDF                : disabled
20210804 131734.376 INFO             PET1 ESMF_PIO                    : enabled
20210804 131734.376 INFO             PET1 ESMF_YAMLCPP                : enabled
20210804 131734.422 DEBUG            PET1 about to destroy Grid: 0x2007480
20210804 131734.428 DEBUG            PET1 about to destroy Grid: 0x2008300
20210804 131734.441 INFO             PET1  NUMBER_OF_PROCESSORS           4
20210804 131734.441 INFO             PET1  PASS  Example ESMF_NUOPCAtmModelEx, ESMF_NUOPCAtmModelEx.F90, line 806
20210804 131734.441 INFO             PET1 Finalizing ESMF
20210804 131734.374 INFO             PET2 !!!!!!!!!!!!!!!!!!!!!!!!!!!!!!!!!!!!!!!!!!!!!!!!!!!!!!
20210804 131734.375 INFO             PET2 !!! THE ESMF_LOG IS SET TO OUTPUT ALL LOG MESSAGES !!!
20210804 131734.375 INFO             PET2 !!!     THIS MAY CAUSE SLOWDOWN IN PERFORMANCE     !!!
20210804 131734.375 INFO             PET2 !!! FOR PRODUCTION RUNS, USE:                      !!!
20210804 131734.375 INFO             PET2 !!!                   ESMF_LOGKIND_Multi_On_Error  !!!
20210804 131734.375 INFO             PET2 !!!!!!!!!!!!!!!!!!!!!!!!!!!!!!!!!!!!!!!!!!!!!!!!!!!!!!
20210804 131734.375 INFO             PET2 Running with ESMF Version   : ESMF_8_2_0_beta_snapshot_14-1-g6ac79f62fc
20210804 131734.375 INFO             PET2 ESMF library build date/time: "Aug  4 2021" "12:56:40"
20210804 131734.375 INFO             PET2 ESMF library build location : /lfs/h1/emc/ptmp/Mark.Potts/intel_2019.3_mpi_g_develop
20210804 131734.375 INFO             PET2 ESMF_COMM                   : mpi
20210804 131734.375 INFO             PET2 ESMF_MOAB                   : enabled
20210804 131734.375 INFO             PET2 ESMF_LAPACK                 : enabled
20210804 131734.375 INFO             PET2 ESMF_NETCDF                 : enabled
20210804 131734.375 INFO             PET2 ESMF_PNETCDF                : disabled
20210804 131734.375 INFO             PET2 ESMF_PIO                    : enabled
20210804 131734.375 INFO             PET2 ESMF_YAMLCPP                : enabled
20210804 131734.422 DEBUG            PET2 about to destroy Grid: 0x14ad5b0
20210804 131734.428 DEBUG            PET2 about to destroy Grid: 0x14ae430
20210804 131734.441 INFO             PET2  NUMBER_OF_PROCESSORS           4
20210804 131734.441 INFO             PET2  PASS  Example ESMF_NUOPCAtmModelEx, ESMF_NUOPCAtmModelEx.F90, line 806
20210804 131734.441 INFO             PET2 Finalizing ESMF
20210804 131734.374 INFO             PET3 !!!!!!!!!!!!!!!!!!!!!!!!!!!!!!!!!!!!!!!!!!!!!!!!!!!!!!
20210804 131734.375 INFO             PET3 !!! THE ESMF_LOG IS SET TO OUTPUT ALL LOG MESSAGES !!!
20210804 131734.375 INFO             PET3 !!!     THIS MAY CAUSE SLOWDOWN IN PERFORMANCE     !!!
20210804 131734.375 INFO             PET3 !!! FOR PRODUCTION RUNS, USE:                      !!!
20210804 131734.375 INFO             PET3 !!!                   ESMF_LOGKIND_Multi_On_Error  !!!
20210804 131734.375 INFO             PET3 !!!!!!!!!!!!!!!!!!!!!!!!!!!!!!!!!!!!!!!!!!!!!!!!!!!!!!
20210804 131734.375 INFO             PET3 Running with ESMF Version   : ESMF_8_2_0_beta_snapshot_14-1-g6ac79f62fc
20210804 131734.375 INFO             PET3 ESMF library build date/time: "Aug  4 2021" "12:56:40"
20210804 131734.375 INFO             PET3 ESMF library build location : /lfs/h1/emc/ptmp/Mark.Potts/intel_2019.3_mpi_g_develop
20210804 131734.375 INFO             PET3 ESMF_COMM                   : mpi
20210804 131734.376 INFO             PET3 ESMF_MOAB                   : enabled
20210804 131734.376 INFO             PET3 ESMF_LAPACK                 : enabled
20210804 131734.376 INFO             PET3 ESMF_NETCDF                 : enabled
20210804 131734.376 INFO             PET3 ESMF_PNETCDF                : disabled
20210804 131734.376 INFO             PET3 ESMF_PIO                    : enabled
20210804 131734.376 INFO             PET3 ESMF_YAMLCPP                : enabled
20210804 131734.422 DEBUG            PET3 about to destroy Grid: 0x1b7a730
20210804 131734.428 DEBUG            PET3 about to destroy Grid: 0x1b7b5b0
20210804 131734.441 INFO             PET3  NUMBER_OF_PROCESSORS           4
20210804 131734.441 INFO             PET3  PASS  Example ESMF_NUOPCAtmModelEx, ESMF_NUOPCAtmModelEx.F90, line 806
20210804 131734.441 INFO             PET3 Finalizing ESMF
