build time -- 2021-05-04 16:38:05
running test_regrid_from_file
Traceback (most recent call last):
  File "src/ESMF/test/regrid_from_file/regrid_check_driver.py", line 19, in <module>
Traceback (most recent call last):
  File "src/ESMF/test/regrid_from_file/regrid_check_driver.py", line 19, in <module>
    raise ImportError('The ESMF library cannot be found!')
    raise ImportError('The ESMF library cannot be found!')
ImportError: The ESMF library cannot be found!
ImportError: The ESMF library cannot be found!
nid001006.acorn.wcoss2.ncep.noaa.gov: rank 3 exited with code 1
Regrid from file test results: run_regrid_from_file.log
PASS  = 0
FAIL  = 0
SKIP  = 0
run_regrid_from_file.log:
running test_regrid_from_file
Traceback (most recent call last):
  File "src/ESMF/test/regrid_from_file/regrid_check_driver.py", line 19, in <module>
Traceback (most recent call last):
  File "src/ESMF/test/regrid_from_file/regrid_check_driver.py", line 19, in <module>
    raise ImportError('The ESMF library cannot be found!')
    raise ImportError('The ESMF library cannot be found!')
ImportError: The ESMF library cannot be found!
ImportError: The ESMF library cannot be found!
nid001006.acorn.wcoss2.ncep.noaa.gov: rank 3 exited with code 1
Regrid from file test results: run_regrid_from_file.log
PASS  = 0
FAIL  = 0
SKIP  = 0
run_regrid_from_file.log:
