build time -- 2021-05-05 06:56:07
20210505 071743.309 INFO             PET0 !!!!!!!!!!!!!!!!!!!!!!!!!!!!!!!!!!!!!!!!!!!!!!!!!!!!!!
20210505 071743.309 INFO             PET0 !!! THE ESMF_LOG IS SET TO OUTPUT ALL LOG MESSAGES !!!
20210505 071743.309 INFO             PET0 !!!     THIS MAY CAUSE SLOWDOWN IN PERFORMANCE     !!!
20210505 071743.309 INFO             PET0 !!! FOR PRODUCTION RUNS, USE:                      !!!
20210505 071743.309 INFO             PET0 !!!                   ESMF_LOGKIND_Multi_On_Error  !!!
20210505 071743.309 INFO             PET0 !!!!!!!!!!!!!!!!!!!!!!!!!!!!!!!!!!!!!!!!!!!!!!!!!!!!!!
20210505 071743.309 INFO             PET0 Running with ESMF Version   : ESMF_8_2_0_beta_snapshot_06-2-g7cd9acb
20210505 071743.309 INFO             PET0 ESMF library build date/time: "May  5 2021" "06:54:59"
20210505 071743.309 INFO             PET0 ESMF library build location : /p/work1/mpotts/gfortran_7.3.0_mpt_g_develop
20210505 071743.309 INFO             PET0 ESMF_COMM                   : mpt
20210505 071743.310 INFO             PET0 ESMF_MOAB                   : enabled
20210505 071743.310 INFO             PET0 ESMF_LAPACK                 : enabled
20210505 071743.310 INFO             PET0 ESMF_NETCDF                 : enabled
20210505 071743.310 INFO             PET0 ESMF_PNETCDF                : disabled
20210505 071743.310 INFO             PET0 ESMF_PIO                    : enabled
20210505 071743.310 INFO             PET0 ESMF_YAMLCPP                : enabled
20210505 071743.310 INFO             PET0  NUMBER_OF_PROCESSORS           1
20210505 071743.310 INFO             PET0  PASS  Example ESMF_ClockEx, ESMF_ClockEx.F90, line 220
20210505 071743.310 INFO             PET0 Finalizing ESMF
20210505 071743.309 INFO             PET0 !!!!!!!!!!!!!!!!!!!!!!!!!!!!!!!!!!!!!!!!!!!!!!!!!!!!!!
20210505 071743.309 INFO             PET0 !!! THE ESMF_LOG IS SET TO OUTPUT ALL LOG MESSAGES !!!
20210505 071743.309 INFO             PET0 !!!     THIS MAY CAUSE SLOWDOWN IN PERFORMANCE     !!!
20210505 071743.309 INFO             PET0 !!! FOR PRODUCTION RUNS, USE:                      !!!
20210505 071743.309 INFO             PET0 !!!                   ESMF_LOGKIND_Multi_On_Error  !!!
20210505 071743.309 INFO             PET0 !!!!!!!!!!!!!!!!!!!!!!!!!!!!!!!!!!!!!!!!!!!!!!!!!!!!!!
20210505 071743.309 INFO             PET0 Running with ESMF Version   : ESMF_8_2_0_beta_snapshot_06-2-g7cd9acb
20210505 071743.309 INFO             PET0 ESMF library build date/time: "May  5 2021" "06:54:59"
20210505 071743.309 INFO             PET0 ESMF library build location : /p/work1/mpotts/gfortran_7.3.0_mpt_g_develop
20210505 071743.309 INFO             PET0 ESMF_COMM                   : mpt
20210505 071743.310 INFO             PET0 ESMF_MOAB                   : enabled
20210505 071743.310 INFO             PET0 ESMF_LAPACK                 : enabled
20210505 071743.310 INFO             PET0 ESMF_NETCDF                 : enabled
20210505 071743.310 INFO             PET0 ESMF_PNETCDF                : disabled
20210505 071743.310 INFO             PET0 ESMF_PIO                    : enabled
20210505 071743.310 INFO             PET0 ESMF_YAMLCPP                : enabled
20210505 071743.310 INFO             PET0  NUMBER_OF_PROCESSORS           1
20210505 071743.310 INFO             PET0  PASS  Example ESMF_ClockEx, ESMF_ClockEx.F90, line 220
20210505 071743.310 INFO             PET0 Finalizing ESMF
