build time -- 2021-08-05 06:07:16.376277
20210805 065900.203 INFO             PET0 !!!!!!!!!!!!!!!!!!!!!!!!!!!!!!!!!!!!!!!!!!!!!!!!!!!!!!
20210805 065900.203 INFO             PET0 !!! THE ESMF_LOG IS SET TO OUTPUT ALL LOG MESSAGES !!!
20210805 065900.203 INFO             PET0 !!!     THIS MAY CAUSE SLOWDOWN IN PERFORMANCE     !!!
20210805 065900.203 INFO             PET0 !!! FOR PRODUCTION RUNS, USE:                      !!!
20210805 065900.203 INFO             PET0 !!!                   ESMF_LOGKIND_Multi_On_Error  !!!
20210805 065900.203 INFO             PET0 !!!!!!!!!!!!!!!!!!!!!!!!!!!!!!!!!!!!!!!!!!!!!!!!!!!!!!
20210805 065900.203 INFO             PET0 Running with ESMF Version   : ESMF_8_2_0_beta_snapshot_14-2-gb7b64e0d6c
20210805 065900.203 INFO             PET0 ESMF library build date/time: "Aug  5 2021" "06:02:43"
20210805 065900.203 INFO             PET0 ESMF library build location : /glade/scratch/mpotts/intel_18.0.5_mpt_O_develop
20210805 065900.203 INFO             PET0 ESMF_COMM                   : mpt
20210805 065900.203 INFO             PET0 ESMF_MOAB                   : enabled
20210805 065900.203 INFO             PET0 ESMF_LAPACK                 : enabled
20210805 065900.203 INFO             PET0 ESMF_NETCDF                 : enabled
20210805 065900.203 INFO             PET0 ESMF_PNETCDF                : disabled
20210805 065900.203 INFO             PET0 ESMF_PIO                    : enabled
20210805 065900.203 INFO             PET0 ESMF_YAMLCPP                : enabled
20210805 065900.209 INFO             PET0 ESMF_FieldRedistStoreNF(): Just entered routine.
20210805 065900.257 INFO             PET0 ESMF_FieldRedistStoreNF(): Leaving routine.
20210805 065900.259 INFO             PET0  NUMBER_OF_PROCESSORS           4
20210805 065900.259 INFO             PET0  PASS  Example ESMF_RHandleFromRHandleEx, ESMF_RHandleFromRHandleEx.F90, line 660
20210805 065900.259 INFO             PET0 Finalizing ESMF
20210805 065900.203 INFO             PET1 !!!!!!!!!!!!!!!!!!!!!!!!!!!!!!!!!!!!!!!!!!!!!!!!!!!!!!
20210805 065900.203 INFO             PET1 !!! THE ESMF_LOG IS SET TO OUTPUT ALL LOG MESSAGES !!!
20210805 065900.203 INFO             PET1 !!!     THIS MAY CAUSE SLOWDOWN IN PERFORMANCE     !!!
20210805 065900.203 INFO             PET1 !!! FOR PRODUCTION RUNS, USE:                      !!!
20210805 065900.203 INFO             PET1 !!!                   ESMF_LOGKIND_Multi_On_Error  !!!
20210805 065900.203 INFO             PET1 !!!!!!!!!!!!!!!!!!!!!!!!!!!!!!!!!!!!!!!!!!!!!!!!!!!!!!
20210805 065900.203 INFO             PET1 Running with ESMF Version   : ESMF_8_2_0_beta_snapshot_14-2-gb7b64e0d6c
20210805 065900.203 INFO             PET1 ESMF library build date/time: "Aug  5 2021" "06:02:43"
20210805 065900.203 INFO             PET1 ESMF library build location : /glade/scratch/mpotts/intel_18.0.5_mpt_O_develop
20210805 065900.203 INFO             PET1 ESMF_COMM                   : mpt
20210805 065900.203 INFO             PET1 ESMF_MOAB                   : enabled
20210805 065900.203 INFO             PET1 ESMF_LAPACK                 : enabled
20210805 065900.203 INFO             PET1 ESMF_NETCDF                 : enabled
20210805 065900.203 INFO             PET1 ESMF_PNETCDF                : disabled
20210805 065900.203 INFO             PET1 ESMF_PIO                    : enabled
20210805 065900.203 INFO             PET1 ESMF_YAMLCPP                : enabled
20210805 065900.209 INFO             PET1 ESMF_FieldRedistStoreNF(): Just entered routine.
20210805 065900.257 INFO             PET1 ESMF_FieldRedistStoreNF(): Leaving routine.
20210805 065900.259 INFO             PET1  NUMBER_OF_PROCESSORS           4
20210805 065900.259 INFO             PET1  PASS  Example ESMF_RHandleFromRHandleEx, ESMF_RHandleFromRHandleEx.F90, line 660
20210805 065900.259 INFO             PET1 Finalizing ESMF
20210805 065900.204 INFO             PET2 !!!!!!!!!!!!!!!!!!!!!!!!!!!!!!!!!!!!!!!!!!!!!!!!!!!!!!
20210805 065900.204 INFO             PET2 !!! THE ESMF_LOG IS SET TO OUTPUT ALL LOG MESSAGES !!!
20210805 065900.204 INFO             PET2 !!!     THIS MAY CAUSE SLOWDOWN IN PERFORMANCE     !!!
20210805 065900.204 INFO             PET2 !!! FOR PRODUCTION RUNS, USE:                      !!!
20210805 065900.204 INFO             PET2 !!!                   ESMF_LOGKIND_Multi_On_Error  !!!
20210805 065900.204 INFO             PET2 !!!!!!!!!!!!!!!!!!!!!!!!!!!!!!!!!!!!!!!!!!!!!!!!!!!!!!
20210805 065900.204 INFO             PET2 Running with ESMF Version   : ESMF_8_2_0_beta_snapshot_14-2-gb7b64e0d6c
20210805 065900.204 INFO             PET2 ESMF library build date/time: "Aug  5 2021" "06:02:43"
20210805 065900.204 INFO             PET2 ESMF library build location : /glade/scratch/mpotts/intel_18.0.5_mpt_O_develop
20210805 065900.204 INFO             PET2 ESMF_COMM                   : mpt
20210805 065900.205 INFO             PET2 ESMF_MOAB                   : enabled
20210805 065900.205 INFO             PET2 ESMF_LAPACK                 : enabled
20210805 065900.205 INFO             PET2 ESMF_NETCDF                 : enabled
20210805 065900.205 INFO             PET2 ESMF_PNETCDF                : disabled
20210805 065900.205 INFO             PET2 ESMF_PIO                    : enabled
20210805 065900.205 INFO             PET2 ESMF_YAMLCPP                : enabled
20210805 065900.209 INFO             PET2 ESMF_FieldRedistStoreNF(): Just entered routine.
20210805 065900.257 INFO             PET2 ESMF_FieldRedistStoreNF(): Leaving routine.
20210805 065900.258 INFO             PET2  NUMBER_OF_PROCESSORS           4
20210805 065900.258 INFO             PET2  PASS  Example ESMF_RHandleFromRHandleEx, ESMF_RHandleFromRHandleEx.F90, line 660
20210805 065900.258 INFO             PET2 Finalizing ESMF
20210805 065900.203 INFO             PET3 !!!!!!!!!!!!!!!!!!!!!!!!!!!!!!!!!!!!!!!!!!!!!!!!!!!!!!
20210805 065900.203 INFO             PET3 !!! THE ESMF_LOG IS SET TO OUTPUT ALL LOG MESSAGES !!!
20210805 065900.203 INFO             PET3 !!!     THIS MAY CAUSE SLOWDOWN IN PERFORMANCE     !!!
20210805 065900.203 INFO             PET3 !!! FOR PRODUCTION RUNS, USE:                      !!!
20210805 065900.203 INFO             PET3 !!!                   ESMF_LOGKIND_Multi_On_Error  !!!
20210805 065900.203 INFO             PET3 !!!!!!!!!!!!!!!!!!!!!!!!!!!!!!!!!!!!!!!!!!!!!!!!!!!!!!
20210805 065900.203 INFO             PET3 Running with ESMF Version   : ESMF_8_2_0_beta_snapshot_14-2-gb7b64e0d6c
20210805 065900.203 INFO             PET3 ESMF library build date/time: "Aug  5 2021" "06:02:43"
20210805 065900.203 INFO             PET3 ESMF library build location : /glade/scratch/mpotts/intel_18.0.5_mpt_O_develop
20210805 065900.203 INFO             PET3 ESMF_COMM                   : mpt
20210805 065900.203 INFO             PET3 ESMF_MOAB                   : enabled
20210805 065900.203 INFO             PET3 ESMF_LAPACK                 : enabled
20210805 065900.203 INFO             PET3 ESMF_NETCDF                 : enabled
20210805 065900.203 INFO             PET3 ESMF_PNETCDF                : disabled
20210805 065900.203 INFO             PET3 ESMF_PIO                    : enabled
20210805 065900.203 INFO             PET3 ESMF_YAMLCPP                : enabled
20210805 065900.209 INFO             PET3 ESMF_FieldRedistStoreNF(): Just entered routine.
20210805 065900.256 INFO             PET3 ESMF_FieldRedistStoreNF(): Leaving routine.
20210805 065900.260 INFO             PET3  NUMBER_OF_PROCESSORS           4
20210805 065900.260 INFO             PET3  PASS  Example ESMF_RHandleFromRHandleEx, ESMF_RHandleFromRHandleEx.F90, line 660
20210805 065900.260 INFO             PET3 Finalizing ESMF
20210805 065900.203 INFO             PET0 !!!!!!!!!!!!!!!!!!!!!!!!!!!!!!!!!!!!!!!!!!!!!!!!!!!!!!
20210805 065900.203 INFO             PET0 !!! THE ESMF_LOG IS SET TO OUTPUT ALL LOG MESSAGES !!!
20210805 065900.203 INFO             PET0 !!!     THIS MAY CAUSE SLOWDOWN IN PERFORMANCE     !!!
20210805 065900.203 INFO             PET0 !!! FOR PRODUCTION RUNS, USE:                      !!!
20210805 065900.203 INFO             PET0 !!!                   ESMF_LOGKIND_Multi_On_Error  !!!
20210805 065900.203 INFO             PET0 !!!!!!!!!!!!!!!!!!!!!!!!!!!!!!!!!!!!!!!!!!!!!!!!!!!!!!
20210805 065900.203 INFO             PET0 Running with ESMF Version   : ESMF_8_2_0_beta_snapshot_14-2-gb7b64e0d6c
20210805 065900.203 INFO             PET0 ESMF library build date/time: "Aug  5 2021" "06:02:43"
20210805 065900.203 INFO             PET0 ESMF library build location : /glade/scratch/mpotts/intel_18.0.5_mpt_O_develop
20210805 065900.203 INFO             PET0 ESMF_COMM                   : mpt
20210805 065900.203 INFO             PET0 ESMF_MOAB                   : enabled
20210805 065900.203 INFO             PET0 ESMF_LAPACK                 : enabled
20210805 065900.203 INFO             PET0 ESMF_NETCDF                 : enabled
20210805 065900.203 INFO             PET0 ESMF_PNETCDF                : disabled
20210805 065900.203 INFO             PET0 ESMF_PIO                    : enabled
20210805 065900.203 INFO             PET0 ESMF_YAMLCPP                : enabled
20210805 065900.209 INFO             PET0 ESMF_FieldRedistStoreNF(): Just entered routine.
20210805 065900.257 INFO             PET0 ESMF_FieldRedistStoreNF(): Leaving routine.
20210805 065900.259 INFO             PET0  NUMBER_OF_PROCESSORS           4
20210805 065900.259 INFO             PET0  PASS  Example ESMF_RHandleFromRHandleEx, ESMF_RHandleFromRHandleEx.F90, line 660
20210805 065900.259 INFO             PET0 Finalizing ESMF
20210805 065900.203 INFO             PET1 !!!!!!!!!!!!!!!!!!!!!!!!!!!!!!!!!!!!!!!!!!!!!!!!!!!!!!
20210805 065900.203 INFO             PET1 !!! THE ESMF_LOG IS SET TO OUTPUT ALL LOG MESSAGES !!!
20210805 065900.203 INFO             PET1 !!!     THIS MAY CAUSE SLOWDOWN IN PERFORMANCE     !!!
20210805 065900.203 INFO             PET1 !!! FOR PRODUCTION RUNS, USE:                      !!!
20210805 065900.203 INFO             PET1 !!!                   ESMF_LOGKIND_Multi_On_Error  !!!
20210805 065900.203 INFO             PET1 !!!!!!!!!!!!!!!!!!!!!!!!!!!!!!!!!!!!!!!!!!!!!!!!!!!!!!
20210805 065900.203 INFO             PET1 Running with ESMF Version   : ESMF_8_2_0_beta_snapshot_14-2-gb7b64e0d6c
20210805 065900.203 INFO             PET1 ESMF library build date/time: "Aug  5 2021" "06:02:43"
20210805 065900.203 INFO             PET1 ESMF library build location : /glade/scratch/mpotts/intel_18.0.5_mpt_O_develop
20210805 065900.203 INFO             PET1 ESMF_COMM                   : mpt
20210805 065900.203 INFO             PET1 ESMF_MOAB                   : enabled
20210805 065900.203 INFO             PET1 ESMF_LAPACK                 : enabled
20210805 065900.203 INFO             PET1 ESMF_NETCDF                 : enabled
20210805 065900.203 INFO             PET1 ESMF_PNETCDF                : disabled
20210805 065900.203 INFO             PET1 ESMF_PIO                    : enabled
20210805 065900.203 INFO             PET1 ESMF_YAMLCPP                : enabled
20210805 065900.209 INFO             PET1 ESMF_FieldRedistStoreNF(): Just entered routine.
20210805 065900.257 INFO             PET1 ESMF_FieldRedistStoreNF(): Leaving routine.
20210805 065900.259 INFO             PET1  NUMBER_OF_PROCESSORS           4
20210805 065900.259 INFO             PET1  PASS  Example ESMF_RHandleFromRHandleEx, ESMF_RHandleFromRHandleEx.F90, line 660
20210805 065900.259 INFO             PET1 Finalizing ESMF
20210805 065900.204 INFO             PET2 !!!!!!!!!!!!!!!!!!!!!!!!!!!!!!!!!!!!!!!!!!!!!!!!!!!!!!
20210805 065900.204 INFO             PET2 !!! THE ESMF_LOG IS SET TO OUTPUT ALL LOG MESSAGES !!!
20210805 065900.204 INFO             PET2 !!!     THIS MAY CAUSE SLOWDOWN IN PERFORMANCE     !!!
20210805 065900.204 INFO             PET2 !!! FOR PRODUCTION RUNS, USE:                      !!!
20210805 065900.204 INFO             PET2 !!!                   ESMF_LOGKIND_Multi_On_Error  !!!
20210805 065900.204 INFO             PET2 !!!!!!!!!!!!!!!!!!!!!!!!!!!!!!!!!!!!!!!!!!!!!!!!!!!!!!
20210805 065900.204 INFO             PET2 Running with ESMF Version   : ESMF_8_2_0_beta_snapshot_14-2-gb7b64e0d6c
20210805 065900.204 INFO             PET2 ESMF library build date/time: "Aug  5 2021" "06:02:43"
20210805 065900.204 INFO             PET2 ESMF library build location : /glade/scratch/mpotts/intel_18.0.5_mpt_O_develop
20210805 065900.204 INFO             PET2 ESMF_COMM                   : mpt
20210805 065900.205 INFO             PET2 ESMF_MOAB                   : enabled
20210805 065900.205 INFO             PET2 ESMF_LAPACK                 : enabled
20210805 065900.205 INFO             PET2 ESMF_NETCDF                 : enabled
20210805 065900.205 INFO             PET2 ESMF_PNETCDF                : disabled
20210805 065900.205 INFO             PET2 ESMF_PIO                    : enabled
20210805 065900.205 INFO             PET2 ESMF_YAMLCPP                : enabled
20210805 065900.209 INFO             PET2 ESMF_FieldRedistStoreNF(): Just entered routine.
20210805 065900.257 INFO             PET2 ESMF_FieldRedistStoreNF(): Leaving routine.
20210805 065900.258 INFO             PET2  NUMBER_OF_PROCESSORS           4
20210805 065900.258 INFO             PET2  PASS  Example ESMF_RHandleFromRHandleEx, ESMF_RHandleFromRHandleEx.F90, line 660
20210805 065900.258 INFO             PET2 Finalizing ESMF
20210805 065900.203 INFO             PET3 !!!!!!!!!!!!!!!!!!!!!!!!!!!!!!!!!!!!!!!!!!!!!!!!!!!!!!
20210805 065900.203 INFO             PET3 !!! THE ESMF_LOG IS SET TO OUTPUT ALL LOG MESSAGES !!!
20210805 065900.203 INFO             PET3 !!!     THIS MAY CAUSE SLOWDOWN IN PERFORMANCE     !!!
20210805 065900.203 INFO             PET3 !!! FOR PRODUCTION RUNS, USE:                      !!!
20210805 065900.203 INFO             PET3 !!!                   ESMF_LOGKIND_Multi_On_Error  !!!
20210805 065900.203 INFO             PET3 !!!!!!!!!!!!!!!!!!!!!!!!!!!!!!!!!!!!!!!!!!!!!!!!!!!!!!
20210805 065900.203 INFO             PET3 Running with ESMF Version   : ESMF_8_2_0_beta_snapshot_14-2-gb7b64e0d6c
20210805 065900.203 INFO             PET3 ESMF library build date/time: "Aug  5 2021" "06:02:43"
20210805 065900.203 INFO             PET3 ESMF library build location : /glade/scratch/mpotts/intel_18.0.5_mpt_O_develop
20210805 065900.203 INFO             PET3 ESMF_COMM                   : mpt
20210805 065900.203 INFO             PET3 ESMF_MOAB                   : enabled
20210805 065900.203 INFO             PET3 ESMF_LAPACK                 : enabled
20210805 065900.203 INFO             PET3 ESMF_NETCDF                 : enabled
20210805 065900.203 INFO             PET3 ESMF_PNETCDF                : disabled
20210805 065900.203 INFO             PET3 ESMF_PIO                    : enabled
20210805 065900.203 INFO             PET3 ESMF_YAMLCPP                : enabled
20210805 065900.209 INFO             PET3 ESMF_FieldRedistStoreNF(): Just entered routine.
20210805 065900.256 INFO             PET3 ESMF_FieldRedistStoreNF(): Leaving routine.
20210805 065900.260 INFO             PET3  NUMBER_OF_PROCESSORS           4
20210805 065900.260 INFO             PET3  PASS  Example ESMF_RHandleFromRHandleEx, ESMF_RHandleFromRHandleEx.F90, line 660
20210805 065900.260 INFO             PET3 Finalizing ESMF
