build time -- 2021-08-01 06:07:26.302526
20210801 070354.933 INFO             PET0 !!!!!!!!!!!!!!!!!!!!!!!!!!!!!!!!!!!!!!!!!!!!!!!!!!!!!!
20210801 070354.933 INFO             PET0 !!! THE ESMF_LOG IS SET TO OUTPUT ALL LOG MESSAGES !!!
20210801 070354.933 INFO             PET0 !!!     THIS MAY CAUSE SLOWDOWN IN PERFORMANCE     !!!
20210801 070354.933 INFO             PET0 !!! FOR PRODUCTION RUNS, USE:                      !!!
20210801 070354.933 INFO             PET0 !!!                   ESMF_LOGKIND_Multi_On_Error  !!!
20210801 070354.933 INFO             PET0 !!!!!!!!!!!!!!!!!!!!!!!!!!!!!!!!!!!!!!!!!!!!!!!!!!!!!!
20210801 070354.933 INFO             PET0 Running with ESMF Version   : ESMF_8_2_0_beta_snapshot_14-1-g6ac79f62fc
20210801 070354.933 INFO             PET0 ESMF library build date/time: "Aug  1 2021" "06:03:00"
20210801 070354.933 INFO             PET0 ESMF library build location : /glade/scratch/mpotts/intel_18.0.5_mpt_O_develop
20210801 070354.933 INFO             PET0 ESMF_COMM                   : mpt
20210801 070354.933 INFO             PET0 ESMF_MOAB                   : enabled
20210801 070354.933 INFO             PET0 ESMF_LAPACK                 : enabled
20210801 070354.933 INFO             PET0 ESMF_NETCDF                 : enabled
20210801 070354.933 INFO             PET0 ESMF_PNETCDF                : disabled
20210801 070354.933 INFO             PET0 ESMF_PIO                    : enabled
20210801 070354.933 INFO             PET0 ESMF_YAMLCPP                : enabled
20210801 070354.974 DEBUG            PET0 about to destroy Grid: 0x24337d0
20210801 070354.978 DEBUG            PET0 about to destroy Grid: 0x2436890
20210801 070354.989 INFO             PET0  NUMBER_OF_PROCESSORS           4
20210801 070354.989 INFO             PET0  PASS  Example ESMF_NUOPCAtmModelEx, ESMF_NUOPCAtmModelEx.F90, line 806
20210801 070354.989 INFO             PET0 Finalizing ESMF
20210801 070354.933 INFO             PET1 !!!!!!!!!!!!!!!!!!!!!!!!!!!!!!!!!!!!!!!!!!!!!!!!!!!!!!
20210801 070354.933 INFO             PET1 !!! THE ESMF_LOG IS SET TO OUTPUT ALL LOG MESSAGES !!!
20210801 070354.933 INFO             PET1 !!!     THIS MAY CAUSE SLOWDOWN IN PERFORMANCE     !!!
20210801 070354.933 INFO             PET1 !!! FOR PRODUCTION RUNS, USE:                      !!!
20210801 070354.933 INFO             PET1 !!!                   ESMF_LOGKIND_Multi_On_Error  !!!
20210801 070354.933 INFO             PET1 !!!!!!!!!!!!!!!!!!!!!!!!!!!!!!!!!!!!!!!!!!!!!!!!!!!!!!
20210801 070354.933 INFO             PET1 Running with ESMF Version   : ESMF_8_2_0_beta_snapshot_14-1-g6ac79f62fc
20210801 070354.933 INFO             PET1 ESMF library build date/time: "Aug  1 2021" "06:03:00"
20210801 070354.933 INFO             PET1 ESMF library build location : /glade/scratch/mpotts/intel_18.0.5_mpt_O_develop
20210801 070354.933 INFO             PET1 ESMF_COMM                   : mpt
20210801 070354.933 INFO             PET1 ESMF_MOAB                   : enabled
20210801 070354.933 INFO             PET1 ESMF_LAPACK                 : enabled
20210801 070354.933 INFO             PET1 ESMF_NETCDF                 : enabled
20210801 070354.933 INFO             PET1 ESMF_PNETCDF                : disabled
20210801 070354.933 INFO             PET1 ESMF_PIO                    : enabled
20210801 070354.933 INFO             PET1 ESMF_YAMLCPP                : enabled
20210801 070354.974 DEBUG            PET1 about to destroy Grid: 0x24367d0
20210801 070354.978 DEBUG            PET1 about to destroy Grid: 0x2437650
20210801 070354.989 INFO             PET1  NUMBER_OF_PROCESSORS           4
20210801 070354.989 INFO             PET1  PASS  Example ESMF_NUOPCAtmModelEx, ESMF_NUOPCAtmModelEx.F90, line 806
20210801 070354.989 INFO             PET1 Finalizing ESMF
20210801 070354.933 INFO             PET2 !!!!!!!!!!!!!!!!!!!!!!!!!!!!!!!!!!!!!!!!!!!!!!!!!!!!!!
20210801 070354.933 INFO             PET2 !!! THE ESMF_LOG IS SET TO OUTPUT ALL LOG MESSAGES !!!
20210801 070354.933 INFO             PET2 !!!     THIS MAY CAUSE SLOWDOWN IN PERFORMANCE     !!!
20210801 070354.933 INFO             PET2 !!! FOR PRODUCTION RUNS, USE:                      !!!
20210801 070354.933 INFO             PET2 !!!                   ESMF_LOGKIND_Multi_On_Error  !!!
20210801 070354.933 INFO             PET2 !!!!!!!!!!!!!!!!!!!!!!!!!!!!!!!!!!!!!!!!!!!!!!!!!!!!!!
20210801 070354.933 INFO             PET2 Running with ESMF Version   : ESMF_8_2_0_beta_snapshot_14-1-g6ac79f62fc
20210801 070354.933 INFO             PET2 ESMF library build date/time: "Aug  1 2021" "06:03:00"
20210801 070354.933 INFO             PET2 ESMF library build location : /glade/scratch/mpotts/intel_18.0.5_mpt_O_develop
20210801 070354.933 INFO             PET2 ESMF_COMM                   : mpt
20210801 070354.933 INFO             PET2 ESMF_MOAB                   : enabled
20210801 070354.933 INFO             PET2 ESMF_LAPACK                 : enabled
20210801 070354.933 INFO             PET2 ESMF_NETCDF                 : enabled
20210801 070354.933 INFO             PET2 ESMF_PNETCDF                : disabled
20210801 070354.933 INFO             PET2 ESMF_PIO                    : enabled
20210801 070354.933 INFO             PET2 ESMF_YAMLCPP                : enabled
20210801 070354.974 DEBUG            PET2 about to destroy Grid: 0x2436850
20210801 070354.978 DEBUG            PET2 about to destroy Grid: 0x24376d0
20210801 070354.989 INFO             PET2  NUMBER_OF_PROCESSORS           4
20210801 070354.989 INFO             PET2  PASS  Example ESMF_NUOPCAtmModelEx, ESMF_NUOPCAtmModelEx.F90, line 806
20210801 070354.989 INFO             PET2 Finalizing ESMF
20210801 070354.933 INFO             PET3 !!!!!!!!!!!!!!!!!!!!!!!!!!!!!!!!!!!!!!!!!!!!!!!!!!!!!!
20210801 070354.933 INFO             PET3 !!! THE ESMF_LOG IS SET TO OUTPUT ALL LOG MESSAGES !!!
20210801 070354.933 INFO             PET3 !!!     THIS MAY CAUSE SLOWDOWN IN PERFORMANCE     !!!
20210801 070354.933 INFO             PET3 !!! FOR PRODUCTION RUNS, USE:                      !!!
20210801 070354.933 INFO             PET3 !!!                   ESMF_LOGKIND_Multi_On_Error  !!!
20210801 070354.933 INFO             PET3 !!!!!!!!!!!!!!!!!!!!!!!!!!!!!!!!!!!!!!!!!!!!!!!!!!!!!!
20210801 070354.933 INFO             PET3 Running with ESMF Version   : ESMF_8_2_0_beta_snapshot_14-1-g6ac79f62fc
20210801 070354.933 INFO             PET3 ESMF library build date/time: "Aug  1 2021" "06:03:00"
20210801 070354.933 INFO             PET3 ESMF library build location : /glade/scratch/mpotts/intel_18.0.5_mpt_O_develop
20210801 070354.933 INFO             PET3 ESMF_COMM                   : mpt
20210801 070354.933 INFO             PET3 ESMF_MOAB                   : enabled
20210801 070354.933 INFO             PET3 ESMF_LAPACK                 : enabled
20210801 070354.933 INFO             PET3 ESMF_NETCDF                 : enabled
20210801 070354.933 INFO             PET3 ESMF_PNETCDF                : disabled
20210801 070354.933 INFO             PET3 ESMF_PIO                    : enabled
20210801 070354.933 INFO             PET3 ESMF_YAMLCPP                : enabled
20210801 070354.974 DEBUG            PET3 about to destroy Grid: 0x2436910
20210801 070354.978 DEBUG            PET3 about to destroy Grid: 0x2437790
20210801 070354.989 INFO             PET3  NUMBER_OF_PROCESSORS           4
20210801 070354.989 INFO             PET3  PASS  Example ESMF_NUOPCAtmModelEx, ESMF_NUOPCAtmModelEx.F90, line 806
20210801 070354.989 INFO             PET3 Finalizing ESMF
