build time -- 2021-08-27 06:08:17.770328
20210827 065947.348 INFO             PET0 !!!!!!!!!!!!!!!!!!!!!!!!!!!!!!!!!!!!!!!!!!!!!!!!!!!!!!
20210827 065947.348 INFO             PET0 !!! THE ESMF_LOG IS SET TO OUTPUT ALL LOG MESSAGES !!!
20210827 065947.348 INFO             PET0 !!!     THIS MAY CAUSE SLOWDOWN IN PERFORMANCE     !!!
20210827 065947.348 INFO             PET0 !!! FOR PRODUCTION RUNS, USE:                      !!!
20210827 065947.348 INFO             PET0 !!!                   ESMF_LOGKIND_Multi_On_Error  !!!
20210827 065947.348 INFO             PET0 !!!!!!!!!!!!!!!!!!!!!!!!!!!!!!!!!!!!!!!!!!!!!!!!!!!!!!
20210827 065947.348 INFO             PET0 Running with ESMF Version   : ESMF_8_2_0_beta_snapshot_17-7-gf801d9b295
20210827 065947.348 INFO             PET0 ESMF library build date/time: "Aug 27 2021" "06:03:46"
20210827 065947.348 INFO             PET0 ESMF library build location : /glade/scratch/mpotts/intel_18.0.5_mpt_O_develop
20210827 065947.348 INFO             PET0 ESMF_COMM                   : mpt
20210827 065947.348 INFO             PET0 ESMF_MOAB                   : enabled
20210827 065947.348 INFO             PET0 ESMF_LAPACK                 : enabled
20210827 065947.348 INFO             PET0 ESMF_NETCDF                 : enabled
20210827 065947.348 INFO             PET0 ESMF_PNETCDF                : disabled
20210827 065947.348 INFO             PET0 ESMF_PIO                    : enabled
20210827 065947.348 INFO             PET0 ESMF_YAMLCPP                : enabled
20210827 065947.348 INFO             PET0  NUMBER_OF_PROCESSORS           1
20210827 065947.348 INFO             PET0  PASS  Example ESMF_TimeIntervalEx, ESMF_TimeIntervalEx.F90, line 176
20210827 065947.348 INFO             PET0 Finalizing ESMF
20210827 065947.348 INFO             PET0 !!!!!!!!!!!!!!!!!!!!!!!!!!!!!!!!!!!!!!!!!!!!!!!!!!!!!!
20210827 065947.348 INFO             PET0 !!! THE ESMF_LOG IS SET TO OUTPUT ALL LOG MESSAGES !!!
20210827 065947.348 INFO             PET0 !!!     THIS MAY CAUSE SLOWDOWN IN PERFORMANCE     !!!
20210827 065947.348 INFO             PET0 !!! FOR PRODUCTION RUNS, USE:                      !!!
20210827 065947.348 INFO             PET0 !!!                   ESMF_LOGKIND_Multi_On_Error  !!!
20210827 065947.348 INFO             PET0 !!!!!!!!!!!!!!!!!!!!!!!!!!!!!!!!!!!!!!!!!!!!!!!!!!!!!!
20210827 065947.348 INFO             PET0 Running with ESMF Version   : ESMF_8_2_0_beta_snapshot_17-7-gf801d9b295
20210827 065947.348 INFO             PET0 ESMF library build date/time: "Aug 27 2021" "06:03:46"
20210827 065947.348 INFO             PET0 ESMF library build location : /glade/scratch/mpotts/intel_18.0.5_mpt_O_develop
20210827 065947.348 INFO             PET0 ESMF_COMM                   : mpt
20210827 065947.348 INFO             PET0 ESMF_MOAB                   : enabled
20210827 065947.348 INFO             PET0 ESMF_LAPACK                 : enabled
20210827 065947.348 INFO             PET0 ESMF_NETCDF                 : enabled
20210827 065947.348 INFO             PET0 ESMF_PNETCDF                : disabled
20210827 065947.348 INFO             PET0 ESMF_PIO                    : enabled
20210827 065947.348 INFO             PET0 ESMF_YAMLCPP                : enabled
20210827 065947.348 INFO             PET0  NUMBER_OF_PROCESSORS           1
20210827 065947.348 INFO             PET0  PASS  Example ESMF_TimeIntervalEx, ESMF_TimeIntervalEx.F90, line 176
20210827 065947.348 INFO             PET0 Finalizing ESMF
