build time -- 2021-06-28 06:00:15.365360
20210628 064224.540 INFO             PET0 !!!!!!!!!!!!!!!!!!!!!!!!!!!!!!!!!!!!!!!!!!!!!!!!!!!!!!
20210628 064224.541 INFO             PET0 !!! THE ESMF_LOG IS SET TO OUTPUT ALL LOG MESSAGES !!!
20210628 064224.541 INFO             PET0 !!!     THIS MAY CAUSE SLOWDOWN IN PERFORMANCE     !!!
20210628 064224.541 INFO             PET0 !!! FOR PRODUCTION RUNS, USE:                      !!!
20210628 064224.541 INFO             PET0 !!!                   ESMF_LOGKIND_Multi_On_Error  !!!
20210628 064224.541 INFO             PET0 !!!!!!!!!!!!!!!!!!!!!!!!!!!!!!!!!!!!!!!!!!!!!!!!!!!!!!
20210628 064224.541 INFO             PET0 Running with ESMF Version   : ESMF_8_2_0_beta_snapshot_11-8-gb3000f9ecd
20210628 064224.541 INFO             PET0 ESMF library build date/time: "Jun 28 2021" "05:56:49"
20210628 064224.541 INFO             PET0 ESMF library build location : /glade/scratch/mpotts/intel_18.0.5_mpt_O_develop
20210628 064224.541 INFO             PET0 ESMF_COMM                   : mpt
20210628 064224.541 INFO             PET0 ESMF_MOAB                   : enabled
20210628 064224.541 INFO             PET0 ESMF_LAPACK                 : enabled
20210628 064224.541 INFO             PET0 ESMF_NETCDF                 : enabled
20210628 064224.541 INFO             PET0 ESMF_PNETCDF                : disabled
20210628 064224.541 INFO             PET0 ESMF_PIO                    : enabled
20210628 064224.541 INFO             PET0 ESMF_YAMLCPP                : enabled
20210628 064224.543 INFO             PET0  NUMBER_OF_PROCESSORS           1
20210628 064224.543 INFO             PET0  PASS  Example ESMF_XGridSparseMatEx, ESMF_XGridSparseMatEx.F90, line 642
20210628 064224.543 INFO             PET0 Finalizing ESMF
20210628 064224.540 INFO             PET0 !!!!!!!!!!!!!!!!!!!!!!!!!!!!!!!!!!!!!!!!!!!!!!!!!!!!!!
20210628 064224.541 INFO             PET0 !!! THE ESMF_LOG IS SET TO OUTPUT ALL LOG MESSAGES !!!
20210628 064224.541 INFO             PET0 !!!     THIS MAY CAUSE SLOWDOWN IN PERFORMANCE     !!!
20210628 064224.541 INFO             PET0 !!! FOR PRODUCTION RUNS, USE:                      !!!
20210628 064224.541 INFO             PET0 !!!                   ESMF_LOGKIND_Multi_On_Error  !!!
20210628 064224.541 INFO             PET0 !!!!!!!!!!!!!!!!!!!!!!!!!!!!!!!!!!!!!!!!!!!!!!!!!!!!!!
20210628 064224.541 INFO             PET0 Running with ESMF Version   : ESMF_8_2_0_beta_snapshot_11-8-gb3000f9ecd
20210628 064224.541 INFO             PET0 ESMF library build date/time: "Jun 28 2021" "05:56:49"
20210628 064224.541 INFO             PET0 ESMF library build location : /glade/scratch/mpotts/intel_18.0.5_mpt_O_develop
20210628 064224.541 INFO             PET0 ESMF_COMM                   : mpt
20210628 064224.541 INFO             PET0 ESMF_MOAB                   : enabled
20210628 064224.541 INFO             PET0 ESMF_LAPACK                 : enabled
20210628 064224.541 INFO             PET0 ESMF_NETCDF                 : enabled
20210628 064224.541 INFO             PET0 ESMF_PNETCDF                : disabled
20210628 064224.541 INFO             PET0 ESMF_PIO                    : enabled
20210628 064224.541 INFO             PET0 ESMF_YAMLCPP                : enabled
20210628 064224.543 INFO             PET0  NUMBER_OF_PROCESSORS           1
20210628 064224.543 INFO             PET0  PASS  Example ESMF_XGridSparseMatEx, ESMF_XGridSparseMatEx.F90, line 642
20210628 064224.543 INFO             PET0 Finalizing ESMF
