build time -- 2021-06-16 02:01:03.698512
  PASS  Example ESMF_FieldMeshRegridEx, ESMF_FieldMeshRegridEx.F90, line 807
  PASS  Example ESMF_FieldMeshRegridEx, ESMF_FieldMeshRegridEx.F90, line 807
  PASS  Example ESMF_FieldMeshRegridEx, ESMF_FieldMeshRegridEx.F90, line 807
  PASS  Example ESMF_FieldMeshRegridEx, ESMF_FieldMeshRegridEx.F90, line 807
malloc_consolidate(): invalid chunk size
malloc_consolidate(): invalid chunk size

Program received signal SIGABRT: Process abort signal.

Backtrace for this error:

Program received signal SIGABRT: Process abort signal.

Backtrace for this error:
malloc_consolidate(): invalid chunk size

Program received signal SIGABRT: Process abort signal.

Backtrace for this error:
malloc_consolidate(): invalid chunk size

Program received signal SIGABRT: Process abort signal.

Backtrace for this error:
#0  0x7f2f2ddcaf1f in ???
#1  0x7f2f2ddcae97 in ???
#2  0x7f2f2ddcc800 in ???
#3  0x7f2f2de15896 in ???
#4  0x7f2f2de1c909 in ???
#5  0x7f2f2de1cbad in ???
#6  0x7f2f2de2403a in ???
#7  0x7f2f2d6c2198 in ???
#8  0x7f2f2d6c06e9 in ???
#9  0x7f2f2d69edd1 in ???
#0  0x7f9dba3b6f1f in ???
#1  0x7f9dba3b6e97 in ???
#2  0x7f9dba3b8800 in ???
#3  0x7f9dba401896 in ???
#4  0x7f9dba408909 in ???
#5  0x7f9dba408bad in ???
#6  0x7f9dba41003a in ???
#7  0x7f9db9cae198 in ???
#8  0x7f9db9cac6e9 in ???
#9  0x7f9db9c8add1 in ???
#0  0x7f52f0a25f1f in ???
#1  0x7f52f0a25e97 in ???
#2  0x7f52f0a27800 in ???
#3  0x7f52f0a70896 in ???
#4  0x7f52f0a77909 in ???
#5  0x7f52f0a77bad in ???
#6  0x7f52f0a7f03a in ???
#7  0x7f52f031d198 in ???
#8  0x7f52f031b6e9 in ???
#9  0x7f52f02f9dd1 in ???
#10  0x7f2f2f31f721 in ???
#10  0x7f52f1f7a721 in ???
#10  0x7f9dbb90b721 in ???
#0  0x7fe91cb41f1f in ???
#1  0x7fe91cb41e97 in ???
#2  0x7fe91cb43800 in ???
#3  0x7fe91cb8c896 in ???
#4  0x7fe91cb93909 in ???
#5  0x7fe91cb93bad in ???
#6  0x7fe91cb9b03a in ???
#7  0x7fe91c439198 in ???
#8  0x7fe91c4376e9 in ???
#9  0x7fe91c415dd1 in ???
#10  0x7fe91e096721 in ???
#11  0x7f52f482a8f8 in _ZN5ESMCI3VMK8finalizeEi
	at /home/mpotts/gfortran_9.3.0_openmpi_g_develop/src/Infrastructure/VM/src/ESMCI_VMKernel.C:678
#11  0x7f9dbe1bb8f8 in _ZN5ESMCI3VMK8finalizeEi
	at /home/mpotts/gfortran_9.3.0_openmpi_g_develop/src/Infrastructure/VM/src/ESMCI_VMKernel.C:678
#11  0x7f2f31bcf8f8 in _ZN5ESMCI3VMK8finalizeEi
	at /home/mpotts/gfortran_9.3.0_openmpi_g_develop/src/Infrastructure/VM/src/ESMCI_VMKernel.C:678
#11  0x7fe9209468f8 in _ZN5ESMCI3VMK8finalizeEi
	at /home/mpotts/gfortran_9.3.0_openmpi_g_develop/src/Infrastructure/VM/src/ESMCI_VMKernel.C:678
#12  0x7f52f4821b1a in _ZN5ESMCI2VM8finalizeEP12ESMC_LogicalPi
	at /home/mpotts/gfortran_9.3.0_openmpi_g_develop/src/Infrastructure/VM/src/ESMCI_VM.C:3419
#12  0x7f9dbe1b2b1a in _ZN5ESMCI2VM8finalizeEP12ESMC_LogicalPi
	at /home/mpotts/gfortran_9.3.0_openmpi_g_develop/src/Infrastructure/VM/src/ESMCI_VM.C:3419
#12  0x7f2f31bc6b1a in _ZN5ESMCI2VM8finalizeEP12ESMC_LogicalPi
	at /home/mpotts/gfortran_9.3.0_openmpi_g_develop/src/Infrastructure/VM/src/ESMCI_VM.C:3419
#12  0x7fe92093db1a in _ZN5ESMCI2VM8finalizeEP12ESMC_LogicalPi
	at /home/mpotts/gfortran_9.3.0_openmpi_g_develop/src/Infrastructure/VM/src/ESMCI_VM.C:3419
#13  0x7f52f4846915 in c_esmc_vmfinalize_
	at /home/mpotts/gfortran_9.3.0_openmpi_g_develop/src/Infrastructure/VM/interface/ESMCI_VM_F.C:1153
#13  0x7f9dbe1d7915 in c_esmc_vmfinalize_
	at /home/mpotts/gfortran_9.3.0_openmpi_g_develop/src/Infrastructure/VM/interface/ESMCI_VM_F.C:1153
#13  0x7f2f31beb915 in c_esmc_vmfinalize_
	at /home/mpotts/gfortran_9.3.0_openmpi_g_develop/src/Infrastructure/VM/interface/ESMCI_VM_F.C:1153
#13  0x7fe920962915 in c_esmc_vmfinalize_
	at /home/mpotts/gfortran_9.3.0_openmpi_g_develop/src/Infrastructure/VM/interface/ESMCI_VM_F.C:1153
#14  0x7f52f55d69dd in __esmf_vmmod_MOD_esmf_vmfinalize
	at /home/mpotts/gfortran_9.3.0_openmpi_g_develop/src/Infrastructure/VM/interface/ESMF_VM.F90:9286
#14  0x7f9dbef679dd in __esmf_vmmod_MOD_esmf_vmfinalize
	at /home/mpotts/gfortran_9.3.0_openmpi_g_develop/src/Infrastructure/VM/interface/ESMF_VM.F90:9286
#15  0x7f52f533d5e6 in __esmf_initmod_MOD_esmf_finalize
	at /home/mpotts/gfortran_9.3.0_openmpi_g_develop/src/Superstructure/ESMFMod/src/ESMF_Init.F90:997
#15  0x7f9dbecce5e6 in __esmf_initmod_MOD_esmf_finalize
	at /home/mpotts/gfortran_9.3.0_openmpi_g_develop/src/Superstructure/ESMFMod/src/ESMF_Init.F90:997
#14  0x7f2f3297b9dd in __esmf_vmmod_MOD_esmf_vmfinalize
	at /home/mpotts/gfortran_9.3.0_openmpi_g_develop/src/Infrastructure/VM/interface/ESMF_VM.F90:9286
#15  0x7f2f326e25e6 in __esmf_initmod_MOD_esmf_finalize
	at /home/mpotts/gfortran_9.3.0_openmpi_g_develop/src/Superstructure/ESMFMod/src/ESMF_Init.F90:997
#16  0x40d47e in esmf_meshex
	at /home/mpotts/gfortran_9.3.0_openmpi_g_develop/src/Infrastructure/Field/examples/ESMF_FieldMeshRegridEx.F90:820
#17  0x40d59a in main
	at /home/mpotts/gfortran_9.3.0_openmpi_g_develop/src/Infrastructure/Field/examples/ESMF_FieldMeshRegridEx.F90:22
#16  0x40d47e in esmf_meshex
	at /home/mpotts/gfortran_9.3.0_openmpi_g_develop/src/Infrastructure/Field/examples/ESMF_FieldMeshRegridEx.F90:820
#17  0x40d59a in main
	at /home/mpotts/gfortran_9.3.0_openmpi_g_develop/src/Infrastructure/Field/examples/ESMF_FieldMeshRegridEx.F90:22
#16  0x40d47e in esmf_meshex
	at /home/mpotts/gfortran_9.3.0_openmpi_g_develop/src/Infrastructure/Field/examples/ESMF_FieldMeshRegridEx.F90:820
#17  0x40d59a in main
	at /home/mpotts/gfortran_9.3.0_openmpi_g_develop/src/Infrastructure/Field/examples/ESMF_FieldMeshRegridEx.F90:22
#14  0x7fe9216f29dd in __esmf_vmmod_MOD_esmf_vmfinalize
	at /home/mpotts/gfortran_9.3.0_openmpi_g_develop/src/Infrastructure/VM/interface/ESMF_VM.F90:9286
#15  0x7fe9214595e6 in __esmf_initmod_MOD_esmf_finalize
	at /home/mpotts/gfortran_9.3.0_openmpi_g_develop/src/Superstructure/ESMFMod/src/ESMF_Init.F90:997
#16  0x40d47e in esmf_meshex
	at /home/mpotts/gfortran_9.3.0_openmpi_g_develop/src/Infrastructure/Field/examples/ESMF_FieldMeshRegridEx.F90:820
#17  0x40d59a in main
	at /home/mpotts/gfortran_9.3.0_openmpi_g_develop/src/Infrastructure/Field/examples/ESMF_FieldMeshRegridEx.F90:22
--------------------------------------------------------------------------
Primary job  terminated normally, but 1 process returned
a non-zero exit code. Per user-direction, the job has been aborted.
--------------------------------------------------------------------------
--------------------------------------------------------------------------
mpirun noticed that process rank 0 with PID 0 on node chianti exited on signal 6 (Aborted).
--------------------------------------------------------------------------
