build time -- 2021-09-25 14:45:37.335277

Program received signal SIGSEGV: Segmentation fault - invalid memory reference.

Backtrace for this error:

Program received signal SIGSEGV: Segmentation fault - invalid memory reference.

Backtrace for this error:

Program received signal SIGSEGV: Segmentation fault - invalid memory reference.

Backtrace for this error:

Program received signal SIGSEGV: Segmentation fault - invalid memory reference.

Backtrace for this error:
#0  0x14e03ac83f1f in ???
#1  0x14e03c1ad447 in ???
#0  0x14dd41843f1f in ???
#1  0x14dd42d6d447 in ???
#0  0x155114317f1f in ???
#1  0x155115841447 in ???
#0  0x155063a48f1f in ???
#1  0x155064f72447 in ???
#2  0x14e03ea72617 in _ZN5ESMCI3VMK4initEib
	at /home/mpotts/gfortran_9.3.0_openmpi_g_develop/src/Infrastructure/VM/src/ESMCI_VMKernel.C:424
#2  0x14dd45632617 in _ZN5ESMCI3VMK4initEib
	at /home/mpotts/gfortran_9.3.0_openmpi_g_develop/src/Infrastructure/VM/src/ESMCI_VMKernel.C:424
#2  0x155118106617 in _ZN5ESMCI3VMK4initEib
	at /home/mpotts/gfortran_9.3.0_openmpi_g_develop/src/Infrastructure/VM/src/ESMCI_VMKernel.C:424
#2  0x155067837617 in _ZN5ESMCI3VMK4initEib
	at /home/mpotts/gfortran_9.3.0_openmpi_g_develop/src/Infrastructure/VM/src/ESMCI_VMKernel.C:424
#3  0x14dd45628b6c in _ZN5ESMCI2VM10initializeEibPi
	at /home/mpotts/gfortran_9.3.0_openmpi_g_develop/src/Infrastructure/VM/src/ESMCI_VM.C:3081
#3  0x14e03ea68b6c in _ZN5ESMCI2VM10initializeEibPi
	at /home/mpotts/gfortran_9.3.0_openmpi_g_develop/src/Infrastructure/VM/src/ESMCI_VM.C:3081
#3  0x1551180fcb6c in _ZN5ESMCI2VM10initializeEibPi
	at /home/mpotts/gfortran_9.3.0_openmpi_g_develop/src/Infrastructure/VM/src/ESMCI_VM.C:3081
#4  0x14e03ea8f13d in c_esmc_vminitialize_
	at /home/mpotts/gfortran_9.3.0_openmpi_g_develop/src/Infrastructure/VM/interface/ESMCI_VM_F.C:1147
#4  0x14dd4564f13d in c_esmc_vminitialize_
	at /home/mpotts/gfortran_9.3.0_openmpi_g_develop/src/Infrastructure/VM/interface/ESMCI_VM_F.C:1147
#4  0x15511812313d in c_esmc_vminitialize_
	at /home/mpotts/gfortran_9.3.0_openmpi_g_develop/src/Infrastructure/VM/interface/ESMCI_VM_F.C:1147
#5  0x14dd463c7c58 in __esmf_vmmod_MOD_esmf_vminitialize
	at /home/mpotts/gfortran_9.3.0_openmpi_g_develop/src/Infrastructure/VM/interface/ESMF_VM.F90:9254
#5  0x14e03f807c58 in __esmf_vmmod_MOD_esmf_vminitialize
	at /home/mpotts/gfortran_9.3.0_openmpi_g_develop/src/Infrastructure/VM/interface/ESMF_VM.F90:9254
#5  0x155118e9bc58 in __esmf_vmmod_MOD_esmf_vminitialize
	at /home/mpotts/gfortran_9.3.0_openmpi_g_develop/src/Infrastructure/VM/interface/ESMF_VM.F90:9254
#6  0x14e03f57fee6 in __esmf_initmod_MOD_esmf_frameworkinternalinit
	at /home/mpotts/gfortran_9.3.0_openmpi_g_develop/src/Superstructure/ESMFMod/src/ESMF_Init.F90:1002
#7  0x14e03f582a84 in __esmf_initmod_MOD_esmf_initialize
	at /home/mpotts/gfortran_9.3.0_openmpi_g_develop/src/Superstructure/ESMFMod/src/ESMF_Init.F90:332
#6  0x14dd4613fee6 in __esmf_initmod_MOD_esmf_frameworkinternalinit
	at /home/mpotts/gfortran_9.3.0_openmpi_g_develop/src/Superstructure/ESMFMod/src/ESMF_Init.F90:1002
#7  0x14dd46142a84 in __esmf_initmod_MOD_esmf_initialize
	at /home/mpotts/gfortran_9.3.0_openmpi_g_develop/src/Superstructure/ESMFMod/src/ESMF_Init.F90:332
#6  0x155118c13ee6 in __esmf_initmod_MOD_esmf_frameworkinternalinit
	at /home/mpotts/gfortran_9.3.0_openmpi_g_develop/src/Superstructure/ESMFMod/src/ESMF_Init.F90:1002
#7  0x155118c16a84 in __esmf_initmod_MOD_esmf_initialize
	at /home/mpotts/gfortran_9.3.0_openmpi_g_develop/src/Superstructure/ESMFMod/src/ESMF_Init.F90:332
#8  0x40174e in esmf_arrayscattergatherex
	at /home/mpotts/gfortran_9.3.0_openmpi_g_develop/src/Infrastructure/Array/examples/ESMF_ArrayScatterGatherEx.F90:48
#9  0x404e3f in main
	at /home/mpotts/gfortran_9.3.0_openmpi_g_develop/src/Infrastructure/Array/examples/ESMF_ArrayScatterGatherEx.F90:20
#8  0x40174e in esmf_arrayscattergatherex
	at /home/mpotts/gfortran_9.3.0_openmpi_g_develop/src/Infrastructure/Array/examples/ESMF_ArrayScatterGatherEx.F90:48
#9  0x404e3f in main
	at /home/mpotts/gfortran_9.3.0_openmpi_g_develop/src/Infrastructure/Array/examples/ESMF_ArrayScatterGatherEx.F90:20
#8  0x40174e in esmf_arrayscattergatherex
	at /home/mpotts/gfortran_9.3.0_openmpi_g_develop/src/Infrastructure/Array/examples/ESMF_ArrayScatterGatherEx.F90:48
#9  0x404e3f in main
	at /home/mpotts/gfortran_9.3.0_openmpi_g_develop/src/Infrastructure/Array/examples/ESMF_ArrayScatterGatherEx.F90:20
#3  0x15506782db6c in _ZN5ESMCI2VM10initializeEibPi
	at /home/mpotts/gfortran_9.3.0_openmpi_g_develop/src/Infrastructure/VM/src/ESMCI_VM.C:3081
#4  0x15506785413d in c_esmc_vminitialize_
	at /home/mpotts/gfortran_9.3.0_openmpi_g_develop/src/Infrastructure/VM/interface/ESMCI_VM_F.C:1147
#5  0x1550685ccc58 in __esmf_vmmod_MOD_esmf_vminitialize
	at /home/mpotts/gfortran_9.3.0_openmpi_g_develop/src/Infrastructure/VM/interface/ESMF_VM.F90:9254
#6  0x155068344ee6 in __esmf_initmod_MOD_esmf_frameworkinternalinit
	at /home/mpotts/gfortran_9.3.0_openmpi_g_develop/src/Superstructure/ESMFMod/src/ESMF_Init.F90:1002
#7  0x155068347a84 in __esmf_initmod_MOD_esmf_initialize
	at /home/mpotts/gfortran_9.3.0_openmpi_g_develop/src/Superstructure/ESMFMod/src/ESMF_Init.F90:332
#8  0x40174e in esmf_arrayscattergatherex
	at /home/mpotts/gfortran_9.3.0_openmpi_g_develop/src/Infrastructure/Array/examples/ESMF_ArrayScatterGatherEx.F90:48
#9  0x404e3f in main
	at /home/mpotts/gfortran_9.3.0_openmpi_g_develop/src/Infrastructure/Array/examples/ESMF_ArrayScatterGatherEx.F90:20
--------------------------------------------------------------------------
Primary job  terminated normally, but 1 process returned
a non-zero exit code. Per user-direction, the job has been aborted.
--------------------------------------------------------------------------
--------------------------------------------------------------------------
mpirun noticed that process rank 2 with PID 0 on node chianti exited on signal 11 (Segmentation fault).
--------------------------------------------------------------------------
