build time -- 2021-05-26 10:51:27.809703
20210526 110419.848 INFO             PET0 !!!!!!!!!!!!!!!!!!!!!!!!!!!!!!!!!!!!!!!!!!!!!!!!!!!!!!
20210526 110419.849 INFO             PET0 !!! THE ESMF_LOG IS SET TO OUTPUT ALL LOG MESSAGES !!!
20210526 110419.849 INFO             PET0 !!!     THIS MAY CAUSE SLOWDOWN IN PERFORMANCE     !!!
20210526 110419.849 INFO             PET0 !!! FOR PRODUCTION RUNS, USE:                      !!!
20210526 110419.849 INFO             PET0 !!!                   ESMF_LOGKIND_Multi_On_Error  !!!
20210526 110419.849 INFO             PET0 !!!!!!!!!!!!!!!!!!!!!!!!!!!!!!!!!!!!!!!!!!!!!!!!!!!!!!
20210526 110419.849 INFO             PET0 Running with ESMF Version   : ESMF_8_2_0_beta_snapshot_10
20210526 110419.849 INFO             PET0 ESMF library build date/time: "May 26 2021" "10:50:36"
20210526 110419.849 INFO             PET0 ESMF library build location : /home/mpotts/gfortran_9.3.0_openmpi_g_develop
20210526 110419.849 INFO             PET0 ESMF_COMM                   : openmpi
20210526 110419.849 INFO             PET0 ESMF_MOAB                   : enabled
20210526 110419.849 INFO             PET0 ESMF_LAPACK                 : enabled
20210526 110419.849 INFO             PET0 ESMF_NETCDF                 : enabled
20210526 110419.849 INFO             PET0 ESMF_PNETCDF                : disabled
20210526 110419.849 INFO             PET0 ESMF_PIO                    : enabled
20210526 110419.849 INFO             PET0 ESMF_YAMLCPP                : enabled
20210526 110419.849 INFO             PET0  NUMBER_OF_PROCESSORS           1
20210526 110419.849 INFO             PET0  PASS  Example ESMF_TimeIntervalEx, ESMF_TimeIntervalEx.F90, line 176
20210526 110419.849 INFO             PET0 Finalizing ESMF
