build time -- 2021-06-16 02:01:03.698512
 ---------------------------------------------------------------
 Results from using the dictionary-like method of data retrieval
 The radius of the earth was retrieved from the Resource File
 Its value is:    6370000.00    
 ---------------------------------------------------------------
 ---------------------------------------------------------------
 Results from using the dictionary-like method of data retrieval
 The radius of the earth was retrieved from the Resource File
 ---------------------------------------------------------------
 Results from using the dictionary-like method of data retrieval
 The radius of the earth was retrieved from the Resource File
 Its value is:    6370000.00    
 ---------------------------------------------------------------
 Results from using the dictionary-like method of data retrieval of a string
 The input file name (a string) was retrieved from the Resource File
 Its value is: dummy_input.nc
 ---------------------------------------------------------------
 Results from using the dictionary-like method of data retrieval
 The radius of the earth was retrieved from the Resource File
 Results from using the dictionary-like method of data retrieval of a string
 The input file name (a string) was retrieved from the Resource File
 Its value is: dummy_input.nc
 ---------------------------------------------------------------
 Results when the label in the call does not exist in the Resource File
 The default value is returned.
 Its value is:    6370000.00    
 ---------------------------------------------------------------
 Results from using the dictionary-like method of data retrieval of a string
 The input file name (a string) was retrieved from the Resource File
 Its value is: dummy_input.nc
 ---------------------------------------------------------------
 ---------------------------------------------------------------
 Results when the label in the call does not exist in the Resource File
 The default value is returned.
 Its value is: ./default.nc
 ---------------------------------------------------------------
 Results when the label in the call does not exist in the Resource File
 The default value is returned.
 Its value is: ./default.nc
 ---------------------------------------------------------------
 Its value is:    6370000.00    
 ---------------------------------------------------------------
 Results from using the dictionary-like method of data retrieval of a string
 The input file name (a string) was retrieved from the Resource File
 Its value is: dummy_input.nc
 ---------------------------------------------------------------
 Results when the label in the call does not exist in the Resource File
 The default value is returned.
 Its value is: ./default.nc
 Its value is: ./default.nc
 ---------------------------------------------------------------
 Results from retrieving multiple values:
 The first constant was was retrieved from the Resource File
 Its value is:    3.14150000    
 The second constant was was retrieved from the Resource File
 Its value is:           25
 ---------------------------------------------------------------
 Results from retrieving multiple values:
 The first constant was was retrieved from the Resource File
 Its value is:    3.14150000    
 The second constant was was retrieved from the Resource File
 Its value is:           25
 ---------------------------------------------------------------
 Results from retrieving multi-value strings:
 The first file name was was retrieved from the Resource File
 Its value is: jan87.dat
 Results from retrieving multiple values:
 The first constant was was retrieved from the Resource File
 ---------------------------------------------------------------
 Results from retrieving multi-value strings:
 The first file name was was retrieved from the Resource File
 Its value is: jan87.dat
 The second file name was was retrieved from the Resource File
 Results from retrieving multiple values:
 The first constant was was retrieved from the Resource File
 Its value is:    3.14150000    
 The second constant was was retrieved from the Resource File
 The second file name was was retrieved from the Resource File
 Its value is: jan88.dat
 The third file name was was retrieved from the Resource File
 Its value is:    3.14150000    
 The second constant was was retrieved from the Resource File
 Its value is:           25
 ---------------------------------------------------------------
 Its value is: jan88.dat
 The third file name was was retrieved from the Resource File
 Its value is: jan89.dat
 ---------------------------------------------------------------
 Results from retrieving multi-value strings:
 The first file name was was retrieved from the Resource File
 Its value is: jan87.dat
 The second file name was was retrieved from the Resource File
 Its value is: jan88.dat
 The third file name was was retrieved from the Resource File
 Its value is: jan89.dat
 ---------------------------------------------------------------
 Its value is:           25
 ---------------------------------------------------------------
 Results from retrieving multi-value strings:
 The first file name was was retrieved from the Resource File
 Its value is: jan87.dat
 The second file name was was retrieved from the Resource File
 Its value is: jan88.dat
 The third file name was was retrieved from the Resource File
 Its value is: jan89.dat
 ---------------------------------------------------------------
 Its value is: jan89.dat
 ---------------------------------------------------------------
 Results from retrieving a table
 The (1,3) table value should be 263.0
 Results from retrieving a table
 The (1,3) table value should be 263.0
 Its retrieved value is:    263.000000    
 The (6,1) table value should be 400
 Its retrieved value is:    400.000000    
 ---------------------------------------------------------------
 Its retrieved value is:    263.000000    
 The (6,1) table value should be 400
 Its retrieved value is:    400.000000    
 ---------------------------------------------------------------
 Results from retrieving a table
 The (1,3) table value should be 263.0
 Its retrieved value is:    263.000000    
 The (6,1) table value should be 400
 Results from retrieving a table
 The (1,3) table value should be 263.0
 Its retrieved value is:    400.000000    
 ---------------------------------------------------------------
 Its retrieved value is:    263.000000    
 The (6,1) table value should be 400
 Its retrieved value is:    400.000000    
 ---------------------------------------------------------------
 Final Word
 ---------------------------------------------------
 PASS: ESMF_ConfigOverviewEx.F90
 Final Word
 ---------------------------------------------------
 PASS: ESMF_ConfigOverviewEx.F90
 Final Word
 ---------------------------------------------------
 PASS: ESMF_ConfigOverviewEx.F90
 Final Word
 ---------------------------------------------------
 PASS: ESMF_ConfigOverviewEx.F90
  PASS  Example ESMF_ConfigOverviewEx, ESMF_ConfigOverviewEx.F90, line 415
  PASS  Example ESMF_ConfigOverviewEx, ESMF_ConfigOverviewEx.F90, line 415
  PASS  Example ESMF_ConfigOverviewEx, ESMF_ConfigOverviewEx.F90, line 415
  PASS  Example ESMF_ConfigOverviewEx, ESMF_ConfigOverviewEx.F90, line 415
malloc_consolidate(): invalid chunk size

Program received signal SIGABRT: Process abort signal.

Backtrace for this error:
malloc_consolidate(): invalid chunk size
malloc_consolidate(): invalid chunk size

Program received signal SIGABRT: Process abort signal.

Backtrace for this error:
malloc_consolidate(): invalid chunk size

Program received signal SIGABRT: Process abort signal.

Backtrace for this error:

Program received signal SIGABRT: Process abort signal.

Backtrace for this error:
#0  0x7f374402cf1f in ???
#1  0x7f374402ce97 in ???
#2  0x7f374402e800 in ???
#3  0x7f3744077896 in ???
#4  0x7f374407e909 in ???
#5  0x7f374407ebad in ???
#6  0x7f374408603a in ???
#7  0x7f3743924198 in ???
#8  0x7f37439226e9 in ???
#9  0x7f3743900dd1 in ???
#10  0x7f3745581721 in ???
#0  0x7f76e6bbaf1f in ???
#1  0x7f76e6bbae97 in ???
#2  0x7f76e6bbc800 in ???
#3  0x7f76e6c05896 in ???
#4  0x7f76e6c0c909 in ???
#5  0x7f76e6c0cbad in ???
#6  0x7f76e6c1403a in ???
#7  0x7f76e64b2198 in ???
#8  0x7f76e64b06e9 in ???
#9  0x7f76e648edd1 in ???
#10  0x7f76e810f721 in ???
#0  0x7f1027cfff1f in ???
#1  0x7f1027cffe97 in ???
#2  0x7f1027d01800 in ???
#3  0x7f1027d4a896 in ???
#4  0x7f1027d51909 in ???
#5  0x7f1027d51bad in ???
#6  0x7f1027d5903a in ???
#7  0x7f10275fa238 in ???
#8  0x7f10275f56e4 in ???
#9  0x7f10275d3dd1 in ???
#10  0x7f1029254721 in ???
#0  0x7f5355d60f1f in ???
#1  0x7f5355d60e97 in ???
#2  0x7f5355d62800 in ???
#3  0x7f5355dab896 in ???
#4  0x7f5355db2909 in ???
#5  0x7f5355db2bad in ???
#6  0x7f5355dba03a in ???
#7  0x7f5355658198 in ???
#8  0x7f53556566e9 in ???
#9  0x7f5355634dd1 in ???
#10  0x7f53572b5721 in ???
#11  0x7f102bb048f8 in _ZN5ESMCI3VMK8finalizeEi
	at /home/mpotts/gfortran_9.3.0_openmpi_g_develop/src/Infrastructure/VM/src/ESMCI_VMKernel.C:678
#11  0x7f3747e318f8 in _ZN5ESMCI3VMK8finalizeEi
	at /home/mpotts/gfortran_9.3.0_openmpi_g_develop/src/Infrastructure/VM/src/ESMCI_VMKernel.C:678
#11  0x7f76ea9bf8f8 in _ZN5ESMCI3VMK8finalizeEi
	at /home/mpotts/gfortran_9.3.0_openmpi_g_develop/src/Infrastructure/VM/src/ESMCI_VMKernel.C:678
#11  0x7f5359b658f8 in _ZN5ESMCI3VMK8finalizeEi
	at /home/mpotts/gfortran_9.3.0_openmpi_g_develop/src/Infrastructure/VM/src/ESMCI_VMKernel.C:678
#12  0x7f76ea9b6b1a in _ZN5ESMCI2VM8finalizeEP12ESMC_LogicalPi
	at /home/mpotts/gfortran_9.3.0_openmpi_g_develop/src/Infrastructure/VM/src/ESMCI_VM.C:3419
#12  0x7f102bafbb1a in _ZN5ESMCI2VM8finalizeEP12ESMC_LogicalPi
	at /home/mpotts/gfortran_9.3.0_openmpi_g_develop/src/Infrastructure/VM/src/ESMCI_VM.C:3419
#12  0x7f3747e28b1a in _ZN5ESMCI2VM8finalizeEP12ESMC_LogicalPi
	at /home/mpotts/gfortran_9.3.0_openmpi_g_develop/src/Infrastructure/VM/src/ESMCI_VM.C:3419
#12  0x7f5359b5cb1a in _ZN5ESMCI2VM8finalizeEP12ESMC_LogicalPi
	at /home/mpotts/gfortran_9.3.0_openmpi_g_develop/src/Infrastructure/VM/src/ESMCI_VM.C:3419
#13  0x7f3747e4d915 in c_esmc_vmfinalize_
	at /home/mpotts/gfortran_9.3.0_openmpi_g_develop/src/Infrastructure/VM/interface/ESMCI_VM_F.C:1153
#13  0x7f76ea9db915 in c_esmc_vmfinalize_
	at /home/mpotts/gfortran_9.3.0_openmpi_g_develop/src/Infrastructure/VM/interface/ESMCI_VM_F.C:1153
#13  0x7f102bb20915 in c_esmc_vmfinalize_
	at /home/mpotts/gfortran_9.3.0_openmpi_g_develop/src/Infrastructure/VM/interface/ESMCI_VM_F.C:1153
#13  0x7f5359b81915 in c_esmc_vmfinalize_
	at /home/mpotts/gfortran_9.3.0_openmpi_g_develop/src/Infrastructure/VM/interface/ESMCI_VM_F.C:1153
#14  0x7f102c8b09dd in __esmf_vmmod_MOD_esmf_vmfinalize
	at /home/mpotts/gfortran_9.3.0_openmpi_g_develop/src/Infrastructure/VM/interface/ESMF_VM.F90:9286
#14  0x7f3748bdd9dd in __esmf_vmmod_MOD_esmf_vmfinalize
	at /home/mpotts/gfortran_9.3.0_openmpi_g_develop/src/Infrastructure/VM/interface/ESMF_VM.F90:9286
#14  0x7f76eb76b9dd in __esmf_vmmod_MOD_esmf_vmfinalize
	at /home/mpotts/gfortran_9.3.0_openmpi_g_develop/src/Infrastructure/VM/interface/ESMF_VM.F90:9286
#14  0x7f535a9119dd in __esmf_vmmod_MOD_esmf_vmfinalize
	at /home/mpotts/gfortran_9.3.0_openmpi_g_develop/src/Infrastructure/VM/interface/ESMF_VM.F90:9286
#15  0x7f102c6175e6 in __esmf_initmod_MOD_esmf_finalize
	at /home/mpotts/gfortran_9.3.0_openmpi_g_develop/src/Superstructure/ESMFMod/src/ESMF_Init.F90:997
#15  0x7f37489445e6 in __esmf_initmod_MOD_esmf_finalize
	at /home/mpotts/gfortran_9.3.0_openmpi_g_develop/src/Superstructure/ESMFMod/src/ESMF_Init.F90:997
#15  0x7f76eb4d25e6 in __esmf_initmod_MOD_esmf_finalize
	at /home/mpotts/gfortran_9.3.0_openmpi_g_develop/src/Superstructure/ESMFMod/src/ESMF_Init.F90:997
#15  0x7f535a6785e6 in __esmf_initmod_MOD_esmf_finalize
	at /home/mpotts/gfortran_9.3.0_openmpi_g_develop/src/Superstructure/ESMFMod/src/ESMF_Init.F90:997
#16  0x4038d2 in esmf_configoverviewex
	at /home/mpotts/gfortran_9.3.0_openmpi_g_develop/src/Infrastructure/Config/examples/ESMF_ConfigOverviewEx.F90:420
#17  0x403911 in main
	at /home/mpotts/gfortran_9.3.0_openmpi_g_develop/src/Infrastructure/Config/examples/ESMF_ConfigOverviewEx.F90:33
#16  0x4038d2 in esmf_configoverviewex
	at /home/mpotts/gfortran_9.3.0_openmpi_g_develop/src/Infrastructure/Config/examples/ESMF_ConfigOverviewEx.F90:420
#17  0x403911 in main
	at /home/mpotts/gfortran_9.3.0_openmpi_g_develop/src/Infrastructure/Config/examples/ESMF_ConfigOverviewEx.F90:33
#16  0x4038d2 in esmf_configoverviewex
	at /home/mpotts/gfortran_9.3.0_openmpi_g_develop/src/Infrastructure/Config/examples/ESMF_ConfigOverviewEx.F90:420
#17  0x403911 in main
	at /home/mpotts/gfortran_9.3.0_openmpi_g_develop/src/Infrastructure/Config/examples/ESMF_ConfigOverviewEx.F90:33
#16  0x4038d2 in esmf_configoverviewex
	at /home/mpotts/gfortran_9.3.0_openmpi_g_develop/src/Infrastructure/Config/examples/ESMF_ConfigOverviewEx.F90:420
#17  0x403911 in main
	at /home/mpotts/gfortran_9.3.0_openmpi_g_develop/src/Infrastructure/Config/examples/ESMF_ConfigOverviewEx.F90:33
--------------------------------------------------------------------------
Primary job  terminated normally, but 1 process returned
a non-zero exit code. Per user-direction, the job has been aborted.
--------------------------------------------------------------------------
--------------------------------------------------------------------------
mpirun noticed that process rank 2 with PID 0 on node chianti exited on signal 6 (Aborted).
--------------------------------------------------------------------------
