build time -- 2021-09-23 18:39:24.971356

Program received signal SIGSEGV: Segmentation fault - invalid memory reference.

Backtrace for this error:

Program received signal SIGSEGV: Segmentation fault - invalid memory reference.

Backtrace for this error:

Program received signal SIGSEGV: Segmentation fault - invalid memory reference.

Backtrace for this error:

Program received signal SIGSEGV: Segmentation fault - invalid memory reference.

Backtrace for this error:
#0  0x7f52ccda3f1f in ???
#1  0x7f52ce2cd447 in ???
#0  0x7fef804fff1f in ???
#1  0x7fef81a29447 in ???
#0  0x7fc8f0147f1f in ???
#1  0x7fc8f1671447 in ???
#0  0x7f595b2e6f1f in ???
#1  0x7f595c810447 in ???
#2  0x7fc8f3f365c7 in _ZN5ESMCI3VMK4initEib
	at /home/mpotts/gfortran_9.3.0_openmpi_g_develop/src/Infrastructure/VM/src/ESMCI_VMKernel.C:424
#2  0x7fef842ee5c7 in _ZN5ESMCI3VMK4initEib
	at /home/mpotts/gfortran_9.3.0_openmpi_g_develop/src/Infrastructure/VM/src/ESMCI_VMKernel.C:424
#2  0x7f52d0b925c7 in _ZN5ESMCI3VMK4initEib
	at /home/mpotts/gfortran_9.3.0_openmpi_g_develop/src/Infrastructure/VM/src/ESMCI_VMKernel.C:424
#2  0x7f595f0d55c7 in _ZN5ESMCI3VMK4initEib
	at /home/mpotts/gfortran_9.3.0_openmpi_g_develop/src/Infrastructure/VM/src/ESMCI_VMKernel.C:424
#3  0x7fc8f3f2cb1c in _ZN5ESMCI2VM10initializeEibPi
	at /home/mpotts/gfortran_9.3.0_openmpi_g_develop/src/Infrastructure/VM/src/ESMCI_VM.C:3081
#3  0x7fef842e4b1c in _ZN5ESMCI2VM10initializeEibPi
	at /home/mpotts/gfortran_9.3.0_openmpi_g_develop/src/Infrastructure/VM/src/ESMCI_VM.C:3081
#3  0x7f52d0b88b1c in _ZN5ESMCI2VM10initializeEibPi
	at /home/mpotts/gfortran_9.3.0_openmpi_g_develop/src/Infrastructure/VM/src/ESMCI_VM.C:3081
#3  0x7f595f0cbb1c in _ZN5ESMCI2VM10initializeEibPi
	at /home/mpotts/gfortran_9.3.0_openmpi_g_develop/src/Infrastructure/VM/src/ESMCI_VM.C:3081
#4  0x7fc8f3f530ed in c_esmc_vminitialize_
	at /home/mpotts/gfortran_9.3.0_openmpi_g_develop/src/Infrastructure/VM/interface/ESMCI_VM_F.C:1147
#4  0x7fef8430b0ed in c_esmc_vminitialize_
	at /home/mpotts/gfortran_9.3.0_openmpi_g_develop/src/Infrastructure/VM/interface/ESMCI_VM_F.C:1147
#4  0x7f52d0baf0ed in c_esmc_vminitialize_
	at /home/mpotts/gfortran_9.3.0_openmpi_g_develop/src/Infrastructure/VM/interface/ESMCI_VM_F.C:1147
#4  0x7f595f0f20ed in c_esmc_vminitialize_
	at /home/mpotts/gfortran_9.3.0_openmpi_g_develop/src/Infrastructure/VM/interface/ESMCI_VM_F.C:1147
#5  0x7fc8f4ccb716 in __esmf_vmmod_MOD_esmf_vminitialize
	at /home/mpotts/gfortran_9.3.0_openmpi_g_develop/src/Infrastructure/VM/interface/ESMF_VM.F90:9254
#5  0x7fef85083716 in __esmf_vmmod_MOD_esmf_vminitialize
	at /home/mpotts/gfortran_9.3.0_openmpi_g_develop/src/Infrastructure/VM/interface/ESMF_VM.F90:9254
#5  0x7f52d1927716 in __esmf_vmmod_MOD_esmf_vminitialize
	at /home/mpotts/gfortran_9.3.0_openmpi_g_develop/src/Infrastructure/VM/interface/ESMF_VM.F90:9254
#5  0x7f595fe6a716 in __esmf_vmmod_MOD_esmf_vminitialize
	at /home/mpotts/gfortran_9.3.0_openmpi_g_develop/src/Infrastructure/VM/interface/ESMF_VM.F90:9254
#6  0x7fc8f4a43bbb in __esmf_initmod_MOD_esmf_frameworkinternalinit
	at /home/mpotts/gfortran_9.3.0_openmpi_g_develop/src/Superstructure/ESMFMod/src/ESMF_Init.F90:881
#7  0x7fc8f4a4655d in __esmf_initmod_MOD_esmf_initialize
	at /home/mpotts/gfortran_9.3.0_openmpi_g_develop/src/Superstructure/ESMFMod/src/ESMF_Init.F90:286
#6  0x7fef84dfbbbb in __esmf_initmod_MOD_esmf_frameworkinternalinit
	at /home/mpotts/gfortran_9.3.0_openmpi_g_develop/src/Superstructure/ESMFMod/src/ESMF_Init.F90:881
#7  0x7fef84dfe55d in __esmf_initmod_MOD_esmf_initialize
	at /home/mpotts/gfortran_9.3.0_openmpi_g_develop/src/Superstructure/ESMFMod/src/ESMF_Init.F90:286
#6  0x7f52d169fbbb in __esmf_initmod_MOD_esmf_frameworkinternalinit
	at /home/mpotts/gfortran_9.3.0_openmpi_g_develop/src/Superstructure/ESMFMod/src/ESMF_Init.F90:881
#7  0x7f52d16a255d in __esmf_initmod_MOD_esmf_initialize
	at /home/mpotts/gfortran_9.3.0_openmpi_g_develop/src/Superstructure/ESMFMod/src/ESMF_Init.F90:286
#6  0x7f595fbe2bbb in __esmf_initmod_MOD_esmf_frameworkinternalinit
	at /home/mpotts/gfortran_9.3.0_openmpi_g_develop/src/Superstructure/ESMFMod/src/ESMF_Init.F90:881
#7  0x7f595fbe555d in __esmf_initmod_MOD_esmf_initialize
	at /home/mpotts/gfortran_9.3.0_openmpi_g_develop/src/Superstructure/ESMFMod/src/ESMF_Init.F90:286
#8  0x401846 in fieldbundlehaloex
	at /home/mpotts/gfortran_9.3.0_openmpi_g_develop/src/Infrastructure/FieldBundle/examples/ESMF_FieldBundleHaloEx.F90:72
#9  0x403698 in main
	at /home/mpotts/gfortran_9.3.0_openmpi_g_develop/src/Infrastructure/FieldBundle/examples/ESMF_FieldBundleHaloEx.F90:30
#8  0x401846 in fieldbundlehaloex
	at /home/mpotts/gfortran_9.3.0_openmpi_g_develop/src/Infrastructure/FieldBundle/examples/ESMF_FieldBundleHaloEx.F90:72
#9  0x403698 in main
	at /home/mpotts/gfortran_9.3.0_openmpi_g_develop/src/Infrastructure/FieldBundle/examples/ESMF_FieldBundleHaloEx.F90:30
#8  0x401846 in fieldbundlehaloex
	at /home/mpotts/gfortran_9.3.0_openmpi_g_develop/src/Infrastructure/FieldBundle/examples/ESMF_FieldBundleHaloEx.F90:72
#9  0x403698 in main
	at /home/mpotts/gfortran_9.3.0_openmpi_g_develop/src/Infrastructure/FieldBundle/examples/ESMF_FieldBundleHaloEx.F90:30
#8  0x401846 in fieldbundlehaloex
	at /home/mpotts/gfortran_9.3.0_openmpi_g_develop/src/Infrastructure/FieldBundle/examples/ESMF_FieldBundleHaloEx.F90:72
#9  0x403698 in main
	at /home/mpotts/gfortran_9.3.0_openmpi_g_develop/src/Infrastructure/FieldBundle/examples/ESMF_FieldBundleHaloEx.F90:30
--------------------------------------------------------------------------
Primary job  terminated normally, but 1 process returned
a non-zero exit code. Per user-direction, the job has been aborted.
--------------------------------------------------------------------------
--------------------------------------------------------------------------
mpirun noticed that process rank 1 with PID 0 on node chianti exited on signal 11 (Segmentation fault).
--------------------------------------------------------------------------
