build time -- 2021-09-20 20:04:43.875145

Program received signal SIGSEGV: Segmentation fault - invalid memory reference.

Backtrace for this error:

Program received signal SIGSEGV: Segmentation fault - invalid memory reference.

Backtrace for this error:

Program received signal SIGSEGV: Segmentation fault - invalid memory reference.

Backtrace for this error:

Program received signal SIGSEGV: Segmentation fault - invalid memory reference.

Backtrace for this error:
#0  0x14bd18bcdf1f in ???
#1  0x14bd1a0f7447 in ???
#0  0x14b1772a5f1f in ???
#1  0x14b1787cf447 in ???
#0  0x14ca92aabf1f in ???
#1  0x14ca93fd5447 in ???
#0  0x14d5a7daff1f in ???
#1  0x14d5a92d9447 in ???
#2  0x14ca9689a49b in _ZN5ESMCI3VMK4initEib
	at /home/mpotts/gfortran_9.3.0_openmpi_g_develop/src/Infrastructure/VM/src/ESMCI_VMKernel.C:424
#2  0x14bd1c9bc49b in _ZN5ESMCI3VMK4initEib
	at /home/mpotts/gfortran_9.3.0_openmpi_g_develop/src/Infrastructure/VM/src/ESMCI_VMKernel.C:424
#2  0x14b17b09449b in _ZN5ESMCI3VMK4initEib
	at /home/mpotts/gfortran_9.3.0_openmpi_g_develop/src/Infrastructure/VM/src/ESMCI_VMKernel.C:424
#2  0x14d5abb9e49b in _ZN5ESMCI3VMK4initEib
	at /home/mpotts/gfortran_9.3.0_openmpi_g_develop/src/Infrastructure/VM/src/ESMCI_VMKernel.C:424
#3  0x14b17b08a9f0 in _ZN5ESMCI2VM10initializeEibPi
	at /home/mpotts/gfortran_9.3.0_openmpi_g_develop/src/Infrastructure/VM/src/ESMCI_VM.C:3081
#3  0x14ca968909f0 in _ZN5ESMCI2VM10initializeEibPi
	at /home/mpotts/gfortran_9.3.0_openmpi_g_develop/src/Infrastructure/VM/src/ESMCI_VM.C:3081
#3  0x14bd1c9b29f0 in _ZN5ESMCI2VM10initializeEibPi
	at /home/mpotts/gfortran_9.3.0_openmpi_g_develop/src/Infrastructure/VM/src/ESMCI_VM.C:3081
#3  0x14d5abb949f0 in _ZN5ESMCI2VM10initializeEibPi
	at /home/mpotts/gfortran_9.3.0_openmpi_g_develop/src/Infrastructure/VM/src/ESMCI_VM.C:3081
#4  0x14bd1c9d8fc1 in c_esmc_vminitialize_
	at /home/mpotts/gfortran_9.3.0_openmpi_g_develop/src/Infrastructure/VM/interface/ESMCI_VM_F.C:1147
#4  0x14b17b0b0fc1 in c_esmc_vminitialize_
	at /home/mpotts/gfortran_9.3.0_openmpi_g_develop/src/Infrastructure/VM/interface/ESMCI_VM_F.C:1147
#4  0x14ca968b6fc1 in c_esmc_vminitialize_
	at /home/mpotts/gfortran_9.3.0_openmpi_g_develop/src/Infrastructure/VM/interface/ESMCI_VM_F.C:1147
#4  0x14d5abbbafc1 in c_esmc_vminitialize_
	at /home/mpotts/gfortran_9.3.0_openmpi_g_develop/src/Infrastructure/VM/interface/ESMCI_VM_F.C:1147
#5  0x14ca9762f390 in __esmf_vmmod_MOD_esmf_vminitialize
	at /home/mpotts/gfortran_9.3.0_openmpi_g_develop/src/Infrastructure/VM/interface/ESMF_VM.F90:9254
#5  0x14bd1d751390 in __esmf_vmmod_MOD_esmf_vminitialize
	at /home/mpotts/gfortran_9.3.0_openmpi_g_develop/src/Infrastructure/VM/interface/ESMF_VM.F90:9254
#5  0x14b17be29390 in __esmf_vmmod_MOD_esmf_vminitialize
	at /home/mpotts/gfortran_9.3.0_openmpi_g_develop/src/Infrastructure/VM/interface/ESMF_VM.F90:9254
#5  0x14d5ac933390 in __esmf_vmmod_MOD_esmf_vminitialize
	at /home/mpotts/gfortran_9.3.0_openmpi_g_develop/src/Infrastructure/VM/interface/ESMF_VM.F90:9254
#6  0x14b17bba1835 in __esmf_initmod_MOD_esmf_frameworkinternalinit
	at /home/mpotts/gfortran_9.3.0_openmpi_g_develop/src/Superstructure/ESMFMod/src/ESMF_Init.F90:881
#7  0x14b17bba41d7 in __esmf_initmod_MOD_esmf_initialize
	at /home/mpotts/gfortran_9.3.0_openmpi_g_develop/src/Superstructure/ESMFMod/src/ESMF_Init.F90:286
#6  0x14ca973a7835 in __esmf_initmod_MOD_esmf_frameworkinternalinit
	at /home/mpotts/gfortran_9.3.0_openmpi_g_develop/src/Superstructure/ESMFMod/src/ESMF_Init.F90:881
#7  0x14ca973aa1d7 in __esmf_initmod_MOD_esmf_initialize
	at /home/mpotts/gfortran_9.3.0_openmpi_g_develop/src/Superstructure/ESMFMod/src/ESMF_Init.F90:286
#6  0x14bd1d4c9835 in __esmf_initmod_MOD_esmf_frameworkinternalinit
	at /home/mpotts/gfortran_9.3.0_openmpi_g_develop/src/Superstructure/ESMFMod/src/ESMF_Init.F90:881
#7  0x14bd1d4cc1d7 in __esmf_initmod_MOD_esmf_initialize
	at /home/mpotts/gfortran_9.3.0_openmpi_g_develop/src/Superstructure/ESMFMod/src/ESMF_Init.F90:286
#6  0x14d5ac6ab835 in __esmf_initmod_MOD_esmf_frameworkinternalinit
	at /home/mpotts/gfortran_9.3.0_openmpi_g_develop/src/Superstructure/ESMFMod/src/ESMF_Init.F90:881
#7  0x14d5ac6ae1d7 in __esmf_initmod_MOD_esmf_initialize
	at /home/mpotts/gfortran_9.3.0_openmpi_g_develop/src/Superstructure/ESMFMod/src/ESMF_Init.F90:286
#8  0x401256 in esmf_vmhigherrankdataex
	at /home/mpotts/gfortran_9.3.0_openmpi_g_develop/src/Infrastructure/VM/examples/ESMF_VMHigherRankDataEx.F90:73
#9  0x40289d in main
	at /home/mpotts/gfortran_9.3.0_openmpi_g_develop/src/Infrastructure/VM/examples/ESMF_VMHigherRankDataEx.F90:40
#8  0x401256 in esmf_vmhigherrankdataex
	at /home/mpotts/gfortran_9.3.0_openmpi_g_develop/src/Infrastructure/VM/examples/ESMF_VMHigherRankDataEx.F90:73
#9  0x40289d in main
	at /home/mpotts/gfortran_9.3.0_openmpi_g_develop/src/Infrastructure/VM/examples/ESMF_VMHigherRankDataEx.F90:40
#8  0x401256 in esmf_vmhigherrankdataex
	at /home/mpotts/gfortran_9.3.0_openmpi_g_develop/src/Infrastructure/VM/examples/ESMF_VMHigherRankDataEx.F90:73
#9  0x40289d in main
	at /home/mpotts/gfortran_9.3.0_openmpi_g_develop/src/Infrastructure/VM/examples/ESMF_VMHigherRankDataEx.F90:40
#8  0x401256 in esmf_vmhigherrankdataex
	at /home/mpotts/gfortran_9.3.0_openmpi_g_develop/src/Infrastructure/VM/examples/ESMF_VMHigherRankDataEx.F90:73
#9  0x40289d in main
	at /home/mpotts/gfortran_9.3.0_openmpi_g_develop/src/Infrastructure/VM/examples/ESMF_VMHigherRankDataEx.F90:40
--------------------------------------------------------------------------
Primary job  terminated normally, but 1 process returned
a non-zero exit code. Per user-direction, the job has been aborted.
--------------------------------------------------------------------------
--------------------------------------------------------------------------
mpirun noticed that process rank 0 with PID 0 on node chianti exited on signal 11 (Segmentation fault).
--------------------------------------------------------------------------
