build time -- 2021-09-25 18:40:36.142365

Program received signal SIGSEGV: Segmentation fault - invalid memory reference.

Backtrace for this error:

Program received signal SIGSEGV: Segmentation fault - invalid memory reference.

Backtrace for this error:

Program received signal SIGSEGV: Segmentation fault - invalid memory reference.

Backtrace for this error:

Program received signal SIGSEGV: Segmentation fault - invalid memory reference.

Backtrace for this error:
#0  0x7f5b2c665f1f in ???
#1  0x7f5b2db8f447 in ???
#0  0x7f93418b7f1f in ???
#1  0x7f9342de1447 in ???
#0  0x7f51b68eff1f in ???
#1  0x7f51b7e19447 in ???
#0  0x7f0bf524af1f in ???
#1  0x7f0bf6774447 in ???
#2  0x7f51ba6de617 in _ZN5ESMCI3VMK4initEib
	at /home/mpotts/gfortran_9.3.0_openmpi_g_develop/src/Infrastructure/VM/src/ESMCI_VMKernel.C:424
#2  0x7f5b30454617 in _ZN5ESMCI3VMK4initEib
	at /home/mpotts/gfortran_9.3.0_openmpi_g_develop/src/Infrastructure/VM/src/ESMCI_VMKernel.C:424
#2  0x7f0bf9039617 in _ZN5ESMCI3VMK4initEib
	at /home/mpotts/gfortran_9.3.0_openmpi_g_develop/src/Infrastructure/VM/src/ESMCI_VMKernel.C:424
#2  0x7f93456a6617 in _ZN5ESMCI3VMK4initEib
	at /home/mpotts/gfortran_9.3.0_openmpi_g_develop/src/Infrastructure/VM/src/ESMCI_VMKernel.C:424
#3  0x7f5b3044ab6c in _ZN5ESMCI2VM10initializeEibPi
	at /home/mpotts/gfortran_9.3.0_openmpi_g_develop/src/Infrastructure/VM/src/ESMCI_VM.C:3081
#3  0x7f51ba6d4b6c in _ZN5ESMCI2VM10initializeEibPi
	at /home/mpotts/gfortran_9.3.0_openmpi_g_develop/src/Infrastructure/VM/src/ESMCI_VM.C:3081
#3  0x7f0bf902fb6c in _ZN5ESMCI2VM10initializeEibPi
	at /home/mpotts/gfortran_9.3.0_openmpi_g_develop/src/Infrastructure/VM/src/ESMCI_VM.C:3081
#3  0x7f934569cb6c in _ZN5ESMCI2VM10initializeEibPi
	at /home/mpotts/gfortran_9.3.0_openmpi_g_develop/src/Infrastructure/VM/src/ESMCI_VM.C:3081
#4  0x7f51ba6fb13d in c_esmc_vminitialize_
	at /home/mpotts/gfortran_9.3.0_openmpi_g_develop/src/Infrastructure/VM/interface/ESMCI_VM_F.C:1147
#4  0x7f0bf905613d in c_esmc_vminitialize_
	at /home/mpotts/gfortran_9.3.0_openmpi_g_develop/src/Infrastructure/VM/interface/ESMCI_VM_F.C:1147
#4  0x7f5b3047113d in c_esmc_vminitialize_
	at /home/mpotts/gfortran_9.3.0_openmpi_g_develop/src/Infrastructure/VM/interface/ESMCI_VM_F.C:1147
#4  0x7f93456c313d in c_esmc_vminitialize_
	at /home/mpotts/gfortran_9.3.0_openmpi_g_develop/src/Infrastructure/VM/interface/ESMCI_VM_F.C:1147
#5  0x7f51bb473c58 in __esmf_vmmod_MOD_esmf_vminitialize
	at /home/mpotts/gfortran_9.3.0_openmpi_g_develop/src/Infrastructure/VM/interface/ESMF_VM.F90:9254
#5  0x7f5b311e9c58 in __esmf_vmmod_MOD_esmf_vminitialize
	at /home/mpotts/gfortran_9.3.0_openmpi_g_develop/src/Infrastructure/VM/interface/ESMF_VM.F90:9254
#5  0x7f934643bc58 in __esmf_vmmod_MOD_esmf_vminitialize
	at /home/mpotts/gfortran_9.3.0_openmpi_g_develop/src/Infrastructure/VM/interface/ESMF_VM.F90:9254
#5  0x7f0bf9dcec58 in __esmf_vmmod_MOD_esmf_vminitialize
	at /home/mpotts/gfortran_9.3.0_openmpi_g_develop/src/Infrastructure/VM/interface/ESMF_VM.F90:9254
#6  0x7f5b30f61ee6 in __esmf_initmod_MOD_esmf_frameworkinternalinit
	at /home/mpotts/gfortran_9.3.0_openmpi_g_develop/src/Superstructure/ESMFMod/src/ESMF_Init.F90:1002
#7  0x7f5b30f64a84 in __esmf_initmod_MOD_esmf_initialize
	at /home/mpotts/gfortran_9.3.0_openmpi_g_develop/src/Superstructure/ESMFMod/src/ESMF_Init.F90:332
#6  0x7f51bb1ebee6 in __esmf_initmod_MOD_esmf_frameworkinternalinit
	at /home/mpotts/gfortran_9.3.0_openmpi_g_develop/src/Superstructure/ESMFMod/src/ESMF_Init.F90:1002
#7  0x7f51bb1eea84 in __esmf_initmod_MOD_esmf_initialize
	at /home/mpotts/gfortran_9.3.0_openmpi_g_develop/src/Superstructure/ESMFMod/src/ESMF_Init.F90:332
#6  0x7f0bf9b46ee6 in __esmf_initmod_MOD_esmf_frameworkinternalinit
	at /home/mpotts/gfortran_9.3.0_openmpi_g_develop/src/Superstructure/ESMFMod/src/ESMF_Init.F90:1002
#7  0x7f0bf9b49a84 in __esmf_initmod_MOD_esmf_initialize
	at /home/mpotts/gfortran_9.3.0_openmpi_g_develop/src/Superstructure/ESMFMod/src/ESMF_Init.F90:332
#6  0x7f93461b3ee6 in __esmf_initmod_MOD_esmf_frameworkinternalinit
	at /home/mpotts/gfortran_9.3.0_openmpi_g_develop/src/Superstructure/ESMFMod/src/ESMF_Init.F90:1002
#7  0x7f93461b6a84 in __esmf_initmod_MOD_esmf_initialize
	at /home/mpotts/gfortran_9.3.0_openmpi_g_develop/src/Superstructure/ESMFMod/src/ESMF_Init.F90:332
#8  0x40228c in esmf_nuopcbasicmodelex
	at /home/mpotts/gfortran_9.3.0_openmpi_g_develop/src/addon/NUOPC/examples/ESMF_NUOPCBasicModelEx.F90:306
#9  0x4026a7 in main
	at /home/mpotts/gfortran_9.3.0_openmpi_g_develop/src/addon/NUOPC/examples/ESMF_NUOPCBasicModelEx.F90:280
#8  0x40228c in esmf_nuopcbasicmodelex
	at /home/mpotts/gfortran_9.3.0_openmpi_g_develop/src/addon/NUOPC/examples/ESMF_NUOPCBasicModelEx.F90:306
#9  0x4026a7 in main
	at /home/mpotts/gfortran_9.3.0_openmpi_g_develop/src/addon/NUOPC/examples/ESMF_NUOPCBasicModelEx.F90:280
#8  0x40228c in esmf_nuopcbasicmodelex
	at /home/mpotts/gfortran_9.3.0_openmpi_g_develop/src/addon/NUOPC/examples/ESMF_NUOPCBasicModelEx.F90:306
#9  0x4026a7 in main
	at /home/mpotts/gfortran_9.3.0_openmpi_g_develop/src/addon/NUOPC/examples/ESMF_NUOPCBasicModelEx.F90:280
#8  0x40228c in esmf_nuopcbasicmodelex
	at /home/mpotts/gfortran_9.3.0_openmpi_g_develop/src/addon/NUOPC/examples/ESMF_NUOPCBasicModelEx.F90:306
#9  0x4026a7 in main
	at /home/mpotts/gfortran_9.3.0_openmpi_g_develop/src/addon/NUOPC/examples/ESMF_NUOPCBasicModelEx.F90:280
--------------------------------------------------------------------------
Primary job  terminated normally, but 1 process returned
a non-zero exit code. Per user-direction, the job has been aborted.
--------------------------------------------------------------------------
--------------------------------------------------------------------------
mpirun noticed that process rank 2 with PID 0 on node chianti exited on signal 11 (Segmentation fault).
--------------------------------------------------------------------------
