build time -- 2021-09-20 20:04:43.875145

Program received signal SIGSEGV: Segmentation fault - invalid memory reference.

Backtrace for this error:

Program received signal SIGSEGV: Segmentation fault - invalid memory reference.

Backtrace for this error:

Program received signal SIGSEGV: Segmentation fault - invalid memory reference.

Backtrace for this error:

Program received signal SIGSEGV: Segmentation fault - invalid memory reference.

Backtrace for this error:
#0  0x148343ff7f1f in ???
#1  0x148345521447 in ???
#0  0x1462ee9b5f1f in ???
#1  0x1462efedf447 in ???
#0  0x14fa883adf1f in ???
#1  0x14fa898d7447 in ???
#0  0x150eedbb5f1f in ???
#1  0x150eef0df447 in ???
#2  0x14fa8c19c49b in _ZN5ESMCI3VMK4initEib
	at /home/mpotts/gfortran_9.3.0_openmpi_g_develop/src/Infrastructure/VM/src/ESMCI_VMKernel.C:424
#2  0x148347de649b in _ZN5ESMCI3VMK4initEib
	at /home/mpotts/gfortran_9.3.0_openmpi_g_develop/src/Infrastructure/VM/src/ESMCI_VMKernel.C:424
#2  0x1462f27a449b in _ZN5ESMCI3VMK4initEib
	at /home/mpotts/gfortran_9.3.0_openmpi_g_develop/src/Infrastructure/VM/src/ESMCI_VMKernel.C:424
#2  0x150ef19a449b in _ZN5ESMCI3VMK4initEib
	at /home/mpotts/gfortran_9.3.0_openmpi_g_develop/src/Infrastructure/VM/src/ESMCI_VMKernel.C:424
#3  0x1462f279a9f0 in _ZN5ESMCI2VM10initializeEibPi
	at /home/mpotts/gfortran_9.3.0_openmpi_g_develop/src/Infrastructure/VM/src/ESMCI_VM.C:3081
#3  0x14fa8c1929f0 in _ZN5ESMCI2VM10initializeEibPi
	at /home/mpotts/gfortran_9.3.0_openmpi_g_develop/src/Infrastructure/VM/src/ESMCI_VM.C:3081
#3  0x148347ddc9f0 in _ZN5ESMCI2VM10initializeEibPi
	at /home/mpotts/gfortran_9.3.0_openmpi_g_develop/src/Infrastructure/VM/src/ESMCI_VM.C:3081
#4  0x1462f27c0fc1 in c_esmc_vminitialize_
	at /home/mpotts/gfortran_9.3.0_openmpi_g_develop/src/Infrastructure/VM/interface/ESMCI_VM_F.C:1147
#4  0x14fa8c1b8fc1 in c_esmc_vminitialize_
	at /home/mpotts/gfortran_9.3.0_openmpi_g_develop/src/Infrastructure/VM/interface/ESMCI_VM_F.C:1147
#4  0x148347e02fc1 in c_esmc_vminitialize_
	at /home/mpotts/gfortran_9.3.0_openmpi_g_develop/src/Infrastructure/VM/interface/ESMCI_VM_F.C:1147
#5  0x14fa8cf31390 in __esmf_vmmod_MOD_esmf_vminitialize
	at /home/mpotts/gfortran_9.3.0_openmpi_g_develop/src/Infrastructure/VM/interface/ESMF_VM.F90:9254
#5  0x1462f3539390 in __esmf_vmmod_MOD_esmf_vminitialize
	at /home/mpotts/gfortran_9.3.0_openmpi_g_develop/src/Infrastructure/VM/interface/ESMF_VM.F90:9254
#5  0x148348b7b390 in __esmf_vmmod_MOD_esmf_vminitialize
	at /home/mpotts/gfortran_9.3.0_openmpi_g_develop/src/Infrastructure/VM/interface/ESMF_VM.F90:9254
#6  0x1483488f3835 in __esmf_initmod_MOD_esmf_frameworkinternalinit
	at /home/mpotts/gfortran_9.3.0_openmpi_g_develop/src/Superstructure/ESMFMod/src/ESMF_Init.F90:881
#7  0x1483488f61d7 in __esmf_initmod_MOD_esmf_initialize
	at /home/mpotts/gfortran_9.3.0_openmpi_g_develop/src/Superstructure/ESMFMod/src/ESMF_Init.F90:286
#6  0x14fa8cca9835 in __esmf_initmod_MOD_esmf_frameworkinternalinit
	at /home/mpotts/gfortran_9.3.0_openmpi_g_develop/src/Superstructure/ESMFMod/src/ESMF_Init.F90:881
#7  0x14fa8ccac1d7 in __esmf_initmod_MOD_esmf_initialize
	at /home/mpotts/gfortran_9.3.0_openmpi_g_develop/src/Superstructure/ESMFMod/src/ESMF_Init.F90:286
#6  0x1462f32b1835 in __esmf_initmod_MOD_esmf_frameworkinternalinit
	at /home/mpotts/gfortran_9.3.0_openmpi_g_develop/src/Superstructure/ESMFMod/src/ESMF_Init.F90:881
#7  0x1462f32b41d7 in __esmf_initmod_MOD_esmf_initialize
	at /home/mpotts/gfortran_9.3.0_openmpi_g_develop/src/Superstructure/ESMFMod/src/ESMF_Init.F90:286
#8  0x4015cf in esmf_delayoutex
	at /home/mpotts/gfortran_9.3.0_openmpi_g_develop/src/Infrastructure/DELayout/examples/ESMF_DELayoutEx.F90:52
#9  0x4035e3 in main
	at /home/mpotts/gfortran_9.3.0_openmpi_g_develop/src/Infrastructure/DELayout/examples/ESMF_DELayoutEx.F90:20
#8  0x4015cf in esmf_delayoutex
	at /home/mpotts/gfortran_9.3.0_openmpi_g_develop/src/Infrastructure/DELayout/examples/ESMF_DELayoutEx.F90:52
#9  0x4035e3 in main
	at /home/mpotts/gfortran_9.3.0_openmpi_g_develop/src/Infrastructure/DELayout/examples/ESMF_DELayoutEx.F90:20
#8  0x4015cf in esmf_delayoutex
	at /home/mpotts/gfortran_9.3.0_openmpi_g_develop/src/Infrastructure/DELayout/examples/ESMF_DELayoutEx.F90:52
#9  0x4035e3 in main
	at /home/mpotts/gfortran_9.3.0_openmpi_g_develop/src/Infrastructure/DELayout/examples/ESMF_DELayoutEx.F90:20
#3  0x150ef199a9f0 in _ZN5ESMCI2VM10initializeEibPi
	at /home/mpotts/gfortran_9.3.0_openmpi_g_develop/src/Infrastructure/VM/src/ESMCI_VM.C:3081
#4  0x150ef19c0fc1 in c_esmc_vminitialize_
	at /home/mpotts/gfortran_9.3.0_openmpi_g_develop/src/Infrastructure/VM/interface/ESMCI_VM_F.C:1147
#5  0x150ef2739390 in __esmf_vmmod_MOD_esmf_vminitialize
	at /home/mpotts/gfortran_9.3.0_openmpi_g_develop/src/Infrastructure/VM/interface/ESMF_VM.F90:9254
#6  0x150ef24b1835 in __esmf_initmod_MOD_esmf_frameworkinternalinit
	at /home/mpotts/gfortran_9.3.0_openmpi_g_develop/src/Superstructure/ESMFMod/src/ESMF_Init.F90:881
#7  0x150ef24b41d7 in __esmf_initmod_MOD_esmf_initialize
	at /home/mpotts/gfortran_9.3.0_openmpi_g_develop/src/Superstructure/ESMFMod/src/ESMF_Init.F90:286
#8  0x4015cf in esmf_delayoutex
	at /home/mpotts/gfortran_9.3.0_openmpi_g_develop/src/Infrastructure/DELayout/examples/ESMF_DELayoutEx.F90:52
#9  0x4035e3 in main
	at /home/mpotts/gfortran_9.3.0_openmpi_g_develop/src/Infrastructure/DELayout/examples/ESMF_DELayoutEx.F90:20
--------------------------------------------------------------------------
Primary job  terminated normally, but 1 process returned
a non-zero exit code. Per user-direction, the job has been aborted.
--------------------------------------------------------------------------
--------------------------------------------------------------------------
mpirun noticed that process rank 0 with PID 0 on node chianti exited on signal 11 (Segmentation fault).
--------------------------------------------------------------------------
