build time -- 2021-09-25 18:40:36.142365

Program received signal SIGSEGV: Segmentation fault - invalid memory reference.

Backtrace for this error:

Program received signal SIGSEGV: Segmentation fault - invalid memory reference.

Backtrace for this error:

Program received signal SIGSEGV: Segmentation fault - invalid memory reference.

Backtrace for this error:

Program received signal SIGSEGV: Segmentation fault - invalid memory reference.

Backtrace for this error:
#0  0x7f11f8589f1f in ???
#1  0x7f11f9ab3447 in ???
#0  0x7f28ad455f1f in ???
#1  0x7f28ae97f447 in ???
#0  0x7f891b435f1f in ???
#1  0x7f891c95f447 in ???
#0  0x7ff89e9b9f1f in ???
#1  0x7ff89fee3447 in ???
#2  0x7f28b1244617 in _ZN5ESMCI3VMK4initEib
	at /home/mpotts/gfortran_9.3.0_openmpi_g_develop/src/Infrastructure/VM/src/ESMCI_VMKernel.C:424
#2  0x7ff8a27a8617 in _ZN5ESMCI3VMK4initEib
	at /home/mpotts/gfortran_9.3.0_openmpi_g_develop/src/Infrastructure/VM/src/ESMCI_VMKernel.C:424
#2  0x7f891f224617 in _ZN5ESMCI3VMK4initEib
	at /home/mpotts/gfortran_9.3.0_openmpi_g_develop/src/Infrastructure/VM/src/ESMCI_VMKernel.C:424
#2  0x7f11fc378617 in _ZN5ESMCI3VMK4initEib
	at /home/mpotts/gfortran_9.3.0_openmpi_g_develop/src/Infrastructure/VM/src/ESMCI_VMKernel.C:424
#3  0x7ff8a279eb6c in _ZN5ESMCI2VM10initializeEibPi
	at /home/mpotts/gfortran_9.3.0_openmpi_g_develop/src/Infrastructure/VM/src/ESMCI_VM.C:3081
#3  0x7f28b123ab6c in _ZN5ESMCI2VM10initializeEibPi
	at /home/mpotts/gfortran_9.3.0_openmpi_g_develop/src/Infrastructure/VM/src/ESMCI_VM.C:3081
#3  0x7f891f21ab6c in _ZN5ESMCI2VM10initializeEibPi
	at /home/mpotts/gfortran_9.3.0_openmpi_g_develop/src/Infrastructure/VM/src/ESMCI_VM.C:3081
#3  0x7f11fc36eb6c in _ZN5ESMCI2VM10initializeEibPi
	at /home/mpotts/gfortran_9.3.0_openmpi_g_develop/src/Infrastructure/VM/src/ESMCI_VM.C:3081
#4  0x7f28b126113d in c_esmc_vminitialize_
	at /home/mpotts/gfortran_9.3.0_openmpi_g_develop/src/Infrastructure/VM/interface/ESMCI_VM_F.C:1147
#4  0x7ff8a27c513d in c_esmc_vminitialize_
	at /home/mpotts/gfortran_9.3.0_openmpi_g_develop/src/Infrastructure/VM/interface/ESMCI_VM_F.C:1147
#4  0x7f891f24113d in c_esmc_vminitialize_
	at /home/mpotts/gfortran_9.3.0_openmpi_g_develop/src/Infrastructure/VM/interface/ESMCI_VM_F.C:1147
#4  0x7f11fc39513d in c_esmc_vminitialize_
	at /home/mpotts/gfortran_9.3.0_openmpi_g_develop/src/Infrastructure/VM/interface/ESMCI_VM_F.C:1147
#5  0x7ff8a353dc58 in __esmf_vmmod_MOD_esmf_vminitialize
	at /home/mpotts/gfortran_9.3.0_openmpi_g_develop/src/Infrastructure/VM/interface/ESMF_VM.F90:9254
#5  0x7f28b1fd9c58 in __esmf_vmmod_MOD_esmf_vminitialize
	at /home/mpotts/gfortran_9.3.0_openmpi_g_develop/src/Infrastructure/VM/interface/ESMF_VM.F90:9254
#5  0x7f891ffb9c58 in __esmf_vmmod_MOD_esmf_vminitialize
	at /home/mpotts/gfortran_9.3.0_openmpi_g_develop/src/Infrastructure/VM/interface/ESMF_VM.F90:9254
#5  0x7f11fd10dc58 in __esmf_vmmod_MOD_esmf_vminitialize
	at /home/mpotts/gfortran_9.3.0_openmpi_g_develop/src/Infrastructure/VM/interface/ESMF_VM.F90:9254
#6  0x7f28b1d51ee6 in __esmf_initmod_MOD_esmf_frameworkinternalinit
	at /home/mpotts/gfortran_9.3.0_openmpi_g_develop/src/Superstructure/ESMFMod/src/ESMF_Init.F90:1002
#7  0x7f28b1d54a84 in __esmf_initmod_MOD_esmf_initialize
	at /home/mpotts/gfortran_9.3.0_openmpi_g_develop/src/Superstructure/ESMFMod/src/ESMF_Init.F90:332
#6  0x7ff8a32b5ee6 in __esmf_initmod_MOD_esmf_frameworkinternalinit
	at /home/mpotts/gfortran_9.3.0_openmpi_g_develop/src/Superstructure/ESMFMod/src/ESMF_Init.F90:1002
#7  0x7ff8a32b8a84 in __esmf_initmod_MOD_esmf_initialize
	at /home/mpotts/gfortran_9.3.0_openmpi_g_develop/src/Superstructure/ESMFMod/src/ESMF_Init.F90:332
#6  0x7f891fd31ee6 in __esmf_initmod_MOD_esmf_frameworkinternalinit
	at /home/mpotts/gfortran_9.3.0_openmpi_g_develop/src/Superstructure/ESMFMod/src/ESMF_Init.F90:1002
#7  0x7f891fd34a84 in __esmf_initmod_MOD_esmf_initialize
	at /home/mpotts/gfortran_9.3.0_openmpi_g_develop/src/Superstructure/ESMFMod/src/ESMF_Init.F90:332
#6  0x7f11fce85ee6 in __esmf_initmod_MOD_esmf_frameworkinternalinit
	at /home/mpotts/gfortran_9.3.0_openmpi_g_develop/src/Superstructure/ESMFMod/src/ESMF_Init.F90:1002
#7  0x7f11fce88a84 in __esmf_initmod_MOD_esmf_initialize
	at /home/mpotts/gfortran_9.3.0_openmpi_g_develop/src/Superstructure/ESMFMod/src/ESMF_Init.F90:332
#8  0x401e17 in esmf_xgridex
	at /home/mpotts/gfortran_9.3.0_openmpi_g_develop/src/Infrastructure/XGrid/examples/ESMF_XGridEx.F90:65
#9  0x405ee6 in main
	at /home/mpotts/gfortran_9.3.0_openmpi_g_develop/src/Infrastructure/XGrid/examples/ESMF_XGridEx.F90:26
#8  0x401e17 in esmf_xgridex
	at /home/mpotts/gfortran_9.3.0_openmpi_g_develop/src/Infrastructure/XGrid/examples/ESMF_XGridEx.F90:65
#9  0x405ee6 in main
	at /home/mpotts/gfortran_9.3.0_openmpi_g_develop/src/Infrastructure/XGrid/examples/ESMF_XGridEx.F90:26
#8  0x401e17 in esmf_xgridex
	at /home/mpotts/gfortran_9.3.0_openmpi_g_develop/src/Infrastructure/XGrid/examples/ESMF_XGridEx.F90:65
#9  0x405ee6 in main
	at /home/mpotts/gfortran_9.3.0_openmpi_g_develop/src/Infrastructure/XGrid/examples/ESMF_XGridEx.F90:26
#8  0x401e17 in esmf_xgridex
	at /home/mpotts/gfortran_9.3.0_openmpi_g_develop/src/Infrastructure/XGrid/examples/ESMF_XGridEx.F90:65
#9  0x405ee6 in main
	at /home/mpotts/gfortran_9.3.0_openmpi_g_develop/src/Infrastructure/XGrid/examples/ESMF_XGridEx.F90:26
--------------------------------------------------------------------------
Primary job  terminated normally, but 1 process returned
a non-zero exit code. Per user-direction, the job has been aborted.
--------------------------------------------------------------------------
--------------------------------------------------------------------------
mpirun noticed that process rank 0 with PID 0 on node chianti exited on signal 11 (Segmentation fault).
--------------------------------------------------------------------------
