build time -- 2021-09-20 20:04:43.875145

Program received signal SIGSEGV: Segmentation fault - invalid memory reference.

Backtrace for this error:

Program received signal SIGSEGV: Segmentation fault - invalid memory reference.

Backtrace for this error:

Program received signal SIGSEGV: Segmentation fault - invalid memory reference.

Backtrace for this error:

Program received signal SIGSEGV: Segmentation fault - invalid memory reference.

Backtrace for this error:
#0  0x149102d24f1f in ???
#1  0x14910424e447 in ???
#0  0x1493fff7af1f in ???
#1  0x1494014a4447 in ???
#0  0x14f648f0bf1f in ???
#1  0x14f64a435447 in ???
#0  0x14d384412f1f in ???
#1  0x14d38593c447 in ???
#2  0x149403d6949b in _ZN5ESMCI3VMK4initEib
	at /home/mpotts/gfortran_9.3.0_openmpi_g_develop/src/Infrastructure/VM/src/ESMCI_VMKernel.C:424
#2  0x14f64ccfa49b in _ZN5ESMCI3VMK4initEib
	at /home/mpotts/gfortran_9.3.0_openmpi_g_develop/src/Infrastructure/VM/src/ESMCI_VMKernel.C:424
#2  0x149106b1349b in _ZN5ESMCI3VMK4initEib
	at /home/mpotts/gfortran_9.3.0_openmpi_g_develop/src/Infrastructure/VM/src/ESMCI_VMKernel.C:424
#2  0x14d38820149b in _ZN5ESMCI3VMK4initEib
	at /home/mpotts/gfortran_9.3.0_openmpi_g_develop/src/Infrastructure/VM/src/ESMCI_VMKernel.C:424
#3  0x149106b099f0 in _ZN5ESMCI2VM10initializeEibPi
	at /home/mpotts/gfortran_9.3.0_openmpi_g_develop/src/Infrastructure/VM/src/ESMCI_VM.C:3081
#3  0x14f64ccf09f0 in _ZN5ESMCI2VM10initializeEibPi
	at /home/mpotts/gfortran_9.3.0_openmpi_g_develop/src/Infrastructure/VM/src/ESMCI_VM.C:3081
#3  0x149403d5f9f0 in _ZN5ESMCI2VM10initializeEibPi
	at /home/mpotts/gfortran_9.3.0_openmpi_g_develop/src/Infrastructure/VM/src/ESMCI_VM.C:3081
#3  0x14d3881f79f0 in _ZN5ESMCI2VM10initializeEibPi
	at /home/mpotts/gfortran_9.3.0_openmpi_g_develop/src/Infrastructure/VM/src/ESMCI_VM.C:3081
#4  0x149403d85fc1 in c_esmc_vminitialize_
	at /home/mpotts/gfortran_9.3.0_openmpi_g_develop/src/Infrastructure/VM/interface/ESMCI_VM_F.C:1147
#4  0x149106b2ffc1 in c_esmc_vminitialize_
	at /home/mpotts/gfortran_9.3.0_openmpi_g_develop/src/Infrastructure/VM/interface/ESMCI_VM_F.C:1147
#4  0x14f64cd16fc1 in c_esmc_vminitialize_
	at /home/mpotts/gfortran_9.3.0_openmpi_g_develop/src/Infrastructure/VM/interface/ESMCI_VM_F.C:1147
#4  0x14d38821dfc1 in c_esmc_vminitialize_
	at /home/mpotts/gfortran_9.3.0_openmpi_g_develop/src/Infrastructure/VM/interface/ESMCI_VM_F.C:1147
#5  0x14f64da8f390 in __esmf_vmmod_MOD_esmf_vminitialize
	at /home/mpotts/gfortran_9.3.0_openmpi_g_develop/src/Infrastructure/VM/interface/ESMF_VM.F90:9254
#5  0x149404afe390 in __esmf_vmmod_MOD_esmf_vminitialize
	at /home/mpotts/gfortran_9.3.0_openmpi_g_develop/src/Infrastructure/VM/interface/ESMF_VM.F90:9254
#5  0x1491078a8390 in __esmf_vmmod_MOD_esmf_vminitialize
	at /home/mpotts/gfortran_9.3.0_openmpi_g_develop/src/Infrastructure/VM/interface/ESMF_VM.F90:9254
#6  0x149404876835 in __esmf_initmod_MOD_esmf_frameworkinternalinit
	at /home/mpotts/gfortran_9.3.0_openmpi_g_develop/src/Superstructure/ESMFMod/src/ESMF_Init.F90:881
#7  0x1494048791d7 in __esmf_initmod_MOD_esmf_initialize
	at /home/mpotts/gfortran_9.3.0_openmpi_g_develop/src/Superstructure/ESMFMod/src/ESMF_Init.F90:286
#6  0x14f64d807835 in __esmf_initmod_MOD_esmf_frameworkinternalinit
	at /home/mpotts/gfortran_9.3.0_openmpi_g_develop/src/Superstructure/ESMFMod/src/ESMF_Init.F90:881
#7  0x14f64d80a1d7 in __esmf_initmod_MOD_esmf_initialize
	at /home/mpotts/gfortran_9.3.0_openmpi_g_develop/src/Superstructure/ESMFMod/src/ESMF_Init.F90:286
#8  0x40168c in esmf_arraylarrayex
	at /home/mpotts/gfortran_9.3.0_openmpi_g_develop/src/Infrastructure/Array/examples/ESMF_ArrayLarrayEx.F90:84
#9  0x403d41 in main
	at /home/mpotts/gfortran_9.3.0_openmpi_g_develop/src/Infrastructure/Array/examples/ESMF_ArrayLarrayEx.F90:36
#6  0x149107620835 in __esmf_initmod_MOD_esmf_frameworkinternalinit
	at /home/mpotts/gfortran_9.3.0_openmpi_g_develop/src/Superstructure/ESMFMod/src/ESMF_Init.F90:881
#7  0x1491076231d7 in __esmf_initmod_MOD_esmf_initialize
	at /home/mpotts/gfortran_9.3.0_openmpi_g_develop/src/Superstructure/ESMFMod/src/ESMF_Init.F90:286
#8  0x40168c in esmf_arraylarrayex
	at /home/mpotts/gfortran_9.3.0_openmpi_g_develop/src/Infrastructure/Array/examples/ESMF_ArrayLarrayEx.F90:84
#9  0x403d41 in main
	at /home/mpotts/gfortran_9.3.0_openmpi_g_develop/src/Infrastructure/Array/examples/ESMF_ArrayLarrayEx.F90:36
#8  0x40168c in esmf_arraylarrayex
	at /home/mpotts/gfortran_9.3.0_openmpi_g_develop/src/Infrastructure/Array/examples/ESMF_ArrayLarrayEx.F90:84
#9  0x403d41 in main
	at /home/mpotts/gfortran_9.3.0_openmpi_g_develop/src/Infrastructure/Array/examples/ESMF_ArrayLarrayEx.F90:36
#5  0x14d388f96390 in __esmf_vmmod_MOD_esmf_vminitialize
	at /home/mpotts/gfortran_9.3.0_openmpi_g_develop/src/Infrastructure/VM/interface/ESMF_VM.F90:9254
#6  0x14d388d0e835 in __esmf_initmod_MOD_esmf_frameworkinternalinit
	at /home/mpotts/gfortran_9.3.0_openmpi_g_develop/src/Superstructure/ESMFMod/src/ESMF_Init.F90:881
#7  0x14d388d111d7 in __esmf_initmod_MOD_esmf_initialize
	at /home/mpotts/gfortran_9.3.0_openmpi_g_develop/src/Superstructure/ESMFMod/src/ESMF_Init.F90:286
#8  0x40168c in esmf_arraylarrayex
	at /home/mpotts/gfortran_9.3.0_openmpi_g_develop/src/Infrastructure/Array/examples/ESMF_ArrayLarrayEx.F90:84
#9  0x403d41 in main
	at /home/mpotts/gfortran_9.3.0_openmpi_g_develop/src/Infrastructure/Array/examples/ESMF_ArrayLarrayEx.F90:36
--------------------------------------------------------------------------
Primary job  terminated normally, but 1 process returned
a non-zero exit code. Per user-direction, the job has been aborted.
--------------------------------------------------------------------------
--------------------------------------------------------------------------
mpirun noticed that process rank 3 with PID 0 on node chianti exited on signal 11 (Segmentation fault).
--------------------------------------------------------------------------
