build time -- 2021-09-21 18:40:14.219829

Program received signal SIGSEGV: Segmentation fault - invalid memory reference.

Backtrace for this error:

Program received signal SIGSEGV: Segmentation fault - invalid memory reference.

Backtrace for this error:

Program received signal SIGSEGV: Segmentation fault - invalid memory reference.

Backtrace for this error:

Program received signal SIGSEGV: Segmentation fault - invalid memory reference.

Backtrace for this error:
#0  0x7f53af0b1f1f in ???
#1  0x7f53b05db447 in ???
#0  0x7f46afc13f1f in ???
#1  0x7f46b113d447 in ???
#0  0x7f55a6f3df1f in ???
#1  0x7f55a8467447 in ???
#2  0x7f53b2ea049b in _ZN5ESMCI3VMK4initEib
	at /home/mpotts/gfortran_9.3.0_openmpi_g_develop/src/Infrastructure/VM/src/ESMCI_VMKernel.C:424
#2  0x7f46b3a0249b in _ZN5ESMCI3VMK4initEib
	at /home/mpotts/gfortran_9.3.0_openmpi_g_develop/src/Infrastructure/VM/src/ESMCI_VMKernel.C:424
#2  0x7f55aad2c49b in _ZN5ESMCI3VMK4initEib
	at /home/mpotts/gfortran_9.3.0_openmpi_g_develop/src/Infrastructure/VM/src/ESMCI_VMKernel.C:424
#0  0x7fea1265bf1f in ???
#1  0x7fea13b85447 in ???
#3  0x7f55aad229f0 in _ZN5ESMCI2VM10initializeEibPi
	at /home/mpotts/gfortran_9.3.0_openmpi_g_develop/src/Infrastructure/VM/src/ESMCI_VM.C:3081
#3  0x7f46b39f89f0 in _ZN5ESMCI2VM10initializeEibPi
	at /home/mpotts/gfortran_9.3.0_openmpi_g_develop/src/Infrastructure/VM/src/ESMCI_VM.C:3081
#3  0x7f53b2e969f0 in _ZN5ESMCI2VM10initializeEibPi
	at /home/mpotts/gfortran_9.3.0_openmpi_g_develop/src/Infrastructure/VM/src/ESMCI_VM.C:3081
#4  0x7f55aad48fc1 in c_esmc_vminitialize_
	at /home/mpotts/gfortran_9.3.0_openmpi_g_develop/src/Infrastructure/VM/interface/ESMCI_VM_F.C:1147
#4  0x7f46b3a1efc1 in c_esmc_vminitialize_
	at /home/mpotts/gfortran_9.3.0_openmpi_g_develop/src/Infrastructure/VM/interface/ESMCI_VM_F.C:1147
#4  0x7f53b2ebcfc1 in c_esmc_vminitialize_
	at /home/mpotts/gfortran_9.3.0_openmpi_g_develop/src/Infrastructure/VM/interface/ESMCI_VM_F.C:1147
#5  0x7f46b4797390 in __esmf_vmmod_MOD_esmf_vminitialize
	at /home/mpotts/gfortran_9.3.0_openmpi_g_develop/src/Infrastructure/VM/interface/ESMF_VM.F90:9254
#5  0x7f55abac1390 in __esmf_vmmod_MOD_esmf_vminitialize
	at /home/mpotts/gfortran_9.3.0_openmpi_g_develop/src/Infrastructure/VM/interface/ESMF_VM.F90:9254
#5  0x7f53b3c35390 in __esmf_vmmod_MOD_esmf_vminitialize
	at /home/mpotts/gfortran_9.3.0_openmpi_g_develop/src/Infrastructure/VM/interface/ESMF_VM.F90:9254
#6  0x7f55ab839835 in __esmf_initmod_MOD_esmf_frameworkinternalinit
	at /home/mpotts/gfortran_9.3.0_openmpi_g_develop/src/Superstructure/ESMFMod/src/ESMF_Init.F90:881
#7  0x7f55ab83c1d7 in __esmf_initmod_MOD_esmf_initialize
	at /home/mpotts/gfortran_9.3.0_openmpi_g_develop/src/Superstructure/ESMFMod/src/ESMF_Init.F90:286
#6  0x7f53b39ad835 in __esmf_initmod_MOD_esmf_frameworkinternalinit
	at /home/mpotts/gfortran_9.3.0_openmpi_g_develop/src/Superstructure/ESMFMod/src/ESMF_Init.F90:881
#7  0x7f53b39b01d7 in __esmf_initmod_MOD_esmf_initialize
	at /home/mpotts/gfortran_9.3.0_openmpi_g_develop/src/Superstructure/ESMFMod/src/ESMF_Init.F90:286
#6  0x7f46b450f835 in __esmf_initmod_MOD_esmf_frameworkinternalinit
	at /home/mpotts/gfortran_9.3.0_openmpi_g_develop/src/Superstructure/ESMFMod/src/ESMF_Init.F90:881
#7  0x7f46b45121d7 in __esmf_initmod_MOD_esmf_initialize
	at /home/mpotts/gfortran_9.3.0_openmpi_g_develop/src/Superstructure/ESMFMod/src/ESMF_Init.F90:286
#8  0x401d7e in esmf_appmainex
	at /home/mpotts/gfortran_9.3.0_openmpi_g_develop/src/Superstructure/Component/examples/ESMF_CplEx.F90:294
#9  0x402a1e in main
	at /home/mpotts/gfortran_9.3.0_openmpi_g_develop/src/Superstructure/Component/examples/ESMF_CplEx.F90:257
#8  0x401d7e in esmf_appmainex
	at /home/mpotts/gfortran_9.3.0_openmpi_g_develop/src/Superstructure/Component/examples/ESMF_CplEx.F90:294
#9  0x402a1e in main
	at /home/mpotts/gfortran_9.3.0_openmpi_g_develop/src/Superstructure/Component/examples/ESMF_CplEx.F90:257
#8  0x401d7e in esmf_appmainex
	at /home/mpotts/gfortran_9.3.0_openmpi_g_develop/src/Superstructure/Component/examples/ESMF_CplEx.F90:294
#9  0x402a1e in main
	at /home/mpotts/gfortran_9.3.0_openmpi_g_develop/src/Superstructure/Component/examples/ESMF_CplEx.F90:257
#2  0x7fea1644a49b in _ZN5ESMCI3VMK4initEib
	at /home/mpotts/gfortran_9.3.0_openmpi_g_develop/src/Infrastructure/VM/src/ESMCI_VMKernel.C:424
#3  0x7fea164409f0 in _ZN5ESMCI2VM10initializeEibPi
	at /home/mpotts/gfortran_9.3.0_openmpi_g_develop/src/Infrastructure/VM/src/ESMCI_VM.C:3081
#4  0x7fea16466fc1 in c_esmc_vminitialize_
	at /home/mpotts/gfortran_9.3.0_openmpi_g_develop/src/Infrastructure/VM/interface/ESMCI_VM_F.C:1147
#5  0x7fea171df390 in __esmf_vmmod_MOD_esmf_vminitialize
	at /home/mpotts/gfortran_9.3.0_openmpi_g_develop/src/Infrastructure/VM/interface/ESMF_VM.F90:9254
#6  0x7fea16f57835 in __esmf_initmod_MOD_esmf_frameworkinternalinit
	at /home/mpotts/gfortran_9.3.0_openmpi_g_develop/src/Superstructure/ESMFMod/src/ESMF_Init.F90:881
#7  0x7fea16f5a1d7 in __esmf_initmod_MOD_esmf_initialize
	at /home/mpotts/gfortran_9.3.0_openmpi_g_develop/src/Superstructure/ESMFMod/src/ESMF_Init.F90:286
#8  0x401d7e in esmf_appmainex
	at /home/mpotts/gfortran_9.3.0_openmpi_g_develop/src/Superstructure/Component/examples/ESMF_CplEx.F90:294
#9  0x402a1e in main
	at /home/mpotts/gfortran_9.3.0_openmpi_g_develop/src/Superstructure/Component/examples/ESMF_CplEx.F90:257
--------------------------------------------------------------------------
Primary job  terminated normally, but 1 process returned
a non-zero exit code. Per user-direction, the job has been aborted.
--------------------------------------------------------------------------
--------------------------------------------------------------------------
mpirun noticed that process rank 1 with PID 0 on node chianti exited on signal 11 (Segmentation fault).
--------------------------------------------------------------------------
