build time -- 2021-06-16 02:01:03.698512
 Field rank, dimCount           2           3
 Field with replicated dimension returned
 Field with replicated dimension returned
  PASS  Example ESMF_FieldArbGridEx, ESMF_FieldArbGridEx.F90, line 243
 Field with replicated dimension returned
  PASS  Example ESMF_FieldArbGridEx, ESMF_FieldArbGridEx.F90, line 243
 Field rank, dimCount           2           2
 Field with replicated dimension returned
  PASS  Example ESMF_FieldArbGridEx, ESMF_FieldArbGridEx.F90, line 243
  PASS  Example ESMF_FieldArbGridEx, ESMF_FieldArbGridEx.F90, line 243
malloc_consolidate(): invalid chunk size

Program received signal SIGABRT: Process abort signal.

Backtrace for this error:
malloc_consolidate(): invalid chunk size
malloc_consolidate(): invalid chunk size

Program received signal SIGABRT: Process abort signal.

Backtrace for this error:

Program received signal SIGABRT: Process abort signal.

Backtrace for this error:
malloc_consolidate(): invalid chunk size

Program received signal SIGABRT: Process abort signal.

Backtrace for this error:
#0  0x7f2643dc6f1f in ???
#1  0x7f2643dc6e97 in ???
#2  0x7f2643dc8800 in ???
#3  0x7f2643e11896 in ???
#4  0x7f2643e18909 in ???
#5  0x7f2643e18bad in ???
#6  0x7f2643e2003a in ???
#7  0x7f26436be198 in ???
#8  0x7f26436bc6e9 in ???
#9  0x7f264369add1 in ???
#10  0x7f264531b721 in ???
#0  0x7f68a1b89f1f in ???
#1  0x7f68a1b89e97 in ???
#2  0x7f68a1b8b800 in ???
#3  0x7f68a1bd4896 in ???
#4  0x7f68a1bdb909 in ???
#5  0x7f68a1bdbbad in ???
#6  0x7f68a1be303a in ???
#7  0x7f68a1481198 in ???
#8  0x7f68a147f6e9 in ???
#9  0x7f68a145ddd1 in ???
#10  0x7f68a30de721 in ???
#0  0x7fa0ec757f1f in ???
#1  0x7fa0ec757e97 in ???
#2  0x7fa0ec759800 in ???
#3  0x7fa0ec7a2896 in ???
#4  0x7fa0ec7a9909 in ???
#5  0x7fa0ec7a9bad in ???
#6  0x7fa0ec7b103a in ???
#7  0x7fa0ec04f198 in ???
#8  0x7fa0ec04d6e9 in ???
#9  0x7fa0ec02bdd1 in ???
#10  0x7fa0edcac721 in ???
#0  0x7f54d3b13f1f in ???
#1  0x7f54d3b13e97 in ???
#2  0x7f54d3b15800 in ???
#3  0x7f54d3b5e896 in ???
#4  0x7f54d3b65909 in ???
#5  0x7f54d3b65bad in ???
#6  0x7f54d3b6d03a in ???
#7  0x7f54d340b198 in ???
#8  0x7f54d34096e9 in ???
#9  0x7f54d33e7dd1 in ???
#10  0x7f54d5068721 in ???
#11  0x7fa0f055c8f8 in _ZN5ESMCI3VMK8finalizeEi
	at /home/mpotts/gfortran_9.3.0_openmpi_g_develop/src/Infrastructure/VM/src/ESMCI_VMKernel.C:678
#11  0x7f2647bcb8f8 in _ZN5ESMCI3VMK8finalizeEi
	at /home/mpotts/gfortran_9.3.0_openmpi_g_develop/src/Infrastructure/VM/src/ESMCI_VMKernel.C:678
#11  0x7f68a598e8f8 in _ZN5ESMCI3VMK8finalizeEi
	at /home/mpotts/gfortran_9.3.0_openmpi_g_develop/src/Infrastructure/VM/src/ESMCI_VMKernel.C:678
#11  0x7f54d79188f8 in _ZN5ESMCI3VMK8finalizeEi
	at /home/mpotts/gfortran_9.3.0_openmpi_g_develop/src/Infrastructure/VM/src/ESMCI_VMKernel.C:678
#12  0x7f68a5985b1a in _ZN5ESMCI2VM8finalizeEP12ESMC_LogicalPi
	at /home/mpotts/gfortran_9.3.0_openmpi_g_develop/src/Infrastructure/VM/src/ESMCI_VM.C:3419
#12  0x7fa0f0553b1a in _ZN5ESMCI2VM8finalizeEP12ESMC_LogicalPi
	at /home/mpotts/gfortran_9.3.0_openmpi_g_develop/src/Infrastructure/VM/src/ESMCI_VM.C:3419
#12  0x7f2647bc2b1a in _ZN5ESMCI2VM8finalizeEP12ESMC_LogicalPi
	at /home/mpotts/gfortran_9.3.0_openmpi_g_develop/src/Infrastructure/VM/src/ESMCI_VM.C:3419
#12  0x7f54d790fb1a in _ZN5ESMCI2VM8finalizeEP12ESMC_LogicalPi
	at /home/mpotts/gfortran_9.3.0_openmpi_g_develop/src/Infrastructure/VM/src/ESMCI_VM.C:3419
#13  0x7f2647be7915 in c_esmc_vmfinalize_
	at /home/mpotts/gfortran_9.3.0_openmpi_g_develop/src/Infrastructure/VM/interface/ESMCI_VM_F.C:1153
#13  0x7f68a59aa915 in c_esmc_vmfinalize_
	at /home/mpotts/gfortran_9.3.0_openmpi_g_develop/src/Infrastructure/VM/interface/ESMCI_VM_F.C:1153
#13  0x7fa0f0578915 in c_esmc_vmfinalize_
	at /home/mpotts/gfortran_9.3.0_openmpi_g_develop/src/Infrastructure/VM/interface/ESMCI_VM_F.C:1153
#13  0x7f54d7934915 in c_esmc_vmfinalize_
	at /home/mpotts/gfortran_9.3.0_openmpi_g_develop/src/Infrastructure/VM/interface/ESMCI_VM_F.C:1153
#14  0x7fa0f13089dd in __esmf_vmmod_MOD_esmf_vmfinalize
	at /home/mpotts/gfortran_9.3.0_openmpi_g_develop/src/Infrastructure/VM/interface/ESMF_VM.F90:9286
#14  0x7f26489779dd in __esmf_vmmod_MOD_esmf_vmfinalize
	at /home/mpotts/gfortran_9.3.0_openmpi_g_develop/src/Infrastructure/VM/interface/ESMF_VM.F90:9286
#14  0x7f68a673a9dd in __esmf_vmmod_MOD_esmf_vmfinalize
	at /home/mpotts/gfortran_9.3.0_openmpi_g_develop/src/Infrastructure/VM/interface/ESMF_VM.F90:9286
#14  0x7f54d86c49dd in __esmf_vmmod_MOD_esmf_vmfinalize
	at /home/mpotts/gfortran_9.3.0_openmpi_g_develop/src/Infrastructure/VM/interface/ESMF_VM.F90:9286
#15  0x7fa0f106f5e6 in __esmf_initmod_MOD_esmf_finalize
	at /home/mpotts/gfortran_9.3.0_openmpi_g_develop/src/Superstructure/ESMFMod/src/ESMF_Init.F90:997
#15  0x7f54d842b5e6 in __esmf_initmod_MOD_esmf_finalize
	at /home/mpotts/gfortran_9.3.0_openmpi_g_develop/src/Superstructure/ESMFMod/src/ESMF_Init.F90:997
#15  0x7f68a64a15e6 in __esmf_initmod_MOD_esmf_finalize
	at /home/mpotts/gfortran_9.3.0_openmpi_g_develop/src/Superstructure/ESMFMod/src/ESMF_Init.F90:997
#15  0x7f26486de5e6 in __esmf_initmod_MOD_esmf_finalize
	at /home/mpotts/gfortran_9.3.0_openmpi_g_develop/src/Superstructure/ESMFMod/src/ESMF_Init.F90:997
#16  0x402df7 in esmf_fieldarggridex
	at /home/mpotts/gfortran_9.3.0_openmpi_g_develop/src/Infrastructure/Field/examples/ESMF_FieldArbGridEx.F90:257
#17  0x402f2a in main
	at /home/mpotts/gfortran_9.3.0_openmpi_g_develop/src/Infrastructure/Field/examples/ESMF_FieldArbGridEx.F90:26
#16  0x402df7 in esmf_fieldarggridex
	at /home/mpotts/gfortran_9.3.0_openmpi_g_develop/src/Infrastructure/Field/examples/ESMF_FieldArbGridEx.F90:257
#17  0x402f2a in main
	at /home/mpotts/gfortran_9.3.0_openmpi_g_develop/src/Infrastructure/Field/examples/ESMF_FieldArbGridEx.F90:26
#16  0x402df7 in esmf_fieldarggridex
	at /home/mpotts/gfortran_9.3.0_openmpi_g_develop/src/Infrastructure/Field/examples/ESMF_FieldArbGridEx.F90:257
#17  0x402f2a in main
	at /home/mpotts/gfortran_9.3.0_openmpi_g_develop/src/Infrastructure/Field/examples/ESMF_FieldArbGridEx.F90:26
#16  0x402df7 in esmf_fieldarggridex
	at /home/mpotts/gfortran_9.3.0_openmpi_g_develop/src/Infrastructure/Field/examples/ESMF_FieldArbGridEx.F90:257
#17  0x402f2a in main
	at /home/mpotts/gfortran_9.3.0_openmpi_g_develop/src/Infrastructure/Field/examples/ESMF_FieldArbGridEx.F90:26
--------------------------------------------------------------------------
Primary job  terminated normally, but 1 process returned
a non-zero exit code. Per user-direction, the job has been aborted.
--------------------------------------------------------------------------
--------------------------------------------------------------------------
mpirun noticed that process rank 0 with PID 0 on node chianti exited on signal 6 (Aborted).
--------------------------------------------------------------------------
