build time -- 2021-09-25 18:40:36.142365

Program received signal SIGSEGV: Segmentation fault - invalid memory reference.

Backtrace for this error:

Program received signal SIGSEGV: Segmentation fault - invalid memory reference.

Backtrace for this error:

Program received signal SIGSEGV: Segmentation fault - invalid memory reference.

Backtrace for this error:

Program received signal SIGSEGV: Segmentation fault - invalid memory reference.

Backtrace for this error:
#0  0x7fc8b055cf1f in ???
#1  0x7fc8b1a86447 in ???
#0  0x7fc8773c1f1f in ???
#1  0x7fc8788eb447 in ???
#0  0x7f1057647f1f in ???
#1  0x7f1058b71447 in ???
#0  0x7f333503bf1f in ???
#1  0x7f3336565447 in ???
#2  0x7fc87b1b0617 in _ZN5ESMCI3VMK4initEib
	at /home/mpotts/gfortran_9.3.0_openmpi_g_develop/src/Infrastructure/VM/src/ESMCI_VMKernel.C:424
#2  0x7f105b436617 in _ZN5ESMCI3VMK4initEib
	at /home/mpotts/gfortran_9.3.0_openmpi_g_develop/src/Infrastructure/VM/src/ESMCI_VMKernel.C:424
#2  0x7fc8b434b617 in _ZN5ESMCI3VMK4initEib
	at /home/mpotts/gfortran_9.3.0_openmpi_g_develop/src/Infrastructure/VM/src/ESMCI_VMKernel.C:424
#2  0x7f3338e2a617 in _ZN5ESMCI3VMK4initEib
	at /home/mpotts/gfortran_9.3.0_openmpi_g_develop/src/Infrastructure/VM/src/ESMCI_VMKernel.C:424
#3  0x7fc87b1a6b6c in _ZN5ESMCI2VM10initializeEibPi
	at /home/mpotts/gfortran_9.3.0_openmpi_g_develop/src/Infrastructure/VM/src/ESMCI_VM.C:3081
#3  0x7fc8b4341b6c in _ZN5ESMCI2VM10initializeEibPi
	at /home/mpotts/gfortran_9.3.0_openmpi_g_develop/src/Infrastructure/VM/src/ESMCI_VM.C:3081
#3  0x7f105b42cb6c in _ZN5ESMCI2VM10initializeEibPi
	at /home/mpotts/gfortran_9.3.0_openmpi_g_develop/src/Infrastructure/VM/src/ESMCI_VM.C:3081
#3  0x7f3338e20b6c in _ZN5ESMCI2VM10initializeEibPi
	at /home/mpotts/gfortran_9.3.0_openmpi_g_develop/src/Infrastructure/VM/src/ESMCI_VM.C:3081
#4  0x7fc8b436813d in c_esmc_vminitialize_
	at /home/mpotts/gfortran_9.3.0_openmpi_g_develop/src/Infrastructure/VM/interface/ESMCI_VM_F.C:1147
#4  0x7fc87b1cd13d in c_esmc_vminitialize_
	at /home/mpotts/gfortran_9.3.0_openmpi_g_develop/src/Infrastructure/VM/interface/ESMCI_VM_F.C:1147
#4  0x7f105b45313d in c_esmc_vminitialize_
	at /home/mpotts/gfortran_9.3.0_openmpi_g_develop/src/Infrastructure/VM/interface/ESMCI_VM_F.C:1147
#4  0x7f3338e4713d in c_esmc_vminitialize_
	at /home/mpotts/gfortran_9.3.0_openmpi_g_develop/src/Infrastructure/VM/interface/ESMCI_VM_F.C:1147
#5  0x7fc87bf45c58 in __esmf_vmmod_MOD_esmf_vminitialize
	at /home/mpotts/gfortran_9.3.0_openmpi_g_develop/src/Infrastructure/VM/interface/ESMF_VM.F90:9254
#5  0x7fc8b50e0c58 in __esmf_vmmod_MOD_esmf_vminitialize
	at /home/mpotts/gfortran_9.3.0_openmpi_g_develop/src/Infrastructure/VM/interface/ESMF_VM.F90:9254
#5  0x7f105c1cbc58 in __esmf_vmmod_MOD_esmf_vminitialize
	at /home/mpotts/gfortran_9.3.0_openmpi_g_develop/src/Infrastructure/VM/interface/ESMF_VM.F90:9254
#6  0x7fc8b4e58ee6 in __esmf_initmod_MOD_esmf_frameworkinternalinit
	at /home/mpotts/gfortran_9.3.0_openmpi_g_develop/src/Superstructure/ESMFMod/src/ESMF_Init.F90:1002
#7  0x7fc8b4e5ba84 in __esmf_initmod_MOD_esmf_initialize
	at /home/mpotts/gfortran_9.3.0_openmpi_g_develop/src/Superstructure/ESMFMod/src/ESMF_Init.F90:332
#6  0x7fc87bcbdee6 in __esmf_initmod_MOD_esmf_frameworkinternalinit
	at /home/mpotts/gfortran_9.3.0_openmpi_g_develop/src/Superstructure/ESMFMod/src/ESMF_Init.F90:1002
#7  0x7fc87bcc0a84 in __esmf_initmod_MOD_esmf_initialize
	at /home/mpotts/gfortran_9.3.0_openmpi_g_develop/src/Superstructure/ESMFMod/src/ESMF_Init.F90:332
#5  0x7f3339bbfc58 in __esmf_vmmod_MOD_esmf_vminitialize
	at /home/mpotts/gfortran_9.3.0_openmpi_g_develop/src/Infrastructure/VM/interface/ESMF_VM.F90:9254
#6  0x7f105bf43ee6 in __esmf_initmod_MOD_esmf_frameworkinternalinit
	at /home/mpotts/gfortran_9.3.0_openmpi_g_develop/src/Superstructure/ESMFMod/src/ESMF_Init.F90:1002
#7  0x7f105bf46a84 in __esmf_initmod_MOD_esmf_initialize
	at /home/mpotts/gfortran_9.3.0_openmpi_g_develop/src/Superstructure/ESMFMod/src/ESMF_Init.F90:332
#8  0x401d15 in fieldsmmex
	at /home/mpotts/gfortran_9.3.0_openmpi_g_develop/src/Infrastructure/Field/examples/ESMF_FieldSMMEx.F90:81
#9  0x40639a in main
	at /home/mpotts/gfortran_9.3.0_openmpi_g_develop/src/Infrastructure/Field/examples/ESMF_FieldSMMEx.F90:31
#6  0x7f3339937ee6 in __esmf_initmod_MOD_esmf_frameworkinternalinit
	at /home/mpotts/gfortran_9.3.0_openmpi_g_develop/src/Superstructure/ESMFMod/src/ESMF_Init.F90:1002
#7  0x7f333993aa84 in __esmf_initmod_MOD_esmf_initialize
	at /home/mpotts/gfortran_9.3.0_openmpi_g_develop/src/Superstructure/ESMFMod/src/ESMF_Init.F90:332
#8  0x401d15 in fieldsmmex
	at /home/mpotts/gfortran_9.3.0_openmpi_g_develop/src/Infrastructure/Field/examples/ESMF_FieldSMMEx.F90:81
#9  0x40639a in main
	at /home/mpotts/gfortran_9.3.0_openmpi_g_develop/src/Infrastructure/Field/examples/ESMF_FieldSMMEx.F90:31
#8  0x401d15 in fieldsmmex
	at /home/mpotts/gfortran_9.3.0_openmpi_g_develop/src/Infrastructure/Field/examples/ESMF_FieldSMMEx.F90:81
#9  0x40639a in main
	at /home/mpotts/gfortran_9.3.0_openmpi_g_develop/src/Infrastructure/Field/examples/ESMF_FieldSMMEx.F90:31
#8  0x401d15 in fieldsmmex
	at /home/mpotts/gfortran_9.3.0_openmpi_g_develop/src/Infrastructure/Field/examples/ESMF_FieldSMMEx.F90:81
#9  0x40639a in main
	at /home/mpotts/gfortran_9.3.0_openmpi_g_develop/src/Infrastructure/Field/examples/ESMF_FieldSMMEx.F90:31
--------------------------------------------------------------------------
Primary job  terminated normally, but 1 process returned
a non-zero exit code. Per user-direction, the job has been aborted.
--------------------------------------------------------------------------
--------------------------------------------------------------------------
mpirun noticed that process rank 0 with PID 0 on node chianti exited on signal 11 (Segmentation fault).
--------------------------------------------------------------------------
