build time -- 2021-09-21 18:40:14.219829

Program received signal SIGSEGV: Segmentation fault - invalid memory reference.

Backtrace for this error:

Program received signal SIGSEGV: Segmentation fault - invalid memory reference.

Backtrace for this error:

Program received signal SIGSEGV: Segmentation fault - invalid memory reference.

Backtrace for this error:

Program received signal SIGSEGV: Segmentation fault - invalid memory reference.

Backtrace for this error:
#0  0x7fb147e3cf1f in ???
#1  0x7fb149366447 in ???
#0  0x7f0e1a3a5f1f in ???
#1  0x7f0e1b8cf447 in ???
#0  0x7feef7b2cf1f in ???
#1  0x7feef9056447 in ???
#0  0x7fc0e5404f1f in ???
#1  0x7fc0e692e447 in ???
#2  0x7f0e1e19449b in _ZN5ESMCI3VMK4initEib
	at /home/mpotts/gfortran_9.3.0_openmpi_g_develop/src/Infrastructure/VM/src/ESMCI_VMKernel.C:424
#2  0x7feefb91b49b in _ZN5ESMCI3VMK4initEib
	at /home/mpotts/gfortran_9.3.0_openmpi_g_develop/src/Infrastructure/VM/src/ESMCI_VMKernel.C:424
#2  0x7fb14bc2b49b in _ZN5ESMCI3VMK4initEib
	at /home/mpotts/gfortran_9.3.0_openmpi_g_develop/src/Infrastructure/VM/src/ESMCI_VMKernel.C:424
#2  0x7fc0e91f349b in _ZN5ESMCI3VMK4initEib
	at /home/mpotts/gfortran_9.3.0_openmpi_g_develop/src/Infrastructure/VM/src/ESMCI_VMKernel.C:424
#3  0x7f0e1e18a9f0 in _ZN5ESMCI2VM10initializeEibPi
	at /home/mpotts/gfortran_9.3.0_openmpi_g_develop/src/Infrastructure/VM/src/ESMCI_VM.C:3081
#3  0x7feefb9119f0 in _ZN5ESMCI2VM10initializeEibPi
	at /home/mpotts/gfortran_9.3.0_openmpi_g_develop/src/Infrastructure/VM/src/ESMCI_VM.C:3081
#3  0x7fb14bc219f0 in _ZN5ESMCI2VM10initializeEibPi
	at /home/mpotts/gfortran_9.3.0_openmpi_g_develop/src/Infrastructure/VM/src/ESMCI_VM.C:3081
#3  0x7fc0e91e99f0 in _ZN5ESMCI2VM10initializeEibPi
	at /home/mpotts/gfortran_9.3.0_openmpi_g_develop/src/Infrastructure/VM/src/ESMCI_VM.C:3081
#4  0x7feefb937fc1 in c_esmc_vminitialize_
	at /home/mpotts/gfortran_9.3.0_openmpi_g_develop/src/Infrastructure/VM/interface/ESMCI_VM_F.C:1147
#4  0x7f0e1e1b0fc1 in c_esmc_vminitialize_
	at /home/mpotts/gfortran_9.3.0_openmpi_g_develop/src/Infrastructure/VM/interface/ESMCI_VM_F.C:1147
#4  0x7fb14bc47fc1 in c_esmc_vminitialize_
	at /home/mpotts/gfortran_9.3.0_openmpi_g_develop/src/Infrastructure/VM/interface/ESMCI_VM_F.C:1147
#4  0x7fc0e920ffc1 in c_esmc_vminitialize_
	at /home/mpotts/gfortran_9.3.0_openmpi_g_develop/src/Infrastructure/VM/interface/ESMCI_VM_F.C:1147
#5  0x7f0e1ef29390 in __esmf_vmmod_MOD_esmf_vminitialize
	at /home/mpotts/gfortran_9.3.0_openmpi_g_develop/src/Infrastructure/VM/interface/ESMF_VM.F90:9254
#5  0x7feefc6b0390 in __esmf_vmmod_MOD_esmf_vminitialize
	at /home/mpotts/gfortran_9.3.0_openmpi_g_develop/src/Infrastructure/VM/interface/ESMF_VM.F90:9254
#5  0x7fb14c9c0390 in __esmf_vmmod_MOD_esmf_vminitialize
	at /home/mpotts/gfortran_9.3.0_openmpi_g_develop/src/Infrastructure/VM/interface/ESMF_VM.F90:9254
#6  0x7feefc428835 in __esmf_initmod_MOD_esmf_frameworkinternalinit
	at /home/mpotts/gfortran_9.3.0_openmpi_g_develop/src/Superstructure/ESMFMod/src/ESMF_Init.F90:881
#7  0x7feefc42b1d7 in __esmf_initmod_MOD_esmf_initialize
	at /home/mpotts/gfortran_9.3.0_openmpi_g_develop/src/Superstructure/ESMFMod/src/ESMF_Init.F90:286
#6  0x7fb14c738835 in __esmf_initmod_MOD_esmf_frameworkinternalinit
	at /home/mpotts/gfortran_9.3.0_openmpi_g_develop/src/Superstructure/ESMFMod/src/ESMF_Init.F90:881
#7  0x7fb14c73b1d7 in __esmf_initmod_MOD_esmf_initialize
	at /home/mpotts/gfortran_9.3.0_openmpi_g_develop/src/Superstructure/ESMFMod/src/ESMF_Init.F90:286
#5  0x7fc0e9f88390 in __esmf_vmmod_MOD_esmf_vminitialize
	at /home/mpotts/gfortran_9.3.0_openmpi_g_develop/src/Infrastructure/VM/interface/ESMF_VM.F90:9254
#6  0x7f0e1eca1835 in __esmf_initmod_MOD_esmf_frameworkinternalinit
	at /home/mpotts/gfortran_9.3.0_openmpi_g_develop/src/Superstructure/ESMFMod/src/ESMF_Init.F90:881
#7  0x7f0e1eca41d7 in __esmf_initmod_MOD_esmf_initialize
	at /home/mpotts/gfortran_9.3.0_openmpi_g_develop/src/Superstructure/ESMFMod/src/ESMF_Init.F90:286
#8  0x401646 in fieldhaloex
	at /home/mpotts/gfortran_9.3.0_openmpi_g_develop/src/Infrastructure/Field/examples/ESMF_FieldHaloEx.F90:74
#9  0x403544 in main
	at /home/mpotts/gfortran_9.3.0_openmpi_g_develop/src/Infrastructure/Field/examples/ESMF_FieldHaloEx.F90:31
#8  0x401646 in fieldhaloex
	at /home/mpotts/gfortran_9.3.0_openmpi_g_develop/src/Infrastructure/Field/examples/ESMF_FieldHaloEx.F90:74
#9  0x403544 in main
	at /home/mpotts/gfortran_9.3.0_openmpi_g_develop/src/Infrastructure/Field/examples/ESMF_FieldHaloEx.F90:31
#8  0x401646 in fieldhaloex
	at /home/mpotts/gfortran_9.3.0_openmpi_g_develop/src/Infrastructure/Field/examples/ESMF_FieldHaloEx.F90:74
#9  0x403544 in main
	at /home/mpotts/gfortran_9.3.0_openmpi_g_develop/src/Infrastructure/Field/examples/ESMF_FieldHaloEx.F90:31
#6  0x7fc0e9d00835 in __esmf_initmod_MOD_esmf_frameworkinternalinit
	at /home/mpotts/gfortran_9.3.0_openmpi_g_develop/src/Superstructure/ESMFMod/src/ESMF_Init.F90:881
#7  0x7fc0e9d031d7 in __esmf_initmod_MOD_esmf_initialize
	at /home/mpotts/gfortran_9.3.0_openmpi_g_develop/src/Superstructure/ESMFMod/src/ESMF_Init.F90:286
#8  0x401646 in fieldhaloex
	at /home/mpotts/gfortran_9.3.0_openmpi_g_develop/src/Infrastructure/Field/examples/ESMF_FieldHaloEx.F90:74
#9  0x403544 in main
	at /home/mpotts/gfortran_9.3.0_openmpi_g_develop/src/Infrastructure/Field/examples/ESMF_FieldHaloEx.F90:31
--------------------------------------------------------------------------
Primary job  terminated normally, but 1 process returned
a non-zero exit code. Per user-direction, the job has been aborted.
--------------------------------------------------------------------------
--------------------------------------------------------------------------
mpirun noticed that process rank 1 with PID 0 on node chianti exited on signal 11 (Segmentation fault).
--------------------------------------------------------------------------
