build time -- 2021-09-15 08:20:06.741183
20210915 091607.112 INFO             PET0 !!!!!!!!!!!!!!!!!!!!!!!!!!!!!!!!!!!!!!!!!!!!!!!!!!!!!!
20210915 091607.112 INFO             PET0 !!! THE ESMF_LOG IS SET TO OUTPUT ALL LOG MESSAGES !!!
20210915 091607.112 INFO             PET0 !!!     THIS MAY CAUSE SLOWDOWN IN PERFORMANCE     !!!
20210915 091607.112 INFO             PET0 !!! FOR PRODUCTION RUNS, USE:                      !!!
20210915 091607.112 INFO             PET0 !!!                   ESMF_LOGKIND_Multi_On_Error  !!!
20210915 091607.112 INFO             PET0 !!!!!!!!!!!!!!!!!!!!!!!!!!!!!!!!!!!!!!!!!!!!!!!!!!!!!!
20210915 091607.112 INFO             PET0 Running with ESMF Version   : ESMF_8_2_0_beta_snapshot_18-42-gb11ffe55a6
20210915 091607.112 INFO             PET0 ESMF library build date/time: "Sep 15 2021" "08:15:52"
20210915 091607.112 INFO             PET0 ESMF library build location : /glade/scratch/mpotts/intel_18.0.5_openmpi_O_develop
20210915 091607.112 INFO             PET0 ESMF_COMM                   : openmpi
20210915 091607.113 INFO             PET0 ESMF_MOAB                   : enabled
20210915 091607.113 INFO             PET0 ESMF_LAPACK                 : enabled
20210915 091607.113 INFO             PET0 ESMF_NETCDF                 : enabled
20210915 091607.113 INFO             PET0 ESMF_PNETCDF                : disabled
20210915 091607.113 INFO             PET0 ESMF_PIO                    : enabled
20210915 091607.113 INFO             PET0 ESMF_YAMLCPP                : enabled
20210915 091607.114 ERROR            PET0 ESMCI_Info.C:1277 Info::set(<json>) Cannot set value  - Error/Return Code 540 (ESMC_RC_CANNOT_SET) - Key '/myIntegerKey' already in map and force=false.
20210915 091607.114 ERROR            PET0 ESMCI_Info.C:1280 Info::set(<json>) Cannot set value  - Internal subroutine call returned Error
20210915 091607.114 ERROR            PET0 ESMCI_Info.C:1322 Info::set(<json>) Cannot set value  - Internal subroutine call returned Error
20210915 091607.114 ERROR            PET0 ESMCI_Info.C:1325 Info::set(<json>) Cannot set value  - Internal subroutine call returned Error
20210915 091607.114 ERROR            PET0 ESMCI_Info.C:1373 Info::set(<scalar>) Cannot set value  - Internal subroutine call returned Error
20210915 091607.114 ERROR            PET0 ESMC_InfoCDefGeneric.C:387 ESMC_InfoSetI4() Cannot set value  - Internal subroutine call returned Error
20210915 091607.114 ERROR            PET0 ESMF_Info.F90:2866 ESMF_InfoSetI4() Cannot set value  - Internal subroutine call returned Error
20210915 091607.114 INFO             PET0  NUMBER_OF_PROCESSORS           4
20210915 091607.114 INFO             PET0  PASS  Example ESMF_InfoTutorialEx, ESMF_InfoTutorialEx.F90, line 335
20210915 091607.114 INFO             PET0 Finalizing ESMF
20210915 091607.111 INFO             PET1 !!!!!!!!!!!!!!!!!!!!!!!!!!!!!!!!!!!!!!!!!!!!!!!!!!!!!!
20210915 091607.111 INFO             PET1 !!! THE ESMF_LOG IS SET TO OUTPUT ALL LOG MESSAGES !!!
20210915 091607.111 INFO             PET1 !!!     THIS MAY CAUSE SLOWDOWN IN PERFORMANCE     !!!
20210915 091607.111 INFO             PET1 !!! FOR PRODUCTION RUNS, USE:                      !!!
20210915 091607.111 INFO             PET1 !!!                   ESMF_LOGKIND_Multi_On_Error  !!!
20210915 091607.111 INFO             PET1 !!!!!!!!!!!!!!!!!!!!!!!!!!!!!!!!!!!!!!!!!!!!!!!!!!!!!!
20210915 091607.111 INFO             PET1 Running with ESMF Version   : ESMF_8_2_0_beta_snapshot_18-42-gb11ffe55a6
20210915 091607.111 INFO             PET1 ESMF library build date/time: "Sep 15 2021" "08:15:52"
20210915 091607.111 INFO             PET1 ESMF library build location : /glade/scratch/mpotts/intel_18.0.5_openmpi_O_develop
20210915 091607.111 INFO             PET1 ESMF_COMM                   : openmpi
20210915 091607.112 INFO             PET1 ESMF_MOAB                   : enabled
20210915 091607.112 INFO             PET1 ESMF_LAPACK                 : enabled
20210915 091607.112 INFO             PET1 ESMF_NETCDF                 : enabled
20210915 091607.112 INFO             PET1 ESMF_PNETCDF                : disabled
20210915 091607.112 INFO             PET1 ESMF_PIO                    : enabled
20210915 091607.112 INFO             PET1 ESMF_YAMLCPP                : enabled
20210915 091607.114 ERROR            PET1 ESMCI_Info.C:1277 Info::set(<json>) Cannot set value  - Error/Return Code 540 (ESMC_RC_CANNOT_SET) - Key '/myIntegerKey' already in map and force=false.
20210915 091607.114 ERROR            PET1 ESMCI_Info.C:1280 Info::set(<json>) Cannot set value  - Internal subroutine call returned Error
20210915 091607.114 ERROR            PET1 ESMCI_Info.C:1322 Info::set(<json>) Cannot set value  - Internal subroutine call returned Error
20210915 091607.114 ERROR            PET1 ESMCI_Info.C:1325 Info::set(<json>) Cannot set value  - Internal subroutine call returned Error
20210915 091607.114 ERROR            PET1 ESMCI_Info.C:1373 Info::set(<scalar>) Cannot set value  - Internal subroutine call returned Error
20210915 091607.114 ERROR            PET1 ESMC_InfoCDefGeneric.C:387 ESMC_InfoSetI4() Cannot set value  - Internal subroutine call returned Error
20210915 091607.114 ERROR            PET1 ESMF_Info.F90:2866 ESMF_InfoSetI4() Cannot set value  - Internal subroutine call returned Error
20210915 091607.114 INFO             PET1  NUMBER_OF_PROCESSORS           4
20210915 091607.114 INFO             PET1  PASS  Example ESMF_InfoTutorialEx, ESMF_InfoTutorialEx.F90, line 335
20210915 091607.114 INFO             PET1 Finalizing ESMF
20210915 091607.113 INFO             PET2 !!!!!!!!!!!!!!!!!!!!!!!!!!!!!!!!!!!!!!!!!!!!!!!!!!!!!!
20210915 091607.113 INFO             PET2 !!! THE ESMF_LOG IS SET TO OUTPUT ALL LOG MESSAGES !!!
20210915 091607.113 INFO             PET2 !!!     THIS MAY CAUSE SLOWDOWN IN PERFORMANCE     !!!
20210915 091607.113 INFO             PET2 !!! FOR PRODUCTION RUNS, USE:                      !!!
20210915 091607.113 INFO             PET2 !!!                   ESMF_LOGKIND_Multi_On_Error  !!!
20210915 091607.113 INFO             PET2 !!!!!!!!!!!!!!!!!!!!!!!!!!!!!!!!!!!!!!!!!!!!!!!!!!!!!!
20210915 091607.113 INFO             PET2 Running with ESMF Version   : ESMF_8_2_0_beta_snapshot_18-42-gb11ffe55a6
20210915 091607.113 INFO             PET2 ESMF library build date/time: "Sep 15 2021" "08:15:52"
20210915 091607.113 INFO             PET2 ESMF library build location : /glade/scratch/mpotts/intel_18.0.5_openmpi_O_develop
20210915 091607.113 INFO             PET2 ESMF_COMM                   : openmpi
20210915 091607.113 INFO             PET2 ESMF_MOAB                   : enabled
20210915 091607.113 INFO             PET2 ESMF_LAPACK                 : enabled
20210915 091607.113 INFO             PET2 ESMF_NETCDF                 : enabled
20210915 091607.113 INFO             PET2 ESMF_PNETCDF                : disabled
20210915 091607.113 INFO             PET2 ESMF_PIO                    : enabled
20210915 091607.113 INFO             PET2 ESMF_YAMLCPP                : enabled
20210915 091607.114 ERROR            PET2 ESMCI_Info.C:1277 Info::set(<json>) Cannot set value  - Error/Return Code 540 (ESMC_RC_CANNOT_SET) - Key '/myIntegerKey' already in map and force=false.
20210915 091607.114 ERROR            PET2 ESMCI_Info.C:1280 Info::set(<json>) Cannot set value  - Internal subroutine call returned Error
20210915 091607.114 ERROR            PET2 ESMCI_Info.C:1322 Info::set(<json>) Cannot set value  - Internal subroutine call returned Error
20210915 091607.114 ERROR            PET2 ESMCI_Info.C:1325 Info::set(<json>) Cannot set value  - Internal subroutine call returned Error
20210915 091607.114 ERROR            PET2 ESMCI_Info.C:1373 Info::set(<scalar>) Cannot set value  - Internal subroutine call returned Error
20210915 091607.114 ERROR            PET2 ESMC_InfoCDefGeneric.C:387 ESMC_InfoSetI4() Cannot set value  - Internal subroutine call returned Error
20210915 091607.114 ERROR            PET2 ESMF_Info.F90:2866 ESMF_InfoSetI4() Cannot set value  - Internal subroutine call returned Error
20210915 091607.114 INFO             PET2  NUMBER_OF_PROCESSORS           4
20210915 091607.114 INFO             PET2  PASS  Example ESMF_InfoTutorialEx, ESMF_InfoTutorialEx.F90, line 335
20210915 091607.114 INFO             PET2 Finalizing ESMF
20210915 091607.112 INFO             PET3 !!!!!!!!!!!!!!!!!!!!!!!!!!!!!!!!!!!!!!!!!!!!!!!!!!!!!!
20210915 091607.112 INFO             PET3 !!! THE ESMF_LOG IS SET TO OUTPUT ALL LOG MESSAGES !!!
20210915 091607.112 INFO             PET3 !!!     THIS MAY CAUSE SLOWDOWN IN PERFORMANCE     !!!
20210915 091607.112 INFO             PET3 !!! FOR PRODUCTION RUNS, USE:                      !!!
20210915 091607.112 INFO             PET3 !!!                   ESMF_LOGKIND_Multi_On_Error  !!!
20210915 091607.112 INFO             PET3 !!!!!!!!!!!!!!!!!!!!!!!!!!!!!!!!!!!!!!!!!!!!!!!!!!!!!!
20210915 091607.112 INFO             PET3 Running with ESMF Version   : ESMF_8_2_0_beta_snapshot_18-42-gb11ffe55a6
20210915 091607.112 INFO             PET3 ESMF library build date/time: "Sep 15 2021" "08:15:52"
20210915 091607.112 INFO             PET3 ESMF library build location : /glade/scratch/mpotts/intel_18.0.5_openmpi_O_develop
20210915 091607.112 INFO             PET3 ESMF_COMM                   : openmpi
20210915 091607.112 INFO             PET3 ESMF_MOAB                   : enabled
20210915 091607.112 INFO             PET3 ESMF_LAPACK                 : enabled
20210915 091607.112 INFO             PET3 ESMF_NETCDF                 : enabled
20210915 091607.112 INFO             PET3 ESMF_PNETCDF                : disabled
20210915 091607.112 INFO             PET3 ESMF_PIO                    : enabled
20210915 091607.112 INFO             PET3 ESMF_YAMLCPP                : enabled
20210915 091607.114 ERROR            PET3 ESMCI_Info.C:1277 Info::set(<json>) Cannot set value  - Error/Return Code 540 (ESMC_RC_CANNOT_SET) - Key '/myIntegerKey' already in map and force=false.
20210915 091607.114 ERROR            PET3 ESMCI_Info.C:1280 Info::set(<json>) Cannot set value  - Internal subroutine call returned Error
20210915 091607.114 ERROR            PET3 ESMCI_Info.C:1322 Info::set(<json>) Cannot set value  - Internal subroutine call returned Error
20210915 091607.114 ERROR            PET3 ESMCI_Info.C:1325 Info::set(<json>) Cannot set value  - Internal subroutine call returned Error
20210915 091607.114 ERROR            PET3 ESMCI_Info.C:1373 Info::set(<scalar>) Cannot set value  - Internal subroutine call returned Error
20210915 091607.114 ERROR            PET3 ESMC_InfoCDefGeneric.C:387 ESMC_InfoSetI4() Cannot set value  - Internal subroutine call returned Error
20210915 091607.114 ERROR            PET3 ESMF_Info.F90:2866 ESMF_InfoSetI4() Cannot set value  - Internal subroutine call returned Error
20210915 091607.114 INFO             PET3  NUMBER_OF_PROCESSORS           4
20210915 091607.114 INFO             PET3  PASS  Example ESMF_InfoTutorialEx, ESMF_InfoTutorialEx.F90, line 335
20210915 091607.114 INFO             PET3 Finalizing ESMF
