build time -- 2021-07-11 00:54:13
20210711 012813.527 INFO             PET0 !!!!!!!!!!!!!!!!!!!!!!!!!!!!!!!!!!!!!!!!!!!!!!!!!!!!!!
20210711 012813.527 INFO             PET0 !!! THE ESMF_LOG IS SET TO OUTPUT ALL LOG MESSAGES !!!
20210711 012813.527 INFO             PET0 !!!     THIS MAY CAUSE SLOWDOWN IN PERFORMANCE     !!!
20210711 012813.527 INFO             PET0 !!! FOR PRODUCTION RUNS, USE:                      !!!
20210711 012813.527 INFO             PET0 !!!                   ESMF_LOGKIND_Multi_On_Error  !!!
20210711 012813.527 INFO             PET0 !!!!!!!!!!!!!!!!!!!!!!!!!!!!!!!!!!!!!!!!!!!!!!!!!!!!!!
20210711 012813.527 INFO             PET0 Running with ESMF Version   : 8.2.0 beta snapshot
20210711 012813.527 INFO             PET0 ESMF library build date/time: "Jul 11 2021" "00:52:11"
20210711 012813.527 INFO             PET0 ESMF library build location : /lustre/f2/dev/ncep/Mark.Potts/intel_2019.5_mpiuni_g_develop
20210711 012813.527 INFO             PET0 ESMF_COMM                   : mpiuni
20210711 012813.528 INFO             PET0 ESMF_MOAB                   : enabled
20210711 012813.529 INFO             PET0 ESMF_LAPACK                 : enabled
20210711 012813.529 INFO             PET0 ESMF_NETCDF                 : enabled
20210711 012813.529 INFO             PET0 ESMF_PNETCDF                : disabled
20210711 012813.529 INFO             PET0 ESMF_PIO                    : disabled
20210711 012813.529 INFO             PET0 ESMF_YAMLCPP                : enabled
20210711 012813.529 INFO             PET0  NUMBER_OF_PROCESSORS           1
20210711 012813.529 INFO             PET0  PASS  Example ESMF_StateReconcileEx, ESMF_StateReconcileEx.F90, line 297
20210711 012813.529 INFO             PET0 Finalizing ESMF
