build time -- 2021-09-29 00:36:13
20210929 010424.682 INFO             PET0 !!!!!!!!!!!!!!!!!!!!!!!!!!!!!!!!!!!!!!!!!!!!!!!!!!!!!!
20210929 010424.682 INFO             PET0 !!! THE ESMF_LOG IS SET TO OUTPUT ALL LOG MESSAGES !!!
20210929 010424.682 INFO             PET0 !!!     THIS MAY CAUSE SLOWDOWN IN PERFORMANCE     !!!
20210929 010424.682 INFO             PET0 !!! FOR PRODUCTION RUNS, USE:                      !!!
20210929 010424.682 INFO             PET0 !!!                   ESMF_LOGKIND_Multi_On_Error  !!!
20210929 010424.682 INFO             PET0 !!!!!!!!!!!!!!!!!!!!!!!!!!!!!!!!!!!!!!!!!!!!!!!!!!!!!!
20210929 010424.682 INFO             PET0 Running with ESMF Version   : 8.2.0 beta snapshot
20210929 010424.682 INFO             PET0 ESMF library build date/time: "Sep 29 2021" "00:34:27"
20210929 010424.682 INFO             PET0 ESMF library build location : /lustre/f2/dev/ncep/Mark.Potts/intel_2019.5_mpiuni_g_develop
20210929 010424.682 INFO             PET0 ESMF_COMM                   : mpiuni
20210929 010424.683 INFO             PET0 ESMF_MOAB                   : enabled
20210929 010424.684 INFO             PET0 ESMF_LAPACK                 : enabled
20210929 010424.684 INFO             PET0 ESMF_NETCDF                 : enabled
20210929 010424.684 INFO             PET0 ESMF_PNETCDF                : disabled
20210929 010424.684 INFO             PET0 ESMF_PIO                    : disabled
20210929 010424.684 INFO             PET0 ESMF_YAMLCPP                : enabled
20210929 010425.238 INFO             PET0  NUMBER_OF_PROCESSORS           1
20210929 010425.239 INFO             PET0  PASS  Example ESMF_GridUsageEx, ESMF_GridUsageEx.F90, line 3470
20210929 010425.239 INFO             PET0 Finalizing ESMF
