build time -- 2021-09-27 00:35:38
20210927 010241.883 INFO             PET0 !!!!!!!!!!!!!!!!!!!!!!!!!!!!!!!!!!!!!!!!!!!!!!!!!!!!!!
20210927 010241.883 INFO             PET0 !!! THE ESMF_LOG IS SET TO OUTPUT ALL LOG MESSAGES !!!
20210927 010241.883 INFO             PET0 !!!     THIS MAY CAUSE SLOWDOWN IN PERFORMANCE     !!!
20210927 010241.883 INFO             PET0 !!! FOR PRODUCTION RUNS, USE:                      !!!
20210927 010241.883 INFO             PET0 !!!                   ESMF_LOGKIND_Multi_On_Error  !!!
20210927 010241.883 INFO             PET0 !!!!!!!!!!!!!!!!!!!!!!!!!!!!!!!!!!!!!!!!!!!!!!!!!!!!!!
20210927 010241.883 INFO             PET0 Running with ESMF Version   : 8.2.0 beta snapshot
20210927 010241.883 INFO             PET0 ESMF library build date/time: "Sep 27 2021" "00:33:45"
20210927 010241.883 INFO             PET0 ESMF library build location : /lustre/f2/dev/ncep/Mark.Potts/intel_2019.5_mpiuni_g_develop
20210927 010241.883 INFO             PET0 ESMF_COMM                   : mpiuni
20210927 010241.884 INFO             PET0 ESMF_MOAB                   : enabled
20210927 010241.884 INFO             PET0 ESMF_LAPACK                 : enabled
20210927 010241.884 INFO             PET0 ESMF_NETCDF                 : enabled
20210927 010241.884 INFO             PET0 ESMF_PNETCDF                : disabled
20210927 010241.884 INFO             PET0 ESMF_PIO                    : disabled
20210927 010241.884 INFO             PET0 ESMF_YAMLCPP                : enabled
20210927 010241.893 INFO             PET0  NUMBER_OF_PROCESSORS           1
20210927 010241.893 INFO             PET0  PASS  Example ESMF_NUOPCBasicModelEx, ESMF_NUOPCBasicModelEx.F90, line 339
20210927 010241.893 INFO             PET0 Finalizing ESMF
