build time -- 2021-05-18 00:40:10
20210518 011052.525 INFO             PET0 !!!!!!!!!!!!!!!!!!!!!!!!!!!!!!!!!!!!!!!!!!!!!!!!!!!!!!
20210518 011052.525 INFO             PET0 !!! THE ESMF_LOG IS SET TO OUTPUT ALL LOG MESSAGES !!!
20210518 011052.525 INFO             PET0 !!!     THIS MAY CAUSE SLOWDOWN IN PERFORMANCE     !!!
20210518 011052.525 INFO             PET0 !!! FOR PRODUCTION RUNS, USE:                      !!!
20210518 011052.525 INFO             PET0 !!!                   ESMF_LOGKIND_Multi_On_Error  !!!
20210518 011052.525 INFO             PET0 !!!!!!!!!!!!!!!!!!!!!!!!!!!!!!!!!!!!!!!!!!!!!!!!!!!!!!
20210518 011052.525 INFO             PET0 Running with ESMF Version   : 8.2.0 beta snapshot
20210518 011052.525 INFO             PET0 ESMF library build date/time: "May 18 2021" "00:38:24"
20210518 011052.525 INFO             PET0 ESMF library build location : /lustre/f2/dev/ncep/Mark.Potts/intel_2019.5_mpiuni_g_develop
20210518 011052.525 INFO             PET0 ESMF_COMM                   : mpiuni
20210518 011052.526 INFO             PET0 ESMF_MOAB                   : enabled
20210518 011052.526 INFO             PET0 ESMF_LAPACK                 : enabled
20210518 011052.526 INFO             PET0 ESMF_NETCDF                 : enabled
20210518 011052.526 INFO             PET0 ESMF_PNETCDF                : disabled
20210518 011052.526 INFO             PET0 ESMF_PIO                    : disabled
20210518 011052.526 INFO             PET0 ESMF_YAMLCPP                : enabled
20210518 011052.527 INFO             PET0  NUMBER_OF_PROCESSORS           1
20210518 011052.527 INFO             PET0  PASS  Example ESMF_InfoGetFromHostEx, ESMF_InfoGetFromHostEx.F90, line 112
20210518 011052.527 INFO             PET0 Finalizing ESMF
