build time -- 2021-09-15 00:32:08
20210915 020000.944 INFO             PET0 !!!!!!!!!!!!!!!!!!!!!!!!!!!!!!!!!!!!!!!!!!!!!!!!!!!!!!
20210915 020000.944 INFO             PET0 !!! THE ESMF_LOG IS SET TO OUTPUT ALL LOG MESSAGES !!!
20210915 020000.944 INFO             PET0 !!!     THIS MAY CAUSE SLOWDOWN IN PERFORMANCE     !!!
20210915 020000.944 INFO             PET0 !!! FOR PRODUCTION RUNS, USE:                      !!!
20210915 020000.944 INFO             PET0 !!!                   ESMF_LOGKIND_Multi_On_Error  !!!
20210915 020000.944 INFO             PET0 !!!!!!!!!!!!!!!!!!!!!!!!!!!!!!!!!!!!!!!!!!!!!!!!!!!!!!
20210915 020000.944 INFO             PET0 Running with ESMF Version   : 8.2.0 beta snapshot
20210915 020000.944 INFO             PET0 ESMF library build date/time: "Sep 15 2021" "00:27:05"
20210915 020000.944 INFO             PET0 ESMF library build location : /lustre/f2/dev/ncep/Mark.Potts/gfortran_8.3.0_mpi_g_develop
20210915 020000.944 INFO             PET0 ESMF_COMM                   : mpi
20210915 020000.944 INFO             PET0 ESMF_MOAB                   : enabled
20210915 020000.944 INFO             PET0 ESMF_LAPACK                 : enabled
20210915 020000.944 INFO             PET0 ESMF_NETCDF                 : enabled
20210915 020000.944 INFO             PET0 ESMF_PNETCDF                : disabled
20210915 020000.945 INFO             PET0 ESMF_PIO                    : enabled
20210915 020000.945 INFO             PET0 ESMF_YAMLCPP                : enabled
20210915 020001.265 DEBUG            PET0 about to destroy Grid: 0x363eea0
20210915 020001.281 DEBUG            PET0 about to destroy Grid: 0x3641140
20210915 020001.312 INFO             PET0  NUMBER_OF_PROCESSORS           4
20210915 020001.312 INFO             PET0  PASS  Example ESMF_NUOPCAtmModelEx, ESMF_NUOPCAtmModelEx.F90, line 806
20210915 020001.312 INFO             PET0 Finalizing ESMF
20210915 020000.989 INFO             PET1 !!!!!!!!!!!!!!!!!!!!!!!!!!!!!!!!!!!!!!!!!!!!!!!!!!!!!!
20210915 020000.989 INFO             PET1 !!! THE ESMF_LOG IS SET TO OUTPUT ALL LOG MESSAGES !!!
20210915 020000.989 INFO             PET1 !!!     THIS MAY CAUSE SLOWDOWN IN PERFORMANCE     !!!
20210915 020000.989 INFO             PET1 !!! FOR PRODUCTION RUNS, USE:                      !!!
20210915 020000.989 INFO             PET1 !!!                   ESMF_LOGKIND_Multi_On_Error  !!!
20210915 020000.989 INFO             PET1 !!!!!!!!!!!!!!!!!!!!!!!!!!!!!!!!!!!!!!!!!!!!!!!!!!!!!!
20210915 020000.989 INFO             PET1 Running with ESMF Version   : 8.2.0 beta snapshot
20210915 020000.989 INFO             PET1 ESMF library build date/time: "Sep 15 2021" "00:27:05"
20210915 020000.989 INFO             PET1 ESMF library build location : /lustre/f2/dev/ncep/Mark.Potts/gfortran_8.3.0_mpi_g_develop
20210915 020000.989 INFO             PET1 ESMF_COMM                   : mpi
20210915 020000.990 INFO             PET1 ESMF_MOAB                   : enabled
20210915 020000.990 INFO             PET1 ESMF_LAPACK                 : enabled
20210915 020000.990 INFO             PET1 ESMF_NETCDF                 : enabled
20210915 020000.990 INFO             PET1 ESMF_PNETCDF                : disabled
20210915 020000.990 INFO             PET1 ESMF_PIO                    : enabled
20210915 020000.990 INFO             PET1 ESMF_YAMLCPP                : enabled
20210915 020001.265 DEBUG            PET1 about to destroy Grid: 0x363b980
20210915 020001.281 DEBUG            PET1 about to destroy Grid: 0x363db20
20210915 020001.312 INFO             PET1  NUMBER_OF_PROCESSORS           4
20210915 020001.312 INFO             PET1  PASS  Example ESMF_NUOPCAtmModelEx, ESMF_NUOPCAtmModelEx.F90, line 806
20210915 020001.312 INFO             PET1 Finalizing ESMF
20210915 020000.941 INFO             PET2 !!!!!!!!!!!!!!!!!!!!!!!!!!!!!!!!!!!!!!!!!!!!!!!!!!!!!!
20210915 020000.942 INFO             PET2 !!! THE ESMF_LOG IS SET TO OUTPUT ALL LOG MESSAGES !!!
20210915 020000.942 INFO             PET2 !!!     THIS MAY CAUSE SLOWDOWN IN PERFORMANCE     !!!
20210915 020000.942 INFO             PET2 !!! FOR PRODUCTION RUNS, USE:                      !!!
20210915 020000.942 INFO             PET2 !!!                   ESMF_LOGKIND_Multi_On_Error  !!!
20210915 020000.942 INFO             PET2 !!!!!!!!!!!!!!!!!!!!!!!!!!!!!!!!!!!!!!!!!!!!!!!!!!!!!!
20210915 020000.942 INFO             PET2 Running with ESMF Version   : 8.2.0 beta snapshot
20210915 020000.942 INFO             PET2 ESMF library build date/time: "Sep 15 2021" "00:27:05"
20210915 020000.942 INFO             PET2 ESMF library build location : /lustre/f2/dev/ncep/Mark.Potts/gfortran_8.3.0_mpi_g_develop
20210915 020000.942 INFO             PET2 ESMF_COMM                   : mpi
20210915 020000.942 INFO             PET2 ESMF_MOAB                   : enabled
20210915 020000.942 INFO             PET2 ESMF_LAPACK                 : enabled
20210915 020000.942 INFO             PET2 ESMF_NETCDF                 : enabled
20210915 020000.942 INFO             PET2 ESMF_PNETCDF                : disabled
20210915 020000.942 INFO             PET2 ESMF_PIO                    : enabled
20210915 020000.942 INFO             PET2 ESMF_YAMLCPP                : enabled
20210915 020001.265 DEBUG            PET2 about to destroy Grid: 0x363ad30
20210915 020001.281 DEBUG            PET2 about to destroy Grid: 0x363d210
20210915 020001.312 INFO             PET2  NUMBER_OF_PROCESSORS           4
20210915 020001.312 INFO             PET2  PASS  Example ESMF_NUOPCAtmModelEx, ESMF_NUOPCAtmModelEx.F90, line 806
20210915 020001.312 INFO             PET2 Finalizing ESMF
20210915 020000.941 INFO             PET3 !!!!!!!!!!!!!!!!!!!!!!!!!!!!!!!!!!!!!!!!!!!!!!!!!!!!!!
20210915 020000.942 INFO             PET3 !!! THE ESMF_LOG IS SET TO OUTPUT ALL LOG MESSAGES !!!
20210915 020000.942 INFO             PET3 !!!     THIS MAY CAUSE SLOWDOWN IN PERFORMANCE     !!!
20210915 020000.942 INFO             PET3 !!! FOR PRODUCTION RUNS, USE:                      !!!
20210915 020000.942 INFO             PET3 !!!                   ESMF_LOGKIND_Multi_On_Error  !!!
20210915 020000.942 INFO             PET3 !!!!!!!!!!!!!!!!!!!!!!!!!!!!!!!!!!!!!!!!!!!!!!!!!!!!!!
20210915 020000.942 INFO             PET3 Running with ESMF Version   : 8.2.0 beta snapshot
20210915 020000.942 INFO             PET3 ESMF library build date/time: "Sep 15 2021" "00:27:05"
20210915 020000.942 INFO             PET3 ESMF library build location : /lustre/f2/dev/ncep/Mark.Potts/gfortran_8.3.0_mpi_g_develop
20210915 020000.942 INFO             PET3 ESMF_COMM                   : mpi
20210915 020000.942 INFO             PET3 ESMF_MOAB                   : enabled
20210915 020000.942 INFO             PET3 ESMF_LAPACK                 : enabled
20210915 020000.942 INFO             PET3 ESMF_NETCDF                 : enabled
20210915 020000.942 INFO             PET3 ESMF_PNETCDF                : disabled
20210915 020000.943 INFO             PET3 ESMF_PIO                    : enabled
20210915 020000.943 INFO             PET3 ESMF_YAMLCPP                : enabled
20210915 020001.265 DEBUG            PET3 about to destroy Grid: 0x363b020
20210915 020001.281 DEBUG            PET3 about to destroy Grid: 0x363d1c0
20210915 020001.312 INFO             PET3  NUMBER_OF_PROCESSORS           4
20210915 020001.312 INFO             PET3  PASS  Example ESMF_NUOPCAtmModelEx, ESMF_NUOPCAtmModelEx.F90, line 806
20210915 020001.312 INFO             PET3 Finalizing ESMF
