build time -- 2021-09-07 00:30:14
20210907 015124.692 INFO             PET0 !!!!!!!!!!!!!!!!!!!!!!!!!!!!!!!!!!!!!!!!!!!!!!!!!!!!!!
20210907 015124.692 INFO             PET0 !!! THE ESMF_LOG IS SET TO OUTPUT ALL LOG MESSAGES !!!
20210907 015124.692 INFO             PET0 !!!     THIS MAY CAUSE SLOWDOWN IN PERFORMANCE     !!!
20210907 015124.692 INFO             PET0 !!! FOR PRODUCTION RUNS, USE:                      !!!
20210907 015124.692 INFO             PET0 !!!                   ESMF_LOGKIND_Multi_On_Error  !!!
20210907 015124.692 INFO             PET0 !!!!!!!!!!!!!!!!!!!!!!!!!!!!!!!!!!!!!!!!!!!!!!!!!!!!!!
20210907 015124.692 INFO             PET0 Running with ESMF Version   : 8.2.0 beta snapshot
20210907 015124.692 INFO             PET0 ESMF library build date/time: "Sep  7 2021" "00:28:38"
20210907 015124.692 INFO             PET0 ESMF library build location : /lustre/f2/dev/ncep/Mark.Potts/gfortran_8.3.0_mpi_g_develop
20210907 015124.692 INFO             PET0 ESMF_COMM                   : mpi
20210907 015124.693 INFO             PET0 ESMF_MOAB                   : enabled
20210907 015124.693 INFO             PET0 ESMF_LAPACK                 : enabled
20210907 015124.693 INFO             PET0 ESMF_NETCDF                 : enabled
20210907 015124.693 INFO             PET0 ESMF_PNETCDF                : disabled
20210907 015124.693 INFO             PET0 ESMF_PIO                    : enabled
20210907 015124.693 INFO             PET0 ESMF_YAMLCPP                : enabled
20210907 015124.788 INFO             PET0 ESMF_FieldRedistStoreNF(): Just entered routine.
20210907 015125.085 INFO             PET0 ESMF_FieldRedistStoreNF(): Leaving routine.
20210907 015125.089 INFO             PET0  NUMBER_OF_PROCESSORS           4
20210907 015125.089 INFO             PET0  PASS  Example ESMF_RHandleFromRHandleEx, ESMF_RHandleFromRHandleEx.F90, line 660
20210907 015125.089 INFO             PET0 Finalizing ESMF
20210907 015124.699 INFO             PET1 !!!!!!!!!!!!!!!!!!!!!!!!!!!!!!!!!!!!!!!!!!!!!!!!!!!!!!
20210907 015124.699 INFO             PET1 !!! THE ESMF_LOG IS SET TO OUTPUT ALL LOG MESSAGES !!!
20210907 015124.699 INFO             PET1 !!!     THIS MAY CAUSE SLOWDOWN IN PERFORMANCE     !!!
20210907 015124.699 INFO             PET1 !!! FOR PRODUCTION RUNS, USE:                      !!!
20210907 015124.699 INFO             PET1 !!!                   ESMF_LOGKIND_Multi_On_Error  !!!
20210907 015124.699 INFO             PET1 !!!!!!!!!!!!!!!!!!!!!!!!!!!!!!!!!!!!!!!!!!!!!!!!!!!!!!
20210907 015124.699 INFO             PET1 Running with ESMF Version   : 8.2.0 beta snapshot
20210907 015124.699 INFO             PET1 ESMF library build date/time: "Sep  7 2021" "00:28:38"
20210907 015124.699 INFO             PET1 ESMF library build location : /lustre/f2/dev/ncep/Mark.Potts/gfortran_8.3.0_mpi_g_develop
20210907 015124.699 INFO             PET1 ESMF_COMM                   : mpi
20210907 015124.699 INFO             PET1 ESMF_MOAB                   : enabled
20210907 015124.699 INFO             PET1 ESMF_LAPACK                 : enabled
20210907 015124.699 INFO             PET1 ESMF_NETCDF                 : enabled
20210907 015124.699 INFO             PET1 ESMF_PNETCDF                : disabled
20210907 015124.699 INFO             PET1 ESMF_PIO                    : enabled
20210907 015124.699 INFO             PET1 ESMF_YAMLCPP                : enabled
20210907 015124.788 INFO             PET1 ESMF_FieldRedistStoreNF(): Just entered routine.
20210907 015125.085 INFO             PET1 ESMF_FieldRedistStoreNF(): Leaving routine.
20210907 015125.089 INFO             PET1  NUMBER_OF_PROCESSORS           4
20210907 015125.089 INFO             PET1  PASS  Example ESMF_RHandleFromRHandleEx, ESMF_RHandleFromRHandleEx.F90, line 660
20210907 015125.089 INFO             PET1 Finalizing ESMF
20210907 015124.705 INFO             PET2 !!!!!!!!!!!!!!!!!!!!!!!!!!!!!!!!!!!!!!!!!!!!!!!!!!!!!!
20210907 015124.705 INFO             PET2 !!! THE ESMF_LOG IS SET TO OUTPUT ALL LOG MESSAGES !!!
20210907 015124.705 INFO             PET2 !!!     THIS MAY CAUSE SLOWDOWN IN PERFORMANCE     !!!
20210907 015124.705 INFO             PET2 !!! FOR PRODUCTION RUNS, USE:                      !!!
20210907 015124.705 INFO             PET2 !!!                   ESMF_LOGKIND_Multi_On_Error  !!!
20210907 015124.705 INFO             PET2 !!!!!!!!!!!!!!!!!!!!!!!!!!!!!!!!!!!!!!!!!!!!!!!!!!!!!!
20210907 015124.705 INFO             PET2 Running with ESMF Version   : 8.2.0 beta snapshot
20210907 015124.705 INFO             PET2 ESMF library build date/time: "Sep  7 2021" "00:28:38"
20210907 015124.705 INFO             PET2 ESMF library build location : /lustre/f2/dev/ncep/Mark.Potts/gfortran_8.3.0_mpi_g_develop
20210907 015124.705 INFO             PET2 ESMF_COMM                   : mpi
20210907 015124.706 INFO             PET2 ESMF_MOAB                   : enabled
20210907 015124.706 INFO             PET2 ESMF_LAPACK                 : enabled
20210907 015124.706 INFO             PET2 ESMF_NETCDF                 : enabled
20210907 015124.706 INFO             PET2 ESMF_PNETCDF                : disabled
20210907 015124.706 INFO             PET2 ESMF_PIO                    : enabled
20210907 015124.706 INFO             PET2 ESMF_YAMLCPP                : enabled
20210907 015124.788 INFO             PET2 ESMF_FieldRedistStoreNF(): Just entered routine.
20210907 015125.085 INFO             PET2 ESMF_FieldRedistStoreNF(): Leaving routine.
20210907 015125.087 INFO             PET2  NUMBER_OF_PROCESSORS           4
20210907 015125.087 INFO             PET2  PASS  Example ESMF_RHandleFromRHandleEx, ESMF_RHandleFromRHandleEx.F90, line 660
20210907 015125.087 INFO             PET2 Finalizing ESMF
20210907 015124.702 INFO             PET3 !!!!!!!!!!!!!!!!!!!!!!!!!!!!!!!!!!!!!!!!!!!!!!!!!!!!!!
20210907 015124.702 INFO             PET3 !!! THE ESMF_LOG IS SET TO OUTPUT ALL LOG MESSAGES !!!
20210907 015124.702 INFO             PET3 !!!     THIS MAY CAUSE SLOWDOWN IN PERFORMANCE     !!!
20210907 015124.702 INFO             PET3 !!! FOR PRODUCTION RUNS, USE:                      !!!
20210907 015124.702 INFO             PET3 !!!                   ESMF_LOGKIND_Multi_On_Error  !!!
20210907 015124.702 INFO             PET3 !!!!!!!!!!!!!!!!!!!!!!!!!!!!!!!!!!!!!!!!!!!!!!!!!!!!!!
20210907 015124.702 INFO             PET3 Running with ESMF Version   : 8.2.0 beta snapshot
20210907 015124.702 INFO             PET3 ESMF library build date/time: "Sep  7 2021" "00:28:38"
20210907 015124.702 INFO             PET3 ESMF library build location : /lustre/f2/dev/ncep/Mark.Potts/gfortran_8.3.0_mpi_g_develop
20210907 015124.702 INFO             PET3 ESMF_COMM                   : mpi
20210907 015124.703 INFO             PET3 ESMF_MOAB                   : enabled
20210907 015124.703 INFO             PET3 ESMF_LAPACK                 : enabled
20210907 015124.703 INFO             PET3 ESMF_NETCDF                 : enabled
20210907 015124.703 INFO             PET3 ESMF_PNETCDF                : disabled
20210907 015124.703 INFO             PET3 ESMF_PIO                    : enabled
20210907 015124.703 INFO             PET3 ESMF_YAMLCPP                : enabled
20210907 015124.788 INFO             PET3 ESMF_FieldRedistStoreNF(): Just entered routine.
20210907 015125.085 INFO             PET3 ESMF_FieldRedistStoreNF(): Leaving routine.
20210907 015125.089 INFO             PET3  NUMBER_OF_PROCESSORS           4
20210907 015125.089 INFO             PET3  PASS  Example ESMF_RHandleFromRHandleEx, ESMF_RHandleFromRHandleEx.F90, line 660
20210907 015125.089 INFO             PET3 Finalizing ESMF
