build time -- 2021-09-10 00:26:05
20210910 015302.826 INFO             PET0 !!!!!!!!!!!!!!!!!!!!!!!!!!!!!!!!!!!!!!!!!!!!!!!!!!!!!!
20210910 015302.826 INFO             PET0 !!! THE ESMF_LOG IS SET TO OUTPUT ALL LOG MESSAGES !!!
20210910 015302.826 INFO             PET0 !!!     THIS MAY CAUSE SLOWDOWN IN PERFORMANCE     !!!
20210910 015302.826 INFO             PET0 !!! FOR PRODUCTION RUNS, USE:                      !!!
20210910 015302.826 INFO             PET0 !!!                   ESMF_LOGKIND_Multi_On_Error  !!!
20210910 015302.826 INFO             PET0 !!!!!!!!!!!!!!!!!!!!!!!!!!!!!!!!!!!!!!!!!!!!!!!!!!!!!!
20210910 015302.826 INFO             PET0 Running with ESMF Version   : 8.2.0 beta snapshot
20210910 015302.826 INFO             PET0 ESMF library build date/time: "Sep 10 2021" "00:24:25"
20210910 015302.826 INFO             PET0 ESMF library build location : /lustre/f2/dev/ncep/Mark.Potts/gfortran_8.3.0_mpi_g_develop
20210910 015302.826 INFO             PET0 ESMF_COMM                   : mpi
20210910 015302.827 INFO             PET0 ESMF_MOAB                   : enabled
20210910 015302.827 INFO             PET0 ESMF_LAPACK                 : enabled
20210910 015302.827 INFO             PET0 ESMF_NETCDF                 : enabled
20210910 015302.827 INFO             PET0 ESMF_PNETCDF                : disabled
20210910 015302.827 INFO             PET0 ESMF_PIO                    : enabled
20210910 015302.827 INFO             PET0 ESMF_YAMLCPP                : enabled
20210910 015302.827 INFO             PET0 ESMF Tracing Enabled
20210910 015302.827 INFO             PET0 ESMF Profiling Enabled
20210910 015302.829 INFO             PET0 ESMF Trace/Profile clock: REALTIME
20210910 015302.835 WARNING          PET0 ESMF Tracing/Profiling could not load dynamic instrumentation functions.
20210910 015302.881 INFO             PET0  NUMBER_OF_PROCESSORS           4
20210910 015302.881 INFO             PET0  PASS  Example ESMF_TraceUserEx, ESMF_TraceUserEx.F90, line 125
20210910 015302.881 INFO             PET0 Finalizing ESMF
20210910 015302.882 INFO             PET0 **************** Region Timings *******************
20210910 015302.882 INFO             PET0 Region              Count  Total (s)   Self (s)    Mean (s)    Min (s)     Max (s)
20210910 015302.882 INFO             PET0   outer_region      1      0.0420      0.0415      0.0420      0.0420      0.0420
20210910 015302.882 INFO             PET0     inner_region_1  10     0.0003      0.0003      0.0000      0.0000      0.0001
20210910 015302.882 INFO             PET0     inner_region_2  10     0.0002      0.0002      0.0000      0.0000      0.0000
20210910 015302.817 INFO             PET1 !!!!!!!!!!!!!!!!!!!!!!!!!!!!!!!!!!!!!!!!!!!!!!!!!!!!!!
20210910 015302.821 INFO             PET1 !!! THE ESMF_LOG IS SET TO OUTPUT ALL LOG MESSAGES !!!
20210910 015302.821 INFO             PET1 !!!     THIS MAY CAUSE SLOWDOWN IN PERFORMANCE     !!!
20210910 015302.821 INFO             PET1 !!! FOR PRODUCTION RUNS, USE:                      !!!
20210910 015302.822 INFO             PET1 !!!                   ESMF_LOGKIND_Multi_On_Error  !!!
20210910 015302.822 INFO             PET1 !!!!!!!!!!!!!!!!!!!!!!!!!!!!!!!!!!!!!!!!!!!!!!!!!!!!!!
20210910 015302.822 INFO             PET1 Running with ESMF Version   : 8.2.0 beta snapshot
20210910 015302.822 INFO             PET1 ESMF library build date/time: "Sep 10 2021" "00:24:25"
20210910 015302.822 INFO             PET1 ESMF library build location : /lustre/f2/dev/ncep/Mark.Potts/gfortran_8.3.0_mpi_g_develop
20210910 015302.822 INFO             PET1 ESMF_COMM                   : mpi
20210910 015302.824 INFO             PET1 ESMF_MOAB                   : enabled
20210910 015302.824 INFO             PET1 ESMF_LAPACK                 : enabled
20210910 015302.824 INFO             PET1 ESMF_NETCDF                 : enabled
20210910 015302.824 INFO             PET1 ESMF_PNETCDF                : disabled
20210910 015302.824 INFO             PET1 ESMF_PIO                    : enabled
20210910 015302.824 INFO             PET1 ESMF_YAMLCPP                : enabled
20210910 015302.826 INFO             PET1 ESMF Tracing Enabled
20210910 015302.826 INFO             PET1 ESMF Profiling Enabled
20210910 015302.829 INFO             PET1 ESMF Trace/Profile clock: REALTIME
20210910 015302.833 WARNING          PET1 ESMF Tracing/Profiling could not load dynamic instrumentation functions.
20210910 015302.881 INFO             PET1  NUMBER_OF_PROCESSORS           4
20210910 015302.881 INFO             PET1  PASS  Example ESMF_TraceUserEx, ESMF_TraceUserEx.F90, line 125
20210910 015302.881 INFO             PET1 Finalizing ESMF
20210910 015302.882 INFO             PET1 **************** Region Timings *******************
20210910 015302.882 INFO             PET1 Region              Count  Total (s)   Self (s)    Mean (s)    Min (s)     Max (s)
20210910 015302.882 INFO             PET1   outer_region      1      0.0420      0.0416      0.0420      0.0420      0.0420
20210910 015302.882 INFO             PET1     inner_region_1  10     0.0003      0.0003      0.0000      0.0000      0.0000
20210910 015302.882 INFO             PET1     inner_region_2  10     0.0001      0.0001      0.0000      0.0000      0.0000
20210910 015302.817 INFO             PET2 !!!!!!!!!!!!!!!!!!!!!!!!!!!!!!!!!!!!!!!!!!!!!!!!!!!!!!
20210910 015302.821 INFO             PET2 !!! THE ESMF_LOG IS SET TO OUTPUT ALL LOG MESSAGES !!!
20210910 015302.821 INFO             PET2 !!!     THIS MAY CAUSE SLOWDOWN IN PERFORMANCE     !!!
20210910 015302.821 INFO             PET2 !!! FOR PRODUCTION RUNS, USE:                      !!!
20210910 015302.822 INFO             PET2 !!!                   ESMF_LOGKIND_Multi_On_Error  !!!
20210910 015302.822 INFO             PET2 !!!!!!!!!!!!!!!!!!!!!!!!!!!!!!!!!!!!!!!!!!!!!!!!!!!!!!
20210910 015302.822 INFO             PET2 Running with ESMF Version   : 8.2.0 beta snapshot
20210910 015302.822 INFO             PET2 ESMF library build date/time: "Sep 10 2021" "00:24:25"
20210910 015302.822 INFO             PET2 ESMF library build location : /lustre/f2/dev/ncep/Mark.Potts/gfortran_8.3.0_mpi_g_develop
20210910 015302.822 INFO             PET2 ESMF_COMM                   : mpi
20210910 015302.824 INFO             PET2 ESMF_MOAB                   : enabled
20210910 015302.824 INFO             PET2 ESMF_LAPACK                 : enabled
20210910 015302.824 INFO             PET2 ESMF_NETCDF                 : enabled
20210910 015302.824 INFO             PET2 ESMF_PNETCDF                : disabled
20210910 015302.824 INFO             PET2 ESMF_PIO                    : enabled
20210910 015302.824 INFO             PET2 ESMF_YAMLCPP                : enabled
20210910 015302.826 INFO             PET2 ESMF Tracing Enabled
20210910 015302.826 INFO             PET2 ESMF Profiling Enabled
20210910 015302.829 INFO             PET2 ESMF Trace/Profile clock: REALTIME
20210910 015302.833 WARNING          PET2 ESMF Tracing/Profiling could not load dynamic instrumentation functions.
20210910 015302.881 INFO             PET2  NUMBER_OF_PROCESSORS           4
20210910 015302.881 INFO             PET2  PASS  Example ESMF_TraceUserEx, ESMF_TraceUserEx.F90, line 125
20210910 015302.881 INFO             PET2 Finalizing ESMF
20210910 015302.882 INFO             PET2 **************** Region Timings *******************
20210910 015302.882 INFO             PET2 Region              Count  Total (s)   Self (s)    Mean (s)    Min (s)     Max (s)
20210910 015302.882 INFO             PET2   outer_region      1      0.0420      0.0415      0.0420      0.0420      0.0420
20210910 015302.882 INFO             PET2     inner_region_1  10     0.0003      0.0003      0.0000      0.0000      0.0000
20210910 015302.882 INFO             PET2     inner_region_2  10     0.0002      0.0002      0.0000      0.0000      0.0000
20210910 015302.830 INFO             PET3 !!!!!!!!!!!!!!!!!!!!!!!!!!!!!!!!!!!!!!!!!!!!!!!!!!!!!!
20210910 015302.830 INFO             PET3 !!! THE ESMF_LOG IS SET TO OUTPUT ALL LOG MESSAGES !!!
20210910 015302.830 INFO             PET3 !!!     THIS MAY CAUSE SLOWDOWN IN PERFORMANCE     !!!
20210910 015302.830 INFO             PET3 !!! FOR PRODUCTION RUNS, USE:                      !!!
20210910 015302.830 INFO             PET3 !!!                   ESMF_LOGKIND_Multi_On_Error  !!!
20210910 015302.830 INFO             PET3 !!!!!!!!!!!!!!!!!!!!!!!!!!!!!!!!!!!!!!!!!!!!!!!!!!!!!!
20210910 015302.830 INFO             PET3 Running with ESMF Version   : 8.2.0 beta snapshot
20210910 015302.830 INFO             PET3 ESMF library build date/time: "Sep 10 2021" "00:24:25"
20210910 015302.830 INFO             PET3 ESMF library build location : /lustre/f2/dev/ncep/Mark.Potts/gfortran_8.3.0_mpi_g_develop
20210910 015302.830 INFO             PET3 ESMF_COMM                   : mpi
20210910 015302.831 INFO             PET3 ESMF_MOAB                   : enabled
20210910 015302.831 INFO             PET3 ESMF_LAPACK                 : enabled
20210910 015302.831 INFO             PET3 ESMF_NETCDF                 : enabled
20210910 015302.831 INFO             PET3 ESMF_PNETCDF                : disabled
20210910 015302.831 INFO             PET3 ESMF_PIO                    : enabled
20210910 015302.831 INFO             PET3 ESMF_YAMLCPP                : enabled
20210910 015302.831 INFO             PET3 ESMF Tracing Enabled
20210910 015302.831 INFO             PET3 ESMF Profiling Enabled
20210910 015302.831 INFO             PET3 ESMF Trace/Profile clock: REALTIME
20210910 015302.833 WARNING          PET3 ESMF Tracing/Profiling could not load dynamic instrumentation functions.
20210910 015302.881 INFO             PET3  NUMBER_OF_PROCESSORS           4
20210910 015302.881 INFO             PET3  PASS  Example ESMF_TraceUserEx, ESMF_TraceUserEx.F90, line 125
20210910 015302.881 INFO             PET3 Finalizing ESMF
20210910 015302.882 INFO             PET3 **************** Region Timings *******************
20210910 015302.882 INFO             PET3 Region              Count  Total (s)   Self (s)    Mean (s)    Min (s)     Max (s)
20210910 015302.882 INFO             PET3   outer_region      1      0.0420      0.0416      0.0420      0.0420      0.0420
20210910 015302.882 INFO             PET3     inner_region_1  10     0.0003      0.0003      0.0000      0.0000      0.0000
20210910 015302.882 INFO             PET3     inner_region_2  10     0.0001      0.0001      0.0000      0.0000      0.0000
