Tue Sep 14 16:21:26 MDT 2021
 
Installing ESMF:
 
mkdir -p /glade/scratch/dunlap/esmf-testing/pgi_20.4_openmpi_g_develop/DEFAULTINSTALLDIR/include
cp -f /glade/scratch/dunlap/esmf-testing/pgi_20.4_openmpi_g_develop/src/include/ESMC.h /glade/scratch/dunlap/esmf-testing/pgi_20.4_openmpi_g_develop/DEFAULTINSTALLDIR/include
cp -f /glade/scratch/dunlap/esmf-testing/pgi_20.4_openmpi_g_develop/src/include/ESMC_*.h /glade/scratch/dunlap/esmf-testing/pgi_20.4_openmpi_g_develop/DEFAULTINSTALLDIR/include
cp -f /glade/scratch/dunlap/esmf-testing/pgi_20.4_openmpi_g_develop/build_config/Linux.pgi.default/ESMC_Conf.h /glade/scratch/dunlap/esmf-testing/pgi_20.4_openmpi_g_develop/DEFAULTINSTALLDIR/include
mkdir -p /glade/scratch/dunlap/esmf-testing/pgi_20.4_openmpi_g_develop/DEFAULTINSTALLDIR/mod/modg/Linux.pgi.64.openmpi.default
cp -f /glade/scratch/dunlap/esmf-testing/pgi_20.4_openmpi_g_develop/mod/modg/Linux.pgi.64.openmpi.default/*.mod /glade/scratch/dunlap/esmf-testing/pgi_20.4_openmpi_g_develop/DEFAULTINSTALLDIR/mod/modg/Linux.pgi.64.openmpi.default
mkdir -p /glade/scratch/dunlap/esmf-testing/pgi_20.4_openmpi_g_develop/DEFAULTINSTALLDIR/lib/libg/Linux.pgi.64.openmpi.default
cp -f /glade/scratch/dunlap/esmf-testing/pgi_20.4_openmpi_g_develop/lib/libg/Linux.pgi.64.openmpi.default/libesmf*.* /glade/scratch/dunlap/esmf-testing/pgi_20.4_openmpi_g_develop/DEFAULTINSTALLDIR/lib/libg/Linux.pgi.64.openmpi.default
make ESMF_PRELOADDIR=/glade/scratch/dunlap/esmf-testing/pgi_20.4_openmpi_g_develop/DEFAULTINSTALLDIR/lib/libg/Linux.pgi.64.openmpi.default build_preload_script
make[1]: Entering directory '/glade/scratch/dunlap/esmf-testing/pgi_20.4_openmpi_g_develop'
chmod 755 /glade/scratch/dunlap/esmf-testing/pgi_20.4_openmpi_g_develop/DEFAULTINSTALLDIR/lib/libg/Linux.pgi.64.openmpi.default/preload.sh
make[1]: Leaving directory '/glade/scratch/dunlap/esmf-testing/pgi_20.4_openmpi_g_develop'
ranlib /glade/scratch/dunlap/esmf-testing/pgi_20.4_openmpi_g_develop/DEFAULTINSTALLDIR/lib/libg/Linux.pgi.64.openmpi.default/libesmf*.a
make install_apps
make[1]: Entering directory '/glade/scratch/dunlap/esmf-testing/pgi_20.4_openmpi_g_develop'
mkdir -p /glade/scratch/dunlap/esmf-testing/pgi_20.4_openmpi_g_develop/DEFAULTINSTALLDIR/bin/bing/Linux.pgi.64.openmpi.default
make build_apps ESMF_APPSDIR=/glade/scratch/dunlap/esmf-testing/pgi_20.4_openmpi_g_develop/DEFAULTINSTALLDIR/bin/bing/Linux.pgi.64.openmpi.default ESMF_LDIR=/glade/scratch/dunlap/esmf-testing/pgi_20.4_openmpi_g_develop/DEFAULTINSTALLDIR/lib/libg/Linux.pgi.64.openmpi.default ESMF_LIBDIR=/glade/scratch/dunlap/esmf-testing/pgi_20.4_openmpi_g_develop/DEFAULTINSTALLDIR/lib/libg/Linux.pgi.64.openmpi.default ESMF_MODDIR=/glade/scratch/dunlap/esmf-testing/pgi_20.4_openmpi_g_develop/DEFAULTINSTALLDIR/mod/modg/Linux.pgi.64.openmpi.default
make[2]: Entering directory '/glade/scratch/dunlap/esmf-testing/pgi_20.4_openmpi_g_develop'
cd /glade/scratch/dunlap/esmf-testing/pgi_20.4_openmpi_g_develop/src/apps; make ACTION=tree_build_apps tree
make[3]: Entering directory '/glade/scratch/dunlap/esmf-testing/pgi_20.4_openmpi_g_develop/src/apps'
tree_build_apps in: /glade/scratch/dunlap/esmf-testing/pgi_20.4_openmpi_g_develop/src/apps/ESMF_PrintInfo
make[4]: Entering directory '/glade/scratch/dunlap/esmf-testing/pgi_20.4_openmpi_g_develop/src/apps/ESMF_PrintInfo'
make chkdir_locobj
make[5]: Entering directory '/glade/scratch/dunlap/esmf-testing/pgi_20.4_openmpi_g_develop/src/apps/ESMF_PrintInfo'
Making directory /glade/scratch/dunlap/esmf-testing/pgi_20.4_openmpi_g_develop/obj/objg/Linux.pgi.64.openmpi.default/src/apps/ESMF_PrintInfo for apps output
make[5]: Leaving directory '/glade/scratch/dunlap/esmf-testing/pgi_20.4_openmpi_g_develop/src/apps/ESMF_PrintInfo'
mpifort -c -g -fpic -Mallocatable=03 -lpthread -I/glade/scratch/dunlap/esmf-testing/pgi_20.4_openmpi_g_develop/src/apps/ESMF_PrintInfo -I/glade/scratch/dunlap/esmf-testing/pgi_20.4_openmpi_g_develop/build_config/Linux.pgi.default -I/glade/scratch/dunlap/esmf-testing/pgi_20.4_openmpi_g_develop/src/Infrastructure -I/glade/scratch/dunlap/esmf-testing/pgi_20.4_openmpi_g_develop/src/Superstructure -I/glade/scratch/dunlap/esmf-testing/pgi_20.4_openmpi_g_develop/DEFAULTINSTALLDIR/mod/modg/Linux.pgi.64.openmpi.default -I/glade/scratch/dunlap/esmf-testing/pgi_20.4_openmpi_g_develop/src/include -I/glade/u/apps/ch/opt/netcdf/4.7.4/pgi/20.4/include -I/glade/u/apps/ch/opt/netcdf/4.7.4/pgi/20.4/include  -DESMF_NO_INTEGER_1_BYTE -DESMF_NO_INTEGER_2_BYTE -DESMF_VERSION_STRING_GIT='"ESMF_8_2_0_beta_snapshot_18-42-gb11ffe55a6"' -DESMF_MOAB=1 -DESMF_LAPACK=1 -DESMF_LAPACK_INTERNAL=1 -DESMF_NO_ACC_SOFTWARE_STACK=1 -DESMF_NETCDF=1 -DESMF_YAMLCPP=1 -DESMF_YAML=1 -DESMF_PIO=1 -DESMF_MPIIO -DESMF_NO_OPENMP -DESMF_NO_OPENACC -DESMF_TESTEXHAUSTIVE -DESMF_BOPT_g -DESMF_TESTCOMPTUNNEL -DESMF_TESTWITHTHREADS -DSx86_64_small=1 -DESMF_OS_Linux=1 -DESMF_COMM=openmpi -DESMF_DIR=/glade/scratch/dunlap/esmf-testing/pgi_20.4_openmpi_g_develop -DESMF_PGIVERSION_MAJOR=20 -DESMF_PGIVERSION_MINOR=4 -DESMF_PGIVERSION_PATCH=0 -DESMF_NO_F2018ASSUMEDTYPE ESMF_PrintInfo.F90 -o /glade/scratch/dunlap/esmf-testing/pgi_20.4_openmpi_g_develop/obj/objg/Linux.pgi.64.openmpi.default/src/apps/ESMF_PrintInfo/ESMF_PrintInfo.o
pgfortran: LICENSE MANAGER PROBLEM: Licensed number of users already reached.
Feature:       pgfortran
License path:  28518@stargate11.nwsc.ucar.edu:/glade/u/apps/opt/pgi/20.4/license.dat:
FlexNet Licensing error:-4,132
ls: cannot access '/glade/u/apps/ch/opt/ncarcompilers/0.5.0/pgi/20.4/mpi/../lib*': No such file or directory
make chkdir_apps
make[5]: Entering directory '/glade/scratch/dunlap/esmf-testing/pgi_20.4_openmpi_g_develop/src/apps/ESMF_PrintInfo'
make[5]: Leaving directory '/glade/scratch/dunlap/esmf-testing/pgi_20.4_openmpi_g_develop/src/apps/ESMF_PrintInfo'
mpifort    -lpthread -Wl,--no-as-needed -L/glade/scratch/dunlap/esmf-testing/pgi_20.4_openmpi_g_develop/DEFAULTINSTALLDIR/lib/libg/Linux.pgi.64.openmpi.default -L/glade/u/apps/ch/opt/netcdf/4.7.4/pgi/20.4/lib -L/glade/u/apps/ch/opt/netcdf/4.7.4/pgi/20.4/lib -L/glade/u/apps/opt/pgi/20.4/linux86-64-llvm/20.4/libso -Wl,-rpath,/glade/scratch/dunlap/esmf-testing/pgi_20.4_openmpi_g_develop/DEFAULTINSTALLDIR/lib/libg/Linux.pgi.64.openmpi.default -Wl,-rpath,/glade/u/apps/ch/opt/netcdf/4.7.4/pgi/20.4/lib -Wl,-rpath,/glade/u/apps/ch/opt/netcdf/4.7.4/pgi/20.4/lib -Wl,-rpath,/glade/u/apps/opt/pgi/20.4/linux86-64-llvm/20.4/libso -o /glade/scratch/dunlap/esmf-testing/pgi_20.4_openmpi_g_develop/DEFAULTINSTALLDIR/bin/bing/Linux.pgi.64.openmpi.default/ESMF_PrintInfo /glade/scratch/dunlap/esmf-testing/pgi_20.4_openmpi_g_develop/obj/objg/Linux.pgi.64.openmpi.default/src/apps/ESMF_PrintInfo/ESMF_PrintInfo.o -lesmf   -pgc++libs -ldl -lnetcdf -lnetcdff
make[4]: Leaving directory '/glade/scratch/dunlap/esmf-testing/pgi_20.4_openmpi_g_develop/src/apps/ESMF_PrintInfo'
tree_build_apps in: /glade/scratch/dunlap/esmf-testing/pgi_20.4_openmpi_g_develop/src/apps/ESMF_PrintInfoC
make[4]: Entering directory '/glade/scratch/dunlap/esmf-testing/pgi_20.4_openmpi_g_develop/src/apps/ESMF_PrintInfoC'
make chkdir_locobj
make[5]: Entering directory '/glade/scratch/dunlap/esmf-testing/pgi_20.4_openmpi_g_develop/src/apps/ESMF_PrintInfoC'
Making directory /glade/scratch/dunlap/esmf-testing/pgi_20.4_openmpi_g_develop/obj/objg/Linux.pgi.64.openmpi.default/src/apps/ESMF_PrintInfoC for apps output
make[5]: Leaving directory '/glade/scratch/dunlap/esmf-testing/pgi_20.4_openmpi_g_develop/src/apps/ESMF_PrintInfoC'
mpicxx -c -std=c++11 -g -fpic -lpthread -I/glade/scratch/dunlap/esmf-testing/pgi_20.4_openmpi_g_develop/src/apps/ESMF_PrintInfoC -I/glade/scratch/dunlap/esmf-testing/pgi_20.4_openmpi_g_develop/src/apps/ESMF_PrintInfoC/../include -I/glade/scratch/dunlap/esmf-testing/pgi_20.4_openmpi_g_develop/build_config/Linux.pgi.default -I/glade/scratch/dunlap/esmf-testing/pgi_20.4_openmpi_g_develop/src/Infrastructure -I/glade/scratch/dunlap/esmf-testing/pgi_20.4_openmpi_g_develop/src/Superstructure -I/glade/scratch/dunlap/esmf-testing/pgi_20.4_openmpi_g_develop/src/Infrastructure/stubs/pthread  -I/glade/scratch/dunlap/esmf-testing/pgi_20.4_openmpi_g_develop/src/include  -I/glade/u/apps/ch/opt/netcdf/4.7.4/pgi/20.4/include -I/glade/scratch/dunlap/esmf-testing/pgi_20.4_openmpi_g_develop/src/prologue/yaml-cpp/include -DESMF_NO_INTEGER_1_BYTE -DESMF_NO_INTEGER_2_BYTE -DESMF_VERSION_STRING_GIT='"ESMF_8_2_0_beta_snapshot_18-42-gb11ffe55a6"' -DESMF_MOAB=1 -DESMF_LAPACK=1 -DESMF_LAPACK_INTERNAL=1 -DESMF_NO_ACC_SOFTWARE_STACK=1 -DESMF_NETCDF=1 -DESMF_YAMLCPP=1 -DESMF_YAML=1 -DESMF_PIO=1 -DESMF_MPIIO -DESMF_NO_OPENMP -DESMF_NO_OPENACC -DESMF_TESTEXHAUSTIVE -DESMF_BOPT_g -DESMF_TESTCOMPTUNNEL -DESMF_TESTWITHTHREADS -DSx86_64_small=1 -DESMF_OS_Linux=1 -DESMF_COMM=openmpi -DESMF_DIR=/glade/scratch/dunlap/esmf-testing/pgi_20.4_openmpi_g_develop -D__SDIR__='"src/apps/ESMF_PrintInfoC"' -DESMF_CXXSTD=11 -DESMF_NO_SIGUSR2 -DESMF_PGIVERSION_MAJOR=20 -DESMF_PGIVERSION_MINOR=4 -DESMF_PGIVERSION_PATCH=0 -DESMF_NO_F2018ASSUMEDTYPE ESMF_PrintInfoC.c -o /glade/scratch/dunlap/esmf-testing/pgi_20.4_openmpi_g_develop/obj/objg/Linux.pgi.64.openmpi.default/src/apps/ESMF_PrintInfoC/ESMF_PrintInfoC.o
make chkdir_apps
make[5]: Entering directory '/glade/scratch/dunlap/esmf-testing/pgi_20.4_openmpi_g_develop/src/apps/ESMF_PrintInfoC'
make[5]: Leaving directory '/glade/scratch/dunlap/esmf-testing/pgi_20.4_openmpi_g_develop/src/apps/ESMF_PrintInfoC'
mpicxx    -lpthread -Wl,--no-as-needed -L/glade/scratch/dunlap/esmf-testing/pgi_20.4_openmpi_g_develop/DEFAULTINSTALLDIR/lib/libg/Linux.pgi.64.openmpi.default -L/glade/u/apps/ch/opt/netcdf/4.7.4/pgi/20.4/lib -L/glade/u/apps/ch/opt/netcdf/4.7.4/pgi/20.4/lib -L/glade/u/apps/opt/pgi/20.4/linux86-64-llvm/20.4/libso -Wl,-rpath,/glade/scratch/dunlap/esmf-testing/pgi_20.4_openmpi_g_develop/DEFAULTINSTALLDIR/lib/libg/Linux.pgi.64.openmpi.default -Wl,-rpath,/glade/u/apps/ch/opt/netcdf/4.7.4/pgi/20.4/lib -Wl,-rpath,/glade/u/apps/ch/opt/netcdf/4.7.4/pgi/20.4/lib -Wl,-rpath,/glade/u/apps/opt/pgi/20.4/linux86-64-llvm/20.4/libso -o /glade/scratch/dunlap/esmf-testing/pgi_20.4_openmpi_g_develop/DEFAULTINSTALLDIR/bin/bing/Linux.pgi.64.openmpi.default/ESMF_PrintInfoC /glade/scratch/dunlap/esmf-testing/pgi_20.4_openmpi_g_develop/obj/objg/Linux.pgi.64.openmpi.default/src/apps/ESMF_PrintInfoC/ESMF_PrintInfoC.o -lesmf  -lmpi_mpifh -pgf90libs -ldl -lnetcdf -lnetcdff
make[4]: Leaving directory '/glade/scratch/dunlap/esmf-testing/pgi_20.4_openmpi_g_develop/src/apps/ESMF_PrintInfoC'
tree_build_apps in: /glade/scratch/dunlap/esmf-testing/pgi_20.4_openmpi_g_develop/src/apps/ESMF_RegridWeightGen
make[4]: Entering directory '/glade/scratch/dunlap/esmf-testing/pgi_20.4_openmpi_g_develop/src/apps/ESMF_RegridWeightGen'
make chkdir_locobj
make[5]: Entering directory '/glade/scratch/dunlap/esmf-testing/pgi_20.4_openmpi_g_develop/src/apps/ESMF_RegridWeightGen'
Making directory /glade/scratch/dunlap/esmf-testing/pgi_20.4_openmpi_g_develop/obj/objg/Linux.pgi.64.openmpi.default/src/apps/ESMF_RegridWeightGen for apps output
make[5]: Leaving directory '/glade/scratch/dunlap/esmf-testing/pgi_20.4_openmpi_g_develop/src/apps/ESMF_RegridWeightGen'
mpifort -c -g -fpic -Mallocatable=03 -lpthread -I/glade/scratch/dunlap/esmf-testing/pgi_20.4_openmpi_g_develop/src/apps/ESMF_RegridWeightGen -I/glade/scratch/dunlap/esmf-testing/pgi_20.4_openmpi_g_develop/build_config/Linux.pgi.default -I/glade/scratch/dunlap/esmf-testing/pgi_20.4_openmpi_g_develop/src/Infrastructure -I/glade/scratch/dunlap/esmf-testing/pgi_20.4_openmpi_g_develop/src/Superstructure -I/glade/scratch/dunlap/esmf-testing/pgi_20.4_openmpi_g_develop/DEFAULTINSTALLDIR/mod/modg/Linux.pgi.64.openmpi.default -I/glade/scratch/dunlap/esmf-testing/pgi_20.4_openmpi_g_develop/src/include -I/glade/u/apps/ch/opt/netcdf/4.7.4/pgi/20.4/include -I/glade/u/apps/ch/opt/netcdf/4.7.4/pgi/20.4/include  -DESMF_NO_INTEGER_1_BYTE -DESMF_NO_INTEGER_2_BYTE -DESMF_VERSION_STRING_GIT='"ESMF_8_2_0_beta_snapshot_18-42-gb11ffe55a6"' -DESMF_MOAB=1 -DESMF_LAPACK=1 -DESMF_LAPACK_INTERNAL=1 -DESMF_NO_ACC_SOFTWARE_STACK=1 -DESMF_NETCDF=1 -DESMF_YAMLCPP=1 -DESMF_YAML=1 -DESMF_PIO=1 -DESMF_MPIIO -DESMF_NO_OPENMP -DESMF_NO_OPENACC -DESMF_TESTEXHAUSTIVE -DESMF_BOPT_g -DESMF_TESTCOMPTUNNEL -DESMF_TESTWITHTHREADS -DSx86_64_small=1 -DESMF_OS_Linux=1 -DESMF_COMM=openmpi -DESMF_DIR=/glade/scratch/dunlap/esmf-testing/pgi_20.4_openmpi_g_develop -DESMF_PGIVERSION_MAJOR=20 -DESMF_PGIVERSION_MINOR=4 -DESMF_PGIVERSION_PATCH=0 -DESMF_NO_F2018ASSUMEDTYPE ESMF_RegridWeightGen.F90 -o /glade/scratch/dunlap/esmf-testing/pgi_20.4_openmpi_g_develop/obj/objg/Linux.pgi.64.openmpi.default/src/apps/ESMF_RegridWeightGen/ESMF_RegridWeightGen.o
pgfortran: LICENSE MANAGER PROBLEM: Licensed number of users already reached.
Feature:       pgfortran
License path:  28518@stargate11.nwsc.ucar.edu:/glade/u/apps/opt/pgi/20.4/license.dat:
FlexNet Licensing error:-4,132
ls: cannot access '/glade/u/apps/ch/opt/ncarcompilers/0.5.0/pgi/20.4/mpi/../lib*': No such file or directory
make chkdir_apps
make[5]: Entering directory '/glade/scratch/dunlap/esmf-testing/pgi_20.4_openmpi_g_develop/src/apps/ESMF_RegridWeightGen'
make[5]: Leaving directory '/glade/scratch/dunlap/esmf-testing/pgi_20.4_openmpi_g_develop/src/apps/ESMF_RegridWeightGen'
mpifort    -lpthread -Wl,--no-as-needed -L/glade/scratch/dunlap/esmf-testing/pgi_20.4_openmpi_g_develop/DEFAULTINSTALLDIR/lib/libg/Linux.pgi.64.openmpi.default -L/glade/u/apps/ch/opt/netcdf/4.7.4/pgi/20.4/lib -L/glade/u/apps/ch/opt/netcdf/4.7.4/pgi/20.4/lib -L/glade/u/apps/opt/pgi/20.4/linux86-64-llvm/20.4/libso -Wl,-rpath,/glade/scratch/dunlap/esmf-testing/pgi_20.4_openmpi_g_develop/DEFAULTINSTALLDIR/lib/libg/Linux.pgi.64.openmpi.default -Wl,-rpath,/glade/u/apps/ch/opt/netcdf/4.7.4/pgi/20.4/lib -Wl,-rpath,/glade/u/apps/ch/opt/netcdf/4.7.4/pgi/20.4/lib -Wl,-rpath,/glade/u/apps/opt/pgi/20.4/linux86-64-llvm/20.4/libso -o /glade/scratch/dunlap/esmf-testing/pgi_20.4_openmpi_g_develop/DEFAULTINSTALLDIR/bin/bing/Linux.pgi.64.openmpi.default/ESMF_RegridWeightGen /glade/scratch/dunlap/esmf-testing/pgi_20.4_openmpi_g_develop/obj/objg/Linux.pgi.64.openmpi.default/src/apps/ESMF_RegridWeightGen/ESMF_RegridWeightGen.o -lesmf   -pgc++libs -ldl -lnetcdf -lnetcdff
make[4]: Leaving directory '/glade/scratch/dunlap/esmf-testing/pgi_20.4_openmpi_g_develop/src/apps/ESMF_RegridWeightGen'
tree_build_apps in: /glade/scratch/dunlap/esmf-testing/pgi_20.4_openmpi_g_develop/src/apps/ESMF_WebServController
make[4]: Entering directory '/glade/scratch/dunlap/esmf-testing/pgi_20.4_openmpi_g_develop/src/apps/ESMF_WebServController'
make chkdir_locobj
make[5]: Entering directory '/glade/scratch/dunlap/esmf-testing/pgi_20.4_openmpi_g_develop/src/apps/ESMF_WebServController'
Making directory /glade/scratch/dunlap/esmf-testing/pgi_20.4_openmpi_g_develop/obj/objg/Linux.pgi.64.openmpi.default/src/apps/ESMF_WebServController for apps output
make[5]: Leaving directory '/glade/scratch/dunlap/esmf-testing/pgi_20.4_openmpi_g_develop/src/apps/ESMF_WebServController'
mpicxx -c -std=c++11 -g -fpic -lpthread -I/glade/scratch/dunlap/esmf-testing/pgi_20.4_openmpi_g_develop/src/apps/ESMF_WebServController -I/glade/scratch/dunlap/esmf-testing/pgi_20.4_openmpi_g_develop/src/apps/ESMF_WebServController/../include -I/glade/scratch/dunlap/esmf-testing/pgi_20.4_openmpi_g_develop/build_config/Linux.pgi.default -I/glade/scratch/dunlap/esmf-testing/pgi_20.4_openmpi_g_develop/src/Infrastructure -I/glade/scratch/dunlap/esmf-testing/pgi_20.4_openmpi_g_develop/src/Superstructure -I/glade/scratch/dunlap/esmf-testing/pgi_20.4_openmpi_g_develop/src/Infrastructure/stubs/pthread  -I/glade/scratch/dunlap/esmf-testing/pgi_20.4_openmpi_g_develop/src/include  -I/glade/u/apps/ch/opt/netcdf/4.7.4/pgi/20.4/include -I/glade/scratch/dunlap/esmf-testing/pgi_20.4_openmpi_g_develop/src/prologue/yaml-cpp/include -DESMF_NO_INTEGER_1_BYTE -DESMF_NO_INTEGER_2_BYTE -DESMF_VERSION_STRING_GIT='"ESMF_8_2_0_beta_snapshot_18-42-gb11ffe55a6"' -DESMF_MOAB=1 -DESMF_LAPACK=1 -DESMF_LAPACK_INTERNAL=1 -DESMF_NO_ACC_SOFTWARE_STACK=1 -DESMF_NETCDF=1 -DESMF_YAMLCPP=1 -DESMF_YAML=1 -DESMF_PIO=1 -DESMF_MPIIO -DESMF_NO_OPENMP -DESMF_NO_OPENACC -DESMF_TESTEXHAUSTIVE -DESMF_BOPT_g -DESMF_TESTCOMPTUNNEL -DESMF_TESTWITHTHREADS -DSx86_64_small=1 -DESMF_OS_Linux=1 -DESMF_COMM=openmpi -DESMF_DIR=/glade/scratch/dunlap/esmf-testing/pgi_20.4_openmpi_g_develop -D__SDIR__='"src/apps/ESMF_WebServController"' -DESMF_CXXSTD=11 -DESMF_NO_SIGUSR2 -DESMF_PGIVERSION_MAJOR=20 -DESMF_PGIVERSION_MINOR=4 -DESMF_PGIVERSION_PATCH=0 -DESMF_NO_F2018ASSUMEDTYPE ESMF_WebServController.C -o /glade/scratch/dunlap/esmf-testing/pgi_20.4_openmpi_g_develop/obj/objg/Linux.pgi.64.openmpi.default/src/apps/ESMF_WebServController/ESMF_WebServController.o
pgc++: LICENSE MANAGER PROBLEM: Licensed number of users already reached.
Feature:       pgc++
License path:  28518@stargate11.nwsc.ucar.edu:/glade/u/apps/opt/pgi/20.4/license.dat:
FlexNet Licensing error:-4,132
make chkdir_apps
make[5]: Entering directory '/glade/scratch/dunlap/esmf-testing/pgi_20.4_openmpi_g_develop/src/apps/ESMF_WebServController'
make[5]: Leaving directory '/glade/scratch/dunlap/esmf-testing/pgi_20.4_openmpi_g_develop/src/apps/ESMF_WebServController'
mpicxx    -lpthread -Wl,--no-as-needed -L/glade/scratch/dunlap/esmf-testing/pgi_20.4_openmpi_g_develop/DEFAULTINSTALLDIR/lib/libg/Linux.pgi.64.openmpi.default -L/glade/u/apps/ch/opt/netcdf/4.7.4/pgi/20.4/lib -L/glade/u/apps/ch/opt/netcdf/4.7.4/pgi/20.4/lib -L/glade/u/apps/opt/pgi/20.4/linux86-64-llvm/20.4/libso -Wl,-rpath,/glade/scratch/dunlap/esmf-testing/pgi_20.4_openmpi_g_develop/DEFAULTINSTALLDIR/lib/libg/Linux.pgi.64.openmpi.default -Wl,-rpath,/glade/u/apps/ch/opt/netcdf/4.7.4/pgi/20.4/lib -Wl,-rpath,/glade/u/apps/ch/opt/netcdf/4.7.4/pgi/20.4/lib -Wl,-rpath,/glade/u/apps/opt/pgi/20.4/linux86-64-llvm/20.4/libso -o /glade/scratch/dunlap/esmf-testing/pgi_20.4_openmpi_g_develop/DEFAULTINSTALLDIR/bin/bing/Linux.pgi.64.openmpi.default/ESMF_WebServController /glade/scratch/dunlap/esmf-testing/pgi_20.4_openmpi_g_develop/obj/objg/Linux.pgi.64.openmpi.default/src/apps/ESMF_WebServController/ESMF_WebServController.o -lesmf  -lmpi_mpifh -pgf90libs -ldl -lnetcdf -lnetcdff
make[4]: Leaving directory '/glade/scratch/dunlap/esmf-testing/pgi_20.4_openmpi_g_develop/src/apps/ESMF_WebServController'
tree_build_apps in: /glade/scratch/dunlap/esmf-testing/pgi_20.4_openmpi_g_develop/src/apps/ESMF_Scrip2Unstruct
make[4]: Entering directory '/glade/scratch/dunlap/esmf-testing/pgi_20.4_openmpi_g_develop/src/apps/ESMF_Scrip2Unstruct'
make chkdir_locobj
make[5]: Entering directory '/glade/scratch/dunlap/esmf-testing/pgi_20.4_openmpi_g_develop/src/apps/ESMF_Scrip2Unstruct'
Making directory /glade/scratch/dunlap/esmf-testing/pgi_20.4_openmpi_g_develop/obj/objg/Linux.pgi.64.openmpi.default/src/apps/ESMF_Scrip2Unstruct for apps output
make[5]: Leaving directory '/glade/scratch/dunlap/esmf-testing/pgi_20.4_openmpi_g_develop/src/apps/ESMF_Scrip2Unstruct'
mpicxx -c -std=c++11 -g -fpic -lpthread -I/glade/scratch/dunlap/esmf-testing/pgi_20.4_openmpi_g_develop/src/apps/ESMF_Scrip2Unstruct -I/glade/scratch/dunlap/esmf-testing/pgi_20.4_openmpi_g_develop/src/apps/ESMF_Scrip2Unstruct/../include -I/glade/scratch/dunlap/esmf-testing/pgi_20.4_openmpi_g_develop/build_config/Linux.pgi.default -I/glade/scratch/dunlap/esmf-testing/pgi_20.4_openmpi_g_develop/src/Infrastructure -I/glade/scratch/dunlap/esmf-testing/pgi_20.4_openmpi_g_develop/src/Superstructure -I/glade/scratch/dunlap/esmf-testing/pgi_20.4_openmpi_g_develop/src/Infrastructure/stubs/pthread  -I/glade/scratch/dunlap/esmf-testing/pgi_20.4_openmpi_g_develop/src/include  -I/glade/u/apps/ch/opt/netcdf/4.7.4/pgi/20.4/include -I/glade/scratch/dunlap/esmf-testing/pgi_20.4_openmpi_g_develop/src/prologue/yaml-cpp/include -DESMF_NO_INTEGER_1_BYTE -DESMF_NO_INTEGER_2_BYTE -DESMF_VERSION_STRING_GIT='"ESMF_8_2_0_beta_snapshot_18-42-gb11ffe55a6"' -DESMF_MOAB=1 -DESMF_LAPACK=1 -DESMF_LAPACK_INTERNAL=1 -DESMF_NO_ACC_SOFTWARE_STACK=1 -DESMF_NETCDF=1 -DESMF_YAMLCPP=1 -DESMF_YAML=1 -DESMF_PIO=1 -DESMF_MPIIO -DESMF_NO_OPENMP -DESMF_NO_OPENACC -DESMF_TESTEXHAUSTIVE -DESMF_BOPT_g -DESMF_TESTCOMPTUNNEL -DESMF_TESTWITHTHREADS -DSx86_64_small=1 -DESMF_OS_Linux=1 -DESMF_COMM=openmpi -DESMF_DIR=/glade/scratch/dunlap/esmf-testing/pgi_20.4_openmpi_g_develop -D__SDIR__='"src/apps/ESMF_Scrip2Unstruct"' -DESMF_CXXSTD=11 -DESMF_NO_SIGUSR2 -DESMF_PGIVERSION_MAJOR=20 -DESMF_PGIVERSION_MINOR=4 -DESMF_PGIVERSION_PATCH=0 -DESMF_NO_F2018ASSUMEDTYPE ESMF_Scrip2Unstruct.C -o /glade/scratch/dunlap/esmf-testing/pgi_20.4_openmpi_g_develop/obj/objg/Linux.pgi.64.openmpi.default/src/apps/ESMF_Scrip2Unstruct/ESMF_Scrip2Unstruct.o
"ESMF_Scrip2Unstruct.C", line 403: warning: variable "startind" was set but
          never used
    int ind, startind;
             ^

"ESMF_Scrip2Unstruct.C", line 407: warning: variable "offset" was declared but
          never referenced
    int alltotal, mypart, left, offset, mystart, mystartelement;
                                ^

"ESMF_Scrip2Unstruct.C", line 420: warning: variable "ogr_dimid" was declared
          but never referenced
    int ogr_dimid, ogd_id;  
        ^

"ESMF_Scrip2Unstruct.C", line 692: warning: variable "mycount" was declared but
          never referenced
    int mycount = 0;
        ^

make chkdir_apps
make[5]: Entering directory '/glade/scratch/dunlap/esmf-testing/pgi_20.4_openmpi_g_develop/src/apps/ESMF_Scrip2Unstruct'
make[5]: Leaving directory '/glade/scratch/dunlap/esmf-testing/pgi_20.4_openmpi_g_develop/src/apps/ESMF_Scrip2Unstruct'
mpicxx    -lpthread -Wl,--no-as-needed -L/glade/scratch/dunlap/esmf-testing/pgi_20.4_openmpi_g_develop/DEFAULTINSTALLDIR/lib/libg/Linux.pgi.64.openmpi.default -L/glade/u/apps/ch/opt/netcdf/4.7.4/pgi/20.4/lib -L/glade/u/apps/ch/opt/netcdf/4.7.4/pgi/20.4/lib -L/glade/u/apps/opt/pgi/20.4/linux86-64-llvm/20.4/libso -Wl,-rpath,/glade/scratch/dunlap/esmf-testing/pgi_20.4_openmpi_g_develop/DEFAULTINSTALLDIR/lib/libg/Linux.pgi.64.openmpi.default -Wl,-rpath,/glade/u/apps/ch/opt/netcdf/4.7.4/pgi/20.4/lib -Wl,-rpath,/glade/u/apps/ch/opt/netcdf/4.7.4/pgi/20.4/lib -Wl,-rpath,/glade/u/apps/opt/pgi/20.4/linux86-64-llvm/20.4/libso -o /glade/scratch/dunlap/esmf-testing/pgi_20.4_openmpi_g_develop/DEFAULTINSTALLDIR/bin/bing/Linux.pgi.64.openmpi.default/ESMF_Scrip2Unstruct /glade/scratch/dunlap/esmf-testing/pgi_20.4_openmpi_g_develop/obj/objg/Linux.pgi.64.openmpi.default/src/apps/ESMF_Scrip2Unstruct/ESMF_Scrip2Unstruct.o -lesmf  -lmpi_mpifh -pgf90libs -ldl -lnetcdf -lnetcdff
make[4]: Leaving directory '/glade/scratch/dunlap/esmf-testing/pgi_20.4_openmpi_g_develop/src/apps/ESMF_Scrip2Unstruct'
tree_build_apps in: /glade/scratch/dunlap/esmf-testing/pgi_20.4_openmpi_g_develop/src/apps/ESMF_Regrid
make[4]: Entering directory '/glade/scratch/dunlap/esmf-testing/pgi_20.4_openmpi_g_develop/src/apps/ESMF_Regrid'
make chkdir_locobj
make[5]: Entering directory '/glade/scratch/dunlap/esmf-testing/pgi_20.4_openmpi_g_develop/src/apps/ESMF_Regrid'
Making directory /glade/scratch/dunlap/esmf-testing/pgi_20.4_openmpi_g_develop/obj/objg/Linux.pgi.64.openmpi.default/src/apps/ESMF_Regrid for apps output
make[5]: Leaving directory '/glade/scratch/dunlap/esmf-testing/pgi_20.4_openmpi_g_develop/src/apps/ESMF_Regrid'
mpifort -c -g -fpic -Mallocatable=03 -lpthread -I/glade/scratch/dunlap/esmf-testing/pgi_20.4_openmpi_g_develop/src/apps/ESMF_Regrid -I/glade/scratch/dunlap/esmf-testing/pgi_20.4_openmpi_g_develop/build_config/Linux.pgi.default -I/glade/scratch/dunlap/esmf-testing/pgi_20.4_openmpi_g_develop/src/Infrastructure -I/glade/scratch/dunlap/esmf-testing/pgi_20.4_openmpi_g_develop/src/Superstructure -I/glade/scratch/dunlap/esmf-testing/pgi_20.4_openmpi_g_develop/DEFAULTINSTALLDIR/mod/modg/Linux.pgi.64.openmpi.default -I/glade/scratch/dunlap/esmf-testing/pgi_20.4_openmpi_g_develop/src/include -I/glade/u/apps/ch/opt/netcdf/4.7.4/pgi/20.4/include -I/glade/u/apps/ch/opt/netcdf/4.7.4/pgi/20.4/include  -DESMF_NO_INTEGER_1_BYTE -DESMF_NO_INTEGER_2_BYTE -DESMF_VERSION_STRING_GIT='"ESMF_8_2_0_beta_snapshot_18-42-gb11ffe55a6"' -DESMF_MOAB=1 -DESMF_LAPACK=1 -DESMF_LAPACK_INTERNAL=1 -DESMF_NO_ACC_SOFTWARE_STACK=1 -DESMF_NETCDF=1 -DESMF_YAMLCPP=1 -DESMF_YAML=1 -DESMF_PIO=1 -DESMF_MPIIO -DESMF_NO_OPENMP -DESMF_NO_OPENACC -DESMF_TESTEXHAUSTIVE -DESMF_BOPT_g -DESMF_TESTCOMPTUNNEL -DESMF_TESTWITHTHREADS -DSx86_64_small=1 -DESMF_OS_Linux=1 -DESMF_COMM=openmpi -DESMF_DIR=/glade/scratch/dunlap/esmf-testing/pgi_20.4_openmpi_g_develop -DESMF_PGIVERSION_MAJOR=20 -DESMF_PGIVERSION_MINOR=4 -DESMF_PGIVERSION_PATCH=0 -DESMF_NO_F2018ASSUMEDTYPE ESMF_Regrid.F90 -o /glade/scratch/dunlap/esmf-testing/pgi_20.4_openmpi_g_develop/obj/objg/Linux.pgi.64.openmpi.default/src/apps/ESMF_Regrid/ESMF_Regrid.o
pgfortran: LICENSE MANAGER PROBLEM: Licensed number of users already reached.
Feature:       pgfortran
License path:  28518@stargate11.nwsc.ucar.edu:/glade/u/apps/opt/pgi/20.4/license.dat:
FlexNet Licensing error:-4,132
ls: cannot access '/glade/u/apps/ch/opt/ncarcompilers/0.5.0/pgi/20.4/mpi/../lib*': No such file or directory
make chkdir_apps
make[5]: Entering directory '/glade/scratch/dunlap/esmf-testing/pgi_20.4_openmpi_g_develop/src/apps/ESMF_Regrid'
make[5]: Leaving directory '/glade/scratch/dunlap/esmf-testing/pgi_20.4_openmpi_g_develop/src/apps/ESMF_Regrid'
mpifort    -lpthread -Wl,--no-as-needed -L/glade/scratch/dunlap/esmf-testing/pgi_20.4_openmpi_g_develop/DEFAULTINSTALLDIR/lib/libg/Linux.pgi.64.openmpi.default -L/glade/u/apps/ch/opt/netcdf/4.7.4/pgi/20.4/lib -L/glade/u/apps/ch/opt/netcdf/4.7.4/pgi/20.4/lib -L/glade/u/apps/opt/pgi/20.4/linux86-64-llvm/20.4/libso -Wl,-rpath,/glade/scratch/dunlap/esmf-testing/pgi_20.4_openmpi_g_develop/DEFAULTINSTALLDIR/lib/libg/Linux.pgi.64.openmpi.default -Wl,-rpath,/glade/u/apps/ch/opt/netcdf/4.7.4/pgi/20.4/lib -Wl,-rpath,/glade/u/apps/ch/opt/netcdf/4.7.4/pgi/20.4/lib -Wl,-rpath,/glade/u/apps/opt/pgi/20.4/linux86-64-llvm/20.4/libso -o /glade/scratch/dunlap/esmf-testing/pgi_20.4_openmpi_g_develop/DEFAULTINSTALLDIR/bin/bing/Linux.pgi.64.openmpi.default/ESMF_Regrid /glade/scratch/dunlap/esmf-testing/pgi_20.4_openmpi_g_develop/obj/objg/Linux.pgi.64.openmpi.default/src/apps/ESMF_Regrid/ESMF_Regrid.o -lesmf   -pgc++libs -ldl -lnetcdf -lnetcdff
make[4]: Leaving directory '/glade/scratch/dunlap/esmf-testing/pgi_20.4_openmpi_g_develop/src/apps/ESMF_Regrid'
make[3]: Leaving directory '/glade/scratch/dunlap/esmf-testing/pgi_20.4_openmpi_g_develop/src/apps'
ESMF apps built successfully.
make[2]: Leaving directory '/glade/scratch/dunlap/esmf-testing/pgi_20.4_openmpi_g_develop'
make[1]: Leaving directory '/glade/scratch/dunlap/esmf-testing/pgi_20.4_openmpi_g_develop'
mkdir -p /glade/scratch/dunlap/esmf-testing/pgi_20.4_openmpi_g_develop/DEFAULTINSTALLDIR/doc
make install_info_mk
make[1]: Entering directory '/glade/scratch/dunlap/esmf-testing/pgi_20.4_openmpi_g_develop'
make info_mk ESMF_APPSDIR=/glade/scratch/dunlap/esmf-testing/pgi_20.4_openmpi_g_develop/DEFAULTINSTALLDIR/bin/bing/Linux.pgi.64.openmpi.default ESMF_LDIR=/glade/scratch/dunlap/esmf-testing/pgi_20.4_openmpi_g_develop/DEFAULTINSTALLDIR/lib/libg/Linux.pgi.64.openmpi.default ESMF_LIBDIR=/glade/scratch/dunlap/esmf-testing/pgi_20.4_openmpi_g_develop/DEFAULTINSTALLDIR/lib/libg/Linux.pgi.64.openmpi.default ESMF_MODDIR=/glade/scratch/dunlap/esmf-testing/pgi_20.4_openmpi_g_develop/DEFAULTINSTALLDIR/mod/modg/Linux.pgi.64.openmpi.default ESMF_INCDIR=/glade/scratch/dunlap/esmf-testing/pgi_20.4_openmpi_g_develop/DEFAULTINSTALLDIR/include
make[2]: Entering directory '/glade/scratch/dunlap/esmf-testing/pgi_20.4_openmpi_g_develop'
ls: cannot access '/glade/u/apps/ch/opt/ncarcompilers/0.5.0/pgi/20.4/mpi/../lib*': No such file or directory
ls: cannot access '/glade/u/apps/ch/opt/ncarcompilers/0.5.0/pgi/20.4/mpi/../lib*': No such file or directory
make[2]: Leaving directory '/glade/scratch/dunlap/esmf-testing/pgi_20.4_openmpi_g_develop'
make[1]: Leaving directory '/glade/scratch/dunlap/esmf-testing/pgi_20.4_openmpi_g_develop'
 
ESMF installation complete.
 
