build time -- 2021-04-28 02:10:56.823988
20210428 024116.620 INFO             PET0 !!!!!!!!!!!!!!!!!!!!!!!!!!!!!!!!!!!!!!!!!!!!!!!!!!!!!!
20210428 024116.620 INFO             PET0 !!! THE ESMF_LOG IS SET TO OUTPUT ALL LOG MESSAGES !!!
20210428 024116.620 INFO             PET0 !!!     THIS MAY CAUSE SLOWDOWN IN PERFORMANCE     !!!
20210428 024116.620 INFO             PET0 !!! FOR PRODUCTION RUNS, USE:                      !!!
20210428 024116.620 INFO             PET0 !!!                   ESMF_LOGKIND_Multi_On_Error  !!!
20210428 024116.620 INFO             PET0 !!!!!!!!!!!!!!!!!!!!!!!!!!!!!!!!!!!!!!!!!!!!!!!!!!!!!!
20210428 024116.620 INFO             PET0 Running with ESMF Version   : ESMF_8_2_0_beta_snapshot_05-6-gb8c1a7077f
20210428 024116.620 INFO             PET0 ESMF library build date/time: "Apr 28 2021" "02:07:50"
20210428 024116.620 INFO             PET0 ESMF library build location : /gpfsm/dnb04/projects/p98/mpotts/esmf/intel_2020_intelmpi_g_develop
20210428 024116.620 INFO             PET0 ESMF_COMM                   : intelmpi
20210428 024116.621 INFO             PET0 ESMF_MOAB                   : enabled
20210428 024116.621 INFO             PET0 ESMF_LAPACK                 : enabled
20210428 024116.621 INFO             PET0 ESMF_NETCDF                 : enabled
20210428 024116.621 INFO             PET0 ESMF_PNETCDF                : disabled
20210428 024116.621 INFO             PET0 ESMF_PIO                    : enabled
20210428 024116.621 INFO             PET0 ESMF_YAMLCPP                : enabled
20210428 024116.641 INFO             PET0  NUMBER_OF_PROCESSORS           4
20210428 024116.641 INFO             PET0  PASS  Example ESMF_StateReadWriteEx, ESMF_StateReadWriteEx.F90, line 185
20210428 024116.641 INFO             PET0 Finalizing ESMF
20210428 024116.620 INFO             PET1 !!!!!!!!!!!!!!!!!!!!!!!!!!!!!!!!!!!!!!!!!!!!!!!!!!!!!!
20210428 024116.620 INFO             PET1 !!! THE ESMF_LOG IS SET TO OUTPUT ALL LOG MESSAGES !!!
20210428 024116.620 INFO             PET1 !!!     THIS MAY CAUSE SLOWDOWN IN PERFORMANCE     !!!
20210428 024116.620 INFO             PET1 !!! FOR PRODUCTION RUNS, USE:                      !!!
20210428 024116.620 INFO             PET1 !!!                   ESMF_LOGKIND_Multi_On_Error  !!!
20210428 024116.620 INFO             PET1 !!!!!!!!!!!!!!!!!!!!!!!!!!!!!!!!!!!!!!!!!!!!!!!!!!!!!!
20210428 024116.620 INFO             PET1 Running with ESMF Version   : ESMF_8_2_0_beta_snapshot_05-6-gb8c1a7077f
20210428 024116.620 INFO             PET1 ESMF library build date/time: "Apr 28 2021" "02:07:50"
20210428 024116.620 INFO             PET1 ESMF library build location : /gpfsm/dnb04/projects/p98/mpotts/esmf/intel_2020_intelmpi_g_develop
20210428 024116.620 INFO             PET1 ESMF_COMM                   : intelmpi
20210428 024116.621 INFO             PET1 ESMF_MOAB                   : enabled
20210428 024116.621 INFO             PET1 ESMF_LAPACK                 : enabled
20210428 024116.621 INFO             PET1 ESMF_NETCDF                 : enabled
20210428 024116.621 INFO             PET1 ESMF_PNETCDF                : disabled
20210428 024116.621 INFO             PET1 ESMF_PIO                    : enabled
20210428 024116.621 INFO             PET1 ESMF_YAMLCPP                : enabled
20210428 024116.623 INFO             PET1  NUMBER_OF_PROCESSORS           4
20210428 024116.624 INFO             PET1  PASS  Example ESMF_StateReadWriteEx, ESMF_StateReadWriteEx.F90, line 185
20210428 024116.624 INFO             PET1 Finalizing ESMF
20210428 024116.621 INFO             PET2 !!!!!!!!!!!!!!!!!!!!!!!!!!!!!!!!!!!!!!!!!!!!!!!!!!!!!!
20210428 024116.621 INFO             PET2 !!! THE ESMF_LOG IS SET TO OUTPUT ALL LOG MESSAGES !!!
20210428 024116.621 INFO             PET2 !!!     THIS MAY CAUSE SLOWDOWN IN PERFORMANCE     !!!
20210428 024116.621 INFO             PET2 !!! FOR PRODUCTION RUNS, USE:                      !!!
20210428 024116.621 INFO             PET2 !!!                   ESMF_LOGKIND_Multi_On_Error  !!!
20210428 024116.621 INFO             PET2 !!!!!!!!!!!!!!!!!!!!!!!!!!!!!!!!!!!!!!!!!!!!!!!!!!!!!!
20210428 024116.621 INFO             PET2 Running with ESMF Version   : ESMF_8_2_0_beta_snapshot_05-6-gb8c1a7077f
20210428 024116.621 INFO             PET2 ESMF library build date/time: "Apr 28 2021" "02:07:50"
20210428 024116.621 INFO             PET2 ESMF library build location : /gpfsm/dnb04/projects/p98/mpotts/esmf/intel_2020_intelmpi_g_develop
20210428 024116.621 INFO             PET2 ESMF_COMM                   : intelmpi
20210428 024116.622 INFO             PET2 ESMF_MOAB                   : enabled
20210428 024116.622 INFO             PET2 ESMF_LAPACK                 : enabled
20210428 024116.622 INFO             PET2 ESMF_NETCDF                 : enabled
20210428 024116.622 INFO             PET2 ESMF_PNETCDF                : disabled
20210428 024116.622 INFO             PET2 ESMF_PIO                    : enabled
20210428 024116.622 INFO             PET2 ESMF_YAMLCPP                : enabled
20210428 024116.623 INFO             PET2  NUMBER_OF_PROCESSORS           4
20210428 024116.624 INFO             PET2  PASS  Example ESMF_StateReadWriteEx, ESMF_StateReadWriteEx.F90, line 185
20210428 024116.624 INFO             PET2 Finalizing ESMF
20210428 024116.621 INFO             PET3 !!!!!!!!!!!!!!!!!!!!!!!!!!!!!!!!!!!!!!!!!!!!!!!!!!!!!!
20210428 024116.621 INFO             PET3 !!! THE ESMF_LOG IS SET TO OUTPUT ALL LOG MESSAGES !!!
20210428 024116.621 INFO             PET3 !!!     THIS MAY CAUSE SLOWDOWN IN PERFORMANCE     !!!
20210428 024116.621 INFO             PET3 !!! FOR PRODUCTION RUNS, USE:                      !!!
20210428 024116.621 INFO             PET3 !!!                   ESMF_LOGKIND_Multi_On_Error  !!!
20210428 024116.621 INFO             PET3 !!!!!!!!!!!!!!!!!!!!!!!!!!!!!!!!!!!!!!!!!!!!!!!!!!!!!!
20210428 024116.621 INFO             PET3 Running with ESMF Version   : ESMF_8_2_0_beta_snapshot_05-6-gb8c1a7077f
20210428 024116.621 INFO             PET3 ESMF library build date/time: "Apr 28 2021" "02:07:50"
20210428 024116.621 INFO             PET3 ESMF library build location : /gpfsm/dnb04/projects/p98/mpotts/esmf/intel_2020_intelmpi_g_develop
20210428 024116.621 INFO             PET3 ESMF_COMM                   : intelmpi
20210428 024116.622 INFO             PET3 ESMF_MOAB                   : enabled
20210428 024116.622 INFO             PET3 ESMF_LAPACK                 : enabled
20210428 024116.622 INFO             PET3 ESMF_NETCDF                 : enabled
20210428 024116.622 INFO             PET3 ESMF_PNETCDF                : disabled
20210428 024116.622 INFO             PET3 ESMF_PIO                    : enabled
20210428 024116.622 INFO             PET3 ESMF_YAMLCPP                : enabled
20210428 024116.623 INFO             PET3  NUMBER_OF_PROCESSORS           4
20210428 024116.624 INFO             PET3  PASS  Example ESMF_StateReadWriteEx, ESMF_StateReadWriteEx.F90, line 185
20210428 024116.624 INFO             PET3 Finalizing ESMF
