build time -- 2021-07-08 02:40:09.251965
20210708 031908.182 INFO             PET0 !!!!!!!!!!!!!!!!!!!!!!!!!!!!!!!!!!!!!!!!!!!!!!!!!!!!!!
20210708 031908.182 INFO             PET0 !!! THE ESMF_LOG IS SET TO OUTPUT ALL LOG MESSAGES !!!
20210708 031908.182 INFO             PET0 !!!     THIS MAY CAUSE SLOWDOWN IN PERFORMANCE     !!!
20210708 031908.182 INFO             PET0 !!! FOR PRODUCTION RUNS, USE:                      !!!
20210708 031908.182 INFO             PET0 !!!                   ESMF_LOGKIND_Multi_On_Error  !!!
20210708 031908.182 INFO             PET0 !!!!!!!!!!!!!!!!!!!!!!!!!!!!!!!!!!!!!!!!!!!!!!!!!!!!!!
20210708 031908.182 INFO             PET0 Running with ESMF Version   : ESMF_8_2_0_beta_snapshot_12-2-g7397acc804
20210708 031908.182 INFO             PET0 ESMF library build date/time: "Jul  8 2021" "02:37:35"
20210708 031908.182 INFO             PET0 ESMF library build location : /gpfsm/dnb04/projects/p98/mpotts/esmf/intel_2020_intelmpi_g_develop
20210708 031908.182 INFO             PET0 ESMF_COMM                   : intelmpi
20210708 031908.182 INFO             PET0 ESMF_MOAB                   : enabled
20210708 031908.182 INFO             PET0 ESMF_LAPACK                 : enabled
20210708 031908.183 INFO             PET0 ESMF_NETCDF                 : enabled
20210708 031908.183 INFO             PET0 ESMF_PNETCDF                : disabled
20210708 031908.183 INFO             PET0 ESMF_PIO                    : enabled
20210708 031908.183 INFO             PET0 ESMF_YAMLCPP                : enabled
20210708 031908.335 DEBUG            PET0 about to destroy Grid: 0xa5e4d0
20210708 031908.358 DEBUG            PET0 about to destroy Grid: 0xa5d4a0
20210708 031908.402 INFO             PET0  NUMBER_OF_PROCESSORS           4
20210708 031908.402 INFO             PET0  PASS  Example ESMF_NUOPCAtmModelEx, ESMF_NUOPCAtmModelEx.F90, line 806
20210708 031908.402 INFO             PET0 Finalizing ESMF
20210708 031908.181 INFO             PET1 !!!!!!!!!!!!!!!!!!!!!!!!!!!!!!!!!!!!!!!!!!!!!!!!!!!!!!
20210708 031908.182 INFO             PET1 !!! THE ESMF_LOG IS SET TO OUTPUT ALL LOG MESSAGES !!!
20210708 031908.182 INFO             PET1 !!!     THIS MAY CAUSE SLOWDOWN IN PERFORMANCE     !!!
20210708 031908.182 INFO             PET1 !!! FOR PRODUCTION RUNS, USE:                      !!!
20210708 031908.182 INFO             PET1 !!!                   ESMF_LOGKIND_Multi_On_Error  !!!
20210708 031908.182 INFO             PET1 !!!!!!!!!!!!!!!!!!!!!!!!!!!!!!!!!!!!!!!!!!!!!!!!!!!!!!
20210708 031908.182 INFO             PET1 Running with ESMF Version   : ESMF_8_2_0_beta_snapshot_12-2-g7397acc804
20210708 031908.182 INFO             PET1 ESMF library build date/time: "Jul  8 2021" "02:37:35"
20210708 031908.182 INFO             PET1 ESMF library build location : /gpfsm/dnb04/projects/p98/mpotts/esmf/intel_2020_intelmpi_g_develop
20210708 031908.182 INFO             PET1 ESMF_COMM                   : intelmpi
20210708 031908.182 INFO             PET1 ESMF_MOAB                   : enabled
20210708 031908.182 INFO             PET1 ESMF_LAPACK                 : enabled
20210708 031908.182 INFO             PET1 ESMF_NETCDF                 : enabled
20210708 031908.182 INFO             PET1 ESMF_PNETCDF                : disabled
20210708 031908.182 INFO             PET1 ESMF_PIO                    : enabled
20210708 031908.182 INFO             PET1 ESMF_YAMLCPP                : enabled
20210708 031908.335 DEBUG            PET1 about to destroy Grid: 0xa5d6d0
20210708 031908.358 DEBUG            PET1 about to destroy Grid: 0xa5dfc0
20210708 031908.402 INFO             PET1  NUMBER_OF_PROCESSORS           4
20210708 031908.402 INFO             PET1  PASS  Example ESMF_NUOPCAtmModelEx, ESMF_NUOPCAtmModelEx.F90, line 806
20210708 031908.402 INFO             PET1 Finalizing ESMF
20210708 031908.182 INFO             PET2 !!!!!!!!!!!!!!!!!!!!!!!!!!!!!!!!!!!!!!!!!!!!!!!!!!!!!!
20210708 031908.182 INFO             PET2 !!! THE ESMF_LOG IS SET TO OUTPUT ALL LOG MESSAGES !!!
20210708 031908.182 INFO             PET2 !!!     THIS MAY CAUSE SLOWDOWN IN PERFORMANCE     !!!
20210708 031908.182 INFO             PET2 !!! FOR PRODUCTION RUNS, USE:                      !!!
20210708 031908.182 INFO             PET2 !!!                   ESMF_LOGKIND_Multi_On_Error  !!!
20210708 031908.182 INFO             PET2 !!!!!!!!!!!!!!!!!!!!!!!!!!!!!!!!!!!!!!!!!!!!!!!!!!!!!!
20210708 031908.182 INFO             PET2 Running with ESMF Version   : ESMF_8_2_0_beta_snapshot_12-2-g7397acc804
20210708 031908.182 INFO             PET2 ESMF library build date/time: "Jul  8 2021" "02:37:35"
20210708 031908.182 INFO             PET2 ESMF library build location : /gpfsm/dnb04/projects/p98/mpotts/esmf/intel_2020_intelmpi_g_develop
20210708 031908.182 INFO             PET2 ESMF_COMM                   : intelmpi
20210708 031908.183 INFO             PET2 ESMF_MOAB                   : enabled
20210708 031908.183 INFO             PET2 ESMF_LAPACK                 : enabled
20210708 031908.183 INFO             PET2 ESMF_NETCDF                 : enabled
20210708 031908.183 INFO             PET2 ESMF_PNETCDF                : disabled
20210708 031908.183 INFO             PET2 ESMF_PIO                    : enabled
20210708 031908.183 INFO             PET2 ESMF_YAMLCPP                : enabled
20210708 031908.335 DEBUG            PET2 about to destroy Grid: 0xa5d8a0
20210708 031908.358 DEBUG            PET2 about to destroy Grid: 0xa5e190
20210708 031908.403 INFO             PET2  NUMBER_OF_PROCESSORS           4
20210708 031908.403 INFO             PET2  PASS  Example ESMF_NUOPCAtmModelEx, ESMF_NUOPCAtmModelEx.F90, line 806
20210708 031908.403 INFO             PET2 Finalizing ESMF
20210708 031908.182 INFO             PET3 !!!!!!!!!!!!!!!!!!!!!!!!!!!!!!!!!!!!!!!!!!!!!!!!!!!!!!
20210708 031908.182 INFO             PET3 !!! THE ESMF_LOG IS SET TO OUTPUT ALL LOG MESSAGES !!!
20210708 031908.182 INFO             PET3 !!!     THIS MAY CAUSE SLOWDOWN IN PERFORMANCE     !!!
20210708 031908.182 INFO             PET3 !!! FOR PRODUCTION RUNS, USE:                      !!!
20210708 031908.182 INFO             PET3 !!!                   ESMF_LOGKIND_Multi_On_Error  !!!
20210708 031908.182 INFO             PET3 !!!!!!!!!!!!!!!!!!!!!!!!!!!!!!!!!!!!!!!!!!!!!!!!!!!!!!
20210708 031908.182 INFO             PET3 Running with ESMF Version   : ESMF_8_2_0_beta_snapshot_12-2-g7397acc804
20210708 031908.182 INFO             PET3 ESMF library build date/time: "Jul  8 2021" "02:37:35"
20210708 031908.182 INFO             PET3 ESMF library build location : /gpfsm/dnb04/projects/p98/mpotts/esmf/intel_2020_intelmpi_g_develop
20210708 031908.182 INFO             PET3 ESMF_COMM                   : intelmpi
20210708 031908.183 INFO             PET3 ESMF_MOAB                   : enabled
20210708 031908.183 INFO             PET3 ESMF_LAPACK                 : enabled
20210708 031908.183 INFO             PET3 ESMF_NETCDF                 : enabled
20210708 031908.183 INFO             PET3 ESMF_PNETCDF                : disabled
20210708 031908.183 INFO             PET3 ESMF_PIO                    : enabled
20210708 031908.183 INFO             PET3 ESMF_YAMLCPP                : enabled
20210708 031908.335 DEBUG            PET3 about to destroy Grid: 0xa5d850
20210708 031908.358 DEBUG            PET3 about to destroy Grid: 0xa5e140
20210708 031908.403 INFO             PET3  NUMBER_OF_PROCESSORS           4
20210708 031908.403 INFO             PET3  PASS  Example ESMF_NUOPCAtmModelEx, ESMF_NUOPCAtmModelEx.F90, line 806
20210708 031908.403 INFO             PET3 Finalizing ESMF
