build time -- 2021-07-19 01:09:03.620866
20210719 013801.733 INFO             PET0 !!!!!!!!!!!!!!!!!!!!!!!!!!!!!!!!!!!!!!!!!!!!!!!!!!!!!!
20210719 013801.733 INFO             PET0 !!! THE ESMF_LOG IS SET TO OUTPUT ALL LOG MESSAGES !!!
20210719 013801.733 INFO             PET0 !!!     THIS MAY CAUSE SLOWDOWN IN PERFORMANCE     !!!
20210719 013801.733 INFO             PET0 !!! FOR PRODUCTION RUNS, USE:                      !!!
20210719 013801.733 INFO             PET0 !!!                   ESMF_LOGKIND_Multi_On_Error  !!!
20210719 013801.733 INFO             PET0 !!!!!!!!!!!!!!!!!!!!!!!!!!!!!!!!!!!!!!!!!!!!!!!!!!!!!!
20210719 013801.733 INFO             PET0 Running with ESMF Version   : ESMF_8_2_0_beta_snapshot_14
20210719 013801.733 INFO             PET0 ESMF library build date/time: "Jul 19 2021" "01:06:44"
20210719 013801.733 INFO             PET0 ESMF library build location : /gpfsm/dnb04/projects/p98/mpotts/esmf/intel_2020_intelmpi_g_develop
20210719 013801.733 INFO             PET0 ESMF_COMM                   : intelmpi
20210719 013801.735 INFO             PET0 ESMF_MOAB                   : enabled
20210719 013801.735 INFO             PET0 ESMF_LAPACK                 : enabled
20210719 013801.735 INFO             PET0 ESMF_NETCDF                 : enabled
20210719 013801.735 INFO             PET0 ESMF_PNETCDF                : disabled
20210719 013801.735 INFO             PET0 ESMF_PIO                    : enabled
20210719 013801.735 INFO             PET0 ESMF_YAMLCPP                : enabled
20210719 013801.736 INFO             PET0  NUMBER_OF_PROCESSORS           1
20210719 013801.736 INFO             PET0  PASS  Example ESMF_TimeEx, ESMF_TimeEx.F90, line 141
20210719 013801.736 INFO             PET0 Finalizing ESMF
