build time -- 2021-08-25 01:35:41.989255
20210825 021609.120 INFO             PET0 !!!!!!!!!!!!!!!!!!!!!!!!!!!!!!!!!!!!!!!!!!!!!!!!!!!!!!
20210825 021609.120 INFO             PET0 !!! THE ESMF_LOG IS SET TO OUTPUT ALL LOG MESSAGES !!!
20210825 021609.120 INFO             PET0 !!!     THIS MAY CAUSE SLOWDOWN IN PERFORMANCE     !!!
20210825 021609.120 INFO             PET0 !!! FOR PRODUCTION RUNS, USE:                      !!!
20210825 021609.120 INFO             PET0 !!!                   ESMF_LOGKIND_Multi_On_Error  !!!
20210825 021609.120 INFO             PET0 !!!!!!!!!!!!!!!!!!!!!!!!!!!!!!!!!!!!!!!!!!!!!!!!!!!!!!
20210825 021609.120 INFO             PET0 Running with ESMF Version   : ESMF_8_2_0_beta_snapshot_17
20210825 021609.120 INFO             PET0 ESMF library build date/time: "Aug 25 2021" "01:33:28"
20210825 021609.120 INFO             PET0 ESMF library build location : /gpfsm/dnb04/projects/p98/mpotts/esmf/intel_2020_intelmpi_g_develop
20210825 021609.120 INFO             PET0 ESMF_COMM                   : intelmpi
20210825 021609.121 INFO             PET0 ESMF_MOAB                   : enabled
20210825 021609.121 INFO             PET0 ESMF_LAPACK                 : enabled
20210825 021609.121 INFO             PET0 ESMF_NETCDF                 : enabled
20210825 021609.121 INFO             PET0 ESMF_PNETCDF                : disabled
20210825 021609.121 INFO             PET0 ESMF_PIO                    : enabled
20210825 021609.121 INFO             PET0 ESMF_YAMLCPP                : enabled
20210825 021609.124 ERROR            PET0 ESMF_StateAPI.cppF90:1189 ESMF_StateAddList Object being used before creation  - Bad Object
20210825 021609.128 INFO             PET0  NUMBER_OF_PROCESSORS           4
20210825 021609.128 INFO             PET0  PASS  Example ESMF_StateReconcileEx, ESMF_StateReconcileEx.F90, line 297
20210825 021609.128 INFO             PET0 Finalizing ESMF
20210825 021609.120 INFO             PET1 !!!!!!!!!!!!!!!!!!!!!!!!!!!!!!!!!!!!!!!!!!!!!!!!!!!!!!
20210825 021609.120 INFO             PET1 !!! THE ESMF_LOG IS SET TO OUTPUT ALL LOG MESSAGES !!!
20210825 021609.120 INFO             PET1 !!!     THIS MAY CAUSE SLOWDOWN IN PERFORMANCE     !!!
20210825 021609.120 INFO             PET1 !!! FOR PRODUCTION RUNS, USE:                      !!!
20210825 021609.120 INFO             PET1 !!!                   ESMF_LOGKIND_Multi_On_Error  !!!
20210825 021609.120 INFO             PET1 !!!!!!!!!!!!!!!!!!!!!!!!!!!!!!!!!!!!!!!!!!!!!!!!!!!!!!
20210825 021609.120 INFO             PET1 Running with ESMF Version   : ESMF_8_2_0_beta_snapshot_17
20210825 021609.120 INFO             PET1 ESMF library build date/time: "Aug 25 2021" "01:33:28"
20210825 021609.120 INFO             PET1 ESMF library build location : /gpfsm/dnb04/projects/p98/mpotts/esmf/intel_2020_intelmpi_g_develop
20210825 021609.120 INFO             PET1 ESMF_COMM                   : intelmpi
20210825 021609.121 INFO             PET1 ESMF_MOAB                   : enabled
20210825 021609.121 INFO             PET1 ESMF_LAPACK                 : enabled
20210825 021609.121 INFO             PET1 ESMF_NETCDF                 : enabled
20210825 021609.121 INFO             PET1 ESMF_PNETCDF                : disabled
20210825 021609.121 INFO             PET1 ESMF_PIO                    : enabled
20210825 021609.121 INFO             PET1 ESMF_YAMLCPP                : enabled
20210825 021609.124 ERROR            PET1 ESMF_StateAPI.cppF90:1189 ESMF_StateAddList Object being used before creation  - Bad Object
20210825 021609.129 INFO             PET1  NUMBER_OF_PROCESSORS           4
20210825 021609.129 INFO             PET1  PASS  Example ESMF_StateReconcileEx, ESMF_StateReconcileEx.F90, line 297
20210825 021609.129 INFO             PET1 Finalizing ESMF
20210825 021609.121 INFO             PET2 !!!!!!!!!!!!!!!!!!!!!!!!!!!!!!!!!!!!!!!!!!!!!!!!!!!!!!
20210825 021609.121 INFO             PET2 !!! THE ESMF_LOG IS SET TO OUTPUT ALL LOG MESSAGES !!!
20210825 021609.121 INFO             PET2 !!!     THIS MAY CAUSE SLOWDOWN IN PERFORMANCE     !!!
20210825 021609.121 INFO             PET2 !!! FOR PRODUCTION RUNS, USE:                      !!!
20210825 021609.121 INFO             PET2 !!!                   ESMF_LOGKIND_Multi_On_Error  !!!
20210825 021609.121 INFO             PET2 !!!!!!!!!!!!!!!!!!!!!!!!!!!!!!!!!!!!!!!!!!!!!!!!!!!!!!
20210825 021609.121 INFO             PET2 Running with ESMF Version   : ESMF_8_2_0_beta_snapshot_17
20210825 021609.121 INFO             PET2 ESMF library build date/time: "Aug 25 2021" "01:33:28"
20210825 021609.121 INFO             PET2 ESMF library build location : /gpfsm/dnb04/projects/p98/mpotts/esmf/intel_2020_intelmpi_g_develop
20210825 021609.121 INFO             PET2 ESMF_COMM                   : intelmpi
20210825 021609.122 INFO             PET2 ESMF_MOAB                   : enabled
20210825 021609.122 INFO             PET2 ESMF_LAPACK                 : enabled
20210825 021609.122 INFO             PET2 ESMF_NETCDF                 : enabled
20210825 021609.122 INFO             PET2 ESMF_PNETCDF                : disabled
20210825 021609.122 INFO             PET2 ESMF_PIO                    : enabled
20210825 021609.122 INFO             PET2 ESMF_YAMLCPP                : enabled
20210825 021609.124 ERROR            PET2 ESMF_StateAPI.cppF90:1189 ESMF_StateAddList Object being used before creation  - Bad Object
20210825 021609.128 INFO             PET2  NUMBER_OF_PROCESSORS           4
20210825 021609.128 INFO             PET2  PASS  Example ESMF_StateReconcileEx, ESMF_StateReconcileEx.F90, line 297
20210825 021609.128 INFO             PET2 Finalizing ESMF
20210825 021609.120 INFO             PET3 !!!!!!!!!!!!!!!!!!!!!!!!!!!!!!!!!!!!!!!!!!!!!!!!!!!!!!
20210825 021609.121 INFO             PET3 !!! THE ESMF_LOG IS SET TO OUTPUT ALL LOG MESSAGES !!!
20210825 021609.121 INFO             PET3 !!!     THIS MAY CAUSE SLOWDOWN IN PERFORMANCE     !!!
20210825 021609.121 INFO             PET3 !!! FOR PRODUCTION RUNS, USE:                      !!!
20210825 021609.121 INFO             PET3 !!!                   ESMF_LOGKIND_Multi_On_Error  !!!
20210825 021609.121 INFO             PET3 !!!!!!!!!!!!!!!!!!!!!!!!!!!!!!!!!!!!!!!!!!!!!!!!!!!!!!
20210825 021609.121 INFO             PET3 Running with ESMF Version   : ESMF_8_2_0_beta_snapshot_17
20210825 021609.121 INFO             PET3 ESMF library build date/time: "Aug 25 2021" "01:33:28"
20210825 021609.121 INFO             PET3 ESMF library build location : /gpfsm/dnb04/projects/p98/mpotts/esmf/intel_2020_intelmpi_g_develop
20210825 021609.121 INFO             PET3 ESMF_COMM                   : intelmpi
20210825 021609.121 INFO             PET3 ESMF_MOAB                   : enabled
20210825 021609.121 INFO             PET3 ESMF_LAPACK                 : enabled
20210825 021609.121 INFO             PET3 ESMF_NETCDF                 : enabled
20210825 021609.121 INFO             PET3 ESMF_PNETCDF                : disabled
20210825 021609.121 INFO             PET3 ESMF_PIO                    : enabled
20210825 021609.121 INFO             PET3 ESMF_YAMLCPP                : enabled
20210825 021609.124 ERROR            PET3 ESMF_StateAPI.cppF90:1189 ESMF_StateAddList Object being used before creation  - Bad Object
20210825 021609.128 INFO             PET3  NUMBER_OF_PROCESSORS           4
20210825 021609.128 INFO             PET3  PASS  Example ESMF_StateReconcileEx, ESMF_StateReconcileEx.F90, line 297
20210825 021609.128 INFO             PET3 Finalizing ESMF
