build time -- 2021-06-20 05:42:23.189724
  PASS  Example ESMF_FieldRedistEx, ESMF_FieldRedistEx.F90, line 521
  PASS  Example ESMF_FieldRedistEx, ESMF_FieldRedistEx.F90, line 521
  PASS  Example ESMF_FieldRedistEx, ESMF_FieldRedistEx.F90, line 521
  PASS  Example ESMF_FieldRedistEx, ESMF_FieldRedistEx.F90, line 521
[r14i5n20:43726:0:43726] Caught signal 11 (Segmentation fault: address not mapped to object at address 0x30)
[r14i5n20:43727:0:43727] Caught signal 11 (Segmentation fault: address not mapped to object at address 0x30)
--------------------------------------------------------------------------
A system call failed during shared memory initialization that should
not have.  It is likely that your MPI job will now either abort or
experience performance degradation.

  Local host:  r14i5n20
  System call: unlink(2) /dev/shm/vader_segment.r14i5n20.fbca0001.0
  Error:       No such file or directory (errno 2)
--------------------------------------------------------------------------
--------------------------------------------------------------------------
A system call failed during shared memory initialization that should
not have.  It is likely that your MPI job will now either abort or
experience performance degradation.

  Local host:  r14i5n20
  System call: unlink(2) /dev/shm/vader_segment.r14i5n20.fbca0001.1
  Error:       No such file or directory (errno 2)
--------------------------------------------------------------------------
[r14i5n20:43724:0:43724] Caught signal 11 (Segmentation fault: address not mapped to object at address 0x30)
[r14i5n20:43725:0:43725] Caught signal 11 (Segmentation fault: address not mapped to object at address 0x30)
--------------------------------------------------------------------------
Primary job  terminated normally, but 1 process returned
a non-zero exit code. Per user-direction, the job has been aborted.
--------------------------------------------------------------------------
--------------------------------------------------------------------------
mpirun noticed that process rank 2 with PID 0 on node r14i5n20 exited on signal 11 (Segmentation fault).
--------------------------------------------------------------------------
