build time -- 2021-06-21 05:42:33.159527
  PASS  Example ESMF_GridUsageEx, ESMF_GridUsageEx.F90, line 3470
  PASS  Example ESMF_GridUsageEx, ESMF_GridUsageEx.F90, line 3470
  PASS  Example ESMF_GridUsageEx, ESMF_GridUsageEx.F90, line 3470
  PASS  Example ESMF_GridUsageEx, ESMF_GridUsageEx.F90, line 3470
[r1i3n16:60258:0:60258] Caught signal 11 (Segmentation fault: address not mapped to object at address 0x3d0)
[r1i3n16:60255:0:60255] Caught signal 11 (Segmentation fault: address not mapped to object at address 0x30)
[r1i3n16:60257:0:60257] Caught signal 11 (Segmentation fault: address not mapped to object at address 0x30)
--------------------------------------------------------------------------
A system call failed during shared memory initialization that should
not have.  It is likely that your MPI job will now either abort or
experience performance degradation.

  Local host:  r1i3n16
  System call: unlink(2) /dev/shm/vader_segment.r1i3n16.54b70001.1
  Error:       No such file or directory (errno 2)
--------------------------------------------------------------------------
[r1i3n16:60256:0:60256] Caught signal 11 (Segmentation fault: address not mapped to object at address 0x110)
--------------------------------------------------------------------------
Primary job  terminated normally, but 1 process returned
a non-zero exit code. Per user-direction, the job has been aborted.
--------------------------------------------------------------------------
--------------------------------------------------------------------------
mpirun noticed that process rank 3 with PID 0 on node r1i3n16 exited on signal 11 (Segmentation fault).
--------------------------------------------------------------------------
  PASS  Example ESMF_GridUsageEx, ESMF_GridUsageEx.F90, line 3470
  PASS  Example ESMF_GridUsageEx, ESMF_GridUsageEx.F90, line 3470
  PASS  Example ESMF_GridUsageEx, ESMF_GridUsageEx.F90, line 3470
  PASS  Example ESMF_GridUsageEx, ESMF_GridUsageEx.F90, line 3470
[r1i3n16:60258:0:60258] Caught signal 11 (Segmentation fault: address not mapped to object at address 0x3d0)
[r1i3n16:60255:0:60255] Caught signal 11 (Segmentation fault: address not mapped to object at address 0x30)
[r1i3n16:60257:0:60257] Caught signal 11 (Segmentation fault: address not mapped to object at address 0x30)
--------------------------------------------------------------------------
A system call failed during shared memory initialization that should
not have.  It is likely that your MPI job will now either abort or
experience performance degradation.

  Local host:  r1i3n16
  System call: unlink(2) /dev/shm/vader_segment.r1i3n16.54b70001.1
  Error:       No such file or directory (errno 2)
--------------------------------------------------------------------------
[r1i3n16:60256:0:60256] Caught signal 11 (Segmentation fault: address not mapped to object at address 0x110)
--------------------------------------------------------------------------
Primary job  terminated normally, but 1 process returned
a non-zero exit code. Per user-direction, the job has been aborted.
--------------------------------------------------------------------------
--------------------------------------------------------------------------
mpirun noticed that process rank 3 with PID 0 on node r1i3n16 exited on signal 11 (Segmentation fault).
--------------------------------------------------------------------------
