build time -- 2021-06-20 05:42:23.189724
 got same values back from GetInternalState as original
 got same values back from GetInternalState as original
 got same values back from GetInternalState as original
 got same values back from GetInternalState as original
  PASS  Example ESMF_InternalStateEx, ESMF_InternalStateEx.F90, line 132
  PASS  Example ESMF_InternalStateEx, ESMF_InternalStateEx.F90, line 132
  PASS  Example ESMF_InternalStateEx, ESMF_InternalStateEx.F90, line 132
  PASS  Example ESMF_InternalStateEx, ESMF_InternalStateEx.F90, line 132
[r14i5n20:51856:0:51856] Caught signal 11 (Segmentation fault: address not mapped to object at address 0x30)
[r14i5n20:51854:0:51854] Caught signal 11 (Segmentation fault: address not mapped to object at address 0x30)
[r14i5n20:51853:0:51853] Caught signal 11 (Segmentation fault: address not mapped to object at address 0x30)
--------------------------------------------------------------------------
A system call failed during shared memory initialization that should
not have.  It is likely that your MPI job will now either abort or
experience performance degradation.

  Local host:  r14i5n20
  System call: unlink(2) /dev/shm/vader_segment.r14i5n20.9b8b0001.2
  Error:       No such file or directory (errno 2)
--------------------------------------------------------------------------
[r14i5n20:51855:0:51855] Caught signal 11 (Segmentation fault: address not mapped to object at address 0x30)
--------------------------------------------------------------------------
Primary job  terminated normally, but 1 process returned
a non-zero exit code. Per user-direction, the job has been aborted.
--------------------------------------------------------------------------
--------------------------------------------------------------------------
mpirun noticed that process rank 3 with PID 0 on node r14i5n20 exited on signal 11 (Segmentation fault).
--------------------------------------------------------------------------
