build time -- 2021-06-20 05:42:23.189724
  PASS  Example ESMF_InfoGetFromHostEx, ESMF_InfoGetFromHostEx.F90, line 112
  PASS  Example ESMF_InfoGetFromHostEx, ESMF_InfoGetFromHostEx.F90, line 112
  PASS  Example ESMF_InfoGetFromHostEx, ESMF_InfoGetFromHostEx.F90, line 112
  PASS  Example ESMF_InfoGetFromHostEx, ESMF_InfoGetFromHostEx.F90, line 112
[r14i5n20:3520 :0:3520] Caught signal 11 (Segmentation fault: address not mapped to object at address 0x30)
[r14i5n20:3521 :0:3521] Caught signal 11 (Segmentation fault: address not mapped to object at address 0x30)
--------------------------------------------------------------------------
A system call failed during shared memory initialization that should
not have.  It is likely that your MPI job will now either abort or
experience performance degradation.

  Local host:  r14i5n20
  System call: unlink(2) /dev/shm/vader_segment.r14i5n20.5cb80001.0
  Error:       No such file or directory (errno 2)
--------------------------------------------------------------------------
[r14i5n20:3518 :0:3518] Caught signal 11 (Segmentation fault: address not mapped to object at address 0x30)
--------------------------------------------------------------------------
A system call failed during shared memory initialization that should
not have.  It is likely that your MPI job will now either abort or
experience performance degradation.

  Local host:  r14i5n20
  System call: unlink(2) /dev/shm/vader_segment.r14i5n20.5cb80001.1
  Error:       No such file or directory (errno 2)
--------------------------------------------------------------------------
[r14i5n20:3519 :0:3519] Caught signal 11 (Segmentation fault: address not mapped to object at address 0x30)
--------------------------------------------------------------------------
Primary job  terminated normally, but 1 process returned
a non-zero exit code. Per user-direction, the job has been aborted.
--------------------------------------------------------------------------
--------------------------------------------------------------------------
mpirun noticed that process rank 2 with PID 0 on node r14i5n20 exited on signal 11 (Segmentation fault).
--------------------------------------------------------------------------
