build time -- 2021-06-21 05:42:33.159527
 {
    "myIntegerKey": 54,
    "myListOfReals": [
        33.29999923706055,
        44.400001525878906,
        1234.0,
        99.0
    ]
}
 the Info dump: {"myIntegerKey":54,"myListOfReals":[33.29999923706055,44.400001525878906,1234.0,99.0]}
 {
    "myIntegerKey": 54,
    "myListOfReals": [
        33.29999923706055,
        44.400001525878906,
        1234.0,
        99.0
    ]
}
 the Info dump: {"myIntegerKey":54,"myListOfReals":[33.29999923706055,44.400001525878906,1234.0,99.0]}
 {
    "myIntegerKey": 54,
    "myListOfReals": [
        33.29999923706055,
        44.400001525878906,
        1234.0,
        99.0
    ]
}
 {
    "myIntegerKey": 54,
    "myListOfReals": [
        33.29999923706055,
        44.400001525878906,
        1234.0,
        99.0
    ]
}
 the Info dump: {"myIntegerKey":54,"myListOfReals":[33.29999923706055,44.400001525878906,1234.0,99.0]}
 the Info dump: {"myIntegerKey":54,"myListOfReals":[33.29999923706055,44.400001525878906,1234.0,99.0]}
 ESMF_Info inquire loop: 
        idx=            1
       ikey= Universe
   typekind=           99
 ESMF_Info inquire loop: 
        idx=            2
       ikey= aNullKey
   typekind=           99
 ESMF_Info inquire loop: 
        idx=            3
       ikey= myIntegerKey
   typekind=            3
 ESMF_Info inquire loop: 
        idx=            4
       ikey= myListOfReals
   typekind=            5
  PASS  Example ESMF_InfoTutorialEx, ESMF_InfoTutorialEx.F90, line 335
  PASS  Example ESMF_InfoTutorialEx, ESMF_InfoTutorialEx.F90, line 335
  PASS  Example ESMF_InfoTutorialEx, ESMF_InfoTutorialEx.F90, line 335
  PASS  Example ESMF_InfoTutorialEx, ESMF_InfoTutorialEx.F90, line 335
[r1i3n16:37053:0:37053] Caught signal 11 (Segmentation fault: address not mapped to object at address 0x30)
--------------------------------------------------------------------------
A system call failed during shared memory initialization that should
not have.  It is likely that your MPI job will now either abort or
experience performance degradation.

  Local host:  r1i3n16
  System call: unlink(2) /dev/shm/vader_segment.r1i3n16.2f540001.0
  Error:       No such file or directory (errno 2)
--------------------------------------------------------------------------
[r1i3n16:37052:0:37052] Caught signal 11 (Segmentation fault: address not mapped to object at address 0x30)
--------------------------------------------------------------------------
A system call failed during shared memory initialization that should
not have.  It is likely that your MPI job will now either abort or
experience performance degradation.

  Local host:  r1i3n16
  System call: unlink(2) /dev/shm/vader_segment.r1i3n16.2f540001.2
  Error:       No such file or directory (errno 2)
--------------------------------------------------------------------------
--------------------------------------------------------------------------
A system call failed during shared memory initialization that should
not have.  It is likely that your MPI job will now either abort or
experience performance degradation.

  Local host:  r1i3n16
  System call: unlink(2) /dev/shm/vader_segment.r1i3n16.2f540001.3
  Error:       No such file or directory (errno 2)
--------------------------------------------------------------------------
[r1i3n16:37054:0:37054] Caught signal 11 (Segmentation fault: address not mapped to object at address 0x40)
[r1i3n16:37055:0:37055] Caught signal 11 (Segmentation fault: address not mapped to object at address 0xf0)
--------------------------------------------------------------------------
Primary job  terminated normally, but 1 process returned
a non-zero exit code. Per user-direction, the job has been aborted.
--------------------------------------------------------------------------
--------------------------------------------------------------------------
mpirun noticed that process rank 1 with PID 0 on node r1i3n16 exited on signal 11 (Segmentation fault).
--------------------------------------------------------------------------
 {
    "myIntegerKey": 54,
    "myListOfReals": [
        33.29999923706055,
        44.400001525878906,
        1234.0,
        99.0
    ]
}
 the Info dump: {"myIntegerKey":54,"myListOfReals":[33.29999923706055,44.400001525878906,1234.0,99.0]}
 {
    "myIntegerKey": 54,
    "myListOfReals": [
        33.29999923706055,
        44.400001525878906,
        1234.0,
        99.0
    ]
}
 the Info dump: {"myIntegerKey":54,"myListOfReals":[33.29999923706055,44.400001525878906,1234.0,99.0]}
 {
    "myIntegerKey": 54,
    "myListOfReals": [
        33.29999923706055,
        44.400001525878906,
        1234.0,
        99.0
    ]
}
 {
    "myIntegerKey": 54,
    "myListOfReals": [
        33.29999923706055,
        44.400001525878906,
        1234.0,
        99.0
    ]
}
 the Info dump: {"myIntegerKey":54,"myListOfReals":[33.29999923706055,44.400001525878906,1234.0,99.0]}
 the Info dump: {"myIntegerKey":54,"myListOfReals":[33.29999923706055,44.400001525878906,1234.0,99.0]}
 ESMF_Info inquire loop: 
        idx=            1
       ikey= Universe
   typekind=           99
 ESMF_Info inquire loop: 
        idx=            2
       ikey= aNullKey
   typekind=           99
 ESMF_Info inquire loop: 
        idx=            3
       ikey= myIntegerKey
   typekind=            3
 ESMF_Info inquire loop: 
        idx=            4
       ikey= myListOfReals
   typekind=            5
  PASS  Example ESMF_InfoTutorialEx, ESMF_InfoTutorialEx.F90, line 335
  PASS  Example ESMF_InfoTutorialEx, ESMF_InfoTutorialEx.F90, line 335
  PASS  Example ESMF_InfoTutorialEx, ESMF_InfoTutorialEx.F90, line 335
  PASS  Example ESMF_InfoTutorialEx, ESMF_InfoTutorialEx.F90, line 335
[r1i3n16:37053:0:37053] Caught signal 11 (Segmentation fault: address not mapped to object at address 0x30)
--------------------------------------------------------------------------
A system call failed during shared memory initialization that should
not have.  It is likely that your MPI job will now either abort or
experience performance degradation.

  Local host:  r1i3n16
  System call: unlink(2) /dev/shm/vader_segment.r1i3n16.2f540001.0
  Error:       No such file or directory (errno 2)
--------------------------------------------------------------------------
[r1i3n16:37052:0:37052] Caught signal 11 (Segmentation fault: address not mapped to object at address 0x30)
--------------------------------------------------------------------------
A system call failed during shared memory initialization that should
not have.  It is likely that your MPI job will now either abort or
experience performance degradation.

  Local host:  r1i3n16
  System call: unlink(2) /dev/shm/vader_segment.r1i3n16.2f540001.2
  Error:       No such file or directory (errno 2)
--------------------------------------------------------------------------
--------------------------------------------------------------------------
A system call failed during shared memory initialization that should
not have.  It is likely that your MPI job will now either abort or
experience performance degradation.

  Local host:  r1i3n16
  System call: unlink(2) /dev/shm/vader_segment.r1i3n16.2f540001.3
  Error:       No such file or directory (errno 2)
--------------------------------------------------------------------------
[r1i3n16:37054:0:37054] Caught signal 11 (Segmentation fault: address not mapped to object at address 0x40)
[r1i3n16:37055:0:37055] Caught signal 11 (Segmentation fault: address not mapped to object at address 0xf0)
--------------------------------------------------------------------------
Primary job  terminated normally, but 1 process returned
a non-zero exit code. Per user-direction, the job has been aborted.
--------------------------------------------------------------------------
--------------------------------------------------------------------------
mpirun noticed that process rank 1 with PID 0 on node r1i3n16 exited on signal 11 (Segmentation fault).
--------------------------------------------------------------------------
