build time -- 2021-06-20 05:42:23.189724
 NUOPC Basic Model template run
 NUOPC Basic Model template run
 NUOPC Basic Model template run
 NUOPC Basic Model template run
------>Advancing MODEL from:    0  1  1  0  0  0   0
--------------------------------> to:    0  1  1  0  0 30   0
------>Advancing MODEL from:    0  1  1  0  0  0   0
--------------------------------> to:    0  1  1  0  0 30   0
------>Advancing MODEL from:    0  1  1  0  0  0   0
--------------------------------> to:    0  1  1  0  0 30   0
------>Advancing MODEL from:    0  1  1  0  0  0   0
--------------------------------> to:    0  1  1  0  0 30   0
------>Advancing MODEL from:    0  1  1  0  0 30   0
--------------------------------> to:    0  1  1  0  1  0   0
------>Advancing MODEL from:    0  1  1  0  0 30   0
--------------------------------> to:    0  1  1  0  1  0   0
------>Advancing MODEL from:    0  1  1  0  0 30   0
--------------------------------> to:    0  1  1  0  1  0   0
------>Advancing MODEL from:    0  1  1  0  0 30   0
--------------------------------> to:    0  1  1  0  1  0   0
------>Advancing MODEL from:    0  1  1  0  1  0   0
--------------------------------> to:    0  1  1  0  1 30   0
------>Advancing MODEL from:    0  1  1  0  1  0   0
--------------------------------> to:    0  1  1  0  1 30   0
------>Advancing MODEL from:    0  1  1  0  1  0   0
--------------------------------> to:    0  1  1  0  1 30   0
------>Advancing MODEL from:    0  1  1  0  1  0   0
--------------------------------> to:    0  1  1  0  1 30   0
------>Advancing MODEL from:    0  1  1  0  1 30   0
--------------------------------> to:    0  1  1  0  2  0   0
------>Advancing MODEL from:    0  1  1  0  1 30   0
------>Advancing MODEL from:    0  1  1  0  1 30   0
--------------------------------> to:    0  1  1  0  2  0   0
--------------------------------> to:    0  1  1  0  2  0   0
------>Advancing MODEL from:    0  1  1  0  1 30   0
--------------------------------> to:    0  1  1  0  2  0   0
------>Advancing MODEL from:    0  1  1  0  2  0   0
--------------------------------> to:    0  1  1  0  2 30   0
------>Advancing MODEL from:    0  1  1  0  2  0   0
--------------------------------> to:    0  1  1  0  2 30   0
------>Advancing MODEL from:    0  1  1  0  2  0   0
--------------------------------> to:    0  1  1  0  2 30   0
------>Advancing MODEL from:    0  1  1  0  2  0   0
--------------------------------> to:    0  1  1  0  2 30   0
  PASS  Example ESMF_NUOPCBasicModelEx, ESMF_NUOPCBasicModelEx.F90, line 339
  PASS  Example ESMF_NUOPCBasicModelEx, ESMF_NUOPCBasicModelEx.F90, line 339
  PASS  Example ESMF_NUOPCBasicModelEx, ESMF_NUOPCBasicModelEx.F90, line 339
  PASS  Example ESMF_NUOPCBasicModelEx, ESMF_NUOPCBasicModelEx.F90, line 339
[r14i5n20:6237 :0:6237] Caught signal 11 (Segmentation fault: address not mapped to object at address 0x30)
[r14i5n20:6238 :0:6238] Caught signal 11 (Segmentation fault: address not mapped to object at address 0x30)
--------------------------------------------------------------------------
A system call failed during shared memory initialization that should
not have.  It is likely that your MPI job will now either abort or
experience performance degradation.

  Local host:  r14i5n20
  System call: unlink(2) /dev/shm/vader_segment.r14i5n20.49550001.1
  Error:       No such file or directory (errno 2)
--------------------------------------------------------------------------
[r14i5n20:6236 :0:6236] Caught signal 11 (Segmentation fault: Sent by the kernel at address (nil))
--------------------------------------------------------------------------
Primary job  terminated normally, but 1 process returned
a non-zero exit code. Per user-direction, the job has been aborted.
--------------------------------------------------------------------------
==== backtrace (tid:   6236) ====
 0  /glade/u/apps/ch/opt/ucx/1.9.0/lib/libucs.so.0(ucs_handle_error+0xe4) [0x2b7c30ace574]
 1  /glade/u/apps/ch/opt/ucx/1.9.0/lib/libucs.so.0(+0x2589c) [0x2b7c30ace89c]
 2  /glade/u/apps/ch/opt/ucx/1.9.0/lib/libucs.so.0(+0x25b0b) [0x2b7c30aceb0b]
 3  /glade/u/apps/ch/os/lib64/libpthread.so.0(+0x10b00) [0x2b7c20849b00]
 4  /glade/u/apps/ch/opt/openmpi/4.0.5/gnu/9.1.0/lib/libopen-pal.so.40(+0x2d277) [0x2b7c210de277]
 5  /glade/u/apps/ch/opt/openmpi/4.0.5/gnu/9.1.0/lib/openmpi/mca_btl_vader.so(+0x3e81) [0x2b7c2b081e81]
 6  /glade/u/apps/ch/opt/openmpi/4.0.5/gnu/9.1.0/lib/libopen-pal.so.40(mca_base_component_close+0x1b) [0x2b7c21107ecb]
 7  /glade/u/apps/ch/opt/openmpi/4.0.5/gnu/9.1.0/lib/libopen-pal.so.40(mca_base_components_close+0x56) [0x2b7c21107f56]
 8  /glade/u/apps/ch/opt/openmpi/4.0.5/gnu/9.1.0/lib/libopen-pal.so.40(+0x78260) [0x2b7c21129260]
 9  /glade/u/apps/ch/opt/openmpi/4.0.5/gnu/9.1.0/lib/libopen-pal.so.40(mca_base_framework_close+0x7c) [0x2b7c21111e8c]
10  /glade/u/apps/ch/opt/openmpi/4.0.5/gnu/9.1.0/lib/libopen-pal.so.40(opal_info_close_components+0x25) [0x2b7c210ea935]
11  /glade/u/apps/ch/opt/openmpi/4.0.5/gnu/9.1.0/lib/libmpi.so.40(PMPI_T_finalize+0x35) [0x2b7c1ff183f5]
12  /glade/scratch/mpotts/gfortran_9.1.0_openmpi_O_develop/lib/libO/Linux.gfortran.64.openmpi.default/libesmf.so(_ZN5ESMCI3VMK8finalizeEi+0x254) [0x2b7c1cfac500]
13  /glade/scratch/mpotts/gfortran_9.1.0_openmpi_O_develop/lib/libO/Linux.gfortran.64.openmpi.default/libesmf.so(_ZN5ESMCI2VM8finalizeEP12ESMC_LogicalPi+0x4d1) [0x2b7c1cfbbe8b]
14  /glade/scratch/mpotts/gfortran_9.1.0_openmpi_O_develop/lib/libO/Linux.gfortran.64.openmpi.default/libesmf.so(c_esmc_vmfinalize_+0x25) [0x2b7c1cf9d512]
15  /glade/scratch/mpotts/gfortran_9.1.0_openmpi_O_develop/lib/libO/Linux.gfortran.64.openmpi.default/libesmf.so(__esmf_vmmod_MOD_esmf_vmfinalize+0x25) [0x2b7c1d6108f7]
16  /glade/scratch/mpotts/gfortran_9.1.0_openmpi_O_develop/lib/libO/Linux.gfortran.64.openmpi.default/libesmf.so(__esmf_initmod_MOD_esmf_finalize+0x193) [0x2b7c1d4875e9]
17  ./ESMF_NUOPCBasicModelEx() [0x4021c7]
18  ./ESMF_NUOPCBasicModelEx() [0x402304]
19  /glade/u/apps/ch/os/lib64/libc.so.6(__libc_start_main+0xf5) [0x2b7c20a766e5]
20  ./ESMF_NUOPCBasicModelEx() [0x401359]
=================================

Program received signal SIGSEGV: Segmentation fault - invalid memory reference.

Backtrace for this error:
#0  0x2b7c20849aff in ???
#1  0x2b7c210de277 in ???
#2  0x2b7c2b081e80 in ???
#3  0x2b7c21107eca in ???
#4  0x2b7c21107f55 in ???
#5  0x2b7c2112925f in ???
#6  0x2b7c21111e8b in ???
#7  0x2b7c210ea934 in ???
#8  0x2b7c1ff183f4 in ???
#9  0x2b7c1cfac4ff in ???
#10  0x2b7c1cfbbe8a in ???
#11  0x2b7c1cf9d511 in ???
#12  0x2b7c1d6108f6 in ???
#13  0x2b7c1d4875e8 in ???
#14  0x4021c6 in ???
#15  0x402303 in ???
#16  0x2b7c20a766e4 in ???
#17  0x401358 in ???
	at ../sysdeps/x86_64/start.S:118
#18  0xffffffffffffffff in ???
--------------------------------------------------------------------------
mpirun noticed that process rank 2 with PID 0 on node r14i5n20 exited on signal 11 (Segmentation fault).
--------------------------------------------------------------------------
