build time -- 2021-06-17 05:42:08.303695
--- ESMCI::VM::print() start ---
--- ESMCI::VMId::print() start ---
--- ESMCI::VM::print() start ---
--- ESMCI::VM::print() start ---
--- ESMCI::VMId::print() start ---
--- ESMCI::VM::print() start ---
--- ESMCI::VMId::print() start ---
  vmKeyWidth = 1
  vmKey=0xF0000000
  localID = 0
--- ESMCI::VMId::print() end ---
--- ESMCI::VMId::print() start ---
  vmKeyWidth = 1
  vmKey=0xF0000000
  localID = 0
--- ESMCI::VMId::print() end ---
  vmKeyWidth = 1
  vmKey=0xF0000000
  localID = 0
--- ESMCI::VMId::print() end ---
--- VMK::print() start ---
vm located at: 0x1c77070
npets = 4, mypet=3
  pth_mutex =		 0x1ea4010
  pth_finish_count =	 (nil)
MPI_Comm_size: 4
MPI_Comm_rank in local MPI communicator: 3
MPI_Comm_rank in MPI_COMM_WORLD: 3
MPI thread level support: 3
mpi_mutex_flag: 0
mpionly: 1
threadsflag: 0
  lpid[0]=0, tid[0]=0, vas[0]=0, ncpet[0]=1, nadevs[0]=0, cid[0][0]=0
  lpid[1]=1, tid[1]=0, vas[1]=1, ncpet[1]=1, nadevs[1]=0, cid[1][0]=1
  lpid[2]=2, tid[2]=0, vas[2]=2, ncpet[2]=1, nadevs[2]=0, cid[2][0]=2
  lpid[3]=3, tid[3]=0, vas[3]=3, ncpet[3]=1, nadevs[3]=0, cid[3][0]=3
ncores = 4
  cpuid[0]=0, ssiid[0]=0
  cpuid[1]=1, ssiid[1]=0
  cpuid[2]=2, ssiid[2]=0
  cpuid[3]=3, ssiid[3]=0
--- VMK::print() end ---
--- ESMCI::VM::print() end ---
 This PET is localPet:            3
 of a total of            4  PETs in this VM.
 There are            4  PEs referenced by this VM
 This PET is executing in virtual address space (VAS)            3
 located on single system image (SSI)            0
 and is associated with            1  PEs.
--- VMK::print() start ---
vm located at: 0x1deb070
npets = 4, mypet=0
  pth_mutex =		 0x1f40bd0
  pth_finish_count =	 (nil)
MPI_Comm_size: 4
MPI_Comm_rank in local MPI communicator: 0
MPI_Comm_rank in MPI_COMM_WORLD: 0
MPI thread level support: 3
mpi_mutex_flag: 0
mpionly: 1
threadsflag: 0
  lpid[0]=0, tid[0]=0, vas[0]=0, ncpet[0]=1, nadevs[0]=0, cid[0][0]=0
  lpid[1]=1, tid[1]=0, vas[1]=1, ncpet[1]=1, nadevs[1]=0, cid[1][0]=1
  lpid[2]=2, tid[2]=0, vas[2]=2, ncpet[2]=1, nadevs[2]=0, cid[2][0]=2
  lpid[3]=3, tid[3]=0, vas[3]=3, ncpet[3]=1, nadevs[3]=0, cid[3][0]=3
ncores = 4
  cpuid[0]=0, ssiid[0]=0
  cpuid[1]=1, ssiid[1]=0
  cpuid[2]=2, ssiid[2]=0
  cpuid[3]=3, ssiid[3]=0
--- VMK::print() end ---
--- ESMCI::VM::print() end ---
 This PET is localPet:            0
 of a total of            4  PETs in this VM.
 There are            4  PEs referenced by this VM
 This PET is executing in virtual address space (VAS)            0
 located on single system image (SSI)            0
 and is associated with            1  PEs.
  vmKeyWidth = 1
  vmKey=0xF0000000
  localID = 0
--- ESMCI::VMId::print() end ---
--- VMK::print() start ---
vm located at: 0x2589070
npets = 4, mypet=1
  pth_mutex =		 0x26eb410
  pth_finish_count =	 (nil)
MPI_Comm_size: 4
MPI_Comm_rank in local MPI communicator: 1
MPI_Comm_rank in MPI_COMM_WORLD: 1
MPI thread level support: 3
mpi_mutex_flag: 0
mpionly: 1
threadsflag: 0
  lpid[0]=0, tid[0]=0, vas[0]=0, ncpet[0]=1, nadevs[0]=0, cid[0][0]=0
  lpid[1]=1, tid[1]=0, vas[1]=1, ncpet[1]=1, nadevs[1]=0, cid[1][0]=1
  lpid[2]=2, tid[2]=0, vas[2]=2, ncpet[2]=1, nadevs[2]=0, cid[2][0]=2
  lpid[3]=3, tid[3]=0, vas[3]=3, ncpet[3]=1, nadevs[3]=0, cid[3][0]=3
ncores = 4
  cpuid[0]=0, ssiid[0]=0
  cpuid[1]=1, ssiid[1]=0
  cpuid[2]=2, ssiid[2]=0
  cpuid[3]=3, ssiid[3]=0
--- VMK::print() end ---
--- ESMCI::VM::print() end ---
 This PET is localPet:            1
 of a total of            4  PETs in this VM.
 There are            4  PEs referenced by this VM
 This PET is executing in virtual address space (VAS)            1
 located on single system image (SSI)            0
 and is associated with            1  PEs.
--- VMK::print() start ---
vm located at: 0x10ff070
npets = 4, mypet=2
  pth_mutex =		 0x1262800
  pth_finish_count =	 (nil)
MPI_Comm_size: 4
MPI_Comm_rank in local MPI communicator: 2
MPI_Comm_rank in MPI_COMM_WORLD: 2
MPI thread level support: 3
mpi_mutex_flag: 0
mpionly: 1
threadsflag: 0
  lpid[0]=0, tid[0]=0, vas[0]=0, ncpet[0]=1, nadevs[0]=0, cid[0][0]=0
  lpid[1]=1, tid[1]=0, vas[1]=1, ncpet[1]=1, nadevs[1]=0, cid[1][0]=1
  lpid[2]=2, tid[2]=0, vas[2]=2, ncpet[2]=1, nadevs[2]=0, cid[2][0]=2
  lpid[3]=3, tid[3]=0, vas[3]=3, ncpet[3]=1, nadevs[3]=0, cid[3][0]=3
ncores = 4
  cpuid[0]=0, ssiid[0]=0
  cpuid[1]=1, ssiid[1]=0
  cpuid[2]=2, ssiid[2]=0
  cpuid[3]=3, ssiid[3]=0
--- VMK::print() end ---
--- ESMCI::VM::print() end ---
 This PET is localPet:            2
 of a total of            4  PETs in this VM.
 There are            4  PEs referenced by this VM
 This PET is executing in virtual address space (VAS)            2
 located on single system image (SSI)            0
 and is associated with            1  PEs.
  PASS  Example ESMF_VMDefaultBasicsEx, ESMF_VMDefaultBasicsEx.F90, line 107
  PASS  Example ESMF_VMDefaultBasicsEx, ESMF_VMDefaultBasicsEx.F90, line 107
  PASS  Example ESMF_VMDefaultBasicsEx, ESMF_VMDefaultBasicsEx.F90, line 107
  PASS  Example ESMF_VMDefaultBasicsEx, ESMF_VMDefaultBasicsEx.F90, line 107
[r13i6n15:60829:0:60829] Caught signal 11 (Segmentation fault: address not mapped to object at address 0x30)
--------------------------------------------------------------------------
A system call failed during shared memory initialization that should
not have.  It is likely that your MPI job will now either abort or
experience performance degradation.

  Local host:  r13i6n15
  System call: unlink(2) /dev/shm/vader_segment.r13i6n15.b0950001.3
  Error:       No such file or directory (errno 2)
--------------------------------------------------------------------------
[r13i6n15:60832:0:60832] Caught signal 11 (Segmentation fault: address not mapped to object at address 0x90)
--------------------------------------------------------------------------
A system call failed during shared memory initialization that should
not have.  It is likely that your MPI job will now either abort or
experience performance degradation.

  Local host:  r13i6n15
  System call: unlink(2) /dev/shm/vader_segment.r13i6n15.b0950001.1
  Error:       No such file or directory (errno 2)
--------------------------------------------------------------------------
[r13i6n15:60830:0:60830] Caught signal 11 (Segmentation fault: Sent by the kernel at address (nil))
--------------------------------------------------------------------------
A system call failed during shared memory initialization that should
not have.  It is likely that your MPI job will now either abort or
experience performance degradation.

  Local host:  r13i6n15
  System call: unlink(2) /dev/shm/vader_segment.r13i6n15.b0950001.2
  Error:       No such file or directory (errno 2)
--------------------------------------------------------------------------
[r13i6n15:60831:0:60831] Caught signal 11 (Segmentation fault: address not mapped to object at address 0x40)
--------------------------------------------------------------------------
Primary job  terminated normally, but 1 process returned
a non-zero exit code. Per user-direction, the job has been aborted.
--------------------------------------------------------------------------
==== backtrace (tid:  60830) ====
 0  /glade/u/apps/ch/opt/ucx/1.9.0/lib/libucs.so.0(ucs_handle_error+0xe4) [0x2ac19f117574]
 1  /glade/u/apps/ch/opt/ucx/1.9.0/lib/libucs.so.0(+0x2589c) [0x2ac19f11789c]
 2  /glade/u/apps/ch/opt/ucx/1.9.0/lib/libucs.so.0(+0x25b0b) [0x2ac19f117b0b]
 3  /glade/u/apps/ch/os/lib64/libpthread.so.0(+0x10b00) [0x2ac192f9cb00]
 4  /glade/u/apps/ch/opt/openmpi/4.0.5/gnu/9.1.0/lib/libopen-pal.so.40(+0x2d277) [0x2ac193831277]
 5  /glade/u/apps/ch/opt/openmpi/4.0.5/gnu/9.1.0/lib/openmpi/mca_btl_vader.so(+0x3e81) [0x2ac19d823e81]
 6  /glade/u/apps/ch/opt/openmpi/4.0.5/gnu/9.1.0/lib/libopen-pal.so.40(mca_base_component_close+0x1b) [0x2ac19385aecb]
 7  /glade/u/apps/ch/opt/openmpi/4.0.5/gnu/9.1.0/lib/libopen-pal.so.40(mca_base_components_close+0x56) [0x2ac19385af56]
 8  /glade/u/apps/ch/opt/openmpi/4.0.5/gnu/9.1.0/lib/libopen-pal.so.40(+0x78260) [0x2ac19387c260]
 9  /glade/u/apps/ch/opt/openmpi/4.0.5/gnu/9.1.0/lib/libopen-pal.so.40(mca_base_framework_close+0x7c) [0x2ac193864e8c]
10  /glade/u/apps/ch/opt/openmpi/4.0.5/gnu/9.1.0/lib/libopen-pal.so.40(opal_info_close_components+0x25) [0x2ac19383d935]
11  /glade/u/apps/ch/opt/openmpi/4.0.5/gnu/9.1.0/lib/libmpi.so.40(PMPI_T_finalize+0x35) [0x2ac19266b3f5]
12  /glade/scratch/mpotts/gfortran_9.1.0_openmpi_O_develop/lib/libO/Linux.gfortran.64.openmpi.default/libesmf.so(_ZN5ESMCI3VMK8finalizeEi+0x254) [0x2ac18f6ff4fe]
13  /glade/scratch/mpotts/gfortran_9.1.0_openmpi_O_develop/lib/libO/Linux.gfortran.64.openmpi.default/libesmf.so(_ZN5ESMCI2VM8finalizeEP12ESMC_LogicalPi+0x4d1) [0x2ac18f70ec31]
14  /glade/scratch/mpotts/gfortran_9.1.0_openmpi_O_develop/lib/libO/Linux.gfortran.64.openmpi.default/libesmf.so(c_esmc_vmfinalize_+0x25) [0x2ac18f6f0510]
15  /glade/scratch/mpotts/gfortran_9.1.0_openmpi_O_develop/lib/libO/Linux.gfortran.64.openmpi.default/libesmf.so(__esmf_vmmod_MOD_esmf_vmfinalize+0x25) [0x2ac18fd6369d]
16  /glade/scratch/mpotts/gfortran_9.1.0_openmpi_O_develop/lib/libO/Linux.gfortran.64.openmpi.default/libesmf.so(__esmf_initmod_MOD_esmf_finalize+0x193) [0x2ac18fbda38f]
17  ./ESMF_VMDefaultBasicsEx() [0x401368]
18  ./ESMF_VMDefaultBasicsEx() [0x4014f6]
19  /glade/u/apps/ch/os/lib64/libc.so.6(__libc_start_main+0xf5) [0x2ac1931c96e5]
20  ./ESMF_VMDefaultBasicsEx() [0x400db9]
=================================

Program received signal SIGSEGV: Segmentation fault - invalid memory reference.

Backtrace for this error:
#0  0x2ac192f9caff in ???
#1  0x2ac193831277 in ???
#2  0x2ac19d823e80 in ???
#3  0x2ac19385aeca in ???
#4  0x2ac19385af55 in ???
#5  0x2ac19387c25f in ???
#6  0x2ac193864e8b in ???
#7  0x2ac19383d934 in ???
#8  0x2ac19266b3f4 in ???
#9  0x2ac18f6ff4fd in ???
#10  0x2ac18f70ec30 in ???
#11  0x2ac18f6f050f in ???
#12  0x2ac18fd6369c in ???
#13  0x2ac18fbda38e in ???
#14  0x401367 in ???
#15  0x4014f5 in ???
#16  0x2ac1931c96e4 in ???
#17  0x400db8 in ???
	at ../sysdeps/x86_64/start.S:118
#18  0xffffffffffffffff in ???
--------------------------------------------------------------------------
mpirun noticed that process rank 0 with PID 0 on node r13i6n15 exited on signal 11 (Segmentation fault).
--------------------------------------------------------------------------
