build time -- 2021-06-22 05:42:36.272224
 Application Example 1:
 Application Example 1:
 Application Example 1:
 Application Example 1:
 Comp Create returned, name = Atmosphere Model Gridded Component
 Comp Create returned, name = Atmosphere Model Gridded Component
 Comp Create returned, name = Atmosphere Model Gridded Component
 Comp Create returned, name = Atmosphere Model Gridded Component
 Gridded Comp Init starting
 Gridded Comp Init returning
 Comp Initialize complete
 Gridded Comp Init starting
 Gridded Comp Init returning
 Comp Initialize complete
 Gridded Comp Init starting
 Gridded Comp Init returning
 Comp Initialize complete
 Gridded Comp Run starting
 Gridded Comp Run returning
 Gridded Comp Init starting
 Gridded Comp Init returning
 Comp Initialize complete
 Gridded Comp Run starting
 Gridded Comp Run returning
 Gridded Comp Run starting
 Gridded Comp Run returning
 Gridded Comp Run starting
 Gridded Comp Run returning
 Gridded Comp Run starting
 Gridded Comp Run returning
 Gridded Comp Run starting
 Gridded Comp Run returning
 Gridded Comp Run starting
 Gridded Comp Run returning
 Gridded Comp Run starting
 Gridded Comp Run returning
 Gridded Comp Run starting
 Gridded Comp Run returning
 Gridded Comp Run starting
 Gridded Comp Run returning
 Gridded Comp Run starting
 Gridded Comp Run returning
 Comp Run complete
 Gridded Comp Run starting
 Gridded Comp Run returning
 Gridded Comp Run starting
 Gridded Comp Run returning
 Comp Run complete
 Gridded Comp Final starting
 Gridded Comp Run starting
 Gridded Comp Run returning
 Gridded Comp Run starting
 Gridded Comp Run returning
 Gridded Comp Run starting
 Gridded Comp Run returning
 Comp Run complete
 Gridded Comp Final starting
 Gridded Comp Final returning
 Comp Run complete
 Gridded Comp Final starting
 Gridded Comp Final returning
 Comp Finalize complete
 Gridded Comp Final starting
 Gridded Comp Final returning
 Comp Finalize complete
 Gridded Comp Final returning
 Comp Finalize complete
 Comp Finalize complete
 Destroy calls returned
 Application Example 1 finished
 Destroy calls returned
 Application Example 1 finished
  PASS  Example ESMF_GCompEx, ESMF_GCompEx.F90, line 465
  PASS  Example ESMF_GCompEx, ESMF_GCompEx.F90, line 465
 Destroy calls returned
 Application Example 1 finished
 Destroy calls returned
 Application Example 1 finished
  PASS  Example ESMF_GCompEx, ESMF_GCompEx.F90, line 465
  PASS  Example ESMF_GCompEx, ESMF_GCompEx.F90, line 465
[r1i3n17:23520:0:23520] Caught signal 11 (Segmentation fault: address not mapped to object at address 0x30)
--------------------------------------------------------------------------
A system call failed during shared memory initialization that should
not have.  It is likely that your MPI job will now either abort or
experience performance degradation.

  Local host:  r1i3n17
  System call: unlink(2) /dev/shm/vader_segment.r1i3n17.3ebe0001.0
  Error:       No such file or directory (errno 2)
--------------------------------------------------------------------------
--------------------------------------------------------------------------
A system call failed during shared memory initialization that should
not have.  It is likely that your MPI job will now either abort or
experience performance degradation.

  Local host:  r1i3n17
  System call: unlink(2) /dev/shm/vader_segment.r1i3n17.3ebe0001.2
  Error:       No such file or directory (errno 2)
--------------------------------------------------------------------------
[r1i3n17:23519:0:23519] Caught signal 11 (Segmentation fault: address not mapped to object at address 0xdc0)
[r1i3n17:23517:0:23517] Caught signal 11 (Segmentation fault: address not mapped to object at address 0x30)
--------------------------------------------------------------------------
A system call failed during shared memory initialization that should
not have.  It is likely that your MPI job will now either abort or
experience performance degradation.

  Local host:  r1i3n17
  System call: unlink(2) /dev/shm/vader_segment.r1i3n17.3ebe0001.1
  Error:       No such file or directory (errno 2)
--------------------------------------------------------------------------
[r1i3n17:23518:0:23518] Caught signal 11 (Segmentation fault: address not mapped to object at address 0x4b0)
--------------------------------------------------------------------------
Primary job  terminated normally, but 1 process returned
a non-zero exit code. Per user-direction, the job has been aborted.
--------------------------------------------------------------------------
--------------------------------------------------------------------------
mpirun noticed that process rank 0 with PID 0 on node r1i3n17 exited on signal 11 (Segmentation fault).
--------------------------------------------------------------------------
