build time -- 2021-06-21 05:42:33.159527
 Application Example 1:
 Application Example 1:
 Application Example 1:
 Application Example 1:
 Comp Create returned, name = Atmosphere Physics
 Comp Create returned, name = Atmosphere Physics
 Comp Create returned, name = Atmosphere Physics
 Comp Create returned, name = Atmosphere Physics
 Comp Create returned, name = Atmosphere Dynamics
 Comp Create returned, name = Atmosphere Dynamics
 Comp Create returned, name = Atmosphere Dynamics
 Comp Create returned, name = Atmosphere Dynamics
 Comp Create returned, name = Atmosphere Coupler
 Comp Create returned, name = Atmosphere Coupler
 Comp Create returned, name = Atmosphere Coupler
 Comp Create returned, name = Atmosphere Coupler
 PHYS initialize routine called
 DYNM initialize routine called
 CPLR initialize routine called
 Comp Initialize complete
 PHYS initialize routine called
 DYNM initialize routine called
 PHYS initialize routine called
 DYNM initialize routine called
 CPLR initialize routine called
 Comp Initialize complete
 PHYS initialize routine called
 DYNM initialize routine called
 CPLR initialize routine called
 Comp Initialize complete
 PHYS run routine called
 PHYS run routine called
 CPLR run routine called
 CPLR initialize routine called
 Comp Initialize complete
 PHYS run routine called
 PHYS run routine called
 CPLR run routine called
 DYNM run routine called
 CPLR run routine called
 DYNM run routine called
 PHYS run routine called
 CPLR run routine called
 DYNM run routine called
 PHYS run routine called
 CPLR run routine called
 CPLR run routine called
 DYNM run routine called
 PHYS run routine called
 CPLR run routine called
 DYNM run routine called
 PHYS run routine called
 CPLR run routine called
 PHYS run routine called
 CPLR run routine called
 DYNM run routine called
 PHYS run routine called
 DYNM run routine called
 PHYS run routine called
 CPLR run routine called
 DYNM run routine called
 PHYS run routine called
 DYNM run routine called
 PHYS run routine called
 CPLR run routine called
 DYNM run routine called
 Comp Run complete
 PHYS finalize routine called
 DYNM finalize routine called
 DYNM run routine called
 PHYS run routine called
 CPLR run routine called
 DYNM run routine called
 Comp Run complete
 PHYS finalize routine called
 DYNM finalize routine called
 CPLR finalize routine called
 CPLR run routine called
 DYNM run routine called
 PHYS run routine called
 CPLR run routine called
 DYNM run routine called
 Comp Run complete
 PHYS finalize routine called
 CPLR run routine called
 DYNM run routine called
 PHYS run routine called
 CPLR run routine called
 DYNM run routine called
 Comp Run complete
 PHYS finalize routine called
 DYNM finalize routine called
 DYNM finalize routine called
 CPLR finalize routine called
 Comp Finalize complete
 CPLR finalize routine called
 Comp Finalize complete
 Comp Finalize complete
 CPLR finalize routine called
 Comp Finalize complete
 Comp Destroy returned
 Application Example 1 finished
 Comp Destroy returned
 Application Example 1 finished
 Comp Destroy returned
 Application Example 1 finished
 Comp Destroy returned
 Application Example 1 finished
  PASS  Example ESMF_AppMainEx, ESMF_AppMainEx.F90, line 486
  PASS  Example ESMF_AppMainEx, ESMF_AppMainEx.F90, line 486
  PASS  Example ESMF_AppMainEx, ESMF_AppMainEx.F90, line 486
  PASS  Example ESMF_AppMainEx, ESMF_AppMainEx.F90, line 486
[r1i3n16:11112:0:11112] Caught signal 11 (Segmentation fault: address not mapped to object at address 0x30)
--------------------------------------------------------------------------
A system call failed during shared memory initialization that should
not have.  It is likely that your MPI job will now either abort or
experience performance degradation.

  Local host:  r1i3n16
  System call: unlink(2) /dev/shm/vader_segment.r1i3n16.948f0001.0
  Error:       No such file or directory (errno 2)
--------------------------------------------------------------------------
[r1i3n16:11111:0:11111] Caught signal 11 (Segmentation fault: address not mapped to object at address 0x30)
--------------------------------------------------------------------------
A system call failed during shared memory initialization that should
not have.  It is likely that your MPI job will now either abort or
experience performance degradation.

  Local host:  r1i3n16
  System call: unlink(2) /dev/shm/vader_segment.r1i3n16.948f0001.3
  Error:       No such file or directory (errno 2)
--------------------------------------------------------------------------
[r1i3n16:11114:0:11114] Caught signal 11 (Segmentation fault: Sent by the kernel at address (nil))
--------------------------------------------------------------------------
A system call failed during shared memory initialization that should
not have.  It is likely that your MPI job will now either abort or
experience performance degradation.

  Local host:  r1i3n16
  System call: unlink(2) /dev/shm/vader_segment.r1i3n16.948f0001.2
  Error:       No such file or directory (errno 2)
--------------------------------------------------------------------------
[r1i3n16:11113:0:11113] Caught signal 11 (Segmentation fault: address not mapped to object at address 0x30)
--------------------------------------------------------------------------
Primary job  terminated normally, but 1 process returned
a non-zero exit code. Per user-direction, the job has been aborted.
--------------------------------------------------------------------------
==== backtrace (tid:  11114) ====
 0  /glade/u/apps/ch/opt/ucx/1.9.0/lib/libucs.so.0(ucs_handle_error+0xe4) [0x2b252ab16574]
 1  /glade/u/apps/ch/opt/ucx/1.9.0/lib/libucs.so.0(+0x2589c) [0x2b252ab1689c]
 2  /glade/u/apps/ch/opt/ucx/1.9.0/lib/libucs.so.0(+0x25b0b) [0x2b252ab16b0b]
 3  /glade/u/apps/ch/os/lib64/libpthread.so.0(+0x10b00) [0x2b251a9c4b00]
 4  /glade/u/apps/ch/opt/openmpi/4.0.5/gnu/9.1.0/lib/libopen-pal.so.40(+0x2d277) [0x2b251b259277]
 5  /glade/u/apps/ch/opt/openmpi/4.0.5/gnu/9.1.0/lib/openmpi/mca_btl_vader.so(+0x3e81) [0x2b2529222e81]
 6  /glade/u/apps/ch/opt/openmpi/4.0.5/gnu/9.1.0/lib/libopen-pal.so.40(mca_base_component_close+0x1b) [0x2b251b282ecb]
 7  /glade/u/apps/ch/opt/openmpi/4.0.5/gnu/9.1.0/lib/libopen-pal.so.40(mca_base_components_close+0x56) [0x2b251b282f56]
 8  /glade/u/apps/ch/opt/openmpi/4.0.5/gnu/9.1.0/lib/libopen-pal.so.40(+0x78260) [0x2b251b2a4260]
 9  /glade/u/apps/ch/opt/openmpi/4.0.5/gnu/9.1.0/lib/libopen-pal.so.40(mca_base_framework_close+0x7c) [0x2b251b28ce8c]
10  /glade/u/apps/ch/opt/openmpi/4.0.5/gnu/9.1.0/lib/libopen-pal.so.40(opal_info_close_components+0x25) [0x2b251b265935]
11  /glade/u/apps/ch/opt/openmpi/4.0.5/gnu/9.1.0/lib/libmpi.so.40(PMPI_T_finalize+0x35) [0x2b251a0933f5]
12  /glade/scratch/mpotts/gfortran_9.1.0_openmpi_O_develop/lib/libO/Linux.gfortran.64.openmpi.default/libesmf.so(_ZN5ESMCI3VMK8finalizeEi+0x254) [0x2b2517127500]
13  /glade/scratch/mpotts/gfortran_9.1.0_openmpi_O_develop/lib/libO/Linux.gfortran.64.openmpi.default/libesmf.so(_ZN5ESMCI2VM8finalizeEP12ESMC_LogicalPi+0x4d1) [0x2b2517136e8b]
14  /glade/scratch/mpotts/gfortran_9.1.0_openmpi_O_develop/lib/libO/Linux.gfortran.64.openmpi.default/libesmf.so(c_esmc_vmfinalize_+0x25) [0x2b2517118512]
15  /glade/scratch/mpotts/gfortran_9.1.0_openmpi_O_develop/lib/libO/Linux.gfortran.64.openmpi.default/libesmf.so(__esmf_vmmod_MOD_esmf_vmfinalize+0x25) [0x2b251778b8f7]
16  /glade/scratch/mpotts/gfortran_9.1.0_openmpi_O_develop/lib/libO/Linux.gfortran.64.openmpi.default/libesmf.so(__esmf_initmod_MOD_esmf_finalize+0x193) [0x2b25176025e9]
17  ./ESMF_AppMainEx() [0x403058]
18  ./ESMF_AppMainEx() [0x4031d2]
19  /glade/u/apps/ch/os/lib64/libc.so.6(__libc_start_main+0xf5) [0x2b251abf16e5]
20  ./ESMF_AppMainEx() [0x4016f9]
=================================

Program received signal SIGSEGV: Segmentation fault - invalid memory reference.

Backtrace for this error:
#0  0x2b251a9c4aff in ???
#1  0x2b251b259277 in ???
#2  0x2b2529222e80 in ???
#3  0x2b251b282eca in ???
#4  0x2b251b282f55 in ???
#5  0x2b251b2a425f in ???
#6  0x2b251b28ce8b in ???
#7  0x2b251b265934 in ???
#8  0x2b251a0933f4 in ???
#9  0x2b25171274ff in ???
#10  0x2b2517136e8a in ???
#11  0x2b2517118511 in ???
#12  0x2b251778b8f6 in ???
#13  0x2b25176025e8 in ???
#14  0x403057 in ???
#15  0x4031d1 in ???
#16  0x2b251abf16e4 in ???
#17  0x4016f8 in ???
	at ../sysdeps/x86_64/start.S:118
#18  0xffffffffffffffff in ???
--------------------------------------------------------------------------
mpirun noticed that process rank 0 with PID 0 on node r1i3n16 exited on signal 11 (Segmentation fault).
--------------------------------------------------------------------------
 Application Example 1:
 Application Example 1:
 Application Example 1:
 Application Example 1:
 Comp Create returned, name = Atmosphere Physics
 Comp Create returned, name = Atmosphere Physics
 Comp Create returned, name = Atmosphere Physics
 Comp Create returned, name = Atmosphere Physics
 Comp Create returned, name = Atmosphere Dynamics
 Comp Create returned, name = Atmosphere Dynamics
 Comp Create returned, name = Atmosphere Dynamics
 Comp Create returned, name = Atmosphere Dynamics
 Comp Create returned, name = Atmosphere Coupler
 Comp Create returned, name = Atmosphere Coupler
 Comp Create returned, name = Atmosphere Coupler
 Comp Create returned, name = Atmosphere Coupler
 PHYS initialize routine called
 DYNM initialize routine called
 CPLR initialize routine called
 Comp Initialize complete
 PHYS initialize routine called
 DYNM initialize routine called
 PHYS initialize routine called
 DYNM initialize routine called
 CPLR initialize routine called
 Comp Initialize complete
 PHYS initialize routine called
 DYNM initialize routine called
 CPLR initialize routine called
 Comp Initialize complete
 PHYS run routine called
 PHYS run routine called
 CPLR run routine called
 CPLR initialize routine called
 Comp Initialize complete
 PHYS run routine called
 PHYS run routine called
 CPLR run routine called
 DYNM run routine called
 CPLR run routine called
 DYNM run routine called
 PHYS run routine called
 CPLR run routine called
 DYNM run routine called
 PHYS run routine called
 CPLR run routine called
 CPLR run routine called
 DYNM run routine called
 PHYS run routine called
 CPLR run routine called
 DYNM run routine called
 PHYS run routine called
 CPLR run routine called
 PHYS run routine called
 CPLR run routine called
 DYNM run routine called
 PHYS run routine called
 DYNM run routine called
 PHYS run routine called
 CPLR run routine called
 DYNM run routine called
 PHYS run routine called
 DYNM run routine called
 PHYS run routine called
 CPLR run routine called
 DYNM run routine called
 Comp Run complete
 PHYS finalize routine called
 DYNM finalize routine called
 DYNM run routine called
 PHYS run routine called
 CPLR run routine called
 DYNM run routine called
 Comp Run complete
 PHYS finalize routine called
 DYNM finalize routine called
 CPLR finalize routine called
 CPLR run routine called
 DYNM run routine called
 PHYS run routine called
 CPLR run routine called
 DYNM run routine called
 Comp Run complete
 PHYS finalize routine called
 CPLR run routine called
 DYNM run routine called
 PHYS run routine called
 CPLR run routine called
 DYNM run routine called
 Comp Run complete
 PHYS finalize routine called
 DYNM finalize routine called
 DYNM finalize routine called
 CPLR finalize routine called
 Comp Finalize complete
 CPLR finalize routine called
 Comp Finalize complete
 Comp Finalize complete
 CPLR finalize routine called
 Comp Finalize complete
 Comp Destroy returned
 Application Example 1 finished
 Comp Destroy returned
 Application Example 1 finished
 Comp Destroy returned
 Application Example 1 finished
 Comp Destroy returned
 Application Example 1 finished
  PASS  Example ESMF_AppMainEx, ESMF_AppMainEx.F90, line 486
  PASS  Example ESMF_AppMainEx, ESMF_AppMainEx.F90, line 486
  PASS  Example ESMF_AppMainEx, ESMF_AppMainEx.F90, line 486
  PASS  Example ESMF_AppMainEx, ESMF_AppMainEx.F90, line 486
[r1i3n16:11112:0:11112] Caught signal 11 (Segmentation fault: address not mapped to object at address 0x30)
--------------------------------------------------------------------------
A system call failed during shared memory initialization that should
not have.  It is likely that your MPI job will now either abort or
experience performance degradation.

  Local host:  r1i3n16
  System call: unlink(2) /dev/shm/vader_segment.r1i3n16.948f0001.0
  Error:       No such file or directory (errno 2)
--------------------------------------------------------------------------
[r1i3n16:11111:0:11111] Caught signal 11 (Segmentation fault: address not mapped to object at address 0x30)
--------------------------------------------------------------------------
A system call failed during shared memory initialization that should
not have.  It is likely that your MPI job will now either abort or
experience performance degradation.

  Local host:  r1i3n16
  System call: unlink(2) /dev/shm/vader_segment.r1i3n16.948f0001.3
  Error:       No such file or directory (errno 2)
--------------------------------------------------------------------------
[r1i3n16:11114:0:11114] Caught signal 11 (Segmentation fault: Sent by the kernel at address (nil))
--------------------------------------------------------------------------
A system call failed during shared memory initialization that should
not have.  It is likely that your MPI job will now either abort or
experience performance degradation.

  Local host:  r1i3n16
  System call: unlink(2) /dev/shm/vader_segment.r1i3n16.948f0001.2
  Error:       No such file or directory (errno 2)
--------------------------------------------------------------------------
[r1i3n16:11113:0:11113] Caught signal 11 (Segmentation fault: address not mapped to object at address 0x30)
--------------------------------------------------------------------------
Primary job  terminated normally, but 1 process returned
a non-zero exit code. Per user-direction, the job has been aborted.
--------------------------------------------------------------------------
==== backtrace (tid:  11114) ====
 0  /glade/u/apps/ch/opt/ucx/1.9.0/lib/libucs.so.0(ucs_handle_error+0xe4) [0x2b252ab16574]
 1  /glade/u/apps/ch/opt/ucx/1.9.0/lib/libucs.so.0(+0x2589c) [0x2b252ab1689c]
 2  /glade/u/apps/ch/opt/ucx/1.9.0/lib/libucs.so.0(+0x25b0b) [0x2b252ab16b0b]
 3  /glade/u/apps/ch/os/lib64/libpthread.so.0(+0x10b00) [0x2b251a9c4b00]
 4  /glade/u/apps/ch/opt/openmpi/4.0.5/gnu/9.1.0/lib/libopen-pal.so.40(+0x2d277) [0x2b251b259277]
 5  /glade/u/apps/ch/opt/openmpi/4.0.5/gnu/9.1.0/lib/openmpi/mca_btl_vader.so(+0x3e81) [0x2b2529222e81]
 6  /glade/u/apps/ch/opt/openmpi/4.0.5/gnu/9.1.0/lib/libopen-pal.so.40(mca_base_component_close+0x1b) [0x2b251b282ecb]
 7  /glade/u/apps/ch/opt/openmpi/4.0.5/gnu/9.1.0/lib/libopen-pal.so.40(mca_base_components_close+0x56) [0x2b251b282f56]
 8  /glade/u/apps/ch/opt/openmpi/4.0.5/gnu/9.1.0/lib/libopen-pal.so.40(+0x78260) [0x2b251b2a4260]
 9  /glade/u/apps/ch/opt/openmpi/4.0.5/gnu/9.1.0/lib/libopen-pal.so.40(mca_base_framework_close+0x7c) [0x2b251b28ce8c]
10  /glade/u/apps/ch/opt/openmpi/4.0.5/gnu/9.1.0/lib/libopen-pal.so.40(opal_info_close_components+0x25) [0x2b251b265935]
11  /glade/u/apps/ch/opt/openmpi/4.0.5/gnu/9.1.0/lib/libmpi.so.40(PMPI_T_finalize+0x35) [0x2b251a0933f5]
12  /glade/scratch/mpotts/gfortran_9.1.0_openmpi_O_develop/lib/libO/Linux.gfortran.64.openmpi.default/libesmf.so(_ZN5ESMCI3VMK8finalizeEi+0x254) [0x2b2517127500]
13  /glade/scratch/mpotts/gfortran_9.1.0_openmpi_O_develop/lib/libO/Linux.gfortran.64.openmpi.default/libesmf.so(_ZN5ESMCI2VM8finalizeEP12ESMC_LogicalPi+0x4d1) [0x2b2517136e8b]
14  /glade/scratch/mpotts/gfortran_9.1.0_openmpi_O_develop/lib/libO/Linux.gfortran.64.openmpi.default/libesmf.so(c_esmc_vmfinalize_+0x25) [0x2b2517118512]
15  /glade/scratch/mpotts/gfortran_9.1.0_openmpi_O_develop/lib/libO/Linux.gfortran.64.openmpi.default/libesmf.so(__esmf_vmmod_MOD_esmf_vmfinalize+0x25) [0x2b251778b8f7]
16  /glade/scratch/mpotts/gfortran_9.1.0_openmpi_O_develop/lib/libO/Linux.gfortran.64.openmpi.default/libesmf.so(__esmf_initmod_MOD_esmf_finalize+0x193) [0x2b25176025e9]
17  ./ESMF_AppMainEx() [0x403058]
18  ./ESMF_AppMainEx() [0x4031d2]
19  /glade/u/apps/ch/os/lib64/libc.so.6(__libc_start_main+0xf5) [0x2b251abf16e5]
20  ./ESMF_AppMainEx() [0x4016f9]
=================================

Program received signal SIGSEGV: Segmentation fault - invalid memory reference.

Backtrace for this error:
#0  0x2b251a9c4aff in ???
#1  0x2b251b259277 in ???
#2  0x2b2529222e80 in ???
#3  0x2b251b282eca in ???
#4  0x2b251b282f55 in ???
#5  0x2b251b2a425f in ???
#6  0x2b251b28ce8b in ???
#7  0x2b251b265934 in ???
#8  0x2b251a0933f4 in ???
#9  0x2b25171274ff in ???
#10  0x2b2517136e8a in ???
#11  0x2b2517118511 in ???
#12  0x2b251778b8f6 in ???
#13  0x2b25176025e8 in ???
#14  0x403057 in ???
#15  0x4031d1 in ???
#16  0x2b251abf16e4 in ???
#17  0x4016f8 in ???
	at ../sysdeps/x86_64/start.S:118
#18  0xffffffffffffffff in ???
--------------------------------------------------------------------------
mpirun noticed that process rank 0 with PID 0 on node r1i3n16 exited on signal 11 (Segmentation fault).
--------------------------------------------------------------------------
