build time -- 2021-06-21 05:42:33.159527
  PASS  Example ESMF_FieldBundleRedistEx, ESMF_FieldBundleRedistEx.F90, line 280
  PASS  Example ESMF_FieldBundleRedistEx, ESMF_FieldBundleRedistEx.F90, line 280
  PASS  Example ESMF_FieldBundleRedistEx, ESMF_FieldBundleRedistEx.F90, line 280
  PASS  Example ESMF_FieldBundleRedistEx, ESMF_FieldBundleRedistEx.F90, line 280
[r1i3n16:7067 :0:7067] Caught signal 11 (Segmentation fault: address not mapped to object at address 0x30)
[r1i3n16:7069 :0:7069] Caught signal 11 (Segmentation fault: address not mapped to object at address 0x30)
[r1i3n16:7066 :0:7066] Caught signal 11 (Segmentation fault: address not mapped to object at address 0x30)
--------------------------------------------------------------------------
A system call failed during shared memory initialization that should
not have.  It is likely that your MPI job will now either abort or
experience performance degradation.

  Local host:  r1i3n16
  System call: unlink(2) /dev/shm/vader_segment.r1i3n16.a47a0001.2
  Error:       No such file or directory (errno 2)
--------------------------------------------------------------------------
[r1i3n16:7068 :0:7068] Caught signal 11 (Segmentation fault: address not mapped to object at address 0x70)
--------------------------------------------------------------------------
Primary job  terminated normally, but 1 process returned
a non-zero exit code. Per user-direction, the job has been aborted.
--------------------------------------------------------------------------
--------------------------------------------------------------------------
mpirun noticed that process rank 1 with PID 0 on node r1i3n16 exited on signal 11 (Segmentation fault).
--------------------------------------------------------------------------
  PASS  Example ESMF_FieldBundleRedistEx, ESMF_FieldBundleRedistEx.F90, line 280
  PASS  Example ESMF_FieldBundleRedistEx, ESMF_FieldBundleRedistEx.F90, line 280
  PASS  Example ESMF_FieldBundleRedistEx, ESMF_FieldBundleRedistEx.F90, line 280
  PASS  Example ESMF_FieldBundleRedistEx, ESMF_FieldBundleRedistEx.F90, line 280
[r1i3n16:7067 :0:7067] Caught signal 11 (Segmentation fault: address not mapped to object at address 0x30)
[r1i3n16:7069 :0:7069] Caught signal 11 (Segmentation fault: address not mapped to object at address 0x30)
[r1i3n16:7066 :0:7066] Caught signal 11 (Segmentation fault: address not mapped to object at address 0x30)
--------------------------------------------------------------------------
A system call failed during shared memory initialization that should
not have.  It is likely that your MPI job will now either abort or
experience performance degradation.

  Local host:  r1i3n16
  System call: unlink(2) /dev/shm/vader_segment.r1i3n16.a47a0001.2
  Error:       No such file or directory (errno 2)
--------------------------------------------------------------------------
[r1i3n16:7068 :0:7068] Caught signal 11 (Segmentation fault: address not mapped to object at address 0x70)
--------------------------------------------------------------------------
Primary job  terminated normally, but 1 process returned
a non-zero exit code. Per user-direction, the job has been aborted.
--------------------------------------------------------------------------
--------------------------------------------------------------------------
mpirun noticed that process rank 1 with PID 0 on node r1i3n16 exited on signal 11 (Segmentation fault).
--------------------------------------------------------------------------
