build time -- 2021-06-21 05:42:33.159527
  PASS  Example ESMF_RHandleFromRHandleEx, ESMF_RHandleFromRHandleEx.F90, line 660
  PASS  Example ESMF_RHandleFromRHandleEx, ESMF_RHandleFromRHandleEx.F90, line 660
  PASS  Example ESMF_RHandleFromRHandleEx, ESMF_RHandleFromRHandleEx.F90, line 660
  PASS  Example ESMF_RHandleFromRHandleEx, ESMF_RHandleFromRHandleEx.F90, line 660
[r1i3n16:48030:0:48030] Caught signal 11 (Segmentation fault: address not mapped to object at address 0x30)
[r1i3n16:48032:0:48032] Caught signal 11 (Segmentation fault: address not mapped to object at address 0x30)
--------------------------------------------------------------------------
A system call failed during shared memory initialization that should
not have.  It is likely that your MPI job will now either abort or
experience performance degradation.

  Local host:  r1i3n16
  System call: unlink(2) /dev/shm/vader_segment.r1i3n16.4750001.2
  Error:       No such file or directory (errno 2)
--------------------------------------------------------------------------
--------------------------------------------------------------------------
A system call failed during shared memory initialization that should
not have.  It is likely that your MPI job will now either abort or
experience performance degradation.

  Local host:  r1i3n16
  System call: unlink(2) /dev/shm/vader_segment.r1i3n16.4750001.0
  Error:       No such file or directory (errno 2)
--------------------------------------------------------------------------
[r1i3n16:48031:0:48031] Caught signal 11 (Segmentation fault: address not mapped to object at address 0x3b0)
[r1i3n16:48029:0:48029] Caught signal 11 (Segmentation fault: address not mapped to object at address 0x160)
--------------------------------------------------------------------------
Primary job  terminated normally, but 1 process returned
a non-zero exit code. Per user-direction, the job has been aborted.
--------------------------------------------------------------------------
--------------------------------------------------------------------------
mpirun noticed that process rank 1 with PID 0 on node r1i3n16 exited on signal 11 (Segmentation fault).
--------------------------------------------------------------------------
  PASS  Example ESMF_RHandleFromRHandleEx, ESMF_RHandleFromRHandleEx.F90, line 660
  PASS  Example ESMF_RHandleFromRHandleEx, ESMF_RHandleFromRHandleEx.F90, line 660
  PASS  Example ESMF_RHandleFromRHandleEx, ESMF_RHandleFromRHandleEx.F90, line 660
  PASS  Example ESMF_RHandleFromRHandleEx, ESMF_RHandleFromRHandleEx.F90, line 660
[r1i3n16:48030:0:48030] Caught signal 11 (Segmentation fault: address not mapped to object at address 0x30)
[r1i3n16:48032:0:48032] Caught signal 11 (Segmentation fault: address not mapped to object at address 0x30)
--------------------------------------------------------------------------
A system call failed during shared memory initialization that should
not have.  It is likely that your MPI job will now either abort or
experience performance degradation.

  Local host:  r1i3n16
  System call: unlink(2) /dev/shm/vader_segment.r1i3n16.4750001.2
  Error:       No such file or directory (errno 2)
--------------------------------------------------------------------------
--------------------------------------------------------------------------
A system call failed during shared memory initialization that should
not have.  It is likely that your MPI job will now either abort or
experience performance degradation.

  Local host:  r1i3n16
  System call: unlink(2) /dev/shm/vader_segment.r1i3n16.4750001.0
  Error:       No such file or directory (errno 2)
--------------------------------------------------------------------------
[r1i3n16:48031:0:48031] Caught signal 11 (Segmentation fault: address not mapped to object at address 0x3b0)
[r1i3n16:48029:0:48029] Caught signal 11 (Segmentation fault: address not mapped to object at address 0x160)
--------------------------------------------------------------------------
Primary job  terminated normally, but 1 process returned
a non-zero exit code. Per user-direction, the job has been aborted.
--------------------------------------------------------------------------
--------------------------------------------------------------------------
mpirun noticed that process rank 1 with PID 0 on node r1i3n16 exited on signal 11 (Segmentation fault).
--------------------------------------------------------------------------
