build time -- 2021-05-08 05:43:42.054955
20210508 060606.643 INFO             PET0 !!!!!!!!!!!!!!!!!!!!!!!!!!!!!!!!!!!!!!!!!!!!!!!!!!!!!!
20210508 060606.643 INFO             PET0 !!! THE ESMF_LOG IS SET TO OUTPUT ALL LOG MESSAGES !!!
20210508 060606.643 INFO             PET0 !!!     THIS MAY CAUSE SLOWDOWN IN PERFORMANCE     !!!
20210508 060606.643 INFO             PET0 !!! FOR PRODUCTION RUNS, USE:                      !!!
20210508 060606.643 INFO             PET0 !!!                   ESMF_LOGKIND_Multi_On_Error  !!!
20210508 060606.643 INFO             PET0 !!!!!!!!!!!!!!!!!!!!!!!!!!!!!!!!!!!!!!!!!!!!!!!!!!!!!!
20210508 060606.643 INFO             PET0 Running with ESMF Version   : ESMF_8_2_0_beta_snapshot_06-2-g7cd9acbf16
20210508 060606.643 INFO             PET0 ESMF library build date/time: "May  8 2021" "05:42:11"
20210508 060606.643 INFO             PET0 ESMF library build location : /glade/scratch/mpotts/gfortran_9.1.0_openmpi_O_develop
20210508 060606.643 INFO             PET0 ESMF_COMM                   : openmpi
20210508 060606.643 INFO             PET0 ESMF_MOAB                   : enabled
20210508 060606.643 INFO             PET0 ESMF_LAPACK                 : enabled
20210508 060606.643 INFO             PET0 ESMF_NETCDF                 : enabled
20210508 060606.643 INFO             PET0 ESMF_PNETCDF                : disabled
20210508 060606.643 INFO             PET0 ESMF_PIO                    : enabled
20210508 060606.643 INFO             PET0 ESMF_YAMLCPP                : enabled
20210508 060606.644 INFO             PET0  NUMBER_OF_PROCESSORS           1
20210508 060606.644 INFO             PET0  PASS  Example ESMF_AlarmEx, ESMF_AlarmEx.F90, line 244
20210508 060606.644 INFO             PET0 Finalizing ESMF
