build time -- 2021-06-21 05:42:33.159527
 Field with replicated dimension returned
 Field with replicated dimension returned
  PASS  Example ESMF_FieldRepDimEx, ESMF_FieldRepDimEx.F90, line 228
  PASS  Example ESMF_FieldRepDimEx, ESMF_FieldRepDimEx.F90, line 228
 Field with replicated dimension returned
  PASS  Example ESMF_FieldRepDimEx, ESMF_FieldRepDimEx.F90, line 228
 Field with replicated dimension returned
  PASS  Example ESMF_FieldRepDimEx, ESMF_FieldRepDimEx.F90, line 228
[r1i3n16:3074 :0:3074] Caught signal 11 (Segmentation fault: address not mapped to object at address 0x30)
[r1i3n16:3076 :0:3076] Caught signal 11 (Segmentation fault: address not mapped to object at address 0x30)
[r1i3n16:3077 :0:3077] Caught signal 11 (Segmentation fault: address not mapped to object at address 0x30)
--------------------------------------------------------------------------
A system call failed during shared memory initialization that should
not have.  It is likely that your MPI job will now either abort or
experience performance degradation.

  Local host:  r1i3n16
  System call: unlink(2) /dev/shm/vader_segment.r1i3n16.b4120001.1
  Error:       No such file or directory (errno 2)
--------------------------------------------------------------------------
[r1i3n16:3075 :0:3075] Caught signal 11 (Segmentation fault: address not mapped to object at address 0x40)
--------------------------------------------------------------------------
Primary job  terminated normally, but 1 process returned
a non-zero exit code. Per user-direction, the job has been aborted.
--------------------------------------------------------------------------
--------------------------------------------------------------------------
mpirun noticed that process rank 0 with PID 0 on node r1i3n16 exited on signal 11 (Segmentation fault).
--------------------------------------------------------------------------
 Field with replicated dimension returned
 Field with replicated dimension returned
  PASS  Example ESMF_FieldRepDimEx, ESMF_FieldRepDimEx.F90, line 228
  PASS  Example ESMF_FieldRepDimEx, ESMF_FieldRepDimEx.F90, line 228
 Field with replicated dimension returned
  PASS  Example ESMF_FieldRepDimEx, ESMF_FieldRepDimEx.F90, line 228
 Field with replicated dimension returned
  PASS  Example ESMF_FieldRepDimEx, ESMF_FieldRepDimEx.F90, line 228
[r1i3n16:3074 :0:3074] Caught signal 11 (Segmentation fault: address not mapped to object at address 0x30)
[r1i3n16:3076 :0:3076] Caught signal 11 (Segmentation fault: address not mapped to object at address 0x30)
[r1i3n16:3077 :0:3077] Caught signal 11 (Segmentation fault: address not mapped to object at address 0x30)
--------------------------------------------------------------------------
A system call failed during shared memory initialization that should
not have.  It is likely that your MPI job will now either abort or
experience performance degradation.

  Local host:  r1i3n16
  System call: unlink(2) /dev/shm/vader_segment.r1i3n16.b4120001.1
  Error:       No such file or directory (errno 2)
--------------------------------------------------------------------------
[r1i3n16:3075 :0:3075] Caught signal 11 (Segmentation fault: address not mapped to object at address 0x40)
--------------------------------------------------------------------------
Primary job  terminated normally, but 1 process returned
a non-zero exit code. Per user-direction, the job has been aborted.
--------------------------------------------------------------------------
--------------------------------------------------------------------------
mpirun noticed that process rank 0 with PID 0 on node r1i3n16 exited on signal 11 (Segmentation fault).
--------------------------------------------------------------------------
