build time -- 2021-05-18 05:44:13.048946
20210518 060624.739 INFO             PET0 !!!!!!!!!!!!!!!!!!!!!!!!!!!!!!!!!!!!!!!!!!!!!!!!!!!!!!
20210518 060624.739 INFO             PET0 !!! THE ESMF_LOG IS SET TO OUTPUT ALL LOG MESSAGES !!!
20210518 060624.739 INFO             PET0 !!!     THIS MAY CAUSE SLOWDOWN IN PERFORMANCE     !!!
20210518 060624.739 INFO             PET0 !!! FOR PRODUCTION RUNS, USE:                      !!!
20210518 060624.739 INFO             PET0 !!!                   ESMF_LOGKIND_Multi_On_Error  !!!
20210518 060624.739 INFO             PET0 !!!!!!!!!!!!!!!!!!!!!!!!!!!!!!!!!!!!!!!!!!!!!!!!!!!!!!
20210518 060624.739 INFO             PET0 Running with ESMF Version   : ESMF_8_2_0_beta_snapshot_07-3-g7969da3634
20210518 060624.739 INFO             PET0 ESMF library build date/time: "May 18 2021" "05:42:41"
20210518 060624.739 INFO             PET0 ESMF library build location : /glade/scratch/mpotts/gfortran_9.1.0_openmpi_O_develop
20210518 060624.739 INFO             PET0 ESMF_COMM                   : openmpi
20210518 060624.739 INFO             PET0 ESMF_MOAB                   : enabled
20210518 060624.739 INFO             PET0 ESMF_LAPACK                 : enabled
20210518 060624.739 INFO             PET0 ESMF_NETCDF                 : enabled
20210518 060624.739 INFO             PET0 ESMF_PNETCDF                : disabled
20210518 060624.739 INFO             PET0 ESMF_PIO                    : enabled
20210518 060624.739 INFO             PET0 ESMF_YAMLCPP                : enabled
20210518 060624.739 INFO             PET0  NUMBER_OF_PROCESSORS           1
20210518 060624.739 INFO             PET0  PASS  Example ESMF_TimeEx, ESMF_TimeEx.F90, line 141
20210518 060624.739 INFO             PET0 Finalizing ESMF
