build time -- 2021-06-21 05:42:33.159527
  PASS  Example ESMF_FieldRegridEx, ESMF_FieldRegridEx.F90, line 352
  PASS  Example ESMF_FieldRegridEx, ESMF_FieldRegridEx.F90, line 352
  PASS  Example ESMF_FieldRegridEx, ESMF_FieldRegridEx.F90, line 352
  PASS  Example ESMF_FieldRegridEx, ESMF_FieldRegridEx.F90, line 352
[r1i3n16:1968 :0:1968] Caught signal 11 (Segmentation fault: address not mapped to object at address 0x30)
[r1i3n16:1960 :0:1960] Caught signal 11 (Segmentation fault: address not mapped to object at address 0x30)
[r1i3n16:1967 :0:1967] Caught signal 11 (Segmentation fault: address not mapped to object at address 0x30)
[r1i3n16:1959 :0:1959] Caught signal 11 (Segmentation fault: address not mapped to object at address 0x30)
--------------------------------------------------------------------------
Primary job  terminated normally, but 1 process returned
a non-zero exit code. Per user-direction, the job has been aborted.
--------------------------------------------------------------------------
--------------------------------------------------------------------------
mpirun noticed that process rank 3 with PID 0 on node r1i3n16 exited on signal 11 (Segmentation fault).
--------------------------------------------------------------------------
  PASS  Example ESMF_FieldRegridEx, ESMF_FieldRegridEx.F90, line 352
  PASS  Example ESMF_FieldRegridEx, ESMF_FieldRegridEx.F90, line 352
  PASS  Example ESMF_FieldRegridEx, ESMF_FieldRegridEx.F90, line 352
  PASS  Example ESMF_FieldRegridEx, ESMF_FieldRegridEx.F90, line 352
[r1i3n16:1968 :0:1968] Caught signal 11 (Segmentation fault: address not mapped to object at address 0x30)
[r1i3n16:1960 :0:1960] Caught signal 11 (Segmentation fault: address not mapped to object at address 0x30)
[r1i3n16:1967 :0:1967] Caught signal 11 (Segmentation fault: address not mapped to object at address 0x30)
[r1i3n16:1959 :0:1959] Caught signal 11 (Segmentation fault: address not mapped to object at address 0x30)
--------------------------------------------------------------------------
Primary job  terminated normally, but 1 process returned
a non-zero exit code. Per user-direction, the job has been aborted.
--------------------------------------------------------------------------
--------------------------------------------------------------------------
mpirun noticed that process rank 3 with PID 0 on node r1i3n16 exited on signal 11 (Segmentation fault).
--------------------------------------------------------------------------
