build time -- 2021-06-21 05:42:33.159527
  PASS  Example ESMF_RHandleFromFileEx, ESMF_RHandleFromFileEx.F90, line 192
  PASS  Example ESMF_RHandleFromFileEx, ESMF_RHandleFromFileEx.F90, line 192
  PASS  Example ESMF_RHandleFromFileEx, ESMF_RHandleFromFileEx.F90, line 192
  PASS  Example ESMF_RHandleFromFileEx, ESMF_RHandleFromFileEx.F90, line 192
[r1i3n16:48300:0:48300] Caught signal 11 (Segmentation fault: address not mapped to object at address 0x30)
[r1i3n16:48301:0:48301] Caught signal 11 (Segmentation fault: address not mapped to object at address 0x30)
[r1i3n16:48298:0:48298] Caught signal 11 (Segmentation fault: address not mapped to object at address 0x30)
[r1i3n16:48299:0:48299] Caught signal 11 (Segmentation fault: address not mapped to object at address 0x30)
--------------------------------------------------------------------------
Primary job  terminated normally, but 1 process returned
a non-zero exit code. Per user-direction, the job has been aborted.
--------------------------------------------------------------------------
--------------------------------------------------------------------------
mpirun noticed that process rank 0 with PID 0 on node r1i3n16 exited on signal 11 (Segmentation fault).
--------------------------------------------------------------------------
  PASS  Example ESMF_RHandleFromFileEx, ESMF_RHandleFromFileEx.F90, line 192
  PASS  Example ESMF_RHandleFromFileEx, ESMF_RHandleFromFileEx.F90, line 192
  PASS  Example ESMF_RHandleFromFileEx, ESMF_RHandleFromFileEx.F90, line 192
  PASS  Example ESMF_RHandleFromFileEx, ESMF_RHandleFromFileEx.F90, line 192
[r1i3n16:48300:0:48300] Caught signal 11 (Segmentation fault: address not mapped to object at address 0x30)
[r1i3n16:48301:0:48301] Caught signal 11 (Segmentation fault: address not mapped to object at address 0x30)
[r1i3n16:48298:0:48298] Caught signal 11 (Segmentation fault: address not mapped to object at address 0x30)
[r1i3n16:48299:0:48299] Caught signal 11 (Segmentation fault: address not mapped to object at address 0x30)
--------------------------------------------------------------------------
Primary job  terminated normally, but 1 process returned
a non-zero exit code. Per user-direction, the job has been aborted.
--------------------------------------------------------------------------
--------------------------------------------------------------------------
mpirun noticed that process rank 0 with PID 0 on node r1i3n16 exited on signal 11 (Segmentation fault).
--------------------------------------------------------------------------
