build time -- 2021-06-21 05:42:33.159527
  PASS  Example ESMF_MeshEx, ESMF_MeshEx.F90, line 1795
  PASS  Example ESMF_MeshEx, ESMF_MeshEx.F90, line 1795
  PASS  Example ESMF_MeshEx, ESMF_MeshEx.F90, line 1795
  PASS  Example ESMF_MeshEx, ESMF_MeshEx.F90, line 1795
[r1i3n16:64266:0:64266] Caught signal 11 (Segmentation fault: address not mapped to object at address 0x30)
[r1i3n16:64268:0:64268] Caught signal 11 (Segmentation fault: address not mapped to object at address 0x30)
[r1i3n16:64270:0:64270] Caught signal 11 (Segmentation fault: address not mapped to object at address 0x30)
--------------------------------------------------------------------------
A system call failed during shared memory initialization that should
not have.  It is likely that your MPI job will now either abort or
experience performance degradation.

  Local host:  r1i3n16
  System call: unlink(2) /dev/shm/vader_segment.r1i3n16.44ea0001.1
  Error:       No such file or directory (errno 2)
--------------------------------------------------------------------------
[r1i3n16:64267:0:64267] Caught signal 11 (Segmentation fault: address not mapped to object at address 0x100)
--------------------------------------------------------------------------
Primary job  terminated normally, but 1 process returned
a non-zero exit code. Per user-direction, the job has been aborted.
--------------------------------------------------------------------------
--------------------------------------------------------------------------
mpirun noticed that process rank 2 with PID 0 on node r1i3n16 exited on signal 11 (Segmentation fault).
--------------------------------------------------------------------------
  PASS  Example ESMF_MeshEx, ESMF_MeshEx.F90, line 1795
  PASS  Example ESMF_MeshEx, ESMF_MeshEx.F90, line 1795
  PASS  Example ESMF_MeshEx, ESMF_MeshEx.F90, line 1795
  PASS  Example ESMF_MeshEx, ESMF_MeshEx.F90, line 1795
[r1i3n16:64266:0:64266] Caught signal 11 (Segmentation fault: address not mapped to object at address 0x30)
[r1i3n16:64268:0:64268] Caught signal 11 (Segmentation fault: address not mapped to object at address 0x30)
[r1i3n16:64270:0:64270] Caught signal 11 (Segmentation fault: address not mapped to object at address 0x30)
--------------------------------------------------------------------------
A system call failed during shared memory initialization that should
not have.  It is likely that your MPI job will now either abort or
experience performance degradation.

  Local host:  r1i3n16
  System call: unlink(2) /dev/shm/vader_segment.r1i3n16.44ea0001.1
  Error:       No such file or directory (errno 2)
--------------------------------------------------------------------------
[r1i3n16:64267:0:64267] Caught signal 11 (Segmentation fault: address not mapped to object at address 0x100)
--------------------------------------------------------------------------
Primary job  terminated normally, but 1 process returned
a non-zero exit code. Per user-direction, the job has been aborted.
--------------------------------------------------------------------------
--------------------------------------------------------------------------
mpirun noticed that process rank 2 with PID 0 on node r1i3n16 exited on signal 11 (Segmentation fault).
--------------------------------------------------------------------------
