build time -- 2021-05-15 05:43:31.490900
20210515 060546.911 INFO             PET0 !!!!!!!!!!!!!!!!!!!!!!!!!!!!!!!!!!!!!!!!!!!!!!!!!!!!!!
20210515 060546.911 INFO             PET0 !!! THE ESMF_LOG IS SET TO OUTPUT ALL LOG MESSAGES !!!
20210515 060546.911 INFO             PET0 !!!     THIS MAY CAUSE SLOWDOWN IN PERFORMANCE     !!!
20210515 060546.911 INFO             PET0 !!! FOR PRODUCTION RUNS, USE:                      !!!
20210515 060546.911 INFO             PET0 !!!                   ESMF_LOGKIND_Multi_On_Error  !!!
20210515 060546.911 INFO             PET0 !!!!!!!!!!!!!!!!!!!!!!!!!!!!!!!!!!!!!!!!!!!!!!!!!!!!!!
20210515 060546.911 INFO             PET0 Running with ESMF Version   : ESMF_8_2_0_beta_snapshot_07-3-g7969da3634
20210515 060546.911 INFO             PET0 ESMF library build date/time: "May 15 2021" "05:42:00"
20210515 060546.911 INFO             PET0 ESMF library build location : /glade/scratch/mpotts/gfortran_9.1.0_openmpi_O_develop
20210515 060546.911 INFO             PET0 ESMF_COMM                   : openmpi
20210515 060546.911 INFO             PET0 ESMF_MOAB                   : enabled
20210515 060546.911 INFO             PET0 ESMF_LAPACK                 : enabled
20210515 060546.911 INFO             PET0 ESMF_NETCDF                 : enabled
20210515 060546.911 INFO             PET0 ESMF_PNETCDF                : disabled
20210515 060546.911 INFO             PET0 ESMF_PIO                    : enabled
20210515 060546.911 INFO             PET0 ESMF_YAMLCPP                : enabled
20210515 060546.912 INFO             PET0  NUMBER_OF_PROCESSORS           1
20210515 060546.912 INFO             PET0  PASS  Example CalendarEx, ESMF_CalendarEx.F90, line 217
20210515 060546.912 INFO             PET0 Finalizing ESMF
