build time -- 2021-06-21 05:42:33.159527
 PASS: ESMF_FieldCommEx.F90
 PASS: ESMF_FieldCommEx.F90
 PASS: ESMF_FieldCommEx.F90
  PASS  Example ESMF_FieldCommEx, ESMF_FieldCommEx.F90, line 258
  PASS  Example ESMF_FieldCommEx, ESMF_FieldCommEx.F90, line 258
 PASS: ESMF_FieldCommEx.F90
  PASS  Example ESMF_FieldCommEx, ESMF_FieldCommEx.F90, line 258
  PASS  Example ESMF_FieldCommEx, ESMF_FieldCommEx.F90, line 258
[r1i3n16:3620 :0:3620] Caught signal 11 (Segmentation fault: address not mapped to object at address 0x30)
[r1i3n16:3622 :0:3622] Caught signal 11 (Segmentation fault: address not mapped to object at address 0x30)
--------------------------------------------------------------------------
A system call failed during shared memory initialization that should
not have.  It is likely that your MPI job will now either abort or
experience performance degradation.

  Local host:  r1i3n16
  System call: unlink(2) /dev/shm/vader_segment.r1i3n16.b1cc0001.1
  Error:       No such file or directory (errno 2)
--------------------------------------------------------------------------
[r1i3n16:3621 :0:3621] Caught signal 11 (Segmentation fault: address not mapped to object at address 0x30)
--------------------------------------------------------------------------
A system call failed during shared memory initialization that should
not have.  It is likely that your MPI job will now either abort or
experience performance degradation.

  Local host:  r1i3n16
  System call: unlink(2) /dev/shm/vader_segment.r1i3n16.b1cc0001.3
  Error:       No such file or directory (errno 2)
--------------------------------------------------------------------------
[r1i3n16:3623 :0:3623] Caught signal 11 (Segmentation fault: address not mapped to object at address 0x30)
--------------------------------------------------------------------------
Primary job  terminated normally, but 1 process returned
a non-zero exit code. Per user-direction, the job has been aborted.
--------------------------------------------------------------------------
--------------------------------------------------------------------------
mpirun noticed that process rank 0 with PID 0 on node r1i3n16 exited on signal 11 (Segmentation fault).
--------------------------------------------------------------------------
 PASS: ESMF_FieldCommEx.F90
 PASS: ESMF_FieldCommEx.F90
 PASS: ESMF_FieldCommEx.F90
  PASS  Example ESMF_FieldCommEx, ESMF_FieldCommEx.F90, line 258
  PASS  Example ESMF_FieldCommEx, ESMF_FieldCommEx.F90, line 258
 PASS: ESMF_FieldCommEx.F90
  PASS  Example ESMF_FieldCommEx, ESMF_FieldCommEx.F90, line 258
  PASS  Example ESMF_FieldCommEx, ESMF_FieldCommEx.F90, line 258
[r1i3n16:3620 :0:3620] Caught signal 11 (Segmentation fault: address not mapped to object at address 0x30)
[r1i3n16:3622 :0:3622] Caught signal 11 (Segmentation fault: address not mapped to object at address 0x30)
--------------------------------------------------------------------------
A system call failed during shared memory initialization that should
not have.  It is likely that your MPI job will now either abort or
experience performance degradation.

  Local host:  r1i3n16
  System call: unlink(2) /dev/shm/vader_segment.r1i3n16.b1cc0001.1
  Error:       No such file or directory (errno 2)
--------------------------------------------------------------------------
[r1i3n16:3621 :0:3621] Caught signal 11 (Segmentation fault: address not mapped to object at address 0x30)
--------------------------------------------------------------------------
A system call failed during shared memory initialization that should
not have.  It is likely that your MPI job will now either abort or
experience performance degradation.

  Local host:  r1i3n16
  System call: unlink(2) /dev/shm/vader_segment.r1i3n16.b1cc0001.3
  Error:       No such file or directory (errno 2)
--------------------------------------------------------------------------
[r1i3n16:3623 :0:3623] Caught signal 11 (Segmentation fault: address not mapped to object at address 0x30)
--------------------------------------------------------------------------
Primary job  terminated normally, but 1 process returned
a non-zero exit code. Per user-direction, the job has been aborted.
--------------------------------------------------------------------------
--------------------------------------------------------------------------
mpirun noticed that process rank 0 with PID 0 on node r1i3n16 exited on signal 11 (Segmentation fault).
--------------------------------------------------------------------------
