make: /lfs/h1/emc/ptmp/Mark.Potts/intel_2019.3_mpi_O_develop/nc-config: Command not found
make: /lfs/h1/emc/ptmp/Mark.Potts/intel_2019.3_mpi_O_develop/nc-config: Command not found
make: /lfs/h1/emc/ptmp/Mark.Potts/intel_2019.3_mpi_O_develop/nc-config: Command not found
make: /lfs/h1/emc/ptmp/Mark.Potts/intel_2019.3_mpi_O_develop/nc-config: Command not found
/lfs/h1/emc/ptmp/Mark.Potts/intel_2019.3_mpi_O_develop/scripts/nfconfigtest: line 3: /bin/nf-config: No such file or directory
/lfs/h1/emc/ptmp/Mark.Potts/intel_2019.3_mpi_O_develop/scripts/nfconfigtest: line 4: [: =: unary operator expected
/lfs/h1/emc/ptmp/Mark.Potts/intel_2019.3_mpi_O_develop/scripts/nfconfigtest: line 3: /bin/nf-config: No such file or directory
/lfs/h1/emc/ptmp/Mark.Potts/intel_2019.3_mpi_O_develop/scripts/nfconfigtest: line 4: [: =: unary operator expected
/lfs/h1/emc/ptmp/Mark.Potts/intel_2019.3_mpi_O_develop/scripts/nfconfigtest: line 3: /bin/nf-config: No such file or directory
/lfs/h1/emc/ptmp/Mark.Potts/intel_2019.3_mpi_O_develop/scripts/nfconfigtest: line 4: [: =: unary operator expected
 
Installing ESMF:
 
mkdir -p /lfs/h1/emc/ptmp/Mark.Potts/intel_2019.3_mpi_O_develop/DEFAULTINSTALLDIR/include
cp -f /lfs/h1/emc/ptmp/Mark.Potts/intel_2019.3_mpi_O_develop/src/include/ESMC.h /lfs/h1/emc/ptmp/Mark.Potts/intel_2019.3_mpi_O_develop/DEFAULTINSTALLDIR/include
cp -f /lfs/h1/emc/ptmp/Mark.Potts/intel_2019.3_mpi_O_develop/src/include/ESMC_*.h /lfs/h1/emc/ptmp/Mark.Potts/intel_2019.3_mpi_O_develop/DEFAULTINSTALLDIR/include
cp -f /lfs/h1/emc/ptmp/Mark.Potts/intel_2019.3_mpi_O_develop/build_config/Linux.intel.default/ESMC_Conf.h /lfs/h1/emc/ptmp/Mark.Potts/intel_2019.3_mpi_O_develop/DEFAULTINSTALLDIR/include
mkdir -p /lfs/h1/emc/ptmp/Mark.Potts/intel_2019.3_mpi_O_develop/DEFAULTINSTALLDIR/mod/modO/Linux.intel.64.mpi.default
cp -f /lfs/h1/emc/ptmp/Mark.Potts/intel_2019.3_mpi_O_develop/mod/modO/Linux.intel.64.mpi.default/*.mod /lfs/h1/emc/ptmp/Mark.Potts/intel_2019.3_mpi_O_develop/DEFAULTINSTALLDIR/mod/modO/Linux.intel.64.mpi.default
mkdir -p /lfs/h1/emc/ptmp/Mark.Potts/intel_2019.3_mpi_O_develop/DEFAULTINSTALLDIR/lib/libO/Linux.intel.64.mpi.default
cp -f /lfs/h1/emc/ptmp/Mark.Potts/intel_2019.3_mpi_O_develop/lib/libO/Linux.intel.64.mpi.default/libesmf*.* /lfs/h1/emc/ptmp/Mark.Potts/intel_2019.3_mpi_O_develop/DEFAULTINSTALLDIR/lib/libO/Linux.intel.64.mpi.default
cp: cannot stat '/lfs/h1/emc/ptmp/Mark.Potts/intel_2019.3_mpi_O_develop/lib/libO/Linux.intel.64.mpi.default/libesmf*.*': No such file or directory
make: *** [makefile:678: install] Error 1
