build time -- 2021-08-22 05:49:26.718545
20210822 061531.260 INFO             PET0 !!!!!!!!!!!!!!!!!!!!!!!!!!!!!!!!!!!!!!!!!!!!!!!!!!!!!!
20210822 061531.260 INFO             PET0 !!! THE ESMF_LOG IS SET TO OUTPUT ALL LOG MESSAGES !!!
20210822 061531.260 INFO             PET0 !!!     THIS MAY CAUSE SLOWDOWN IN PERFORMANCE     !!!
20210822 061531.260 INFO             PET0 !!! FOR PRODUCTION RUNS, USE:                      !!!
20210822 061531.260 INFO             PET0 !!!                   ESMF_LOGKIND_Multi_On_Error  !!!
20210822 061531.260 INFO             PET0 !!!!!!!!!!!!!!!!!!!!!!!!!!!!!!!!!!!!!!!!!!!!!!!!!!!!!!
20210822 061531.260 INFO             PET0 Running with ESMF Version   : ESMF_8_2_0_beta_snapshot_15-1-g670eb2d1ed
20210822 061531.260 INFO             PET0 ESMF library build date/time: "Aug 22 2021" "05:47:23"
20210822 061531.260 INFO             PET0 ESMF library build location : /glade/scratch/mpotts/gfortran_9.1.0_mpt_O_develop
20210822 061531.260 INFO             PET0 ESMF_COMM                   : mpt
20210822 061531.260 INFO             PET0 ESMF_MOAB                   : enabled
20210822 061531.260 INFO             PET0 ESMF_LAPACK                 : enabled
20210822 061531.260 INFO             PET0 ESMF_NETCDF                 : enabled
20210822 061531.260 INFO             PET0 ESMF_PNETCDF                : disabled
20210822 061531.260 INFO             PET0 ESMF_PIO                    : enabled
20210822 061531.260 INFO             PET0 ESMF_YAMLCPP                : enabled
20210822 061531.260 INFO             PET0  NUMBER_OF_PROCESSORS           2
20210822 061531.260 INFO             PET0  PASS  Example ESMF_VMUserMpiCommEx, ESMF_VMUserMpiCommEx.F90, line 113
20210822 061531.260 INFO             PET0 Finalizing ESMF
20210822 061531.260 INFO             PET1 !!!!!!!!!!!!!!!!!!!!!!!!!!!!!!!!!!!!!!!!!!!!!!!!!!!!!!
20210822 061531.260 INFO             PET1 !!! THE ESMF_LOG IS SET TO OUTPUT ALL LOG MESSAGES !!!
20210822 061531.260 INFO             PET1 !!!     THIS MAY CAUSE SLOWDOWN IN PERFORMANCE     !!!
20210822 061531.260 INFO             PET1 !!! FOR PRODUCTION RUNS, USE:                      !!!
20210822 061531.260 INFO             PET1 !!!                   ESMF_LOGKIND_Multi_On_Error  !!!
20210822 061531.260 INFO             PET1 !!!!!!!!!!!!!!!!!!!!!!!!!!!!!!!!!!!!!!!!!!!!!!!!!!!!!!
20210822 061531.260 INFO             PET1 Running with ESMF Version   : ESMF_8_2_0_beta_snapshot_15-1-g670eb2d1ed
20210822 061531.260 INFO             PET1 ESMF library build date/time: "Aug 22 2021" "05:47:23"
20210822 061531.260 INFO             PET1 ESMF library build location : /glade/scratch/mpotts/gfortran_9.1.0_mpt_O_develop
20210822 061531.260 INFO             PET1 ESMF_COMM                   : mpt
20210822 061531.260 INFO             PET1 ESMF_MOAB                   : enabled
20210822 061531.260 INFO             PET1 ESMF_LAPACK                 : enabled
20210822 061531.260 INFO             PET1 ESMF_NETCDF                 : enabled
20210822 061531.260 INFO             PET1 ESMF_PNETCDF                : disabled
20210822 061531.260 INFO             PET1 ESMF_PIO                    : enabled
20210822 061531.260 INFO             PET1 ESMF_YAMLCPP                : enabled
20210822 061531.260 INFO             PET1  NUMBER_OF_PROCESSORS           2
20210822 061531.260 INFO             PET1  PASS  Example ESMF_VMUserMpiCommEx, ESMF_VMUserMpiCommEx.F90, line 113
20210822 061531.260 INFO             PET1 Finalizing ESMF
