build time -- 2021-06-14 05:44:22.322201
20210614 060442.711 INFO             PET0 !!!!!!!!!!!!!!!!!!!!!!!!!!!!!!!!!!!!!!!!!!!!!!!!!!!!!!
20210614 060442.711 INFO             PET0 !!! THE ESMF_LOG IS SET TO OUTPUT ALL LOG MESSAGES !!!
20210614 060442.711 INFO             PET0 !!!     THIS MAY CAUSE SLOWDOWN IN PERFORMANCE     !!!
20210614 060442.711 INFO             PET0 !!! FOR PRODUCTION RUNS, USE:                      !!!
20210614 060442.711 INFO             PET0 !!!                   ESMF_LOGKIND_Multi_On_Error  !!!
20210614 060442.711 INFO             PET0 !!!!!!!!!!!!!!!!!!!!!!!!!!!!!!!!!!!!!!!!!!!!!!!!!!!!!!
20210614 060442.711 INFO             PET0 Running with ESMF Version   : ESMF_8_2_0_beta_snapshot_10-5-g26c4ccc8be
20210614 060442.711 INFO             PET0 ESMF library build date/time: "Jun 14 2021" "05:42:52"
20210614 060442.711 INFO             PET0 ESMF library build location : /glade/scratch/mpotts/gfortran_9.1.0_mpt_O_develop
20210614 060442.711 INFO             PET0 ESMF_COMM                   : mpt
20210614 060442.711 INFO             PET0 ESMF_MOAB                   : enabled
20210614 060442.711 INFO             PET0 ESMF_LAPACK                 : enabled
20210614 060442.711 INFO             PET0 ESMF_NETCDF                 : enabled
20210614 060442.711 INFO             PET0 ESMF_PNETCDF                : disabled
20210614 060442.711 INFO             PET0 ESMF_PIO                    : enabled
20210614 060442.711 INFO             PET0 ESMF_YAMLCPP                : enabled
20210614 060442.711 INFO             PET0  NUMBER_OF_PROCESSORS           4
20210614 060442.711 INFO             PET0  PASS  Example ESMF_VMUserMpiCommMultiEx, ESMF_VMUserMpiCommMultiEx.F90, line 126
20210614 060442.711 INFO             PET0 Finalizing ESMF
20210614 060442.709 INFO             PET0 !!!!!!!!!!!!!!!!!!!!!!!!!!!!!!!!!!!!!!!!!!!!!!!!!!!!!!
20210614 060442.709 INFO             PET0 !!! THE ESMF_LOG IS SET TO OUTPUT ALL LOG MESSAGES !!!
20210614 060442.709 INFO             PET0 !!!     THIS MAY CAUSE SLOWDOWN IN PERFORMANCE     !!!
20210614 060442.709 INFO             PET0 !!! FOR PRODUCTION RUNS, USE:                      !!!
20210614 060442.709 INFO             PET0 !!!                   ESMF_LOGKIND_Multi_On_Error  !!!
20210614 060442.709 INFO             PET0 !!!!!!!!!!!!!!!!!!!!!!!!!!!!!!!!!!!!!!!!!!!!!!!!!!!!!!
20210614 060442.709 INFO             PET0 Running with ESMF Version   : ESMF_8_2_0_beta_snapshot_10-5-g26c4ccc8be
20210614 060442.709 INFO             PET0 ESMF library build date/time: "Jun 14 2021" "05:42:52"
20210614 060442.709 INFO             PET0 ESMF library build location : /glade/scratch/mpotts/gfortran_9.1.0_mpt_O_develop
20210614 060442.709 INFO             PET0 ESMF_COMM                   : mpt
20210614 060442.709 INFO             PET0 ESMF_MOAB                   : enabled
20210614 060442.709 INFO             PET0 ESMF_LAPACK                 : enabled
20210614 060442.709 INFO             PET0 ESMF_NETCDF                 : enabled
20210614 060442.709 INFO             PET0 ESMF_PNETCDF                : disabled
20210614 060442.709 INFO             PET0 ESMF_PIO                    : enabled
20210614 060442.709 INFO             PET0 ESMF_YAMLCPP                : enabled
20210614 060442.709 INFO             PET0  NUMBER_OF_PROCESSORS           4
20210614 060442.709 INFO             PET0  PASS  Example ESMF_VMUserMpiCommMultiEx, ESMF_VMUserMpiCommMultiEx.F90, line 154
20210614 060442.709 INFO             PET0 Finalizing ESMF
20210614 060442.710 INFO             PET1 !!!!!!!!!!!!!!!!!!!!!!!!!!!!!!!!!!!!!!!!!!!!!!!!!!!!!!
20210614 060442.710 INFO             PET1 !!! THE ESMF_LOG IS SET TO OUTPUT ALL LOG MESSAGES !!!
20210614 060442.710 INFO             PET1 !!!     THIS MAY CAUSE SLOWDOWN IN PERFORMANCE     !!!
20210614 060442.710 INFO             PET1 !!! FOR PRODUCTION RUNS, USE:                      !!!
20210614 060442.710 INFO             PET1 !!!                   ESMF_LOGKIND_Multi_On_Error  !!!
20210614 060442.710 INFO             PET1 !!!!!!!!!!!!!!!!!!!!!!!!!!!!!!!!!!!!!!!!!!!!!!!!!!!!!!
20210614 060442.710 INFO             PET1 Running with ESMF Version   : ESMF_8_2_0_beta_snapshot_10-5-g26c4ccc8be
20210614 060442.710 INFO             PET1 ESMF library build date/time: "Jun 14 2021" "05:42:52"
20210614 060442.710 INFO             PET1 ESMF library build location : /glade/scratch/mpotts/gfortran_9.1.0_mpt_O_develop
20210614 060442.710 INFO             PET1 ESMF_COMM                   : mpt
20210614 060442.710 INFO             PET1 ESMF_MOAB                   : enabled
20210614 060442.710 INFO             PET1 ESMF_LAPACK                 : enabled
20210614 060442.710 INFO             PET1 ESMF_NETCDF                 : enabled
20210614 060442.710 INFO             PET1 ESMF_PNETCDF                : disabled
20210614 060442.710 INFO             PET1 ESMF_PIO                    : enabled
20210614 060442.710 INFO             PET1 ESMF_YAMLCPP                : enabled
20210614 060442.711 INFO             PET1  NUMBER_OF_PROCESSORS           4
20210614 060442.711 INFO             PET1  PASS  Example ESMF_VMUserMpiCommMultiEx, ESMF_VMUserMpiCommMultiEx.F90, line 126
20210614 060442.711 INFO             PET1 Finalizing ESMF
20210614 060442.708 INFO             PET1 !!!!!!!!!!!!!!!!!!!!!!!!!!!!!!!!!!!!!!!!!!!!!!!!!!!!!!
20210614 060442.708 INFO             PET1 !!! THE ESMF_LOG IS SET TO OUTPUT ALL LOG MESSAGES !!!
20210614 060442.708 INFO             PET1 !!!     THIS MAY CAUSE SLOWDOWN IN PERFORMANCE     !!!
20210614 060442.708 INFO             PET1 !!! FOR PRODUCTION RUNS, USE:                      !!!
20210614 060442.708 INFO             PET1 !!!                   ESMF_LOGKIND_Multi_On_Error  !!!
20210614 060442.708 INFO             PET1 !!!!!!!!!!!!!!!!!!!!!!!!!!!!!!!!!!!!!!!!!!!!!!!!!!!!!!
20210614 060442.708 INFO             PET1 Running with ESMF Version   : ESMF_8_2_0_beta_snapshot_10-5-g26c4ccc8be
20210614 060442.708 INFO             PET1 ESMF library build date/time: "Jun 14 2021" "05:42:52"
20210614 060442.708 INFO             PET1 ESMF library build location : /glade/scratch/mpotts/gfortran_9.1.0_mpt_O_develop
20210614 060442.708 INFO             PET1 ESMF_COMM                   : mpt
20210614 060442.708 INFO             PET1 ESMF_MOAB                   : enabled
20210614 060442.708 INFO             PET1 ESMF_LAPACK                 : enabled
20210614 060442.708 INFO             PET1 ESMF_NETCDF                 : enabled
20210614 060442.708 INFO             PET1 ESMF_PNETCDF                : disabled
20210614 060442.708 INFO             PET1 ESMF_PIO                    : enabled
20210614 060442.708 INFO             PET1 ESMF_YAMLCPP                : enabled
20210614 060442.709 INFO             PET1  NUMBER_OF_PROCESSORS           4
20210614 060442.709 INFO             PET1  PASS  Example ESMF_VMUserMpiCommMultiEx, ESMF_VMUserMpiCommMultiEx.F90, line 154
20210614 060442.709 INFO             PET1 Finalizing ESMF
20210614 060442.711 INFO             PET0 !!!!!!!!!!!!!!!!!!!!!!!!!!!!!!!!!!!!!!!!!!!!!!!!!!!!!!
20210614 060442.711 INFO             PET0 !!! THE ESMF_LOG IS SET TO OUTPUT ALL LOG MESSAGES !!!
20210614 060442.711 INFO             PET0 !!!     THIS MAY CAUSE SLOWDOWN IN PERFORMANCE     !!!
20210614 060442.711 INFO             PET0 !!! FOR PRODUCTION RUNS, USE:                      !!!
20210614 060442.711 INFO             PET0 !!!                   ESMF_LOGKIND_Multi_On_Error  !!!
20210614 060442.711 INFO             PET0 !!!!!!!!!!!!!!!!!!!!!!!!!!!!!!!!!!!!!!!!!!!!!!!!!!!!!!
20210614 060442.711 INFO             PET0 Running with ESMF Version   : ESMF_8_2_0_beta_snapshot_10-5-g26c4ccc8be
20210614 060442.711 INFO             PET0 ESMF library build date/time: "Jun 14 2021" "05:42:52"
20210614 060442.711 INFO             PET0 ESMF library build location : /glade/scratch/mpotts/gfortran_9.1.0_mpt_O_develop
20210614 060442.711 INFO             PET0 ESMF_COMM                   : mpt
20210614 060442.711 INFO             PET0 ESMF_MOAB                   : enabled
20210614 060442.711 INFO             PET0 ESMF_LAPACK                 : enabled
20210614 060442.711 INFO             PET0 ESMF_NETCDF                 : enabled
20210614 060442.711 INFO             PET0 ESMF_PNETCDF                : disabled
20210614 060442.711 INFO             PET0 ESMF_PIO                    : enabled
20210614 060442.711 INFO             PET0 ESMF_YAMLCPP                : enabled
20210614 060442.711 INFO             PET0  NUMBER_OF_PROCESSORS           4
20210614 060442.711 INFO             PET0  PASS  Example ESMF_VMUserMpiCommMultiEx, ESMF_VMUserMpiCommMultiEx.F90, line 126
20210614 060442.711 INFO             PET0 Finalizing ESMF
20210614 060442.709 INFO             PET0 !!!!!!!!!!!!!!!!!!!!!!!!!!!!!!!!!!!!!!!!!!!!!!!!!!!!!!
20210614 060442.709 INFO             PET0 !!! THE ESMF_LOG IS SET TO OUTPUT ALL LOG MESSAGES !!!
20210614 060442.709 INFO             PET0 !!!     THIS MAY CAUSE SLOWDOWN IN PERFORMANCE     !!!
20210614 060442.709 INFO             PET0 !!! FOR PRODUCTION RUNS, USE:                      !!!
20210614 060442.709 INFO             PET0 !!!                   ESMF_LOGKIND_Multi_On_Error  !!!
20210614 060442.709 INFO             PET0 !!!!!!!!!!!!!!!!!!!!!!!!!!!!!!!!!!!!!!!!!!!!!!!!!!!!!!
20210614 060442.709 INFO             PET0 Running with ESMF Version   : ESMF_8_2_0_beta_snapshot_10-5-g26c4ccc8be
20210614 060442.709 INFO             PET0 ESMF library build date/time: "Jun 14 2021" "05:42:52"
20210614 060442.709 INFO             PET0 ESMF library build location : /glade/scratch/mpotts/gfortran_9.1.0_mpt_O_develop
20210614 060442.709 INFO             PET0 ESMF_COMM                   : mpt
20210614 060442.709 INFO             PET0 ESMF_MOAB                   : enabled
20210614 060442.709 INFO             PET0 ESMF_LAPACK                 : enabled
20210614 060442.709 INFO             PET0 ESMF_NETCDF                 : enabled
20210614 060442.709 INFO             PET0 ESMF_PNETCDF                : disabled
20210614 060442.709 INFO             PET0 ESMF_PIO                    : enabled
20210614 060442.709 INFO             PET0 ESMF_YAMLCPP                : enabled
20210614 060442.709 INFO             PET0  NUMBER_OF_PROCESSORS           4
20210614 060442.709 INFO             PET0  PASS  Example ESMF_VMUserMpiCommMultiEx, ESMF_VMUserMpiCommMultiEx.F90, line 154
20210614 060442.709 INFO             PET0 Finalizing ESMF
20210614 060442.710 INFO             PET1 !!!!!!!!!!!!!!!!!!!!!!!!!!!!!!!!!!!!!!!!!!!!!!!!!!!!!!
20210614 060442.710 INFO             PET1 !!! THE ESMF_LOG IS SET TO OUTPUT ALL LOG MESSAGES !!!
20210614 060442.710 INFO             PET1 !!!     THIS MAY CAUSE SLOWDOWN IN PERFORMANCE     !!!
20210614 060442.710 INFO             PET1 !!! FOR PRODUCTION RUNS, USE:                      !!!
20210614 060442.710 INFO             PET1 !!!                   ESMF_LOGKIND_Multi_On_Error  !!!
20210614 060442.710 INFO             PET1 !!!!!!!!!!!!!!!!!!!!!!!!!!!!!!!!!!!!!!!!!!!!!!!!!!!!!!
20210614 060442.710 INFO             PET1 Running with ESMF Version   : ESMF_8_2_0_beta_snapshot_10-5-g26c4ccc8be
20210614 060442.710 INFO             PET1 ESMF library build date/time: "Jun 14 2021" "05:42:52"
20210614 060442.710 INFO             PET1 ESMF library build location : /glade/scratch/mpotts/gfortran_9.1.0_mpt_O_develop
20210614 060442.710 INFO             PET1 ESMF_COMM                   : mpt
20210614 060442.710 INFO             PET1 ESMF_MOAB                   : enabled
20210614 060442.710 INFO             PET1 ESMF_LAPACK                 : enabled
20210614 060442.710 INFO             PET1 ESMF_NETCDF                 : enabled
20210614 060442.710 INFO             PET1 ESMF_PNETCDF                : disabled
20210614 060442.710 INFO             PET1 ESMF_PIO                    : enabled
20210614 060442.710 INFO             PET1 ESMF_YAMLCPP                : enabled
20210614 060442.711 INFO             PET1  NUMBER_OF_PROCESSORS           4
20210614 060442.711 INFO             PET1  PASS  Example ESMF_VMUserMpiCommMultiEx, ESMF_VMUserMpiCommMultiEx.F90, line 126
20210614 060442.711 INFO             PET1 Finalizing ESMF
20210614 060442.708 INFO             PET1 !!!!!!!!!!!!!!!!!!!!!!!!!!!!!!!!!!!!!!!!!!!!!!!!!!!!!!
20210614 060442.708 INFO             PET1 !!! THE ESMF_LOG IS SET TO OUTPUT ALL LOG MESSAGES !!!
20210614 060442.708 INFO             PET1 !!!     THIS MAY CAUSE SLOWDOWN IN PERFORMANCE     !!!
20210614 060442.708 INFO             PET1 !!! FOR PRODUCTION RUNS, USE:                      !!!
20210614 060442.708 INFO             PET1 !!!                   ESMF_LOGKIND_Multi_On_Error  !!!
20210614 060442.708 INFO             PET1 !!!!!!!!!!!!!!!!!!!!!!!!!!!!!!!!!!!!!!!!!!!!!!!!!!!!!!
20210614 060442.708 INFO             PET1 Running with ESMF Version   : ESMF_8_2_0_beta_snapshot_10-5-g26c4ccc8be
20210614 060442.708 INFO             PET1 ESMF library build date/time: "Jun 14 2021" "05:42:52"
20210614 060442.708 INFO             PET1 ESMF library build location : /glade/scratch/mpotts/gfortran_9.1.0_mpt_O_develop
20210614 060442.708 INFO             PET1 ESMF_COMM                   : mpt
20210614 060442.708 INFO             PET1 ESMF_MOAB                   : enabled
20210614 060442.708 INFO             PET1 ESMF_LAPACK                 : enabled
20210614 060442.708 INFO             PET1 ESMF_NETCDF                 : enabled
20210614 060442.708 INFO             PET1 ESMF_PNETCDF                : disabled
20210614 060442.708 INFO             PET1 ESMF_PIO                    : enabled
20210614 060442.708 INFO             PET1 ESMF_YAMLCPP                : enabled
20210614 060442.709 INFO             PET1  NUMBER_OF_PROCESSORS           4
20210614 060442.709 INFO             PET1  PASS  Example ESMF_VMUserMpiCommMultiEx, ESMF_VMUserMpiCommMultiEx.F90, line 154
20210614 060442.709 INFO             PET1 Finalizing ESMF
