build time -- 2021-06-20 06:40:56
[1624173353.671760] [h1c05:280296:0]         mxm.c:196  MXM  WARN  The 'ulimit -s' on the system is set to 'unlimited'. This may have negative performance implications. Please set the stack size to the default value (10240) 
[1624173353.676222] [h1c05:280296:0]         mxm.c:196  MXM  WARN  The 'ulimit -s' on the system is set to 'unlimited'. This may have negative performance implications. Please set the stack size to the default value (10240) 
[1624173353.671759] [h1c05:280298:0]         mxm.c:196  MXM  WARN  The 'ulimit -s' on the system is set to 'unlimited'. This may have negative performance implications. Please set the stack size to the default value (10240) 
[1624173353.676168] [h1c05:280298:0]         mxm.c:196  MXM  WARN  The 'ulimit -s' on the system is set to 'unlimited'. This may have negative performance implications. Please set the stack size to the default value (10240) 
[1624173353.663943] [h1c05:280297:0]         mxm.c:196  MXM  WARN  The 'ulimit -s' on the system is set to 'unlimited'. This may have negative performance implications. Please set the stack size to the default value (10240) 
[1624173353.668298] [h1c05:280297:0]         mxm.c:196  MXM  WARN  The 'ulimit -s' on the system is set to 'unlimited'. This may have negative performance implications. Please set the stack size to the default value (10240) 
[1624173353.663523] [h1c05:280299:0]         mxm.c:196  MXM  WARN  The 'ulimit -s' on the system is set to 'unlimited'. This may have negative performance implications. Please set the stack size to the default value (10240) 
[1624173353.667782] [h1c05:280299:0]         mxm.c:196  MXM  WARN  The 'ulimit -s' on the system is set to 'unlimited'. This may have negative performance implications. Please set the stack size to the default value (10240) 
  PASS  Example ESMF_FieldRegridEx, ESMF_FieldRegridEx.F90, line 352
  PASS  Example ESMF_FieldRegridEx, ESMF_FieldRegridEx.F90, line 352
  PASS  Example ESMF_FieldRegridEx, ESMF_FieldRegridEx.F90, line 352
  PASS  Example ESMF_FieldRegridEx, ESMF_FieldRegridEx.F90, line 352

Program received signal SIGSEGV: Segmentation fault - invalid memory reference.

Backtrace for this error:

Program received signal SIGSEGV: Segmentation fault - invalid memory reference.

Backtrace for this error:

Program received signal SIGSEGV: Segmentation fault - invalid memory reference.

Backtrace for this error:

Program received signal SIGSEGV: Segmentation fault - invalid memory reference.

Backtrace for this error:
#0  0x2b74d8bc63ff in ???
#0  0x2b88b1caf3ff in ???
#0  0x2ba42eae63ff in ???
#0  0x2b47b17c63ff in ???
srun: error: h1c05: tasks 0,3: Segmentation fault (core dumped)
srun: launch/slurm: _step_signal: Terminating StepId=19949416.307
slurmstepd: error: *** STEP 19949416.307 ON h1c05 CANCELLED AT 2021-06-20T07:15:54 ***
srun: error: h1c05: tasks 1-2: Segmentation fault (core dumped)
