build time -- 2021-06-21 05:59:40
[1624258122.376817] [h33m51:74794:0]         mxm.c:196  MXM  WARN  The 'ulimit -s' on the system is set to 'unlimited'. This may have negative performance implications. Please set the stack size to the default value (10240) 
[1624258122.381088] [h33m51:74794:0]         mxm.c:196  MXM  WARN  The 'ulimit -s' on the system is set to 'unlimited'. This may have negative performance implications. Please set the stack size to the default value (10240) 
TimeInterval ---------------------------
P0Y0M1DT0H0M0S
end TimeInterval -----------------------

TimeInterval ---------------------------
P0Y0M4DT1H30M10S
end TimeInterval -----------------------

 Time Interval1 =        86400  seconds.
 Time Interval2 =           97  hours,           30  minutes,           10  seconds.
 Difference between TimeInterval2 and TimeInterval1 =            3  days,            1  hours,           30  minutes,           10  seconds.
 TimeInterval2 multiplied by 3 =           12  days,            4  hours,           30  minutes,           30  seconds.
 TimeInterval1 is smaller than TimeInterval2
  PASS  Example ESMF_TimeIntervalEx, ESMF_TimeIntervalEx.F90, line 176

Program received signal SIGSEGV: Segmentation fault - invalid memory reference.

Backtrace for this error:
#0  0x2b4a4a69a3ff in ???
#1  0x2b4a4b610de0 in event_queue_insert
	at /tmp/Role.Apps/spack-stage/spack-stage-openmpi-3.1.4-iacsi5v5fw547qcbmmkof4dj5z366pxc/spack-src/opal/mca/event/libevent2022/libevent/event.c:2620
#2  0x2b4a4b611137 in opal_libevent2022_event_active_nolock
	at /tmp/Role.Apps/spack-stage/spack-stage-openmpi-3.1.4-iacsi5v5fw547qcbmmkof4dj5z366pxc/spack-src/opal/mca/event/libevent2022/libevent/event.c:2346
#3  0x2b4a4b611137 in opal_libevent2022_event_active_nolock
	at /tmp/Role.Apps/spack-stage/spack-stage-openmpi-3.1.4-iacsi5v5fw547qcbmmkof4dj5z366pxc/spack-src/opal/mca/event/libevent2022/libevent/event.c:2312
#4  0x2b4a4b61131a in opal_libevent2022_event_active
	at /tmp/Role.Apps/spack-stage/spack-stage-openmpi-3.1.4-iacsi5v5fw547qcbmmkof4dj5z366pxc/spack-src/opal/mca/event/libevent2022/libevent/event.c:2305
#5  0x2b4a4b497a5b in ???
#6  0x2b4a4b48c205 in ???
#7  0x2b4a4b5e488b in ???
#8  0x2b4a4b465694 in ???
#9  0x2b4a494376f5 in ???
#10  0x2b4a49478b44 in ???
#11  0x2b4a468b502b in ???
#12  0x2b4a468a98e2 in ???
#13  0x2b4a468be038 in ???
#14  0x2b4a46f330ec in ???
#15  0x2b4a46e26378 in ???
#16  0x401a38 in ???
#17  0x401cf2 in ???
#18  0x2b4a4a686554 in ???
#19  0x400f38 in ???
#20  0xffffffffffffffff in ???
srun: error: h33m51: task 0: Segmentation fault (core dumped)
srun: launch/slurm: _step_signal: Terminating StepId=19969087.273
