build time -- 2021-05-31 06:02:42
20210531 062506.258 INFO             PET0 !!!!!!!!!!!!!!!!!!!!!!!!!!!!!!!!!!!!!!!!!!!!!!!!!!!!!!
20210531 062506.258 INFO             PET0 !!! THE ESMF_LOG IS SET TO OUTPUT ALL LOG MESSAGES !!!
20210531 062506.258 INFO             PET0 !!!     THIS MAY CAUSE SLOWDOWN IN PERFORMANCE     !!!
20210531 062506.258 INFO             PET0 !!! FOR PRODUCTION RUNS, USE:                      !!!
20210531 062506.258 INFO             PET0 !!!                   ESMF_LOGKIND_Multi_On_Error  !!!
20210531 062506.258 INFO             PET0 !!!!!!!!!!!!!!!!!!!!!!!!!!!!!!!!!!!!!!!!!!!!!!!!!!!!!!
20210531 062506.258 INFO             PET0 Running with ESMF Version   : ESMF_8_2_0_beta_snapshot_10-3-g469be43409
20210531 062506.259 INFO             PET0 ESMF library build date/time: "May 31 2021" "06:01:37"
20210531 062506.259 INFO             PET0 ESMF library build location : /scratch1/NCEPDEV/stmp2/Mark.Potts/gfortran_9.2.0_openmpi_O_develop
20210531 062506.259 INFO             PET0 ESMF_COMM                   : openmpi
20210531 062506.259 INFO             PET0 ESMF_MOAB                   : enabled
20210531 062506.259 INFO             PET0 ESMF_LAPACK                 : enabled
20210531 062506.259 INFO             PET0 ESMF_NETCDF                 : enabled
20210531 062506.259 INFO             PET0 ESMF_PNETCDF                : disabled
20210531 062506.259 INFO             PET0 ESMF_PIO                    : enabled
20210531 062506.259 INFO             PET0 ESMF_YAMLCPP                : enabled
20210531 062506.260 INFO             PET0  NUMBER_OF_PROCESSORS           1
20210531 062506.260 INFO             PET0  PASS  Example ESMF_TimeIntervalEx, ESMF_TimeIntervalEx.F90, line 176
20210531 062506.260 INFO             PET0 Finalizing ESMF
