build time -- 2021-06-21 05:59:40
[1624258093.519019] [h33m51:70293:0]         mxm.c:196  MXM  WARN  The 'ulimit -s' on the system is set to 'unlimited'. This may have negative performance implications. Please set the stack size to the default value (10240) 
[1624258093.523385] [h33m51:70293:0]         mxm.c:196  MXM  WARN  The 'ulimit -s' on the system is set to 'unlimited'. This may have negative performance implications. Please set the stack size to the default value (10240) 
[1624258093.519030] [h33m51:70291:0]         mxm.c:196  MXM  WARN  The 'ulimit -s' on the system is set to 'unlimited'. This may have negative performance implications. Please set the stack size to the default value (10240) 
[1624258093.523444] [h33m51:70291:0]         mxm.c:196  MXM  WARN  The 'ulimit -s' on the system is set to 'unlimited'. This may have negative performance implications. Please set the stack size to the default value (10240) 
[1624258093.512598] [h33m51:70290:0]         mxm.c:196  MXM  WARN  The 'ulimit -s' on the system is set to 'unlimited'. This may have negative performance implications. Please set the stack size to the default value (10240) 
[1624258093.516975] [h33m51:70290:0]         mxm.c:196  MXM  WARN  The 'ulimit -s' on the system is set to 'unlimited'. This may have negative performance implications. Please set the stack size to the default value (10240) 
[1624258093.512599] [h33m51:70292:0]         mxm.c:196  MXM  WARN  The 'ulimit -s' on the system is set to 'unlimited'. This may have negative performance implications. Please set the stack size to the default value (10240) 
[1624258093.516920] [h33m51:70292:0]         mxm.c:196  MXM  WARN  The 'ulimit -s' on the system is set to 'unlimited'. This may have negative performance implications. Please set the stack size to the default value (10240) 
--- ESMCI::VM::print() start ---
--- ESMCI::VMId::print() start ---
  vmKeyWidth = 1
  vmKey=0xF0000000
  localID = 0
--- ESMCI::VMId::print() end ---
--- VMK::print() start ---
vm located at: 0xacfe10
npets = 4, mypet=0
  pth_mutex =		 0xd4fe40
  pth_finish_count =	 (nil)
MPI_Comm_size: 4
MPI_Comm_rank in local MPI communicator: 0
MPI_Comm_rank in MPI_COMM_WORLD: 0
MPI thread level support: 3
mpi_mutex_flag: 0
mpionly: 1
threadsflag: 0
  lpid[0]=0, tid[0]=0, vas[0]=0, ncpet[0]=1, nadevs[0]=0, cid[0][0]=0
  lpid[1]=1, tid[1]=0, vas[1]=1, ncpet[1]=1, nadevs[1]=0, cid[1][0]=1
  lpid[2]=2, tid[2]=0, vas[2]=2, ncpet[2]=1, nadevs[2]=0, cid[2][0]=2
  lpid[3]=3, tid[3]=0, vas[3]=3, ncpet[3]=1, nadevs[3]=0, cid[3][0]=3
ncores = 4
  cpuid[0]=0, ssiid[0]=0
  cpuid[1]=1, ssiid[1]=0
  cpuid[2]=2, ssiid[2]=0
  cpuid[3]=3, ssiid[3]=0
--- VMK::print() end ---
--- ESMCI::VM::print() end ---
--- ESMCI::VM::print() start ---
--- ESMCI::VMId::print() start ---
  vmKeyWidth = 1
  vmKey=0xF0000000
  localID = 0
--- ESMCI::VMId::print() end ---
--- VMK::print() start ---
vm located at: 0x6bee10
npets = 4, mypet=1
  pth_mutex =		 0x93d990
  pth_finish_count =	 (nil)
MPI_Comm_size: 4
MPI_Comm_rank in local MPI communicator: 1
MPI_Comm_rank in MPI_COMM_WORLD: 1
MPI thread level support: 3
mpi_mutex_flag: 0
mpionly: 1
threadsflag: 0
  lpid[0]=0, tid[0]=0, vas[0]=0, ncpet[0]=1, nadevs[0]=0, cid[0][0]=0
  lpid[1]=1, tid[1]=0, vas[1]=1, ncpet[1]=1, nadevs[1]=0, cid[1][0]=1
  lpid[2]=2, tid[2]=0, vas[2]=2, ncpet[2]=1, nadevs[2]=0, cid[2][0]=2
  lpid[3]=3, tid[3]=0, vas[3]=3, ncpet[3]=1, nadevs[3]=0, cid[3][0]=3
ncores = 4
  cpuid[0]=0, ssiid[0]=0
  cpuid[1]=1, ssiid[1]=0
  cpuid[2]=2, ssiid[2]=0
  cpuid[3]=3, ssiid[3]=0
--- VMK::print() end ---
--- ESMCI::VM::print() end ---
 This PET is localPet:            1
 of a total of            4  PETs in this VM.
 There are            4  PEs referenced by this VM
 This PET is executing in virtual address space (VAS)            1
 located on single system image (SSI)            0
 and is associated with            1  PEs.
--- ESMCI::VM::print() start ---
--- ESMCI::VMId::print() start ---
  vmKeyWidth = 1
  vmKey=0xF0000000
  localID = 0
--- ESMCI::VMId::print() end ---
--- VMK::print() start ---
vm located at: 0x803e10
npets = 4, mypet=2
  pth_mutex =		 0xa83d20
  pth_finish_count =	 (nil)
MPI_Comm_size: 4
MPI_Comm_rank in local MPI communicator: 2
MPI_Comm_rank in MPI_COMM_WORLD: 2
MPI thread level support: 3
mpi_mutex_flag: 0
mpionly: 1
threadsflag: 0
  lpid[0]=0, tid[0]=0, vas[0]=0, ncpet[0]=1, nadevs[0]=0, cid[0][0]=0
  lpid[1]=1, tid[1]=0, vas[1]=1, ncpet[1]=1, nadevs[1]=0, cid[1][0]=1
  lpid[2]=2, tid[2]=0, vas[2]=2, ncpet[2]=1, nadevs[2]=0, cid[2][0]=2
  lpid[3]=3, tid[3]=0, vas[3]=3, ncpet[3]=1, nadevs[3]=0, cid[3][0]=3
ncores = 4
  cpuid[0]=0, ssiid[0]=0
  cpuid[1]=1, ssiid[1]=0
  cpuid[2]=2, ssiid[2]=0
  cpuid[3]=3, ssiid[3]=0
--- VMK::print() end ---
--- ESMCI::VM::print() end ---
 This PET is localPet:            2
 of a total of            4  PETs in this VM.
 There are            4  PEs referenced by this VM
 This PET is executing in virtual address space (VAS)            2
 located on single system image (SSI)            0
 and is associated with            1  PEs.
  PASS  Example ESMF_VMDefaultBasicsEx, ESMF_VMDefaultBasicsEx.F90, line 107
--- ESMCI::VM::print() start ---
--- ESMCI::VMId::print() start ---
  vmKeyWidth = 1
  vmKey=0xF0000000
  localID = 0
--- ESMCI::VMId::print() end ---
--- VMK::print() start ---
vm located at: 0x21a0e10
npets = 4, mypet=3
  pth_mutex =		 0x229c5b0
  pth_finish_count =	 (nil)
MPI_Comm_size: 4
MPI_Comm_rank in local MPI communicator: 3
MPI_Comm_rank in MPI_COMM_WORLD: 3
MPI thread level support: 3
mpi_mutex_flag: 0
mpionly: 1
threadsflag: 0
  lpid[0]=0, tid[0]=0, vas[0]=0, ncpet[0]=1, nadevs[0]=0, cid[0][0]=0
  lpid[1]=1, tid[1]=0, vas[1]=1, ncpet[1]=1, nadevs[1]=0, cid[1][0]=1
  lpid[2]=2, tid[2]=0, vas[2]=2, ncpet[2]=1, nadevs[2]=0, cid[2][0]=2
  lpid[3]=3, tid[3]=0, vas[3]=3, ncpet[3]=1, nadevs[3]=0, cid[3][0]=3
ncores = 4
  cpuid[0]=0, ssiid[0]=0
  cpuid[1]=1, ssiid[1]=0
  cpuid[2]=2, ssiid[2]=0
  cpuid[3]=3, ssiid[3]=0
--- VMK::print() end ---
--- ESMCI::VM::print() end ---
 This PET is localPet:            3
 of a total of            4  PETs in this VM.
 There are            4  PEs referenced by this VM
 This PET is executing in virtual address space (VAS)            3
 located on single system image (SSI)            0
 and is associated with            1  PEs.
  PASS  Example ESMF_VMDefaultBasicsEx, ESMF_VMDefaultBasicsEx.F90, line 107
 This PET is localPet:            0
 of a total of            4  PETs in this VM.
 There are            4  PEs referenced by this VM
 This PET is executing in virtual address space (VAS)            0
 located on single system image (SSI)            0
 and is associated with            1  PEs.
  PASS  Example ESMF_VMDefaultBasicsEx, ESMF_VMDefaultBasicsEx.F90, line 107
  PASS  Example ESMF_VMDefaultBasicsEx, ESMF_VMDefaultBasicsEx.F90, line 107

Program received signal SIGSEGV: Segmentation fault - invalid memory reference.

Backtrace for this error:

Program received signal SIGSEGV: Segmentation fault - invalid memory reference.

Backtrace for this error:

Program received signal SIGSEGV: Segmentation fault - invalid memory reference.

Backtrace for this error:

Program received signal SIGSEGV: Segmentation fault - invalid memory reference.

Backtrace for this error:
#0  0x2b1e013693ff in ???
#0  0x2ab412e2c3ff in ???
#0  0x2b5785c323ff in ???
#0  0x2ace52fbb3ff in ???
#1  0x2b5786ba8de0 in event_queue_insert
	at /tmp/Role.Apps/spack-stage/spack-stage-openmpi-3.1.4-iacsi5v5fw547qcbmmkof4dj5z366pxc/spack-src/opal/mca/event/libevent2022/libevent/event.c:2620
#2  0x2b5786ba9137 in opal_libevent2022_event_active_nolock
	at /tmp/Role.Apps/spack-stage/spack-stage-openmpi-3.1.4-iacsi5v5fw547qcbmmkof4dj5z366pxc/spack-src/opal/mca/event/libevent2022/libevent/event.c:2346
#3  0x2b5786ba9137 in opal_libevent2022_event_active_nolock
	at /tmp/Role.Apps/spack-stage/spack-stage-openmpi-3.1.4-iacsi5v5fw547qcbmmkof4dj5z366pxc/spack-src/opal/mca/event/libevent2022/libevent/event.c:2312
#4  0x2b5786ba931a in opal_libevent2022_event_active
	at /tmp/Role.Apps/spack-stage/spack-stage-openmpi-3.1.4-iacsi5v5fw547qcbmmkof4dj5z366pxc/spack-src/opal/mca/event/libevent2022/libevent/event.c:2305
#5  0x2b5786a2fa5b in ???
#6  0x2b5786a24205 in ???
#7  0x2b5786b7c88b in ???
#8  0x2b57869fd694 in ???
#9  0x2b57849cf6f5 in ???
#10  0x2b5784a10b44 in ???
#11  0x2b5781e4d02b in ???
#12  0x2b5781e418e2 in ???
#13  0x2b5781e56038 in ???
#14  0x2b57824cb0ec in ???
#15  0x2b57823be378 in ???
#1  0x2ace53f31de0 in event_queue_insert
	at /tmp/Role.Apps/spack-stage/spack-stage-openmpi-3.1.4-iacsi5v5fw547qcbmmkof4dj5z366pxc/spack-src/opal/mca/event/libevent2022/libevent/event.c:2620
#16  0x4013b7 in ???
#17  0x401545 in ???
#18  0x2b5785c1e554 in ???
#19  0x400e08 in ???
#20  0xffffffffffffffff in ???
#2  0x2ace53f32137 in opal_libevent2022_event_active_nolock
	at /tmp/Role.Apps/spack-stage/spack-stage-openmpi-3.1.4-iacsi5v5fw547qcbmmkof4dj5z366pxc/spack-src/opal/mca/event/libevent2022/libevent/event.c:2346
#3  0x2ace53f32137 in opal_libevent2022_event_active_nolock
	at /tmp/Role.Apps/spack-stage/spack-stage-openmpi-3.1.4-iacsi5v5fw547qcbmmkof4dj5z366pxc/spack-src/opal/mca/event/libevent2022/libevent/event.c:2312
#4  0x2ace53f3231a in opal_libevent2022_event_active
	at /tmp/Role.Apps/spack-stage/spack-stage-openmpi-3.1.4-iacsi5v5fw547qcbmmkof4dj5z366pxc/spack-src/opal/mca/event/libevent2022/libevent/event.c:2305
#5  0x2ace53db8a5b in ???
#6  0x2ace53dad205 in ???
#7  0x2ace53f0588b in ???
#8  0x2ace53d86694 in ???
#9  0x2ace51d586f5 in ???
#10  0x2ace51d99b44 in ???
#11  0x2ace4f1d602b in ???
#12  0x2ace4f1ca8e2 in ???
#13  0x2ace4f1df038 in ???
#14  0x2ace4f8540ec in ???
#15  0x2ace4f747378 in ???
#16  0x4013b7 in ???
#17  0x401545 in ???
#18  0x2ace52fa7554 in ???
#19  0x400e08 in ???
#20  0xffffffffffffffff in ???
srun: error: h33m51: tasks 0-3: Segmentation fault (core dumped)
srun: launch/slurm: _step_signal: Terminating StepId=19969087.257
