build time -- 2021-06-21 05:59:40
[1624258192.921940] [h33m51:90569:0]         mxm.c:196  MXM  WARN  The 'ulimit -s' on the system is set to 'unlimited'. This may have negative performance implications. Please set the stack size to the default value (10240) 
[1624258192.926213] [h33m51:90569:0]         mxm.c:196  MXM  WARN  The 'ulimit -s' on the system is set to 'unlimited'. This may have negative performance implications. Please set the stack size to the default value (10240) 
 - after SMM from A -> X
   1.0000000000000000        1.0000000000000000        1.0000000000000000        1.0000000000000000        1.0000000000000000        1.0000000000000000        1.0000000000000000        1.0000000000000000        1.0000000000000000        2.0000000000000000        2.0000000000000000        2.0000000000000000     
 - B before SMM from X -> B
   0.0000000000000000        0.0000000000000000        0.0000000000000000        0.0000000000000000     
 - B after SMM from X -> B
   1.0000000074505806        1.0000000298023224        1.6666666790843010        1.6666667163372040     
 Regridding through XGrid example returned
  PASS  Example ESMF_XGridSparseMatEx, ESMF_XGridSparseMatEx.F90, line 642

Program received signal SIGSEGV: Segmentation fault - invalid memory reference.

Backtrace for this error:
#0  0x2b5b220a33ff in ???
#1  0x2b5b23019de0 in event_queue_insert
	at /tmp/Role.Apps/spack-stage/spack-stage-openmpi-3.1.4-iacsi5v5fw547qcbmmkof4dj5z366pxc/spack-src/opal/mca/event/libevent2022/libevent/event.c:2620
#2  0x2b5b2301a137 in opal_libevent2022_event_active_nolock
	at /tmp/Role.Apps/spack-stage/spack-stage-openmpi-3.1.4-iacsi5v5fw547qcbmmkof4dj5z366pxc/spack-src/opal/mca/event/libevent2022/libevent/event.c:2346
#3  0x2b5b2301a137 in opal_libevent2022_event_active_nolock
	at /tmp/Role.Apps/spack-stage/spack-stage-openmpi-3.1.4-iacsi5v5fw547qcbmmkof4dj5z366pxc/spack-src/opal/mca/event/libevent2022/libevent/event.c:2312
#4  0x2b5b2301a31a in opal_libevent2022_event_active
	at /tmp/Role.Apps/spack-stage/spack-stage-openmpi-3.1.4-iacsi5v5fw547qcbmmkof4dj5z366pxc/spack-src/opal/mca/event/libevent2022/libevent/event.c:2305
#5  0x2b5b22ea0a5b in ???
#6  0x2b5b22e95205 in ???
#7  0x2b5b22fed88b in ???
#8  0x2b5b22e6e694 in ???
#9  0x2b5b20e406f5 in ???
#10  0x2b5b20e81b44 in ???
#11  0x2b5b1e2be02b in ???
#12  0x2b5b1e2b28e2 in ???
#13  0x2b5b1e2c7038 in ???
#14  0x2b5b1e93c0ec in ???
#15  0x2b5b1e82f378 in ???
#16  0x404e32 in ???
#17  0x405213 in ???
#18  0x2b5b2208f554 in ???
#19  0x4014e8 in ???
#20  0xffffffffffffffff in ???
srun: error: h33m51: task 0: Segmentation fault (core dumped)
srun: launch/slurm: _step_signal: Terminating StepId=19969087.304
