[1629099529.933392] [h5c05:11260:0]         mxm.c:196  MXM  WARN  The 'ulimit -s' on the system is set to 'unlimited'. This may have negative performance implications. Please set the stack size to the default value (10240) 
[1629099529.937876] [h5c05:11260:0]         mxm.c:196  MXM  WARN  The 'ulimit -s' on the system is set to 'unlimited'. This may have negative performance implications. Please set the stack size to the default value (10240) 
[1629099529.940628] [h5c05:11261:0]         mxm.c:196  MXM  WARN  The 'ulimit -s' on the system is set to 'unlimited'. This may have negative performance implications. Please set the stack size to the default value (10240) 
[1629099529.944993] [h5c05:11261:0]         mxm.c:196  MXM  WARN  The 'ulimit -s' on the system is set to 'unlimited'. This may have negative performance implications. Please set the stack size to the default value (10240) 
[1629099529.940577] [h5c05:11263:0]         mxm.c:196  MXM  WARN  The 'ulimit -s' on the system is set to 'unlimited'. This may have negative performance implications. Please set the stack size to the default value (10240) 
[1629099529.944969] [h5c05:11263:0]         mxm.c:196  MXM  WARN  The 'ulimit -s' on the system is set to 'unlimited'. This may have negative performance implications. Please set the stack size to the default value (10240) 
[1629099529.933392] [h5c05:11262:0]         mxm.c:196  MXM  WARN  The 'ulimit -s' on the system is set to 'unlimited'. This may have negative performance implications. Please set the stack size to the default value (10240) 
[1629099529.937894] [h5c05:11262:0]         mxm.c:196  MXM  WARN  The 'ulimit -s' on the system is set to 'unlimited'. This may have negative performance implications. Please set the stack size to the default value (10240) 
 local DE            0  - DE            0  localIndexList along dim=           1  ::            1           2           3
 local DE            0  - DE            0  localIndexList along dim=           2  ::            1
 local DE            1  - DE            4  localIndexList along dim=           1  ::            1           2           3
 local DE            1  - DE            4  localIndexList along dim=           2  ::            3           4           5
 local DE            0  - DE            1  localIndexList along dim=           1  ::            4           5
 local DE            0  - DE            1  localIndexList along dim=           2  ::            1
 local DE            1  - DE            5  localIndexList along dim=           1  ::            4           5
 local DE            1  - DE            5  localIndexList along dim=           2  ::            3           4           5
 local DE            0  - DE            2  localIndexList along dim=           1  ::            1           2           3
 local DE            0  - DE            2  localIndexList along dim=           2  ::            2
 local DE            0  - DE            3  localIndexList along dim=           1  ::            4           5
 local DE            0  - DE            3  localIndexList along dim=           2  ::            2
  PASS  Example ESMF_DistGridEx, ESMF_DistGridEx.F90, line 1902
  PASS  Example ESMF_DistGridEx, ESMF_DistGridEx.F90, line 1902
  PASS  Example ESMF_DistGridEx, ESMF_DistGridEx.F90, line 1902
  PASS  Example ESMF_DistGridEx, ESMF_DistGridEx.F90, line 1902
 PASS: ESMF_DistGridEx.F90
 PASS: ESMF_DistGridEx.F90
 PASS: ESMF_DistGridEx.F90
 PASS: ESMF_DistGridEx.F90
