20210904 072202.507 INFO             PET0 !!!!!!!!!!!!!!!!!!!!!!!!!!!!!!!!!!!!!!!!!!!!!!!!!!!!!!
20210904 072202.507 INFO             PET0 !!! THE ESMF_LOG IS SET TO OUTPUT ALL LOG MESSAGES !!!
20210904 072202.507 INFO             PET0 !!!     THIS MAY CAUSE SLOWDOWN IN PERFORMANCE     !!!
20210904 072202.507 INFO             PET0 !!! FOR PRODUCTION RUNS, USE:                      !!!
20210904 072202.507 INFO             PET0 !!!                   ESMF_LOGKIND_Multi_On_Error  !!!
20210904 072202.507 INFO             PET0 !!!!!!!!!!!!!!!!!!!!!!!!!!!!!!!!!!!!!!!!!!!!!!!!!!!!!!
20210904 072202.507 INFO             PET0 Running with ESMF Version   : ESMF_8_2_0_beta_snapshot_18-42-gb11ffe55a6
20210904 072202.507 INFO             PET0 ESMF library build date/time: "Sep  4 2021" "06:37:36"
20210904 072202.507 INFO             PET0 ESMF library build location : /scratch1/NCEPDEV/stmp2/Mark.Potts/gfortran_9.2.0_openmpi_O_develop
20210904 072202.507 INFO             PET0 ESMF_COMM                   : openmpi
20210904 072202.507 INFO             PET0 ESMF_MOAB                   : enabled
20210904 072202.507 INFO             PET0 ESMF_LAPACK                 : enabled
20210904 072202.507 INFO             PET0 ESMF_NETCDF                 : enabled
20210904 072202.507 INFO             PET0 ESMF_PNETCDF                : disabled
20210904 072202.507 INFO             PET0 ESMF_PIO                    : enabled
20210904 072202.507 INFO             PET0 ESMF_YAMLCPP                : enabled
20210904 072202.542 DEBUG            PET0 about to destroy Grid: 0xef6bd0
20210904 072202.546 DEBUG            PET0 about to destroy Grid: 0xef7fc0
20210904 072202.555 INFO             PET0  NUMBER_OF_PROCESSORS           4
20210904 072202.555 INFO             PET0  PASS  Example ESMF_NUOPCAtmModelEx, ESMF_NUOPCAtmModelEx.F90, line 806
20210904 072202.555 INFO             PET0 Finalizing ESMF
20210904 072202.507 INFO             PET1 !!!!!!!!!!!!!!!!!!!!!!!!!!!!!!!!!!!!!!!!!!!!!!!!!!!!!!
20210904 072202.507 INFO             PET1 !!! THE ESMF_LOG IS SET TO OUTPUT ALL LOG MESSAGES !!!
20210904 072202.508 INFO             PET1 !!!     THIS MAY CAUSE SLOWDOWN IN PERFORMANCE     !!!
20210904 072202.508 INFO             PET1 !!! FOR PRODUCTION RUNS, USE:                      !!!
20210904 072202.508 INFO             PET1 !!!                   ESMF_LOGKIND_Multi_On_Error  !!!
20210904 072202.508 INFO             PET1 !!!!!!!!!!!!!!!!!!!!!!!!!!!!!!!!!!!!!!!!!!!!!!!!!!!!!!
20210904 072202.508 INFO             PET1 Running with ESMF Version   : ESMF_8_2_0_beta_snapshot_18-42-gb11ffe55a6
20210904 072202.508 INFO             PET1 ESMF library build date/time: "Sep  4 2021" "06:37:36"
20210904 072202.508 INFO             PET1 ESMF library build location : /scratch1/NCEPDEV/stmp2/Mark.Potts/gfortran_9.2.0_openmpi_O_develop
20210904 072202.508 INFO             PET1 ESMF_COMM                   : openmpi
20210904 072202.508 INFO             PET1 ESMF_MOAB                   : enabled
20210904 072202.508 INFO             PET1 ESMF_LAPACK                 : enabled
20210904 072202.508 INFO             PET1 ESMF_NETCDF                 : enabled
20210904 072202.508 INFO             PET1 ESMF_PNETCDF                : disabled
20210904 072202.508 INFO             PET1 ESMF_PIO                    : enabled
20210904 072202.508 INFO             PET1 ESMF_YAMLCPP                : enabled
20210904 072202.542 DEBUG            PET1 about to destroy Grid: 0xd71a70
20210904 072202.546 DEBUG            PET1 about to destroy Grid: 0xd732f0
20210904 072202.555 INFO             PET1  NUMBER_OF_PROCESSORS           4
20210904 072202.555 INFO             PET1  PASS  Example ESMF_NUOPCAtmModelEx, ESMF_NUOPCAtmModelEx.F90, line 806
20210904 072202.555 INFO             PET1 Finalizing ESMF
20210904 072202.507 INFO             PET2 !!!!!!!!!!!!!!!!!!!!!!!!!!!!!!!!!!!!!!!!!!!!!!!!!!!!!!
20210904 072202.507 INFO             PET2 !!! THE ESMF_LOG IS SET TO OUTPUT ALL LOG MESSAGES !!!
20210904 072202.507 INFO             PET2 !!!     THIS MAY CAUSE SLOWDOWN IN PERFORMANCE     !!!
20210904 072202.507 INFO             PET2 !!! FOR PRODUCTION RUNS, USE:                      !!!
20210904 072202.507 INFO             PET2 !!!                   ESMF_LOGKIND_Multi_On_Error  !!!
20210904 072202.507 INFO             PET2 !!!!!!!!!!!!!!!!!!!!!!!!!!!!!!!!!!!!!!!!!!!!!!!!!!!!!!
20210904 072202.507 INFO             PET2 Running with ESMF Version   : ESMF_8_2_0_beta_snapshot_18-42-gb11ffe55a6
20210904 072202.507 INFO             PET2 ESMF library build date/time: "Sep  4 2021" "06:37:36"
20210904 072202.507 INFO             PET2 ESMF library build location : /scratch1/NCEPDEV/stmp2/Mark.Potts/gfortran_9.2.0_openmpi_O_develop
20210904 072202.507 INFO             PET2 ESMF_COMM                   : openmpi
20210904 072202.507 INFO             PET2 ESMF_MOAB                   : enabled
20210904 072202.507 INFO             PET2 ESMF_LAPACK                 : enabled
20210904 072202.507 INFO             PET2 ESMF_NETCDF                 : enabled
20210904 072202.507 INFO             PET2 ESMF_PNETCDF                : disabled
20210904 072202.507 INFO             PET2 ESMF_PIO                    : enabled
20210904 072202.507 INFO             PET2 ESMF_YAMLCPP                : enabled
20210904 072202.542 DEBUG            PET2 about to destroy Grid: 0x1b41d40
20210904 072202.546 DEBUG            PET2 about to destroy Grid: 0x1b431b0
20210904 072202.555 INFO             PET2  NUMBER_OF_PROCESSORS           4
20210904 072202.555 INFO             PET2  PASS  Example ESMF_NUOPCAtmModelEx, ESMF_NUOPCAtmModelEx.F90, line 806
20210904 072202.555 INFO             PET2 Finalizing ESMF
20210904 072202.507 INFO             PET3 !!!!!!!!!!!!!!!!!!!!!!!!!!!!!!!!!!!!!!!!!!!!!!!!!!!!!!
20210904 072202.507 INFO             PET3 !!! THE ESMF_LOG IS SET TO OUTPUT ALL LOG MESSAGES !!!
20210904 072202.507 INFO             PET3 !!!     THIS MAY CAUSE SLOWDOWN IN PERFORMANCE     !!!
20210904 072202.507 INFO             PET3 !!! FOR PRODUCTION RUNS, USE:                      !!!
20210904 072202.507 INFO             PET3 !!!                   ESMF_LOGKIND_Multi_On_Error  !!!
20210904 072202.507 INFO             PET3 !!!!!!!!!!!!!!!!!!!!!!!!!!!!!!!!!!!!!!!!!!!!!!!!!!!!!!
20210904 072202.507 INFO             PET3 Running with ESMF Version   : ESMF_8_2_0_beta_snapshot_18-42-gb11ffe55a6
20210904 072202.507 INFO             PET3 ESMF library build date/time: "Sep  4 2021" "06:37:36"
20210904 072202.507 INFO             PET3 ESMF library build location : /scratch1/NCEPDEV/stmp2/Mark.Potts/gfortran_9.2.0_openmpi_O_develop
20210904 072202.507 INFO             PET3 ESMF_COMM                   : openmpi
20210904 072202.508 INFO             PET3 ESMF_MOAB                   : enabled
20210904 072202.508 INFO             PET3 ESMF_LAPACK                 : enabled
20210904 072202.508 INFO             PET3 ESMF_NETCDF                 : enabled
20210904 072202.508 INFO             PET3 ESMF_PNETCDF                : disabled
20210904 072202.508 INFO             PET3 ESMF_PIO                    : enabled
20210904 072202.508 INFO             PET3 ESMF_YAMLCPP                : enabled
20210904 072202.542 DEBUG            PET3 about to destroy Grid: 0xb431a0
20210904 072202.546 DEBUG            PET3 about to destroy Grid: 0xb43ff0
20210904 072202.555 INFO             PET3  NUMBER_OF_PROCESSORS           4
20210904 072202.555 INFO             PET3  PASS  Example ESMF_NUOPCAtmModelEx, ESMF_NUOPCAtmModelEx.F90, line 806
20210904 072202.555 INFO             PET3 Finalizing ESMF
