build time -- 2021-06-20 06:40:56
[1624173372.190664] [h1c05:281823:0]         mxm.c:196  MXM  WARN  The 'ulimit -s' on the system is set to 'unlimited'. This may have negative performance implications. Please set the stack size to the default value (10240) 
[1624173372.195154] [h1c05:281823:0]         mxm.c:196  MXM  WARN  The 'ulimit -s' on the system is set to 'unlimited'. This may have negative performance implications. Please set the stack size to the default value (10240) 
[1624173372.196230] [h1c05:281822:0]         mxm.c:196  MXM  WARN  The 'ulimit -s' on the system is set to 'unlimited'. This may have negative performance implications. Please set the stack size to the default value (10240) 
[1624173372.200682] [h1c05:281822:0]         mxm.c:196  MXM  WARN  The 'ulimit -s' on the system is set to 'unlimited'. This may have negative performance implications. Please set the stack size to the default value (10240) 
[1624173372.190663] [h1c05:281825:0]         mxm.c:196  MXM  WARN  The 'ulimit -s' on the system is set to 'unlimited'. This may have negative performance implications. Please set the stack size to the default value (10240) 
[1624173372.195107] [h1c05:281825:0]         mxm.c:196  MXM  WARN  The 'ulimit -s' on the system is set to 'unlimited'. This may have negative performance implications. Please set the stack size to the default value (10240) 
[1624173372.196229] [h1c05:281824:0]         mxm.c:196  MXM  WARN  The 'ulimit -s' on the system is set to 'unlimited'. This may have negative performance implications. Please set the stack size to the default value (10240) 
[1624173372.200663] [h1c05:281824:0]         mxm.c:196  MXM  WARN  The 'ulimit -s' on the system is set to 'unlimited'. This may have negative performance implications. Please set the stack size to the default value (10240) 
  PASS  Example ESMF_FieldHaloEx, ESMF_FieldHaloEx.F90, line 200
  PASS  Example ESMF_FieldHaloEx, ESMF_FieldHaloEx.F90, line 200
  PASS  Example ESMF_FieldHaloEx, ESMF_FieldHaloEx.F90, line 200
  PASS  Example ESMF_FieldHaloEx, ESMF_FieldHaloEx.F90, line 200

Program received signal SIGSEGV: Segmentation fault - invalid memory reference.

Backtrace for this error:

Program received signal SIGSEGV: Segmentation fault - invalid memory reference.

Backtrace for this error:

Program received signal SIGSEGV: Segmentation fault - invalid memory reference.

Backtrace for this error:

Program received signal SIGSEGV: Segmentation fault - invalid memory reference.

Backtrace for this error:
#0  0x2b5911eed3ff in ???
#0  0x2b430585c3ff in ???
#0  0x2b9a08ae63ff in ???
#0  0x2b71d9fef3ff in ???
srun: error: h1c05: tasks 0-3: Segmentation fault (core dumped)
srun: launch/slurm: _step_signal: Terminating StepId=19949416.316
