build time -- 2021-06-22 06:20:16
[1624344513.545704] [h5c19:278140:0]         mxm.c:196  MXM  WARN  The 'ulimit -s' on the system is set to 'unlimited'. This may have negative performance implications. Please set the stack size to the default value (10240) 
[1624344513.550036] [h5c19:278140:0]         mxm.c:196  MXM  WARN  The 'ulimit -s' on the system is set to 'unlimited'. This may have negative performance implications. Please set the stack size to the default value (10240) 
[1624344513.545721] [h5c19:278142:0]         mxm.c:196  MXM  WARN  The 'ulimit -s' on the system is set to 'unlimited'. This may have negative performance implications. Please set the stack size to the default value (10240) 
[1624344513.550014] [h5c19:278142:0]         mxm.c:196  MXM  WARN  The 'ulimit -s' on the system is set to 'unlimited'. This may have negative performance implications. Please set the stack size to the default value (10240) 
[1624344513.538235] [h5c19:278141:0]         mxm.c:196  MXM  WARN  The 'ulimit -s' on the system is set to 'unlimited'. This may have negative performance implications. Please set the stack size to the default value (10240) 
[1624344513.542632] [h5c19:278141:0]         mxm.c:196  MXM  WARN  The 'ulimit -s' on the system is set to 'unlimited'. This may have negative performance implications. Please set the stack size to the default value (10240) 
[1624344513.538234] [h5c19:278143:0]         mxm.c:196  MXM  WARN  The 'ulimit -s' on the system is set to 'unlimited'. This may have negative performance implications. Please set the stack size to the default value (10240) 
[1624344513.542579] [h5c19:278143:0]         mxm.c:196  MXM  WARN  The 'ulimit -s' on the system is set to 'unlimited'. This may have negative performance implications. Please set the stack size to the default value (10240) 
  PASS  Example ESMF_FieldBundleHaloEx, ESMF_FieldBundleHaloEx.F90, line 319
  PASS  Example ESMF_FieldBundleHaloEx, ESMF_FieldBundleHaloEx.F90, line 319
  PASS  Example ESMF_FieldBundleHaloEx, ESMF_FieldBundleHaloEx.F90, line 319
  PASS  Example ESMF_FieldBundleHaloEx, ESMF_FieldBundleHaloEx.F90, line 319

Program received signal SIGSEGV: Segmentation fault - invalid memory reference.

Backtrace for this error:

Program received signal SIGSEGV: Segmentation fault - invalid memory reference.

Backtrace for this error:

Program received signal SIGSEGV: Segmentation fault - invalid memory reference.

Backtrace for this error:

Program received signal SIGSEGV: Segmentation fault - invalid memory reference.

Backtrace for this error:
#0  0x2aae96b4f3ff in ???
#0  0x2b12d4a153ff in ???
#0  0x2b71e63c33ff in ???
#0  0x2b0726b023ff in ???
srun: error: h5c19: tasks 0-3: Segmentation fault (core dumped)
srun: launch/slurm: _step_signal: Terminating StepId=20002359.320
