build time -- 2021-06-21 02:41:55
  PASS  Example ESMF_RHandleReusabilityEx, ESMF_RHandleReusabilityEx.F90, line 582
  PASS  Example ESMF_RHandleReusabilityEx, ESMF_RHandleReusabilityEx.F90, line 582
  PASS  Example ESMF_RHandleReusabilityEx, ESMF_RHandleReusabilityEx.F90, line 582
  PASS  Example ESMF_RHandleReusabilityEx, ESMF_RHandleReusabilityEx.F90, line 582
[Orion-02-40:160442:0:160442] Caught signal 11 (Segmentation fault: address not mapped to object at address 0x30)
[Orion-02-40:160441:0:160441] Caught signal 11 (Segmentation fault: address not mapped to object at address 0x30)
[Orion-02-40:160440:0:160440] Caught signal 11 (Segmentation fault: address not mapped to object at address 0x30)
--------------------------------------------------------------------------
A system call failed during shared memory initialization that should
not have.  It is likely that your MPI job will now either abort or
experience performance degradation.

  Local host:  Orion-02-40.HPC.MsState.Edu
  System call: unlink(2) /dev/shm/vader_segment.Orion-02-40.744b0001.0
  Error:       No such file or directory (errno 2)
--------------------------------------------------------------------------
[Orion-02-40:160439:0:160439] Caught signal 11 (Segmentation fault: address not mapped to object at address 0x360)
--------------------------------------------------------------------------
Primary job  terminated normally, but 1 process returned
a non-zero exit code. Per user-direction, the job has been aborted.
--------------------------------------------------------------------------
--------------------------------------------------------------------------
mpirun noticed that process rank 3 with PID 160442 on node Orion-02-40 exited on signal 11 (Segmentation fault).
--------------------------------------------------------------------------
