build time -- 2021-06-21 02:41:55
  PASS  Example ESMF_FieldMeshRegridEx, ESMF_FieldMeshRegridEx.F90, line 807
  PASS  Example ESMF_FieldMeshRegridEx, ESMF_FieldMeshRegridEx.F90, line 807
  PASS  Example ESMF_FieldMeshRegridEx, ESMF_FieldMeshRegridEx.F90, line 807
  PASS  Example ESMF_FieldMeshRegridEx, ESMF_FieldMeshRegridEx.F90, line 807
[Orion-02-40:173518:0:173518] Caught signal 11 (Segmentation fault: address not mapped to object at address 0x30)
--------------------------------------------------------------------------
A system call failed during shared memory initialization that should
not have.  It is likely that your MPI job will now either abort or
experience performance degradation.

  Local host:  Orion-02-40.HPC.MsState.Edu
  System call: unlink(2) /dev/shm/vader_segment.Orion-02-40.a3300001.3
  Error:       No such file or directory (errno 2)
--------------------------------------------------------------------------
--------------------------------------------------------------------------
A system call failed during shared memory initialization that should
not have.  It is likely that your MPI job will now either abort or
experience performance degradation.

  Local host:  Orion-02-40.HPC.MsState.Edu
  System call: unlink(2) /dev/shm/vader_segment.Orion-02-40.a3300001.1
  Error:       No such file or directory (errno 2)
--------------------------------------------------------------------------
[Orion-02-40:173519:0:173519] Caught signal 11 (Segmentation fault: address not mapped to object at address 0x30)
[Orion-02-40:173517:0:173517] Caught signal 11 (Segmentation fault: address not mapped to object at address 0x30)
--------------------------------------------------------------------------
A system call failed during shared memory initialization that should
not have.  It is likely that your MPI job will now either abort or
experience performance degradation.

  Local host:  Orion-02-40.HPC.MsState.Edu
  System call: unlink(2) /dev/shm/vader_segment.Orion-02-40.a3300001.0
  Error:       No such file or directory (errno 2)
--------------------------------------------------------------------------
[Orion-02-40:173516:0:173516] Caught signal 11 (Segmentation fault: address not mapped to object at address 0x30)
--------------------------------------------------------------------------
Primary job  terminated normally, but 1 process returned
a non-zero exit code. Per user-direction, the job has been aborted.
--------------------------------------------------------------------------
--------------------------------------------------------------------------
mpirun noticed that process rank 2 with PID 173518 on node Orion-02-40 exited on signal 11 (Segmentation fault).
--------------------------------------------------------------------------
