build time -- 2021-06-20 02:29:44
  PASS  Example ESMF_ArraySparseMatMulEx, ESMF_ArraySparseMatMulEx.F90, line 647
  PASS  Example ESMF_ArraySparseMatMulEx, ESMF_ArraySparseMatMulEx.F90, line 647
  PASS  Example ESMF_ArraySparseMatMulEx, ESMF_ArraySparseMatMulEx.F90, line 647
  PASS  Example ESMF_ArraySparseMatMulEx, ESMF_ArraySparseMatMulEx.F90, line 647
--------------------------------------------------------------------------
A system call failed during shared memory initialization that should
not have.  It is likely that your MPI job will now either abort or
experience performance degradation.

  Local host:  Orion-02-17.HPC.MsState.Edu
  System call: unlink(2) /dev/shm/vader_segment.Orion-02-17.6c2e0001.1
  Error:       No such file or directory (errno 2)
--------------------------------------------------------------------------
--------------------------------------------------------------------------
A system call failed during shared memory initialization that should
not have.  It is likely that your MPI job will now either abort or
experience performance degradation.

  Local host:  Orion-02-17.HPC.MsState.Edu
  System call: unlink(2) /dev/shm/vader_segment.Orion-02-17.6c2e0001.0
  Error:       No such file or directory (errno 2)
--------------------------------------------------------------------------
--------------------------------------------------------------------------
A system call failed during shared memory initialization that should
not have.  It is likely that your MPI job will now either abort or
experience performance degradation.

  Local host:  Orion-02-17.HPC.MsState.Edu
  System call: unlink(2) /dev/shm/vader_segment.Orion-02-17.6c2e0001.2
  Error:       No such file or directory (errno 2)
--------------------------------------------------------------------------
--------------------------------------------------------------------------
A system call failed during shared memory initialization that should
not have.  It is likely that your MPI job will now either abort or
experience performance degradation.

  Local host:  Orion-02-17.HPC.MsState.Edu
  System call: unlink(2) /dev/shm/vader_segment.Orion-02-17.6c2e0001.3
  Error:       No such file or directory (errno 2)
--------------------------------------------------------------------------
[Orion-02-17:441860:0:441860] Caught signal 11 (Segmentation fault: address not mapped to object at address 0x30)
[Orion-02-17:441859:0:441859] Caught signal 11 (Segmentation fault: address not mapped to object at address 0x30)
[Orion-02-17:441861:0:441861] Caught signal 11 (Segmentation fault: address not mapped to object at address 0x30)
[Orion-02-17:441862:0:441862] Caught signal 11 (Segmentation fault: address not mapped to object at address 0x30)
--------------------------------------------------------------------------
Primary job  terminated normally, but 1 process returned
a non-zero exit code. Per user-direction, the job has been aborted.
--------------------------------------------------------------------------
--------------------------------------------------------------------------
mpirun noticed that process rank 1 with PID 441860 on node Orion-02-17 exited on signal 11 (Segmentation fault).
--------------------------------------------------------------------------
4 total processes killed (some possibly by mpirun during cleanup)
