build time -- 2021-06-19 02:37:56
  PASS  Example ESMF_MeshEx, ESMF_MeshEx.F90, line 1795
  PASS  Example ESMF_MeshEx, ESMF_MeshEx.F90, line 1795
  PASS  Example ESMF_MeshEx, ESMF_MeshEx.F90, line 1795
  PASS  Example ESMF_MeshEx, ESMF_MeshEx.F90, line 1795
[Orion-12-44:278442:0:278442] Caught signal 11 (Segmentation fault: address not mapped to object at address 0x30)
--------------------------------------------------------------------------
A system call failed during shared memory initialization that should
not have.  It is likely that your MPI job will now either abort or
experience performance degradation.

  Local host:  Orion-12-44.HPC.MsState.Edu
  System call: unlink(2) /dev/shm/vader_segment.Orion-12-44.48a10001.3
  Error:       No such file or directory (errno 2)
--------------------------------------------------------------------------
--------------------------------------------------------------------------
A system call failed during shared memory initialization that should
not have.  It is likely that your MPI job will now either abort or
experience performance degradation.

  Local host:  Orion-12-44.HPC.MsState.Edu
  System call: unlink(2) /dev/shm/vader_segment.Orion-12-44.48a10001.2
  Error:       No such file or directory (errno 2)
--------------------------------------------------------------------------
[Orion-12-44:278444:0:278444] Caught signal 11 (Segmentation fault: address not mapped to object at address 0x30)
[Orion-12-44:278445:0:278445] Caught signal 11 (Segmentation fault: address not mapped to object at address 0x30)
--------------------------------------------------------------------------
A system call failed during shared memory initialization that should
not have.  It is likely that your MPI job will now either abort or
experience performance degradation.

  Local host:  Orion-12-44.HPC.MsState.Edu
  System call: unlink(2) /dev/shm/vader_segment.Orion-12-44.48a10001.1
  Error:       No such file or directory (errno 2)
--------------------------------------------------------------------------
[Orion-12-44:278443:0:278443] Caught signal 11 (Segmentation fault: address not mapped to object at address 0x30)
--------------------------------------------------------------------------
Primary job  terminated normally, but 1 process returned
a non-zero exit code. Per user-direction, the job has been aborted.
--------------------------------------------------------------------------
--------------------------------------------------------------------------
mpirun noticed that process rank 0 with PID 278442 on node Orion-12-44 exited on signal 11 (Segmentation fault).
--------------------------------------------------------------------------
