build time -- 2021-06-20 02:29:44
  PASS  Example ESMF_FieldBundleSMMEx, ESMF_FieldBundleSMMEx.F90, line 242
  PASS  Example ESMF_FieldBundleSMMEx, ESMF_FieldBundleSMMEx.F90, line 242
  PASS  Example ESMF_FieldBundleSMMEx, ESMF_FieldBundleSMMEx.F90, line 242
  PASS  Example ESMF_FieldBundleSMMEx, ESMF_FieldBundleSMMEx.F90, line 242
--------------------------------------------------------------------------
A system call failed during shared memory initialization that should
not have.  It is likely that your MPI job will now either abort or
experience performance degradation.

  Local host:  Orion-02-17.HPC.MsState.Edu
  System call: unlink(2) /dev/shm/vader_segment.Orion-02-17.3f760001.0
  Error:       No such file or directory (errno 2)
--------------------------------------------------------------------------
--------------------------------------------------------------------------
A system call failed during shared memory initialization that should
not have.  It is likely that your MPI job will now either abort or
experience performance degradation.

  Local host:  Orion-02-17.HPC.MsState.Edu
  System call: unlink(2) /dev/shm/vader_segment.Orion-02-17.3f760001.2
  Error:       No such file or directory (errno 2)
--------------------------------------------------------------------------
[Orion-02-17:454319:0:454319] Caught signal 11 (Segmentation fault: address not mapped to object at address 0x30)
[Orion-02-17:454316:0:454316] Caught signal 11 (Segmentation fault: address not mapped to object at address 0x30)
[Orion-02-17:454318:0:454318] Caught signal 11 (Segmentation fault: address not mapped to object at address 0x30)
[Orion-02-17:454317:0:454317] Caught signal 11 (Segmentation fault: address not mapped to object at address 0x30)
--------------------------------------------------------------------------
Primary job  terminated normally, but 1 process returned
a non-zero exit code. Per user-direction, the job has been aborted.
--------------------------------------------------------------------------
--------------------------------------------------------------------------
mpirun noticed that process rank 3 with PID 454319 on node Orion-02-17 exited on signal 11 (Segmentation fault).
--------------------------------------------------------------------------
