build time -- 2021-07-06 02:29:24
20210706 024943.716 INFO             PET0 !!!!!!!!!!!!!!!!!!!!!!!!!!!!!!!!!!!!!!!!!!!!!!!!!!!!!!
20210706 024943.716 INFO             PET0 !!! THE ESMF_LOG IS SET TO OUTPUT ALL LOG MESSAGES !!!
20210706 024943.716 INFO             PET0 !!!     THIS MAY CAUSE SLOWDOWN IN PERFORMANCE     !!!
20210706 024943.716 INFO             PET0 !!! FOR PRODUCTION RUNS, USE:                      !!!
20210706 024943.716 INFO             PET0 !!!                   ESMF_LOGKIND_Multi_On_Error  !!!
20210706 024943.716 INFO             PET0 !!!!!!!!!!!!!!!!!!!!!!!!!!!!!!!!!!!!!!!!!!!!!!!!!!!!!!
20210706 024943.716 INFO             PET0 Running with ESMF Version   : ESMF_8_2_0_beta_snapshot_12-2-g7397acc
20210706 024943.716 INFO             PET0 ESMF library build date/time: "Jul  6 2021" "02:27:54"
20210706 024943.716 INFO             PET0 ESMF library build location : /work/noaa/da/mpotts/sandbox/gfortran_8.3.0_openmpi_O_develop
20210706 024943.716 INFO             PET0 ESMF_COMM                   : openmpi
20210706 024943.716 INFO             PET0 ESMF_MOAB                   : enabled
20210706 024943.716 INFO             PET0 ESMF_LAPACK                 : enabled
20210706 024943.716 INFO             PET0 ESMF_NETCDF                 : enabled
20210706 024943.716 INFO             PET0 ESMF_PNETCDF                : disabled
20210706 024943.716 INFO             PET0 ESMF_PIO                    : enabled
20210706 024943.716 INFO             PET0 ESMF_YAMLCPP                : enabled
20210706 024943.718 INFO             PET0 ESMF_FieldRedistStoreNF(): Just entered routine.
20210706 024943.769 INFO             PET0 ESMF_FieldRedistStoreNF(): Leaving routine.
20210706 024943.775 INFO             PET0  NUMBER_OF_PROCESSORS           4
20210706 024943.775 INFO             PET0  PASS  Example ESMF_RHandleFromFileEx, ESMF_RHandleFromFileEx.F90, line 192
20210706 024943.775 INFO             PET0 Finalizing ESMF
20210706 024943.715 INFO             PET1 !!!!!!!!!!!!!!!!!!!!!!!!!!!!!!!!!!!!!!!!!!!!!!!!!!!!!!
20210706 024943.715 INFO             PET1 !!! THE ESMF_LOG IS SET TO OUTPUT ALL LOG MESSAGES !!!
20210706 024943.715 INFO             PET1 !!!     THIS MAY CAUSE SLOWDOWN IN PERFORMANCE     !!!
20210706 024943.715 INFO             PET1 !!! FOR PRODUCTION RUNS, USE:                      !!!
20210706 024943.715 INFO             PET1 !!!                   ESMF_LOGKIND_Multi_On_Error  !!!
20210706 024943.715 INFO             PET1 !!!!!!!!!!!!!!!!!!!!!!!!!!!!!!!!!!!!!!!!!!!!!!!!!!!!!!
20210706 024943.715 INFO             PET1 Running with ESMF Version   : ESMF_8_2_0_beta_snapshot_12-2-g7397acc
20210706 024943.715 INFO             PET1 ESMF library build date/time: "Jul  6 2021" "02:27:54"
20210706 024943.715 INFO             PET1 ESMF library build location : /work/noaa/da/mpotts/sandbox/gfortran_8.3.0_openmpi_O_develop
20210706 024943.715 INFO             PET1 ESMF_COMM                   : openmpi
20210706 024943.716 INFO             PET1 ESMF_MOAB                   : enabled
20210706 024943.716 INFO             PET1 ESMF_LAPACK                 : enabled
20210706 024943.716 INFO             PET1 ESMF_NETCDF                 : enabled
20210706 024943.716 INFO             PET1 ESMF_PNETCDF                : disabled
20210706 024943.716 INFO             PET1 ESMF_PIO                    : enabled
20210706 024943.716 INFO             PET1 ESMF_YAMLCPP                : enabled
20210706 024943.718 INFO             PET1 ESMF_FieldRedistStoreNF(): Just entered routine.
20210706 024943.769 INFO             PET1 ESMF_FieldRedistStoreNF(): Leaving routine.
20210706 024943.775 INFO             PET1  NUMBER_OF_PROCESSORS           4
20210706 024943.775 INFO             PET1  PASS  Example ESMF_RHandleFromFileEx, ESMF_RHandleFromFileEx.F90, line 192
20210706 024943.775 INFO             PET1 Finalizing ESMF
20210706 024943.716 INFO             PET2 !!!!!!!!!!!!!!!!!!!!!!!!!!!!!!!!!!!!!!!!!!!!!!!!!!!!!!
20210706 024943.716 INFO             PET2 !!! THE ESMF_LOG IS SET TO OUTPUT ALL LOG MESSAGES !!!
20210706 024943.716 INFO             PET2 !!!     THIS MAY CAUSE SLOWDOWN IN PERFORMANCE     !!!
20210706 024943.716 INFO             PET2 !!! FOR PRODUCTION RUNS, USE:                      !!!
20210706 024943.716 INFO             PET2 !!!                   ESMF_LOGKIND_Multi_On_Error  !!!
20210706 024943.716 INFO             PET2 !!!!!!!!!!!!!!!!!!!!!!!!!!!!!!!!!!!!!!!!!!!!!!!!!!!!!!
20210706 024943.716 INFO             PET2 Running with ESMF Version   : ESMF_8_2_0_beta_snapshot_12-2-g7397acc
20210706 024943.716 INFO             PET2 ESMF library build date/time: "Jul  6 2021" "02:27:54"
20210706 024943.716 INFO             PET2 ESMF library build location : /work/noaa/da/mpotts/sandbox/gfortran_8.3.0_openmpi_O_develop
20210706 024943.716 INFO             PET2 ESMF_COMM                   : openmpi
20210706 024943.717 INFO             PET2 ESMF_MOAB                   : enabled
20210706 024943.717 INFO             PET2 ESMF_LAPACK                 : enabled
20210706 024943.717 INFO             PET2 ESMF_NETCDF                 : enabled
20210706 024943.717 INFO             PET2 ESMF_PNETCDF                : disabled
20210706 024943.717 INFO             PET2 ESMF_PIO                    : enabled
20210706 024943.717 INFO             PET2 ESMF_YAMLCPP                : enabled
20210706 024943.718 INFO             PET2 ESMF_FieldRedistStoreNF(): Just entered routine.
20210706 024943.768 INFO             PET2 ESMF_FieldRedistStoreNF(): Leaving routine.
20210706 024943.774 INFO             PET2  NUMBER_OF_PROCESSORS           4
20210706 024943.774 INFO             PET2  PASS  Example ESMF_RHandleFromFileEx, ESMF_RHandleFromFileEx.F90, line 192
20210706 024943.774 INFO             PET2 Finalizing ESMF
20210706 024943.715 INFO             PET3 !!!!!!!!!!!!!!!!!!!!!!!!!!!!!!!!!!!!!!!!!!!!!!!!!!!!!!
20210706 024943.715 INFO             PET3 !!! THE ESMF_LOG IS SET TO OUTPUT ALL LOG MESSAGES !!!
20210706 024943.715 INFO             PET3 !!!     THIS MAY CAUSE SLOWDOWN IN PERFORMANCE     !!!
20210706 024943.715 INFO             PET3 !!! FOR PRODUCTION RUNS, USE:                      !!!
20210706 024943.715 INFO             PET3 !!!                   ESMF_LOGKIND_Multi_On_Error  !!!
20210706 024943.715 INFO             PET3 !!!!!!!!!!!!!!!!!!!!!!!!!!!!!!!!!!!!!!!!!!!!!!!!!!!!!!
20210706 024943.715 INFO             PET3 Running with ESMF Version   : ESMF_8_2_0_beta_snapshot_12-2-g7397acc
20210706 024943.715 INFO             PET3 ESMF library build date/time: "Jul  6 2021" "02:27:54"
20210706 024943.715 INFO             PET3 ESMF library build location : /work/noaa/da/mpotts/sandbox/gfortran_8.3.0_openmpi_O_develop
20210706 024943.715 INFO             PET3 ESMF_COMM                   : openmpi
20210706 024943.716 INFO             PET3 ESMF_MOAB                   : enabled
20210706 024943.716 INFO             PET3 ESMF_LAPACK                 : enabled
20210706 024943.716 INFO             PET3 ESMF_NETCDF                 : enabled
20210706 024943.716 INFO             PET3 ESMF_PNETCDF                : disabled
20210706 024943.716 INFO             PET3 ESMF_PIO                    : enabled
20210706 024943.716 INFO             PET3 ESMF_YAMLCPP                : enabled
20210706 024943.718 INFO             PET3 ESMF_FieldRedistStoreNF(): Just entered routine.
20210706 024943.768 INFO             PET3 ESMF_FieldRedistStoreNF(): Leaving routine.
20210706 024943.774 INFO             PET3  NUMBER_OF_PROCESSORS           4
20210706 024943.774 INFO             PET3  PASS  Example ESMF_RHandleFromFileEx, ESMF_RHandleFromFileEx.F90, line 192
20210706 024943.774 INFO             PET3 Finalizing ESMF
