build time -- 2021-06-21 02:41:55
 data array1:
           0  array1:            1
           0  array1:            2
 data array1:
           1  array1:          101
           1  array1:          102
 data array1:
           2  array1:          201
           2  array1:          202
 Global sum:
           2  result:         1212
 data array1:
           3  array1:          301
           3  array1:          302
 Global sum:
           3  result:         1212
  PASS  Example ESMF_VMAllFullReduceEx, ESMF_VMAllFullReduceEx.F90, line 113
 Global sum:
           1  result:         1212
  PASS  Example ESMF_VMAllFullReduceEx, ESMF_VMAllFullReduceEx.F90, line 113
  PASS  Example ESMF_VMAllFullReduceEx, ESMF_VMAllFullReduceEx.F90, line 113
 Global sum:
           0  result:         1212
  PASS  Example ESMF_VMAllFullReduceEx, ESMF_VMAllFullReduceEx.F90, line 113
[Orion-02-40:153091:0:153091] Caught signal 11 (Segmentation fault: address not mapped to object at address 0x30)
--------------------------------------------------------------------------
A system call failed during shared memory initialization that should
not have.  It is likely that your MPI job will now either abort or
experience performance degradation.

  Local host:  Orion-02-40.HPC.MsState.Edu
  System call: unlink(2) /dev/shm/vader_segment.Orion-02-40.53060001.0
  Error:       No such file or directory (errno 2)
--------------------------------------------------------------------------
--------------------------------------------------------------------------
A system call failed during shared memory initialization that should
not have.  It is likely that your MPI job will now either abort or
experience performance degradation.

  Local host:  Orion-02-40.HPC.MsState.Edu
  System call: unlink(2) /dev/shm/vader_segment.Orion-02-40.53060001.2
  Error:       No such file or directory (errno 2)
--------------------------------------------------------------------------
[Orion-02-40:153093:0:153093] Caught signal 11 (Segmentation fault: address not mapped to object at address 0x30)
[Orion-02-40:153090:0:153090] Caught signal 11 (Segmentation fault: address not mapped to object at address 0x30)
[Orion-02-40:153092:0:153092] Caught signal 11 (Segmentation fault: address not mapped to object at address 0x30)
--------------------------------------------------------------------------
Primary job  terminated normally, but 1 process returned
a non-zero exit code. Per user-direction, the job has been aborted.
--------------------------------------------------------------------------
--------------------------------------------------------------------------
mpirun noticed that process rank 1 with PID 153091 on node Orion-02-40 exited on signal 11 (Segmentation fault).
--------------------------------------------------------------------------
2 total processes killed (some possibly by mpirun during cleanup)
