build time -- 2021-06-20 02:29:44
  PASS  Example ESMF_FieldBundleHaloEx, ESMF_FieldBundleHaloEx.F90, line 319
  PASS  Example ESMF_FieldBundleHaloEx, ESMF_FieldBundleHaloEx.F90, line 319
  PASS  Example ESMF_FieldBundleHaloEx, ESMF_FieldBundleHaloEx.F90, line 319
  PASS  Example ESMF_FieldBundleHaloEx, ESMF_FieldBundleHaloEx.F90, line 319
[Orion-02-17:454463:0:454463] Caught signal 11 (Segmentation fault: address not mapped to object at address 0x30)
--------------------------------------------------------------------------
A system call failed during shared memory initialization that should
not have.  It is likely that your MPI job will now either abort or
experience performance degradation.

  Local host:  Orion-02-17.HPC.MsState.Edu
  System call: unlink(2) /dev/shm/vader_segment.Orion-02-17.3ee80001.0
  Error:       No such file or directory (errno 2)
--------------------------------------------------------------------------
[Orion-02-17:454461:0:454461] Caught signal 11 (Segmentation fault: address not mapped to object at address 0x30)
[Orion-02-17:454464:0:454464] Caught signal 11 (Segmentation fault: address not mapped to object at address 0x30)
--------------------------------------------------------------------------
A system call failed during shared memory initialization that should
not have.  It is likely that your MPI job will now either abort or
experience performance degradation.

  Local host:  Orion-02-17.HPC.MsState.Edu
  System call: unlink(2) /dev/shm/vader_segment.Orion-02-17.3ee80001.1
  Error:       No such file or directory (errno 2)
--------------------------------------------------------------------------
[Orion-02-17:454462:0:454462] Caught signal 11 (Segmentation fault: address not mapped to object at address 0x30)
--------------------------------------------------------------------------
Primary job  terminated normally, but 1 process returned
a non-zero exit code. Per user-direction, the job has been aborted.
--------------------------------------------------------------------------
--------------------------------------------------------------------------
mpirun noticed that process rank 2 with PID 454463 on node Orion-02-17 exited on signal 11 (Segmentation fault).
--------------------------------------------------------------------------
