build time -- 2021-06-20 02:29:44
 User Comp1 Register starting
 Registered Initialize, Run, and Finalize routines
 User Comp1 Register returning
 User Comp1 Register starting
 Registered Initialize, Run, and Finalize routines
 User Comp1 Register returning
  PASS  Example ESMF_WebServicesEx, ESMF_WebServicesEx.F90, line 227
 User Comp1 Register starting
 Registered Initialize, Run, and Finalize routines
 User Comp1 Register returning
  PASS  Example ESMF_WebServicesEx, ESMF_WebServicesEx.F90, line 227
 User Comp1 Register starting
 Registered Initialize, Run, and Finalize routines
 User Comp1 Register returning
  PASS  Example ESMF_WebServicesEx, ESMF_WebServicesEx.F90, line 227
  PASS  Example ESMF_WebServicesEx, ESMF_WebServicesEx.F90, line 227
--------------------------------------------------------------------------
A system call failed during shared memory initialization that should
not have.  It is likely that your MPI job will now either abort or
experience performance degradation.

  Local host:  Orion-02-17.HPC.MsState.Edu
  System call: unlink(2) /dev/shm/vader_segment.Orion-02-17.d6e60001.0
  Error:       No such file or directory (errno 2)
--------------------------------------------------------------------------
--------------------------------------------------------------------------
A system call failed during shared memory initialization that should
not have.  It is likely that your MPI job will now either abort or
experience performance degradation.

  Local host:  Orion-02-17.HPC.MsState.Edu
  System call: unlink(2) /dev/shm/vader_segment.Orion-02-17.d6e60001.2
  Error:       No such file or directory (errno 2)
--------------------------------------------------------------------------
[Orion-02-17:1845 :0:1845] Caught signal 11 (Segmentation fault: address not mapped to object at address 0x30)
[Orion-02-17:1847 :0:1847] Caught signal 11 (Segmentation fault: address not mapped to object at address 0x30)
[Orion-02-17:1846 :0:1846] Caught signal 11 (Segmentation fault: address not mapped to object at address 0x30)
--------------------------------------------------------------------------
A system call failed during shared memory initialization that should
not have.  It is likely that your MPI job will now either abort or
experience performance degradation.

  Local host:  Orion-02-17.HPC.MsState.Edu
  System call: unlink(2) /dev/shm/vader_segment.Orion-02-17.d6e60001.3
  Error:       No such file or directory (errno 2)
--------------------------------------------------------------------------
[Orion-02-17:1848 :0:1848] Caught signal 11 (Segmentation fault: address not mapped to object at address 0x30)
--------------------------------------------------------------------------
Primary job  terminated normally, but 1 process returned
a non-zero exit code. Per user-direction, the job has been aborted.
--------------------------------------------------------------------------
--------------------------------------------------------------------------
mpirun noticed that process rank 0 with PID 1845 on node Orion-02-17 exited on signal 11 (Segmentation fault).
--------------------------------------------------------------------------
2 total processes killed (some possibly by mpirun during cleanup)
