build time -- 2021-06-19 02:37:56
  PASS  Example ESMF_LocStreamEx, ESMF_LocStreamEx.F90, line 784
  PASS  Example ESMF_LocStreamEx, ESMF_LocStreamEx.F90, line 784
  PASS  Example ESMF_LocStreamEx, ESMF_LocStreamEx.F90, line 784
  PASS  Example ESMF_LocStreamEx, ESMF_LocStreamEx.F90, line 784
[Orion-12-44:280288:0:280288] Caught signal 11 (Segmentation fault: address not mapped to object at address 0x30)
[Orion-12-44:280290:0:280290] Caught signal 11 (Segmentation fault: address not mapped to object at address 0x30)
[Orion-12-44:280289:0:280289] Caught signal 11 (Segmentation fault: address not mapped to object at address 0x30)
--------------------------------------------------------------------------
A system call failed during shared memory initialization that should
not have.  It is likely that your MPI job will now either abort or
experience performance degradation.

  Local host:  Orion-12-44.HPC.MsState.Edu
  System call: unlink(2) /dev/shm/vader_segment.Orion-12-44.31dc0001.0
  Error:       No such file or directory (errno 2)
--------------------------------------------------------------------------
[Orion-12-44:280287:0:280287] Caught signal 11 (Segmentation fault: address not mapped to object at address 0x30)
--------------------------------------------------------------------------
Primary job  terminated normally, but 1 process returned
a non-zero exit code. Per user-direction, the job has been aborted.
--------------------------------------------------------------------------
--------------------------------------------------------------------------
mpirun noticed that process rank 2 with PID 280289 on node Orion-12-44 exited on signal 11 (Segmentation fault).
--------------------------------------------------------------------------
2 total processes killed (some possibly by mpirun during cleanup)
