build time -- 2021-06-21 02:41:55
  PASS  Example ESMF_VMGetMPICommunicatorEx, ESMF_VMGetMPICommunicatorEx.F90, line 95
  PASS  Example ESMF_VMGetMPICommunicatorEx, ESMF_VMGetMPICommunicatorEx.F90, line 95
  PASS  Example ESMF_VMGetMPICommunicatorEx, ESMF_VMGetMPICommunicatorEx.F90, line 95
  PASS  Example ESMF_VMGetMPICommunicatorEx, ESMF_VMGetMPICommunicatorEx.F90, line 95
[Orion-02-40:151924:0:151924] Caught signal 11 (Segmentation fault: address not mapped to object at address 0x30)
[Orion-02-40:151926:0:151926] Caught signal 11 (Segmentation fault: address not mapped to object at address 0x30)
[Orion-02-40:151927:0:151927] Caught signal 11 (Segmentation fault: address not mapped to object at address 0x30)
--------------------------------------------------------------------------
A system call failed during shared memory initialization that should
not have.  It is likely that your MPI job will now either abort or
experience performance degradation.

  Local host:  Orion-02-40.HPC.MsState.Edu
  System call: unlink(2) /dev/shm/vader_segment.Orion-02-40.57880001.1
  Error:       No such file or directory (errno 2)
--------------------------------------------------------------------------
[Orion-02-40:151925:0:151925] Caught signal 11 (Segmentation fault: address not mapped to object at address 0x30)
--------------------------------------------------------------------------
Primary job  terminated normally, but 1 process returned
a non-zero exit code. Per user-direction, the job has been aborted.
--------------------------------------------------------------------------
--------------------------------------------------------------------------
mpirun noticed that process rank 0 with PID 151924 on node Orion-02-40 exited on signal 11 (Segmentation fault).
--------------------------------------------------------------------------
