build time -- 2021-08-28 02:31:09
20210828 030515.061 INFO             PET0 !!!!!!!!!!!!!!!!!!!!!!!!!!!!!!!!!!!!!!!!!!!!!!!!!!!!!!
20210828 030515.061 INFO             PET0 !!! THE ESMF_LOG IS SET TO OUTPUT ALL LOG MESSAGES !!!
20210828 030515.061 INFO             PET0 !!!     THIS MAY CAUSE SLOWDOWN IN PERFORMANCE     !!!
20210828 030515.061 INFO             PET0 !!! FOR PRODUCTION RUNS, USE:                      !!!
20210828 030515.061 INFO             PET0 !!!                   ESMF_LOGKIND_Multi_On_Error  !!!
20210828 030515.061 INFO             PET0 !!!!!!!!!!!!!!!!!!!!!!!!!!!!!!!!!!!!!!!!!!!!!!!!!!!!!!
20210828 030515.061 INFO             PET0 Running with ESMF Version   : ESMF_8_2_0_beta_snapshot_18
20210828 030515.061 INFO             PET0 ESMF library build date/time: "Aug 28 2021" "02:29:26"
20210828 030515.061 INFO             PET0 ESMF library build location : /work/noaa/da/mpotts/sandbox/gfortran_8.3.0_openmpi_O_develop
20210828 030515.061 INFO             PET0 ESMF_COMM                   : openmpi
20210828 030515.062 INFO             PET0 ESMF_MOAB                   : enabled
20210828 030515.062 INFO             PET0 ESMF_LAPACK                 : enabled
20210828 030515.062 INFO             PET0 ESMF_NETCDF                 : enabled
20210828 030515.062 INFO             PET0 ESMF_PNETCDF                : disabled
20210828 030515.062 INFO             PET0 ESMF_PIO                    : enabled
20210828 030515.062 INFO             PET0 ESMF_YAMLCPP                : enabled
20210828 030515.062 INFO             PET0  NUMBER_OF_PROCESSORS           1
20210828 030515.062 INFO             PET0  PASS  Example ESMF_TimeIntervalEx, ESMF_TimeIntervalEx.F90, line 176
20210828 030515.062 INFO             PET0 Finalizing ESMF
