build time -- 2021-08-04 12:57:28
20210804 131624.498 INFO             PET0 !!!!!!!!!!!!!!!!!!!!!!!!!!!!!!!!!!!!!!!!!!!!!!!!!!!!!!
20210804 131624.498 INFO             PET0 !!! THE ESMF_LOG IS SET TO OUTPUT ALL LOG MESSAGES !!!
20210804 131624.498 INFO             PET0 !!!     THIS MAY CAUSE SLOWDOWN IN PERFORMANCE     !!!
20210804 131624.498 INFO             PET0 !!! FOR PRODUCTION RUNS, USE:                      !!!
20210804 131624.498 INFO             PET0 !!!                   ESMF_LOGKIND_Multi_On_Error  !!!
20210804 131624.498 INFO             PET0 !!!!!!!!!!!!!!!!!!!!!!!!!!!!!!!!!!!!!!!!!!!!!!!!!!!!!!
20210804 131624.498 INFO             PET0 Running with ESMF Version   : ESMF_8_2_0_beta_snapshot_14-1-g6ac79f62fc
20210804 131624.498 INFO             PET0 ESMF library build date/time: "Aug  4 2021" "12:56:07"
20210804 131624.498 INFO             PET0 ESMF library build location : /lfs/h1/emc/ptmp/Mark.Potts/intel_2019.3_mpi_O_develop
20210804 131624.498 INFO             PET0 ESMF_COMM                   : mpi
20210804 131624.499 INFO             PET0 ESMF_MOAB                   : enabled
20210804 131624.499 INFO             PET0 ESMF_LAPACK                 : enabled
20210804 131624.499 INFO             PET0 ESMF_NETCDF                 : enabled
20210804 131624.499 INFO             PET0 ESMF_PNETCDF                : disabled
20210804 131624.499 INFO             PET0 ESMF_PIO                    : enabled
20210804 131624.499 INFO             PET0 ESMF_YAMLCPP                : enabled
20210804 131624.499 INFO             PET0  NUMBER_OF_PROCESSORS           4
20210804 131624.499 INFO             PET0  PASS  Example ESMF_VMUserMpiCommMultiEx, ESMF_VMUserMpiCommMultiEx.F90, line 126
20210804 131624.499 INFO             PET0 Finalizing ESMF
20210804 131624.499 INFO             PET0 !!!!!!!!!!!!!!!!!!!!!!!!!!!!!!!!!!!!!!!!!!!!!!!!!!!!!!
20210804 131624.499 INFO             PET0 !!! THE ESMF_LOG IS SET TO OUTPUT ALL LOG MESSAGES !!!
20210804 131624.499 INFO             PET0 !!!     THIS MAY CAUSE SLOWDOWN IN PERFORMANCE     !!!
20210804 131624.499 INFO             PET0 !!! FOR PRODUCTION RUNS, USE:                      !!!
20210804 131624.499 INFO             PET0 !!!                   ESMF_LOGKIND_Multi_On_Error  !!!
20210804 131624.499 INFO             PET0 !!!!!!!!!!!!!!!!!!!!!!!!!!!!!!!!!!!!!!!!!!!!!!!!!!!!!!
20210804 131624.499 INFO             PET0 Running with ESMF Version   : ESMF_8_2_0_beta_snapshot_14-1-g6ac79f62fc
20210804 131624.499 INFO             PET0 ESMF library build date/time: "Aug  4 2021" "12:56:07"
20210804 131624.499 INFO             PET0 ESMF library build location : /lfs/h1/emc/ptmp/Mark.Potts/intel_2019.3_mpi_O_develop
20210804 131624.499 INFO             PET0 ESMF_COMM                   : mpi
20210804 131624.499 INFO             PET0 ESMF_MOAB                   : enabled
20210804 131624.499 INFO             PET0 ESMF_LAPACK                 : enabled
20210804 131624.499 INFO             PET0 ESMF_NETCDF                 : enabled
20210804 131624.499 INFO             PET0 ESMF_PNETCDF                : disabled
20210804 131624.499 INFO             PET0 ESMF_PIO                    : enabled
20210804 131624.499 INFO             PET0 ESMF_YAMLCPP                : enabled
20210804 131624.500 INFO             PET0  NUMBER_OF_PROCESSORS           4
20210804 131624.500 INFO             PET0  PASS  Example ESMF_VMUserMpiCommMultiEx, ESMF_VMUserMpiCommMultiEx.F90, line 154
20210804 131624.500 INFO             PET0 Finalizing ESMF
20210804 131624.498 INFO             PET1 !!!!!!!!!!!!!!!!!!!!!!!!!!!!!!!!!!!!!!!!!!!!!!!!!!!!!!
20210804 131624.498 INFO             PET1 !!! THE ESMF_LOG IS SET TO OUTPUT ALL LOG MESSAGES !!!
20210804 131624.498 INFO             PET1 !!!     THIS MAY CAUSE SLOWDOWN IN PERFORMANCE     !!!
20210804 131624.498 INFO             PET1 !!! FOR PRODUCTION RUNS, USE:                      !!!
20210804 131624.498 INFO             PET1 !!!                   ESMF_LOGKIND_Multi_On_Error  !!!
20210804 131624.498 INFO             PET1 !!!!!!!!!!!!!!!!!!!!!!!!!!!!!!!!!!!!!!!!!!!!!!!!!!!!!!
20210804 131624.498 INFO             PET1 Running with ESMF Version   : ESMF_8_2_0_beta_snapshot_14-1-g6ac79f62fc
20210804 131624.498 INFO             PET1 ESMF library build date/time: "Aug  4 2021" "12:56:07"
20210804 131624.498 INFO             PET1 ESMF library build location : /lfs/h1/emc/ptmp/Mark.Potts/intel_2019.3_mpi_O_develop
20210804 131624.498 INFO             PET1 ESMF_COMM                   : mpi
20210804 131624.499 INFO             PET1 ESMF_MOAB                   : enabled
20210804 131624.499 INFO             PET1 ESMF_LAPACK                 : enabled
20210804 131624.499 INFO             PET1 ESMF_NETCDF                 : enabled
20210804 131624.499 INFO             PET1 ESMF_PNETCDF                : disabled
20210804 131624.499 INFO             PET1 ESMF_PIO                    : enabled
20210804 131624.499 INFO             PET1 ESMF_YAMLCPP                : enabled
20210804 131624.499 INFO             PET1  NUMBER_OF_PROCESSORS           4
20210804 131624.499 INFO             PET1  PASS  Example ESMF_VMUserMpiCommMultiEx, ESMF_VMUserMpiCommMultiEx.F90, line 126
20210804 131624.499 INFO             PET1 Finalizing ESMF
20210804 131624.498 INFO             PET1 !!!!!!!!!!!!!!!!!!!!!!!!!!!!!!!!!!!!!!!!!!!!!!!!!!!!!!
20210804 131624.498 INFO             PET1 !!! THE ESMF_LOG IS SET TO OUTPUT ALL LOG MESSAGES !!!
20210804 131624.498 INFO             PET1 !!!     THIS MAY CAUSE SLOWDOWN IN PERFORMANCE     !!!
20210804 131624.498 INFO             PET1 !!! FOR PRODUCTION RUNS, USE:                      !!!
20210804 131624.498 INFO             PET1 !!!                   ESMF_LOGKIND_Multi_On_Error  !!!
20210804 131624.498 INFO             PET1 !!!!!!!!!!!!!!!!!!!!!!!!!!!!!!!!!!!!!!!!!!!!!!!!!!!!!!
20210804 131624.498 INFO             PET1 Running with ESMF Version   : ESMF_8_2_0_beta_snapshot_14-1-g6ac79f62fc
20210804 131624.498 INFO             PET1 ESMF library build date/time: "Aug  4 2021" "12:56:07"
20210804 131624.498 INFO             PET1 ESMF library build location : /lfs/h1/emc/ptmp/Mark.Potts/intel_2019.3_mpi_O_develop
20210804 131624.498 INFO             PET1 ESMF_COMM                   : mpi
20210804 131624.499 INFO             PET1 ESMF_MOAB                   : enabled
20210804 131624.499 INFO             PET1 ESMF_LAPACK                 : enabled
20210804 131624.499 INFO             PET1 ESMF_NETCDF                 : enabled
20210804 131624.499 INFO             PET1 ESMF_PNETCDF                : disabled
20210804 131624.499 INFO             PET1 ESMF_PIO                    : enabled
20210804 131624.499 INFO             PET1 ESMF_YAMLCPP                : enabled
20210804 131624.500 INFO             PET1  NUMBER_OF_PROCESSORS           4
20210804 131624.500 INFO             PET1  PASS  Example ESMF_VMUserMpiCommMultiEx, ESMF_VMUserMpiCommMultiEx.F90, line 154
20210804 131624.500 INFO             PET1 Finalizing ESMF
