build time -- 2021-09-25 13:53:27.975643

Program received signal SIGSEGV: Segmentation fault - invalid memory reference.

Backtrace for this error:

Program received signal SIGSEGV: Segmentation fault - invalid memory reference.

Backtrace for this error:

Program received signal SIGSEGV: Segmentation fault - invalid memory reference.

Backtrace for this error:

Program received signal SIGSEGV: Segmentation fault - invalid memory reference.

Backtrace for this error:
#0  0x14ecaeec6f1f in ???
#1  0x14ecb03f0447 in ???
#0  0x14e85541df1f in ???
#1  0x14e856947447 in ???
#2  0x14e85880c5ff in ???
#3  0x14e858800c94 in ???
#4  0x14e85881ab30 in ???
#0  0x14b39a1b3f1f in ???
#1  0x14b39b6dd447 in ???
#2  0x14b39d5a25ff in ???
#3  0x14b39d596c94 in ???
#4  0x14b39d5b0b30 in ???
#0  0x14fbcfa91f1f in ???
#1  0x14fbd0fbb447 in ???
#2  0x14fbd2e805ff in ???
#3  0x14fbd2e74c94 in ???
#4  0x14fbd2e8eb30 in ???
#5  0x14fbd35036d9 in ???
#5  0x14b39dc256d9 in ???
#6  0x14b39db1d38b in ???
#2  0x14ecb22b55ff in ???
#3  0x14ecb22a9c94 in ???
#4  0x14ecb22c3b30 in ???
#5  0x14ecb29386d9 in ???
#5  0x14e858e8f6d9 in ???
#6  0x14fbd33fb38b in ???
#7  0x14fbd33fd713 in ???
#8  0x4016b4 in ???
#9  0x4049da in ???
#10  0x14fbcfa74b96 in ???
#11  0x401499 in ???
#12  0xffffffffffffffff in ???
#7  0x14b39db1f713 in ???
#8  0x4016b4 in ???
#9  0x4049da in ???
#10  0x14b39a196b96 in ???
#11  0x401499 in ???
#12  0xffffffffffffffff in ???
#6  0x14ecb283038b in ???
#7  0x14ecb2832713 in ???
#8  0x4016b4 in ???
#9  0x4049da in ???
#10  0x14ecaeea9b96 in ???
#11  0x401499 in ???
#12  0xffffffffffffffff in ???
#6  0x14e858d8738b in ???
#7  0x14e858d89713 in ???
#8  0x4016b4 in ???
#9  0x4049da in ???
#10  0x14e855400b96 in ???
#11  0x401499 in ???
#12  0xffffffffffffffff in ???
--------------------------------------------------------------------------
Primary job  terminated normally, but 1 process returned
a non-zero exit code. Per user-direction, the job has been aborted.
--------------------------------------------------------------------------
--------------------------------------------------------------------------
mpirun noticed that process rank 1 with PID 0 on node chianti exited on signal 11 (Segmentation fault).
--------------------------------------------------------------------------
