build time -- 2021-09-25 13:53:27.975643

Program received signal SIGSEGV: Segmentation fault - invalid memory reference.

Backtrace for this error:

Program received signal SIGSEGV: Segmentation fault - invalid memory reference.

Backtrace for this error:

Program received signal SIGSEGV: Segmentation fault - invalid memory reference.

Backtrace for this error:

Program received signal SIGSEGV: Segmentation fault - invalid memory reference.

Backtrace for this error:
#0  0x14d7b1225f1f in ???
#1  0x14d7b274f447 in ???
#2  0x14d7b46145ff in ???
#3  0x14d7b4608c94 in ???
#4  0x14d7b4622b30 in ???
#5  0x14d7b4c976d9 in ???
#0  0x15090eaa8f1f in ???
#1  0x15090ffd2447 in ???
#2  0x150911e975ff in ???
#3  0x150911e8bc94 in ???
#4  0x150911ea5b30 in ???
#5  0x15091251a6d9 in ???
#6  0x15091241238b in ???
#7  0x150912414713 in ???
#0  0x1467f35acf1f in ???
#1  0x1467f4ad6447 in ???
#2  0x1467f699b5ff in ???
#3  0x1467f698fc94 in ???
#4  0x1467f69a9b30 in ???
#5  0x1467f701e6d9 in ???
#6  0x1467f6f1638b in ???
#7  0x1467f6f18713 in ???
#0  0x152b6962df1f in ???
#1  0x152b6ab57447 in ???
#2  0x152b6ca1c5ff in ???
#8  0x401449 in ???
#9  0x401fe3 in ???
#10  0x1467f358fb96 in ???
#11  0x401249 in ???
#6  0x14d7b4b8f38b in ???
#7  0x14d7b4b91713 in ???
#8  0x401449 in ???
#9  0x401fe3 in ???
#10  0x14d7b1208b96 in ???
#11  0x401249 in ???
#12  0xffffffffffffffff in ???
#8  0x401449 in ???
#9  0x401fe3 in ???
#10  0x15090ea8bb96 in ???
#11  0x401249 in ???
#12  0xffffffffffffffff in ???
#3  0x152b6ca10c94 in ???
#4  0x152b6ca2ab30 in ???
#5  0x152b6d09f6d9 in ???
#6  0x152b6cf9738b in ???
#7  0x152b6cf99713 in ???
#12  0xffffffffffffffff in ???
#8  0x401449 in ???
#9  0x401fe3 in ???
#10  0x152b69610b96 in ???
#11  0x401249 in ???
#12  0xffffffffffffffff in ???
--------------------------------------------------------------------------
Primary job  terminated normally, but 1 process returned
a non-zero exit code. Per user-direction, the job has been aborted.
--------------------------------------------------------------------------
--------------------------------------------------------------------------
mpirun noticed that process rank 3 with PID 0 on node chianti exited on signal 11 (Segmentation fault).
--------------------------------------------------------------------------
