build time -- 2021-09-22 17:49:54.018051

Program received signal SIGSEGV: Segmentation fault - invalid memory reference.

Backtrace for this error:

Program received signal SIGSEGV: Segmentation fault - invalid memory reference.

Backtrace for this error:

Program received signal SIGSEGV: Segmentation fault - invalid memory reference.

Backtrace for this error:

Program received signal SIGSEGV: Segmentation fault - invalid memory reference.

Backtrace for this error:
#0  0x7fe9d37bff1f in ???
#1  0x7fe9d4ce9447 in ???
#2  0x7fe9d6bae555 in ???
#3  0x7fe9d6ba2bea in ???
#4  0x7fe9d6bbca86 in ???
#0  0x7f276bd6df1f in ???
#1  0x7f276d297447 in ???
#2  0x7f276f15c555 in ???
#3  0x7f276f150bea in ???
#4  0x7f276f16aa86 in ???
#5  0x7f276f7defda in ???
#6  0x7f276f6d6dd7 in ???
#0  0x7f8a4b598f1f in ???
#1  0x7f8a4cac2447 in ???
#2  0x7f8a4e987555 in ???
#3  0x7f8a4e97bbea in ???
#4  0x7f8a4e995a86 in ???
#5  0x7f8a4f009fda in ???
#6  0x7f8a4ef01dd7 in ???
#7  0x7f8a4ef04035 in ???
#0  0x7f5d1a701f1f in ???
#1  0x7f5d1bc2b447 in ???
#2  0x7f5d1daf0555 in ???
#3  0x7f5d1dae4bea in ???
#4  0x7f5d1dafea86 in ???
#5  0x7f5d1e172fda in ???
#6  0x7f5d1e06add7 in ???
#7  0x7f5d1e06d035 in ???
#8  0x401458 in ???
#9  0x4023cf in ???
#10  0x7f5d1a6e4b96 in ???
#11  0x401239 in ???
#12  0xffffffffffffffff in ???
#8  0x401458 in ???
#9  0x4023cf in ???
#10  0x7f8a4b57bb96 in ???
#11  0x401239 in ???
#12  0xffffffffffffffff in ???
#5  0x7fe9d7230fda in ???
#6  0x7fe9d7128dd7 in ???
#7  0x7fe9d712b035 in ???
#8  0x401458 in ???
#9  0x4023cf in ???
#10  0x7fe9d37a2b96 in ???
#11  0x401239 in ???
#12  0xffffffffffffffff in ???
#7  0x7f276f6d9035 in ???
#8  0x401458 in ???
#9  0x4023cf in ???
#10  0x7f276bd50b96 in ???
#11  0x401239 in ???
#12  0xffffffffffffffff in ???
--------------------------------------------------------------------------
Primary job  terminated normally, but 1 process returned
a non-zero exit code. Per user-direction, the job has been aborted.
--------------------------------------------------------------------------
--------------------------------------------------------------------------
mpirun noticed that process rank 3 with PID 0 on node chianti exited on signal 11 (Segmentation fault).
--------------------------------------------------------------------------
