build time -- 2021-09-20 19:12:36.587902
 seqIndexOffset=        1099511627776
 seqIndexOffset=        1099511627776
 seqIndexOffset=        1099511627776
 seqIndexOffset=        1099511627776

Program received signal SIGSEGV: Segmentation fault - invalid memory reference.

Backtrace for this error:

Program received signal SIGSEGV: Segmentation fault - invalid memory reference.

Backtrace for this error:

Program received signal SIGSEGV: Segmentation fault - invalid memory reference.

Backtrace for this error:

Program received signal SIGSEGV: Segmentation fault - invalid memory reference.

Backtrace for this error:
#0  0x152858d7af1f in ???
#1  0x15285a2a4447 in ???
#2  0x15285c16946f in ???
#3  0x15285c15db04 in ???
#4  0x15285c1779a0 in ???
#5  0x15285c7ebef4 in ???
#6  0x15285c6e3cf1 in ???
#7  0x15285c6e5f4f in ???
#8  0x401721 in ???
#9  0x4045b4 in ???
#10  0x152858d5db96 in ???
#11  0x401489 in ???
#12  0xffffffffffffffff in ???
#0  0x1470ab555f1f in ???
#1  0x1470aca7f447 in ???
#2  0x1470ae94446f in ???
#3  0x1470ae938b04 in ???
#4  0x1470ae9529a0 in ???
#5  0x1470aefc6ef4 in ???
#6  0x1470aeebecf1 in ???
#7  0x1470aeec0f4f in ???
#8  0x401721 in ???
#9  0x4045b4 in ???
#10  0x1470ab538b96 in ???
#11  0x401489 in ???
#12  0xffffffffffffffff in ???
#0  0x153505554f1f in ???
#1  0x153506a7e447 in ???
#2  0x15350894346f in ???
#3  0x153508937b04 in ???
#4  0x1535089519a0 in ???
#5  0x153508fc5ef4 in ???
#6  0x153508ebdcf1 in ???
#7  0x153508ebff4f in ???
#8  0x401721 in ???
#9  0x4045b4 in ???
#10  0x153505537b96 in ???
#11  0x401489 in ???
#12  0xffffffffffffffff in ???
#0  0x145a5c2eaf1f in ???
#1  0x145a5d814447 in ???
#2  0x145a5f6d946f in ???
#3  0x145a5f6cdb04 in ???
#4  0x145a5f6e79a0 in ???
#5  0x145a5fd5bef4 in ???
#6  0x145a5fc53cf1 in ???
#7  0x145a5fc55f4f in ???
#8  0x401721 in ???
#9  0x4045b4 in ???
#10  0x145a5c2cdb96 in ???
#11  0x401489 in ???
#12  0xffffffffffffffff in ???
--------------------------------------------------------------------------
Primary job  terminated normally, but 1 process returned
a non-zero exit code. Per user-direction, the job has been aborted.
--------------------------------------------------------------------------
--------------------------------------------------------------------------
mpirun noticed that process rank 2 with PID 0 on node chianti exited on signal 11 (Segmentation fault).
--------------------------------------------------------------------------
