build time -- 2021-09-25 17:49:18.503337

Program received signal SIGSEGV: Segmentation fault - invalid memory reference.

Backtrace for this error:

Program received signal SIGSEGV: Segmentation fault - invalid memory reference.

Backtrace for this error:

Program received signal SIGSEGV: Segmentation fault - invalid memory reference.

Backtrace for this error:

Program received signal SIGSEGV: Segmentation fault - invalid memory reference.

Backtrace for this error:
#0  0x7f399777df1f in ???
#1  0x7f3998ca7447 in ???
#0  0x7f7a6af80f1f in ???
#1  0x7f7a6c4aa447 in ???
#2  0x7f7a6e36f5ff in ???
#3  0x7f7a6e363c94 in ???
#0  0x7f92f67f7f1f in ???
#1  0x7f92f7d21447 in ???
#2  0x7f92f9be65ff in ???
#3  0x7f92f9bdac94 in ???
#4  0x7f92f9bf4b30 in ???
#4  0x7f7a6e37db30 in ???
#5  0x7f7a6e9f26d9 in ???
#6  0x7f7a6e8ea38b in ???
#7  0x7f7a6e8ec713 in ???
#8  0x40150c in ???
#2  0x7f399ab6c5ff in ???
#3  0x7f399ab60c94 in ???
#4  0x7f399ab7ab30 in ???
#5  0x7f399b1ef6d9 in ???
#6  0x7f399b0e738b in ???
#7  0x7f399b0e9713 in ???
#8  0x40150c in ???
#9  0x402891 in ???
#5  0x7f92fa2696d9 in ???
#6  0x7f92fa16138b in ???
#7  0x7f92fa163713 in ???
#8  0x40150c in ???
#9  0x402891 in ???
#10  0x7f92f67dab96 in ???
#10  0x7f3997760b96 in ???
#11  0x4012b9 in ???
#12  0xffffffffffffffff in ???
#9  0x402891 in ???
#10  0x7f7a6af63b96 in ???
#11  0x4012b9 in ???
#12  0xffffffffffffffff in ???
#11  0x4012b9 in ???
#12  0xffffffffffffffff in ???
#0  0x7f0ce7040f1f in ???
#1  0x7f0ce856a447 in ???
#2  0x7f0cea42f5ff in ???
#3  0x7f0cea423c94 in ???
#4  0x7f0cea43db30 in ???
#5  0x7f0ceaab26d9 in ???
#6  0x7f0cea9aa38b in ???
#7  0x7f0cea9ac713 in ???
#8  0x40150c in ???
#9  0x402891 in ???
#10  0x7f0ce7023b96 in ???
#11  0x4012b9 in ???
#12  0xffffffffffffffff in ???
--------------------------------------------------------------------------
Primary job  terminated normally, but 1 process returned
a non-zero exit code. Per user-direction, the job has been aborted.
--------------------------------------------------------------------------
--------------------------------------------------------------------------
mpirun noticed that process rank 1 with PID 0 on node chianti exited on signal 11 (Segmentation fault).
--------------------------------------------------------------------------
