build time -- 2021-09-21 17:48:42.944656

Program received signal SIGSEGV: Segmentation fault - invalid memory reference.

Backtrace for this error:

Program received signal SIGSEGV: Segmentation fault - invalid memory reference.

Backtrace for this error:

Program received signal SIGSEGV: Segmentation fault - invalid memory reference.

Backtrace for this error:

Program received signal SIGSEGV: Segmentation fault - invalid memory reference.

Backtrace for this error:
#0  0x7f649f151f1f in ???
#1  0x7f64a067b447 in ???
#2  0x7f64a254046f in ???
#3  0x7f64a2534b04 in ???
#4  0x7f64a254e9a0 in ???
#5  0x7f64a2bc2ef4 in ???
#0  0x7fe831e9ff1f in ???
#1  0x7fe8333c9447 in ???
#2  0x7fe83528e46f in ???
#3  0x7fe835282b04 in ???
#4  0x7fe83529c9a0 in ???
#5  0x7fe835910ef4 in ???
#6  0x7fe835808cf1 in ???
#7  0x7fe83580af4f in ???
#0  0x7fc70921ef1f in ???
#1  0x7fc70a748447 in ???
#2  0x7fc70c60d46f in ???
#3  0x7fc70c601b04 in ???
#4  0x7fc70c61b9a0 in ???
#5  0x7fc70cc8fef4 in ???
#0  0x7fd65c3caf1f in ???
#1  0x7fd65d8f4447 in ???
#2  0x7fd65f7b946f in ???
#3  0x7fd65f7adb04 in ???
#4  0x7fd65f7c79a0 in ???
#5  0x7fd65fe3bef4 in ???
#6  0x7fd65fd33cf1 in ???
#7  0x7fd65fd35f4f in ???
#6  0x7fc70cb87cf1 in ???
#7  0x7fc70cb89f4f in ???
#8  0x401f36 in ???
#6  0x7f64a2abacf1 in ???
#7  0x7f64a2abcf4f in ???
#8  0x401f36 in ???
#9  0x4077f1 in ???
#10  0x7f649f134b96 in ???
#11  0x401cc9 in ???
#12  0xffffffffffffffff in ???
#8  0x401f36 in ???
#9  0x4077f1 in ???
#10  0x7fe831e82b96 in ???
#11  0x401cc9 in ???
#12  0xffffffffffffffff in ???
#8  0x401f36 in ???
#9  0x4077f1 in ???
#10  0x7fd65c3adb96 in ???
#11  0x401cc9 in ???
#12  0xffffffffffffffff in ???
#9  0x4077f1 in ???
#10  0x7fc709201b96 in ???
#11  0x401cc9 in ???
#12  0xffffffffffffffff in ???
--------------------------------------------------------------------------
Primary job  terminated normally, but 1 process returned
a non-zero exit code. Per user-direction, the job has been aborted.
--------------------------------------------------------------------------
--------------------------------------------------------------------------
mpirun noticed that process rank 0 with PID 0 on node chianti exited on signal 11 (Segmentation fault).
--------------------------------------------------------------------------
