build time -- 2021-09-25 13:53:27.975643

Program received signal SIGSEGV: Segmentation fault - invalid memory reference.

Backtrace for this error:

Program received signal SIGSEGV: Segmentation fault - invalid memory reference.

Backtrace for this error:

Program received signal SIGSEGV: Segmentation fault - invalid memory reference.

Backtrace for this error:

Program received signal SIGSEGV: Segmentation fault - invalid memory reference.

Backtrace for this error:
#0  0x14b16f0e4f1f in ???
#1  0x14b17060e447 in ???
#0  0x154024364f1f in ???
#1  0x15402588e447 in ???
#0  0x15163fb21f1f in ???
#1  0x15164104b447 in ???
#2  0x151642f105ff in ???
#3  0x151642f04c94 in ???
#4  0x151642f1eb30 in ???
#0  0x151813a01f1f in ???
#1  0x151814f2b447 in ???
#2  0x151816df05ff in ???
#3  0x151816de4c94 in ???
#4  0x151816dfeb30 in ???
#2  0x14b1724d35ff in ???
#3  0x14b1724c7c94 in ???
#4  0x14b1724e1b30 in ???
#5  0x14b172b566d9 in ???
#6  0x14b172a4e38b in ???
#2  0x1540277535ff in ???
#3  0x154027747c94 in ???
#4  0x154027761b30 in ???
#5  0x154027dd66d9 in ???
#5  0x1516435936d9 in ???
#6  0x15164348b38b in ???
#7  0x15164348d713 in ???
#8  0x4016d0 in ???
#9  0x403824 in ???
#10  0x15163fb04b96 in ???
#6  0x154027cce38b in ???
#7  0x154027cd0713 in ???
#8  0x4016d0 in ???
#9  0x403824 in ???
#10  0x154024347b96 in ???
#11  0x401489 in ???
#12  0xffffffffffffffff in ???
#5  0x1518174736d9 in ???
#6  0x15181736b38b in ???
#7  0x15181736d713 in ???
#8  0x4016d0 in ???
#9  0x403824 in ???
#10  0x1518139e4b96 in ???
#11  0x401489 in ???
#12  0xffffffffffffffff in ???
#7  0x14b172a50713 in ???
#8  0x4016d0 in ???
#9  0x403824 in ???
#10  0x14b16f0c7b96 in ???
#11  0x401489 in ???
#12  0xffffffffffffffff in ???
#11  0x401489 in ???
#12  0xffffffffffffffff in ???
--------------------------------------------------------------------------
Primary job  terminated normally, but 1 process returned
a non-zero exit code. Per user-direction, the job has been aborted.
--------------------------------------------------------------------------
--------------------------------------------------------------------------
mpirun noticed that process rank 3 with PID 0 on node chianti exited on signal 11 (Segmentation fault).
--------------------------------------------------------------------------
