build time -- 2021-09-26 17:50:16.754021

Program received signal SIGSEGV: Segmentation fault - invalid memory reference.

Backtrace for this error:

Program received signal SIGSEGV: Segmentation fault - invalid memory reference.

Backtrace for this error:

Program received signal SIGSEGV: Segmentation fault - invalid memory reference.

Backtrace for this error:

Program received signal SIGSEGV: Segmentation fault - invalid memory reference.

Backtrace for this error:
#0  0x7f2c1b1bbf1f in ???
#1  0x7f2c1c6e5447 in ???
#0  0x7fee8b0d1f1f in ???
#1  0x7fee8c5fb447 in ???
#2  0x7fee8e4c05ff in ???
#3  0x7fee8e4b4c94 in ???
#4  0x7fee8e4ceb30 in ???
#0  0x7faddb4acf1f in ???
#1  0x7faddc9d6447 in ???
#0  0x7efcdbdb9f1f in ???
#1  0x7efcdd2e3447 in ???
#2  0x7efcdf1a85ff in ???
#3  0x7efcdf19cc94 in ???
#4  0x7efcdf1b6b30 in ???
#2  0x7fadde89b5ff in ???
#3  0x7fadde88fc94 in ???
#4  0x7fadde8a9b30 in ???
#2  0x7f2c1e5aa5ff in ???
#3  0x7f2c1e59ec94 in ???
#4  0x7f2c1e5b8b30 in ???
#5  0x7fee8eb436d9 in ???
#6  0x7fee8ea3b38b in ???
#7  0x7fee8ea3d713 in ???
#8  0x401258 in ???
#5  0x7efcdf82b6d9 in ???
#6  0x7efcdf72338b in ???
#7  0x7efcdf725713 in ???
#8  0x401258 in ???
#9  0x401446 in ???
#9  0x401446 in ???
#10  0x7fee8b0b4b96 in ???
#11  0x401039 in ???
#12  0xffffffffffffffff in ???
#5  0x7faddef1e6d9 in ???
#6  0x7faddee1638b in ???
#7  0x7faddee18713 in ???
#8  0x401258 in ???
#9  0x401446 in ???
#10  0x7faddb48fb96 in ???
#11  0x401039 in ???
#12  0xffffffffffffffff in ???
#5  0x7f2c1ec2d6d9 in ???
#6  0x7f2c1eb2538b in ???
#7  0x7f2c1eb27713 in ???
#8  0x401258 in ???
#9  0x401446 in ???
#10  0x7f2c1b19eb96 in ???
#11  0x401039 in ???
#12  0xffffffffffffffff in ???
#10  0x7efcdbd9cb96 in ???
#11  0x401039 in ???
#12  0xffffffffffffffff in ???
--------------------------------------------------------------------------
Primary job  terminated normally, but 1 process returned
a non-zero exit code. Per user-direction, the job has been aborted.
--------------------------------------------------------------------------
--------------------------------------------------------------------------
mpirun noticed that process rank 0 with PID 0 on node chianti exited on signal 11 (Segmentation fault).
--------------------------------------------------------------------------
