build time -- 2021-06-16 01:28:16.390119
 NUOPC DRIVER + ATM Model example run
 NUOPC DRIVER + ATM Model example run
 NUOPC DRIVER + ATM Model example run
 NUOPC DRIVER + ATM Model example run
------>Advancing ATM from:    0  1  1  0  0  0   0
--------------------------------> to:    0  1  1  0  0 30   0
------>Advancing ATM from:    0  1  1  0  0  0   0
--------------------------------> to:    0  1  1  0  0 30   0
------>Advancing ATM from:    0  1  1  0  0  0   0
--------------------------------> to:    0  1  1  0  0 30   0
------>Advancing ATM from:    0  1  1  0  0  0   0
--------------------------------> to:    0  1  1  0  0 30   0
------>Advancing ATM from:    0  1  1  0  0 30   0
--------------------------------> to:    0  1  1  0  1  0   0
------>Advancing ATM from:    0  1  1  0  0 30   0
--------------------------------> to:    0  1  1  0  1  0   0
------>Advancing ATM from:    0  1  1  0  0 30   0
--------------------------------> to:    0  1  1  0  1  0   0
------>Advancing ATM from:    0  1  1  0  0 30   0
--------------------------------> to:    0  1  1  0  1  0   0
------>Advancing ATM from:    0  1  1  0  1  0   0
--------------------------------> to:    0  1  1  0  1 30   0
------>Advancing ATM from:    0  1  1  0  1  0   0
--------------------------------> to:    0  1  1  0  1 30   0
------>Advancing ATM from:    0  1  1  0  1  0   0
--------------------------------> to:    0  1  1  0  1 30   0
------>Advancing ATM from:    0  1  1  0  1  0   0
--------------------------------> to:    0  1  1  0  1 30   0
------>Advancing ATM from:    0  1  1  0  1 30   0
--------------------------------> to:    0  1  1  0  2  0   0
------>Advancing ATM from:    0  1  1  0  1 30   0
--------------------------------> to:    0  1  1  0  2  0   0
------>Advancing ATM from:    0  1  1  0  1 30   0
--------------------------------> to:    0  1  1  0  2  0   0
------>Advancing ATM from:    0  1  1  0  1 30   0
--------------------------------> to:    0  1  1  0  2  0   0
------>Advancing ATM from:    0  1  1  0  2  0   0
--------------------------------> to:    0  1  1  0  2 30   0
------>Advancing ATM from:    0  1  1  0  2  0   0
--------------------------------> to:    0  1  1  0  2 30   0
------>Advancing ATM from:    0  1  1  0  2  0   0
--------------------------------> to:    0  1  1  0  2 30   0
------>Advancing ATM from:    0  1  1  0  2  0   0
--------------------------------> to:    0  1  1  0  2 30   0
  PASS  Example ESMF_NUOPCAtmModelEx, ESMF_NUOPCAtmModelEx.F90, line 806
  PASS  Example ESMF_NUOPCAtmModelEx, ESMF_NUOPCAtmModelEx.F90, line 806
  PASS  Example ESMF_NUOPCAtmModelEx, ESMF_NUOPCAtmModelEx.F90, line 806
  PASS  Example ESMF_NUOPCAtmModelEx, ESMF_NUOPCAtmModelEx.F90, line 806
malloc_consolidate(): invalid chunk size

Program received signal SIGABRT: Process abort signal.

Backtrace for this error:
malloc_consolidate(): invalid chunk size

Program received signal SIGABRT: Process abort signal.

Backtrace for this error:
malloc_consolidate(): invalid chunk size

Program received signal SIGABRT: Process abort signal.

Backtrace for this error:
malloc_consolidate(): invalid chunk size

Program received signal SIGABRT: Process abort signal.

Backtrace for this error:
#0  0x7faf22f69f1f in ???
#1  0x7faf22f69e97 in ???
#2  0x7faf22f6b800 in ???
#3  0x7faf22fb4896 in ???
#4  0x7faf22fbb909 in ???
#5  0x7faf22fbbbad in ???
#6  0x7faf22fc303a in ???
#7  0x7faf22861198 in ???
#8  0x7faf2285f6e9 in ???
#9  0x7faf2283ddd1 in ???
#10  0x7faf244be721 in ???
#0  0x7fe9f5ac1f1f in ???
#1  0x7fe9f5ac1e97 in ???
#2  0x7fe9f5ac3800 in ???
#3  0x7fe9f5b0c896 in ???
#4  0x7fe9f5b13909 in ???
#5  0x7fe9f5b13bad in ???
#6  0x7fe9f5b1b03a in ???
#7  0x7fe9f53b9198 in ???
#8  0x7fe9f53b76e9 in ???
#9  0x7fe9f5395dd1 in ???
#10  0x7fe9f7016721 in ???
#11  0x7faf2636a26f in ???
#12  0x7faf2635eb40 in ???
#13  0x7faf26373024 in ???
#0  0x7f033254df1f in ???
#1  0x7f033254de97 in ???
#11  0x7fe9f8ec226f in ???
#12  0x7fe9f8eb6b40 in ???
#13  0x7fe9f8ecb024 in ???
#0  0x7f131bb69f1f in ???
#1  0x7f131bb69e97 in ???
#2  0x7f131bb6b800 in ???
#3  0x7f131bbb4896 in ???
#4  0x7f131bbbb909 in ???
#5  0x7f131bbbbbad in ???
#6  0x7f131bbc303a in ???
#7  0x7f131b461198 in ???
#8  0x7f131b45f6e9 in ???
#9  0x7f131b43ddd1 in ???
#10  0x7f131d0be721 in ???
#11  0x7f131ef6a26f in ???
#12  0x7f131ef5eb40 in ???
#13  0x7f131ef73024 in ???
#14  0x7f131f5eec09 in ???
#15  0x7f131f4dfad7 in ???
#16  0x40381e in ???
#17  0x403c9f in ???
#18  0x7f131bb4cb96 in ???
#19  0x401ba9 in ???
#20  0xffffffffffffffff in ???
#2  0x7f033254f800 in ???
#3  0x7f0332598896 in ???
#4  0x7f033259f909 in ???
#5  0x7f033259fbad in ???
#6  0x7f03325a703a in ???
#7  0x7f0331e45198 in ???
#8  0x7f0331e436e9 in ???
#9  0x7f0331e21dd1 in ???
#10  0x7f0333aa2721 in ???
#11  0x7f033594e26f in ???
#12  0x7f0335942b40 in ???
#13  0x7f0335957024 in ???
#14  0x7f0335fd2c09 in ???
#15  0x7f0335ec3ad7 in ???
#16  0x40381e in ???
#17  0x403c9f in ???
#18  0x7f0332530b96 in ???
#19  0x401ba9 in ???
#20  0xffffffffffffffff in ???
#14  0x7faf269eec09 in ???
#15  0x7faf268dfad7 in ???
#16  0x40381e in ???
#17  0x403c9f in ???
#18  0x7faf22f4cb96 in ???
#19  0x401ba9 in ???
#20  0xffffffffffffffff in ???
#14  0x7fe9f9546c09 in ???
#15  0x7fe9f9437ad7 in ???
#16  0x40381e in ???
#17  0x403c9f in ???
#18  0x7fe9f5aa4b96 in ???
#19  0x401ba9 in ???
#20  0xffffffffffffffff in ???
--------------------------------------------------------------------------
Primary job  terminated normally, but 1 process returned
a non-zero exit code. Per user-direction, the job has been aborted.
--------------------------------------------------------------------------
--------------------------------------------------------------------------
mpirun noticed that process rank 0 with PID 0 on node chianti exited on signal 6 (Aborted).
--------------------------------------------------------------------------
