build time -- 2021-09-25 13:53:27.975643

Program received signal SIGSEGV: Segmentation fault - invalid memory reference.

Backtrace for this error:

Program received signal SIGSEGV: Segmentation fault - invalid memory reference.

Backtrace for this error:

Program received signal SIGSEGV: Segmentation fault - invalid memory reference.

Backtrace for this error:

Program received signal SIGSEGV: Segmentation fault - invalid memory reference.

Backtrace for this error:
#0  0x14d2ed6bcf1f in ???
#1  0x14d2eebe6447 in ???
#0  0x14c9fa55df1f in ???
#1  0x14c9fba87447 in ???
#2  0x14c9fd94c5ff in ???
#3  0x14c9fd940c94 in ???
#0  0x147e0747af1f in ???
#1  0x147e089a4447 in ???
#2  0x147e0a8695ff in ???
#3  0x147e0a85dc94 in ???
#4  0x14c9fd95ab30 in ???
#5  0x14c9fdfcf6d9 in ???
#2  0x14d2f0aab5ff in ???
#3  0x14d2f0a9fc94 in ???
#4  0x14d2f0ab9b30 in ???
#5  0x14d2f112e6d9 in ???
#6  0x14d2f102638b in ???
#7  0x14d2f1028713 in ???
#4  0x147e0a877b30 in ???
#5  0x147e0aeec6d9 in ???
#6  0x147e0ade438b in ???
#7  0x147e0ade6713 in ???
#8  0x401738 in ???
#8  0x401738 in ???
#9  0x403ce8 in ???
#10  0x14d2ed69fb96 in ???
#11  0x4014d9 in ???
#12  0xffffffffffffffff in ???
#6  0x14c9fdec738b in ???
#7  0x14c9fdec9713 in ???
#8  0x401738 in ???
#9  0x403ce8 in ???
#10  0x14c9fa540b96 in ???
#11  0x4014d9 in ???
#12  0xffffffffffffffff in ???
#9  0x403ce8 in ???
#10  0x147e0745db96 in ???
#11  0x4014d9 in ???
#12  0xffffffffffffffff in ???
#0  0x155454481f1f in ???
#1  0x1554559ab447 in ???
#2  0x1554578705ff in ???
#3  0x155457864c94 in ???
#4  0x15545787eb30 in ???
#5  0x155457ef36d9 in ???
#6  0x155457deb38b in ???
#7  0x155457ded713 in ???
#8  0x401738 in ???
#9  0x403ce8 in ???
#10  0x155454464b96 in ???
#11  0x4014d9 in ???
#12  0xffffffffffffffff in ???
--------------------------------------------------------------------------
Primary job  terminated normally, but 1 process returned
a non-zero exit code. Per user-direction, the job has been aborted.
--------------------------------------------------------------------------
--------------------------------------------------------------------------
mpirun noticed that process rank 3 with PID 0 on node chianti exited on signal 11 (Segmentation fault).
--------------------------------------------------------------------------
