build time -- 2021-09-25 17:49:18.503337

Program received signal SIGSEGV: Segmentation fault - invalid memory reference.

Backtrace for this error:

Program received signal SIGSEGV: Segmentation fault - invalid memory reference.

Backtrace for this error:

Program received signal SIGSEGV: Segmentation fault - invalid memory reference.

Backtrace for this error:

Program received signal SIGSEGV: Segmentation fault - invalid memory reference.

Backtrace for this error:
#0  0x7efd38c6df1f in ???
#1  0x7efd3a197447 in ???
#0  0x7f7394dd5f1f in ???
#1  0x7f73962ff447 in ???
#2  0x7f73981c45ff in ???
#3  0x7f73981b8c94 in ???
#0  0x7fe3dc8ebf1f in ???
#1  0x7fe3dde15447 in ???
#2  0x7fe3dfcda5ff in ???
#3  0x7fe3dfccec94 in ???
#4  0x7f73981d2b30 in ???
#5  0x7f73988476d9 in ???
#2  0x7efd3c05c5ff in ???
#3  0x7efd3c050c94 in ???
#4  0x7efd3c06ab30 in ???
#5  0x7efd3c6df6d9 in ???
#4  0x7fe3dfce8b30 in ???
#5  0x7fe3e035d6d9 in ???
#6  0x7fe3e025538b in ???
#6  0x7efd3c5d738b in ???
#7  0x7efd3c5d9713 in ???
#8  0x401b98 in ???
#9  0x404ac8 in ???
#10  0x7efd38c50b96 in ???
#11  0x401909 in ???
#12  0xffffffffffffffff in ???
#6  0x7f739873f38b in ???
#7  0x7f7398741713 in ???
#8  0x401b98 in ???
#9  0x404ac8 in ???
#10  0x7f7394db8b96 in ???
#11  0x401909 in ???
#12  0xffffffffffffffff in ???
#7  0x7fe3e0257713 in ???
#8  0x401b98 in ???
#9  0x404ac8 in ???
#10  0x7fe3dc8ceb96 in ???
#11  0x401909 in ???
#12  0xffffffffffffffff in ???
#0  0x7f809df4cf1f in ???
#1  0x7f809f476447 in ???
#2  0x7f80a133b5ff in ???
#3  0x7f80a132fc94 in ???
#4  0x7f80a1349b30 in ???
#5  0x7f80a19be6d9 in ???
#6  0x7f80a18b638b in ???
#7  0x7f80a18b8713 in ???
#8  0x401b98 in ???
#9  0x404ac8 in ???
#10  0x7f809df2fb96 in ???
#11  0x401909 in ???
#12  0xffffffffffffffff in ???
--------------------------------------------------------------------------
Primary job  terminated normally, but 1 process returned
a non-zero exit code. Per user-direction, the job has been aborted.
--------------------------------------------------------------------------
--------------------------------------------------------------------------
mpirun noticed that process rank 1 with PID 0 on node chianti exited on signal 11 (Segmentation fault).
--------------------------------------------------------------------------
