build time -- 2021-09-20 19:12:36.587902

Program received signal SIGSEGV: Segmentation fault - invalid memory reference.

Backtrace for this error:

Program received signal SIGSEGV: Segmentation fault - invalid memory reference.

Backtrace for this error:

Program received signal SIGSEGV: Segmentation fault - invalid memory reference.

Backtrace for this error:

Program received signal SIGSEGV: Segmentation fault - invalid memory reference.

Backtrace for this error:
#0  0x14ff00442f1f in ???
#1  0x14ff0196c447 in ???
#2  0x14ff0383146f in ???
#3  0x14ff03825b04 in ???
#4  0x14ff0383f9a0 in ???
#5  0x14ff03eb3ef4 in ???
#6  0x14ff03dabcf1 in ???
#7  0x14ff03dadf4f in ???
#8  0x4012b5 in ???
#9  0x40190a in ???
#10  0x14ff00425b96 in ???
#11  0x4010d9 in ???
#12  0xffffffffffffffff in ???
#0  0x14fba615ef1f in ???
#1  0x14fba7688447 in ???
#2  0x14fba954d46f in ???
#3  0x14fba9541b04 in ???
#4  0x14fba955b9a0 in ???
#5  0x14fba9bcfef4 in ???
#6  0x14fba9ac7cf1 in ???
#7  0x14fba9ac9f4f in ???
#8  0x4012b5 in ???
#9  0x40190a in ???
#10  0x14fba6141b96 in ???
#11  0x4010d9 in ???
#12  0xffffffffffffffff in ???
#0  0x152e86093f1f in ???
#1  0x152e875bd447 in ???
#2  0x152e8948246f in ???
#3  0x152e89476b04 in ???
#4  0x152e894909a0 in ???
#5  0x152e89b04ef4 in ???
#6  0x152e899fccf1 in ???
#7  0x152e899fef4f in ???
#8  0x4012b5 in ???
#9  0x40190a in ???
#10  0x152e86076b96 in ???
#11  0x4010d9 in ???
#12  0xffffffffffffffff in ???
#0  0x153a29d4bf1f in ???
#1  0x153a2b275447 in ???
#2  0x153a2d13a46f in ???
#3  0x153a2d12eb04 in ???
#4  0x153a2d1489a0 in ???
#5  0x153a2d7bcef4 in ???
#6  0x153a2d6b4cf1 in ???
#7  0x153a2d6b6f4f in ???
#8  0x4012b5 in ???
#9  0x40190a in ???
#10  0x153a29d2eb96 in ???
#11  0x4010d9 in ???
#12  0xffffffffffffffff in ???
--------------------------------------------------------------------------
Primary job  terminated normally, but 1 process returned
a non-zero exit code. Per user-direction, the job has been aborted.
--------------------------------------------------------------------------
--------------------------------------------------------------------------
mpirun noticed that process rank 1 with PID 0 on node chianti exited on signal 11 (Segmentation fault).
--------------------------------------------------------------------------
