build time -- 2021-09-25 17:49:18.503337

Program received signal SIGSEGV: Segmentation fault - invalid memory reference.

Program received signal SIGSEGV: Segmentation fault - invalid memory reference.

Backtrace for this error:

Backtrace for this error:

Program received signal SIGSEGV: Segmentation fault - invalid memory reference.

Backtrace for this error:

Program received signal SIGSEGV: Segmentation fault - invalid memory reference.

Backtrace for this error:
#0  0x7f92ffa84f1f in ???
#1  0x7f9300fae447 in ???
#2  0x7f9302e735ff in ???
#3  0x7f9302e67c94 in ???
#0  0x7ffbb0c12f1f in ???
#1  0x7ffbb213c447 in ???
#2  0x7ffbb40015ff in ???
#3  0x7ffbb3ff5c94 in ???
#4  0x7ffbb400fb30 in ???
#0  0x7f30f7a1af1f in ???
#1  0x7f30f8f44447 in ???
#2  0x7f30fae095ff in ???
#3  0x7f30fadfdc94 in ???
#4  0x7f30fae17b30 in ???
#5  0x7f30fb48c6d9 in ???
#6  0x7f30fb38438b in ???
#7  0x7f30fb386713 in ???
#0  0x7fd270e6ef1f in ???
#1  0x7fd272398447 in ???
#2  0x7fd27425d5ff in ???
#3  0x7fd274251c94 in ???
#4  0x7fd27426bb30 in ???
#5  0x7fd2748e06d9 in ???
#6  0x7fd2747d838b in ???
#7  0x7fd2747da713 in ???
#8  0x401453 in ???
#8  0x401453 in ???
#9  0x402cef in ???
#10  0x7f30f79fdb96 in ???
#11  0x401269 in ???
#12  0xffffffffffffffff in ???
#4  0x7f9302e81b30 in ???
#5  0x7f93034f66d9 in ???
#6  0x7f93033ee38b in ???
#7  0x7f93033f0713 in ???
#8  0x401453 in ???
#9  0x402cef in ???
#10  0x7f92ffa67b96 in ???
#11  0x401269 in ???
#12  0xffffffffffffffff in ???
#5  0x7ffbb46846d9 in ???
#6  0x7ffbb457c38b in ???
#7  0x7ffbb457e713 in ???
#8  0x401453 in ???
#9  0x402cef in ???
#10  0x7ffbb0bf5b96 in ???
#11  0x401269 in ???
#12  0xffffffffffffffff in ???
#9  0x402cef in ???
#10  0x7fd270e51b96 in ???
#11  0x401269 in ???
#12  0xffffffffffffffff in ???
--------------------------------------------------------------------------
Primary job  terminated normally, but 1 process returned
a non-zero exit code. Per user-direction, the job has been aborted.
--------------------------------------------------------------------------
--------------------------------------------------------------------------
mpirun noticed that process rank 2 with PID 0 on node chianti exited on signal 11 (Segmentation fault).
--------------------------------------------------------------------------
