build time -- 2021-09-25 17:49:18.503337

Program received signal SIGSEGV: Segmentation fault - invalid memory reference.

Backtrace for this error:

Program received signal SIGSEGV: Segmentation fault - invalid memory reference.

Backtrace for this error:

Program received signal SIGSEGV: Segmentation fault - invalid memory reference.

Backtrace for this error:

Program received signal SIGSEGV: Segmentation fault - invalid memory reference.

Backtrace for this error:
#0  0x7faf7b2b2f1f in ???
#1  0x7faf7c7dc447 in ???
#0  0x7f44c5fe4f1f in ???
#1  0x7f44c750e447 in ???
#2  0x7f44c93d35ff in ???
#3  0x7f44c93c7c94 in ???
#0  0x7fa0120cdf1f in ???
#1  0x7fa0135f7447 in ???
#2  0x7faf7e6a15ff in ???
#3  0x7faf7e695c94 in ???
#4  0x7faf7e6afb30 in ???
#5  0x7faf7ed246d9 in ???
#4  0x7f44c93e1b30 in ???
#5  0x7f44c9a566d9 in ???
#6  0x7faf7ec1c38b in ???
#7  0x7faf7ec1e713 in ???
#8  0x4017df in ???
#9  0x4029da in ???
#10  0x7faf7b295b96 in ???
#11  0x401569 in ???
#12  0xffffffffffffffff in ???
#2  0x7fa0154bc5ff in ???
#3  0x7fa0154b0c94 in ???
#4  0x7fa0154cab30 in ???
#5  0x7fa015b3f6d9 in ???
#6  0x7fa015a3738b in ???
#7  0x7fa015a39713 in ???
#8  0x4017df in ???
#9  0x4029da in ???
#10  0x7fa0120b0b96 in ???
#11  0x401569 in ???
#12  0xffffffffffffffff in ???
#6  0x7f44c994e38b in ???
#7  0x7f44c9950713 in ???
#8  0x4017df in ???
#9  0x4029da in ???
#10  0x7f44c5fc7b96 in ???
#11  0x401569 in ???
#12  0xffffffffffffffff in ???
#0  0x7f8548d8bf1f in ???
#1  0x7f854a2b5447 in ???
#2  0x7f854c17a5ff in ???
#3  0x7f854c16ec94 in ???
#4  0x7f854c188b30 in ???
#5  0x7f854c7fd6d9 in ???
#6  0x7f854c6f538b in ???
#7  0x7f854c6f7713 in ???
#8  0x4017df in ???
#9  0x4029da in ???
#10  0x7f8548d6eb96 in ???
#11  0x401569 in ???
#12  0xffffffffffffffff in ???
--------------------------------------------------------------------------
Primary job  terminated normally, but 1 process returned
a non-zero exit code. Per user-direction, the job has been aborted.
--------------------------------------------------------------------------
--------------------------------------------------------------------------
mpirun noticed that process rank 2 with PID 0 on node chianti exited on signal 11 (Segmentation fault).
--------------------------------------------------------------------------
