build time -- 2021-09-21 17:48:42.944656

Program received signal SIGSEGV: Segmentation fault - invalid memory reference.

Backtrace for this error:

Program received signal SIGSEGV: Segmentation fault - invalid memory reference.

Backtrace for this error:

Program received signal SIGSEGV: Segmentation fault - invalid memory reference.

Backtrace for this error:

Program received signal SIGSEGV: Segmentation fault - invalid memory reference.

Backtrace for this error:
#0  0x7f68a7bcff1f in ???
#1  0x7f68a90f9447 in ???
#2  0x7f68aafbe46f in ???
#3  0x7f68aafb2b04 in ???
#4  0x7f68aafcc9a0 in ???
#0  0x7f75baa0bf1f in ???
#1  0x7f75bbf35447 in ???
#2  0x7f75bddfa46f in ???
#3  0x7f75bddeeb04 in ???
#0  0x7f481184ff1f in ???
#1  0x7f4812d79447 in ???
#2  0x7f4814c3e46f in ???
#3  0x7f4814c32b04 in ???
#4  0x7f4814c4c9a0 in ???
#5  0x7f68ab640ef4 in ???
#6  0x7f68ab538cf1 in ???
#7  0x7f68ab53af4f in ???
#8  0x4010e5 in ???
#9  0x401653 in ???
#10  0x7f68a7bb2b96 in ???
#11  0x400f09 in ???
#12  0xffffffffffffffff in ???
#4  0x7f75bde089a0 in ???
#5  0x7f75be47cef4 in ???
#6  0x7f75be374cf1 in ???
#7  0x7f75be376f4f in ???
#8  0x4010e5 in ???
#5  0x7f48152c0ef4 in ???
#6  0x7f48151b8cf1 in ???
#7  0x7f48151baf4f in ???
#8  0x4010e5 in ???
#9  0x401653 in ???
#10  0x7f4811832b96 in ???
#11  0x400f09 in ???
#0  0x7f5363011f1f in ???
#1  0x7f536453b447 in ???
#9  0x401653 in ???
#10  0x7f75ba9eeb96 in ???
#11  0x400f09 in ???
#12  0xffffffffffffffff in ???
#12  0xffffffffffffffff in ???
#2  0x7f536640046f in ???
#3  0x7f53663f4b04 in ???
#4  0x7f536640e9a0 in ???
#5  0x7f5366a82ef4 in ???
#6  0x7f536697acf1 in ???
#7  0x7f536697cf4f in ???
#8  0x4010e5 in ???
#9  0x401653 in ???
#10  0x7f5362ff4b96 in ???
#11  0x400f09 in ???
#12  0xffffffffffffffff in ???
--------------------------------------------------------------------------
Primary job  terminated normally, but 1 process returned
a non-zero exit code. Per user-direction, the job has been aborted.
--------------------------------------------------------------------------
--------------------------------------------------------------------------
mpirun noticed that process rank 3 with PID 0 on node chianti exited on signal 11 (Segmentation fault).
--------------------------------------------------------------------------
