build time -- 2021-09-22 17:49:54.018051

Program received signal SIGSEGV: Segmentation fault - invalid memory reference.

Backtrace for this error:

Program received signal SIGSEGV: Segmentation fault - invalid memory reference.

Backtrace for this error:

Program received signal SIGSEGV: Segmentation fault - invalid memory reference.

Backtrace for this error:

Program received signal SIGSEGV: Segmentation fault - invalid memory reference.

Backtrace for this error:
#0  0x7f72cf70ef1f in ???
#1  0x7f72d0c38447 in ???
#2  0x7f72d2afd555 in ???
#0  0x7f25aacd1f1f in ???
#1  0x7f25ac1fb447 in ???
#2  0x7f25ae0c0555 in ???
#3  0x7f25ae0b4bea in ???
#4  0x7f25ae0cea86 in ???
#5  0x7f25ae742fda in ???
#6  0x7f25ae63add7 in ???
#7  0x7f25ae63d035 in ???
#8  0x401863 in ???
#9  0x402d9f in ???
#10  0x7f25aacb4b96 in ???
#11  0x4015a9 in ???
#0  0x7f7fca308f1f in ???
#1  0x7f7fcb832447 in ???
#2  0x7f7fcd6f7555 in ???
#3  0x7f7fcd6ebbea in ???
#4  0x7f7fcd705a86 in ???
#5  0x7f7fcdd79fda in ???
#6  0x7f7fcdc71dd7 in ???
#7  0x7f7fcdc74035 in ???
#8  0x401863 in ???
#9  0x402d9f in ???
#10  0x7f7fca2ebb96 in ???
#11  0x4015a9 in ???
#12  0xffffffffffffffff in ???
#0  0x7f8acc28bf1f in ???
#1  0x7f8acd7b5447 in ???
#2  0x7f8acf67a555 in ???
#3  0x7f8acf66ebea in ???
#4  0x7f8acf688a86 in ???
#5  0x7f8acfcfcfda in ???
#6  0x7f8acfbf4dd7 in ???
#7  0x7f8acfbf7035 in ???
#8  0x401863 in ???
#9  0x402d9f in ???
#10  0x7f8acc26eb96 in ???
#11  0x4015a9 in ???
#12  0xffffffffffffffff in ???
#3  0x7f72d2af1bea in ???
#4  0x7f72d2b0ba86 in ???
#5  0x7f72d317ffda in ???
#6  0x7f72d3077dd7 in ???
#7  0x7f72d307a035 in ???
#8  0x401863 in ???
#9  0x402d9f in ???
#10  0x7f72cf6f1b96 in ???
#11  0x4015a9 in ???
#12  0xffffffffffffffff in ???
#12  0xffffffffffffffff in ???
--------------------------------------------------------------------------
Primary job  terminated normally, but 1 process returned
a non-zero exit code. Per user-direction, the job has been aborted.
--------------------------------------------------------------------------
--------------------------------------------------------------------------
mpirun noticed that process rank 1 with PID 0 on node chianti exited on signal 11 (Segmentation fault).
--------------------------------------------------------------------------
