build time -- 2021-09-26 17:50:16.754021

Program received signal SIGSEGV: Segmentation fault - invalid memory reference.

Backtrace for this error:

Program received signal SIGSEGV: Segmentation fault - invalid memory reference.

Backtrace for this error:

Program received signal SIGSEGV: Segmentation fault - invalid memory reference.

Backtrace for this error:

Program received signal SIGSEGV: Segmentation fault - invalid memory reference.

Backtrace for this error:
#0  0x7f89ebd8df1f in ???
#1  0x7f89ed2b7447 in ???
#0  0x7f601aeebf1f in ???
#1  0x7f601c415447 in ???
#2  0x7f89ef17c5ff in ???
#3  0x7f89ef170c94 in ???
#2  0x7f601e2da5ff in ???
#3  0x7f601e2cec94 in ???
#4  0x7f601e2e8b30 in ???
#4  0x7f89ef18ab30 in ???
#5  0x7f89ef7ff6d9 in ???
#6  0x7f89ef6f738b in ???
#7  0x7f89ef6f9713 in ???
#8  0x401710 in ???
#9  0x403a9e in ???
#10  0x7f89ebd70b96 in ???
#11  0x4014c9 in ???
#12  0xffffffffffffffff in ???
#5  0x7f601e95d6d9 in ???
#6  0x7f601e85538b in ???
#7  0x7f601e857713 in ???
#8  0x401710 in ???
#9  0x403a9e in ???
#10  0x7f601aeceb96 in ???
#11  0x4014c9 in ???
#12  0xffffffffffffffff in ???
#0  0x7fd823f63f1f in ???
#1  0x7fd82548d447 in ???
#2  0x7fd8273525ff in ???
#3  0x7fd827346c94 in ???
#4  0x7fd827360b30 in ???
#5  0x7fd8279d56d9 in ???
#6  0x7fd8278cd38b in ???
#7  0x7fd8278cf713 in ???
#8  0x401710 in ???
#9  0x403a9e in ???
#10  0x7fd823f46b96 in ???
#11  0x4014c9 in ???
#12  0xffffffffffffffff in ???
#0  0x7f4226bb8f1f in ???
#1  0x7f42280e2447 in ???
#2  0x7f4229fa75ff in ???
#3  0x7f4229f9bc94 in ???
#4  0x7f4229fb5b30 in ???
#5  0x7f422a62a6d9 in ???
#6  0x7f422a52238b in ???
#7  0x7f422a524713 in ???
#8  0x401710 in ???
#9  0x403a9e in ???
#10  0x7f4226b9bb96 in ???
#11  0x4014c9 in ???
#12  0xffffffffffffffff in ???
--------------------------------------------------------------------------
Primary job  terminated normally, but 1 process returned
a non-zero exit code. Per user-direction, the job has been aborted.
--------------------------------------------------------------------------
--------------------------------------------------------------------------
mpirun noticed that process rank 2 with PID 0 on node chianti exited on signal 11 (Segmentation fault).
--------------------------------------------------------------------------
