build time -- 2021-09-22 17:49:54.018051

Program received signal SIGSEGV: Segmentation fault - invalid memory reference.

Backtrace for this error:

Program received signal SIGSEGV: Segmentation fault - invalid memory reference.

Backtrace for this error:

Program received signal SIGSEGV: Segmentation fault - invalid memory reference.

Backtrace for this error:

Program received signal SIGSEGV: Segmentation fault - invalid memory reference.

Backtrace for this error:
#0  0x7f2b5e203f1f in ???
#1  0x7f2b5f72d447 in ???
#2  0x7f2b615f2555 in ???
#0  0x7feadf584f1f in ???
#1  0x7feae0aae447 in ???
#2  0x7feae2973555 in ???
#3  0x7feae2967bea in ???
#4  0x7feae2981a86 in ???
#0  0x7f082b791f1f in ???
#1  0x7f082ccbb447 in ???
#2  0x7f082eb80555 in ???
#3  0x7f082eb74bea in ???
#4  0x7f082eb8ea86 in ???
#5  0x7f082f202fda in ???
#0  0x7fe02b334f1f in ???
#1  0x7fe02c85e447 in ???
#2  0x7fe02e723555 in ???
#3  0x7fe02e717bea in ???
#4  0x7fe02e731a86 in ???
#5  0x7fe02eda5fda in ???
#6  0x7fe02ec9ddd7 in ???
#7  0x7fe02eca0035 in ???
#6  0x7f082f0fadd7 in ???
#7  0x7f082f0fd035 in ???
#8  0x401025 in ???
#9  0x401492 in ???
#10  0x7f082b774b96 in ???
#11  0x400e49 in ???
#12  0xffffffffffffffff in ???
#3  0x7f2b615e6bea in ???
#4  0x7f2b61600a86 in ???
#5  0x7f2b61c74fda in ???
#6  0x7f2b61b6cdd7 in ???
#7  0x7f2b61b6f035 in ???
#8  0x401025 in ???
#9  0x401492 in ???
#10  0x7f2b5e1e6b96 in ???
#11  0x400e49 in ???
#12  0xffffffffffffffff in ???
#5  0x7feae2ff5fda in ???
#6  0x7feae2eeddd7 in ???
#7  0x7feae2ef0035 in ???
#8  0x401025 in ???
#9  0x401492 in ???
#10  0x7feadf567b96 in ???
#11  0x400e49 in ???
#12  0xffffffffffffffff in ???
#8  0x401025 in ???
#9  0x401492 in ???
#10  0x7fe02b317b96 in ???
#11  0x400e49 in ???
#12  0xffffffffffffffff in ???
--------------------------------------------------------------------------
Primary job  terminated normally, but 1 process returned
a non-zero exit code. Per user-direction, the job has been aborted.
--------------------------------------------------------------------------
--------------------------------------------------------------------------
mpirun noticed that process rank 2 with PID 0 on node chianti exited on signal 11 (Segmentation fault).
--------------------------------------------------------------------------
