build time -- 2021-09-26 17:50:16.754021

Program received signal SIGSEGV: Segmentation fault - invalid memory reference.

Backtrace for this error:

Program received signal SIGSEGV: Segmentation fault - invalid memory reference.

Backtrace for this error:

Program received signal SIGSEGV: Segmentation fault - invalid memory reference.

Backtrace for this error:

Program received signal SIGSEGV: Segmentation fault - invalid memory reference.

Backtrace for this error:
#0  0x7f0a499b1f1f in ???
#1  0x7f0a4aedb447 in ???
#2  0x7f0a4cda05ff in ???
#3  0x7f0a4cd94c94 in ???
#0  0x7fe94227ef1f in ???
#1  0x7fe9437a8447 in ???
#2  0x7fe94566d5ff in ???
#3  0x7fe945661c94 in ???
#4  0x7fe94567bb30 in ???
#0  0x7f76aea42f1f in ???
#1  0x7f76aff6c447 in ???
#2  0x7f76b1e315ff in ???
#3  0x7f76b1e25c94 in ???
#4  0x7f76b1e3fb30 in ???
#0  0x7fe55cac1f1f in ???
#1  0x7fe55dfeb447 in ???
#2  0x7fe55feb05ff in ???
#3  0x7fe55fea4c94 in ???
#4  0x7fe55febeb30 in ???
#5  0x7fe5605336d9 in ???
#5  0x7f76b24b46d9 in ???
#6  0x7f76b23ac38b in ???
#4  0x7f0a4cdaeb30 in ???
#5  0x7f0a4d4236d9 in ???
#6  0x7f0a4d31b38b in ???
#7  0x7f0a4d31d713 in ???
#8  0x4013a0 in ???
#9  0x404953 in ???
#5  0x7fe945cf06d9 in ???
#6  0x7fe945be838b in ???
#7  0x7fe945bea713 in ???
#8  0x4013a0 in ???
#9  0x404953 in ???
#10  0x7fe942261b96 in ???
#11  0x401179 in ???
#12  0xffffffffffffffff in ???
#6  0x7fe56042b38b in ???
#7  0x7fe56042d713 in ???
#8  0x4013a0 in ???
#9  0x404953 in ???
#10  0x7fe55caa4b96 in ???
#11  0x401179 in ???
#12  0xffffffffffffffff in ???
#7  0x7f76b23ae713 in ???
#8  0x4013a0 in ???
#9  0x404953 in ???
#10  0x7f76aea25b96 in ???
#11  0x401179 in ???
#12  0xffffffffffffffff in ???
#10  0x7f0a49994b96 in ???
#11  0x401179 in ???
#12  0xffffffffffffffff in ???
--------------------------------------------------------------------------
Primary job  terminated normally, but 1 process returned
a non-zero exit code. Per user-direction, the job has been aborted.
--------------------------------------------------------------------------
--------------------------------------------------------------------------
mpirun noticed that process rank 0 with PID 0 on node chianti exited on signal 11 (Segmentation fault).
--------------------------------------------------------------------------
