build time -- 2021-09-23 17:46:09.091267

Program received signal SIGSEGV: Segmentation fault - invalid memory reference.

Backtrace for this error:

Program received signal SIGSEGV: Segmentation fault - invalid memory reference.

Backtrace for this error:

Program received signal SIGSEGV: Segmentation fault - invalid memory reference.

Backtrace for this error:

Program received signal SIGSEGV: Segmentation fault - invalid memory reference.

Backtrace for this error:
#0  0x7f080d227f1f in ???
#1  0x7f080e751447 in ???
#2  0x7f08106165bf in ???
#3  0x7f081060ac54 in ???
#4  0x7f0810624af0 in ???
#0  0x7f958c432f1f in ???
#1  0x7f958d95c447 in ???
#2  0x7f958f8215bf in ???
#3  0x7f958f815c54 in ???
#4  0x7f958f82faf0 in ???
#5  0x7f958fea4269 in ???
#6  0x7f958fd9c066 in ???
#7  0x7f958fd9e2c4 in ???
#8  0x401043 in ???
#9  0x40128b in ???
#10  0x7f958c415b96 in ???
#0  0x7ff55e905f1f in ???
#1  0x7ff55fe2f447 in ???
#2  0x7ff561cf45bf in ???
#3  0x7ff561ce8c54 in ???
#4  0x7ff561d02af0 in ???
#5  0x7ff562377269 in ???
#6  0x7ff56226f066 in ???
#7  0x7ff5622712c4 in ???
#8  0x401043 in ???
#9  0x40128b in ???
#10  0x7ff55e8e8b96 in ???
#11  0x400e69 in ???
#0  0x7faffe37bf1f in ???
#1  0x7fafff8a5447 in ???
#2  0x7fb00176a5bf in ???
#3  0x7fb00175ec54 in ???
#4  0x7fb001778af0 in ???
#5  0x7fb001ded269 in ???
#6  0x7fb001ce5066 in ???
#7  0x7fb001ce72c4 in ???
#8  0x401043 in ???
#9  0x40128b in ???
#10  0x7faffe35eb96 in ???
#11  0x400e69 in ???
#12  0xffffffffffffffff in ???
#12  0xffffffffffffffff in ???
#5  0x7f0810c99269 in ???
#6  0x7f0810b91066 in ???
#7  0x7f0810b932c4 in ???
#8  0x401043 in ???
#9  0x40128b in ???
#10  0x7f080d20ab96 in ???
#11  0x400e69 in ???
#12  0xffffffffffffffff in ???
#11  0x400e69 in ???
#12  0xffffffffffffffff in ???
--------------------------------------------------------------------------
Primary job  terminated normally, but 1 process returned
a non-zero exit code. Per user-direction, the job has been aborted.
--------------------------------------------------------------------------
--------------------------------------------------------------------------
mpirun noticed that process rank 3 with PID 0 on node chianti exited on signal 11 (Segmentation fault).
--------------------------------------------------------------------------
