build time -- 2021-09-20 19:12:36.587902

Program received signal SIGSEGV: Segmentation fault - invalid memory reference.

Backtrace for this error:
#0  0x14cc9eca5f1f in ???
#1  0x14cca01cf447 in ???
#2  0x14cca209446f in ???
#3  0x14cca2088b04 in ???
#4  0x14cca20a29a0 in ???
#5  0x14cca2716ef4 in ???
#6  0x14cca260ecf1 in ???
#7  0x14cca2610f4f in ???
#8  0x40126f in ???
#9  0x4019ad in ???
#10  0x14cc9ec88b96 in ???
#11  0x401069 in ???
#12  0xffffffffffffffff in ???
--------------------------------------------------------------------------
Primary job  terminated normally, but 1 process returned
a non-zero exit code. Per user-direction, the job has been aborted.
--------------------------------------------------------------------------
--------------------------------------------------------------------------
mpirun noticed that process rank 0 with PID 0 on node chianti exited on signal 11 (Segmentation fault).
--------------------------------------------------------------------------
