build time -- 2021-09-26 17:50:16.754021

Program received signal SIGSEGV: Segmentation fault - invalid memory reference.

Backtrace for this error:

Program received signal SIGSEGV: Segmentation fault - invalid memory reference.

Backtrace for this error:

Program received signal SIGSEGV: Segmentation fault - invalid memory reference.

Backtrace for this error:

Program received signal SIGSEGV: Segmentation fault - invalid memory reference.

Backtrace for this error:
#0  0x7fc3aa647f1f in ???
#1  0x7fc3abb71447 in ???
#0  0x7f29630d6f1f in ???
#1  0x7f2964600447 in ???
#2  0x7fc3ada365ff in ???
#2  0x7f29664c55ff in ???
#3  0x7fc3ada2ac94 in ???
#4  0x7fc3ada44b30 in ???
#5  0x7fc3ae0b96d9 in ???
#6  0x7fc3adfb138b in ???
#7  0x7fc3adfb3713 in ???
#8  0x4015ee in ???
#9  0x404242 in ???
#10  0x7fc3aa62ab96 in ???
#11  0x4013a9 in ???
#12  0xffffffffffffffff in ???
#3  0x7f29664b9c94 in ???
#4  0x7f29664d3b30 in ???
#5  0x7f2966b486d9 in ???
#6  0x7f2966a4038b in ???
#7  0x7f2966a42713 in ???
#8  0x4015ee in ???
#9  0x404242 in ???
#10  0x7f29630b9b96 in ???
#11  0x4013a9 in ???
#12  0xffffffffffffffff in ???
#0  0x7ff4d833af1f in ???
#1  0x7ff4d9864447 in ???
#2  0x7ff4db7295ff in ???
#3  0x7ff4db71dc94 in ???
#4  0x7ff4db737b30 in ???
#5  0x7ff4dbdac6d9 in ???
#6  0x7ff4dbca438b in ???
#7  0x7ff4dbca6713 in ???
#8  0x4015ee in ???
#9  0x404242 in ???
#10  0x7ff4d831db96 in ???
#11  0x4013a9 in ???
#12  0xffffffffffffffff in ???
#0  0x7f581f7baf1f in ???
#1  0x7f5820ce4447 in ???
#2  0x7f5822ba95ff in ???
#3  0x7f5822b9dc94 in ???
#4  0x7f5822bb7b30 in ???
#5  0x7f582322c6d9 in ???
#6  0x7f582312438b in ???
#7  0x7f5823126713 in ???
#8  0x4015ee in ???
#9  0x404242 in ???
#10  0x7f581f79db96 in ???
#11  0x4013a9 in ???
#12  0xffffffffffffffff in ???
--------------------------------------------------------------------------
Primary job  terminated normally, but 1 process returned
a non-zero exit code. Per user-direction, the job has been aborted.
--------------------------------------------------------------------------
--------------------------------------------------------------------------
mpirun noticed that process rank 3 with PID 0 on node chianti exited on signal 11 (Segmentation fault).
--------------------------------------------------------------------------
