build time -- 2021-09-22 17:49:54.018051

Program received signal SIGSEGV: Segmentation fault - invalid memory reference.

Backtrace for this error:

Program received signal SIGSEGV: Segmentation fault - invalid memory reference.

Backtrace for this error:

Program received signal SIGSEGV: Segmentation fault - invalid memory reference.

Backtrace for this error:

Program received signal SIGSEGV: Segmentation fault - invalid memory reference.

Backtrace for this error:
#0  0x7fd99cb9af1f in ???
#1  0x7fd99e0c4447 in ???
#2  0x7fd99ff89555 in ???
#3  0x7fd99ff7dbea in ???
#4  0x7fd99ff97a86 in ???
#5  0x7fd9a060bfda in ???
#6  0x7fd9a0503dd7 in ???
#7  0x7fd9a0506035 in ???
#8  0x40206e in ???
#9  0x402461 in ???
#10  0x7fd99cb7db96 in ???
#11  0x4014a9 in ???
#12  0xffffffffffffffff in ???
#0  0x7f30be117f1f in ???
#1  0x7f30bf641447 in ???
#2  0x7f30c1506555 in ???
#3  0x7f30c14fabea in ???
#4  0x7f30c1514a86 in ???
#5  0x7f30c1b88fda in ???
#6  0x7f30c1a80dd7 in ???
#7  0x7f30c1a83035 in ???
#8  0x40206e in ???
#9  0x402461 in ???
#10  0x7f30be0fab96 in ???
#11  0x4014a9 in ???
#12  0xffffffffffffffff in ???
#0  0x7f772cd64f1f in ???
#1  0x7f772e28e447 in ???
#2  0x7f7730153555 in ???
#3  0x7f7730147bea in ???
#4  0x7f7730161a86 in ???
#5  0x7f77307d5fda in ???
#6  0x7f77306cddd7 in ???
#7  0x7f77306d0035 in ???
#8  0x40206e in ???
#9  0x402461 in ???
#10  0x7f772cd47b96 in ???
#11  0x4014a9 in ???
#12  0xffffffffffffffff in ???
#0  0x7f9ae77cdf1f in ???
#1  0x7f9ae8cf7447 in ???
#2  0x7f9aeabbc555 in ???
#3  0x7f9aeabb0bea in ???
#4  0x7f9aeabcaa86 in ???
#5  0x7f9aeb23efda in ???
#6  0x7f9aeb136dd7 in ???
#7  0x7f9aeb139035 in ???
#8  0x40206e in ???
#9  0x402461 in ???
#10  0x7f9ae77b0b96 in ???
#11  0x4014a9 in ???
#12  0xffffffffffffffff in ???
--------------------------------------------------------------------------
Primary job  terminated normally, but 1 process returned
a non-zero exit code. Per user-direction, the job has been aborted.
--------------------------------------------------------------------------
--------------------------------------------------------------------------
mpirun noticed that process rank 0 with PID 0 on node chianti exited on signal 11 (Segmentation fault).
--------------------------------------------------------------------------
