build time -- 2021-09-25 13:53:27.975643

Program received signal SIGSEGV: Segmentation fault - invalid memory reference.

Backtrace for this error:

Program received signal SIGSEGV: Segmentation fault - invalid memory reference.

Backtrace for this error:

Program received signal SIGSEGV: Segmentation fault - invalid memory reference.

Backtrace for this error:

Program received signal SIGSEGV: Segmentation fault - invalid memory reference.

Backtrace for this error:
#0  0x147c99aedf1f in ???
#1  0x147c9b017447 in ???
#0  0x14cd5396ef1f in ???
#1  0x14cd54e98447 in ???
#2  0x14cd56d5d5ff in ???
#3  0x14cd56d51c94 in ???
#4  0x14cd56d6bb30 in ???
#0  0x14ddf482af1f in ???
#1  0x14ddf5d54447 in ???
#2  0x14ddf7c195ff in ???
#3  0x14ddf7c0dc94 in ???
#0  0x14ff45936f1f in ???
#1  0x14ff46e60447 in ???
#2  0x14ff48d255ff in ???
#3  0x14ff48d19c94 in ???
#4  0x14ff48d33b30 in ???
#5  0x14ff493a86d9 in ???
#4  0x14ddf7c27b30 in ???
#5  0x14ddf829c6d9 in ???
#6  0x14ddf819438b in ???
#7  0x14ddf8196713 in ???
#2  0x147c9cedc5ff in ???
#3  0x147c9ced0c94 in ???
#4  0x147c9ceeab30 in ???
#5  0x147c9d55f6d9 in ???
#6  0x147c9d45738b in ???
#7  0x147c9d459713 in ???
#8  0x401616 in ???
#9  0x4029fb in ???
#5  0x14cd573e06d9 in ???
#6  0x14cd572d838b in ???
#7  0x14cd572da713 in ???
#8  0x401616 in ???
#9  0x4029fb in ???
#10  0x14cd53951b96 in ???
#11  0x4013c9 in ???
#6  0x14ff492a038b in ???
#7  0x14ff492a2713 in ???
#8  0x401616 in ???
#9  0x4029fb in ???
#10  0x14ff45919b96 in ???
#11  0x4013c9 in ???
#12  0xffffffffffffffff in ???
#12  0xffffffffffffffff in ???
#8  0x401616 in ???
#9  0x4029fb in ???
#10  0x14ddf480db96 in ???
#11  0x4013c9 in ???
#12  0xffffffffffffffff in ???
#10  0x147c99ad0b96 in ???
#11  0x4013c9 in ???
#12  0xffffffffffffffff in ???
--------------------------------------------------------------------------
Primary job  terminated normally, but 1 process returned
a non-zero exit code. Per user-direction, the job has been aborted.
--------------------------------------------------------------------------
--------------------------------------------------------------------------
mpirun noticed that process rank 2 with PID 0 on node chianti exited on signal 11 (Segmentation fault).
--------------------------------------------------------------------------
