build time -- 2021-09-22 17:49:54.018051

Program received signal SIGSEGV: Segmentation fault - invalid memory reference.

Program received signal SIGSEGV: Segmentation fault - invalid memory reference.

Backtrace for this error:

Backtrace for this error:

Program received signal SIGSEGV: Segmentation fault - invalid memory reference.

Backtrace for this error:

Program received signal SIGSEGV: Segmentation fault - invalid memory reference.

Backtrace for this error:
#0  0x7f695d410f1f in ???
#1  0x7f695e93a447 in ???
#2  0x7f69607ff555 in ???
#3  0x7f69607f3bea in ???
#0  0x7f018cda1f1f in ???
#1  0x7f018e2cb447 in ???
#2  0x7f0190190555 in ???
#3  0x7f0190184bea in ???
#4  0x7f019019ea86 in ???
#0  0x7f9dd97a8f1f in ???
#1  0x7f9ddacd2447 in ???
#2  0x7f9ddcb97555 in ???
#3  0x7f9ddcb8bbea in ???
#4  0x7f9ddcba5a86 in ???
#5  0x7f9ddd219fda in ???
#0  0x7fa9e3192f1f in ???
#1  0x7fa9e46bc447 in ???
#2  0x7fa9e6581555 in ???
#3  0x7fa9e6575bea in ???
#4  0x7fa9e658fa86 in ???
#5  0x7fa9e6c03fda in ???
#6  0x7f9ddd111dd7 in ???
#7  0x7f9ddd114035 in ???
#8  0x40101f in ???
#9  0x4012fa in ???
#10  0x7f9dd978bb96 in ???
#11  0x400e49 in ???
#4  0x7f696080da86 in ???
#5  0x7f6960e81fda in ???
#6  0x7f6960d79dd7 in ???
#7  0x7f6960d7c035 in ???
#8  0x40101f in ???
#9  0x4012fa in ???
#10  0x7f695d3f3b96 in ???
#11  0x400e49 in ???
#12  0xffffffffffffffff in ???
#5  0x7f0190812fda in ???
#6  0x7f019070add7 in ???
#7  0x7f019070d035 in ???
#8  0x40101f in ???
#9  0x4012fa in ???
#10  0x7f018cd84b96 in ???
#11  0x400e49 in ???
#12  0xffffffffffffffff in ???
#6  0x7fa9e6afbdd7 in ???
#7  0x7fa9e6afe035 in ???
#8  0x40101f in ???
#9  0x4012fa in ???
#10  0x7fa9e3175b96 in ???
#11  0x400e49 in ???
#12  0xffffffffffffffff in ???
#12  0xffffffffffffffff in ???
--------------------------------------------------------------------------
Primary job  terminated normally, but 1 process returned
a non-zero exit code. Per user-direction, the job has been aborted.
--------------------------------------------------------------------------
--------------------------------------------------------------------------
mpirun noticed that process rank 0 with PID 0 on node chianti exited on signal 11 (Segmentation fault).
--------------------------------------------------------------------------
