build time -- 2021-09-25 13:53:27.975643

Program received signal SIGSEGV: Segmentation fault - invalid memory reference.

Backtrace for this error:

Program received signal SIGSEGV: Segmentation fault - invalid memory reference.

Backtrace for this error:
#0  0x146369064f1f in ???
#1  0x14636a58e447 in ???
#0  0x14c90e9b4f1f in ???
#1  0x14c90fede447 in ???
#2  0x14c911da35ff in ???
#2  0x14636c4535ff in ???
#3  0x14636c447c94 in ???
#4  0x14636c461b30 in ???
#3  0x14c911d97c94 in ???
#4  0x14c911db1b30 in ???
#5  0x14c9124266d9 in ???
#5  0x14636cad66d9 in ???
#6  0x14636c9ce38b in ???
#7  0x14636c9d0713 in ???
#8  0x40149b in ???
#9  0x401684 in ???
#10  0x146369047b96 in ???
#11  0x401129 in ???
#12  0xffffffffffffffff in ???
#6  0x14c91231e38b in ???
#7  0x14c912320713 in ???
#8  0x40149b in ???
#9  0x401684 in ???
#10  0x14c90e997b96 in ???
#11  0x401129 in ???
#12  0xffffffffffffffff in ???
--------------------------------------------------------------------------
Primary job  terminated normally, but 1 process returned
a non-zero exit code. Per user-direction, the job has been aborted.
--------------------------------------------------------------------------
--------------------------------------------------------------------------
mpirun noticed that process rank 0 with PID 0 on node chianti exited on signal 11 (Segmentation fault).
--------------------------------------------------------------------------
