build time -- 2021-09-26 17:50:16.754021

Program received signal SIGSEGV: Segmentation fault - invalid memory reference.

Backtrace for this error:

Program received signal SIGSEGV: Segmentation fault - invalid memory reference.

Backtrace for this error:

Program received signal SIGSEGV: Segmentation fault - invalid memory reference.

Backtrace for this error:

Program received signal SIGSEGV: Segmentation fault - invalid memory reference.

Backtrace for this error:
#0  0x7fc2208bcf1f in ???
#1  0x7fc221de6447 in ???
#0  0x7f10c39d0f1f in ???
#1  0x7f10c4efa447 in ???
#2  0x7f10c6dbf5ff in ???
#3  0x7f10c6db3c94 in ???
#4  0x7f10c6dcdb30 in ???
#0  0x7f8ac1892f1f in ???
#1  0x7f8ac2dbc447 in ???
#2  0x7fc223cab5ff in ???
#3  0x7fc223c9fc94 in ???
#4  0x7fc223cb9b30 in ???
#5  0x7fc22432e6d9 in ???
#5  0x7f10c74426d9 in ???
#6  0x7f10c733a38b in ???
#7  0x7f10c733c713 in ???
#8  0x4011b1 in ???
#9  0x401956 in ???
#10  0x7f10c39b3b96 in ???
#11  0x400fa9 in ???
#12  0xffffffffffffffff in ???
#2  0x7f8ac4c815ff in ???
#3  0x7f8ac4c75c94 in ???
#4  0x7f8ac4c8fb30 in ???
#5  0x7f8ac53046d9 in ???
#6  0x7f8ac51fc38b in ???
#7  0x7f8ac51fe713 in ???
#6  0x7fc22422638b in ???
#7  0x7fc224228713 in ???
#8  0x4011b1 in ???
#9  0x401956 in ???
#10  0x7fc22089fb96 in ???
#11  0x400fa9 in ???
#12  0xffffffffffffffff in ???
#8  0x4011b1 in ???
#9  0x401956 in ???
#10  0x7f8ac1875b96 in ???
#11  0x400fa9 in ???
#12  0xffffffffffffffff in ???
#0  0x7f4d96e8af1f in ???
#1  0x7f4d983b4447 in ???
#2  0x7f4d9a2795ff in ???
#3  0x7f4d9a26dc94 in ???
#4  0x7f4d9a287b30 in ???
#5  0x7f4d9a8fc6d9 in ???
#6  0x7f4d9a7f438b in ???
#7  0x7f4d9a7f6713 in ???
#8  0x4011b1 in ???
#9  0x401956 in ???
#10  0x7f4d96e6db96 in ???
#11  0x400fa9 in ???
#12  0xffffffffffffffff in ???
--------------------------------------------------------------------------
Primary job  terminated normally, but 1 process returned
a non-zero exit code. Per user-direction, the job has been aborted.
--------------------------------------------------------------------------
--------------------------------------------------------------------------
mpirun noticed that process rank 3 with PID 0 on node chianti exited on signal 11 (Segmentation fault).
--------------------------------------------------------------------------
