build time -- 2021-09-23 17:46:09.091267

Program received signal SIGSEGV: Segmentation fault - invalid memory reference.

Backtrace for this error:
#0  0x7f5d87dc0f1f in ???
#1  0x7f5d892ea447 in ???
#2  0x7f5d8b1af5bf in ???
#3  0x7f5d8b1a3c54 in ???
#4  0x7f5d8b1bdaf0 in ???
#5  0x7f5d8b832269 in ???
#6  0x7f5d8b72a066 in ???
#7  0x7f5d8b72c2c4 in ???
#8  0x401252 in ???
#9  0x401e00 in ???
#10  0x7f5d87da3b96 in ???
#11  0x401039 in ???
#12  0xffffffffffffffff in ???
--------------------------------------------------------------------------
Primary job  terminated normally, but 1 process returned
a non-zero exit code. Per user-direction, the job has been aborted.
--------------------------------------------------------------------------
--------------------------------------------------------------------------
mpirun noticed that process rank 0 with PID 0 on node chianti exited on signal 11 (Segmentation fault).
--------------------------------------------------------------------------
