build time -- 2021-06-16 01:28:16.390119
 {
    "myIntegerKey": 54,
    "myListOfReals": [
        33.29999923706055,
        44.400001525878906,
        1234.0,
        99.0
    ]
}
 the Info dump: {"myIntegerKey":54,"myListOfReals":[33.29999923706055,44.400001525878906,1234.0,99.0]}
 {
    "myIntegerKey": 54,
    "myListOfReals": [
        33.29999923706055,
        44.400001525878906,
        1234.0,
        99.0
    ]
}
 the Info dump: {"myIntegerKey":54,"myListOfReals":[33.29999923706055,44.400001525878906,1234.0,99.0]}
 {
    "myIntegerKey": 54,
    "myListOfReals": [
        33.29999923706055,
        44.400001525878906,
        1234.0,
        99.0
    ]
}
 the Info dump: {"myIntegerKey":54,"myListOfReals":[33.29999923706055,44.400001525878906,1234.0,99.0]}
 {
    "myIntegerKey": 54,
    "myListOfReals": [
        33.29999923706055,
        44.400001525878906,
        1234.0,
        99.0
    ]
}
 the Info dump: {"myIntegerKey":54,"myListOfReals":[33.29999923706055,44.400001525878906,1234.0,99.0]}
 ESMF_Info inquire loop: 
        idx=            1
       ikey= Universe
   typekind=           99
 ESMF_Info inquire loop: 
        idx=            2
       ikey= aNullKey
   typekind=           99
 ESMF_Info inquire loop: 
        idx=            3
       ikey= myIntegerKey
   typekind=            3
 ESMF_Info inquire loop: 
        idx=            4
       ikey= myListOfReals
   typekind=            5
  PASS  Example ESMF_InfoTutorialEx, ESMF_InfoTutorialEx.F90, line 335
  PASS  Example ESMF_InfoTutorialEx, ESMF_InfoTutorialEx.F90, line 335
  PASS  Example ESMF_InfoTutorialEx, ESMF_InfoTutorialEx.F90, line 335
  PASS  Example ESMF_InfoTutorialEx, ESMF_InfoTutorialEx.F90, line 335
malloc_consolidate(): invalid chunk size
malloc_consolidate(): invalid chunk size
malloc_consolidate(): invalid chunk size

Program received signal SIGABRT: Process abort signal.

Backtrace for this error:

Program received signal SIGABRT: Process abort signal.

Backtrace for this error:

Program received signal SIGABRT: Process abort signal.
malloc_consolidate(): invalid chunk size

Backtrace for this error:

Program received signal SIGABRT: Process abort signal.

Backtrace for this error:
#0  0x7ff4fdc34f1f in ???
#0  0x7fc2653cff1f in ???
#1  0x7fc2653cfe97 in ???
#2  0x7fc2653d1800 in ???
#3  0x7fc26541a896 in ???
#4  0x7fc265421909 in ???
#5  0x7fc265421bad in ???
#6  0x7fc26542903a in ???
#7  0x7fc264cc7198 in ???
#8  0x7fc264cc56e9 in ???
#9  0x7fc264ca3dd1 in ???
#0  0x7fc733800f1f in ???
#1  0x7fc733800e97 in ???
#2  0x7fc733802800 in ???
#3  0x7fc73384b896 in ???
#4  0x7fc733852909 in ???
#5  0x7fc733852bad in ???
#6  0x7fc73385a03a in ???
#7  0x7fc7330f8198 in ???
#8  0x7fc7330f66e9 in ???
#9  0x7fc7330d4dd1 in ???
#0  0x7f361b889f1f in ???
#1  0x7f361b889e97 in ???
#2  0x7f361b88b800 in ???
#3  0x7f361b8d4896 in ???
#4  0x7f361b8db909 in ???
#5  0x7f361b8dbbad in ???
#6  0x7f361b8e303a in ???
#7  0x7f361b181198 in ???
#8  0x7f361b17f6e9 in ???
#9  0x7f361b15ddd1 in ???
#10  0x7f361cdde721 in ???
#10  0x7fc266924721 in ???
#11  0x7f361ec8a26f in ???
#12  0x7f361ec7eb40 in ???
#10  0x7fc734d55721 in ???
#11  0x7fc736c0126f in ???
#12  0x7fc736bf5b40 in ???
#13  0x7fc736c0a024 in ???
#14  0x7fc737285c09 in ???
#15  0x7fc737176ad7 in ???
#16  0x402b76 in ???
#17  0x402df9 in ???
#18  0x7fc7337e3b96 in ???
#19  0x4019d9 in ???
#11  0x7fc2687d026f in ???
#12  0x7fc2687c4b40 in ???
#13  0x7fc2687d9024 in ???
#14  0x7fc268e54c09 in ???
#15  0x7fc268d45ad7 in ???
#16  0x402b76 in ???
#17  0x402df9 in ???
#18  0x7fc2653b2b96 in ???
#19  0x4019d9 in ???
#20  0xffffffffffffffff in ???
#13  0x7f361ec93024 in ???
#14  0x7f361f30ec09 in ???
#15  0x7f361f1ffad7 in ???
#16  0x402b76 in ???
#17  0x402df9 in ???
#18  0x7f361b86cb96 in ???
#19  0x4019d9 in ???
#20  0xffffffffffffffff in ???
#20  0xffffffffffffffff in ???
#1  0x7ff4fdc34e97 in ???
#2  0x7ff4fdc36800 in ???
#3  0x7ff4fdc7f896 in ???
#4  0x7ff4fdc86909 in ???
#5  0x7ff4fdc86bad in ???
#6  0x7ff4fdc8e03a in ???
#7  0x7ff4fd52c198 in ???
#8  0x7ff4fd52a6e9 in ???
#9  0x7ff4fd508dd1 in ???
#10  0x7ff4ff189721 in ???
#11  0x7ff50103526f in ???
#12  0x7ff501029b40 in ???
#13  0x7ff50103e024 in ???
#14  0x7ff5016b9c09 in ???
#15  0x7ff5015aaad7 in ???
#16  0x402b76 in ???
#17  0x402df9 in ???
#18  0x7ff4fdc17b96 in ???
#19  0x4019d9 in ???
#20  0xffffffffffffffff in ???
--------------------------------------------------------------------------
Primary job  terminated normally, but 1 process returned
a non-zero exit code. Per user-direction, the job has been aborted.
--------------------------------------------------------------------------
--------------------------------------------------------------------------
mpirun noticed that process rank 0 with PID 0 on node chianti exited on signal 6 (Aborted).
--------------------------------------------------------------------------
