build time -- 2021-06-16 01:28:16.390119
 localData for PET            0 :          301
 localData for PET            0 :          302
 localData for PET            0 :          303
 localData for PET            0 :          304
 localData for PET            0 :          305
 localData for PET            1 :          101
 localData for PET            1 :          102
 localData for PET            1 :          103
 localData for PET            1 :          104
 localData for PET            1 :          105
 localData for PET            1 :          106
 localData for PET            1 :          107
 localData for PET            1 :          108
 localData for PET            1 :          109
 localData for PET            1 :          110
 localData for PET            2 :          201
 localData for PET            2 :          202
 localData for PET            2 :          203
 localData for PET            2 :          204
 localData for PET            2 :          205
 localData for PET            2 :          206
 localData for PET            2 :          207
 localData for PET            2 :          208
 localData for PET            2 :          209
 localData for PET            2 :          210
 localData for PET            3 :          301
 localData for PET            3 :          302
 localData for PET            3 :          303
 localData for PET            3 :          304
 localData for PET            3 :          305
 localData for PET            3 :          306
 localData for PET            3 :          307
 localData for PET            3 :          308
 localData for PET            0 :          306
 localData for PET            0 :          307
 localData for PET            0 :          308
 localData for PET            0 :          309
 localData for PET            0 :          310
  PASS  Example ESMF_VMSendVMRecvEx, ESMF_VMSendVMRecvEx.F90, line 120
  PASS  Example ESMF_VMSendVMRecvEx, ESMF_VMSendVMRecvEx.F90, line 120
 localData for PET            3 :          309
 localData for PET            3 :          310
  PASS  Example ESMF_VMSendVMRecvEx, ESMF_VMSendVMRecvEx.F90, line 120
  PASS  Example ESMF_VMSendVMRecvEx, ESMF_VMSendVMRecvEx.F90, line 120
malloc_consolidate(): invalid chunk size

Program received signal SIGABRT: Process abort signal.

Backtrace for this error:
malloc_consolidate(): invalid chunk size
malloc_consolidate(): invalid chunk size

Program received signal SIGABRT: Process abort signal.

Backtrace for this error:

Program received signal SIGABRT: Process abort signal.

Backtrace for this error:
malloc_consolidate(): invalid chunk size

Program received signal SIGABRT: Process abort signal.

Backtrace for this error:
#0  0x7f3a2b4d2f1f in ???
#1  0x7f3a2b4d2e97 in ???
#2  0x7f3a2b4d4800 in ???
#3  0x7f3a2b51d896 in ???
#4  0x7f3a2b524909 in ???
#5  0x7f3a2b524bad in ???
#6  0x7f3a2b52c03a in ???
#7  0x7f3a2adca198 in ???
#8  0x7f3a2adc86e9 in ???
#9  0x7f3a2ada6dd1 in ???
#10  0x7f3a2ca27721 in ???
#11  0x7f3a2e8d326f in ???
#12  0x7f3a2e8c7b40 in ???
#13  0x7f3a2e8dc024 in ???
#14  0x7f3a2ef57c09 in ???
#15  0x7f3a2ee48ad7 in ???
#16  0x4015e0 in ???
#17  0x4016af in ???
#0  0x7fa198eddf1f in ???
#1  0x7fa198edde97 in ???
#2  0x7fa198edf800 in ???
#3  0x7fa198f28896 in ???
#4  0x7fa198f2f909 in ???
#5  0x7fa198f2fbad in ???
#6  0x7fa198f3703a in ???
#7  0x7fa1987d5198 in ???
#8  0x7fa1987d36e9 in ???
#9  0x7fa1987b1dd1 in ???
#10  0x7fa19a432721 in ???
#11  0x7fa19c2de26f in ???
#12  0x7fa19c2d2b40 in ???
#13  0x7fa19c2e7024 in ???
#14  0x7fa19c962c09 in ???
#15  0x7fa19c853ad7 in ???
#16  0x4015e0 in ???
#17  0x4016af in ???
#18  0x7fa198ec0b96 in ???
#19  0x400f99 in ???
#20  0xffffffffffffffff in ???
#0  0x7f2f01320f1f in ???
#1  0x7f2f01320e97 in ???
#2  0x7f2f01322800 in ???
#3  0x7f2f0136b896 in ???
#4  0x7f2f01372909 in ???
#5  0x7f2f01372bad in ???
#6  0x7f2f0137a03a in ???
#7  0x7f2f00c18198 in ???
#8  0x7f2f00c166e9 in ???
#9  0x7f2f00bf4dd1 in ???
#10  0x7f2f02875721 in ???
#11  0x7f2f0472126f in ???
#12  0x7f2f04715b40 in ???
#13  0x7f2f0472a024 in ???
#14  0x7f2f04da5c09 in ???
#15  0x7f2f04c96ad7 in ???
#16  0x4015e0 in ???
#17  0x4016af in ???
#18  0x7f2f01303b96 in ???
#19  0x400f99 in ???
#20  0xffffffffffffffff in ???
#0  0x7f7ce0260f1f in ???
#1  0x7f7ce0260e97 in ???
#2  0x7f7ce0262800 in ???
#3  0x7f7ce02ab896 in ???
#4  0x7f7ce02b2909 in ???
#5  0x7f7ce02b2bad in ???
#6  0x7f7ce02ba03a in ???
#7  0x7f7cdfb58198 in ???
#8  0x7f7cdfb566e9 in ???
#9  0x7f7cdfb34dd1 in ???
#10  0x7f7ce17b5721 in ???
#11  0x7f7ce366126f in ???
#12  0x7f7ce3655b40 in ???
#13  0x7f7ce366a024 in ???
#14  0x7f7ce3ce5c09 in ???
#15  0x7f7ce3bd6ad7 in ???
#16  0x4015e0 in ???
#17  0x4016af in ???
#18  0x7f7ce0243b96 in ???
#19  0x400f99 in ???
#20  0xffffffffffffffff in ???
#18  0x7f3a2b4b5b96 in ???
#19  0x400f99 in ???
#20  0xffffffffffffffff in ???
--------------------------------------------------------------------------
Primary job  terminated normally, but 1 process returned
a non-zero exit code. Per user-direction, the job has been aborted.
--------------------------------------------------------------------------
--------------------------------------------------------------------------
mpirun noticed that process rank 0 with PID 0 on node chianti exited on signal 6 (Aborted).
--------------------------------------------------------------------------
