build time -- 2021-09-25 17:49:18.503337

Program received signal SIGSEGV: Segmentation fault - invalid memory reference.

Backtrace for this error:

Program received signal SIGSEGV: Segmentation fault - invalid memory reference.

Backtrace for this error:

Program received signal SIGSEGV: Segmentation fault - invalid memory reference.

Backtrace for this error:

Program received signal SIGSEGV: Segmentation fault - invalid memory reference.

Backtrace for this error:
#0  0x7f1fe7d1df1f in ???
#1  0x7f1fe9247447 in ???
#0  0x7fcc8df99f1f in ???
#1  0x7fcc8f4c3447 in ???
#2  0x7fcc913885ff in ???
#0  0x7f7cd9a1df1f in ???
#1  0x7f7cdaf47447 in ???
#2  0x7f7cdce0c5ff in ???
#0  0x7fbe9a0eaf1f in ???
#1  0x7fbe9b614447 in ???
#2  0x7fbe9d4d95ff in ???
#3  0x7fbe9d4cdc94 in ???
#4  0x7fbe9d4e7b30 in ???
#3  0x7f7cdce00c94 in ???
#4  0x7f7cdce1ab30 in ???
#5  0x7f7cdd48f6d9 in ???
#2  0x7f1feb10c5ff in ???
#3  0x7f1feb100c94 in ???
#4  0x7f1feb11ab30 in ???
#5  0x7f1feb78f6d9 in ???
#6  0x7f1feb68738b in ???
#7  0x7f1feb689713 in ???
#3  0x7fcc9137cc94 in ???
#4  0x7fcc91396b30 in ???
#5  0x7fcc91a0b6d9 in ???
#6  0x7fcc9190338b in ???
#7  0x7fcc91905713 in ???
#5  0x7fbe9db5c6d9 in ???
#6  0x7fbe9da5438b in ???
#7  0x7fbe9da56713 in ???
#8  0x40192a in ???
#9  0x4042b7 in ???
#10  0x7fcc8df7cb96 in ???
#11  0x4016a9 in ???
#12  0xffffffffffffffff in ???
#6  0x7f7cdd38738b in ???
#7  0x7f7cdd389713 in ???
#8  0x40192a in ???
#9  0x4042b7 in ???
#10  0x7f7cd9a00b96 in ???
#11  0x4016a9 in ???
#12  0xffffffffffffffff in ???
#8  0x40192a in ???
#9  0x4042b7 in ???
#10  0x7f1fe7d00b96 in ???
#11  0x4016a9 in ???
#12  0xffffffffffffffff in ???
#8  0x40192a in ???
#9  0x4042b7 in ???
#10  0x7fbe9a0cdb96 in ???
#11  0x4016a9 in ???
#12  0xffffffffffffffff in ???
--------------------------------------------------------------------------
Primary job  terminated normally, but 1 process returned
a non-zero exit code. Per user-direction, the job has been aborted.
--------------------------------------------------------------------------
--------------------------------------------------------------------------
mpirun noticed that process rank 1 with PID 0 on node chianti exited on signal 11 (Segmentation fault).
--------------------------------------------------------------------------
