build time -- 2021-06-16 01:28:16.390119
  PASS  Example ESMF_MeshEx, ESMF_MeshEx.F90, line 1795
  PASS  Example ESMF_MeshEx, ESMF_MeshEx.F90, line 1795
  PASS  Example ESMF_MeshEx, ESMF_MeshEx.F90, line 1795
  PASS  Example ESMF_MeshEx, ESMF_MeshEx.F90, line 1795
malloc_consolidate(): invalid chunk size

Program received signal SIGABRT: Process abort signal.

Backtrace for this error:
malloc_consolidate(): invalid chunk size
malloc_consolidate(): invalid chunk size

Program received signal SIGABRT: Process abort signal.

Backtrace for this error:
malloc_consolidate(): invalid chunk size

Program received signal SIGABRT: Process abort signal.

Backtrace for this error:

Program received signal SIGABRT: Process abort signal.

Backtrace for this error:
#0  0x7f723be2df1f in ???
#1  0x7f723be2de97 in ???
#2  0x7f723be2f800 in ???
#3  0x7f723be78896 in ???
#4  0x7f723be7f909 in ???
#5  0x7f723be7fbad in ???
#6  0x7f723be8703a in ???
#7  0x7f723b728238 in ???
#8  0x7f723b7236e4 in ???
#9  0x7f723b701dd1 in ???
#0  0x7f12d7b9bf1f in ???
#1  0x7f12d7b9be97 in ???
#2  0x7f12d7b9d800 in ???
#3  0x7f12d7be6896 in ???
#4  0x7f12d7bed909 in ???
#5  0x7f12d7bedbad in ???
#6  0x7f12d7bf503a in ???
#7  0x7f12d7493198 in ???
#8  0x7f12d74916e9 in ???
#9  0x7f12d746fdd1 in ???
#10  0x7f12d90f0721 in ???
#0  0x7f4e23dd6f1f in ???
#1  0x7f4e23dd6e97 in ???
#2  0x7f4e23dd8800 in ???
#3  0x7f4e23e21896 in ???
#4  0x7f4e23e28909 in ???
#5  0x7f4e23e28bad in ???
#6  0x7f4e23e3003a in ???
#7  0x7f4e236ce198 in ???
#8  0x7f4e236cc6e9 in ???
#9  0x7f4e236aadd1 in ???
#10  0x7f4e2532b721 in ???
#10  0x7f723d382721 in ???
#11  0x7f12daf9c26f in ???
#12  0x7f12daf90b40 in ???
#13  0x7f12dafa5024 in ???
#14  0x7f12db620c09 in ???
#15  0x7f12db511ad7 in ???
#16  0x406e4e in ???
#17  0x40886c in ???
#18  0x7f12d7b7eb96 in ???
#19  0x4019a9 in ???
#20  0xffffffffffffffff in ???
#11  0x7f4e271d726f in ???
#12  0x7f4e271cbb40 in ???
#13  0x7f4e271e0024 in ???
#14  0x7f4e2785bc09 in ???
#15  0x7f4e2774cad7 in ???
#16  0x406e4e in ???
#17  0x40886c in ???
#18  0x7f4e23db9b96 in ???
#19  0x4019a9 in ???
#20  0xffffffffffffffff in ???
#0  0x7f208b776f1f in ???
#1  0x7f208b776e97 in ???
#2  0x7f208b778800 in ???
#3  0x7f208b7c1896 in ???
#4  0x7f208b7c8909 in ???
#5  0x7f208b7c8bad in ???
#6  0x7f208b7d003a in ???
#7  0x7f208b06e198 in ???
#8  0x7f208b06c6e9 in ???
#9  0x7f208b04add1 in ???
#10  0x7f208cccb721 in ???
#11  0x7f208eb7726f in ???
#12  0x7f208eb6bb40 in ???
#13  0x7f208eb80024 in ???
#14  0x7f208f1fbc09 in ???
#15  0x7f208f0ecad7 in ???
#16  0x406e4e in ???
#17  0x40886c in ???
#18  0x7f208b759b96 in ???
#19  0x4019a9 in ???
#20  0xffffffffffffffff in ???
#11  0x7f723f22e26f in ???
#12  0x7f723f222b40 in ???
#13  0x7f723f237024 in ???
#14  0x7f723f8b2c09 in ???
#15  0x7f723f7a3ad7 in ???
#16  0x406e4e in ???
#17  0x40886c in ???
#18  0x7f723be10b96 in ???
#19  0x4019a9 in ???
#20  0xffffffffffffffff in ???
--------------------------------------------------------------------------
Primary job  terminated normally, but 1 process returned
a non-zero exit code. Per user-direction, the job has been aborted.
--------------------------------------------------------------------------
--------------------------------------------------------------------------
mpirun noticed that process rank 1 with PID 0 on node chianti exited on signal 6 (Aborted).
--------------------------------------------------------------------------
