build time -- 2021-08-28 06:14:49.565106
20210828 070830.929 INFO             PET0 !!!!!!!!!!!!!!!!!!!!!!!!!!!!!!!!!!!!!!!!!!!!!!!!!!!!!!
20210828 070830.929 INFO             PET0 !!! THE ESMF_LOG IS SET TO OUTPUT ALL LOG MESSAGES !!!
20210828 070830.929 INFO             PET0 !!!     THIS MAY CAUSE SLOWDOWN IN PERFORMANCE     !!!
20210828 070830.929 INFO             PET0 !!! FOR PRODUCTION RUNS, USE:                      !!!
20210828 070830.929 INFO             PET0 !!!                   ESMF_LOGKIND_Multi_On_Error  !!!
20210828 070830.929 INFO             PET0 !!!!!!!!!!!!!!!!!!!!!!!!!!!!!!!!!!!!!!!!!!!!!!!!!!!!!!
20210828 070830.929 INFO             PET0 Running with ESMF Version   : ESMF_8_2_0_beta_snapshot_18
20210828 070830.929 INFO             PET0 ESMF library build date/time: "Aug 28 2021" "06:09:03"
20210828 070830.929 INFO             PET0 ESMF library build location : /glade/scratch/mpotts/intel_18.0.5_mpt_g_develop
20210828 070830.929 INFO             PET0 ESMF_COMM                   : mpt
20210828 070830.929 INFO             PET0 ESMF_MOAB                   : enabled
20210828 070830.929 INFO             PET0 ESMF_LAPACK                 : enabled
20210828 070830.929 INFO             PET0 ESMF_NETCDF                 : enabled
20210828 070830.929 INFO             PET0 ESMF_PNETCDF                : disabled
20210828 070830.929 INFO             PET0 ESMF_PIO                    : enabled
20210828 070830.929 INFO             PET0 ESMF_YAMLCPP                : enabled
20210828 070830.930 INFO             PET0  NUMBER_OF_PROCESSORS           2
20210828 070830.930 INFO             PET0  PASS  Example ESMF_VMUserMpiCommEx, ESMF_VMUserMpiCommEx.F90, line 113
20210828 070830.930 INFO             PET0 Finalizing ESMF
20210828 070830.930 INFO             PET1 !!!!!!!!!!!!!!!!!!!!!!!!!!!!!!!!!!!!!!!!!!!!!!!!!!!!!!
20210828 070830.930 INFO             PET1 !!! THE ESMF_LOG IS SET TO OUTPUT ALL LOG MESSAGES !!!
20210828 070830.930 INFO             PET1 !!!     THIS MAY CAUSE SLOWDOWN IN PERFORMANCE     !!!
20210828 070830.930 INFO             PET1 !!! FOR PRODUCTION RUNS, USE:                      !!!
20210828 070830.930 INFO             PET1 !!!                   ESMF_LOGKIND_Multi_On_Error  !!!
20210828 070830.930 INFO             PET1 !!!!!!!!!!!!!!!!!!!!!!!!!!!!!!!!!!!!!!!!!!!!!!!!!!!!!!
20210828 070830.930 INFO             PET1 Running with ESMF Version   : ESMF_8_2_0_beta_snapshot_18
20210828 070830.930 INFO             PET1 ESMF library build date/time: "Aug 28 2021" "06:09:03"
20210828 070830.930 INFO             PET1 ESMF library build location : /glade/scratch/mpotts/intel_18.0.5_mpt_g_develop
20210828 070830.930 INFO             PET1 ESMF_COMM                   : mpt
20210828 070830.930 INFO             PET1 ESMF_MOAB                   : enabled
20210828 070830.930 INFO             PET1 ESMF_LAPACK                 : enabled
20210828 070830.930 INFO             PET1 ESMF_NETCDF                 : enabled
20210828 070830.930 INFO             PET1 ESMF_PNETCDF                : disabled
20210828 070830.930 INFO             PET1 ESMF_PIO                    : enabled
20210828 070830.930 INFO             PET1 ESMF_YAMLCPP                : enabled
20210828 070830.930 INFO             PET1  NUMBER_OF_PROCESSORS           2
20210828 070830.930 INFO             PET1  PASS  Example ESMF_VMUserMpiCommEx, ESMF_VMUserMpiCommEx.F90, line 113
20210828 070830.930 INFO             PET1 Finalizing ESMF
