build time -- 2021-05-08 08:52:19
20210508 113353.668 INFO             PET0 !!!!!!!!!!!!!!!!!!!!!!!!!!!!!!!!!!!!!!!!!!!!!!!!!!!!!!
20210508 113353.668 INFO             PET0 !!! THE ESMF_LOG IS SET TO OUTPUT ALL LOG MESSAGES !!!
20210508 113353.668 INFO             PET0 !!!     THIS MAY CAUSE SLOWDOWN IN PERFORMANCE     !!!
20210508 113353.668 INFO             PET0 !!! FOR PRODUCTION RUNS, USE:                      !!!
20210508 113353.668 INFO             PET0 !!!                   ESMF_LOGKIND_Multi_On_Error  !!!
20210508 113353.668 INFO             PET0 !!!!!!!!!!!!!!!!!!!!!!!!!!!!!!!!!!!!!!!!!!!!!!!!!!!!!!
20210508 113353.668 INFO             PET0 Running with ESMF Version   : ESMF_8_2_0_beta_snapshot_06-2-g7cd9acb
20210508 113353.669 INFO             PET0 ESMF library build date/time: "May  8 2021" "08:50:30"
20210508 113353.669 INFO             PET0 ESMF library build location : /p/work1/mpotts/intel_2018.1_intelmpi_g_develop
20210508 113353.669 INFO             PET0 ESMF_COMM                   : intelmpi
20210508 113353.670 INFO             PET0 ESMF_MOAB                   : enabled
20210508 113353.670 INFO             PET0 ESMF_LAPACK                 : enabled
20210508 113353.670 INFO             PET0 ESMF_NETCDF                 : enabled
20210508 113353.670 INFO             PET0 ESMF_PNETCDF                : disabled
20210508 113353.670 INFO             PET0 ESMF_PIO                    : enabled
20210508 113353.670 INFO             PET0 ESMF_YAMLCPP                : enabled
20210508 113353.671 INFO             PET0  NUMBER_OF_PROCESSORS           1
20210508 113353.671 INFO             PET0  PASS  Example ESMF_AlarmEx, ESMF_AlarmEx.F90, line 244
20210508 113353.671 INFO             PET0 Finalizing ESMF
20210508 113353.668 INFO             PET0 !!!!!!!!!!!!!!!!!!!!!!!!!!!!!!!!!!!!!!!!!!!!!!!!!!!!!!
20210508 113353.668 INFO             PET0 !!! THE ESMF_LOG IS SET TO OUTPUT ALL LOG MESSAGES !!!
20210508 113353.668 INFO             PET0 !!!     THIS MAY CAUSE SLOWDOWN IN PERFORMANCE     !!!
20210508 113353.668 INFO             PET0 !!! FOR PRODUCTION RUNS, USE:                      !!!
20210508 113353.668 INFO             PET0 !!!                   ESMF_LOGKIND_Multi_On_Error  !!!
20210508 113353.668 INFO             PET0 !!!!!!!!!!!!!!!!!!!!!!!!!!!!!!!!!!!!!!!!!!!!!!!!!!!!!!
20210508 113353.668 INFO             PET0 Running with ESMF Version   : ESMF_8_2_0_beta_snapshot_06-2-g7cd9acb
20210508 113353.669 INFO             PET0 ESMF library build date/time: "May  8 2021" "08:50:30"
20210508 113353.669 INFO             PET0 ESMF library build location : /p/work1/mpotts/intel_2018.1_intelmpi_g_develop
20210508 113353.669 INFO             PET0 ESMF_COMM                   : intelmpi
20210508 113353.670 INFO             PET0 ESMF_MOAB                   : enabled
20210508 113353.670 INFO             PET0 ESMF_LAPACK                 : enabled
20210508 113353.670 INFO             PET0 ESMF_NETCDF                 : enabled
20210508 113353.670 INFO             PET0 ESMF_PNETCDF                : disabled
20210508 113353.670 INFO             PET0 ESMF_PIO                    : enabled
20210508 113353.670 INFO             PET0 ESMF_YAMLCPP                : enabled
20210508 113353.671 INFO             PET0  NUMBER_OF_PROCESSORS           1
20210508 113353.671 INFO             PET0  PASS  Example ESMF_AlarmEx, ESMF_AlarmEx.F90, line 244
20210508 113353.671 INFO             PET0 Finalizing ESMF
