build time -- 2021-09-28 10:20:54.736518
ERROR: Unable to locate a modulefile for 'python'
ERROR: Unable to locate a modulefile for 'gcc/9.3.0-gcc-7.5.0'
ERROR: Unable to locate a modulefile for 'openmpi/4.0.5-gcc-9.3.0'
ERROR: Unable to locate a modulefile for 'netcdf-c/4.8.0-gcc-9.3.0-openmpi'
ERROR: Unable to locate a modulefile for 'hdf5/1.10.7-gcc-9.3.0-openmpi'
ERROR: Unable to locate a modulefile for 'netcdf-fortran/4.5.3-gcc-9.3.0-openmpi'
+ export ESMF_NETCDF=nc-config
+ ESMF_NETCDF=nc-config
+ export ESMF_NETCDF=nc-config
+ ESMF_NETCDF=nc-config
+ export ESMF_NFCONFIG=nf-config
+ ESMF_NFCONFIG=nf-config
+ export ESMF_DIR=/home/mpotts/gfortran_9.3.0_openmpi_g_develop
+ ESMF_DIR=/home/mpotts/gfortran_9.3.0_openmpi_g_develop
+ export ESMF_COMPILER=gfortran
+ ESMF_COMPILER=gfortran
+ export ESMF_COMM=openmpi
+ ESMF_COMM=openmpi
+ export ESMF_BOPT=g
+ ESMF_BOPT=g
+ export ESMF_TESTEXHAUSTIVE=ON
+ ESMF_TESTEXHAUSTIVE=ON
+ export ESMF_TESTWITHTHREADS=ON
+ ESMF_TESTWITHTHREADS=ON
+ python3 setup.py test_examples_dryrun
running test_examples_dryrun
Traceback (most recent call last):
  File "setup.py", line 273, in <module>
    'test_regrid_from_file_parallel': TestRegridFromFileParallelCommand})
  File "/usr/lib/python3.6/distutils/core.py", line 148, in setup
    dist.run_commands()
  File "/usr/lib/python3.6/distutils/dist.py", line 955, in run_commands
    self.run_command(cmd)
  File "/usr/lib/python3.6/distutils/dist.py", line 974, in run_command
    cmd_obj.run()
  File "setup.py", line 13, in wrapper
    from ESMF.util.cache_data import cache_data_files
  File "src/ESMF/__init__.py", line 69, in <module>
    from ESMF.api.esmpymanager import *
  File "src/ESMF/api/esmpymanager.py", line 9, in <module>
    from ESMF.api.constants import *
  File "src/ESMF/api/constants.py", line 3, in <module>
    import numpy as np
ModuleNotFoundError: No module named 'numpy'
+ python3 setup.py test_regrid_from_file_dryrun
running test_regrid_from_file_dryrun
Traceback (most recent call last):
  File "src/ESMF/test/regrid_from_file/run_regrid_from_file_dryrun.py", line 14, in <module>
    from ESMF.test.regrid_from_file.regrid_from_file_consts import DATA_SUBDIR, DATA_URL_ROOT
  File "/home/mpotts/gfortran_9.3.0_openmpi_g_develop/src/addon/ESMPy/src/ESMF/__init__.py", line 69, in <module>
    from ESMF.api.esmpymanager import *
  File "/home/mpotts/gfortran_9.3.0_openmpi_g_develop/src/addon/ESMPy/src/ESMF/api/esmpymanager.py", line 9, in <module>
    from ESMF.api.constants import *
  File "/home/mpotts/gfortran_9.3.0_openmpi_g_develop/src/addon/ESMPy/src/ESMF/api/constants.py", line 3, in <module>
    import numpy as np
ModuleNotFoundError: No module named 'numpy'
Traceback (most recent call last):
  File "setup.py", line 273, in <module>
    'test_regrid_from_file_parallel': TestRegridFromFileParallelCommand})
  File "/usr/lib/python3.6/distutils/core.py", line 148, in setup
    dist.run_commands()
  File "/usr/lib/python3.6/distutils/dist.py", line 955, in run_commands
    self.run_command(cmd)
  File "/usr/lib/python3.6/distutils/dist.py", line 974, in run_command
    cmd_obj.run()
  File "setup.py", line 192, in run
    subprocess.check_call(cmd)
  File "/usr/lib/python3.6/subprocess.py", line 311, in check_call
    raise CalledProcessError(retcode, cmd)
subprocess.CalledProcessError: Command '['/usr/bin/python3', 'src/ESMF/test/regrid_from_file/run_regrid_from_file_dryrun.py']' returned non-zero exit status 1.
+ python3 setup.py test_regrid_from_file_dryrun
running test_regrid_from_file_dryrun
Traceback (most recent call last):
  File "src/ESMF/test/regrid_from_file/run_regrid_from_file_dryrun.py", line 14, in <module>
    from ESMF.test.regrid_from_file.regrid_from_file_consts import DATA_SUBDIR, DATA_URL_ROOT
  File "/home/mpotts/gfortran_9.3.0_openmpi_g_develop/src/addon/ESMPy/src/ESMF/__init__.py", line 69, in <module>
    from ESMF.api.esmpymanager import *
  File "/home/mpotts/gfortran_9.3.0_openmpi_g_develop/src/addon/ESMPy/src/ESMF/api/esmpymanager.py", line 9, in <module>
    from ESMF.api.constants import *
  File "/home/mpotts/gfortran_9.3.0_openmpi_g_develop/src/addon/ESMPy/src/ESMF/api/constants.py", line 3, in <module>
    import numpy as np
ModuleNotFoundError: No module named 'numpy'
Traceback (most recent call last):
  File "setup.py", line 273, in <module>
    'test_regrid_from_file_parallel': TestRegridFromFileParallelCommand})
  File "/usr/lib/python3.6/distutils/core.py", line 148, in setup
    dist.run_commands()
  File "/usr/lib/python3.6/distutils/dist.py", line 955, in run_commands
    self.run_command(cmd)
  File "/usr/lib/python3.6/distutils/dist.py", line 974, in run_command
    cmd_obj.run()
  File "setup.py", line 192, in run
    subprocess.check_call(cmd)
  File "/usr/lib/python3.6/subprocess.py", line 311, in check_call
    raise CalledProcessError(retcode, cmd)
subprocess.CalledProcessError: Command '['/usr/bin/python3', 'src/ESMF/test/regrid_from_file/run_regrid_from_file_dryrun.py']' returned non-zero exit status 1.
