build time -- 2021-08-30 17:26:16
  PASS  Example ESMF_FieldBundleSMMEx, ESMF_FieldBundleSMMEx.F90, line 242
  PASS  Example ESMF_FieldBundleSMMEx, ESMF_FieldBundleSMMEx.F90, line 242
  PASS  Example ESMF_FieldBundleSMMEx, ESMF_FieldBundleSMMEx.F90, line 242
  PASS  Example ESMF_FieldBundleSMMEx, ESMF_FieldBundleSMMEx.F90, line 242
 PASS: ESMF_FieldBundleSMMEx.F90
 PASS: ESMF_FieldBundleSMMEx.F90
 PASS: ESMF_FieldBundleSMMEx.F90
 PASS: ESMF_FieldBundleSMMEx.F90
TOTCPU=19:07:44 ELAP=00:35:52 REQMEM=5875Mc REQCPUS=24 ALLOCCPUS=32 TIMELIMIT=02:30:00 PART=s4 ACCT=star
MAXRSS=0 MAXVMSIZE=196896K
________________________________________________________________
Job Resource Usage Summary for 11388715

  CPU Time Used : 19:07:44
  Memory Used : 0
  Virtual Memory Used : 196896K
  Walltime Used : 00:35:52

  Memory Requested : 5875Mc (n=per node; c=per core)
  CPUs Requested / Allocated : 24 / 32
  Walltime Requested : 02:30:00

  Execution Queue : s4
  Head Node : 
  Charged to : star

  Job Stopped : Mon Aug 30 18:02:09 UTC 2021
_____________________________________________________________________

