build time -- 2021-08-17 17:29:48
  PASS  Example ESMF_FieldSphereRegridEx, ESMF_FieldSphereRegridEx.F90, line 407
  PASS  Example ESMF_FieldSphereRegridEx, ESMF_FieldSphereRegridEx.F90, line 407
  PASS  Example ESMF_FieldSphereRegridEx, ESMF_FieldSphereRegridEx.F90, line 407
  PASS  Example ESMF_FieldSphereRegridEx, ESMF_FieldSphereRegridEx.F90, line 407
 PASS: ESMF_FieldSphereRegridEx.F90
 PASS: ESMF_FieldSphereRegridEx.F90
 PASS: ESMF_FieldSphereRegridEx.F90
 PASS: ESMF_FieldSphereRegridEx.F90
TOTCPU=19:44:00 ELAP=00:37:00 REQMEM=5875Mc REQCPUS=24 ALLOCCPUS=32 TIMELIMIT=02:30:00 PART=s4 ACCT=star
MAXRSS=31412K MAXVMSIZE=196896K
________________________________________________________________
Job Resource Usage Summary for 11354029

  CPU Time Used : 19:44:00
  Memory Used : 31412K
  Virtual Memory Used : 196896K
  Walltime Used : 00:37:00

  Memory Requested : 5875Mc (n=per node; c=per core)
  CPUs Requested / Allocated : 24 / 32
  Walltime Requested : 02:30:00

  Execution Queue : s4
  Head Node : 
  Charged to : star

  Job Stopped : Tue Aug 17 18:06:48 UTC 2021
_____________________________________________________________________

