build time -- 2021-09-10 17:29:12
20210910 180318.104 INFO             PET0 !!!!!!!!!!!!!!!!!!!!!!!!!!!!!!!!!!!!!!!!!!!!!!!!!!!!!!
20210910 180318.104 INFO             PET0 !!! THE ESMF_LOG IS SET TO OUTPUT ALL LOG MESSAGES !!!
20210910 180318.104 INFO             PET0 !!!     THIS MAY CAUSE SLOWDOWN IN PERFORMANCE     !!!
20210910 180318.104 INFO             PET0 !!! FOR PRODUCTION RUNS, USE:                      !!!
20210910 180318.104 INFO             PET0 !!!                   ESMF_LOGKIND_Multi_On_Error  !!!
20210910 180318.104 INFO             PET0 !!!!!!!!!!!!!!!!!!!!!!!!!!!!!!!!!!!!!!!!!!!!!!!!!!!!!!
20210910 180318.104 INFO             PET0 Running with ESMF Version   : ESMF_8_2_0_beta_snapshot_18-42-gb11ffe5
20210910 180318.104 INFO             PET0 ESMF library build date/time: "Sep 10 2021" "17:27:07"
20210910 180318.104 INFO             PET0 ESMF library build location : /scratch/users/mpotts/intel_2019.0.5_intelmpi_O_develop
20210910 180318.104 INFO             PET0 ESMF_COMM                   : intelmpi
20210910 180318.106 INFO             PET0 ESMF_MOAB                   : enabled
20210910 180318.106 INFO             PET0 ESMF_LAPACK                 : enabled
20210910 180318.106 INFO             PET0 ESMF_NETCDF                 : enabled
20210910 180318.106 INFO             PET0 ESMF_PNETCDF                : disabled
20210910 180318.106 INFO             PET0 ESMF_PIO                    : enabled
20210910 180318.106 INFO             PET0 ESMF_YAMLCPP                : enabled
20210910 180318.152 DEBUG            PET0 about to destroy Grid: 0x28353e0
20210910 180318.156 DEBUG            PET0 about to destroy Grid: 0x2836650
20210910 180318.165 INFO             PET0  NUMBER_OF_PROCESSORS           4
20210910 180318.165 INFO             PET0  PASS  Example ESMF_NUOPCAtmModelEx, ESMF_NUOPCAtmModelEx.F90, line 806
20210910 180318.165 INFO             PET0 Finalizing ESMF
20210910 180318.102 INFO             PET1 !!!!!!!!!!!!!!!!!!!!!!!!!!!!!!!!!!!!!!!!!!!!!!!!!!!!!!
20210910 180318.102 INFO             PET1 !!! THE ESMF_LOG IS SET TO OUTPUT ALL LOG MESSAGES !!!
20210910 180318.102 INFO             PET1 !!!     THIS MAY CAUSE SLOWDOWN IN PERFORMANCE     !!!
20210910 180318.102 INFO             PET1 !!! FOR PRODUCTION RUNS, USE:                      !!!
20210910 180318.102 INFO             PET1 !!!                   ESMF_LOGKIND_Multi_On_Error  !!!
20210910 180318.102 INFO             PET1 !!!!!!!!!!!!!!!!!!!!!!!!!!!!!!!!!!!!!!!!!!!!!!!!!!!!!!
20210910 180318.102 INFO             PET1 Running with ESMF Version   : ESMF_8_2_0_beta_snapshot_18-42-gb11ffe5
20210910 180318.102 INFO             PET1 ESMF library build date/time: "Sep 10 2021" "17:27:07"
20210910 180318.102 INFO             PET1 ESMF library build location : /scratch/users/mpotts/intel_2019.0.5_intelmpi_O_develop
20210910 180318.102 INFO             PET1 ESMF_COMM                   : intelmpi
20210910 180318.103 INFO             PET1 ESMF_MOAB                   : enabled
20210910 180318.103 INFO             PET1 ESMF_LAPACK                 : enabled
20210910 180318.103 INFO             PET1 ESMF_NETCDF                 : enabled
20210910 180318.103 INFO             PET1 ESMF_PNETCDF                : disabled
20210910 180318.103 INFO             PET1 ESMF_PIO                    : enabled
20210910 180318.103 INFO             PET1 ESMF_YAMLCPP                : enabled
20210910 180318.152 DEBUG            PET1 about to destroy Grid: 0x212e6f0
20210910 180318.156 DEBUG            PET1 about to destroy Grid: 0x212f490
20210910 180318.165 INFO             PET1  NUMBER_OF_PROCESSORS           4
20210910 180318.165 INFO             PET1  PASS  Example ESMF_NUOPCAtmModelEx, ESMF_NUOPCAtmModelEx.F90, line 806
20210910 180318.165 INFO             PET1 Finalizing ESMF
20210910 180318.114 INFO             PET2 !!!!!!!!!!!!!!!!!!!!!!!!!!!!!!!!!!!!!!!!!!!!!!!!!!!!!!
20210910 180318.114 INFO             PET2 !!! THE ESMF_LOG IS SET TO OUTPUT ALL LOG MESSAGES !!!
20210910 180318.114 INFO             PET2 !!!     THIS MAY CAUSE SLOWDOWN IN PERFORMANCE     !!!
20210910 180318.114 INFO             PET2 !!! FOR PRODUCTION RUNS, USE:                      !!!
20210910 180318.114 INFO             PET2 !!!                   ESMF_LOGKIND_Multi_On_Error  !!!
20210910 180318.114 INFO             PET2 !!!!!!!!!!!!!!!!!!!!!!!!!!!!!!!!!!!!!!!!!!!!!!!!!!!!!!
20210910 180318.114 INFO             PET2 Running with ESMF Version   : ESMF_8_2_0_beta_snapshot_18-42-gb11ffe5
20210910 180318.114 INFO             PET2 ESMF library build date/time: "Sep 10 2021" "17:27:07"
20210910 180318.114 INFO             PET2 ESMF library build location : /scratch/users/mpotts/intel_2019.0.5_intelmpi_O_develop
20210910 180318.114 INFO             PET2 ESMF_COMM                   : intelmpi
20210910 180318.115 INFO             PET2 ESMF_MOAB                   : enabled
20210910 180318.115 INFO             PET2 ESMF_LAPACK                 : enabled
20210910 180318.115 INFO             PET2 ESMF_NETCDF                 : enabled
20210910 180318.115 INFO             PET2 ESMF_PNETCDF                : disabled
20210910 180318.115 INFO             PET2 ESMF_PIO                    : enabled
20210910 180318.115 INFO             PET2 ESMF_YAMLCPP                : enabled
20210910 180318.152 DEBUG            PET2 about to destroy Grid: 0x1c7c6f0
20210910 180318.156 DEBUG            PET2 about to destroy Grid: 0x1c7d490
20210910 180318.165 INFO             PET2  NUMBER_OF_PROCESSORS           4
20210910 180318.165 INFO             PET2  PASS  Example ESMF_NUOPCAtmModelEx, ESMF_NUOPCAtmModelEx.F90, line 806
20210910 180318.165 INFO             PET2 Finalizing ESMF
20210910 180318.104 INFO             PET3 !!!!!!!!!!!!!!!!!!!!!!!!!!!!!!!!!!!!!!!!!!!!!!!!!!!!!!
20210910 180318.104 INFO             PET3 !!! THE ESMF_LOG IS SET TO OUTPUT ALL LOG MESSAGES !!!
20210910 180318.104 INFO             PET3 !!!     THIS MAY CAUSE SLOWDOWN IN PERFORMANCE     !!!
20210910 180318.104 INFO             PET3 !!! FOR PRODUCTION RUNS, USE:                      !!!
20210910 180318.104 INFO             PET3 !!!                   ESMF_LOGKIND_Multi_On_Error  !!!
20210910 180318.104 INFO             PET3 !!!!!!!!!!!!!!!!!!!!!!!!!!!!!!!!!!!!!!!!!!!!!!!!!!!!!!
20210910 180318.104 INFO             PET3 Running with ESMF Version   : ESMF_8_2_0_beta_snapshot_18-42-gb11ffe5
20210910 180318.104 INFO             PET3 ESMF library build date/time: "Sep 10 2021" "17:27:07"
20210910 180318.104 INFO             PET3 ESMF library build location : /scratch/users/mpotts/intel_2019.0.5_intelmpi_O_develop
20210910 180318.104 INFO             PET3 ESMF_COMM                   : intelmpi
20210910 180318.105 INFO             PET3 ESMF_MOAB                   : enabled
20210910 180318.105 INFO             PET3 ESMF_LAPACK                 : enabled
20210910 180318.105 INFO             PET3 ESMF_NETCDF                 : enabled
20210910 180318.105 INFO             PET3 ESMF_PNETCDF                : disabled
20210910 180318.105 INFO             PET3 ESMF_PIO                    : enabled
20210910 180318.105 INFO             PET3 ESMF_YAMLCPP                : enabled
20210910 180318.152 DEBUG            PET3 about to destroy Grid: 0x14a86d0
20210910 180318.156 DEBUG            PET3 about to destroy Grid: 0x14a9470
20210910 180318.165 INFO             PET3  NUMBER_OF_PROCESSORS           4
20210910 180318.165 INFO             PET3  PASS  Example ESMF_NUOPCAtmModelEx, ESMF_NUOPCAtmModelEx.F90, line 806
20210910 180318.165 INFO             PET3 Finalizing ESMF
