build time -- 2021-08-07 17:27:13
 - after SMM from A -> X
   1.00000000000000        1.00000000000000        1.00000000000000     
   1.00000000000000        1.00000000000000        1.00000000000000     
   1.00000000000000        1.00000000000000        1.00000000000000     
   2.00000000000000        2.00000000000000        2.00000000000000     
 - B before SMM from X -> B
  0.000000000000000E+000  0.000000000000000E+000  0.000000000000000E+000
  0.000000000000000E+000
 - B after SMM from X -> B
   1.00000000745058        1.00000002980232        1.66666667908430     
   1.66666671633720     
 Regridding through XGrid example returned
  PASS  Example ESMF_XGridSparseMatEx, ESMF_XGridSparseMatEx.F90, line 642
 PASS: ESMF_XGridSparseMatEx.F90
TOTCPU=20:04:48 ELAP=00:37:39 REQMEM=5875Mc REQCPUS=24 ALLOCCPUS=32 TIMELIMIT=02:30:00 PART=s4 ACCT=star
MAXRSS=0 MAXVMSIZE=196896K
________________________________________________________________
Job Resource Usage Summary for 11274547

  CPU Time Used : 20:04:48
  Memory Used : 0
  Virtual Memory Used : 196896K
  Walltime Used : 00:37:39

  Memory Requested : 5875Mc (n=per node; c=per core)
  CPUs Requested / Allocated : 24 / 32
  Walltime Requested : 02:30:00

  Execution Queue : s4
  Head Node : 
  Charged to : star

  Job Stopped : Sat Aug  7 18:04:52 UTC 2021
_____________________________________________________________________

