build time -- 2021-08-25 17:32:57
  PASS  Example ESMF_ArraySparseMatMulEx, ESMF_ArraySparseMatMulEx.F90, line 647
  PASS  Example ESMF_ArraySparseMatMulEx, ESMF_ArraySparseMatMulEx.F90, line 647
  PASS  Example ESMF_ArraySparseMatMulEx, ESMF_ArraySparseMatMulEx.F90, line 647
  PASS  Example ESMF_ArraySparseMatMulEx, ESMF_ArraySparseMatMulEx.F90, line 647
 PASS: ESMF_ArraySparseMatMulEx.F90
 PASS: ESMF_ArraySparseMatMulEx.F90
 PASS: ESMF_ArraySparseMatMulEx.F90
 PASS: ESMF_ArraySparseMatMulEx.F90
TOTCPU=19:37:36 ELAP=00:36:48 REQMEM=5875Mc REQCPUS=24 ALLOCCPUS=32 TIMELIMIT=02:30:00 PART=s4 ACCT=star
MAXRSS=0 MAXVMSIZE=196896K
________________________________________________________________
Job Resource Usage Summary for 11376198

  CPU Time Used : 19:37:36
  Memory Used : 0
  Virtual Memory Used : 196896K
  Walltime Used : 00:36:48

  Memory Requested : 5875Mc (n=per node; c=per core)
  CPUs Requested / Allocated : 24 / 32
  Walltime Requested : 02:30:00

  Execution Queue : s4
  Head Node : 
  Charged to : star

  Job Stopped : Wed Aug 25 18:09:46 UTC 2021
_____________________________________________________________________

