build time -- 2021-09-02 17:31:15
 gregorianCalendar is of type ESMF_CALKIND_GREGORIAN.
 Gregorian date 2004/4/17 is                2453113 
  days in the Julian Day calendar.
 For Mars, 3 solar years, 100 sols + 1 solar year =         2774 sols.
  PASS  Example CalendarEx, ESMF_CalendarEx.F90, line 217
 PASS: ESMF_CalendarEx.F90
TOTCPU=1-05:11:28 ELAP=00:54:44 REQMEM=5875Mc REQCPUS=24 ALLOCCPUS=32 TIMELIMIT=02:30:00 PART=s4 ACCT=star
MAXRSS=0 MAXVMSIZE=196896K
________________________________________________________________
Job Resource Usage Summary for 11398542

  CPU Time Used : 1-05:11:28
  Memory Used : 0
  Virtual Memory Used : 196896K
  Walltime Used : 00:54:44

  Memory Requested : 5875Mc (n=per node; c=per core)
  CPUs Requested / Allocated : 24 / 32
  Walltime Requested : 02:30:00

  Execution Queue : s4
  Head Node : 
  Charged to : star

  Job Stopped : Thu Sep  2 18:25:59 UTC 2021
_____________________________________________________________________

