build time -- 2021-08-16 17:30:31
  PASS  Example ESMF_MeshEx, ESMF_MeshEx.F90, line 1795
  PASS  Example ESMF_MeshEx, ESMF_MeshEx.F90, line 1795
  PASS  Example ESMF_MeshEx, ESMF_MeshEx.F90, line 1795
  PASS  Example ESMF_MeshEx, ESMF_MeshEx.F90, line 1795
 PASS: ESMF_MeshEx.F90
 PASS: ESMF_MeshEx.F90
 PASS: ESMF_MeshEx.F90
 PASS: ESMF_MeshEx.F90
TOTCPU=19:46:08 ELAP=00:37:04 REQMEM=5875Mc REQCPUS=24 ALLOCCPUS=32 TIMELIMIT=02:30:00 PART=s4 ACCT=star
MAXRSS=33464K MAXVMSIZE=196896K
________________________________________________________________
Job Resource Usage Summary for 11348474

  CPU Time Used : 19:46:08
  Memory Used : 33464K
  Virtual Memory Used : 196896K
  Walltime Used : 00:37:04

  Memory Requested : 5875Mc (n=per node; c=per core)
  CPUs Requested / Allocated : 24 / 32
  Walltime Requested : 02:30:00

  Execution Queue : s4
  Head Node : 
  Charged to : star

  Job Stopped : Mon Aug 16 18:07:36 UTC 2021
_____________________________________________________________________

