build time -- 2021-08-26 17:24:27
  PASS  Example ESMF_ArrayRedistEx, ESMF_ArrayRedistEx.F90, line 595
  PASS  Example ESMF_ArrayRedistEx, ESMF_ArrayRedistEx.F90, line 595
  PASS  Example ESMF_ArrayRedistEx, ESMF_ArrayRedistEx.F90, line 595
  PASS  Example ESMF_ArrayRedistEx, ESMF_ArrayRedistEx.F90, line 595
 PASS: ESMF_ArrayRedistEx.F90
 PASS: ESMF_ArrayRedistEx.F90
 PASS: ESMF_ArrayRedistEx.F90
 PASS: ESMF_ArrayRedistEx.F90
TOTCPU=18:35:44 ELAP=00:34:52 REQMEM=5875Mc REQCPUS=24 ALLOCCPUS=32 TIMELIMIT=02:30:00 PART=s4 ACCT=star
MAXRSS=0 MAXVMSIZE=196896K
________________________________________________________________
Job Resource Usage Summary for 11377711

  CPU Time Used : 18:35:44
  Memory Used : 0
  Virtual Memory Used : 196896K
  Walltime Used : 00:34:52

  Memory Requested : 5875Mc (n=per node; c=per core)
  CPUs Requested / Allocated : 24 / 32
  Walltime Requested : 02:30:00

  Execution Queue : s4
  Head Node : 
  Charged to : star

  Job Stopped : Thu Aug 26 17:59:20 UTC 2021
_____________________________________________________________________

