build time -- 2021-08-17 17:29:48
  PASS  Example ESMF_GridUsageEx, ESMF_GridUsageEx.F90, line 3470
  PASS  Example ESMF_GridUsageEx, ESMF_GridUsageEx.F90, line 3470
  PASS  Example ESMF_GridUsageEx, ESMF_GridUsageEx.F90, line 3470
  PASS  Example ESMF_GridUsageEx, ESMF_GridUsageEx.F90, line 3470
 PASS: ESMF_GridUsageEx.F90
 PASS: ESMF_GridUsageEx.F90
 PASS: ESMF_GridUsageEx.F90
 PASS: ESMF_GridUsageEx.F90
TOTCPU=19:20:00 ELAP=00:36:15 REQMEM=5875Mc REQCPUS=24 ALLOCCPUS=32 TIMELIMIT=02:30:00 PART=s4 ACCT=star
MAXRSS=0 MAXVMSIZE=196896K
________________________________________________________________
Job Resource Usage Summary for 11354029

  CPU Time Used : 19:20:00
  Memory Used : 0
  Virtual Memory Used : 196896K
  Walltime Used : 00:36:15

  Memory Requested : 5875Mc (n=per node; c=per core)
  CPUs Requested / Allocated : 24 / 32
  Walltime Requested : 02:30:00

  Execution Queue : s4
  Head Node : 
  Charged to : star

  Job Stopped : Tue Aug 17 18:06:03 UTC 2021
_____________________________________________________________________

