build time -- 2021-08-26 17:24:27
20210826 175837.638 INFO             PET0 !!!!!!!!!!!!!!!!!!!!!!!!!!!!!!!!!!!!!!!!!!!!!!!!!!!!!!
20210826 175837.638 INFO             PET0 !!! THE ESMF_LOG IS SET TO OUTPUT ALL LOG MESSAGES !!!
20210826 175837.638 INFO             PET0 !!!     THIS MAY CAUSE SLOWDOWN IN PERFORMANCE     !!!
20210826 175837.638 INFO             PET0 !!! FOR PRODUCTION RUNS, USE:                      !!!
20210826 175837.638 INFO             PET0 !!!                   ESMF_LOGKIND_Multi_On_Error  !!!
20210826 175837.638 INFO             PET0 !!!!!!!!!!!!!!!!!!!!!!!!!!!!!!!!!!!!!!!!!!!!!!!!!!!!!!
20210826 175837.638 INFO             PET0 Running with ESMF Version   : ESMF_8_2_0_beta_snapshot_17-7-gf801d9b
20210826 175837.638 INFO             PET0 ESMF library build date/time: "Aug 26 2021" "17:23:06"
20210826 175837.638 INFO             PET0 ESMF library build location : /scratch/users/mpotts/intel_2019.0.5_intelmpi_O_develop
20210826 175837.638 INFO             PET0 ESMF_COMM                   : intelmpi
20210826 175837.640 INFO             PET0 ESMF_MOAB                   : enabled
20210826 175837.640 INFO             PET0 ESMF_LAPACK                 : enabled
20210826 175837.640 INFO             PET0 ESMF_NETCDF                 : enabled
20210826 175837.640 INFO             PET0 ESMF_PNETCDF                : disabled
20210826 175837.640 INFO             PET0 ESMF_PIO                    : enabled
20210826 175837.640 INFO             PET0 ESMF_YAMLCPP                : enabled
20210826 175837.641 INFO             PET0  NUMBER_OF_PROCESSORS           1
20210826 175837.641 INFO             PET0  PASS  Example ESMF_AlarmEx, ESMF_AlarmEx.F90, line 244
20210826 175837.641 INFO             PET0 Finalizing ESMF
