build time -- 2021-08-29 17:26:25
  PASS  Example ESMF_LogErrEx, ESMF_LogErrEx.F90, line 186
  PASS  Example ESMF_LogErrEx, ESMF_LogErrEx.F90, line 186
  PASS  Example ESMF_LogErrEx, ESMF_LogErrEx.F90, line 186
  PASS  Example ESMF_LogErrEx, ESMF_LogErrEx.F90, line 186
 PASS: ESMF_LogErrEx.F90
 PASS: ESMF_LogErrEx.F90
 PASS: ESMF_LogErrEx.F90
 PASS: ESMF_LogErrEx.F90
TOTCPU=18:13:52 ELAP=00:34:11 REQMEM=5875Mc REQCPUS=24 ALLOCCPUS=32 TIMELIMIT=02:30:00 PART=s4 ACCT=star
MAXRSS=0 MAXVMSIZE=196896K
________________________________________________________________
Job Resource Usage Summary for 11387436

  CPU Time Used : 18:13:52
  Memory Used : 0
  Virtual Memory Used : 196896K
  Walltime Used : 00:34:11

  Memory Requested : 5875Mc (n=per node; c=per core)
  CPUs Requested / Allocated : 24 / 32
  Walltime Requested : 02:30:00

  Execution Queue : s4
  Head Node : 
  Charged to : star

  Job Stopped : Sun Aug 29 18:00:37 UTC 2021
_____________________________________________________________________

