build time -- 2021-09-15 17:28:50
  PASS  Example ESMF_ArrayCommNBEx, ESMF_ArrayCommNBEx.F90, line 277
  PASS  Example ESMF_ArrayCommNBEx, ESMF_ArrayCommNBEx.F90, line 277
  PASS  Example ESMF_ArrayCommNBEx, ESMF_ArrayCommNBEx.F90, line 277
  PASS  Example ESMF_ArrayCommNBEx, ESMF_ArrayCommNBEx.F90, line 277
 PASS: ESMF_ArrayCommNBEx.F90
 PASS: ESMF_ArrayCommNBEx.F90
 PASS: ESMF_ArrayCommNBEx.F90
 PASS: ESMF_ArrayCommNBEx.F90
TOTCPU=20:15:28 ELAP=00:37:59 REQMEM=5875Mc REQCPUS=24 ALLOCCPUS=32 TIMELIMIT=02:30:00 PART=s4 ACCT=star
MAXRSS=0 MAXVMSIZE=196896K
________________________________________________________________
Job Resource Usage Summary for 11419890

  CPU Time Used : 20:15:28
  Memory Used : 0
  Virtual Memory Used : 196896K
  Walltime Used : 00:37:59

  Memory Requested : 5875Mc (n=per node; c=per core)
  CPUs Requested / Allocated : 24 / 32
  Walltime Requested : 02:30:00

  Execution Queue : s4
  Head Node : 
  Charged to : star

  Job Stopped : Wed Sep 15 18:06:50 UTC 2021
_____________________________________________________________________

