build time -- 2021-08-19 17:23:29
  PASS  Example ESMF_ArrayScatterGatherArbEx, ESMF_ArrayScatterGatherArbEx.F90, 
 line 313
  PASS  Example ESMF_ArrayScatterGatherArbEx, ESMF_ArrayScatterGatherArbEx.F90, 
 line 313
  PASS  Example ESMF_ArrayScatterGatherArbEx, ESMF_ArrayScatterGatherArbEx.F90, 
 line 313
  PASS  Example ESMF_ArrayScatterGatherArbEx, ESMF_ArrayScatterGatherArbEx.F90, 
 line 313
 PASS: ESMF_ArrayScatterGatherArbEx.F90
 PASS: ESMF_ArrayScatterGatherArbEx.F90
 PASS: ESMF_ArrayScatterGatherArbEx.F90
 PASS: ESMF_ArrayScatterGatherArbEx.F90
TOTCPU=15:03:28 ELAP=00:28:14 REQMEM=5875Mc REQCPUS=24 ALLOCCPUS=32 TIMELIMIT=02:30:00 PART=s4 ACCT=star
MAXRSS=0 MAXVMSIZE=196896K
________________________________________________________________
Job Resource Usage Summary for 11360070

  CPU Time Used : 15:03:28
  Memory Used : 0
  Virtual Memory Used : 196896K
  Walltime Used : 00:28:14

  Memory Requested : 5875Mc (n=per node; c=per core)
  CPUs Requested / Allocated : 24 / 32
  Walltime Requested : 02:30:00

  Execution Queue : s4
  Head Node : 
  Charged to : star

  Job Stopped : Thu Aug 19 17:51:44 UTC 2021
_____________________________________________________________________

