build time -- 2021-08-09 17:26:24
 sumA =   0.7000000    
 sumB =   0.7000000    
 sumC =   0.9000000    
 sumD =   0.9000000    
 sumE =   0.9000000    
 result SRCSEQ#1 =   0.7000000      expect:   0.7000000    
 result SRCSEQ#2 =   0.7000000      expect:   0.7000000    
 result SRCPET#1 =   0.7000000      expect:   0.7000000    
 result SRCPET#2 =   0.7000000      expect:   0.7000000    
 result SRCPET#3 =   0.7000000      expect:   0.7000000    
 result SRCPET#4 =   0.7000000      expect:   0.7000000    
 result SRCPET#5 =   0.7000000      expect:   0.7000000    
 result SRCPET#6 =   0.7000000      expect:   0.7000000    
 result SRCPET#7 =   0.7000000      expect:   0.7000000    
 result SRCPET#8 =   0.9000000      expect:   0.9000000    
 result SRCPET#9 =   0.9000000      expect:   0.9000000    
 result SRCPET#10 =   0.9000000      expect:   0.9000000    
 SMM parameters determined via auto-tuning -> dump to file
 result SRCPET#11 =   0.9000000    
 SMM parameters successfully read from file
  srcTermProcessing=           3  pipelineDepth=           2  ==>> sumCompare=
  0.9000000    
 result SRCPET#11 =   0.9000000      expect:   0.9000000    
 SMM parameters successfully read from file
  srcTermProcessing=           3  pipelineDepth=           2  ==>> sumCompare=
  0.9000000    
 result SRCPET#11 =   0.9000000      expect:   0.9000000    
 SMM parameters successfully read from file
  srcTermProcessing=           3  pipelineDepth=           2  ==>> sumCompare=
  0.9000000    
 result SRCPET#11 =   0.9000000      expect:   0.9000000    
 SMM parameters successfully read from file
  srcTermProcessing=           3  pipelineDepth=           2  ==>> sumCompare=
  0.9000000    
 result SRCPET#11 =   0.9000000      expect:   0.9000000    
 result SRCSEQ#3 =   0.9000000      expect:   0.9000000    
  PASS  Example ESMF_RHandleBitForBitEx, ESMF_RHandleBitForBitEx.F90, line 1557
  PASS  Example ESMF_RHandleBitForBitEx, ESMF_RHandleBitForBitEx.F90, line 1557
  PASS  Example ESMF_RHandleBitForBitEx, ESMF_RHandleBitForBitEx.F90, line 1557
  PASS  Example ESMF_RHandleBitForBitEx, ESMF_RHandleBitForBitEx.F90, line 1557
 PASS: ESMF_RHandleBitForBitEx.F90
 PASS: ESMF_RHandleBitForBitEx.F90
 PASS: ESMF_RHandleBitForBitEx.F90
 PASS: ESMF_RHandleBitForBitEx.F90
TOTCPU=19:32:16 ELAP=00:36:38 REQMEM=5875Mc REQCPUS=24 ALLOCCPUS=32 TIMELIMIT=02:30:00 PART=s4 ACCT=star
MAXRSS=0 MAXVMSIZE=196896K
________________________________________________________________
Job Resource Usage Summary for 11277789

  CPU Time Used : 19:32:16
  Memory Used : 0
  Virtual Memory Used : 196896K
  Walltime Used : 00:36:38

  Memory Requested : 5875Mc (n=per node; c=per core)
  CPUs Requested / Allocated : 24 / 32
  Walltime Requested : 02:30:00

  Execution Queue : s4
  Head Node : 
  Charged to : star

  Job Stopped : Mon Aug  9 18:03:03 UTC 2021
_____________________________________________________________________

