build time -- 2021-09-29 03:56:02.286124
20210929 042701.806 INFO             PET0 !!!!!!!!!!!!!!!!!!!!!!!!!!!!!!!!!!!!!!!!!!!!!!!!!!!!!!
20210929 042701.806 INFO             PET0 !!! THE ESMF_LOG IS SET TO OUTPUT ALL LOG MESSAGES !!!
20210929 042701.806 INFO             PET0 !!!     THIS MAY CAUSE SLOWDOWN IN PERFORMANCE     !!!
20210929 042701.806 INFO             PET0 !!! FOR PRODUCTION RUNS, USE:                      !!!
20210929 042701.806 INFO             PET0 !!!                   ESMF_LOGKIND_Multi_On_Error  !!!
20210929 042701.806 INFO             PET0 !!!!!!!!!!!!!!!!!!!!!!!!!!!!!!!!!!!!!!!!!!!!!!!!!!!!!!
20210929 042701.806 INFO             PET0 Running with ESMF Version   : ESMF_8_2_0_beta_snapshot_20
20210929 042701.806 INFO             PET0 ESMF library build date/time: "Sep 29 2021" "03:53:02"
20210929 042701.806 INFO             PET0 ESMF library build location : /glade/scratch/mpotts/gfortran_10.1.0_mpt_g_develop
20210929 042701.806 INFO             PET0 ESMF_COMM                   : mpt
20210929 042701.807 INFO             PET0 ESMF_MOAB                   : enabled
20210929 042701.807 INFO             PET0 ESMF_LAPACK                 : enabled
20210929 042701.807 INFO             PET0 ESMF_NETCDF                 : enabled
20210929 042701.807 INFO             PET0 ESMF_PNETCDF                : disabled
20210929 042701.807 INFO             PET0 ESMF_PIO                    : enabled
20210929 042701.807 INFO             PET0 ESMF_YAMLCPP                : enabled
20210929 042701.807 INFO             PET0  NUMBER_OF_PROCESSORS           1
20210929 042701.807 INFO             PET0  PASS  Example ESMF_TimeIntervalEx, ESMF_TimeIntervalEx.F90, line 176
20210929 042701.807 INFO             PET0 Finalizing ESMF
