build time -- 2021-08-04 11:11:44.179225
20210804 112652.081 INFO             PET0 !!!!!!!!!!!!!!!!!!!!!!!!!!!!!!!!!!!!!!!!!!!!!!!!!!!!!!
20210804 112652.082 INFO             PET0 !!! THE ESMF_LOG IS SET TO OUTPUT ALL LOG MESSAGES !!!
20210804 112652.082 INFO             PET0 !!!     THIS MAY CAUSE SLOWDOWN IN PERFORMANCE     !!!
20210804 112652.082 INFO             PET0 !!! FOR PRODUCTION RUNS, USE:                      !!!
20210804 112652.082 INFO             PET0 !!!                   ESMF_LOGKIND_Multi_On_Error  !!!
20210804 112652.082 INFO             PET0 !!!!!!!!!!!!!!!!!!!!!!!!!!!!!!!!!!!!!!!!!!!!!!!!!!!!!!
20210804 112652.082 INFO             PET0 Running with ESMF Version   : ESMF_8_2_0_beta_snapshot_14-1-g6ac79f62fc
20210804 112652.082 INFO             PET0 ESMF library build date/time: "Aug  4 2021" "11:10:47"
20210804 112652.082 INFO             PET0 ESMF library build location : /home/mpotts/intel_2021.2_intelmpi_O_develop
20210804 112652.082 INFO             PET0 ESMF_COMM                   : intelmpi
20210804 112652.082 INFO             PET0 ESMF_MOAB                   : enabled
20210804 112652.082 INFO             PET0 ESMF_LAPACK                 : enabled
20210804 112652.082 INFO             PET0 ESMF_NETCDF                 : enabled
20210804 112652.082 INFO             PET0 ESMF_PNETCDF                : disabled
20210804 112652.082 INFO             PET0 ESMF_PIO                    : enabled
20210804 112652.082 INFO             PET0 ESMF_YAMLCPP                : enabled
20210804 112652.082 INFO             PET0  NUMBER_OF_PROCESSORS           2
20210804 112652.082 INFO             PET0  PASS  Example ESMF_VMUserMpiCommEx, ESMF_VMUserMpiCommEx.F90, line 113
20210804 112652.082 INFO             PET0 Finalizing ESMF
20210804 112652.081 INFO             PET1 !!!!!!!!!!!!!!!!!!!!!!!!!!!!!!!!!!!!!!!!!!!!!!!!!!!!!!
20210804 112652.082 INFO             PET1 !!! THE ESMF_LOG IS SET TO OUTPUT ALL LOG MESSAGES !!!
20210804 112652.082 INFO             PET1 !!!     THIS MAY CAUSE SLOWDOWN IN PERFORMANCE     !!!
20210804 112652.082 INFO             PET1 !!! FOR PRODUCTION RUNS, USE:                      !!!
20210804 112652.082 INFO             PET1 !!!                   ESMF_LOGKIND_Multi_On_Error  !!!
20210804 112652.082 INFO             PET1 !!!!!!!!!!!!!!!!!!!!!!!!!!!!!!!!!!!!!!!!!!!!!!!!!!!!!!
20210804 112652.082 INFO             PET1 Running with ESMF Version   : ESMF_8_2_0_beta_snapshot_14-1-g6ac79f62fc
20210804 112652.082 INFO             PET1 ESMF library build date/time: "Aug  4 2021" "11:10:47"
20210804 112652.082 INFO             PET1 ESMF library build location : /home/mpotts/intel_2021.2_intelmpi_O_develop
20210804 112652.082 INFO             PET1 ESMF_COMM                   : intelmpi
20210804 112652.082 INFO             PET1 ESMF_MOAB                   : enabled
20210804 112652.082 INFO             PET1 ESMF_LAPACK                 : enabled
20210804 112652.082 INFO             PET1 ESMF_NETCDF                 : enabled
20210804 112652.082 INFO             PET1 ESMF_PNETCDF                : disabled
20210804 112652.082 INFO             PET1 ESMF_PIO                    : enabled
20210804 112652.082 INFO             PET1 ESMF_YAMLCPP                : enabled
20210804 112652.082 INFO             PET1  NUMBER_OF_PROCESSORS           2
20210804 112652.082 INFO             PET1  PASS  Example ESMF_VMUserMpiCommEx, ESMF_VMUserMpiCommEx.F90, line 113
20210804 112652.082 INFO             PET1 Finalizing ESMF
