build time -- 2021-08-13 03:43:23.216283
20210813 050146.052 INFO             PET0 !!!!!!!!!!!!!!!!!!!!!!!!!!!!!!!!!!!!!!!!!!!!!!!!!!!!!!
20210813 050146.052 INFO             PET0 !!! THE ESMF_LOG IS SET TO OUTPUT ALL LOG MESSAGES !!!
20210813 050146.052 INFO             PET0 !!!     THIS MAY CAUSE SLOWDOWN IN PERFORMANCE     !!!
20210813 050146.052 INFO             PET0 !!! FOR PRODUCTION RUNS, USE:                      !!!
20210813 050146.053 INFO             PET0 !!!                   ESMF_LOGKIND_Multi_On_Error  !!!
20210813 050146.053 INFO             PET0 !!!!!!!!!!!!!!!!!!!!!!!!!!!!!!!!!!!!!!!!!!!!!!!!!!!!!!
20210813 050146.053 INFO             PET0 Running with ESMF Version   : ESMF_8_2_0_beta_snapshot_15
20210813 050146.053 INFO             PET0 ESMF library build date/time: "Aug 13 2021" "03:35:18"
20210813 050146.053 INFO             PET0 ESMF library build location : /gpfsm/dnb04/projects/p98/mpotts/esmf/pgi_2020_mpiuni_O_develop
20210813 050146.053 INFO             PET0 ESMF_COMM                   : mpiuni
20210813 050146.053 INFO             PET0 ESMF_MOAB                   : enabled
20210813 050146.053 INFO             PET0 ESMF_LAPACK                 : enabled
20210813 050146.053 INFO             PET0 ESMF_NETCDF                 : disabled
20210813 050146.053 INFO             PET0 ESMF_PNETCDF                : disabled
20210813 050146.053 INFO             PET0 ESMF_PIO                    : disabled
20210813 050146.053 INFO             PET0 ESMF_YAMLCPP                : enabled
20210813 050146.062 INFO             PET0  NUMBER_OF_PROCESSORS            1
20210813 050146.062 INFO             PET0  PASS  Example ESMF_LocStreamEx, ESMF_LocStreamEx.F90, line 784
20210813 050146.062 INFO             PET0 Finalizing ESMF
