build time -- 2021-09-02 04:35:26.864360
20210902 055301.315 INFO             PET0 !!!!!!!!!!!!!!!!!!!!!!!!!!!!!!!!!!!!!!!!!!!!!!!!!!!!!!
20210902 055301.315 INFO             PET0 !!! THE ESMF_LOG IS SET TO OUTPUT ALL LOG MESSAGES !!!
20210902 055301.315 INFO             PET0 !!!     THIS MAY CAUSE SLOWDOWN IN PERFORMANCE     !!!
20210902 055301.315 INFO             PET0 !!! FOR PRODUCTION RUNS, USE:                      !!!
20210902 055301.315 INFO             PET0 !!!                   ESMF_LOGKIND_Multi_On_Error  !!!
20210902 055301.315 INFO             PET0 !!!!!!!!!!!!!!!!!!!!!!!!!!!!!!!!!!!!!!!!!!!!!!!!!!!!!!
20210902 055301.315 INFO             PET0 Running with ESMF Version   : ESMF_8_2_0_beta_snapshot_18-41-g0b46f0724a
20210902 055301.315 INFO             PET0 ESMF library build date/time: "Sep  2 2021" "04:28:11"
20210902 055301.315 INFO             PET0 ESMF library build location : /gpfsm/dnb04/projects/p98/mpotts/esmf/pgi_2020_mpiuni_O_develop
20210902 055301.315 INFO             PET0 ESMF_COMM                   : mpiuni
20210902 055301.315 INFO             PET0 ESMF_MOAB                   : enabled
20210902 055301.315 INFO             PET0 ESMF_LAPACK                 : enabled
20210902 055301.315 INFO             PET0 ESMF_NETCDF                 : disabled
20210902 055301.315 INFO             PET0 ESMF_PNETCDF                : disabled
20210902 055301.315 INFO             PET0 ESMF_PIO                    : disabled
20210902 055301.315 INFO             PET0 ESMF_YAMLCPP                : enabled
20210902 055301.328 INFO             PET0  NUMBER_OF_PROCESSORS            1
20210902 055301.328 INFO             PET0  PASS  Example ESMF_VMComponentEx, ESMF_VMComponentEx.F90, line 197
20210902 055301.328 INFO             PET0 Finalizing ESMF
