build time -- 2021-07-28 02:08:24.563046
20210728 031303.857 INFO             PET0 !!!!!!!!!!!!!!!!!!!!!!!!!!!!!!!!!!!!!!!!!!!!!!!!!!!!!!
20210728 031303.857 INFO             PET0 !!! THE ESMF_LOG IS SET TO OUTPUT ALL LOG MESSAGES !!!
20210728 031303.857 INFO             PET0 !!!     THIS MAY CAUSE SLOWDOWN IN PERFORMANCE     !!!
20210728 031303.857 INFO             PET0 !!! FOR PRODUCTION RUNS, USE:                      !!!
20210728 031303.857 INFO             PET0 !!!                   ESMF_LOGKIND_Multi_On_Error  !!!
20210728 031303.857 INFO             PET0 !!!!!!!!!!!!!!!!!!!!!!!!!!!!!!!!!!!!!!!!!!!!!!!!!!!!!!
20210728 031303.857 INFO             PET0 Running with ESMF Version   : ESMF_8_2_0_beta_snapshot_14
20210728 031303.857 INFO             PET0 ESMF library build date/time: "Jul 28 2021" "02:03:53"
20210728 031303.857 INFO             PET0 ESMF library build location : /gpfsm/dnb04/projects/p98/mpotts/esmf/pgi_2020_mpiuni_O_develop
20210728 031303.857 INFO             PET0 ESMF_COMM                   : mpiuni
20210728 031303.857 INFO             PET0 ESMF_MOAB                   : enabled
20210728 031303.857 INFO             PET0 ESMF_LAPACK                 : enabled
20210728 031303.857 INFO             PET0 ESMF_NETCDF                 : disabled
20210728 031303.857 INFO             PET0 ESMF_PNETCDF                : disabled
20210728 031303.857 INFO             PET0 ESMF_PIO                    : disabled
20210728 031303.857 INFO             PET0 ESMF_YAMLCPP                : enabled
20210728 031303.858 INFO             PET0  NUMBER_OF_PROCESSORS            1
20210728 031303.858 INFO             PET0  PASS  Example ESMF_AlarmEx, ESMF_AlarmEx.F90, line 244
20210728 031303.858 INFO             PET0 Finalizing ESMF
