build time -- 2021-07-08 03:09:02.831982
20210708 044213.323 INFO             PET0 !!!!!!!!!!!!!!!!!!!!!!!!!!!!!!!!!!!!!!!!!!!!!!!!!!!!!!
20210708 044213.323 INFO             PET0 !!! THE ESMF_LOG IS SET TO OUTPUT ALL LOG MESSAGES !!!
20210708 044213.323 INFO             PET0 !!!     THIS MAY CAUSE SLOWDOWN IN PERFORMANCE     !!!
20210708 044213.323 INFO             PET0 !!! FOR PRODUCTION RUNS, USE:                      !!!
20210708 044213.323 INFO             PET0 !!!                   ESMF_LOGKIND_Multi_On_Error  !!!
20210708 044213.323 INFO             PET0 !!!!!!!!!!!!!!!!!!!!!!!!!!!!!!!!!!!!!!!!!!!!!!!!!!!!!!
20210708 044213.323 INFO             PET0 Running with ESMF Version   : ESMF_8_2_0_beta_snapshot_12-2-g7397acc804
20210708 044213.323 INFO             PET0 ESMF library build date/time: "Jul  8 2021" "03:05:23"
20210708 044213.323 INFO             PET0 ESMF library build location : /gpfsm/dnb04/projects/p98/mpotts/esmf/pgi_2020_mpiuni_O_develop
20210708 044213.323 INFO             PET0 ESMF_COMM                   : mpiuni
20210708 044213.324 INFO             PET0 ESMF_MOAB                   : enabled
20210708 044213.324 INFO             PET0 ESMF_LAPACK                 : enabled
20210708 044213.324 INFO             PET0 ESMF_NETCDF                 : disabled
20210708 044213.324 INFO             PET0 ESMF_PNETCDF                : disabled
20210708 044213.324 INFO             PET0 ESMF_PIO                    : disabled
20210708 044213.324 INFO             PET0 ESMF_YAMLCPP                : enabled
20210708 044213.324 INFO             PET0  NUMBER_OF_PROCESSORS            1
20210708 044213.324 INFO             PET0  PASS  Example ESMF_VMHigherRankDataEx, ESMF_VMHigherRankDataEx.F90, line 140
20210708 044213.324 INFO             PET0 Finalizing ESMF
