build time -- 2021-06-21 06:35:39
[1624259817.899190] [h4c36:229860:0]         mxm.c:196  MXM  WARN  The 'ulimit -s' on the system is set to 'unlimited'. This may have negative performance implications. Please set the stack size to the default value (10240) 
[1624259817.903636] [h4c36:229860:0]         mxm.c:196  MXM  WARN  The 'ulimit -s' on the system is set to 'unlimited'. This may have negative performance implications. Please set the stack size to the default value (10240) 
[1624259817.899188] [h4c36:229862:0]         mxm.c:196  MXM  WARN  The 'ulimit -s' on the system is set to 'unlimited'. This may have negative performance implications. Please set the stack size to the default value (10240) 
[1624259817.903615] [h4c36:229862:0]         mxm.c:196  MXM  WARN  The 'ulimit -s' on the system is set to 'unlimited'. This may have negative performance implications. Please set the stack size to the default value (10240) 
[1624259817.890204] [h4c36:229861:0]         mxm.c:196  MXM  WARN  The 'ulimit -s' on the system is set to 'unlimited'. This may have negative performance implications. Please set the stack size to the default value (10240) 
[1624259817.894527] [h4c36:229861:0]         mxm.c:196  MXM  WARN  The 'ulimit -s' on the system is set to 'unlimited'. This may have negative performance implications. Please set the stack size to the default value (10240) 
[1624259817.890191] [h4c36:229863:0]         mxm.c:196  MXM  WARN  The 'ulimit -s' on the system is set to 'unlimited'. This may have negative performance implications. Please set the stack size to the default value (10240) 
[1624259817.894505] [h4c36:229863:0]         mxm.c:196  MXM  WARN  The 'ulimit -s' on the system is set to 'unlimited'. This may have negative performance implications. Please set the stack size to the default value (10240) 
  PASS  Example ESMF_ArrayCommNBEx, ESMF_ArrayCommNBEx.F90, line 277
  PASS  Example ESMF_ArrayCommNBEx, ESMF_ArrayCommNBEx.F90, line 277
  PASS  Example ESMF_ArrayCommNBEx, ESMF_ArrayCommNBEx.F90, line 277
  PASS  Example ESMF_ArrayCommNBEx, ESMF_ArrayCommNBEx.F90, line 277

Program received signal SIGSEGV: Segmentation fault - invalid memory reference.

Backtrace for this error:

Program received signal SIGSEGV: Segmentation fault - invalid memory reference.

Backtrace for this error:

Program received signal SIGSEGV: Segmentation fault - invalid memory reference.

Backtrace for this error:

Program received signal SIGSEGV: Segmentation fault - invalid memory reference.

Backtrace for this error:
#0  0x2b5b2c5be3ff in ???
#0  0x2af8924493ff in ???
#0  0x2ad61bb383ff in ???
#0  0x2ab420ec23ff in ???
srun: error: h4c36: tasks 0-3: Segmentation fault (core dumped)
srun: launch/slurm: _step_signal: Terminating StepId=19969237.296
