[1628252338.386280] [h1c01:297607:0]         mxm.c:196  MXM  WARN  The 'ulimit -s' on the system is set to 'unlimited'. This may have negative performance implications. Please set the stack size to the default value (10240) 
[1628252338.390668] [h1c01:297607:0]         mxm.c:196  MXM  WARN  The 'ulimit -s' on the system is set to 'unlimited'. This may have negative performance implications. Please set the stack size to the default value (10240) 
[1628252338.386431] [h1c01:297605:0]         mxm.c:196  MXM  WARN  The 'ulimit -s' on the system is set to 'unlimited'. This may have negative performance implications. Please set the stack size to the default value (10240) 
[1628252338.390797] [h1c01:297605:0]         mxm.c:196  MXM  WARN  The 'ulimit -s' on the system is set to 'unlimited'. This may have negative performance implications. Please set the stack size to the default value (10240) 
[1628252338.391525] [h1c01:297606:0]         mxm.c:196  MXM  WARN  The 'ulimit -s' on the system is set to 'unlimited'. This may have negative performance implications. Please set the stack size to the default value (10240) 
[1628252338.395856] [h1c01:297606:0]         mxm.c:196  MXM  WARN  The 'ulimit -s' on the system is set to 'unlimited'. This may have negative performance implications. Please set the stack size to the default value (10240) 
[1628252338.391458] [h1c01:297608:0]         mxm.c:196  MXM  WARN  The 'ulimit -s' on the system is set to 'unlimited'. This may have negative performance implications. Please set the stack size to the default value (10240) 
[1628252338.395792] [h1c01:297608:0]         mxm.c:196  MXM  WARN  The 'ulimit -s' on the system is set to 'unlimited'. This may have negative performance implications. Please set the stack size to the default value (10240) 
--- ESMCI::ArrayBundle::print start ---
ArrayBundle: MyArrayBundle
arrayCount = 3
Container::print() multipmap:item=0 key=AonFly value=0xac4ea0
Container::print() multipmap:item=1 key=Array002 value=0xac0c90
Container::print() multipmap:item=2 key=Array003 value=0xac1b10
Container::print()      list:item=0 key=Array002 value=0xac0c90
Container::print()      list:item=1 key=Array003 value=0xac1b10
Container::print()      list:item=2 key=AonFly value=0xac4ea0
--- ESMCI::ArrayBundle::print end ---
--- ESMCI::ArrayBundle::print start ---
ArrayBundle: MyArrayBundle
arrayCount = 3
Container::print() multipmap:item=0 key=AonFly value=0xe91eb0
Container::print() multipmap:item=1 key=Array002 value=0xe8dcf0
Container::print() multipmap:item=2 key=Array003 value=0xe8eb40
Container::print()      list:item=0 key=Array002 value=0xe8dcf0
Container::print()      list:item=1 key=Array003 value=0xe8eb40
Container::print()      list:item=2 key=AonFly value=0xe91eb0
--- ESMCI::ArrayBundle::print end ---
--- ESMCI::ArrayBundle::print start ---
ArrayBundle: MyArrayBundle
arrayCount = 3
Container::print() multipmap:item=0 key=AonFly value=0x17061f0
Container::print() multipmap:item=1 key=Array002 value=0x1702de0
Container::print() multipmap:item=2 key=Array003 value=0x1703910
Container::print()      list:item=0 key=Array002 value=0x1702de0
Container::print()      list:item=1 key=Array003 value=0x1703910
Container::print()      list:item=2 key=AonFly value=0x17061f0
--- ESMCI::ArrayBundle::print end ---
--- ESMCI::ArrayBundle::print start ---
ArrayBundle: MyArrayBundle
arrayCount = 3
Container::print() multipmap:item=0 key=AonFly value=0x1d5afb0
Container::print() multipmap:item=1 key=Array002 value=0x1d57c10
Container::print() multipmap:item=2 key=Array003 value=0x1d586f0
Container::print()      list:item=0 key=Array002 value=0x1d57c10
Container::print()      list:item=1 key=Array003 value=0x1d586f0
Container::print()      list:item=2 key=AonFly value=0x1d5afb0
--- ESMCI::ArrayBundle::print end ---
--- ESMCI::Array::print start ---
 Base name    = AonFly
 Status: Base = Ready,  object = Ready
 Proxy        = no
--- ESMCI::Array::print start ---
 Base name    = AonFly
 Status: Base = Ready,  object = Ready
 Proxy        = no
 Root Info (Attributes):
--- ESMCI::Array::print start ---
 Base name    = AonFly
 Status: Base = Ready,  object = Ready
 Proxy        = no
 Root Info (Attributes):
--- ESMCI::Array::print start ---
 Base name    = AonFly
 Status: Base = Ready,  object = Ready
 Proxy        = no
 Root Info (Attributes):
 Root Info (Attributes):
{}Array typekind/rank: Real*4 / 2 
~ lower class' values ~
DistGrid dimCount = 2
deCount = 6
localDeCount = 1
~ local data in LocalArray for DE 2 ~
LocalArrayPrint: Array at address 0x1705ec0:
            rank = 2, typekind = 5, base_addr = 0x1705ea0
            dim[0] = 3  dim[1] = 2  
  Real, *4, Dim 2, Data values:
( 1, 1) =  4.41487e-38
( 2, 1) =  0
( 3, 1) =  0
( 1, 2) =  0
( 2, 2) =  0
( 3, 2) =  0
dim 1: [0]: [1 [1 [1, 3] 3] 3]
dim 2: [1]: [1 [1 [1, 2] 2] 2]
--- ESMCI::Array::print end ---
--- ESMCI::Array::print start ---
 Base name    = Array002
 Status: Base = Ready,  object = Ready
 Proxy        = no
 Root Info (Attributes):
{}Array typekind/rank: Real*4 / 2 
~ lower class' values ~
DistGrid dimCount = 2
deCount = 6
localDeCount = 1
~ local data in LocalArray for DE 3 ~
LocalArrayPrint: Array at address 0x1d5ac80:
            rank = 2, typekind = 5, base_addr = 0x1d5ac60
            dim[0] = 2  dim[1] = 2  
  Real, *4, Dim 2, Data values:
( 1, 1) =  7.84907e-38
( 2, 1) =  0
( 1, 2) =  0
( 2, 2) =  0
dim 1: [0]: [1 [1 [1, 2] 2] 2]
dim 2: [1]: [1 [1 [1, 2] 2] 2]
--- ESMCI::Array::print end ---
--- ESMCI::Array::print start ---
 Base name    = Array002
 Status: Base = Ready,  object = Ready
 Proxy        = no
 Root Info (Attributes):
{}Array typekind/rank: Real*8 / 2 
~ lower class' values ~
DistGrid dimCount = 2
deCount = 6
localDeCount = 1
~ local data in LocalArray for DE 3 ~
LocalArrayPrint: Array at address 0x1d578e0:
            rank = 2, typekind = 6, base_addr = 0x1d54730
            dim[0] = 2  dim[1] = 2  
  Real, *8, Dim 2, Data values:
( 1, 1) =  1.51947e-316
( 2, 1) =  0
( 1, 2) =  0
( 2, 2) =  0
dim 1: [0]: [1 [1 [1, 2] 2] 2]
dim 2: [1]: [1 [1 [1, 2] 2] 2]
--- ESMCI::Array::print end ---
--- ESMCI::Array::print start ---
 Base name    = Array003
 Status: Base = Ready,  object = Ready
 Proxy        = no
 Root Info (Attributes):
{}Array typekind/rank: Real*4 / 2 
~ lower class' values ~
DistGrid dimCount = 2
deCount = 6
localDeCount = 2
~ local data in LocalArray for DE 0 ~
LocalArrayPrint: Array at address 0xac4840:
            rank = 2, typekind = 5, base_addr = 0xac47c0
            dim[0] = 3  dim[1] = 2  
  Real, *4, Dim 2, Data values:
( 1, 1) =  1.58215e-38
( 2, 1) =  0
( 3, 1) =  0
( 1, 2) =  0
( 2, 2) =  0
( 3, 2) =  0
dim 1: [0]: [1 [1 [1, 3] 3] 3]
dim 2: [1]: [1 [1 [1, 2] 2] 2]
~ local data in LocalArray for DE 4 ~
LocalArrayPrint: Array at address 0xac4b70:
            rank = 2, typekind = 5, base_addr = 0xac47e0
            dim[0] = 3  dim[1] = 1  
  Real, *4, Dim 2, Data values:
( 1, 1) =  1.58215e-38
( 2, 1) =  0
( 3, 1) =  0
dim 1: [0]: [1 [1 [1, 3] 3] 3]
dim 2: [1]: [1 [1 [1, 1] 1] 1]
--- ESMCI::Array::print end ---
--- ESMCI::Array::print start ---
 Base name    = Array002
 Status: Base = Ready,  object = Ready
 Proxy        = no
 Root Info (Attributes):
{}Array typekind/rank: Real*8 / 2 
~ lower class' values ~
DistGrid dimCount = 2
deCount = 6
localDeCount = 2
~ local data in LocalArray for DE 0 ~
LocalArrayPrint: Array at address 0xac0610:
            rank = 2, typekind = 6, base_addr = 0xac0030
            dim[0] = 3  dim[1] = 2  
  Real, *8, Dim 2, Data values:
( 1, 1) =  5.56934e-317
( 2, 1) =  4.24399e-314
( 3, 1) =  4.24399e-314
( 1, 2) =  4.24399e-314
( 2, 2) =  2.122e-314
( 3, 2) =  2.122e-314
dim 1: [0]: [1 [1 [1, 3] 3] 3]
dim 2: [1]: [1 [1 [1, 2] 2] 2]
~ local data in LocalArray for DE 4 ~
LocalArrayPrint: Array at address 0xac0940:
            rank = 2, typekind = 6, base_addr = 0xac0c70
            dim[0] = 3  dim[1] = 1  
  Real, *8, Dim 2, Data values:
( 1, 1) =  0
( 2, 1) =  0
( 3, 1) =  0
dim 1: [0]: [1 [1 [1, 3] 3] 3]
dim 2: [1]: [1 [1 [1, 1] 1] 1]
--- ESMCI::Array::print end ---
--- ESMCI::Array::print start ---
 Base name    = Array003
 Status: Base = Ready,  object = Ready
 Proxy        = no
 Root Info (Attributes):
{}Array typekind/rank: Real*4 / 2 
~ lower class' values ~
DistGrid dimCount = 2
deCount = 6
localDeCount = 2
~ local data in LocalArray for DE 1 ~
LocalArrayPrint: Array at address 0xe91850:
            rank = 2, typekind = 5, base_addr = 0xe917d0
            dim[0] = 2  dim[1] = 2  
  Real, *4, Dim 2, Data values:
( 1, 1) =  2.14062e-38
( 2, 1) =  0
( 1, 2) =  0
( 2, 2) =  0
dim 1: [0]: [1 [1 [1, 2] 2] 2]
dim 2: [1]: [1 [1 [1, 2] 2] 2]
~ local data in LocalArray for DE 5 ~
LocalArrayPrint: Array at address 0xe91b80:
            rank = 2, typekind = 5, base_addr = 0xe917f0
            dim[0] = 2  dim[1] = 1  
  Real, *4, Dim 2, Data values:
( 1, 1) =  2.14063e-38
( 2, 1) =  0
dim 1: [0]: [1 [1 [1, 2] 2] 2]
dim 2: [1]: [1 [1 [1, 1] 1] 1]
--- ESMCI::Array::print end ---
--- ESMCI::Array::print start ---
 Base name    = Array002
 Status: Base = Ready,  object = Ready
 Proxy        = no
 Root Info (Attributes):
{}Array typekind/rank: Real*8 / 2 
~ lower class' values ~
DistGrid dimCount = 2
deCount = 6
localDeCount = 2
~ local data in LocalArray for DE 1 ~
LocalArrayPrint: Array at address 0xe8d670:
            rank = 2, typekind = 6, base_addr = 0xe8a220
            dim[0] = 2  dim[1] = 2  
  Real, *8, Dim 2, Data values:
( 1, 1) =  7.53241e-317
( 2, 1) =  0
( 1, 2) =  0
( 2, 2) =  0
dim 1: [0]: [1 [1 [1, 2] 2] 2]
dim 2: [1]: [1 [1 [1, 2] 2] 2]
~ local data in LocalArray for DE 5 ~
LocalArrayPrint: Array at address 0xe8d9a0:
            rank = 2, typekind = 6, base_addr = 0xe8dcd0
            dim[0] = 2  dim[1] = 1  
  Real, *8, Dim 2, Data values:
( 1, 1) =  0
( 2, 1) =  0
dim 1: [0]: [1 [1 [1, 2] 2] 2]
dim 2: [1]: [1 [1 [1, 1] 1] 1]
--- ESMCI::Array::print end ---
--- ESMCI::Array::print start ---
 Base name    = Array003
 Status: Base = Ready,  object = Ready
 Proxy        = no
 Root Info (Attributes):
{}Array typekind/rank: Real*8 / 2 
~ lower class' values ~
DistGrid dimCount = 2
deCount = 6
localDeCount = 2
~ local data in LocalArray for DE 1 ~
LocalArrayPrint: Array at address 0xe8e4b0:
            rank = 2, typekind = 6, base_addr = 0xe8e7e0
            dim[0] = 2  dim[1] = 2  
  Real, *8, Dim 2, Data values:
( 1, 1) =  0
( 2, 1) =  0
( 1, 2) =  0
( 2, 2) =  0
dim 1: [0]: [1 [1 [1, 2] 2] 2]
dim 2: [1]: [1 [1 [1, 2] 2] 2]
~ local data in LocalArray for DE 5 ~
LocalArrayPrint: Array at address 0xe8e810:
            rank = 2, typekind = 6, base_addr = 0xe8e430
            dim[0] = 2  dim[1] = 1  
  Real, *8, Dim 2, Data values:
( 1, 1) =  7.54082e-317
( 2, 1) =  0
dim 1: [0]: [1 [1 [1, 2] 2] 2]
dim 2: [1]: [1 [1 [1, 1] 1] 1]
--- ESMCI::Array::print end ---
{}Array typekind/rank: Real*8 / 2 
~ lower class' values ~
DistGrid dimCount = 2
deCount = 6
localDeCount = 1
~ local data in LocalArray for DE 2 ~
LocalArrayPrint: Array at address 0x1702ab0:
            rank = 2, typekind = 6, base_addr = 0x16ff760
            dim[0] = 3  dim[1] = 2  
  Real, *8, Dim 2, Data values:
( 1, 1) =  1.19203e-316
( 2, 1) =  4.24399e-314
( 3, 1) =  4.24399e-314
( 1, 2) =  4.24399e-314
( 2, 2) =  2.122e-314
( 3, 2) =  2.122e-314
dim 1: [0]: [1 [1 [1, 3] 3] 3]
dim 2: [1]: [1 [1 [1, 2] 2] 2]
--- ESMCI::Array::print end ---
--- ESMCI::Array::print start ---
 Base name    = Array003
 Status: Base = Ready,  object = Ready
 Proxy        = no
 Root Info (Attributes):
{}Array typekind/rank: Real*8 / 2 
~ lower class' values ~
DistGrid dimCount = 2
deCount = 6
localDeCount = 1
~ local data in LocalArray for DE 2 ~
LocalArrayPrint: Array at address 0x17035a0:
            rank = 2, typekind = 6, base_addr = 0x17038d0
            dim[0] = 3  dim[1] = 2  
  Real, *8, Dim 2, Data values:
( 1, 1) =  0
( 2, 1) =  0
( 3, 1) =  0
( 1, 2) =  0
( 2, 2) =  0
( 3, 2) =  0
dim 1: [0]: [1 [1 [1, 3] 3] 3]
dim 2: [1]: [1 [1 [1, 2] 2] 2]
--- ESMCI::Array::print end ---
{}Array typekind/rank: Real*8 / 2 
~ lower class' values ~
DistGrid dimCount = 2
deCount = 6
localDeCount = 1
~ local data in LocalArray for DE 3 ~
LocalArrayPrint: Array at address 0x1d58390:
            rank = 2, typekind = 6, base_addr = 0x1d586c0
            dim[0] = 2  dim[1] = 2  
  Real, *8, Dim 2, Data values:
( 1, 1) =  0
( 2, 1) =  0
( 1, 2) =  0
( 2, 2) =  0
dim 1: [0]: [1 [1 [1, 2] 2] 2]
dim 2: [1]: [1 [1 [1, 2] 2] 2]
--- ESMCI::Array::print end ---
  PASS  Example ESMF_ArrayBundleEx, ESMF_ArrayBundleEx.F90, line 267
{}Array typekind/rank: Real*8 / 2 
~ lower class' values ~
DistGrid dimCount = 2
deCount = 6
localDeCount = 2
~ local data in LocalArray for DE 0 ~
LocalArrayPrint: Array at address 0xac1470:
            rank = 2, typekind = 6, base_addr = 0xac17a0
            dim[0] = 3  dim[1] = 2  
  Real, *8, Dim 2, Data values:
( 1, 1) =  0
( 2, 1) =  0
( 3, 1) =  0
( 1, 2) =  0
( 2, 2) =  0
( 3, 2) =  0
dim 1: [0]: [1 [1 [1, 3] 3] 3]
dim 2: [1]: [1 [1 [1, 2] 2] 2]
~ local data in LocalArray for DE 4 ~
LocalArrayPrint: Array at address 0xac17e0:
            rank = 2, typekind = 6, base_addr = 0xac13f0
            dim[0] = 3  dim[1] = 1  
  Real, *8, Dim 2, Data values:
( 1, 1) =  5.57173e-317
( 2, 1) =  0
( 3, 1) =  0
dim 1: [0]: [1 [1 [1, 3] 3] 3]
dim 2: [1]: [1 [1 [1, 1] 1] 1]
--- ESMCI::Array::print end ---
  PASS  Example ESMF_ArrayBundleEx, ESMF_ArrayBundleEx.F90, line 267
  PASS  Example ESMF_ArrayBundleEx, ESMF_ArrayBundleEx.F90, line 267
  PASS  Example ESMF_ArrayBundleEx, ESMF_ArrayBundleEx.F90, line 267
 PASS: ESMF_ArrayBundleEx.F90
 PASS: ESMF_ArrayBundleEx.F90
 PASS: ESMF_ArrayBundleEx.F90
 PASS: ESMF_ArrayBundleEx.F90
