build time -- 2021-06-20 07:02:20
[1624174779.393690] [h9c41:228418:0]         mxm.c:196  MXM  WARN  The 'ulimit -s' on the system is set to 'unlimited'. This may have negative performance implications. Please set the stack size to the default value (10240) 
[1624174779.398136] [h9c41:228418:0]         mxm.c:196  MXM  WARN  The 'ulimit -s' on the system is set to 'unlimited'. This may have negative performance implications. Please set the stack size to the default value (10240) 
[1624174779.393701] [h9c41:228416:0]         mxm.c:196  MXM  WARN  The 'ulimit -s' on the system is set to 'unlimited'. This may have negative performance implications. Please set the stack size to the default value (10240) 
[1624174779.398138] [h9c41:228416:0]         mxm.c:196  MXM  WARN  The 'ulimit -s' on the system is set to 'unlimited'. This may have negative performance implications. Please set the stack size to the default value (10240) 
[1624174779.385030] [h9c41:228417:0]         mxm.c:196  MXM  WARN  The 'ulimit -s' on the system is set to 'unlimited'. This may have negative performance implications. Please set the stack size to the default value (10240) 
[1624174779.389304] [h9c41:228417:0]         mxm.c:196  MXM  WARN  The 'ulimit -s' on the system is set to 'unlimited'. This may have negative performance implications. Please set the stack size to the default value (10240) 
[1624174779.385014] [h9c41:228419:0]         mxm.c:196  MXM  WARN  The 'ulimit -s' on the system is set to 'unlimited'. This may have negative performance implications. Please set the stack size to the default value (10240) 
[1624174779.389306] [h9c41:228419:0]         mxm.c:196  MXM  WARN  The 'ulimit -s' on the system is set to 'unlimited'. This may have negative performance implications. Please set the stack size to the default value (10240) 
  PASS  Example ESMF_ArrayRedistEx, ESMF_ArrayRedistEx.F90, line 595
  PASS  Example ESMF_ArrayRedistEx, ESMF_ArrayRedistEx.F90, line 595
  PASS  Example ESMF_ArrayRedistEx, ESMF_ArrayRedistEx.F90, line 595
  PASS  Example ESMF_ArrayRedistEx, ESMF_ArrayRedistEx.F90, line 595

Program received signal SIGSEGV: Segmentation fault - invalid memory reference.

Backtrace for this error:

Program received signal SIGSEGV: Segmentation fault - invalid memory reference.

Backtrace for this error:

Program received signal SIGSEGV: Segmentation fault - invalid memory reference.

Backtrace for this error:

Program received signal SIGSEGV: Segmentation fault - invalid memory reference.

Backtrace for this error:
#0  0x2ac5b9d3a3ff in ???
#0  0x2b6a5dca63ff in ???
#0  0x2ab5ac8a23ff in ???
#0  0x2b0729d6d3ff in ???
srun: error: h9c41: tasks 0-3: Segmentation fault (core dumped)
srun: launch/slurm: _step_signal: Terminating StepId=19949705.293
