build time -- 2021-06-22 06:24:19
[1624344866.413358] [h19c31:98489:0]         mxm.c:196  MXM  WARN  The 'ulimit -s' on the system is set to 'unlimited'. This may have negative performance implications. Please set the stack size to the default value (10240) 
[1624344866.417822] [h19c31:98489:0]         mxm.c:196  MXM  WARN  The 'ulimit -s' on the system is set to 'unlimited'. This may have negative performance implications. Please set the stack size to the default value (10240) 
[1624344866.402538] [h19c31:98492:0]         mxm.c:196  MXM  WARN  The 'ulimit -s' on the system is set to 'unlimited'. This may have negative performance implications. Please set the stack size to the default value (10240) 
[1624344866.406782] [h19c31:98492:0]         mxm.c:196  MXM  WARN  The 'ulimit -s' on the system is set to 'unlimited'. This may have negative performance implications. Please set the stack size to the default value (10240) 
[1624344866.413358] [h19c31:98491:0]         mxm.c:196  MXM  WARN  The 'ulimit -s' on the system is set to 'unlimited'. This may have negative performance implications. Please set the stack size to the default value (10240) 
[1624344866.417774] [h19c31:98491:0]         mxm.c:196  MXM  WARN  The 'ulimit -s' on the system is set to 'unlimited'. This may have negative performance implications. Please set the stack size to the default value (10240) 
[1624344866.403886] [h19c31:98490:0]         mxm.c:196  MXM  WARN  The 'ulimit -s' on the system is set to 'unlimited'. This may have negative performance implications. Please set the stack size to the default value (10240) 
[1624344866.408176] [h19c31:98490:0]         mxm.c:196  MXM  WARN  The 'ulimit -s' on the system is set to 'unlimited'. This may have negative performance implications. Please set the stack size to the default value (10240) 
 PASS: ESMF_FieldCommEx.F90
 PASS: ESMF_FieldCommEx.F90
 PASS: ESMF_FieldCommEx.F90
  PASS  Example ESMF_FieldCommEx, ESMF_FieldCommEx.F90, line 258
  PASS  Example ESMF_FieldCommEx, ESMF_FieldCommEx.F90, line 258
 PASS: ESMF_FieldCommEx.F90
  PASS  Example ESMF_FieldCommEx, ESMF_FieldCommEx.F90, line 258
  PASS  Example ESMF_FieldCommEx, ESMF_FieldCommEx.F90, line 258

Program received signal SIGSEGV: Segmentation fault - invalid memory reference.

Backtrace for this error:

Program received signal SIGSEGV: Segmentation fault - invalid memory reference.

Backtrace for this error:

Program received signal SIGSEGV: Segmentation fault - invalid memory reference.

Backtrace for this error:

Program received signal SIGSEGV: Segmentation fault - invalid memory reference.

Backtrace for this error:
#0  0x2b26403a93ff in ???
#0  0x2b26e12fd3ff in ???
#0  0x2ae00f38a3ff in ???
#0  0x2ba96cbdd3ff in ???
srun: error: h19c31: tasks 0-3: Segmentation fault (core dumped)
srun: launch/slurm: _step_signal: Terminating StepId=20003040.313
