build time -- 2021-06-21 06:35:39
[1624259761.269342] [h4c36:221677:0]         mxm.c:196  MXM  WARN  The 'ulimit -s' on the system is set to 'unlimited'. This may have negative performance implications. Please set the stack size to the default value (10240) 
[1624259761.273655] [h4c36:221677:0]         mxm.c:196  MXM  WARN  The 'ulimit -s' on the system is set to 'unlimited'. This may have negative performance implications. Please set the stack size to the default value (10240) 
 gregorianCalendar is of type ESMF_CALKIND_GREGORIAN.
 Gregorian date 2004/4/17 is               2453113  days in the Julian Day calendar.
 For Mars, 3 solar years, 100 sols + 1 solar year =         2774 sols.
  PASS  Example CalendarEx, ESMF_CalendarEx.F90, line 217

Program received signal SIGSEGV: Segmentation fault - invalid memory reference.

Backtrace for this error:
#0  0x2b31087c53ff in ???
#1  0x2b310973bde0 in event_queue_insert
	at /tmp/Role.Apps/spack-stage/spack-stage-openmpi-3.1.4-iacsi5v5fw547qcbmmkof4dj5z366pxc/spack-src/opal/mca/event/libevent2022/libevent/event.c:2620
#2  0x2b310973c137 in opal_libevent2022_event_active_nolock
	at /tmp/Role.Apps/spack-stage/spack-stage-openmpi-3.1.4-iacsi5v5fw547qcbmmkof4dj5z366pxc/spack-src/opal/mca/event/libevent2022/libevent/event.c:2346
#3  0x2b310973c137 in opal_libevent2022_event_active_nolock
	at /tmp/Role.Apps/spack-stage/spack-stage-openmpi-3.1.4-iacsi5v5fw547qcbmmkof4dj5z366pxc/spack-src/opal/mca/event/libevent2022/libevent/event.c:2312
#4  0x2b310973c31a in opal_libevent2022_event_active
	at /tmp/Role.Apps/spack-stage/spack-stage-openmpi-3.1.4-iacsi5v5fw547qcbmmkof4dj5z366pxc/spack-src/opal/mca/event/libevent2022/libevent/event.c:2305
#5  0x2b31095c2a5b in ???
#6  0x2b31095b7205 in ???
#7  0x2b310970f88b in ???
#8  0x2b3109590694 in ???
#9  0x2b31075626f5 in ???
#10  0x2b31075a3b44 in ???
#11  0x2b3103a2dbbe in _ZN5ESMCI3VMK8finalizeEi
	at /scratch1/NCEPDEV/stmp2/Mark.Potts/gfortran_9.2.0_openmpi_g_develop/src/Infrastructure/VM/src/ESMCI_VMKernel.C:678
#12  0x2b3103a24e3a in _ZN5ESMCI2VM8finalizeEP12ESMC_LogicalPi
	at /scratch1/NCEPDEV/stmp2/Mark.Potts/gfortran_9.2.0_openmpi_g_develop/src/Infrastructure/VM/src/ESMCI_VM.C:3419
#13  0x2b3103a49d8b in c_esmc_vmfinalize_
	at /scratch1/NCEPDEV/stmp2/Mark.Potts/gfortran_9.2.0_openmpi_g_develop/src/Infrastructure/VM/interface/ESMCI_VM_F.C:1153
#14  0x2b31047d0b5a in __esmf_vmmod_MOD_esmf_vmfinalize
	at /scratch1/NCEPDEV/stmp2/Mark.Potts/gfortran_9.2.0_openmpi_g_develop/src/Infrastructure/VM/interface/ESMF_VM.F90:9286
#15  0x2b310453bc7b in __esmf_initmod_MOD_esmf_finalize
	at /scratch1/NCEPDEV/stmp2/Mark.Potts/gfortran_9.2.0_openmpi_g_develop/src/Superstructure/ESMFMod/src/ESMF_Init.F90:997
#16  0x401b8e in esmf_calendarex
	at /scratch1/NCEPDEV/stmp2/Mark.Potts/gfortran_9.2.0_openmpi_g_develop/src/Infrastructure/TimeMgr/examples/ESMF_CalendarEx.F90:234
#17  0x401caa in main
	at /scratch1/NCEPDEV/stmp2/Mark.Potts/gfortran_9.2.0_openmpi_g_develop/src/Infrastructure/TimeMgr/examples/ESMF_CalendarEx.F90:28
srun: error: h4c36: task 0: Segmentation fault (core dumped)
srun: launch/slurm: _step_signal: Terminating StepId=19969237.274
