build time -- 2021-06-21 06:35:39
[1624259762.719355] [h4c36:221826:0]         mxm.c:196  MXM  WARN  The 'ulimit -s' on the system is set to 'unlimited'. This may have negative performance implications. Please set the stack size to the default value (10240) 
[1624259762.723738] [h4c36:221826:0]         mxm.c:196  MXM  WARN  The 'ulimit -s' on the system is set to 'unlimited'. This may have negative performance implications. Please set the stack size to the default value (10240) 
Clock ----------------------------------
currTime = 
Time -----------------------------------
2003-04-01T02:24:00
end Time -------------------------------

end Clock ------------------------------

Clock ----------------------------------
currTime = 
Time -----------------------------------
2003-04-03T06:24:00
end Time -------------------------------

end Clock ------------------------------

Clock ----------------------------------
currTime = 
Time -----------------------------------
2003-04-05T10:24:00
end Time -------------------------------

end Clock ------------------------------

Clock ----------------------------------
currTime = 
Time -----------------------------------
2003-04-07T14:24:00
end Time -------------------------------

end Clock ------------------------------

Clock ----------------------------------
currTime = 
Time -----------------------------------
2003-04-09T18:24:00
end Time -------------------------------

end Clock ------------------------------

Clock ----------------------------------
currTime = 
Time -----------------------------------
2003-04-11T22:24:00
end Time -------------------------------

end Clock ------------------------------

 The clock's final current time is         2003 /           4 /          14             2 :          24 :           0
 The clock was advanced                     6  times.
Clock ----------------------------------
currTime = 
Time -----------------------------------
2003-04-14T02:24:00
end Time -------------------------------

end Clock ------------------------------

Clock ----------------------------------
currTime = 
Time -----------------------------------
2003-04-11T22:24:00
end Time -------------------------------

end Clock ------------------------------

Clock ----------------------------------
currTime = 
Time -----------------------------------
2003-04-09T18:24:00
end Time -------------------------------

end Clock ------------------------------

Clock ----------------------------------
currTime = 
Time -----------------------------------
2003-04-07T14:24:00
end Time -------------------------------

end Clock ------------------------------

Clock ----------------------------------
currTime = 
Time -----------------------------------
2003-04-05T10:24:00
end Time -------------------------------

end Clock ------------------------------

Clock ----------------------------------
currTime = 
Time -----------------------------------
2003-04-03T06:24:00
end Time -------------------------------

end Clock ------------------------------

  PASS  Example ESMF_ClockEx, ESMF_ClockEx.F90, line 220

Program received signal SIGSEGV: Segmentation fault - invalid memory reference.

Backtrace for this error:
#0  0x2b98e30173ff in ???
#1  0x2b98e3f8dde0 in event_queue_insert
	at /tmp/Role.Apps/spack-stage/spack-stage-openmpi-3.1.4-iacsi5v5fw547qcbmmkof4dj5z366pxc/spack-src/opal/mca/event/libevent2022/libevent/event.c:2620
#2  0x2b98e3f8e137 in opal_libevent2022_event_active_nolock
	at /tmp/Role.Apps/spack-stage/spack-stage-openmpi-3.1.4-iacsi5v5fw547qcbmmkof4dj5z366pxc/spack-src/opal/mca/event/libevent2022/libevent/event.c:2346
#3  0x2b98e3f8e137 in opal_libevent2022_event_active_nolock
	at /tmp/Role.Apps/spack-stage/spack-stage-openmpi-3.1.4-iacsi5v5fw547qcbmmkof4dj5z366pxc/spack-src/opal/mca/event/libevent2022/libevent/event.c:2312
#4  0x2b98e3f8e31a in opal_libevent2022_event_active
	at /tmp/Role.Apps/spack-stage/spack-stage-openmpi-3.1.4-iacsi5v5fw547qcbmmkof4dj5z366pxc/spack-src/opal/mca/event/libevent2022/libevent/event.c:2305
#5  0x2b98e3e14a5b in ???
#6  0x2b98e3e09205 in ???
#7  0x2b98e3f6188b in ???
#8  0x2b98e3de2694 in ???
#9  0x2b98e1db46f5 in ???
#10  0x2b98e1df5b44 in ???
#11  0x2b98de27fbbe in _ZN5ESMCI3VMK8finalizeEi
	at /scratch1/NCEPDEV/stmp2/Mark.Potts/gfortran_9.2.0_openmpi_g_develop/src/Infrastructure/VM/src/ESMCI_VMKernel.C:678
#12  0x2b98de276e3a in _ZN5ESMCI2VM8finalizeEP12ESMC_LogicalPi
	at /scratch1/NCEPDEV/stmp2/Mark.Potts/gfortran_9.2.0_openmpi_g_develop/src/Infrastructure/VM/src/ESMCI_VM.C:3419
#13  0x2b98de29bd8b in c_esmc_vmfinalize_
	at /scratch1/NCEPDEV/stmp2/Mark.Potts/gfortran_9.2.0_openmpi_g_develop/src/Infrastructure/VM/interface/ESMCI_VM_F.C:1153
#14  0x2b98df022b5a in __esmf_vmmod_MOD_esmf_vmfinalize
	at /scratch1/NCEPDEV/stmp2/Mark.Potts/gfortran_9.2.0_openmpi_g_develop/src/Infrastructure/VM/interface/ESMF_VM.F90:9286
#15  0x2b98ded8dc7b in __esmf_initmod_MOD_esmf_finalize
	at /scratch1/NCEPDEV/stmp2/Mark.Potts/gfortran_9.2.0_openmpi_g_develop/src/Superstructure/ESMFMod/src/ESMF_Init.F90:997
#16  0x401d51 in esmf_clockex
	at /scratch1/NCEPDEV/stmp2/Mark.Potts/gfortran_9.2.0_openmpi_g_develop/src/Infrastructure/TimeMgr/examples/ESMF_ClockEx.F90:237
#17  0x401e6d in main
	at /scratch1/NCEPDEV/stmp2/Mark.Potts/gfortran_9.2.0_openmpi_g_develop/src/Infrastructure/TimeMgr/examples/ESMF_ClockEx.F90:29
srun: error: h4c36: task 0: Segmentation fault (core dumped)
srun: launch/slurm: _step_signal: Terminating StepId=19969237.275
