build time -- 2021-06-21 06:35:39
[1624259735.147529] [h4c36:218197:0]         mxm.c:196  MXM  WARN  The 'ulimit -s' on the system is set to 'unlimited'. This may have negative performance implications. Please set the stack size to the default value (10240) 
[1624259735.151951] [h4c36:218197:0]         mxm.c:196  MXM  WARN  The 'ulimit -s' on the system is set to 'unlimited'. This may have negative performance implications. Please set the stack size to the default value (10240) 
[1624259735.147529] [h4c36:218199:0]         mxm.c:196  MXM  WARN  The 'ulimit -s' on the system is set to 'unlimited'. This may have negative performance implications. Please set the stack size to the default value (10240) 
[1624259735.151896] [h4c36:218199:0]         mxm.c:196  MXM  WARN  The 'ulimit -s' on the system is set to 'unlimited'. This may have negative performance implications. Please set the stack size to the default value (10240) 
[1624259735.140286] [h4c36:218198:0]         mxm.c:196  MXM  WARN  The 'ulimit -s' on the system is set to 'unlimited'. This may have negative performance implications. Please set the stack size to the default value (10240) 
[1624259735.144612] [h4c36:218198:0]         mxm.c:196  MXM  WARN  The 'ulimit -s' on the system is set to 'unlimited'. This may have negative performance implications. Please set the stack size to the default value (10240) 
[1624259735.139662] [h4c36:218200:0]         mxm.c:196  MXM  WARN  The 'ulimit -s' on the system is set to 'unlimited'. This may have negative performance implications. Please set the stack size to the default value (10240) 
[1624259735.143919] [h4c36:218200:0]         mxm.c:196  MXM  WARN  The 'ulimit -s' on the system is set to 'unlimited'. This may have negative performance implications. Please set the stack size to the default value (10240) 
 localData for PET            1 :          101
 localData for PET            1 :          102
 localData for PET            1 :          103
 localData for PET            1 :          104
 localData for PET            1 :          105
 localData for PET            1 :          106
 localData for PET            1 :          107
 localData for PET            2 :          201
 localData for PET            2 :          202
 localData for PET            2 :          203
 localData for PET            2 :          204
 localData for PET            2 :          205
 localData for PET            2 :          206
 localData for PET            2 :          207
 localData for PET            2 :          208
 localData for PET            2 :          209
 localData for PET            2 :          210
 localData for PET            2 :          201
 localData for PET            2 :          202
 localData for PET            2 :          203
 localData for PET            2 :          204
 localData for PET            2 :          205
 localData for PET            2 :          206
 localData for PET            2 :          207
 localData for PET            2 :          208
 localData for PET            2 :          209
 localData for PET            2 :          210
 localData for PET            1 :          108
 localData for PET            1 :          109
 localData for PET            1 :          110
 localData for PET            1 :          101
 localData for PET            1 :          102
 localData for PET            1 :          103
 localData for PET            1 :          104
 localData for PET            1 :          105
 localData for PET            1 :          106
 localData for PET            1 :          107
 localData for PET            1 :          108
 localData for PET            1 :          109
 localData for PET            1 :          110
 localData2 for PET            1 :         1001
 localData2 for PET            1 :         1002
 localData2 for PET            1 :         1003
 localData2 for PET            1 :         1004
 localData2 for PET            1 :         1005
 localData2 for PET            1 :         1006
 localData2 for PET            1 :         1007
 localData2 for PET            1 :         1008
 localData2 for PET            1 :         1009
 localData2 for PET            1 :         1010
 localData2 for PET            2 :         2001
 localData2 for PET            2 :         2002
 localData2 for PET            2 :         2003
 localData2 for PET            2 :         2004
 localData2 for PET            2 :         2005
 localData2 for PET            2 :         2006
 localData2 for PET            2 :         2007
 localData2 for PET            2 :         2008
 localData2 for PET            2 :         2009
 localData2 for PET            2 :         2010
 localData for PET            2 :          201
 localData for PET            2 :          202
 localData for PET            2 :          203
 localData for PET            2 :          204
 localData for PET            2 :          205
 localData for PET            2 :          206
 localData for PET            2 :          207
 localData for PET            2 :          208
 localData for PET            2 :          209
 localData for PET            2 :          210
 localData2 for PET            2 :         2001
 localData2 for PET            2 :         2002
 localData2 for PET            2 :         2003
 localData2 for PET            2 :         2004
 localData for PET            1 :          101
 localData for PET            1 :          102
 localData for PET            1 :          103
 localData for PET            1 :          104
 localData for PET            1 :          105
 localData for PET            1 :          106
 localData for PET            1 :          107
 localData for PET            1 :          108
 localData for PET            1 :          109
 localData for PET            1 :          110
 localData2 for PET            1 :         1001
 localData2 for PET            1 :         1002
 localData2 for PET            1 :         1003
 localData2 for PET            1 :         1004
 localData2 for PET            1 :         1005
 localData2 for PET            1 :         1006
 localData2 for PET            1 :         1007
 localData2 for PET            1 :         1008
 localData2 for PET            1 :         1009
 localData2 for PET            1 :         1010
 localData2 for PET            2 :         2005
 localData2 for PET            2 :         2006
 localData2 for PET            2 :         2007
 localData2 for PET            2 :         2008
 localData2 for PET            2 :         2009
 localData2 for PET            2 :         2010
  PASS  Example ESMF_VMNonBlockingEx, ESMF_VMNonBlockingEx.F90, line 434
  PASS  Example ESMF_VMNonBlockingEx, ESMF_VMNonBlockingEx.F90, line 434
 localData for PET            3 :          301
 localData for PET            3 :          302
 localData for PET            0 :          301
 localData for PET            0 :          302
 localData for PET            0 :          303
 localData for PET            0 :          304
 localData for PET            0 :          305
 localData for PET            0 :          306
 localData for PET            0 :          307
 localData for PET            0 :          308
 localData for PET            3 :          303
 localData for PET            3 :          304
 localData for PET            3 :          305
 localData for PET            3 :          306
 localData for PET            3 :          307
 localData for PET            3 :          308
 localData for PET            3 :          309
 localData for PET            3 :          310
 localData for PET            0 :          309
 localData for PET            0 :          310
 localData for PET            3 :          301
 localData for PET            3 :          302
 localData for PET            3 :          303
 localData for PET            3 :          304
 localData for PET            3 :          305
 localData for PET            3 :          306
 localData for PET            3 :          307
 localData for PET            3 :          308
 localData for PET            3 :          309
 localData for PET            0 :          301
 localData for PET            0 :          302
 localData for PET            0 :          303
 localData for PET            0 :          304
 localData for PET            0 :          305
 localData for PET            0 :          306
 localData for PET            0 :          307
 localData for PET            0 :          308
 localData for PET            0 :          309
 localData for PET            0 :          310
 localData2 for PET            0 :         3001
 localData2 for PET            0 :         3002
 localData for PET            3 :          310
 localData2 for PET            3 :         3001
 localData2 for PET            3 :         3002
 localData2 for PET            3 :         3003
 localData2 for PET            3 :         3004
 localData2 for PET            3 :         3005
 localData2 for PET            3 :         3006
 localData2 for PET            3 :         3007
 localData2 for PET            3 :         3008
 localData2 for PET            3 :         3009
 localData2 for PET            3 :         3010
 localData2 for PET            0 :         3003
 localData2 for PET            0 :         3004
 localData2 for PET            0 :         3005
 localData2 for PET            0 :         3006
 localData2 for PET            0 :         3007
 localData2 for PET            0 :         3008
 localData2 for PET            0 :         3009
 localData2 for PET            0 :         3010
 localData for PET            3 :          301
 localData for PET            3 :          302
 localData for PET            3 :          303
 localData for PET            3 :          304
 localData for PET            3 :          305
 localData for PET            3 :          306
 localData for PET            3 :          307
 localData for PET            3 :          308
 localData for PET            3 :          309
 localData for PET            3 :          310
 localData2 for PET            3 :         3001
 localData2 for PET            3 :         3002
 localData2 for PET            3 :         3003
 localData2 for PET            3 :         3004
 localData2 for PET            3 :         3005
 localData2 for PET            3 :         3006
 localData2 for PET            3 :         3007
 localData2 for PET            3 :         3008
 localData2 for PET            3 :         3009
 localData2 for PET            3 :         3010
 localData for PET            0 :          301
 localData for PET            0 :          302
 localData for PET            0 :          303
 localData for PET            0 :          304
 localData for PET            0 :          305
 localData for PET            0 :          306
 localData for PET            0 :          307
 localData for PET            0 :          308
 localData for PET            0 :          309
 localData for PET            0 :          310
 localData2 for PET            0 :         3001
 localData2 for PET            0 :         3002
 localData2 for PET            0 :         3003
 localData2 for PET            0 :         3004
 localData2 for PET            0 :         3005
 localData2 for PET            0 :         3006
 localData2 for PET            0 :         3007
 localData2 for PET            0 :         3008
 localData2 for PET            0 :         3009
 localData2 for PET            0 :         3010
  PASS  Example ESMF_VMNonBlockingEx, ESMF_VMNonBlockingEx.F90, line 434
  PASS  Example ESMF_VMNonBlockingEx, ESMF_VMNonBlockingEx.F90, line 434

Program received signal SIGSEGV: Segmentation fault - invalid memory reference.

Backtrace for this error:

Program received signal SIGSEGV: Segmentation fault - invalid memory reference.

Backtrace for this error:

Program received signal SIGSEGV: Segmentation fault - invalid memory reference.

Backtrace for this error:

Program received signal SIGSEGV: Segmentation fault - invalid memory reference.

Backtrace for this error:
#0  0x2b42782783ff in ???
#0  0x2b0f2e15e3ff in ???
#1  0x2b42791eede0 in event_queue_insert
	at /tmp/Role.Apps/spack-stage/spack-stage-openmpi-3.1.4-iacsi5v5fw547qcbmmkof4dj5z366pxc/spack-src/opal/mca/event/libevent2022/libevent/event.c:2620
#1  0x2b0f2f0d4de0 in event_queue_insert
	at /tmp/Role.Apps/spack-stage/spack-stage-openmpi-3.1.4-iacsi5v5fw547qcbmmkof4dj5z366pxc/spack-src/opal/mca/event/libevent2022/libevent/event.c:2620
#2  0x2b0f2f0d5137 in opal_libevent2022_event_active_nolock
	at /tmp/Role.Apps/spack-stage/spack-stage-openmpi-3.1.4-iacsi5v5fw547qcbmmkof4dj5z366pxc/spack-src/opal/mca/event/libevent2022/libevent/event.c:2346
#3  0x2b0f2f0d5137 in opal_libevent2022_event_active_nolock
	at /tmp/Role.Apps/spack-stage/spack-stage-openmpi-3.1.4-iacsi5v5fw547qcbmmkof4dj5z366pxc/spack-src/opal/mca/event/libevent2022/libevent/event.c:2312
#2  0x2b42791ef137 in opal_libevent2022_event_active_nolock
	at /tmp/Role.Apps/spack-stage/spack-stage-openmpi-3.1.4-iacsi5v5fw547qcbmmkof4dj5z366pxc/spack-src/opal/mca/event/libevent2022/libevent/event.c:2346
#3  0x2b42791ef137 in opal_libevent2022_event_active_nolock
	at /tmp/Role.Apps/spack-stage/spack-stage-openmpi-3.1.4-iacsi5v5fw547qcbmmkof4dj5z366pxc/spack-src/opal/mca/event/libevent2022/libevent/event.c:2312
#4  0x2b42791ef31a in opal_libevent2022_event_active
	at /tmp/Role.Apps/spack-stage/spack-stage-openmpi-3.1.4-iacsi5v5fw547qcbmmkof4dj5z366pxc/spack-src/opal/mca/event/libevent2022/libevent/event.c:2305
#5  0x2b4279075a5b in ???
#4  0x2b0f2f0d531a in opal_libevent2022_event_active
	at /tmp/Role.Apps/spack-stage/spack-stage-openmpi-3.1.4-iacsi5v5fw547qcbmmkof4dj5z366pxc/spack-src/opal/mca/event/libevent2022/libevent/event.c:2305
#5  0x2b0f2ef5ba5b in ???
#6  0x2b0f2ef50205 in ???
#6  0x2b427906a205 in ???
#7  0x2b42791c288b in ???
#8  0x2b4279043694 in ???
#9  0x2b42770156f5 in ???
#7  0x2b0f2f0a888b in ???
#8  0x2b0f2ef29694 in ???
#9  0x2b0f2cefb6f5 in ???
#10  0x2b4277056b44 in ???
#10  0x2b0f2cf3cb44 in ???
#0  0x2b37de70d3ff in ???
#0  0x2b6297a6c3ff in ???
#11  0x2b42734e0bbe in _ZN5ESMCI3VMK8finalizeEi
	at /scratch1/NCEPDEV/stmp2/Mark.Potts/gfortran_9.2.0_openmpi_g_develop/src/Infrastructure/VM/src/ESMCI_VMKernel.C:678
#11  0x2b0f293c6bbe in _ZN5ESMCI3VMK8finalizeEi
	at /scratch1/NCEPDEV/stmp2/Mark.Potts/gfortran_9.2.0_openmpi_g_develop/src/Infrastructure/VM/src/ESMCI_VMKernel.C:678
#12  0x2b42734d7e3a in _ZN5ESMCI2VM8finalizeEP12ESMC_LogicalPi
	at /scratch1/NCEPDEV/stmp2/Mark.Potts/gfortran_9.2.0_openmpi_g_develop/src/Infrastructure/VM/src/ESMCI_VM.C:3419
#12  0x2b0f293bde3a in _ZN5ESMCI2VM8finalizeEP12ESMC_LogicalPi
	at /scratch1/NCEPDEV/stmp2/Mark.Potts/gfortran_9.2.0_openmpi_g_develop/src/Infrastructure/VM/src/ESMCI_VM.C:3419
#13  0x2b42734fcd8b in c_esmc_vmfinalize_
	at /scratch1/NCEPDEV/stmp2/Mark.Potts/gfortran_9.2.0_openmpi_g_develop/src/Infrastructure/VM/interface/ESMCI_VM_F.C:1153
#13  0x2b0f293e2d8b in c_esmc_vmfinalize_
	at /scratch1/NCEPDEV/stmp2/Mark.Potts/gfortran_9.2.0_openmpi_g_develop/src/Infrastructure/VM/interface/ESMCI_VM_F.C:1153
#14  0x2b4274283b5a in __esmf_vmmod_MOD_esmf_vmfinalize
	at /scratch1/NCEPDEV/stmp2/Mark.Potts/gfortran_9.2.0_openmpi_g_develop/src/Infrastructure/VM/interface/ESMF_VM.F90:9286
#14  0x2b0f2a169b5a in __esmf_vmmod_MOD_esmf_vmfinalize
	at /scratch1/NCEPDEV/stmp2/Mark.Potts/gfortran_9.2.0_openmpi_g_develop/src/Infrastructure/VM/interface/ESMF_VM.F90:9286
#15  0x2b4273feec7b in __esmf_initmod_MOD_esmf_finalize
	at /scratch1/NCEPDEV/stmp2/Mark.Potts/gfortran_9.2.0_openmpi_g_develop/src/Superstructure/ESMFMod/src/ESMF_Init.F90:997
#15  0x2b0f29ed4c7b in __esmf_initmod_MOD_esmf_finalize
	at /scratch1/NCEPDEV/stmp2/Mark.Potts/gfortran_9.2.0_openmpi_g_develop/src/Superstructure/ESMFMod/src/ESMF_Init.F90:997
#16  0x40310c in esmf_vmnonblockingex
	at /scratch1/NCEPDEV/stmp2/Mark.Potts/gfortran_9.2.0_openmpi_g_develop/src/Infrastructure/VM/examples/ESMF_VMNonBlockingEx.F90:444
#17  0x40322f in main
	at /scratch1/NCEPDEV/stmp2/Mark.Potts/gfortran_9.2.0_openmpi_g_develop/src/Infrastructure/VM/examples/ESMF_VMNonBlockingEx.F90:53
#16  0x40310c in esmf_vmnonblockingex
	at /scratch1/NCEPDEV/stmp2/Mark.Potts/gfortran_9.2.0_openmpi_g_develop/src/Infrastructure/VM/examples/ESMF_VMNonBlockingEx.F90:444
#17  0x40322f in main
	at /scratch1/NCEPDEV/stmp2/Mark.Potts/gfortran_9.2.0_openmpi_g_develop/src/Infrastructure/VM/examples/ESMF_VMNonBlockingEx.F90:53
srun: error: h4c36: tasks 0-3: Segmentation fault (core dumped)
srun: launch/slurm: _step_signal: Terminating StepId=19969237.264
