build time -- 2021-09-22 07:48:05
20210922 082408.612 INFO             PET0 !!!!!!!!!!!!!!!!!!!!!!!!!!!!!!!!!!!!!!!!!!!!!!!!!!!!!!
20210922 082408.612 INFO             PET0 !!! THE ESMF_LOG IS SET TO OUTPUT ALL LOG MESSAGES !!!
20210922 082408.612 INFO             PET0 !!!     THIS MAY CAUSE SLOWDOWN IN PERFORMANCE     !!!
20210922 082408.612 INFO             PET0 !!! FOR PRODUCTION RUNS, USE:                      !!!
20210922 082408.612 INFO             PET0 !!!                   ESMF_LOGKIND_Multi_On_Error  !!!
20210922 082408.612 INFO             PET0 !!!!!!!!!!!!!!!!!!!!!!!!!!!!!!!!!!!!!!!!!!!!!!!!!!!!!!
20210922 082408.612 INFO             PET0 Running with ESMF Version   : ESMF_8_2_0_beta_snapshot_19-3-ga5c5083bbf
20210922 082408.612 INFO             PET0 ESMF library build date/time: "Sep 22 2021" "07:46:43"
20210922 082408.612 INFO             PET0 ESMF library build location : /scratch1/NCEPDEV/stmp2/Mark.Potts/gfortran_9.2.0_openmpi_g_develop
20210922 082408.612 INFO             PET0 ESMF_COMM                   : openmpi
20210922 082408.613 INFO             PET0 ESMF_MOAB                   : enabled
20210922 082408.613 INFO             PET0 ESMF_LAPACK                 : enabled
20210922 082408.613 INFO             PET0 ESMF_NETCDF                 : enabled
20210922 082408.613 INFO             PET0 ESMF_PNETCDF                : disabled
20210922 082408.613 INFO             PET0 ESMF_PIO                    : enabled
20210922 082408.613 INFO             PET0 ESMF_YAMLCPP                : enabled
20210922 082412.834 INFO             PET0  NUMBER_OF_PROCESSORS           4
20210922 082412.834 INFO             PET0  PASS  Example ESMF_FieldSphereRegridEx, ESMF_FieldSphereRegridEx.F90, line 407
20210922 082412.834 INFO             PET0 Finalizing ESMF
20210922 082408.611 INFO             PET1 !!!!!!!!!!!!!!!!!!!!!!!!!!!!!!!!!!!!!!!!!!!!!!!!!!!!!!
20210922 082408.611 INFO             PET1 !!! THE ESMF_LOG IS SET TO OUTPUT ALL LOG MESSAGES !!!
20210922 082408.611 INFO             PET1 !!!     THIS MAY CAUSE SLOWDOWN IN PERFORMANCE     !!!
20210922 082408.611 INFO             PET1 !!! FOR PRODUCTION RUNS, USE:                      !!!
20210922 082408.611 INFO             PET1 !!!                   ESMF_LOGKIND_Multi_On_Error  !!!
20210922 082408.611 INFO             PET1 !!!!!!!!!!!!!!!!!!!!!!!!!!!!!!!!!!!!!!!!!!!!!!!!!!!!!!
20210922 082408.611 INFO             PET1 Running with ESMF Version   : ESMF_8_2_0_beta_snapshot_19-3-ga5c5083bbf
20210922 082408.611 INFO             PET1 ESMF library build date/time: "Sep 22 2021" "07:46:43"
20210922 082408.611 INFO             PET1 ESMF library build location : /scratch1/NCEPDEV/stmp2/Mark.Potts/gfortran_9.2.0_openmpi_g_develop
20210922 082408.611 INFO             PET1 ESMF_COMM                   : openmpi
20210922 082408.612 INFO             PET1 ESMF_MOAB                   : enabled
20210922 082408.612 INFO             PET1 ESMF_LAPACK                 : enabled
20210922 082408.612 INFO             PET1 ESMF_NETCDF                 : enabled
20210922 082408.612 INFO             PET1 ESMF_PNETCDF                : disabled
20210922 082408.612 INFO             PET1 ESMF_PIO                    : enabled
20210922 082408.612 INFO             PET1 ESMF_YAMLCPP                : enabled
20210922 082412.834 INFO             PET1  NUMBER_OF_PROCESSORS           4
20210922 082412.834 INFO             PET1  PASS  Example ESMF_FieldSphereRegridEx, ESMF_FieldSphereRegridEx.F90, line 407
20210922 082412.834 INFO             PET1 Finalizing ESMF
20210922 082408.611 INFO             PET2 !!!!!!!!!!!!!!!!!!!!!!!!!!!!!!!!!!!!!!!!!!!!!!!!!!!!!!
20210922 082408.611 INFO             PET2 !!! THE ESMF_LOG IS SET TO OUTPUT ALL LOG MESSAGES !!!
20210922 082408.611 INFO             PET2 !!!     THIS MAY CAUSE SLOWDOWN IN PERFORMANCE     !!!
20210922 082408.611 INFO             PET2 !!! FOR PRODUCTION RUNS, USE:                      !!!
20210922 082408.611 INFO             PET2 !!!                   ESMF_LOGKIND_Multi_On_Error  !!!
20210922 082408.611 INFO             PET2 !!!!!!!!!!!!!!!!!!!!!!!!!!!!!!!!!!!!!!!!!!!!!!!!!!!!!!
20210922 082408.611 INFO             PET2 Running with ESMF Version   : ESMF_8_2_0_beta_snapshot_19-3-ga5c5083bbf
20210922 082408.611 INFO             PET2 ESMF library build date/time: "Sep 22 2021" "07:46:43"
20210922 082408.611 INFO             PET2 ESMF library build location : /scratch1/NCEPDEV/stmp2/Mark.Potts/gfortran_9.2.0_openmpi_g_develop
20210922 082408.611 INFO             PET2 ESMF_COMM                   : openmpi
20210922 082408.612 INFO             PET2 ESMF_MOAB                   : enabled
20210922 082408.612 INFO             PET2 ESMF_LAPACK                 : enabled
20210922 082408.612 INFO             PET2 ESMF_NETCDF                 : enabled
20210922 082408.612 INFO             PET2 ESMF_PNETCDF                : disabled
20210922 082408.612 INFO             PET2 ESMF_PIO                    : enabled
20210922 082408.612 INFO             PET2 ESMF_YAMLCPP                : enabled
20210922 082412.834 INFO             PET2  NUMBER_OF_PROCESSORS           4
20210922 082412.834 INFO             PET2  PASS  Example ESMF_FieldSphereRegridEx, ESMF_FieldSphereRegridEx.F90, line 407
20210922 082412.834 INFO             PET2 Finalizing ESMF
20210922 082408.611 INFO             PET3 !!!!!!!!!!!!!!!!!!!!!!!!!!!!!!!!!!!!!!!!!!!!!!!!!!!!!!
20210922 082408.611 INFO             PET3 !!! THE ESMF_LOG IS SET TO OUTPUT ALL LOG MESSAGES !!!
20210922 082408.611 INFO             PET3 !!!     THIS MAY CAUSE SLOWDOWN IN PERFORMANCE     !!!
20210922 082408.611 INFO             PET3 !!! FOR PRODUCTION RUNS, USE:                      !!!
20210922 082408.611 INFO             PET3 !!!                   ESMF_LOGKIND_Multi_On_Error  !!!
20210922 082408.611 INFO             PET3 !!!!!!!!!!!!!!!!!!!!!!!!!!!!!!!!!!!!!!!!!!!!!!!!!!!!!!
20210922 082408.611 INFO             PET3 Running with ESMF Version   : ESMF_8_2_0_beta_snapshot_19-3-ga5c5083bbf
20210922 082408.611 INFO             PET3 ESMF library build date/time: "Sep 22 2021" "07:46:43"
20210922 082408.611 INFO             PET3 ESMF library build location : /scratch1/NCEPDEV/stmp2/Mark.Potts/gfortran_9.2.0_openmpi_g_develop
20210922 082408.611 INFO             PET3 ESMF_COMM                   : openmpi
20210922 082408.612 INFO             PET3 ESMF_MOAB                   : enabled
20210922 082408.612 INFO             PET3 ESMF_LAPACK                 : enabled
20210922 082408.612 INFO             PET3 ESMF_NETCDF                 : enabled
20210922 082408.612 INFO             PET3 ESMF_PNETCDF                : disabled
20210922 082408.612 INFO             PET3 ESMF_PIO                    : enabled
20210922 082408.612 INFO             PET3 ESMF_YAMLCPP                : enabled
20210922 082412.834 INFO             PET3  NUMBER_OF_PROCESSORS           4
20210922 082412.834 INFO             PET3  PASS  Example ESMF_FieldSphereRegridEx, ESMF_FieldSphereRegridEx.F90, line 407
20210922 082412.834 INFO             PET3 Finalizing ESMF
