build time -- 2021-06-20 07:02:20
[1624174855.072701] [h9c41:239907:0]         mxm.c:196  MXM  WARN  The 'ulimit -s' on the system is set to 'unlimited'. This may have negative performance implications. Please set the stack size to the default value (10240) 
[1624174855.077006] [h9c41:239907:0]         mxm.c:196  MXM  WARN  The 'ulimit -s' on the system is set to 'unlimited'. This may have negative performance implications. Please set the stack size to the default value (10240) 
[1624174855.072696] [h9c41:239905:0]         mxm.c:196  MXM  WARN  The 'ulimit -s' on the system is set to 'unlimited'. This may have negative performance implications. Please set the stack size to the default value (10240) 
[1624174855.077057] [h9c41:239905:0]         mxm.c:196  MXM  WARN  The 'ulimit -s' on the system is set to 'unlimited'. This may have negative performance implications. Please set the stack size to the default value (10240) 
[1624174855.080805] [h9c41:239904:0]         mxm.c:196  MXM  WARN  The 'ulimit -s' on the system is set to 'unlimited'. This may have negative performance implications. Please set the stack size to the default value (10240) 
[1624174855.085245] [h9c41:239904:0]         mxm.c:196  MXM  WARN  The 'ulimit -s' on the system is set to 'unlimited'. This may have negative performance implications. Please set the stack size to the default value (10240) 
[1624174855.080803] [h9c41:239906:0]         mxm.c:196  MXM  WARN  The 'ulimit -s' on the system is set to 'unlimited'. This may have negative performance implications. Please set the stack size to the default value (10240) 
[1624174855.085266] [h9c41:239906:0]         mxm.c:196  MXM  WARN  The 'ulimit -s' on the system is set to 'unlimited'. This may have negative performance implications. Please set the stack size to the default value (10240) 
  PASS  Example ESMF_FieldRedistEx, ESMF_FieldRedistEx.F90, line 521
  PASS  Example ESMF_FieldRedistEx, ESMF_FieldRedistEx.F90, line 521
  PASS  Example ESMF_FieldRedistEx, ESMF_FieldRedistEx.F90, line 521
  PASS  Example ESMF_FieldRedistEx, ESMF_FieldRedistEx.F90, line 521

Program received signal SIGSEGV: Segmentation fault - invalid memory reference.

Backtrace for this error:

Program received signal SIGSEGV: Segmentation fault - invalid memory reference.

Backtrace for this error:

Program received signal SIGSEGV: Segmentation fault - invalid memory reference.

Backtrace for this error:

Program received signal SIGSEGV: Segmentation fault - invalid memory reference.

Backtrace for this error:
#0  0x2b5acd41e3ff in ???
#0  0x2af1bb02e3ff in ???
#0  0x2b4c270c03ff in ???
#1  0x2b4c28036de0 in event_queue_insert
	at /tmp/Role.Apps/spack-stage/spack-stage-openmpi-3.1.4-iacsi5v5fw547qcbmmkof4dj5z366pxc/spack-src/opal/mca/event/libevent2022/libevent/event.c:2620
#2  0x2b4c28037137 in opal_libevent2022_event_active_nolock
	at /tmp/Role.Apps/spack-stage/spack-stage-openmpi-3.1.4-iacsi5v5fw547qcbmmkof4dj5z366pxc/spack-src/opal/mca/event/libevent2022/libevent/event.c:2346
#3  0x2b4c28037137 in opal_libevent2022_event_active_nolock
	at /tmp/Role.Apps/spack-stage/spack-stage-openmpi-3.1.4-iacsi5v5fw547qcbmmkof4dj5z366pxc/spack-src/opal/mca/event/libevent2022/libevent/event.c:2312
#4  0x2b4c2803731a in opal_libevent2022_event_active
	at /tmp/Role.Apps/spack-stage/spack-stage-openmpi-3.1.4-iacsi5v5fw547qcbmmkof4dj5z366pxc/spack-src/opal/mca/event/libevent2022/libevent/event.c:2305
#5  0x2b4c27ebda5b in ???
#6  0x2b4c27eb2205 in ???
#7  0x2b4c2800a88b in ???
#8  0x2b4c27e8b694 in ???
#9  0x2b4c25e5d6f5 in ???
#10  0x2b4c25e9eb44 in ???
#0  0x2ad7fdf7f3ff in ???
#1  0x2ad7feef5de0 in event_queue_insert
	at /tmp/Role.Apps/spack-stage/spack-stage-openmpi-3.1.4-iacsi5v5fw547qcbmmkof4dj5z366pxc/spack-src/opal/mca/event/libevent2022/libevent/event.c:2620
#2  0x2ad7feef6137 in opal_libevent2022_event_active_nolock
	at /tmp/Role.Apps/spack-stage/spack-stage-openmpi-3.1.4-iacsi5v5fw547qcbmmkof4dj5z366pxc/spack-src/opal/mca/event/libevent2022/libevent/event.c:2346
#3  0x2ad7feef6137 in opal_libevent2022_event_active_nolock
	at /tmp/Role.Apps/spack-stage/spack-stage-openmpi-3.1.4-iacsi5v5fw547qcbmmkof4dj5z366pxc/spack-src/opal/mca/event/libevent2022/libevent/event.c:2312
#4  0x2ad7feef631a in opal_libevent2022_event_active
	at /tmp/Role.Apps/spack-stage/spack-stage-openmpi-3.1.4-iacsi5v5fw547qcbmmkof4dj5z366pxc/spack-src/opal/mca/event/libevent2022/libevent/event.c:2305
#5  0x2ad7fed7ca5b in ???
#6  0x2ad7fed71205 in ???
#7  0x2ad7feec988b in ???
#8  0x2ad7fed4a694 in ???
#9  0x2ad7fcd1c6f5 in ???
#10  0x2ad7fcd5db44 in ???
#11  0x2b4c22328bbe in _ZN5ESMCI3VMK8finalizeEi
	at /scratch1/NCEPDEV/stmp2/Mark.Potts/gfortran_9.2.0_openmpi_g_develop/src/Infrastructure/VM/src/ESMCI_VMKernel.C:678
#11  0x2ad7f91e7bbe in _ZN5ESMCI3VMK8finalizeEi
	at /scratch1/NCEPDEV/stmp2/Mark.Potts/gfortran_9.2.0_openmpi_g_develop/src/Infrastructure/VM/src/ESMCI_VMKernel.C:678
#12  0x2b4c2231fe3a in _ZN5ESMCI2VM8finalizeEP12ESMC_LogicalPi
	at /scratch1/NCEPDEV/stmp2/Mark.Potts/gfortran_9.2.0_openmpi_g_develop/src/Infrastructure/VM/src/ESMCI_VM.C:3419
#13  0x2b4c22344d8b in c_esmc_vmfinalize_
	at /scratch1/NCEPDEV/stmp2/Mark.Potts/gfortran_9.2.0_openmpi_g_develop/src/Infrastructure/VM/interface/ESMCI_VM_F.C:1153
#12  0x2ad7f91dee3a in _ZN5ESMCI2VM8finalizeEP12ESMC_LogicalPi
	at /scratch1/NCEPDEV/stmp2/Mark.Potts/gfortran_9.2.0_openmpi_g_develop/src/Infrastructure/VM/src/ESMCI_VM.C:3419
#14  0x2b4c230cbb5a in __esmf_vmmod_MOD_esmf_vmfinalize
	at /scratch1/NCEPDEV/stmp2/Mark.Potts/gfortran_9.2.0_openmpi_g_develop/src/Infrastructure/VM/interface/ESMF_VM.F90:9286
#15  0x2b4c22e36c7b in __esmf_initmod_MOD_esmf_finalize
	at /scratch1/NCEPDEV/stmp2/Mark.Potts/gfortran_9.2.0_openmpi_g_develop/src/Superstructure/ESMFMod/src/ESMF_Init.F90:997
#16  0x407b0f in fieldredistex
	at /scratch1/NCEPDEV/stmp2/Mark.Potts/gfortran_9.2.0_openmpi_g_develop/src/Infrastructure/Field/examples/ESMF_FieldRedistEx.F90:535
#17  0x407c2b in main
	at /scratch1/NCEPDEV/stmp2/Mark.Potts/gfortran_9.2.0_openmpi_g_develop/src/Infrastructure/Field/examples/ESMF_FieldRedistEx.F90:30
#13  0x2ad7f9203d8b in c_esmc_vmfinalize_
	at /scratch1/NCEPDEV/stmp2/Mark.Potts/gfortran_9.2.0_openmpi_g_develop/src/Infrastructure/VM/interface/ESMCI_VM_F.C:1153
#14  0x2ad7f9f8ab5a in __esmf_vmmod_MOD_esmf_vmfinalize
	at /scratch1/NCEPDEV/stmp2/Mark.Potts/gfortran_9.2.0_openmpi_g_develop/src/Infrastructure/VM/interface/ESMF_VM.F90:9286
#15  0x2ad7f9cf5c7b in __esmf_initmod_MOD_esmf_finalize
	at /scratch1/NCEPDEV/stmp2/Mark.Potts/gfortran_9.2.0_openmpi_g_develop/src/Superstructure/ESMFMod/src/ESMF_Init.F90:997
#16  0x407b0f in fieldredistex
	at /scratch1/NCEPDEV/stmp2/Mark.Potts/gfortran_9.2.0_openmpi_g_develop/src/Infrastructure/Field/examples/ESMF_FieldRedistEx.F90:535
#17  0x407c2b in main
	at /scratch1/NCEPDEV/stmp2/Mark.Potts/gfortran_9.2.0_openmpi_g_develop/src/Infrastructure/Field/examples/ESMF_FieldRedistEx.F90:30
srun: error: h9c41: tasks 0-3: Segmentation fault (core dumped)
srun: launch/slurm: _step_signal: Terminating StepId=19949705.314
