20210701 070238.447 INFO             PET0 !!!!!!!!!!!!!!!!!!!!!!!!!!!!!!!!!!!!!!!!!!!!!!!!!!!!!!
20210701 070238.447 INFO             PET0 !!! THE ESMF_LOG IS SET TO OUTPUT ALL LOG MESSAGES !!!
20210701 070238.447 INFO             PET0 !!!     THIS MAY CAUSE SLOWDOWN IN PERFORMANCE     !!!
20210701 070238.447 INFO             PET0 !!! FOR PRODUCTION RUNS, USE:                      !!!
20210701 070238.447 INFO             PET0 !!!                   ESMF_LOGKIND_Multi_On_Error  !!!
20210701 070238.447 INFO             PET0 !!!!!!!!!!!!!!!!!!!!!!!!!!!!!!!!!!!!!!!!!!!!!!!!!!!!!!
20210701 070238.447 INFO             PET0 Running with ESMF Version   : ESMF_8_2_0_beta_snapshot_11-9-g26b23c79af
20210701 070238.447 INFO             PET0 ESMF library build date/time: "Jul  1 2021" "06:27:37"
20210701 070238.447 INFO             PET0 ESMF library build location : /scratch1/NCEPDEV/stmp2/Mark.Potts/gfortran_9.2.0_openmpi_g_develop
20210701 070238.447 INFO             PET0 ESMF_COMM                   : openmpi
20210701 070238.448 INFO             PET0 ESMF_MOAB                   : enabled
20210701 070238.448 INFO             PET0 ESMF_LAPACK                 : enabled
20210701 070238.448 INFO             PET0 ESMF_NETCDF                 : enabled
20210701 070238.448 INFO             PET0 ESMF_PNETCDF                : disabled
20210701 070238.448 INFO             PET0 ESMF_PIO                    : enabled
20210701 070238.448 INFO             PET0 ESMF_YAMLCPP                : enabled
20210701 070238.550 DEBUG            PET0 about to destroy Grid: 0x29d75f0
20210701 070238.568 DEBUG            PET0 about to destroy Grid: 0x29d8fb0
20210701 070238.600 INFO             PET0  NUMBER_OF_PROCESSORS           4
20210701 070238.600 INFO             PET0  PASS  Example ESMF_NUOPCAtmModelEx, ESMF_NUOPCAtmModelEx.F90, line 806
20210701 070238.600 INFO             PET0 Finalizing ESMF
20210701 070238.447 INFO             PET1 !!!!!!!!!!!!!!!!!!!!!!!!!!!!!!!!!!!!!!!!!!!!!!!!!!!!!!
20210701 070238.448 INFO             PET1 !!! THE ESMF_LOG IS SET TO OUTPUT ALL LOG MESSAGES !!!
20210701 070238.448 INFO             PET1 !!!     THIS MAY CAUSE SLOWDOWN IN PERFORMANCE     !!!
20210701 070238.448 INFO             PET1 !!! FOR PRODUCTION RUNS, USE:                      !!!
20210701 070238.448 INFO             PET1 !!!                   ESMF_LOGKIND_Multi_On_Error  !!!
20210701 070238.448 INFO             PET1 !!!!!!!!!!!!!!!!!!!!!!!!!!!!!!!!!!!!!!!!!!!!!!!!!!!!!!
20210701 070238.448 INFO             PET1 Running with ESMF Version   : ESMF_8_2_0_beta_snapshot_11-9-g26b23c79af
20210701 070238.448 INFO             PET1 ESMF library build date/time: "Jul  1 2021" "06:27:37"
20210701 070238.448 INFO             PET1 ESMF library build location : /scratch1/NCEPDEV/stmp2/Mark.Potts/gfortran_9.2.0_openmpi_g_develop
20210701 070238.448 INFO             PET1 ESMF_COMM                   : openmpi
20210701 070238.448 INFO             PET1 ESMF_MOAB                   : enabled
20210701 070238.448 INFO             PET1 ESMF_LAPACK                 : enabled
20210701 070238.448 INFO             PET1 ESMF_NETCDF                 : enabled
20210701 070238.448 INFO             PET1 ESMF_PNETCDF                : disabled
20210701 070238.448 INFO             PET1 ESMF_PIO                    : enabled
20210701 070238.448 INFO             PET1 ESMF_YAMLCPP                : enabled
20210701 070238.550 DEBUG            PET1 about to destroy Grid: 0x1577520
20210701 070238.568 DEBUG            PET1 about to destroy Grid: 0x1578a60
20210701 070238.600 INFO             PET1  NUMBER_OF_PROCESSORS           4
20210701 070238.600 INFO             PET1  PASS  Example ESMF_NUOPCAtmModelEx, ESMF_NUOPCAtmModelEx.F90, line 806
20210701 070238.600 INFO             PET1 Finalizing ESMF
20210701 070238.448 INFO             PET2 !!!!!!!!!!!!!!!!!!!!!!!!!!!!!!!!!!!!!!!!!!!!!!!!!!!!!!
20210701 070238.448 INFO             PET2 !!! THE ESMF_LOG IS SET TO OUTPUT ALL LOG MESSAGES !!!
20210701 070238.448 INFO             PET2 !!!     THIS MAY CAUSE SLOWDOWN IN PERFORMANCE     !!!
20210701 070238.448 INFO             PET2 !!! FOR PRODUCTION RUNS, USE:                      !!!
20210701 070238.448 INFO             PET2 !!!                   ESMF_LOGKIND_Multi_On_Error  !!!
20210701 070238.448 INFO             PET2 !!!!!!!!!!!!!!!!!!!!!!!!!!!!!!!!!!!!!!!!!!!!!!!!!!!!!!
20210701 070238.448 INFO             PET2 Running with ESMF Version   : ESMF_8_2_0_beta_snapshot_11-9-g26b23c79af
20210701 070238.448 INFO             PET2 ESMF library build date/time: "Jul  1 2021" "06:27:37"
20210701 070238.448 INFO             PET2 ESMF library build location : /scratch1/NCEPDEV/stmp2/Mark.Potts/gfortran_9.2.0_openmpi_g_develop
20210701 070238.448 INFO             PET2 ESMF_COMM                   : openmpi
20210701 070238.448 INFO             PET2 ESMF_MOAB                   : enabled
20210701 070238.448 INFO             PET2 ESMF_LAPACK                 : enabled
20210701 070238.448 INFO             PET2 ESMF_NETCDF                 : enabled
20210701 070238.448 INFO             PET2 ESMF_PNETCDF                : disabled
20210701 070238.448 INFO             PET2 ESMF_PIO                    : enabled
20210701 070238.448 INFO             PET2 ESMF_YAMLCPP                : enabled
20210701 070238.550 DEBUG            PET2 about to destroy Grid: 0x10bfc60
20210701 070238.568 DEBUG            PET2 about to destroy Grid: 0x10c0930
20210701 070238.600 INFO             PET2  NUMBER_OF_PROCESSORS           4
20210701 070238.600 INFO             PET2  PASS  Example ESMF_NUOPCAtmModelEx, ESMF_NUOPCAtmModelEx.F90, line 806
20210701 070238.600 INFO             PET2 Finalizing ESMF
20210701 070238.447 INFO             PET3 !!!!!!!!!!!!!!!!!!!!!!!!!!!!!!!!!!!!!!!!!!!!!!!!!!!!!!
20210701 070238.447 INFO             PET3 !!! THE ESMF_LOG IS SET TO OUTPUT ALL LOG MESSAGES !!!
20210701 070238.447 INFO             PET3 !!!     THIS MAY CAUSE SLOWDOWN IN PERFORMANCE     !!!
20210701 070238.447 INFO             PET3 !!! FOR PRODUCTION RUNS, USE:                      !!!
20210701 070238.447 INFO             PET3 !!!                   ESMF_LOGKIND_Multi_On_Error  !!!
20210701 070238.447 INFO             PET3 !!!!!!!!!!!!!!!!!!!!!!!!!!!!!!!!!!!!!!!!!!!!!!!!!!!!!!
20210701 070238.447 INFO             PET3 Running with ESMF Version   : ESMF_8_2_0_beta_snapshot_11-9-g26b23c79af
20210701 070238.447 INFO             PET3 ESMF library build date/time: "Jul  1 2021" "06:27:37"
20210701 070238.447 INFO             PET3 ESMF library build location : /scratch1/NCEPDEV/stmp2/Mark.Potts/gfortran_9.2.0_openmpi_g_develop
20210701 070238.447 INFO             PET3 ESMF_COMM                   : openmpi
20210701 070238.448 INFO             PET3 ESMF_MOAB                   : enabled
20210701 070238.448 INFO             PET3 ESMF_LAPACK                 : enabled
20210701 070238.448 INFO             PET3 ESMF_NETCDF                 : enabled
20210701 070238.448 INFO             PET3 ESMF_PNETCDF                : disabled
20210701 070238.448 INFO             PET3 ESMF_PIO                    : enabled
20210701 070238.448 INFO             PET3 ESMF_YAMLCPP                : enabled
20210701 070238.550 DEBUG            PET3 about to destroy Grid: 0x1c58fa0
20210701 070238.568 DEBUG            PET3 about to destroy Grid: 0x1c5a480
20210701 070238.600 INFO             PET3  NUMBER_OF_PROCESSORS           4
20210701 070238.600 INFO             PET3  PASS  Example ESMF_NUOPCAtmModelEx, ESMF_NUOPCAtmModelEx.F90, line 806
20210701 070238.600 INFO             PET3 Finalizing ESMF
