build time -- 2021-05-21 06:32:11
20210521 082815.128 INFO             PET0 !!!!!!!!!!!!!!!!!!!!!!!!!!!!!!!!!!!!!!!!!!!!!!!!!!!!!!
20210521 082815.128 INFO             PET0 !!! THE ESMF_LOG IS SET TO OUTPUT ALL LOG MESSAGES !!!
20210521 082815.128 INFO             PET0 !!!     THIS MAY CAUSE SLOWDOWN IN PERFORMANCE     !!!
20210521 082815.128 INFO             PET0 !!! FOR PRODUCTION RUNS, USE:                      !!!
20210521 082815.128 INFO             PET0 !!!                   ESMF_LOGKIND_Multi_On_Error  !!!
20210521 082815.128 INFO             PET0 !!!!!!!!!!!!!!!!!!!!!!!!!!!!!!!!!!!!!!!!!!!!!!!!!!!!!!
20210521 082815.128 INFO             PET0 Running with ESMF Version   : ESMF_8_2_0_beta_snapshot_08-26-gb4c535d3b3
20210521 082815.128 INFO             PET0 ESMF library build date/time: "May 21 2021" "06:30:50"
20210521 082815.128 INFO             PET0 ESMF library build location : /scratch1/NCEPDEV/stmp2/Mark.Potts/gfortran_9.2.0_openmpi_g_develop
20210521 082815.128 INFO             PET0 ESMF_COMM                   : openmpi
20210521 082815.129 INFO             PET0 ESMF_MOAB                   : enabled
20210521 082815.129 INFO             PET0 ESMF_LAPACK                 : enabled
20210521 082815.129 INFO             PET0 ESMF_NETCDF                 : enabled
20210521 082815.129 INFO             PET0 ESMF_PNETCDF                : disabled
20210521 082815.129 INFO             PET0 ESMF_PIO                    : enabled
20210521 082815.129 INFO             PET0 ESMF_YAMLCPP                : enabled
20210521 082815.129 INFO             PET0  NUMBER_OF_PROCESSORS           4
20210521 082815.129 INFO             PET0  PASS  Example ESMF_VMUserMpiCommMultiEx, ESMF_VMUserMpiCommMultiEx.F90, line 126
20210521 082815.129 INFO             PET0 Finalizing ESMF
20210521 082815.128 INFO             PET0 !!!!!!!!!!!!!!!!!!!!!!!!!!!!!!!!!!!!!!!!!!!!!!!!!!!!!!
20210521 082815.128 INFO             PET0 !!! THE ESMF_LOG IS SET TO OUTPUT ALL LOG MESSAGES !!!
20210521 082815.128 INFO             PET0 !!!     THIS MAY CAUSE SLOWDOWN IN PERFORMANCE     !!!
20210521 082815.128 INFO             PET0 !!! FOR PRODUCTION RUNS, USE:                      !!!
20210521 082815.128 INFO             PET0 !!!                   ESMF_LOGKIND_Multi_On_Error  !!!
20210521 082815.128 INFO             PET0 !!!!!!!!!!!!!!!!!!!!!!!!!!!!!!!!!!!!!!!!!!!!!!!!!!!!!!
20210521 082815.128 INFO             PET0 Running with ESMF Version   : ESMF_8_2_0_beta_snapshot_08-26-gb4c535d3b3
20210521 082815.128 INFO             PET0 ESMF library build date/time: "May 21 2021" "06:30:50"
20210521 082815.128 INFO             PET0 ESMF library build location : /scratch1/NCEPDEV/stmp2/Mark.Potts/gfortran_9.2.0_openmpi_g_develop
20210521 082815.128 INFO             PET0 ESMF_COMM                   : openmpi
20210521 082815.129 INFO             PET0 ESMF_MOAB                   : enabled
20210521 082815.129 INFO             PET0 ESMF_LAPACK                 : enabled
20210521 082815.129 INFO             PET0 ESMF_NETCDF                 : enabled
20210521 082815.129 INFO             PET0 ESMF_PNETCDF                : disabled
20210521 082815.129 INFO             PET0 ESMF_PIO                    : enabled
20210521 082815.129 INFO             PET0 ESMF_YAMLCPP                : enabled
20210521 082815.129 INFO             PET0  NUMBER_OF_PROCESSORS           4
20210521 082815.129 INFO             PET0  PASS  Example ESMF_VMUserMpiCommMultiEx, ESMF_VMUserMpiCommMultiEx.F90, line 154
20210521 082815.129 INFO             PET0 Finalizing ESMF
20210521 082815.129 INFO             PET1 !!!!!!!!!!!!!!!!!!!!!!!!!!!!!!!!!!!!!!!!!!!!!!!!!!!!!!
20210521 082815.129 INFO             PET1 !!! THE ESMF_LOG IS SET TO OUTPUT ALL LOG MESSAGES !!!
20210521 082815.129 INFO             PET1 !!!     THIS MAY CAUSE SLOWDOWN IN PERFORMANCE     !!!
20210521 082815.129 INFO             PET1 !!! FOR PRODUCTION RUNS, USE:                      !!!
20210521 082815.129 INFO             PET1 !!!                   ESMF_LOGKIND_Multi_On_Error  !!!
20210521 082815.129 INFO             PET1 !!!!!!!!!!!!!!!!!!!!!!!!!!!!!!!!!!!!!!!!!!!!!!!!!!!!!!
20210521 082815.129 INFO             PET1 Running with ESMF Version   : ESMF_8_2_0_beta_snapshot_08-26-gb4c535d3b3
20210521 082815.129 INFO             PET1 ESMF library build date/time: "May 21 2021" "06:30:50"
20210521 082815.129 INFO             PET1 ESMF library build location : /scratch1/NCEPDEV/stmp2/Mark.Potts/gfortran_9.2.0_openmpi_g_develop
20210521 082815.129 INFO             PET1 ESMF_COMM                   : openmpi
20210521 082815.129 INFO             PET1 ESMF_MOAB                   : enabled
20210521 082815.129 INFO             PET1 ESMF_LAPACK                 : enabled
20210521 082815.129 INFO             PET1 ESMF_NETCDF                 : enabled
20210521 082815.129 INFO             PET1 ESMF_PNETCDF                : disabled
20210521 082815.129 INFO             PET1 ESMF_PIO                    : enabled
20210521 082815.129 INFO             PET1 ESMF_YAMLCPP                : enabled
20210521 082815.129 INFO             PET1  NUMBER_OF_PROCESSORS           4
20210521 082815.129 INFO             PET1  PASS  Example ESMF_VMUserMpiCommMultiEx, ESMF_VMUserMpiCommMultiEx.F90, line 126
20210521 082815.130 INFO             PET1 Finalizing ESMF
20210521 082815.128 INFO             PET1 !!!!!!!!!!!!!!!!!!!!!!!!!!!!!!!!!!!!!!!!!!!!!!!!!!!!!!
20210521 082815.129 INFO             PET1 !!! THE ESMF_LOG IS SET TO OUTPUT ALL LOG MESSAGES !!!
20210521 082815.129 INFO             PET1 !!!     THIS MAY CAUSE SLOWDOWN IN PERFORMANCE     !!!
20210521 082815.129 INFO             PET1 !!! FOR PRODUCTION RUNS, USE:                      !!!
20210521 082815.129 INFO             PET1 !!!                   ESMF_LOGKIND_Multi_On_Error  !!!
20210521 082815.129 INFO             PET1 !!!!!!!!!!!!!!!!!!!!!!!!!!!!!!!!!!!!!!!!!!!!!!!!!!!!!!
20210521 082815.129 INFO             PET1 Running with ESMF Version   : ESMF_8_2_0_beta_snapshot_08-26-gb4c535d3b3
20210521 082815.129 INFO             PET1 ESMF library build date/time: "May 21 2021" "06:30:50"
20210521 082815.129 INFO             PET1 ESMF library build location : /scratch1/NCEPDEV/stmp2/Mark.Potts/gfortran_9.2.0_openmpi_g_develop
20210521 082815.129 INFO             PET1 ESMF_COMM                   : openmpi
20210521 082815.129 INFO             PET1 ESMF_MOAB                   : enabled
20210521 082815.129 INFO             PET1 ESMF_LAPACK                 : enabled
20210521 082815.129 INFO             PET1 ESMF_NETCDF                 : enabled
20210521 082815.129 INFO             PET1 ESMF_PNETCDF                : disabled
20210521 082815.129 INFO             PET1 ESMF_PIO                    : enabled
20210521 082815.129 INFO             PET1 ESMF_YAMLCPP                : enabled
20210521 082815.129 INFO             PET1  NUMBER_OF_PROCESSORS           4
20210521 082815.129 INFO             PET1  PASS  Example ESMF_VMUserMpiCommMultiEx, ESMF_VMUserMpiCommMultiEx.F90, line 154
20210521 082815.130 INFO             PET1 Finalizing ESMF
