build time -- 2021-06-21 06:35:39
[1624259861.916867] [h4c36:239625:0]         mxm.c:196  MXM  WARN  The 'ulimit -s' on the system is set to 'unlimited'. This may have negative performance implications. Please set the stack size to the default value (10240) 
[1624259861.921150] [h4c36:239625:0]         mxm.c:196  MXM  WARN  The 'ulimit -s' on the system is set to 'unlimited'. This may have negative performance implications. Please set the stack size to the default value (10240) 
[1624259861.926124] [h4c36:239624:0]         mxm.c:196  MXM  WARN  The 'ulimit -s' on the system is set to 'unlimited'. This may have negative performance implications. Please set the stack size to the default value (10240) 
[1624259861.930468] [h4c36:239624:0]         mxm.c:196  MXM  WARN  The 'ulimit -s' on the system is set to 'unlimited'. This may have negative performance implications. Please set the stack size to the default value (10240) 
[1624259861.916649] [h4c36:239627:0]         mxm.c:196  MXM  WARN  The 'ulimit -s' on the system is set to 'unlimited'. This may have negative performance implications. Please set the stack size to the default value (10240) 
[1624259861.920907] [h4c36:239627:0]         mxm.c:196  MXM  WARN  The 'ulimit -s' on the system is set to 'unlimited'. This may have negative performance implications. Please set the stack size to the default value (10240) 
[1624259861.926073] [h4c36:239626:0]         mxm.c:196  MXM  WARN  The 'ulimit -s' on the system is set to 'unlimited'. This may have negative performance implications. Please set the stack size to the default value (10240) 
[1624259861.930392] [h4c36:239626:0]         mxm.c:196  MXM  WARN  The 'ulimit -s' on the system is set to 'unlimited'. This may have negative performance implications. Please set the stack size to the default value (10240) 
  PASS  Example ESMF_FieldRegridEx, ESMF_FieldRegridEx.F90, line 352
  PASS  Example ESMF_FieldRegridEx, ESMF_FieldRegridEx.F90, line 352
  PASS  Example ESMF_FieldRegridEx, ESMF_FieldRegridEx.F90, line 352
  PASS  Example ESMF_FieldRegridEx, ESMF_FieldRegridEx.F90, line 352

Program received signal SIGSEGV: Segmentation fault - invalid memory reference.

Backtrace for this error:

Program received signal SIGSEGV: Segmentation fault - invalid memory reference.

Backtrace for this error:

Program received signal SIGSEGV: Segmentation fault - invalid memory reference.

Backtrace for this error:

Program received signal SIGSEGV: Segmentation fault - invalid memory reference.

Backtrace for this error:
#0  0x2ab6d21a63ff in ???
#0  0x2ab2b18003ff in ???
#0  0x2b0059c083ff in ???
#0  0x2b885dba23ff in ???
srun: error: h4c36: tasks 0-3: Segmentation fault (core dumped)
srun: launch/slurm: _step_signal: Terminating StepId=19969237.307
