build time -- 2021-06-20 07:02:20
[1624174819.982686] [h9c41:236287:0]         mxm.c:196  MXM  WARN  The 'ulimit -s' on the system is set to 'unlimited'. This may have negative performance implications. Please set the stack size to the default value (10240) 
[1624174819.986963] [h9c41:236287:0]         mxm.c:196  MXM  WARN  The 'ulimit -s' on the system is set to 'unlimited'. This may have negative performance implications. Please set the stack size to the default value (10240) 
 - after SMM from A -> X
   1.0000000000000000        1.0000000000000000        1.0000000000000000        1.0000000000000000        1.0000000000000000        1.0000000000000000        1.0000000000000000        1.0000000000000000        1.0000000000000000        2.0000000000000000        2.0000000000000000        2.0000000000000000     
 - B before SMM from X -> B
   0.0000000000000000        0.0000000000000000        0.0000000000000000        0.0000000000000000     
 - B after SMM from X -> B
   1.0000000074505806        1.0000000298023224        1.6666666790843010        1.6666667163372040     
 Regridding through XGrid example returned
  PASS  Example ESMF_XGridSparseMatEx, ESMF_XGridSparseMatEx.F90, line 642

Program received signal SIGSEGV: Segmentation fault - invalid memory reference.

Backtrace for this error:
#0  0x2b79bc22a3ff in ???
#1  0x2b79bd1a0de0 in event_queue_insert
	at /tmp/Role.Apps/spack-stage/spack-stage-openmpi-3.1.4-iacsi5v5fw547qcbmmkof4dj5z366pxc/spack-src/opal/mca/event/libevent2022/libevent/event.c:2620
#2  0x2b79bd1a1137 in opal_libevent2022_event_active_nolock
	at /tmp/Role.Apps/spack-stage/spack-stage-openmpi-3.1.4-iacsi5v5fw547qcbmmkof4dj5z366pxc/spack-src/opal/mca/event/libevent2022/libevent/event.c:2346
#3  0x2b79bd1a1137 in opal_libevent2022_event_active_nolock
	at /tmp/Role.Apps/spack-stage/spack-stage-openmpi-3.1.4-iacsi5v5fw547qcbmmkof4dj5z366pxc/spack-src/opal/mca/event/libevent2022/libevent/event.c:2312
#4  0x2b79bd1a131a in opal_libevent2022_event_active
	at /tmp/Role.Apps/spack-stage/spack-stage-openmpi-3.1.4-iacsi5v5fw547qcbmmkof4dj5z366pxc/spack-src/opal/mca/event/libevent2022/libevent/event.c:2305
#5  0x2b79bd027a5b in ???
#6  0x2b79bd01c205 in ???
#7  0x2b79bd17488b in ???
#8  0x2b79bcff5694 in ???
#9  0x2b79bafc76f5 in ???
#10  0x2b79bb008b44 in ???
#11  0x2b79b7492bbe in _ZN5ESMCI3VMK8finalizeEi
	at /scratch1/NCEPDEV/stmp2/Mark.Potts/gfortran_9.2.0_openmpi_g_develop/src/Infrastructure/VM/src/ESMCI_VMKernel.C:678
#12  0x2b79b7489e3a in _ZN5ESMCI2VM8finalizeEP12ESMC_LogicalPi
	at /scratch1/NCEPDEV/stmp2/Mark.Potts/gfortran_9.2.0_openmpi_g_develop/src/Infrastructure/VM/src/ESMCI_VM.C:3419
#13  0x2b79b74aed8b in c_esmc_vmfinalize_
	at /scratch1/NCEPDEV/stmp2/Mark.Potts/gfortran_9.2.0_openmpi_g_develop/src/Infrastructure/VM/interface/ESMCI_VM_F.C:1153
#14  0x2b79b8235b5a in __esmf_vmmod_MOD_esmf_vmfinalize
	at /scratch1/NCEPDEV/stmp2/Mark.Potts/gfortran_9.2.0_openmpi_g_develop/src/Infrastructure/VM/interface/ESMF_VM.F90:9286
#15  0x2b79b7fa0c7b in __esmf_initmod_MOD_esmf_finalize
	at /scratch1/NCEPDEV/stmp2/Mark.Potts/gfortran_9.2.0_openmpi_g_develop/src/Superstructure/ESMFMod/src/ESMF_Init.F90:997
#16  0x40b9f9 in esmf_xgridsparsematex
	at /scratch1/NCEPDEV/stmp2/Mark.Potts/gfortran_9.2.0_openmpi_g_develop/src/Infrastructure/XGrid/examples/ESMF_XGridSparseMatEx.F90:654
#17  0x40bb22 in main
	at /scratch1/NCEPDEV/stmp2/Mark.Potts/gfortran_9.2.0_openmpi_g_develop/src/Infrastructure/XGrid/examples/ESMF_XGridSparseMatEx.F90:26
srun: error: h9c41: task 0: Segmentation fault (core dumped)
srun: launch/slurm: _step_signal: Terminating StepId=19949705.304
