build time -- 2021-06-02 06:12:31
20210602 063932.828 INFO             PET0 !!!!!!!!!!!!!!!!!!!!!!!!!!!!!!!!!!!!!!!!!!!!!!!!!!!!!!
20210602 063932.828 INFO             PET0 !!! THE ESMF_LOG IS SET TO OUTPUT ALL LOG MESSAGES !!!
20210602 063932.828 INFO             PET0 !!!     THIS MAY CAUSE SLOWDOWN IN PERFORMANCE     !!!
20210602 063932.828 INFO             PET0 !!! FOR PRODUCTION RUNS, USE:                      !!!
20210602 063932.828 INFO             PET0 !!!                   ESMF_LOGKIND_Multi_On_Error  !!!
20210602 063932.828 INFO             PET0 !!!!!!!!!!!!!!!!!!!!!!!!!!!!!!!!!!!!!!!!!!!!!!!!!!!!!!
20210602 063932.828 INFO             PET0 Running with ESMF Version   : ESMF_8_2_0_beta_snapshot_10-3-g469be43409
20210602 063932.828 INFO             PET0 ESMF library build date/time: "Jun  2 2021" "06:11:03"
20210602 063932.828 INFO             PET0 ESMF library build location : /scratch1/NCEPDEV/stmp2/Mark.Potts/gfortran_9.2.0_openmpi_g_develop
20210602 063932.828 INFO             PET0 ESMF_COMM                   : openmpi
20210602 063932.829 INFO             PET0 ESMF_MOAB                   : enabled
20210602 063932.829 INFO             PET0 ESMF_LAPACK                 : enabled
20210602 063932.829 INFO             PET0 ESMF_NETCDF                 : enabled
20210602 063932.829 INFO             PET0 ESMF_PNETCDF                : disabled
20210602 063932.829 INFO             PET0 ESMF_PIO                    : enabled
20210602 063932.829 INFO             PET0 ESMF_YAMLCPP                : enabled
20210602 063932.829 INFO             PET0  NUMBER_OF_PROCESSORS           1
20210602 063932.829 INFO             PET0  PASS  Example ESMF_ClockEx, ESMF_ClockEx.F90, line 220
20210602 063932.829 INFO             PET0 Finalizing ESMF
