build time -- 2021-06-21 05:41:24.622630
  PASS  Example ESMF_RHandleReusabilityEx, ESMF_RHandleReusabilityEx.F90, line 582
  PASS  Example ESMF_RHandleReusabilityEx, ESMF_RHandleReusabilityEx.F90, line 582
  PASS  Example ESMF_RHandleReusabilityEx, ESMF_RHandleReusabilityEx.F90, line 582
  PASS  Example ESMF_RHandleReusabilityEx, ESMF_RHandleReusabilityEx.F90, line 582
[r1i3n14:35319:0:35319] Caught signal 11 (Segmentation fault: address not mapped to object at address 0x30)
[r1i3n14:35321:0:35321] Caught signal 11 (Segmentation fault: address not mapped to object at address 0x30)
[r1i3n14:35318:0:35318] Caught signal 11 (Segmentation fault: address not mapped to object at address 0x30)
[r1i3n14:35320:0:35320] Caught signal 11 (Segmentation fault: address not mapped to object at address 0x30)
--------------------------------------------------------------------------
Primary job  terminated normally, but 1 process returned
a non-zero exit code. Per user-direction, the job has been aborted.
--------------------------------------------------------------------------
--------------------------------------------------------------------------
mpirun noticed that process rank 3 with PID 0 on node r1i3n14 exited on signal 11 (Segmentation fault).
--------------------------------------------------------------------------
  PASS  Example ESMF_RHandleReusabilityEx, ESMF_RHandleReusabilityEx.F90, line 582
  PASS  Example ESMF_RHandleReusabilityEx, ESMF_RHandleReusabilityEx.F90, line 582
  PASS  Example ESMF_RHandleReusabilityEx, ESMF_RHandleReusabilityEx.F90, line 582
  PASS  Example ESMF_RHandleReusabilityEx, ESMF_RHandleReusabilityEx.F90, line 582
[r1i3n14:35319:0:35319] Caught signal 11 (Segmentation fault: address not mapped to object at address 0x30)
[r1i3n14:35321:0:35321] Caught signal 11 (Segmentation fault: address not mapped to object at address 0x30)
[r1i3n14:35318:0:35318] Caught signal 11 (Segmentation fault: address not mapped to object at address 0x30)
[r1i3n14:35320:0:35320] Caught signal 11 (Segmentation fault: address not mapped to object at address 0x30)
--------------------------------------------------------------------------
Primary job  terminated normally, but 1 process returned
a non-zero exit code. Per user-direction, the job has been aborted.
--------------------------------------------------------------------------
--------------------------------------------------------------------------
mpirun noticed that process rank 3 with PID 0 on node r1i3n14 exited on signal 11 (Segmentation fault).
--------------------------------------------------------------------------
