build time -- 2021-06-19 05:41:45.380774
 Time1 = 
Time -----------------------------------
2000-02-28T02:24:45
end Time -------------------------------

 Timeinterval1 = 
TimeInterval ---------------------------
P0Y0M2DT8H36M15S
end TimeInterval -----------------------

 time2 = time1 + timeinterval1 =         2000 /           3 /           1            11 :           1 :           0
 time2 is larger than time1
  PASS  Example ESMF_TimeEx, ESMF_TimeEx.F90, line 141
[r9i4n1:5458 :0:5458] Caught signal 11 (Segmentation fault: address not mapped to object at address 0x30)
--------------------------------------------------------------------------
Primary job  terminated normally, but 1 process returned
a non-zero exit code. Per user-direction, the job has been aborted.
--------------------------------------------------------------------------
--------------------------------------------------------------------------
mpirun noticed that process rank 0 with PID 0 on node r9i4n1 exited on signal 11 (Segmentation fault).
--------------------------------------------------------------------------
