build time -- 2021-06-19 05:41:45.380774
  PASS  Example ESMF_StateReadWriteEx, ESMF_StateReadWriteEx.F90, line 185
  PASS  Example ESMF_StateReadWriteEx, ESMF_StateReadWriteEx.F90, line 185
  PASS  Example ESMF_StateReadWriteEx, ESMF_StateReadWriteEx.F90, line 185
 ESMF_StatePrint: (pet 0):
  State name: Ocean Import
     status: Import State, object count: 7
     reconcile needed: T
 Base name    = Ocean Import
 Status: Base = Ready,  object = Ready
 Proxy        = no
 Root Info (Attributes):
{}     object: 1,name: Q
            type: Array
     object: 2,name: TEMP
            type: Array
     object: 3,name: lat
            type: Array
     object: 4,name: lon
            type: Array
     object: 5,name: p
            type: Array
     object: 6,name: rh
            type: Array
     object: 7,name: time
            type: Array
--- ESMCI::Array::print start ---
 Base name    = lat
 Status: Base = Ready,  object = Ready
 Proxy        = no
 Root Info (Attributes):
{
  "long_name": "latitude",
  "units": "degrees_north"
}Array typekind/rank: Integer*4 / 1 
~ lower class' values ~
DistGrid dimCount = 1
deCount = 4
localDeCount = 1
~ local data in LocalArray for DE 0 ~
LocalArrayPrint: Array at address 0x168d2b0:
            rank = 1, typekind = 3, base_addr = 0x168c100
            dim[0] = 10  
  Integer, *4, Dim 1, Data values:
(-2) =  0
(-1) =  10
( 0) =  20
( 1) =  30
( 2) =  40
( 3) =  50
( 4) =  60
( 5) =  70
( 6) =  80
( 7) =  90
dim 1: [0]: [-2 [1 [1, 3] 3] 7]
--- ESMCI::Array::print end ---
--- ESMCI::Array::print start ---
 Base name    = lon
 Status: Base = Ready,  object = Ready
 Proxy        = no
 Root Info (Attributes):
{
  "long_name": "longitude",
  "units": "degrees_east"
}Array typekind/rank: Integer*4 / 1 
~ lower class' values ~
DistGrid dimCount = 1
deCount = 4
localDeCount = 1
~ local data in LocalArray for DE 0 ~
LocalArrayPrint: Array at address 0x168f640:
            rank = 1, typekind = 3, base_addr = 0x168f970
            dim[0] = 5  
  Integer, *4, Dim 1, Data values:
( 0) =  -140
( 1) =  -118
( 2) =  -96
( 3) =  -84
( 4) =  -52
dim 1: [0]: [0 [1 [1, 2] 2] 4]
--- ESMCI::Array::print end ---
--- ESMCI::Array::print start ---
 Base name    = time
 Status: Base = Ready,  object = Ready
 Proxy        = no
 Root Info (Attributes):
{
  "units": "seconds since 1992-1-1 00:00:00"
}Array typekind/rank: Integer*4 / 1 
~ lower class' values ~
DistGrid dimCount = 1
deCount = 4
localDeCount = 1
~ local data in LocalArray for DE 0 ~
LocalArrayPrint: Array at address 0x1691820:
            rank = 1, typekind = 3, base_addr = 0x1691b50
            dim[0] = 2  
  Integer, *4, Dim 1, Data values:
( 1) =  123456789
( 2) =  987654321
dim 1: [0]: [1 [1 [1, 1] 1] 2]
--- ESMCI::Array::print end ---
--- ESMCI::Array::print start ---
 Base name    = Q
 Status: Base = Ready,  object = Ready
 Proxy        = no
 Root Info (Attributes):
{
  "long_name": "specific_humidity",
  "time_op": "average",
  "units": "kg/kg"
}Array typekind/rank: Real*4 / 3 
~ lower class' values ~
DistGrid dimCount = 3
deCount = 4
localDeCount = 1
~ local data in LocalArray for DE 0 ~
LocalArrayPrint: Array at address 0x1694050:
            rank = 3, typekind = 5, base_addr = 0x1694380
            dim[0] = 2  dim[1] = 10  dim[2] = 5  
  Real, *4, Dim 3, Data values:
( 1, 1, 1) =  1.23457
( 2, 1, 1) =  1.23457
( 1, 2, 1) =  1.23457
( 2, 2, 1) =  1.23457
( 1, 3, 1) =  1.23457
( 2, 3, 1) =  1.23457
( 1, 4, 1) =  1.23457
( 2, 4, 1) =  1.23457
( 1, 5, 1) =  1.23458
( 2, 5, 1) =  1.23458
  skipping to end ...
( 1, 6, 5) =  1.23466
( 2, 6, 5) =  1.23466
( 1, 7, 5) =  1.23466
( 2, 7, 5) =  1.23466
( 1, 8, 5) =  1.23466
( 2, 8, 5) =  1.23466
( 1, 9, 5) =  1.23466
( 2, 9, 5) =  1.23466
( 1,10, 5) =  1.23467
( 2,10, 5) =  1.23467
dim 1: [0]: [1 [1 [1, 1] 1] 2]
dim 2: [1]: [1 [1 [1, 10] 10] 10]
dim 3: [2]: [1 [1 [1, 5] 5] 5]
--- ESMCI::Array::print end ---
--- ESMCI::Array::print start ---
 Base name    = TEMP
 Status: Base = Ready,  object = Ready
 Proxy        = no
 Root Info (Attributes):
{
  "long_name": "temperature",
  "time_op": "average",
  "units": "K"
}Array typekind/rank: Real*4 / 3 
~ lower class' values ~
DistGrid dimCount = 3
deCount = 4
localDeCount = 1
~ local data in LocalArray for DE 0 ~
LocalArrayPrint: Array at address 0x1696a90:
            rank = 3, typekind = 5, base_addr = 0x1696dc0
            dim[0] = 2  dim[1] = 10  dim[2] = 5  
  Real, *4, Dim 3, Data values:
( 1, 1, 1) =  7.65432
( 2, 1, 1) =  7.65432
( 1, 2, 1) =  7.65432
( 2, 2, 1) =  7.65432
( 1, 3, 1) =  7.65432
( 2, 3, 1) =  7.65432
( 1, 4, 1) =  7.65431
( 2, 4, 1) =  7.65431
( 1, 5, 1) =  7.65431
( 2, 5, 1) =  7.65431
  skipping to end ...
( 1, 6, 5) =  7.65423
( 2, 6, 5) =  7.65423
( 1, 7, 5) =  7.65423
( 2, 7, 5) =  7.65423
( 1, 8, 5) =  7.65423
( 2, 8, 5) =  7.65423
( 1, 9, 5) =  7.65422
( 2, 9, 5) =  7.65422
( 1,10, 5) =  7.65422
( 2,10, 5) =  7.65422
dim 1: [0]: [1 [1 [1, 1] 1] 2]
dim 2: [1]: [1 [1 [1, 10] 10] 10]
dim 3: [2]: [1 [1 [1, 5] 5] 5]
--- ESMCI::Array::print end ---
--- ESMCI::Array::print start ---
 Base name    = p
 Status: Base = Ready,  object = Ready
 Proxy        = no
 Root Info (Attributes):
{
  "_FillValue": -9999.0
}Array typekind/rank: Real*8 / 3 
~ lower class' values ~
DistGrid dimCount = 3
deCount = 4
localDeCount = 1
~ local data in LocalArray for DE 0 ~
LocalArrayPrint: Array at address 0x1699570:
            rank = 3, typekind = 6, base_addr = 0x16998a0
            dim[0] = 2  dim[1] = 10  dim[2] = 5  
  Real, *8, Dim 3, Data values:
( 1, 1, 1) =  -9999
( 2, 1, 1) =  -9999
( 1, 2, 1) =  -9999
( 2, 2, 1) =  -9999
( 1, 3, 1) =  -9999
( 2, 3, 1) =  -9999
( 1, 4, 1) =  -9999
( 2, 4, 1) =  -9999
( 1, 5, 1) =  -9999
( 2, 5, 1) =  -9999
  skipping to end ...
( 1, 6, 5) =  -9999
( 2, 6, 5) =  -9999
( 1, 7, 5) =  -9999
( 2, 7, 5) =  -9999
( 1, 8, 5) =  -9999
( 2, 8, 5) =  -9999
( 1, 9, 5) =  -9999
( 2, 9, 5) =  -9999
( 1,10, 5) =  -9999
( 2,10, 5) =  -9999
dim 1: [0]: [1 [1 [1, 1] 1] 2]
dim 2: [1]: [1 [1 [1, 10] 10] 10]
dim 3: [2]: [1 [1 [1, 5] 5] 5]
--- ESMCI::Array::print end ---
--- ESMCI::Array::print start ---
 Base name    = rh
 Status: Base = Ready,  object = Ready
 Proxy        = no
 Root Info (Attributes):
{
  "_FillValue": -1
}Array typekind/rank: Integer*4 / 3 
~ lower class' values ~
DistGrid dimCount = 3
deCount = 4
localDeCount = 1
~ local data in LocalArray for DE 0 ~
LocalArrayPrint: Array at address 0x169c0a0:
            rank = 3, typekind = 3, base_addr = 0x169c3d0
            dim[0] = 2  dim[1] = 10  dim[2] = 5  
  Integer, *4, Dim 3, Data values:
( 1, 1, 1) =  -1
( 2, 1, 1) =  -1
( 1, 2, 1) =  -1
( 2, 2, 1) =  -1
( 1, 3, 1) =  -1
( 2, 3, 1) =  -1
( 1, 4, 1) =  -1
( 2, 4, 1) =  -1
( 1, 5, 1) =  -1
( 2, 5, 1) =  -1
  skipping to end ...
( 1, 6, 5) =  -1
( 2, 6, 5) =  -1
( 1, 7, 5) =  -1
( 2, 7, 5) =  -1
( 1, 8, 5) =  -1
( 2, 8, 5) =  -1
( 1, 9, 5) =  -1
( 2, 9, 5) =  -1
( 1,10, 5) =  -1
( 2,10, 5) =  -1
dim 1: [0]: [1 [1 [1, 1] 1] 2]
dim 2: [1]: [1 [1 [1, 10] 10] 10]
dim 3: [2]: [1 [1 [1, 5] 5] 5]
--- ESMCI::Array::print end ---
  PASS  Example ESMF_StateReadWriteEx, ESMF_StateReadWriteEx.F90, line 185
--------------------------------------------------------------------------
A system call failed during shared memory initialization that should
not have.  It is likely that your MPI job will now either abort or
experience performance degradation.

  Local host:  r9i4n1
  System call: unlink(2) /dev/shm/vader_segment.r9i4n1.13420001.3
  Error:       No such file or directory (errno 2)
--------------------------------------------------------------------------
[r9i4n1:49830:0:49830] Caught signal 11 (Segmentation fault: address not mapped to object at address 0x30)
--------------------------------------------------------------------------
A system call failed during shared memory initialization that should
not have.  It is likely that your MPI job will now either abort or
experience performance degradation.

  Local host:  r9i4n1
  System call: unlink(2) /dev/shm/vader_segment.r9i4n1.13420001.1
  Error:       No such file or directory (errno 2)
--------------------------------------------------------------------------
--------------------------------------------------------------------------
A system call failed during shared memory initialization that should
not have.  It is likely that your MPI job will now either abort or
experience performance degradation.

  Local host:  r9i4n1
  System call: unlink(2) /dev/shm/vader_segment.r9i4n1.13420001.2
  Error:       No such file or directory (errno 2)
--------------------------------------------------------------------------
[r9i4n1:49828:0:49828] Caught signal 11 (Segmentation fault: address not mapped to object at address 0xa0)
--------------------------------------------------------------------------
A system call failed during shared memory initialization that should
not have.  It is likely that your MPI job will now either abort or
experience performance degradation.

  Local host:  r9i4n1
  System call: unlink(2) /dev/shm/vader_segment.r9i4n1.13420001.0
  Error:       No such file or directory (errno 2)
--------------------------------------------------------------------------
[r9i4n1:49829:0:49829] Caught signal 11 (Segmentation fault: address not mapped to object at address 0x130)
[r9i4n1:49827:0:49827] Caught signal 11 (Segmentation fault: Sent by the kernel at address (nil))
==== backtrace (tid:  49827) ====
 0  /glade/u/apps/ch/opt/ucx/1.8.0/lib/libucs.so.0(ucs_handle_error+0x19c) [0x2b1f2670722c]
 1  /glade/u/apps/ch/opt/ucx/1.8.0/lib/libucs.so.0(+0x2355c) [0x2b1f2670755c]
 2  /glade/u/apps/ch/opt/ucx/1.8.0/lib/libucs.so.0(+0x237cb) [0x2b1f267077cb]
 3  /glade/u/apps/ch/os/lib64/libpthread.so.0(+0x10b00) [0x2b1f16540b00]
 4  /glade/u/apps/ch/opt/openmpi/4.0.3/gnu/7.4.0/lib/libopen-pal.so.40(+0x2d3d7) [0x2b1f16dd43d7]
 5  /glade/u/apps/ch/opt/openmpi/4.0.3/gnu/7.4.0/lib/openmpi/mca_btl_vader.so(+0x3ec1) [0x2b1f24e21ec1]
 6  /glade/u/apps/ch/opt/openmpi/4.0.3/gnu/7.4.0/lib/libopen-pal.so.40(mca_base_component_close+0x19) [0x2b1f16e01419]
 7  /glade/u/apps/ch/opt/openmpi/4.0.3/gnu/7.4.0/lib/libopen-pal.so.40(mca_base_components_close+0x55) [0x2b1f16e014a5]
 8  /glade/u/apps/ch/opt/openmpi/4.0.3/gnu/7.4.0/lib/libopen-pal.so.40(+0x7eae3) [0x2b1f16e25ae3]
 9  /glade/u/apps/ch/opt/openmpi/4.0.3/gnu/7.4.0/lib/libopen-pal.so.40(mca_base_framework_close+0x67) [0x2b1f16e0ca87]
10  /glade/u/apps/ch/opt/openmpi/4.0.3/gnu/7.4.0/lib/libopen-pal.so.40(opal_info_close_components+0x29) [0x2b1f16de38c9]
11  /glade/u/apps/ch/opt/openmpi/4.0.3/gnu/7.4.0/lib/libmpi.so.40(PMPI_T_finalize+0x35) [0x2b1f15c14595]
12  /glade/scratch/mpotts/gfortran_7.4.0_openmpi_O_develop/lib/libO/Linux.gfortran.64.openmpi.default/libesmf.so(_ZN5ESMCI3VMK8finalizeEi+0x250) [0x2b1f12e0ce62]
13  /glade/scratch/mpotts/gfortran_7.4.0_openmpi_O_develop/lib/libO/Linux.gfortran.64.openmpi.default/libesmf.so(_ZN5ESMCI2VM8finalizeEP12ESMC_LogicalPi+0x4c9) [0x2b1f12e250b9]
14  /glade/scratch/mpotts/gfortran_7.4.0_openmpi_O_develop/lib/libO/Linux.gfortran.64.openmpi.default/libesmf.so(c_esmc_vmfinalize_+0x25) [0x2b1f12e002f5]
15  /glade/scratch/mpotts/gfortran_7.4.0_openmpi_O_develop/lib/libO/Linux.gfortran.64.openmpi.default/libesmf.so(__esmf_vmmod_MOD_esmf_vmfinalize+0x2a) [0x2b1f1341f9a8]
16  /glade/scratch/mpotts/gfortran_7.4.0_openmpi_O_develop/lib/libO/Linux.gfortran.64.openmpi.default/libesmf.so(__esmf_initmod_MOD_esmf_finalize+0x37c) [0x2b1f132b1f4b]
17  ./ESMF_StateReadWriteEx() [0x401397]
18  ./ESMF_StateReadWriteEx() [0x4017d7]
19  /glade/u/apps/ch/os/lib64/libc.so.6(__libc_start_main+0xf5) [0x2b1f1676d6e5]
20  ./ESMF_StateReadWriteEx() [0x400f89]
=================================

Program received signal SIGSEGV: Segmentation fault - invalid memory reference.

Backtrace for this error:
--------------------------------------------------------------------------
Primary job  terminated normally, but 1 process returned
a non-zero exit code. Per user-direction, the job has been aborted.
--------------------------------------------------------------------------
#0  0x2b1f16540aff in ???
#1  0x2b1f16dd43d7 in ???
#2  0x2b1f24e21ec0 in ???
#3  0x2b1f16e01418 in ???
#4  0x2b1f16e014a4 in ???
#5  0x2b1f16e25ae2 in ???
#6  0x2b1f16e0ca86 in ???
#7  0x2b1f16de38c8 in ???
#8  0x2b1f15c14594 in ???
#9  0x2b1f12e0ce61 in ???
#10  0x2b1f12e250b8 in ???
#11  0x2b1f12e002f4 in ???
#12  0x2b1f1341f9a7 in ???
#13  0x2b1f132b1f4a in ???
#14  0x401396 in ???
#15  0x4017d6 in ???
#16  0x2b1f1676d6e4 in ???
#17  0x400f88 in ???
	at ../sysdeps/x86_64/start.S:118
#18  0xffffffffffffffff in ???
--------------------------------------------------------------------------
mpirun noticed that process rank 1 with PID 0 on node r9i4n1 exited on signal 11 (Segmentation fault).
--------------------------------------------------------------------------
