build time -- 2021-08-20 05:45:47.170618
20210820 061430.359 INFO             PET0 !!!!!!!!!!!!!!!!!!!!!!!!!!!!!!!!!!!!!!!!!!!!!!!!!!!!!!
20210820 061430.359 INFO             PET0 !!! THE ESMF_LOG IS SET TO OUTPUT ALL LOG MESSAGES !!!
20210820 061430.359 INFO             PET0 !!!     THIS MAY CAUSE SLOWDOWN IN PERFORMANCE     !!!
20210820 061430.359 INFO             PET0 !!! FOR PRODUCTION RUNS, USE:                      !!!
20210820 061430.359 INFO             PET0 !!!                   ESMF_LOGKIND_Multi_On_Error  !!!
20210820 061430.359 INFO             PET0 !!!!!!!!!!!!!!!!!!!!!!!!!!!!!!!!!!!!!!!!!!!!!!!!!!!!!!
20210820 061430.359 INFO             PET0 Running with ESMF Version   : ESMF_8_2_0_beta_snapshot_15
20210820 061430.359 INFO             PET0 ESMF library build date/time: "Aug 20 2021" "05:43:40"
20210820 061430.359 INFO             PET0 ESMF library build location : /glade/scratch/mpotts/gfortran_7.4.0_openmpi_O_develop
20210820 061430.359 INFO             PET0 ESMF_COMM                   : openmpi
20210820 061430.360 INFO             PET0 ESMF_MOAB                   : enabled
20210820 061430.360 INFO             PET0 ESMF_LAPACK                 : enabled
20210820 061430.360 INFO             PET0 ESMF_NETCDF                 : enabled
20210820 061430.360 INFO             PET0 ESMF_PNETCDF                : disabled
20210820 061430.360 INFO             PET0 ESMF_PIO                    : enabled
20210820 061430.360 INFO             PET0 ESMF_YAMLCPP                : enabled
20210820 061430.362 INFO             PET0  NUMBER_OF_PROCESSORS           4
20210820 061430.362 INFO             PET0  PASS  Example ESMF_VMUserMpiCommMultiEx, ESMF_VMUserMpiCommMultiEx.F90, line 126
20210820 061430.362 INFO             PET0 Finalizing ESMF
20210820 061430.360 INFO             PET0 !!!!!!!!!!!!!!!!!!!!!!!!!!!!!!!!!!!!!!!!!!!!!!!!!!!!!!
20210820 061430.360 INFO             PET0 !!! THE ESMF_LOG IS SET TO OUTPUT ALL LOG MESSAGES !!!
20210820 061430.360 INFO             PET0 !!!     THIS MAY CAUSE SLOWDOWN IN PERFORMANCE     !!!
20210820 061430.360 INFO             PET0 !!! FOR PRODUCTION RUNS, USE:                      !!!
20210820 061430.360 INFO             PET0 !!!                   ESMF_LOGKIND_Multi_On_Error  !!!
20210820 061430.360 INFO             PET0 !!!!!!!!!!!!!!!!!!!!!!!!!!!!!!!!!!!!!!!!!!!!!!!!!!!!!!
20210820 061430.360 INFO             PET0 Running with ESMF Version   : ESMF_8_2_0_beta_snapshot_15
20210820 061430.361 INFO             PET0 ESMF library build date/time: "Aug 20 2021" "05:43:40"
20210820 061430.361 INFO             PET0 ESMF library build location : /glade/scratch/mpotts/gfortran_7.4.0_openmpi_O_develop
20210820 061430.361 INFO             PET0 ESMF_COMM                   : openmpi
20210820 061430.361 INFO             PET0 ESMF_MOAB                   : enabled
20210820 061430.361 INFO             PET0 ESMF_LAPACK                 : enabled
20210820 061430.361 INFO             PET0 ESMF_NETCDF                 : enabled
20210820 061430.361 INFO             PET0 ESMF_PNETCDF                : disabled
20210820 061430.361 INFO             PET0 ESMF_PIO                    : enabled
20210820 061430.361 INFO             PET0 ESMF_YAMLCPP                : enabled
20210820 061430.362 INFO             PET0  NUMBER_OF_PROCESSORS           4
20210820 061430.362 INFO             PET0  PASS  Example ESMF_VMUserMpiCommMultiEx, ESMF_VMUserMpiCommMultiEx.F90, line 154
20210820 061430.362 INFO             PET0 Finalizing ESMF
20210820 061430.362 INFO             PET1 !!!!!!!!!!!!!!!!!!!!!!!!!!!!!!!!!!!!!!!!!!!!!!!!!!!!!!
20210820 061430.362 INFO             PET1 !!! THE ESMF_LOG IS SET TO OUTPUT ALL LOG MESSAGES !!!
20210820 061430.362 INFO             PET1 !!!     THIS MAY CAUSE SLOWDOWN IN PERFORMANCE     !!!
20210820 061430.362 INFO             PET1 !!! FOR PRODUCTION RUNS, USE:                      !!!
20210820 061430.362 INFO             PET1 !!!                   ESMF_LOGKIND_Multi_On_Error  !!!
20210820 061430.362 INFO             PET1 !!!!!!!!!!!!!!!!!!!!!!!!!!!!!!!!!!!!!!!!!!!!!!!!!!!!!!
20210820 061430.362 INFO             PET1 Running with ESMF Version   : ESMF_8_2_0_beta_snapshot_15
20210820 061430.362 INFO             PET1 ESMF library build date/time: "Aug 20 2021" "05:43:40"
20210820 061430.362 INFO             PET1 ESMF library build location : /glade/scratch/mpotts/gfortran_7.4.0_openmpi_O_develop
20210820 061430.362 INFO             PET1 ESMF_COMM                   : openmpi
20210820 061430.362 INFO             PET1 ESMF_MOAB                   : enabled
20210820 061430.362 INFO             PET1 ESMF_LAPACK                 : enabled
20210820 061430.362 INFO             PET1 ESMF_NETCDF                 : enabled
20210820 061430.362 INFO             PET1 ESMF_PNETCDF                : disabled
20210820 061430.362 INFO             PET1 ESMF_PIO                    : enabled
20210820 061430.362 INFO             PET1 ESMF_YAMLCPP                : enabled
20210820 061430.362 INFO             PET1  NUMBER_OF_PROCESSORS           4
20210820 061430.362 INFO             PET1  PASS  Example ESMF_VMUserMpiCommMultiEx, ESMF_VMUserMpiCommMultiEx.F90, line 126
20210820 061430.362 INFO             PET1 Finalizing ESMF
20210820 061430.361 INFO             PET1 !!!!!!!!!!!!!!!!!!!!!!!!!!!!!!!!!!!!!!!!!!!!!!!!!!!!!!
20210820 061430.361 INFO             PET1 !!! THE ESMF_LOG IS SET TO OUTPUT ALL LOG MESSAGES !!!
20210820 061430.361 INFO             PET1 !!!     THIS MAY CAUSE SLOWDOWN IN PERFORMANCE     !!!
20210820 061430.361 INFO             PET1 !!! FOR PRODUCTION RUNS, USE:                      !!!
20210820 061430.361 INFO             PET1 !!!                   ESMF_LOGKIND_Multi_On_Error  !!!
20210820 061430.361 INFO             PET1 !!!!!!!!!!!!!!!!!!!!!!!!!!!!!!!!!!!!!!!!!!!!!!!!!!!!!!
20210820 061430.361 INFO             PET1 Running with ESMF Version   : ESMF_8_2_0_beta_snapshot_15
20210820 061430.361 INFO             PET1 ESMF library build date/time: "Aug 20 2021" "05:43:40"
20210820 061430.361 INFO             PET1 ESMF library build location : /glade/scratch/mpotts/gfortran_7.4.0_openmpi_O_develop
20210820 061430.361 INFO             PET1 ESMF_COMM                   : openmpi
20210820 061430.361 INFO             PET1 ESMF_MOAB                   : enabled
20210820 061430.361 INFO             PET1 ESMF_LAPACK                 : enabled
20210820 061430.361 INFO             PET1 ESMF_NETCDF                 : enabled
20210820 061430.361 INFO             PET1 ESMF_PNETCDF                : disabled
20210820 061430.361 INFO             PET1 ESMF_PIO                    : enabled
20210820 061430.361 INFO             PET1 ESMF_YAMLCPP                : enabled
20210820 061430.362 INFO             PET1  NUMBER_OF_PROCESSORS           4
20210820 061430.362 INFO             PET1  PASS  Example ESMF_VMUserMpiCommMultiEx, ESMF_VMUserMpiCommMultiEx.F90, line 154
20210820 061430.362 INFO             PET1 Finalizing ESMF
