build time -- 2021-06-18 05:41:15.074949
 User Comp1 Register starting
 Registered Initialize, Run, and Finalize routines
 User Comp1 Register returning
 User Comp1 Register starting
 Registered Initialize, Run, and Finalize routines
 User Comp1 Register returning
 User Comp1 Register starting
 Registered Initialize, Run, and Finalize routines
 User Comp1 Register returning
 User Comp1 Register starting
 Registered Initialize, Run, and Finalize routines
 User Comp1 Register returning
  PASS  Example ESMF_WebServicesEx, ESMF_WebServicesEx.F90, line 227
  PASS  Example ESMF_WebServicesEx, ESMF_WebServicesEx.F90, line 227
  PASS  Example ESMF_WebServicesEx, ESMF_WebServicesEx.F90, line 227
  PASS  Example ESMF_WebServicesEx, ESMF_WebServicesEx.F90, line 227
--------------------------------------------------------------------------
A system call failed during shared memory initialization that should
not have.  It is likely that your MPI job will now either abort or
experience performance degradation.

  Local host:  r14i4n18
  System call: unlink(2) /dev/shm/vader_segment.r14i4n18.9eec0001.1
  Error:       No such file or directory (errno 2)
--------------------------------------------------------------------------
--------------------------------------------------------------------------
A system call failed during shared memory initialization that should
not have.  It is likely that your MPI job will now either abort or
experience performance degradation.

  Local host:  r14i4n18
  System call: unlink(2) /dev/shm/vader_segment.r14i4n18.9eec0001.2
  Error:       No such file or directory (errno 2)
--------------------------------------------------------------------------
[r14i4n18:38829:0:38829] Caught signal 11 (Segmentation fault: address not mapped to object at address 0x40)
--------------------------------------------------------------------------
A system call failed during shared memory initialization that should
not have.  It is likely that your MPI job will now either abort or
experience performance degradation.

  Local host:  r14i4n18
  System call: unlink(2) /dev/shm/vader_segment.r14i4n18.9eec0001.3
  Error:       No such file or directory (errno 2)
--------------------------------------------------------------------------
[r14i4n18:38830:0:38830] Caught signal 11 (Segmentation fault: address not mapped to object at address 0x30)
[r14i4n18:38831:0:38831] Caught signal 11 (Segmentation fault: address not mapped to object at address 0x70)
--------------------------------------------------------------------------
A system call failed during shared memory initialization that should
not have.  It is likely that your MPI job will now either abort or
experience performance degradation.

  Local host:  r14i4n18
  System call: unlink(2) /dev/shm/vader_segment.r14i4n18.9eec0001.0
  Error:       No such file or directory (errno 2)
--------------------------------------------------------------------------
[r14i4n18:38828:0:38828] Caught signal 11 (Segmentation fault: address not mapped to object at address 0x30)
--------------------------------------------------------------------------
Primary job  terminated normally, but 1 process returned
a non-zero exit code. Per user-direction, the job has been aborted.
--------------------------------------------------------------------------
--------------------------------------------------------------------------
mpirun noticed that process rank 1 with PID 0 on node r14i4n18 exited on signal 11 (Segmentation fault).
--------------------------------------------------------------------------
 User Comp1 Register starting
 Registered Initialize, Run, and Finalize routines
 User Comp1 Register returning
 User Comp1 Register starting
 Registered Initialize, Run, and Finalize routines
 User Comp1 Register returning
 User Comp1 Register starting
 Registered Initialize, Run, and Finalize routines
 User Comp1 Register returning
 User Comp1 Register starting
 Registered Initialize, Run, and Finalize routines
 User Comp1 Register returning
  PASS  Example ESMF_WebServicesEx, ESMF_WebServicesEx.F90, line 227
  PASS  Example ESMF_WebServicesEx, ESMF_WebServicesEx.F90, line 227
  PASS  Example ESMF_WebServicesEx, ESMF_WebServicesEx.F90, line 227
  PASS  Example ESMF_WebServicesEx, ESMF_WebServicesEx.F90, line 227
--------------------------------------------------------------------------
A system call failed during shared memory initialization that should
not have.  It is likely that your MPI job will now either abort or
experience performance degradation.

  Local host:  r14i4n18
  System call: unlink(2) /dev/shm/vader_segment.r14i4n18.9eec0001.1
  Error:       No such file or directory (errno 2)
--------------------------------------------------------------------------
--------------------------------------------------------------------------
A system call failed during shared memory initialization that should
not have.  It is likely that your MPI job will now either abort or
experience performance degradation.

  Local host:  r14i4n18
  System call: unlink(2) /dev/shm/vader_segment.r14i4n18.9eec0001.2
  Error:       No such file or directory (errno 2)
--------------------------------------------------------------------------
[r14i4n18:38829:0:38829] Caught signal 11 (Segmentation fault: address not mapped to object at address 0x40)
--------------------------------------------------------------------------
A system call failed during shared memory initialization that should
not have.  It is likely that your MPI job will now either abort or
experience performance degradation.

  Local host:  r14i4n18
  System call: unlink(2) /dev/shm/vader_segment.r14i4n18.9eec0001.3
  Error:       No such file or directory (errno 2)
--------------------------------------------------------------------------
[r14i4n18:38830:0:38830] Caught signal 11 (Segmentation fault: address not mapped to object at address 0x30)
[r14i4n18:38831:0:38831] Caught signal 11 (Segmentation fault: address not mapped to object at address 0x70)
--------------------------------------------------------------------------
A system call failed during shared memory initialization that should
not have.  It is likely that your MPI job will now either abort or
experience performance degradation.

  Local host:  r14i4n18
  System call: unlink(2) /dev/shm/vader_segment.r14i4n18.9eec0001.0
  Error:       No such file or directory (errno 2)
--------------------------------------------------------------------------
[r14i4n18:38828:0:38828] Caught signal 11 (Segmentation fault: address not mapped to object at address 0x30)
--------------------------------------------------------------------------
Primary job  terminated normally, but 1 process returned
a non-zero exit code. Per user-direction, the job has been aborted.
--------------------------------------------------------------------------
--------------------------------------------------------------------------
mpirun noticed that process rank 1 with PID 0 on node r14i4n18 exited on signal 11 (Segmentation fault).
--------------------------------------------------------------------------
