build time -- 2021-06-21 05:41:24.622630
  PASS  Example ESMF_RHandleFromRHandleEx, ESMF_RHandleFromRHandleEx.F90, line 660
  PASS  Example ESMF_RHandleFromRHandleEx, ESMF_RHandleFromRHandleEx.F90, line 660
  PASS  Example ESMF_RHandleFromRHandleEx, ESMF_RHandleFromRHandleEx.F90, line 660
  PASS  Example ESMF_RHandleFromRHandleEx, ESMF_RHandleFromRHandleEx.F90, line 660
[r1i3n14:34780:0:34780] Caught signal 11 (Segmentation fault: address not mapped to object at address 0x30)
[r1i3n14:34783:0:34783] Caught signal 11 (Segmentation fault: address not mapped to object at address 0x30)
--------------------------------------------------------------------------
A system call failed during shared memory initialization that should
not have.  It is likely that your MPI job will now either abort or
experience performance degradation.

  Local host:  r1i3n14
  System call: unlink(2) /dev/shm/vader_segment.r1i3n14.79a20001.2
  Error:       No such file or directory (errno 2)
--------------------------------------------------------------------------
--------------------------------------------------------------------------
A system call failed during shared memory initialization that should
not have.  It is likely that your MPI job will now either abort or
experience performance degradation.

  Local host:  r1i3n14
  System call: unlink(2) /dev/shm/vader_segment.r1i3n14.79a20001.1
  Error:       No such file or directory (errno 2)
--------------------------------------------------------------------------
[r1i3n14:34782:0:34782] Caught signal 11 (Segmentation fault: address not mapped to object at address 0x40)
[r1i3n14:34781:0:34781] Caught signal 11 (Segmentation fault: address not mapped to object at address 0x3e0)
--------------------------------------------------------------------------
Primary job  terminated normally, but 1 process returned
a non-zero exit code. Per user-direction, the job has been aborted.
--------------------------------------------------------------------------
--------------------------------------------------------------------------
mpirun noticed that process rank 0 with PID 0 on node r1i3n14 exited on signal 11 (Segmentation fault).
--------------------------------------------------------------------------
  PASS  Example ESMF_RHandleFromRHandleEx, ESMF_RHandleFromRHandleEx.F90, line 660
  PASS  Example ESMF_RHandleFromRHandleEx, ESMF_RHandleFromRHandleEx.F90, line 660
  PASS  Example ESMF_RHandleFromRHandleEx, ESMF_RHandleFromRHandleEx.F90, line 660
  PASS  Example ESMF_RHandleFromRHandleEx, ESMF_RHandleFromRHandleEx.F90, line 660
[r1i3n14:34780:0:34780] Caught signal 11 (Segmentation fault: address not mapped to object at address 0x30)
[r1i3n14:34783:0:34783] Caught signal 11 (Segmentation fault: address not mapped to object at address 0x30)
--------------------------------------------------------------------------
A system call failed during shared memory initialization that should
not have.  It is likely that your MPI job will now either abort or
experience performance degradation.

  Local host:  r1i3n14
  System call: unlink(2) /dev/shm/vader_segment.r1i3n14.79a20001.2
  Error:       No such file or directory (errno 2)
--------------------------------------------------------------------------
--------------------------------------------------------------------------
A system call failed during shared memory initialization that should
not have.  It is likely that your MPI job will now either abort or
experience performance degradation.

  Local host:  r1i3n14
  System call: unlink(2) /dev/shm/vader_segment.r1i3n14.79a20001.1
  Error:       No such file or directory (errno 2)
--------------------------------------------------------------------------
[r1i3n14:34782:0:34782] Caught signal 11 (Segmentation fault: address not mapped to object at address 0x40)
[r1i3n14:34781:0:34781] Caught signal 11 (Segmentation fault: address not mapped to object at address 0x3e0)
--------------------------------------------------------------------------
Primary job  terminated normally, but 1 process returned
a non-zero exit code. Per user-direction, the job has been aborted.
--------------------------------------------------------------------------
--------------------------------------------------------------------------
mpirun noticed that process rank 0 with PID 0 on node r1i3n14 exited on signal 11 (Segmentation fault).
--------------------------------------------------------------------------
