build time -- 2021-06-16 05:42:36.431494
 ---------------------------------------------------------------
 Results from using the dictionary-like method of data retrieval
 The radius of the earth was retrieved from the Resource File
 ---------------------------------------------------------------
 Results from using the dictionary-like method of data retrieval
 The radius of the earth was retrieved from the Resource File
 ---------------------------------------------------------------
 Results from using the dictionary-like method of data retrieval
 The radius of the earth was retrieved from the Resource File
 Its value is:    6370000.00    
 ---------------------------------------------------------------
 Results from using the dictionary-like method of data retrieval of a string
 The input file name (a string) was retrieved from the Resource File
 Its value is: dummy_input.nc
 ---------------------------------------------------------------
 ---------------------------------------------------------------
 Results from using the dictionary-like method of data retrieval
 The radius of the earth was retrieved from the Resource File
 Its value is:    6370000.00    
 ---------------------------------------------------------------
 Results from using the dictionary-like method of data retrieval of a string
 The input file name (a string) was retrieved from the Resource File
 Its value is: dummy_input.nc
 ---------------------------------------------------------------
 Results when the label in the call does not exist in the Resource File
 The default value is returned.
 Its value is: ./default.nc
 ---------------------------------------------------------------
 Results from retrieving multiple values:
 The first constant was was retrieved from the Resource File
 Its value is:    3.14150000    
 The second constant was was retrieved from the Resource File
 Its value is:           25
 ---------------------------------------------------------------
 Results from retrieving multi-value strings:
 The first file name was was retrieved from the Resource File
 Its value is: jan87.dat
 The second file name was was retrieved from the Resource File
 Its value is: jan88.dat
 The third file name was was retrieved from the Resource File
 Its value is: jan89.dat
 ---------------------------------------------------------------
 Its value is:    6370000.00    
 ---------------------------------------------------------------
 Results from using the dictionary-like method of data retrieval of a string
 The input file name (a string) was retrieved from the Resource File
 Its value is: dummy_input.nc
 ---------------------------------------------------------------
 Results when the label in the call does not exist in the Resource File
 The default value is returned.
 Its value is: ./default.nc
 ---------------------------------------------------------------
 Results from retrieving multiple values:
 The first constant was was retrieved from the Resource File
 Its value is:    3.14150000    
 The second constant was was retrieved from the Resource File
 Its value is:           25
 ---------------------------------------------------------------
 Results from retrieving multi-value strings:
 The first file name was was retrieved from the Resource File
 Its value is: jan87.dat
 The second file name was was retrieved from the Resource File
 Its value is: jan88.dat
 The third file name was was retrieved from the Resource File
 Its value is: jan89.dat
 ---------------------------------------------------------------
 Its value is:    6370000.00    
 ---------------------------------------------------------------
 Results from using the dictionary-like method of data retrieval of a string
 The input file name (a string) was retrieved from the Resource File
 Its value is: dummy_input.nc
 ---------------------------------------------------------------
 Results when the label in the call does not exist in the Resource File
 The default value is returned.
 Its value is: ./default.nc
 ---------------------------------------------------------------
 Results from retrieving multiple values:
 The first constant was was retrieved from the Resource File
 Its value is:    3.14150000    
 The second constant was was retrieved from the Resource File
 Its value is:           25
 ---------------------------------------------------------------
 Results from retrieving multi-value strings:
 The first file name was was retrieved from the Resource File
 Its value is: jan87.dat
 The second file name was was retrieved from the Resource File
 Its value is: jan88.dat
 The third file name was was retrieved from the Resource File
 Its value is: jan89.dat
 ---------------------------------------------------------------
 Results when the label in the call does not exist in the Resource File
 The default value is returned.
 Its value is: ./default.nc
 ---------------------------------------------------------------
 Results from retrieving multiple values:
 The first constant was was retrieved from the Resource File
 Its value is:    3.14150000    
 The second constant was was retrieved from the Resource File
 Its value is:           25
 ---------------------------------------------------------------
 Results from retrieving multi-value strings:
 The first file name was was retrieved from the Resource File
 Its value is: jan87.dat
 The second file name was was retrieved from the Resource File
 Its value is: jan88.dat
 The third file name was was retrieved from the Resource File
 Its value is: jan89.dat
 ---------------------------------------------------------------
 Results from retrieving a table
 The (1,3) table value should be 263.0
 Its retrieved value is:    263.000000    
 The (6,1) table value should be 400
 Results from retrieving a table
 The (1,3) table value should be 263.0
 Its retrieved value is:    263.000000    
 The (6,1) table value should be 400
 Its retrieved value is:    400.000000    
 Its retrieved value is:    400.000000    
 ---------------------------------------------------------------
 Final Word
 ---------------------------------------------------
 ---------------------------------------------------------------
 Final Word
 ---------------------------------------------------
 PASS: ESMF_ConfigOverviewEx.F90
  PASS  Example ESMF_ConfigOverviewEx, ESMF_ConfigOverviewEx.F90, line 415
 Results from retrieving a table
 The (1,3) table value should be 263.0
 Its retrieved value is:    263.000000    
 The (6,1) table value should be 400
 Its retrieved value is:    400.000000    
 ---------------------------------------------------------------
 Final Word
 ---------------------------------------------------
 PASS: ESMF_ConfigOverviewEx.F90
  PASS  Example ESMF_ConfigOverviewEx, ESMF_ConfigOverviewEx.F90, line 415
 Results from retrieving a table
 The (1,3) table value should be 263.0
 Its retrieved value is:    263.000000    
 The (6,1) table value should be 400
 Its retrieved value is:    400.000000    
 ---------------------------------------------------------------
 Final Word
 ---------------------------------------------------
 PASS: ESMF_ConfigOverviewEx.F90
  PASS  Example ESMF_ConfigOverviewEx, ESMF_ConfigOverviewEx.F90, line 415
 PASS: ESMF_ConfigOverviewEx.F90
  PASS  Example ESMF_ConfigOverviewEx, ESMF_ConfigOverviewEx.F90, line 415
[r14i4n22:14288:0:14288] Caught signal 11 (Segmentation fault: address not mapped to object at address 0x30)
--------------------------------------------------------------------------
A system call failed during shared memory initialization that should
not have.  It is likely that your MPI job will now either abort or
experience performance degradation.

  Local host:  r14i4n22
  System call: unlink(2) /dev/shm/vader_segment.r14i4n22.d9ac0001.3
  Error:       No such file or directory (errno 2)
--------------------------------------------------------------------------
--------------------------------------------------------------------------
A system call failed during shared memory initialization that should
not have.  It is likely that your MPI job will now either abort or
experience performance degradation.

  Local host:  r14i4n22
  System call: unlink(2) /dev/shm/vader_segment.r14i4n22.d9ac0001.0
  Error:       No such file or directory (errno 2)
--------------------------------------------------------------------------
--------------------------------------------------------------------------
A system call failed during shared memory initialization that should
not have.  It is likely that your MPI job will now either abort or
experience performance degradation.

  Local host:  r14i4n22
  System call: unlink(2) /dev/shm/vader_segment.r14i4n22.d9ac0001.1
  Error:       No such file or directory (errno 2)
--------------------------------------------------------------------------
[r14i4n22:14289:0:14289] Caught signal 11 (Segmentation fault: address not mapped to object at address 0x980)
[r14i4n22:14286:0:14286] Caught signal 11 (Segmentation fault: address not mapped to object at address 0x30)
[r14i4n22:14287:0:14287] Caught signal 11 (Segmentation fault: address not mapped to object at address 0xd0)
--------------------------------------------------------------------------
Primary job  terminated normally, but 1 process returned
a non-zero exit code. Per user-direction, the job has been aborted.
--------------------------------------------------------------------------
--------------------------------------------------------------------------
mpirun noticed that process rank 2 with PID 0 on node r14i4n22 exited on signal 11 (Segmentation fault).
--------------------------------------------------------------------------
 ---------------------------------------------------------------
 Results from using the dictionary-like method of data retrieval
 The radius of the earth was retrieved from the Resource File
 ---------------------------------------------------------------
 Results from using the dictionary-like method of data retrieval
 The radius of the earth was retrieved from the Resource File
 ---------------------------------------------------------------
 Results from using the dictionary-like method of data retrieval
 The radius of the earth was retrieved from the Resource File
 Its value is:    6370000.00    
 ---------------------------------------------------------------
 Results from using the dictionary-like method of data retrieval of a string
 The input file name (a string) was retrieved from the Resource File
 Its value is: dummy_input.nc
 ---------------------------------------------------------------
 ---------------------------------------------------------------
 Results from using the dictionary-like method of data retrieval
 The radius of the earth was retrieved from the Resource File
 Its value is:    6370000.00    
 ---------------------------------------------------------------
 Results from using the dictionary-like method of data retrieval of a string
 The input file name (a string) was retrieved from the Resource File
 Its value is: dummy_input.nc
 ---------------------------------------------------------------
 Results when the label in the call does not exist in the Resource File
 The default value is returned.
 Its value is: ./default.nc
 ---------------------------------------------------------------
 Results from retrieving multiple values:
 The first constant was was retrieved from the Resource File
 Its value is:    3.14150000    
 The second constant was was retrieved from the Resource File
 Its value is:           25
 ---------------------------------------------------------------
 Results from retrieving multi-value strings:
 The first file name was was retrieved from the Resource File
 Its value is: jan87.dat
 The second file name was was retrieved from the Resource File
 Its value is: jan88.dat
 The third file name was was retrieved from the Resource File
 Its value is: jan89.dat
 ---------------------------------------------------------------
 Its value is:    6370000.00    
 ---------------------------------------------------------------
 Results from using the dictionary-like method of data retrieval of a string
 The input file name (a string) was retrieved from the Resource File
 Its value is: dummy_input.nc
 ---------------------------------------------------------------
 Results when the label in the call does not exist in the Resource File
 The default value is returned.
 Its value is: ./default.nc
 ---------------------------------------------------------------
 Results from retrieving multiple values:
 The first constant was was retrieved from the Resource File
 Its value is:    3.14150000    
 The second constant was was retrieved from the Resource File
 Its value is:           25
 ---------------------------------------------------------------
 Results from retrieving multi-value strings:
 The first file name was was retrieved from the Resource File
 Its value is: jan87.dat
 The second file name was was retrieved from the Resource File
 Its value is: jan88.dat
 The third file name was was retrieved from the Resource File
 Its value is: jan89.dat
 ---------------------------------------------------------------
 Its value is:    6370000.00    
 ---------------------------------------------------------------
 Results from using the dictionary-like method of data retrieval of a string
 The input file name (a string) was retrieved from the Resource File
 Its value is: dummy_input.nc
 ---------------------------------------------------------------
 Results when the label in the call does not exist in the Resource File
 The default value is returned.
 Its value is: ./default.nc
 ---------------------------------------------------------------
 Results from retrieving multiple values:
 The first constant was was retrieved from the Resource File
 Its value is:    3.14150000    
 The second constant was was retrieved from the Resource File
 Its value is:           25
 ---------------------------------------------------------------
 Results from retrieving multi-value strings:
 The first file name was was retrieved from the Resource File
 Its value is: jan87.dat
 The second file name was was retrieved from the Resource File
 Its value is: jan88.dat
 The third file name was was retrieved from the Resource File
 Its value is: jan89.dat
 ---------------------------------------------------------------
 Results when the label in the call does not exist in the Resource File
 The default value is returned.
 Its value is: ./default.nc
 ---------------------------------------------------------------
 Results from retrieving multiple values:
 The first constant was was retrieved from the Resource File
 Its value is:    3.14150000    
 The second constant was was retrieved from the Resource File
 Its value is:           25
 ---------------------------------------------------------------
 Results from retrieving multi-value strings:
 The first file name was was retrieved from the Resource File
 Its value is: jan87.dat
 The second file name was was retrieved from the Resource File
 Its value is: jan88.dat
 The third file name was was retrieved from the Resource File
 Its value is: jan89.dat
 ---------------------------------------------------------------
 Results from retrieving a table
 The (1,3) table value should be 263.0
 Its retrieved value is:    263.000000    
 The (6,1) table value should be 400
 Results from retrieving a table
 The (1,3) table value should be 263.0
 Its retrieved value is:    263.000000    
 The (6,1) table value should be 400
 Its retrieved value is:    400.000000    
 Its retrieved value is:    400.000000    
 ---------------------------------------------------------------
 Final Word
 ---------------------------------------------------
 ---------------------------------------------------------------
 Final Word
 ---------------------------------------------------
 PASS: ESMF_ConfigOverviewEx.F90
  PASS  Example ESMF_ConfigOverviewEx, ESMF_ConfigOverviewEx.F90, line 415
 Results from retrieving a table
 The (1,3) table value should be 263.0
 Its retrieved value is:    263.000000    
 The (6,1) table value should be 400
 Its retrieved value is:    400.000000    
 ---------------------------------------------------------------
 Final Word
 ---------------------------------------------------
 PASS: ESMF_ConfigOverviewEx.F90
  PASS  Example ESMF_ConfigOverviewEx, ESMF_ConfigOverviewEx.F90, line 415
 Results from retrieving a table
 The (1,3) table value should be 263.0
 Its retrieved value is:    263.000000    
 The (6,1) table value should be 400
 Its retrieved value is:    400.000000    
 ---------------------------------------------------------------
 Final Word
 ---------------------------------------------------
 PASS: ESMF_ConfigOverviewEx.F90
  PASS  Example ESMF_ConfigOverviewEx, ESMF_ConfigOverviewEx.F90, line 415
 PASS: ESMF_ConfigOverviewEx.F90
  PASS  Example ESMF_ConfigOverviewEx, ESMF_ConfigOverviewEx.F90, line 415
[r14i4n22:14288:0:14288] Caught signal 11 (Segmentation fault: address not mapped to object at address 0x30)
--------------------------------------------------------------------------
A system call failed during shared memory initialization that should
not have.  It is likely that your MPI job will now either abort or
experience performance degradation.

  Local host:  r14i4n22
  System call: unlink(2) /dev/shm/vader_segment.r14i4n22.d9ac0001.3
  Error:       No such file or directory (errno 2)
--------------------------------------------------------------------------
--------------------------------------------------------------------------
A system call failed during shared memory initialization that should
not have.  It is likely that your MPI job will now either abort or
experience performance degradation.

  Local host:  r14i4n22
  System call: unlink(2) /dev/shm/vader_segment.r14i4n22.d9ac0001.0
  Error:       No such file or directory (errno 2)
--------------------------------------------------------------------------
--------------------------------------------------------------------------
A system call failed during shared memory initialization that should
not have.  It is likely that your MPI job will now either abort or
experience performance degradation.

  Local host:  r14i4n22
  System call: unlink(2) /dev/shm/vader_segment.r14i4n22.d9ac0001.1
  Error:       No such file or directory (errno 2)
--------------------------------------------------------------------------
[r14i4n22:14289:0:14289] Caught signal 11 (Segmentation fault: address not mapped to object at address 0x980)
[r14i4n22:14286:0:14286] Caught signal 11 (Segmentation fault: address not mapped to object at address 0x30)
[r14i4n22:14287:0:14287] Caught signal 11 (Segmentation fault: address not mapped to object at address 0xd0)
--------------------------------------------------------------------------
Primary job  terminated normally, but 1 process returned
a non-zero exit code. Per user-direction, the job has been aborted.
--------------------------------------------------------------------------
--------------------------------------------------------------------------
mpirun noticed that process rank 2 with PID 0 on node r14i4n22 exited on signal 11 (Segmentation fault).
--------------------------------------------------------------------------
