build time -- 2021-06-22 05:41:22.883636
  PASS  Example ESMF_GridCreateRegFromDGEx, ESMF_GridCreateRegFromDGEx.F90, line 112
  PASS  Example ESMF_GridCreateRegFromDGEx, ESMF_GridCreateRegFromDGEx.F90, line 112
  PASS  Example ESMF_GridCreateRegFromDGEx, ESMF_GridCreateRegFromDGEx.F90, line 112
  PASS  Example ESMF_GridCreateRegFromDGEx, ESMF_GridCreateRegFromDGEx.F90, line 112
[r1i3n15:2924 :0:2924] Caught signal 11 (Segmentation fault: address not mapped to object at address 0x30)
--------------------------------------------------------------------------
A system call failed during shared memory initialization that should
not have.  It is likely that your MPI job will now either abort or
experience performance degradation.

  Local host:  r1i3n15
  System call: unlink(2) /dev/shm/vader_segment.r1i3n15.b70d0001.3
  Error:       No such file or directory (errno 2)
--------------------------------------------------------------------------
[r1i3n15:2926 :0:2926] Caught signal 11 (Segmentation fault: address not mapped to object at address 0x30)
[r1i3n15:2923 :0:2923] Caught signal 11 (Segmentation fault: address not mapped to object at address 0x30)
[r1i3n15:2925 :0:2925] Caught signal 11 (Segmentation fault: address not mapped to object at address 0x30)
--------------------------------------------------------------------------
Primary job  terminated normally, but 1 process returned
a non-zero exit code. Per user-direction, the job has been aborted.
--------------------------------------------------------------------------
--------------------------------------------------------------------------
mpirun noticed that process rank 1 with PID 0 on node r1i3n15 exited on signal 11 (Segmentation fault).
--------------------------------------------------------------------------
  PASS  Example ESMF_GridCreateRegFromDGEx, ESMF_GridCreateRegFromDGEx.F90, line 112
  PASS  Example ESMF_GridCreateRegFromDGEx, ESMF_GridCreateRegFromDGEx.F90, line 112
  PASS  Example ESMF_GridCreateRegFromDGEx, ESMF_GridCreateRegFromDGEx.F90, line 112
  PASS  Example ESMF_GridCreateRegFromDGEx, ESMF_GridCreateRegFromDGEx.F90, line 112
[r1i3n15:2924 :0:2924] Caught signal 11 (Segmentation fault: address not mapped to object at address 0x30)
--------------------------------------------------------------------------
A system call failed during shared memory initialization that should
not have.  It is likely that your MPI job will now either abort or
experience performance degradation.

  Local host:  r1i3n15
  System call: unlink(2) /dev/shm/vader_segment.r1i3n15.b70d0001.3
  Error:       No such file or directory (errno 2)
--------------------------------------------------------------------------
[r1i3n15:2926 :0:2926] Caught signal 11 (Segmentation fault: address not mapped to object at address 0x30)
[r1i3n15:2923 :0:2923] Caught signal 11 (Segmentation fault: address not mapped to object at address 0x30)
[r1i3n15:2925 :0:2925] Caught signal 11 (Segmentation fault: address not mapped to object at address 0x30)
--------------------------------------------------------------------------
Primary job  terminated normally, but 1 process returned
a non-zero exit code. Per user-direction, the job has been aborted.
--------------------------------------------------------------------------
--------------------------------------------------------------------------
mpirun noticed that process rank 1 with PID 0 on node r1i3n15 exited on signal 11 (Segmentation fault).
--------------------------------------------------------------------------
