build time -- 2021-06-22 05:41:22.883636
  PASS  Example ESMF_FieldBundleRedistEx, ESMF_FieldBundleRedistEx.F90, line 280
  PASS  Example ESMF_FieldBundleRedistEx, ESMF_FieldBundleRedistEx.F90, line 280
  PASS  Example ESMF_FieldBundleRedistEx, ESMF_FieldBundleRedistEx.F90, line 280
  PASS  Example ESMF_FieldBundleRedistEx, ESMF_FieldBundleRedistEx.F90, line 280
--------------------------------------------------------------------------
A system call failed during shared memory initialization that should
not have.  It is likely that your MPI job will now either abort or
experience performance degradation.

  Local host:  r1i3n15
  System call: unlink(2) /dev/shm/vader_segment.r1i3n15.e5240001.1
  Error:       No such file or directory (errno 2)
--------------------------------------------------------------------------
[r1i3n15:22867:0:22867] Caught signal 11 (Segmentation fault: address not mapped to object at address 0x30)
--------------------------------------------------------------------------
A system call failed during shared memory initialization that should
not have.  It is likely that your MPI job will now either abort or
experience performance degradation.

  Local host:  r1i3n15
  System call: unlink(2) /dev/shm/vader_segment.r1i3n15.e5240001.0
  Error:       No such file or directory (errno 2)
--------------------------------------------------------------------------
--------------------------------------------------------------------------
A system call failed during shared memory initialization that should
not have.  It is likely that your MPI job will now either abort or
experience performance degradation.

  Local host:  r1i3n15
  System call: unlink(2) /dev/shm/vader_segment.r1i3n15.e5240001.2
  Error:       No such file or directory (errno 2)
--------------------------------------------------------------------------
--------------------------------------------------------------------------
A system call failed during shared memory initialization that should
not have.  It is likely that your MPI job will now either abort or
experience performance degradation.

  Local host:  r1i3n15
  System call: unlink(2) /dev/shm/vader_segment.r1i3n15.e5240001.3
  Error:       No such file or directory (errno 2)
--------------------------------------------------------------------------
[r1i3n15:22868:0:22868] Caught signal 11 (Segmentation fault: Sent by the kernel at address (nil))
[r1i3n15:22869:0:22869] Caught signal 11 (Segmentation fault: address not mapped to object at address 0x40)
[r1i3n15:22866:0:22866] Caught signal 11 (Segmentation fault: address not mapped to object at address 0x30)
--------------------------------------------------------------------------
Primary job  terminated normally, but 1 process returned
a non-zero exit code. Per user-direction, the job has been aborted.
--------------------------------------------------------------------------
==== backtrace (tid:  22868) ====
 0  /glade/u/apps/ch/opt/ucx/1.8.0/lib/libucs.so.0(ucs_handle_error+0x19c) [0x2ba3fcec122c]
 1  /glade/u/apps/ch/opt/ucx/1.8.0/lib/libucs.so.0(+0x2355c) [0x2ba3fcec155c]
 2  /glade/u/apps/ch/opt/ucx/1.8.0/lib/libucs.so.0(+0x237cb) [0x2ba3fcec17cb]
 3  /glade/u/apps/ch/os/lib64/libpthread.so.0(+0x10b00) [0x2ba3ecbc2b00]
 4  /glade/u/apps/ch/opt/openmpi/4.0.3/gnu/7.4.0/lib/libopen-pal.so.40(+0x2d3d7) [0x2ba3ed4563d7]
 5  /glade/u/apps/ch/opt/openmpi/4.0.3/gnu/7.4.0/lib/openmpi/mca_btl_vader.so(+0x3ec1) [0x2ba3f74a7ec1]
 6  /glade/u/apps/ch/opt/openmpi/4.0.3/gnu/7.4.0/lib/libopen-pal.so.40(mca_base_component_close+0x19) [0x2ba3ed483419]
 7  /glade/u/apps/ch/opt/openmpi/4.0.3/gnu/7.4.0/lib/libopen-pal.so.40(mca_base_components_close+0x55) [0x2ba3ed4834a5]
 8  /glade/u/apps/ch/opt/openmpi/4.0.3/gnu/7.4.0/lib/libopen-pal.so.40(+0x7eae3) [0x2ba3ed4a7ae3]
 9  /glade/u/apps/ch/opt/openmpi/4.0.3/gnu/7.4.0/lib/libopen-pal.so.40(mca_base_framework_close+0x67) [0x2ba3ed48ea87]
10  /glade/u/apps/ch/opt/openmpi/4.0.3/gnu/7.4.0/lib/libopen-pal.so.40(opal_info_close_components+0x29) [0x2ba3ed4658c9]
11  /glade/u/apps/ch/opt/openmpi/4.0.3/gnu/7.4.0/lib/libmpi.so.40(PMPI_T_finalize+0x35) [0x2ba3ec296595]
12  /glade/scratch/mpotts/gfortran_7.4.0_openmpi_O_develop/lib/libO/Linux.gfortran.64.openmpi.default/libesmf.so(_ZN5ESMCI3VMK8finalizeEi+0x250) [0x2ba3e948ee62]
13  /glade/scratch/mpotts/gfortran_7.4.0_openmpi_O_develop/lib/libO/Linux.gfortran.64.openmpi.default/libesmf.so(_ZN5ESMCI2VM8finalizeEP12ESMC_LogicalPi+0x4c9) [0x2ba3e94a70bd]
14  /glade/scratch/mpotts/gfortran_7.4.0_openmpi_O_develop/lib/libO/Linux.gfortran.64.openmpi.default/libesmf.so(c_esmc_vmfinalize_+0x25) [0x2ba3e94822f5]
15  /glade/scratch/mpotts/gfortran_7.4.0_openmpi_O_develop/lib/libO/Linux.gfortran.64.openmpi.default/libesmf.so(__esmf_vmmod_MOD_esmf_vmfinalize+0x2a) [0x2ba3e9aa19ac]
16  /glade/scratch/mpotts/gfortran_7.4.0_openmpi_O_develop/lib/libO/Linux.gfortran.64.openmpi.default/libesmf.so(__esmf_initmod_MOD_esmf_finalize+0x37c) [0x2ba3e9933f4f]
17  ./ESMF_FieldBundleRedistEx() [0x403378]
18  ./ESMF_FieldBundleRedistEx() [0x4035a3]
19  /glade/u/apps/ch/os/lib64/libc.so.6(__libc_start_main+0xf5) [0x2ba3ecdef6e5]
20  ./ESMF_FieldBundleRedistEx() [0x401669]
=================================

Program received signal SIGSEGV: Segmentation fault - invalid memory reference.

Backtrace for this error:
#0  0x2ba3ecbc2aff in ???
#1  0x2ba3ed4563d7 in ???
#2  0x2ba3f74a7ec0 in ???
#3  0x2ba3ed483418 in ???
#4  0x2ba3ed4834a4 in ???
#5  0x2ba3ed4a7ae2 in ???
#6  0x2ba3ed48ea86 in ???
#7  0x2ba3ed4658c8 in ???
#8  0x2ba3ec296594 in ???
#9  0x2ba3e948ee61 in ???
#10  0x2ba3e94a70bc in ???
#11  0x2ba3e94822f4 in ???
#12  0x2ba3e9aa19ab in ???
#13  0x2ba3e9933f4e in ???
#14  0x403377 in ???
#15  0x4035a2 in ???
#16  0x2ba3ecdef6e4 in ???
#17  0x401668 in ???
	at ../sysdeps/x86_64/start.S:118
#18  0xffffffffffffffff in ???
--------------------------------------------------------------------------
mpirun noticed that process rank 3 with PID 0 on node r1i3n15 exited on signal 11 (Segmentation fault).
--------------------------------------------------------------------------
  PASS  Example ESMF_FieldBundleRedistEx, ESMF_FieldBundleRedistEx.F90, line 280
  PASS  Example ESMF_FieldBundleRedistEx, ESMF_FieldBundleRedistEx.F90, line 280
  PASS  Example ESMF_FieldBundleRedistEx, ESMF_FieldBundleRedistEx.F90, line 280
  PASS  Example ESMF_FieldBundleRedistEx, ESMF_FieldBundleRedistEx.F90, line 280
--------------------------------------------------------------------------
A system call failed during shared memory initialization that should
not have.  It is likely that your MPI job will now either abort or
experience performance degradation.

  Local host:  r1i3n15
  System call: unlink(2) /dev/shm/vader_segment.r1i3n15.e5240001.1
  Error:       No such file or directory (errno 2)
--------------------------------------------------------------------------
[r1i3n15:22867:0:22867] Caught signal 11 (Segmentation fault: address not mapped to object at address 0x30)
--------------------------------------------------------------------------
A system call failed during shared memory initialization that should
not have.  It is likely that your MPI job will now either abort or
experience performance degradation.

  Local host:  r1i3n15
  System call: unlink(2) /dev/shm/vader_segment.r1i3n15.e5240001.0
  Error:       No such file or directory (errno 2)
--------------------------------------------------------------------------
--------------------------------------------------------------------------
A system call failed during shared memory initialization that should
not have.  It is likely that your MPI job will now either abort or
experience performance degradation.

  Local host:  r1i3n15
  System call: unlink(2) /dev/shm/vader_segment.r1i3n15.e5240001.2
  Error:       No such file or directory (errno 2)
--------------------------------------------------------------------------
--------------------------------------------------------------------------
A system call failed during shared memory initialization that should
not have.  It is likely that your MPI job will now either abort or
experience performance degradation.

  Local host:  r1i3n15
  System call: unlink(2) /dev/shm/vader_segment.r1i3n15.e5240001.3
  Error:       No such file or directory (errno 2)
--------------------------------------------------------------------------
[r1i3n15:22868:0:22868] Caught signal 11 (Segmentation fault: Sent by the kernel at address (nil))
[r1i3n15:22869:0:22869] Caught signal 11 (Segmentation fault: address not mapped to object at address 0x40)
[r1i3n15:22866:0:22866] Caught signal 11 (Segmentation fault: address not mapped to object at address 0x30)
--------------------------------------------------------------------------
Primary job  terminated normally, but 1 process returned
a non-zero exit code. Per user-direction, the job has been aborted.
--------------------------------------------------------------------------
==== backtrace (tid:  22868) ====
 0  /glade/u/apps/ch/opt/ucx/1.8.0/lib/libucs.so.0(ucs_handle_error+0x19c) [0x2ba3fcec122c]
 1  /glade/u/apps/ch/opt/ucx/1.8.0/lib/libucs.so.0(+0x2355c) [0x2ba3fcec155c]
 2  /glade/u/apps/ch/opt/ucx/1.8.0/lib/libucs.so.0(+0x237cb) [0x2ba3fcec17cb]
 3  /glade/u/apps/ch/os/lib64/libpthread.so.0(+0x10b00) [0x2ba3ecbc2b00]
 4  /glade/u/apps/ch/opt/openmpi/4.0.3/gnu/7.4.0/lib/libopen-pal.so.40(+0x2d3d7) [0x2ba3ed4563d7]
 5  /glade/u/apps/ch/opt/openmpi/4.0.3/gnu/7.4.0/lib/openmpi/mca_btl_vader.so(+0x3ec1) [0x2ba3f74a7ec1]
 6  /glade/u/apps/ch/opt/openmpi/4.0.3/gnu/7.4.0/lib/libopen-pal.so.40(mca_base_component_close+0x19) [0x2ba3ed483419]
 7  /glade/u/apps/ch/opt/openmpi/4.0.3/gnu/7.4.0/lib/libopen-pal.so.40(mca_base_components_close+0x55) [0x2ba3ed4834a5]
 8  /glade/u/apps/ch/opt/openmpi/4.0.3/gnu/7.4.0/lib/libopen-pal.so.40(+0x7eae3) [0x2ba3ed4a7ae3]
 9  /glade/u/apps/ch/opt/openmpi/4.0.3/gnu/7.4.0/lib/libopen-pal.so.40(mca_base_framework_close+0x67) [0x2ba3ed48ea87]
10  /glade/u/apps/ch/opt/openmpi/4.0.3/gnu/7.4.0/lib/libopen-pal.so.40(opal_info_close_components+0x29) [0x2ba3ed4658c9]
11  /glade/u/apps/ch/opt/openmpi/4.0.3/gnu/7.4.0/lib/libmpi.so.40(PMPI_T_finalize+0x35) [0x2ba3ec296595]
12  /glade/scratch/mpotts/gfortran_7.4.0_openmpi_O_develop/lib/libO/Linux.gfortran.64.openmpi.default/libesmf.so(_ZN5ESMCI3VMK8finalizeEi+0x250) [0x2ba3e948ee62]
13  /glade/scratch/mpotts/gfortran_7.4.0_openmpi_O_develop/lib/libO/Linux.gfortran.64.openmpi.default/libesmf.so(_ZN5ESMCI2VM8finalizeEP12ESMC_LogicalPi+0x4c9) [0x2ba3e94a70bd]
14  /glade/scratch/mpotts/gfortran_7.4.0_openmpi_O_develop/lib/libO/Linux.gfortran.64.openmpi.default/libesmf.so(c_esmc_vmfinalize_+0x25) [0x2ba3e94822f5]
15  /glade/scratch/mpotts/gfortran_7.4.0_openmpi_O_develop/lib/libO/Linux.gfortran.64.openmpi.default/libesmf.so(__esmf_vmmod_MOD_esmf_vmfinalize+0x2a) [0x2ba3e9aa19ac]
16  /glade/scratch/mpotts/gfortran_7.4.0_openmpi_O_develop/lib/libO/Linux.gfortran.64.openmpi.default/libesmf.so(__esmf_initmod_MOD_esmf_finalize+0x37c) [0x2ba3e9933f4f]
17  ./ESMF_FieldBundleRedistEx() [0x403378]
18  ./ESMF_FieldBundleRedistEx() [0x4035a3]
19  /glade/u/apps/ch/os/lib64/libc.so.6(__libc_start_main+0xf5) [0x2ba3ecdef6e5]
20  ./ESMF_FieldBundleRedistEx() [0x401669]
=================================

Program received signal SIGSEGV: Segmentation fault - invalid memory reference.

Backtrace for this error:
#0  0x2ba3ecbc2aff in ???
#1  0x2ba3ed4563d7 in ???
#2  0x2ba3f74a7ec0 in ???
#3  0x2ba3ed483418 in ???
#4  0x2ba3ed4834a4 in ???
#5  0x2ba3ed4a7ae2 in ???
#6  0x2ba3ed48ea86 in ???
#7  0x2ba3ed4658c8 in ???
#8  0x2ba3ec296594 in ???
#9  0x2ba3e948ee61 in ???
#10  0x2ba3e94a70bc in ???
#11  0x2ba3e94822f4 in ???
#12  0x2ba3e9aa19ab in ???
#13  0x2ba3e9933f4e in ???
#14  0x403377 in ???
#15  0x4035a2 in ???
#16  0x2ba3ecdef6e4 in ???
#17  0x401668 in ???
	at ../sysdeps/x86_64/start.S:118
#18  0xffffffffffffffff in ???
--------------------------------------------------------------------------
mpirun noticed that process rank 3 with PID 0 on node r1i3n15 exited on signal 11 (Segmentation fault).
--------------------------------------------------------------------------
