build time -- 2021-06-20 05:41:19.973845
  PASS  Example ESMF_FieldRegridMaskEx, ESMF_FieldRegridMaskEx.F90, line 370
  PASS  Example ESMF_FieldRegridMaskEx, ESMF_FieldRegridMaskEx.F90, line 370
  PASS  Example ESMF_FieldRegridMaskEx, ESMF_FieldRegridMaskEx.F90, line 370
  PASS  Example ESMF_FieldRegridMaskEx, ESMF_FieldRegridMaskEx.F90, line 370
[r14i4n29:54613:0:54613] Caught signal 11 (Segmentation fault: address not mapped to object at address 0x30)
[r14i4n29:54610:0:54610] Caught signal 11 (Segmentation fault: address not mapped to object at address 0x30)
[r14i4n29:54612:0:54612] Caught signal 11 (Segmentation fault: address not mapped to object at address 0x30)
[r14i4n29:54611:0:54611] Caught signal 11 (Segmentation fault: address not mapped to object at address 0x60)
--------------------------------------------------------------------------
Primary job  terminated normally, but 1 process returned
a non-zero exit code. Per user-direction, the job has been aborted.
--------------------------------------------------------------------------
--------------------------------------------------------------------------
mpirun noticed that process rank 3 with PID 0 on node r14i4n29 exited on signal 11 (Segmentation fault).
--------------------------------------------------------------------------
  PASS  Example ESMF_FieldRegridMaskEx, ESMF_FieldRegridMaskEx.F90, line 370
  PASS  Example ESMF_FieldRegridMaskEx, ESMF_FieldRegridMaskEx.F90, line 370
  PASS  Example ESMF_FieldRegridMaskEx, ESMF_FieldRegridMaskEx.F90, line 370
  PASS  Example ESMF_FieldRegridMaskEx, ESMF_FieldRegridMaskEx.F90, line 370
[r14i4n29:54613:0:54613] Caught signal 11 (Segmentation fault: address not mapped to object at address 0x30)
[r14i4n29:54610:0:54610] Caught signal 11 (Segmentation fault: address not mapped to object at address 0x30)
[r14i4n29:54612:0:54612] Caught signal 11 (Segmentation fault: address not mapped to object at address 0x30)
[r14i4n29:54611:0:54611] Caught signal 11 (Segmentation fault: address not mapped to object at address 0x60)
--------------------------------------------------------------------------
Primary job  terminated normally, but 1 process returned
a non-zero exit code. Per user-direction, the job has been aborted.
--------------------------------------------------------------------------
--------------------------------------------------------------------------
mpirun noticed that process rank 3 with PID 0 on node r14i4n29 exited on signal 11 (Segmentation fault).
--------------------------------------------------------------------------
