build time -- 2021-06-22 05:41:22.883636
 recvData for PET            1 :            0
 recvData for PET            1 :            0
 recvData for PET            1 :            0
 recvData for PET            1 :            0
 recvData for PET            1 :            0
 recvData for PET            1 :            0
 recvData for PET            2 :            0
 recvData for PET            2 :            0
 recvData for PET            2 :            0
 recvData for PET            2 :            0
 recvData for PET            2 :            0
 recvData for PET            2 :            0
 recvData for PET            2 :            0
 recvData for PET            2 :            0
 recvData for PET            2 :            0
 recvData for PET            2 :            0
 recvData for PET            2 :            0
 recvData for PET            0 :            0
 recvData for PET            0 :            0
 recvData for PET            0 :            0
 recvData for PET            0 :            0
 recvData for PET            0 :            0
 recvData for PET            0 :            0
 recvData for PET            0 :            0
 recvData for PET            0 :            0
 recvData for PET            0 :            0
 recvData for PET            0 :            0
 recvData for PET            1 :            0
 recvData for PET            1 :            0
 recvData for PET            1 :            0
 recvData for PET            1 :            0
 recvData for PET            1 :            0
 recvData for PET            1 :            0
 recvData for PET            1 :            0
 recvData for PET            1 :            0
 recvData for PET            1 :            0
 recvData for PET            1 :            0
 recvData for PET            3 :            1
 recvData for PET            3 :            2
 recvData for PET            3 :            3
 recvData for PET            3 :            4
 recvData for PET            3 :            5
 recvData for PET            2 :            0
 recvData for PET            2 :            0
 recvData for PET            2 :            0
 recvData for PET            2 :            0
 recvData for PET            2 :            0
 recvData for PET            2 :            0
 recvData for PET            2 :            0
 recvData for PET            2 :            0
 recvData for PET            2 :            0
 recvData for PET            2 :            0
 recvData for PET            3 :            6
 recvData for PET            3 :            7
 recvData for PET            3 :            8
 recvData for PET            3 :            9
 recvData for PET            3 :           10
 recvData for PET            3 :            0
 recvData for PET            3 :            0
 recvData for PET            3 :            0
 recvData for PET            3 :            0
 recvData for PET            3 :            0
 recvData for PET            3 :            0
 recvData for PET            3 :            0
 recvData for PET            3 :            0
 recvData for PET            3 :            0
 recvData for PET            3 :            0
 recvData for PET            3 :            0
 recvData for PET            3 :            0
 recvData for PET            3 :            0
 recvData for PET            3 :            0
 recvData for PET            3 :            0
 recvData for PET            3 :            0
 recvData for PET            3 :            0
 recvData for PET            3 :            0
 recvData for PET            3 :            0
 recvData for PET            3 :            0
 recvData for PET            3 :            0
 recvData for PET            3 :            0
 recvData for PET            0 :            0
 recvData for PET            0 :            0
 recvData for PET            0 :            0
 recvData for PET            0 :            0
 recvData for PET            0 :            0
 recvData for PET            0 :            0
 recvData for PET            0 :            0
 recvData for PET            0 :            0
 recvData for PET            0 :            0
 recvData for PET            0 :            0
 recvData for PET            0 :            0
 recvData for PET            0 :            0
 recvData for PET            0 :            0
 recvData for PET            0 :            0
 recvData for PET            0 :            0
 recvData for PET            0 :            0
 recvData for PET            0 :            0
 recvData for PET            0 :            0
 recvData for PET            0 :            0
 recvData for PET            0 :            0
 recvData for PET            0 :            0
 recvData for PET            0 :            0
 recvData for PET            0 :            0
 recvData for PET            0 :            0
 recvData for PET            0 :            0
 recvData for PET            0 :            0
 recvData for PET            0 :            0
 recvData for PET            0 :            0
 recvData for PET            0 :            0
 recvData for PET            0 :            0
  PASS  Example ESMF_VMHigherRankDataEx, ESMF_VMHigherRankDataEx.F90, line 140
 recvData for PET            1 :            0
 recvData for PET            1 :            0
 recvData for PET            1 :            0
 recvData for PET            1 :            0
 recvData for PET            1 :            0
 recvData for PET            1 :            0
 recvData for PET            1 :            0
 recvData for PET            1 :            0
 recvData for PET            1 :            0
 recvData for PET            1 :            0
 recvData for PET            1 :            0
 recvData for PET            1 :            0
 recvData for PET            1 :            0
 recvData for PET            1 :            0
 recvData for PET            1 :            0
 recvData for PET            1 :            0
 recvData for PET            1 :            0
 recvData for PET            1 :            0
 recvData for PET            1 :            0
 recvData for PET            1 :            0
 recvData for PET            1 :            0
 recvData for PET            1 :            0
 recvData for PET            1 :            0
 recvData for PET            1 :            0
 recvData for PET            2 :            0
 recvData for PET            2 :            0
 recvData for PET            2 :            0
 recvData for PET            2 :            0
 recvData for PET            2 :            0
 recvData for PET            2 :            0
 recvData for PET            2 :            0
 recvData for PET            2 :            0
 recvData for PET            2 :            0
 recvData for PET            2 :            0
 recvData for PET            2 :            0
 recvData for PET            2 :            0
 recvData for PET            2 :            0
 recvData for PET            2 :            0
 recvData for PET            2 :            0
 recvData for PET            2 :            0
 recvData for PET            2 :            0
 recvData for PET            2 :            0
 recvData for PET            2 :            0
  PASS  Example ESMF_VMHigherRankDataEx, ESMF_VMHigherRankDataEx.F90, line 140
  PASS  Example ESMF_VMHigherRankDataEx, ESMF_VMHigherRankDataEx.F90, line 140
 recvData for PET            3 :            0
 recvData for PET            3 :            0
 recvData for PET            3 :            0
 recvData for PET            3 :            0
 recvData for PET            3 :            0
 recvData for PET            3 :            0
 recvData for PET            3 :            0
 recvData for PET            3 :            0
  PASS  Example ESMF_VMHigherRankDataEx, ESMF_VMHigherRankDataEx.F90, line 140
[r1i3n15:48796:0:48796] Caught signal 11 (Segmentation fault: address not mapped to object at address 0x30)
--------------------------------------------------------------------------
A system call failed during shared memory initialization that should
not have.  It is likely that your MPI job will now either abort or
experience performance degradation.

  Local host:  r1i3n15
  System call: unlink(2) /dev/shm/vader_segment.r1i3n15.2ff0001.1
  Error:       No such file or directory (errno 2)
--------------------------------------------------------------------------
[r1i3n15:48794:0:48794] Caught signal 11 (Segmentation fault: address not mapped to object at address 0x1170)
--------------------------------------------------------------------------
A system call failed during shared memory initialization that should
not have.  It is likely that your MPI job will now either abort or
experience performance degradation.

  Local host:  r1i3n15
  System call: unlink(2) /dev/shm/vader_segment.r1i3n15.2ff0001.0
  Error:       No such file or directory (errno 2)
--------------------------------------------------------------------------
--------------------------------------------------------------------------
A system call failed during shared memory initialization that should
not have.  It is likely that your MPI job will now either abort or
experience performance degradation.

  Local host:  r1i3n15
  System call: unlink(2) /dev/shm/vader_segment.r1i3n15.2ff0001.2
  Error:       No such file or directory (errno 2)
--------------------------------------------------------------------------
[r1i3n15:48793:0:48793] Caught signal 11 (Segmentation fault: Sent by the kernel at address (nil))
[r1i3n15:48795:0:48795] Caught signal 11 (Segmentation fault: address not mapped to object at address 0x30)
--------------------------------------------------------------------------
Primary job  terminated normally, but 1 process returned
a non-zero exit code. Per user-direction, the job has been aborted.
--------------------------------------------------------------------------
==== backtrace (tid:  48793) ====
 0  /glade/u/apps/ch/opt/ucx/1.8.0/lib/libucs.so.0(ucs_handle_error+0x19c) [0x2b20ce50422c]
 1  /glade/u/apps/ch/opt/ucx/1.8.0/lib/libucs.so.0(+0x2355c) [0x2b20ce50455c]
 2  /glade/u/apps/ch/opt/ucx/1.8.0/lib/libucs.so.0(+0x237cb) [0x2b20ce5047cb]
 3  /glade/u/apps/ch/os/lib64/libpthread.so.0(+0x10b00) [0x2b20be357b00]
 4  /glade/u/apps/ch/opt/openmpi/4.0.3/gnu/7.4.0/lib/libopen-pal.so.40(+0x2d3d7) [0x2b20bebeb3d7]
 5  /glade/u/apps/ch/opt/openmpi/4.0.3/gnu/7.4.0/lib/openmpi/mca_btl_vader.so(+0x3ec1) [0x2b20ccc1eec1]
 6  /glade/u/apps/ch/opt/openmpi/4.0.3/gnu/7.4.0/lib/libopen-pal.so.40(mca_base_component_close+0x19) [0x2b20bec18419]
 7  /glade/u/apps/ch/opt/openmpi/4.0.3/gnu/7.4.0/lib/libopen-pal.so.40(mca_base_components_close+0x55) [0x2b20bec184a5]
 8  /glade/u/apps/ch/opt/openmpi/4.0.3/gnu/7.4.0/lib/libopen-pal.so.40(+0x7eae3) [0x2b20bec3cae3]
 9  /glade/u/apps/ch/opt/openmpi/4.0.3/gnu/7.4.0/lib/libopen-pal.so.40(mca_base_framework_close+0x67) [0x2b20bec23a87]
10  /glade/u/apps/ch/opt/openmpi/4.0.3/gnu/7.4.0/lib/libopen-pal.so.40(opal_info_close_components+0x29) [0x2b20bebfa8c9]
11  /glade/u/apps/ch/opt/openmpi/4.0.3/gnu/7.4.0/lib/libmpi.so.40(PMPI_T_finalize+0x35) [0x2b20bda2b595]
12  /glade/scratch/mpotts/gfortran_7.4.0_openmpi_O_develop/lib/libO/Linux.gfortran.64.openmpi.default/libesmf.so(_ZN5ESMCI3VMK8finalizeEi+0x250) [0x2b20bac23e62]
13  /glade/scratch/mpotts/gfortran_7.4.0_openmpi_O_develop/lib/libO/Linux.gfortran.64.openmpi.default/libesmf.so(_ZN5ESMCI2VM8finalizeEP12ESMC_LogicalPi+0x4c9) [0x2b20bac3c0bd]
14  /glade/scratch/mpotts/gfortran_7.4.0_openmpi_O_develop/lib/libO/Linux.gfortran.64.openmpi.default/libesmf.so(c_esmc_vmfinalize_+0x25) [0x2b20bac172f5]
15  /glade/scratch/mpotts/gfortran_7.4.0_openmpi_O_develop/lib/libO/Linux.gfortran.64.openmpi.default/libesmf.so(__esmf_vmmod_MOD_esmf_vmfinalize+0x2a) [0x2b20bb2369ac]
16  /glade/scratch/mpotts/gfortran_7.4.0_openmpi_O_develop/lib/libO/Linux.gfortran.64.openmpi.default/libesmf.so(__esmf_initmod_MOD_esmf_finalize+0x37c) [0x2b20bb0c8f4f]
17  ./ESMF_VMHigherRankDataEx() [0x401425]
18  ./ESMF_VMHigherRankDataEx() [0x4014fc]
19  /glade/u/apps/ch/os/lib64/libc.so.6(__libc_start_main+0xf5) [0x2b20be5846e5]
20  ./ESMF_VMHigherRankDataEx() [0x400de9]
=================================

Program received signal SIGSEGV: Segmentation fault - invalid memory reference.

Backtrace for this error:
#0  0x2b20be357aff in ???
#1  0x2b20bebeb3d7 in ???
#2  0x2b20ccc1eec0 in ???
#3  0x2b20bec18418 in ???
#4  0x2b20bec184a4 in ???
#5  0x2b20bec3cae2 in ???
#6  0x2b20bec23a86 in ???
#7  0x2b20bebfa8c8 in ???
#8  0x2b20bda2b594 in ???
#9  0x2b20bac23e61 in ???
#10  0x2b20bac3c0bc in ???
#11  0x2b20bac172f4 in ???
#12  0x2b20bb2369ab in ???
#13  0x2b20bb0c8f4e in ???
#14  0x401424 in ???
#15  0x4014fb in ???
#16  0x2b20be5846e4 in ???
#17  0x400de8 in ???
	at ../sysdeps/x86_64/start.S:118
#18  0xffffffffffffffff in ???
--------------------------------------------------------------------------
mpirun noticed that process rank 3 with PID 0 on node r1i3n15 exited on signal 11 (Segmentation fault).
--------------------------------------------------------------------------
 recvData for PET            1 :            0
 recvData for PET            1 :            0
 recvData for PET            1 :            0
 recvData for PET            1 :            0
 recvData for PET            1 :            0
 recvData for PET            1 :            0
 recvData for PET            2 :            0
 recvData for PET            2 :            0
 recvData for PET            2 :            0
 recvData for PET            2 :            0
 recvData for PET            2 :            0
 recvData for PET            2 :            0
 recvData for PET            2 :            0
 recvData for PET            2 :            0
 recvData for PET            2 :            0
 recvData for PET            2 :            0
 recvData for PET            2 :            0
 recvData for PET            0 :            0
 recvData for PET            0 :            0
 recvData for PET            0 :            0
 recvData for PET            0 :            0
 recvData for PET            0 :            0
 recvData for PET            0 :            0
 recvData for PET            0 :            0
 recvData for PET            0 :            0
 recvData for PET            0 :            0
 recvData for PET            0 :            0
 recvData for PET            1 :            0
 recvData for PET            1 :            0
 recvData for PET            1 :            0
 recvData for PET            1 :            0
 recvData for PET            1 :            0
 recvData for PET            1 :            0
 recvData for PET            1 :            0
 recvData for PET            1 :            0
 recvData for PET            1 :            0
 recvData for PET            1 :            0
 recvData for PET            3 :            1
 recvData for PET            3 :            2
 recvData for PET            3 :            3
 recvData for PET            3 :            4
 recvData for PET            3 :            5
 recvData for PET            2 :            0
 recvData for PET            2 :            0
 recvData for PET            2 :            0
 recvData for PET            2 :            0
 recvData for PET            2 :            0
 recvData for PET            2 :            0
 recvData for PET            2 :            0
 recvData for PET            2 :            0
 recvData for PET            2 :            0
 recvData for PET            2 :            0
 recvData for PET            3 :            6
 recvData for PET            3 :            7
 recvData for PET            3 :            8
 recvData for PET            3 :            9
 recvData for PET            3 :           10
 recvData for PET            3 :            0
 recvData for PET            3 :            0
 recvData for PET            3 :            0
 recvData for PET            3 :            0
 recvData for PET            3 :            0
 recvData for PET            3 :            0
 recvData for PET            3 :            0
 recvData for PET            3 :            0
 recvData for PET            3 :            0
 recvData for PET            3 :            0
 recvData for PET            3 :            0
 recvData for PET            3 :            0
 recvData for PET            3 :            0
 recvData for PET            3 :            0
 recvData for PET            3 :            0
 recvData for PET            3 :            0
 recvData for PET            3 :            0
 recvData for PET            3 :            0
 recvData for PET            3 :            0
 recvData for PET            3 :            0
 recvData for PET            3 :            0
 recvData for PET            3 :            0
 recvData for PET            0 :            0
 recvData for PET            0 :            0
 recvData for PET            0 :            0
 recvData for PET            0 :            0
 recvData for PET            0 :            0
 recvData for PET            0 :            0
 recvData for PET            0 :            0
 recvData for PET            0 :            0
 recvData for PET            0 :            0
 recvData for PET            0 :            0
 recvData for PET            0 :            0
 recvData for PET            0 :            0
 recvData for PET            0 :            0
 recvData for PET            0 :            0
 recvData for PET            0 :            0
 recvData for PET            0 :            0
 recvData for PET            0 :            0
 recvData for PET            0 :            0
 recvData for PET            0 :            0
 recvData for PET            0 :            0
 recvData for PET            0 :            0
 recvData for PET            0 :            0
 recvData for PET            0 :            0
 recvData for PET            0 :            0
 recvData for PET            0 :            0
 recvData for PET            0 :            0
 recvData for PET            0 :            0
 recvData for PET            0 :            0
 recvData for PET            0 :            0
 recvData for PET            0 :            0
  PASS  Example ESMF_VMHigherRankDataEx, ESMF_VMHigherRankDataEx.F90, line 140
 recvData for PET            1 :            0
 recvData for PET            1 :            0
 recvData for PET            1 :            0
 recvData for PET            1 :            0
 recvData for PET            1 :            0
 recvData for PET            1 :            0
 recvData for PET            1 :            0
 recvData for PET            1 :            0
 recvData for PET            1 :            0
 recvData for PET            1 :            0
 recvData for PET            1 :            0
 recvData for PET            1 :            0
 recvData for PET            1 :            0
 recvData for PET            1 :            0
 recvData for PET            1 :            0
 recvData for PET            1 :            0
 recvData for PET            1 :            0
 recvData for PET            1 :            0
 recvData for PET            1 :            0
 recvData for PET            1 :            0
 recvData for PET            1 :            0
 recvData for PET            1 :            0
 recvData for PET            1 :            0
 recvData for PET            1 :            0
 recvData for PET            2 :            0
 recvData for PET            2 :            0
 recvData for PET            2 :            0
 recvData for PET            2 :            0
 recvData for PET            2 :            0
 recvData for PET            2 :            0
 recvData for PET            2 :            0
 recvData for PET            2 :            0
 recvData for PET            2 :            0
 recvData for PET            2 :            0
 recvData for PET            2 :            0
 recvData for PET            2 :            0
 recvData for PET            2 :            0
 recvData for PET            2 :            0
 recvData for PET            2 :            0
 recvData for PET            2 :            0
 recvData for PET            2 :            0
 recvData for PET            2 :            0
 recvData for PET            2 :            0
  PASS  Example ESMF_VMHigherRankDataEx, ESMF_VMHigherRankDataEx.F90, line 140
  PASS  Example ESMF_VMHigherRankDataEx, ESMF_VMHigherRankDataEx.F90, line 140
 recvData for PET            3 :            0
 recvData for PET            3 :            0
 recvData for PET            3 :            0
 recvData for PET            3 :            0
 recvData for PET            3 :            0
 recvData for PET            3 :            0
 recvData for PET            3 :            0
 recvData for PET            3 :            0
  PASS  Example ESMF_VMHigherRankDataEx, ESMF_VMHigherRankDataEx.F90, line 140
[r1i3n15:48796:0:48796] Caught signal 11 (Segmentation fault: address not mapped to object at address 0x30)
--------------------------------------------------------------------------
A system call failed during shared memory initialization that should
not have.  It is likely that your MPI job will now either abort or
experience performance degradation.

  Local host:  r1i3n15
  System call: unlink(2) /dev/shm/vader_segment.r1i3n15.2ff0001.1
  Error:       No such file or directory (errno 2)
--------------------------------------------------------------------------
[r1i3n15:48794:0:48794] Caught signal 11 (Segmentation fault: address not mapped to object at address 0x1170)
--------------------------------------------------------------------------
A system call failed during shared memory initialization that should
not have.  It is likely that your MPI job will now either abort or
experience performance degradation.

  Local host:  r1i3n15
  System call: unlink(2) /dev/shm/vader_segment.r1i3n15.2ff0001.0
  Error:       No such file or directory (errno 2)
--------------------------------------------------------------------------
--------------------------------------------------------------------------
A system call failed during shared memory initialization that should
not have.  It is likely that your MPI job will now either abort or
experience performance degradation.

  Local host:  r1i3n15
  System call: unlink(2) /dev/shm/vader_segment.r1i3n15.2ff0001.2
  Error:       No such file or directory (errno 2)
--------------------------------------------------------------------------
[r1i3n15:48793:0:48793] Caught signal 11 (Segmentation fault: Sent by the kernel at address (nil))
[r1i3n15:48795:0:48795] Caught signal 11 (Segmentation fault: address not mapped to object at address 0x30)
--------------------------------------------------------------------------
Primary job  terminated normally, but 1 process returned
a non-zero exit code. Per user-direction, the job has been aborted.
--------------------------------------------------------------------------
==== backtrace (tid:  48793) ====
 0  /glade/u/apps/ch/opt/ucx/1.8.0/lib/libucs.so.0(ucs_handle_error+0x19c) [0x2b20ce50422c]
 1  /glade/u/apps/ch/opt/ucx/1.8.0/lib/libucs.so.0(+0x2355c) [0x2b20ce50455c]
 2  /glade/u/apps/ch/opt/ucx/1.8.0/lib/libucs.so.0(+0x237cb) [0x2b20ce5047cb]
 3  /glade/u/apps/ch/os/lib64/libpthread.so.0(+0x10b00) [0x2b20be357b00]
 4  /glade/u/apps/ch/opt/openmpi/4.0.3/gnu/7.4.0/lib/libopen-pal.so.40(+0x2d3d7) [0x2b20bebeb3d7]
 5  /glade/u/apps/ch/opt/openmpi/4.0.3/gnu/7.4.0/lib/openmpi/mca_btl_vader.so(+0x3ec1) [0x2b20ccc1eec1]
 6  /glade/u/apps/ch/opt/openmpi/4.0.3/gnu/7.4.0/lib/libopen-pal.so.40(mca_base_component_close+0x19) [0x2b20bec18419]
 7  /glade/u/apps/ch/opt/openmpi/4.0.3/gnu/7.4.0/lib/libopen-pal.so.40(mca_base_components_close+0x55) [0x2b20bec184a5]
 8  /glade/u/apps/ch/opt/openmpi/4.0.3/gnu/7.4.0/lib/libopen-pal.so.40(+0x7eae3) [0x2b20bec3cae3]
 9  /glade/u/apps/ch/opt/openmpi/4.0.3/gnu/7.4.0/lib/libopen-pal.so.40(mca_base_framework_close+0x67) [0x2b20bec23a87]
10  /glade/u/apps/ch/opt/openmpi/4.0.3/gnu/7.4.0/lib/libopen-pal.so.40(opal_info_close_components+0x29) [0x2b20bebfa8c9]
11  /glade/u/apps/ch/opt/openmpi/4.0.3/gnu/7.4.0/lib/libmpi.so.40(PMPI_T_finalize+0x35) [0x2b20bda2b595]
12  /glade/scratch/mpotts/gfortran_7.4.0_openmpi_O_develop/lib/libO/Linux.gfortran.64.openmpi.default/libesmf.so(_ZN5ESMCI3VMK8finalizeEi+0x250) [0x2b20bac23e62]
13  /glade/scratch/mpotts/gfortran_7.4.0_openmpi_O_develop/lib/libO/Linux.gfortran.64.openmpi.default/libesmf.so(_ZN5ESMCI2VM8finalizeEP12ESMC_LogicalPi+0x4c9) [0x2b20bac3c0bd]
14  /glade/scratch/mpotts/gfortran_7.4.0_openmpi_O_develop/lib/libO/Linux.gfortran.64.openmpi.default/libesmf.so(c_esmc_vmfinalize_+0x25) [0x2b20bac172f5]
15  /glade/scratch/mpotts/gfortran_7.4.0_openmpi_O_develop/lib/libO/Linux.gfortran.64.openmpi.default/libesmf.so(__esmf_vmmod_MOD_esmf_vmfinalize+0x2a) [0x2b20bb2369ac]
16  /glade/scratch/mpotts/gfortran_7.4.0_openmpi_O_develop/lib/libO/Linux.gfortran.64.openmpi.default/libesmf.so(__esmf_initmod_MOD_esmf_finalize+0x37c) [0x2b20bb0c8f4f]
17  ./ESMF_VMHigherRankDataEx() [0x401425]
18  ./ESMF_VMHigherRankDataEx() [0x4014fc]
19  /glade/u/apps/ch/os/lib64/libc.so.6(__libc_start_main+0xf5) [0x2b20be5846e5]
20  ./ESMF_VMHigherRankDataEx() [0x400de9]
=================================

Program received signal SIGSEGV: Segmentation fault - invalid memory reference.

Backtrace for this error:
#0  0x2b20be357aff in ???
#1  0x2b20bebeb3d7 in ???
#2  0x2b20ccc1eec0 in ???
#3  0x2b20bec18418 in ???
#4  0x2b20bec184a4 in ???
#5  0x2b20bec3cae2 in ???
#6  0x2b20bec23a86 in ???
#7  0x2b20bebfa8c8 in ???
#8  0x2b20bda2b594 in ???
#9  0x2b20bac23e61 in ???
#10  0x2b20bac3c0bc in ???
#11  0x2b20bac172f4 in ???
#12  0x2b20bb2369ab in ???
#13  0x2b20bb0c8f4e in ???
#14  0x401424 in ???
#15  0x4014fb in ???
#16  0x2b20be5846e4 in ???
#17  0x400de8 in ???
	at ../sysdeps/x86_64/start.S:118
#18  0xffffffffffffffff in ???
--------------------------------------------------------------------------
mpirun noticed that process rank 3 with PID 0 on node r1i3n15 exited on signal 11 (Segmentation fault).
--------------------------------------------------------------------------
