build time -- 2021-06-21 05:41:24.622630
 Regridding through XGrid example returned
 Regridding through XGrid example returned
 Regridding through XGrid example returned
  PASS  Example ESMF_XGridEx, ESMF_XGridEx.F90, line 525
  PASS  Example ESMF_XGridEx, ESMF_XGridEx.F90, line 525
  PASS  Example ESMF_XGridEx, ESMF_XGridEx.F90, line 525
 Regridding through XGrid example returned
  PASS  Example ESMF_XGridEx, ESMF_XGridEx.F90, line 525
[r1i3n14:56722:0:56722] Caught signal 11 (Segmentation fault: address not mapped to object at address 0x30)
--------------------------------------------------------------------------
A system call failed during shared memory initialization that should
not have.  It is likely that your MPI job will now either abort or
experience performance degradation.

  Local host:  r1i3n14
  System call: unlink(2) /dev/shm/vader_segment.r1i3n14.23f60001.1
  Error:       No such file or directory (errno 2)
--------------------------------------------------------------------------
[r1i3n14:56721:0:56721] Caught signal 11 (Segmentation fault: address not mapped to object at address 0x180)
--------------------------------------------------------------------------
A system call failed during shared memory initialization that should
not have.  It is likely that your MPI job will now either abort or
experience performance degradation.

  Local host:  r1i3n14
  System call: unlink(2) /dev/shm/vader_segment.r1i3n14.23f60001.0
  Error:       No such file or directory (errno 2)
--------------------------------------------------------------------------
--------------------------------------------------------------------------
A system call failed during shared memory initialization that should
not have.  It is likely that your MPI job will now either abort or
experience performance degradation.

  Local host:  r1i3n14
  System call: unlink(2) /dev/shm/vader_segment.r1i3n14.23f60001.3
  Error:       No such file or directory (errno 2)
--------------------------------------------------------------------------
[r1i3n14:56720:0:56720] Caught signal 11 (Segmentation fault: address not mapped to object at address 0x30)
[r1i3n14:56723:0:56723] Caught signal 11 (Segmentation fault: address not mapped to object at address 0x30)
--------------------------------------------------------------------------
Primary job  terminated normally, but 1 process returned
a non-zero exit code. Per user-direction, the job has been aborted.
--------------------------------------------------------------------------
--------------------------------------------------------------------------
mpirun noticed that process rank 2 with PID 0 on node r1i3n14 exited on signal 11 (Segmentation fault).
--------------------------------------------------------------------------
 Regridding through XGrid example returned
 Regridding through XGrid example returned
 Regridding through XGrid example returned
  PASS  Example ESMF_XGridEx, ESMF_XGridEx.F90, line 525
  PASS  Example ESMF_XGridEx, ESMF_XGridEx.F90, line 525
  PASS  Example ESMF_XGridEx, ESMF_XGridEx.F90, line 525
 Regridding through XGrid example returned
  PASS  Example ESMF_XGridEx, ESMF_XGridEx.F90, line 525
[r1i3n14:56722:0:56722] Caught signal 11 (Segmentation fault: address not mapped to object at address 0x30)
--------------------------------------------------------------------------
A system call failed during shared memory initialization that should
not have.  It is likely that your MPI job will now either abort or
experience performance degradation.

  Local host:  r1i3n14
  System call: unlink(2) /dev/shm/vader_segment.r1i3n14.23f60001.1
  Error:       No such file or directory (errno 2)
--------------------------------------------------------------------------
[r1i3n14:56721:0:56721] Caught signal 11 (Segmentation fault: address not mapped to object at address 0x180)
--------------------------------------------------------------------------
A system call failed during shared memory initialization that should
not have.  It is likely that your MPI job will now either abort or
experience performance degradation.

  Local host:  r1i3n14
  System call: unlink(2) /dev/shm/vader_segment.r1i3n14.23f60001.0
  Error:       No such file or directory (errno 2)
--------------------------------------------------------------------------
--------------------------------------------------------------------------
A system call failed during shared memory initialization that should
not have.  It is likely that your MPI job will now either abort or
experience performance degradation.

  Local host:  r1i3n14
  System call: unlink(2) /dev/shm/vader_segment.r1i3n14.23f60001.3
  Error:       No such file or directory (errno 2)
--------------------------------------------------------------------------
[r1i3n14:56720:0:56720] Caught signal 11 (Segmentation fault: address not mapped to object at address 0x30)
[r1i3n14:56723:0:56723] Caught signal 11 (Segmentation fault: address not mapped to object at address 0x30)
--------------------------------------------------------------------------
Primary job  terminated normally, but 1 process returned
a non-zero exit code. Per user-direction, the job has been aborted.
--------------------------------------------------------------------------
--------------------------------------------------------------------------
mpirun noticed that process rank 2 with PID 0 on node r1i3n14 exited on signal 11 (Segmentation fault).
--------------------------------------------------------------------------
