build time -- 2021-08-06 05:46:00.640970
20210806 061753.889 INFO             PET0 !!!!!!!!!!!!!!!!!!!!!!!!!!!!!!!!!!!!!!!!!!!!!!!!!!!!!!
20210806 061753.889 INFO             PET0 !!! THE ESMF_LOG IS SET TO OUTPUT ALL LOG MESSAGES !!!
20210806 061753.889 INFO             PET0 !!!     THIS MAY CAUSE SLOWDOWN IN PERFORMANCE     !!!
20210806 061753.889 INFO             PET0 !!! FOR PRODUCTION RUNS, USE:                      !!!
20210806 061753.889 INFO             PET0 !!!                   ESMF_LOGKIND_Multi_On_Error  !!!
20210806 061753.889 INFO             PET0 !!!!!!!!!!!!!!!!!!!!!!!!!!!!!!!!!!!!!!!!!!!!!!!!!!!!!!
20210806 061753.889 INFO             PET0 Running with ESMF Version   : ESMF_8_2_0_beta_snapshot_15
20210806 061753.889 INFO             PET0 ESMF library build date/time: "Aug  6 2021" "05:43:54"
20210806 061753.889 INFO             PET0 ESMF library build location : /glade/scratch/mpotts/gfortran_7.4.0_openmpi_O_develop
20210806 061753.889 INFO             PET0 ESMF_COMM                   : openmpi
20210806 061753.889 INFO             PET0 ESMF_MOAB                   : enabled
20210806 061753.889 INFO             PET0 ESMF_LAPACK                 : enabled
20210806 061753.889 INFO             PET0 ESMF_NETCDF                 : enabled
20210806 061753.889 INFO             PET0 ESMF_PNETCDF                : disabled
20210806 061753.889 INFO             PET0 ESMF_PIO                    : enabled
20210806 061753.889 INFO             PET0 ESMF_YAMLCPP                : enabled
20210806 061753.931 DEBUG            PET0 about to destroy Grid: 0x1a805c0
20210806 061753.936 DEBUG            PET0 about to destroy Grid: 0x1a82170
20210806 061753.948 INFO             PET0  NUMBER_OF_PROCESSORS           4
20210806 061753.948 INFO             PET0  PASS  Example ESMF_NUOPCAtmModelEx, ESMF_NUOPCAtmModelEx.F90, line 806
20210806 061753.948 INFO             PET0 Finalizing ESMF
20210806 061753.889 INFO             PET1 !!!!!!!!!!!!!!!!!!!!!!!!!!!!!!!!!!!!!!!!!!!!!!!!!!!!!!
20210806 061753.889 INFO             PET1 !!! THE ESMF_LOG IS SET TO OUTPUT ALL LOG MESSAGES !!!
20210806 061753.889 INFO             PET1 !!!     THIS MAY CAUSE SLOWDOWN IN PERFORMANCE     !!!
20210806 061753.889 INFO             PET1 !!! FOR PRODUCTION RUNS, USE:                      !!!
20210806 061753.889 INFO             PET1 !!!                   ESMF_LOGKIND_Multi_On_Error  !!!
20210806 061753.889 INFO             PET1 !!!!!!!!!!!!!!!!!!!!!!!!!!!!!!!!!!!!!!!!!!!!!!!!!!!!!!
20210806 061753.889 INFO             PET1 Running with ESMF Version   : ESMF_8_2_0_beta_snapshot_15
20210806 061753.889 INFO             PET1 ESMF library build date/time: "Aug  6 2021" "05:43:54"
20210806 061753.889 INFO             PET1 ESMF library build location : /glade/scratch/mpotts/gfortran_7.4.0_openmpi_O_develop
20210806 061753.889 INFO             PET1 ESMF_COMM                   : openmpi
20210806 061753.889 INFO             PET1 ESMF_MOAB                   : enabled
20210806 061753.889 INFO             PET1 ESMF_LAPACK                 : enabled
20210806 061753.889 INFO             PET1 ESMF_NETCDF                 : enabled
20210806 061753.889 INFO             PET1 ESMF_PNETCDF                : disabled
20210806 061753.889 INFO             PET1 ESMF_PIO                    : enabled
20210806 061753.889 INFO             PET1 ESMF_YAMLCPP                : enabled
20210806 061753.931 DEBUG            PET1 about to destroy Grid: 0x112b2a0
20210806 061753.936 DEBUG            PET1 about to destroy Grid: 0x112cba0
20210806 061753.948 INFO             PET1  NUMBER_OF_PROCESSORS           4
20210806 061753.948 INFO             PET1  PASS  Example ESMF_NUOPCAtmModelEx, ESMF_NUOPCAtmModelEx.F90, line 806
20210806 061753.948 INFO             PET1 Finalizing ESMF
20210806 061753.889 INFO             PET2 !!!!!!!!!!!!!!!!!!!!!!!!!!!!!!!!!!!!!!!!!!!!!!!!!!!!!!
20210806 061753.889 INFO             PET2 !!! THE ESMF_LOG IS SET TO OUTPUT ALL LOG MESSAGES !!!
20210806 061753.889 INFO             PET2 !!!     THIS MAY CAUSE SLOWDOWN IN PERFORMANCE     !!!
20210806 061753.889 INFO             PET2 !!! FOR PRODUCTION RUNS, USE:                      !!!
20210806 061753.889 INFO             PET2 !!!                   ESMF_LOGKIND_Multi_On_Error  !!!
20210806 061753.889 INFO             PET2 !!!!!!!!!!!!!!!!!!!!!!!!!!!!!!!!!!!!!!!!!!!!!!!!!!!!!!
20210806 061753.889 INFO             PET2 Running with ESMF Version   : ESMF_8_2_0_beta_snapshot_15
20210806 061753.889 INFO             PET2 ESMF library build date/time: "Aug  6 2021" "05:43:54"
20210806 061753.889 INFO             PET2 ESMF library build location : /glade/scratch/mpotts/gfortran_7.4.0_openmpi_O_develop
20210806 061753.889 INFO             PET2 ESMF_COMM                   : openmpi
20210806 061753.889 INFO             PET2 ESMF_MOAB                   : enabled
20210806 061753.889 INFO             PET2 ESMF_LAPACK                 : enabled
20210806 061753.889 INFO             PET2 ESMF_NETCDF                 : enabled
20210806 061753.889 INFO             PET2 ESMF_PNETCDF                : disabled
20210806 061753.889 INFO             PET2 ESMF_PIO                    : enabled
20210806 061753.889 INFO             PET2 ESMF_YAMLCPP                : enabled
20210806 061753.931 DEBUG            PET2 about to destroy Grid: 0x24313c0
20210806 061753.936 DEBUG            PET2 about to destroy Grid: 0x2432860
20210806 061753.948 INFO             PET2  NUMBER_OF_PROCESSORS           4
20210806 061753.948 INFO             PET2  PASS  Example ESMF_NUOPCAtmModelEx, ESMF_NUOPCAtmModelEx.F90, line 806
20210806 061753.948 INFO             PET2 Finalizing ESMF
20210806 061753.890 INFO             PET3 !!!!!!!!!!!!!!!!!!!!!!!!!!!!!!!!!!!!!!!!!!!!!!!!!!!!!!
20210806 061753.890 INFO             PET3 !!! THE ESMF_LOG IS SET TO OUTPUT ALL LOG MESSAGES !!!
20210806 061753.890 INFO             PET3 !!!     THIS MAY CAUSE SLOWDOWN IN PERFORMANCE     !!!
20210806 061753.890 INFO             PET3 !!! FOR PRODUCTION RUNS, USE:                      !!!
20210806 061753.890 INFO             PET3 !!!                   ESMF_LOGKIND_Multi_On_Error  !!!
20210806 061753.890 INFO             PET3 !!!!!!!!!!!!!!!!!!!!!!!!!!!!!!!!!!!!!!!!!!!!!!!!!!!!!!
20210806 061753.890 INFO             PET3 Running with ESMF Version   : ESMF_8_2_0_beta_snapshot_15
20210806 061753.890 INFO             PET3 ESMF library build date/time: "Aug  6 2021" "05:43:54"
20210806 061753.890 INFO             PET3 ESMF library build location : /glade/scratch/mpotts/gfortran_7.4.0_openmpi_O_develop
20210806 061753.890 INFO             PET3 ESMF_COMM                   : openmpi
20210806 061753.890 INFO             PET3 ESMF_MOAB                   : enabled
20210806 061753.890 INFO             PET3 ESMF_LAPACK                 : enabled
20210806 061753.890 INFO             PET3 ESMF_NETCDF                 : enabled
20210806 061753.890 INFO             PET3 ESMF_PNETCDF                : disabled
20210806 061753.890 INFO             PET3 ESMF_PIO                    : enabled
20210806 061753.890 INFO             PET3 ESMF_YAMLCPP                : enabled
20210806 061753.931 DEBUG            PET3 about to destroy Grid: 0x18383c0
20210806 061753.936 DEBUG            PET3 about to destroy Grid: 0x18393e0
20210806 061753.948 INFO             PET3  NUMBER_OF_PROCESSORS           4
20210806 061753.948 INFO             PET3  PASS  Example ESMF_NUOPCAtmModelEx, ESMF_NUOPCAtmModelEx.F90, line 806
20210806 061753.948 INFO             PET3 Finalizing ESMF
20210806 061753.889 INFO             PET0 !!!!!!!!!!!!!!!!!!!!!!!!!!!!!!!!!!!!!!!!!!!!!!!!!!!!!!
20210806 061753.889 INFO             PET0 !!! THE ESMF_LOG IS SET TO OUTPUT ALL LOG MESSAGES !!!
20210806 061753.889 INFO             PET0 !!!     THIS MAY CAUSE SLOWDOWN IN PERFORMANCE     !!!
20210806 061753.889 INFO             PET0 !!! FOR PRODUCTION RUNS, USE:                      !!!
20210806 061753.889 INFO             PET0 !!!                   ESMF_LOGKIND_Multi_On_Error  !!!
20210806 061753.889 INFO             PET0 !!!!!!!!!!!!!!!!!!!!!!!!!!!!!!!!!!!!!!!!!!!!!!!!!!!!!!
20210806 061753.889 INFO             PET0 Running with ESMF Version   : ESMF_8_2_0_beta_snapshot_15
20210806 061753.889 INFO             PET0 ESMF library build date/time: "Aug  6 2021" "05:43:54"
20210806 061753.889 INFO             PET0 ESMF library build location : /glade/scratch/mpotts/gfortran_7.4.0_openmpi_O_develop
20210806 061753.889 INFO             PET0 ESMF_COMM                   : openmpi
20210806 061753.889 INFO             PET0 ESMF_MOAB                   : enabled
20210806 061753.889 INFO             PET0 ESMF_LAPACK                 : enabled
20210806 061753.889 INFO             PET0 ESMF_NETCDF                 : enabled
20210806 061753.889 INFO             PET0 ESMF_PNETCDF                : disabled
20210806 061753.889 INFO             PET0 ESMF_PIO                    : enabled
20210806 061753.889 INFO             PET0 ESMF_YAMLCPP                : enabled
20210806 061753.931 DEBUG            PET0 about to destroy Grid: 0x1a805c0
20210806 061753.936 DEBUG            PET0 about to destroy Grid: 0x1a82170
20210806 061753.948 INFO             PET0  NUMBER_OF_PROCESSORS           4
20210806 061753.948 INFO             PET0  PASS  Example ESMF_NUOPCAtmModelEx, ESMF_NUOPCAtmModelEx.F90, line 806
20210806 061753.948 INFO             PET0 Finalizing ESMF
20210806 061753.889 INFO             PET1 !!!!!!!!!!!!!!!!!!!!!!!!!!!!!!!!!!!!!!!!!!!!!!!!!!!!!!
20210806 061753.889 INFO             PET1 !!! THE ESMF_LOG IS SET TO OUTPUT ALL LOG MESSAGES !!!
20210806 061753.889 INFO             PET1 !!!     THIS MAY CAUSE SLOWDOWN IN PERFORMANCE     !!!
20210806 061753.889 INFO             PET1 !!! FOR PRODUCTION RUNS, USE:                      !!!
20210806 061753.889 INFO             PET1 !!!                   ESMF_LOGKIND_Multi_On_Error  !!!
20210806 061753.889 INFO             PET1 !!!!!!!!!!!!!!!!!!!!!!!!!!!!!!!!!!!!!!!!!!!!!!!!!!!!!!
20210806 061753.889 INFO             PET1 Running with ESMF Version   : ESMF_8_2_0_beta_snapshot_15
20210806 061753.889 INFO             PET1 ESMF library build date/time: "Aug  6 2021" "05:43:54"
20210806 061753.889 INFO             PET1 ESMF library build location : /glade/scratch/mpotts/gfortran_7.4.0_openmpi_O_develop
20210806 061753.889 INFO             PET1 ESMF_COMM                   : openmpi
20210806 061753.889 INFO             PET1 ESMF_MOAB                   : enabled
20210806 061753.889 INFO             PET1 ESMF_LAPACK                 : enabled
20210806 061753.889 INFO             PET1 ESMF_NETCDF                 : enabled
20210806 061753.889 INFO             PET1 ESMF_PNETCDF                : disabled
20210806 061753.889 INFO             PET1 ESMF_PIO                    : enabled
20210806 061753.889 INFO             PET1 ESMF_YAMLCPP                : enabled
20210806 061753.931 DEBUG            PET1 about to destroy Grid: 0x112b2a0
20210806 061753.936 DEBUG            PET1 about to destroy Grid: 0x112cba0
20210806 061753.948 INFO             PET1  NUMBER_OF_PROCESSORS           4
20210806 061753.948 INFO             PET1  PASS  Example ESMF_NUOPCAtmModelEx, ESMF_NUOPCAtmModelEx.F90, line 806
20210806 061753.948 INFO             PET1 Finalizing ESMF
20210806 061753.889 INFO             PET2 !!!!!!!!!!!!!!!!!!!!!!!!!!!!!!!!!!!!!!!!!!!!!!!!!!!!!!
20210806 061753.889 INFO             PET2 !!! THE ESMF_LOG IS SET TO OUTPUT ALL LOG MESSAGES !!!
20210806 061753.889 INFO             PET2 !!!     THIS MAY CAUSE SLOWDOWN IN PERFORMANCE     !!!
20210806 061753.889 INFO             PET2 !!! FOR PRODUCTION RUNS, USE:                      !!!
20210806 061753.889 INFO             PET2 !!!                   ESMF_LOGKIND_Multi_On_Error  !!!
20210806 061753.889 INFO             PET2 !!!!!!!!!!!!!!!!!!!!!!!!!!!!!!!!!!!!!!!!!!!!!!!!!!!!!!
20210806 061753.889 INFO             PET2 Running with ESMF Version   : ESMF_8_2_0_beta_snapshot_15
20210806 061753.889 INFO             PET2 ESMF library build date/time: "Aug  6 2021" "05:43:54"
20210806 061753.889 INFO             PET2 ESMF library build location : /glade/scratch/mpotts/gfortran_7.4.0_openmpi_O_develop
20210806 061753.889 INFO             PET2 ESMF_COMM                   : openmpi
20210806 061753.889 INFO             PET2 ESMF_MOAB                   : enabled
20210806 061753.889 INFO             PET2 ESMF_LAPACK                 : enabled
20210806 061753.889 INFO             PET2 ESMF_NETCDF                 : enabled
20210806 061753.889 INFO             PET2 ESMF_PNETCDF                : disabled
20210806 061753.889 INFO             PET2 ESMF_PIO                    : enabled
20210806 061753.889 INFO             PET2 ESMF_YAMLCPP                : enabled
20210806 061753.931 DEBUG            PET2 about to destroy Grid: 0x24313c0
20210806 061753.936 DEBUG            PET2 about to destroy Grid: 0x2432860
20210806 061753.948 INFO             PET2  NUMBER_OF_PROCESSORS           4
20210806 061753.948 INFO             PET2  PASS  Example ESMF_NUOPCAtmModelEx, ESMF_NUOPCAtmModelEx.F90, line 806
20210806 061753.948 INFO             PET2 Finalizing ESMF
20210806 061753.890 INFO             PET3 !!!!!!!!!!!!!!!!!!!!!!!!!!!!!!!!!!!!!!!!!!!!!!!!!!!!!!
20210806 061753.890 INFO             PET3 !!! THE ESMF_LOG IS SET TO OUTPUT ALL LOG MESSAGES !!!
20210806 061753.890 INFO             PET3 !!!     THIS MAY CAUSE SLOWDOWN IN PERFORMANCE     !!!
20210806 061753.890 INFO             PET3 !!! FOR PRODUCTION RUNS, USE:                      !!!
20210806 061753.890 INFO             PET3 !!!                   ESMF_LOGKIND_Multi_On_Error  !!!
20210806 061753.890 INFO             PET3 !!!!!!!!!!!!!!!!!!!!!!!!!!!!!!!!!!!!!!!!!!!!!!!!!!!!!!
20210806 061753.890 INFO             PET3 Running with ESMF Version   : ESMF_8_2_0_beta_snapshot_15
20210806 061753.890 INFO             PET3 ESMF library build date/time: "Aug  6 2021" "05:43:54"
20210806 061753.890 INFO             PET3 ESMF library build location : /glade/scratch/mpotts/gfortran_7.4.0_openmpi_O_develop
20210806 061753.890 INFO             PET3 ESMF_COMM                   : openmpi
20210806 061753.890 INFO             PET3 ESMF_MOAB                   : enabled
20210806 061753.890 INFO             PET3 ESMF_LAPACK                 : enabled
20210806 061753.890 INFO             PET3 ESMF_NETCDF                 : enabled
20210806 061753.890 INFO             PET3 ESMF_PNETCDF                : disabled
20210806 061753.890 INFO             PET3 ESMF_PIO                    : enabled
20210806 061753.890 INFO             PET3 ESMF_YAMLCPP                : enabled
20210806 061753.931 DEBUG            PET3 about to destroy Grid: 0x18383c0
20210806 061753.936 DEBUG            PET3 about to destroy Grid: 0x18393e0
20210806 061753.948 INFO             PET3  NUMBER_OF_PROCESSORS           4
20210806 061753.948 INFO             PET3  PASS  Example ESMF_NUOPCAtmModelEx, ESMF_NUOPCAtmModelEx.F90, line 806
20210806 061753.948 INFO             PET3 Finalizing ESMF
