build time -- 2021-06-22 05:41:22.883636
 dummy output from attached method 
 dummy output from attached method 
 dummy output from attached method 
 dummy output from attached method 
  PASS  Example ESMF_AttachMethodsEx, ESMF_AttachMethodsEx.F90, line 274
  PASS  Example ESMF_AttachMethodsEx, ESMF_AttachMethodsEx.F90, line 274
  PASS  Example ESMF_AttachMethodsEx, ESMF_AttachMethodsEx.F90, line 274
  PASS  Example ESMF_AttachMethodsEx, ESMF_AttachMethodsEx.F90, line 274
[r1i3n15:30058:0:30058] Caught signal 11 (Segmentation fault: address not mapped to object at address 0x30)
--------------------------------------------------------------------------
A system call failed during shared memory initialization that should
not have.  It is likely that your MPI job will now either abort or
experience performance degradation.

  Local host:  r1i3n15
  System call: unlink(2) /dev/shm/vader_segment.r1i3n15.c9090001.0
  Error:       No such file or directory (errno 2)
--------------------------------------------------------------------------
--------------------------------------------------------------------------
A system call failed during shared memory initialization that should
not have.  It is likely that your MPI job will now either abort or
experience performance degradation.

  Local host:  r1i3n15
  System call: unlink(2) /dev/shm/vader_segment.r1i3n15.c9090001.2
  Error:       No such file or directory (errno 2)
--------------------------------------------------------------------------
[r1i3n15:30055:0:30055] Caught signal 11 (Segmentation fault: address not mapped to object at address 0x30)
[r1i3n15:30057:0:30057] Caught signal 11 (Segmentation fault: address not mapped to object at address 0x30)
--------------------------------------------------------------------------
A system call failed during shared memory initialization that should
not have.  It is likely that your MPI job will now either abort or
experience performance degradation.

  Local host:  r1i3n15
  System call: unlink(2) /dev/shm/vader_segment.r1i3n15.c9090001.1
  Error:       No such file or directory (errno 2)
--------------------------------------------------------------------------
[r1i3n15:30056:0:30056] Caught signal 11 (Segmentation fault: address not mapped to object at address 0x1730)
--------------------------------------------------------------------------
Primary job  terminated normally, but 1 process returned
a non-zero exit code. Per user-direction, the job has been aborted.
--------------------------------------------------------------------------
--------------------------------------------------------------------------
mpirun noticed that process rank 3 with PID 0 on node r1i3n15 exited on signal 11 (Segmentation fault).
--------------------------------------------------------------------------
 dummy output from attached method 
 dummy output from attached method 
 dummy output from attached method 
 dummy output from attached method 
  PASS  Example ESMF_AttachMethodsEx, ESMF_AttachMethodsEx.F90, line 274
  PASS  Example ESMF_AttachMethodsEx, ESMF_AttachMethodsEx.F90, line 274
  PASS  Example ESMF_AttachMethodsEx, ESMF_AttachMethodsEx.F90, line 274
  PASS  Example ESMF_AttachMethodsEx, ESMF_AttachMethodsEx.F90, line 274
[r1i3n15:30058:0:30058] Caught signal 11 (Segmentation fault: address not mapped to object at address 0x30)
--------------------------------------------------------------------------
A system call failed during shared memory initialization that should
not have.  It is likely that your MPI job will now either abort or
experience performance degradation.

  Local host:  r1i3n15
  System call: unlink(2) /dev/shm/vader_segment.r1i3n15.c9090001.0
  Error:       No such file or directory (errno 2)
--------------------------------------------------------------------------
--------------------------------------------------------------------------
A system call failed during shared memory initialization that should
not have.  It is likely that your MPI job will now either abort or
experience performance degradation.

  Local host:  r1i3n15
  System call: unlink(2) /dev/shm/vader_segment.r1i3n15.c9090001.2
  Error:       No such file or directory (errno 2)
--------------------------------------------------------------------------
[r1i3n15:30055:0:30055] Caught signal 11 (Segmentation fault: address not mapped to object at address 0x30)
[r1i3n15:30057:0:30057] Caught signal 11 (Segmentation fault: address not mapped to object at address 0x30)
--------------------------------------------------------------------------
A system call failed during shared memory initialization that should
not have.  It is likely that your MPI job will now either abort or
experience performance degradation.

  Local host:  r1i3n15
  System call: unlink(2) /dev/shm/vader_segment.r1i3n15.c9090001.1
  Error:       No such file or directory (errno 2)
--------------------------------------------------------------------------
[r1i3n15:30056:0:30056] Caught signal 11 (Segmentation fault: address not mapped to object at address 0x1730)
--------------------------------------------------------------------------
Primary job  terminated normally, but 1 process returned
a non-zero exit code. Per user-direction, the job has been aborted.
--------------------------------------------------------------------------
--------------------------------------------------------------------------
mpirun noticed that process rank 3 with PID 0 on node r1i3n15 exited on signal 11 (Segmentation fault).
--------------------------------------------------------------------------
