build time -- 2021-06-21 05:41:24.622630
  PASS  Example ESMF_ArrayRedistEx, ESMF_ArrayRedistEx.F90, line 595
  PASS  Example ESMF_ArrayRedistEx, ESMF_ArrayRedistEx.F90, line 595
  PASS  Example ESMF_ArrayRedistEx, ESMF_ArrayRedistEx.F90, line 595
  PASS  Example ESMF_ArrayRedistEx, ESMF_ArrayRedistEx.F90, line 595
[r1i3n14:40885:0:40885] Caught signal 11 (Segmentation fault: address not mapped to object at address 0x30)
[r1i3n14:40884:0:40884] Caught signal 11 (Segmentation fault: address not mapped to object at address 0x30)
--------------------------------------------------------------------------
A system call failed during shared memory initialization that should
not have.  It is likely that your MPI job will now either abort or
experience performance degradation.

  Local host:  r1i3n14
  System call: unlink(2) /dev/shm/vader_segment.r1i3n14.61d40001.0
  Error:       No such file or directory (errno 2)
--------------------------------------------------------------------------
[r1i3n14:40882:0:40882] Caught signal 11 (Segmentation fault: address not mapped to object at address 0xc0)
--------------------------------------------------------------------------
A system call failed during shared memory initialization that should
not have.  It is likely that your MPI job will now either abort or
experience performance degradation.

  Local host:  r1i3n14
  System call: unlink(2) /dev/shm/vader_segment.r1i3n14.61d40001.1
  Error:       No such file or directory (errno 2)
--------------------------------------------------------------------------
[r1i3n14:40883:0:40883] Caught signal 11 (Segmentation fault: address not mapped to object at address 0x180)
--------------------------------------------------------------------------
Primary job  terminated normally, but 1 process returned
a non-zero exit code. Per user-direction, the job has been aborted.
--------------------------------------------------------------------------
--------------------------------------------------------------------------
mpirun noticed that process rank 3 with PID 0 on node r1i3n14 exited on signal 11 (Segmentation fault).
--------------------------------------------------------------------------
  PASS  Example ESMF_ArrayRedistEx, ESMF_ArrayRedistEx.F90, line 595
  PASS  Example ESMF_ArrayRedistEx, ESMF_ArrayRedistEx.F90, line 595
  PASS  Example ESMF_ArrayRedistEx, ESMF_ArrayRedistEx.F90, line 595
  PASS  Example ESMF_ArrayRedistEx, ESMF_ArrayRedistEx.F90, line 595
[r1i3n14:40885:0:40885] Caught signal 11 (Segmentation fault: address not mapped to object at address 0x30)
[r1i3n14:40884:0:40884] Caught signal 11 (Segmentation fault: address not mapped to object at address 0x30)
--------------------------------------------------------------------------
A system call failed during shared memory initialization that should
not have.  It is likely that your MPI job will now either abort or
experience performance degradation.

  Local host:  r1i3n14
  System call: unlink(2) /dev/shm/vader_segment.r1i3n14.61d40001.0
  Error:       No such file or directory (errno 2)
--------------------------------------------------------------------------
[r1i3n14:40882:0:40882] Caught signal 11 (Segmentation fault: address not mapped to object at address 0xc0)
--------------------------------------------------------------------------
A system call failed during shared memory initialization that should
not have.  It is likely that your MPI job will now either abort or
experience performance degradation.

  Local host:  r1i3n14
  System call: unlink(2) /dev/shm/vader_segment.r1i3n14.61d40001.1
  Error:       No such file or directory (errno 2)
--------------------------------------------------------------------------
[r1i3n14:40883:0:40883] Caught signal 11 (Segmentation fault: address not mapped to object at address 0x180)
--------------------------------------------------------------------------
Primary job  terminated normally, but 1 process returned
a non-zero exit code. Per user-direction, the job has been aborted.
--------------------------------------------------------------------------
--------------------------------------------------------------------------
mpirun noticed that process rank 3 with PID 0 on node r1i3n14 exited on signal 11 (Segmentation fault).
--------------------------------------------------------------------------
