build time -- 2021-06-21 05:41:24.622630
 seqIndexOffset=        1099511627776
 seqIndexOffset=        1099511627776
 seqIndexOffset=        1099511627776
 seqIndexOffset=        1099511627776
--- ESMCI::DistGrid::print start ---
indexTK: Integer*8
dimCount = 1
tileCount = 1
elementCountPTile: 20 
regDecomp = NO
tileListPDe: 1 1 1 1 
elementCountPDe: 5 5 5 5 
contigFlagPDimPDe (dims separated by / ):
 for DE 0: 1 / 
 for DE 1: 1 / 
 for DE 2: 1 / 
 for DE 3: 1 / 
(min,max)IndexPDimPDe (dims separated by / ):
 for DE 0: (1, 5) / 
 for DE 1: (6, 10) / 
--- ESMCI::DistGrid::print start ---
indexTK: Integer*8
dimCount = 1
tileCount = 1
elementCountPTile: 20 
regDecomp = NO
tileListPDe: 1 1 1 1 
elementCountPDe: 5 5 5 5 
contigFlagPDimPDe (dims separated by / ):
 for DE 0: 1 / 
 for DE 1: 1 / 
--- ESMCI::DistGrid::print start ---
indexTK: Integer*8
dimCount = 1
tileCount = 1
elementCountPTile: 20 
regDecomp = NO
tileListPDe: 1 1 1 1 
elementCountPDe: 5 5 5 5 
contigFlagPDimPDe (dims separated by / ):
 for DE 0: 1 / 
 for DE 1: 1 / 
 for DE 2: 1 / 
 for DE 3: 1 / 
(min,max)IndexPDimPDe (dims separated by / ):
 for DE 0: (1, 5) / 
 for DE 1: (6, 10) / 
 for DE 2: (11, 15) / 
 for DE 3: (16, 20) / 
indexListPDimPLocalDe (dims separated by / ):
--- ESMCI::DistGrid::print start ---
indexTK: Integer*8
dimCount = 1
tileCount = 1
elementCountPTile: 20 
regDecomp = NO
tileListPDe: 1 1 1 1 
elementCountPDe: 5 5 5 5 
contigFlagPDimPDe (dims separated by / ):
 for DE 0: 1 / 
 for DE 1: 1 / 
 for DE 2: 1 / 
 for DE 3: 1 / 
(min,max)IndexPDimPDe (dims separated by / ):
 for DE 0: (1, 5) / 
 for DE 1: (6, 10) / 
 for localDE 0 - DE 2:  (11, 12, 13, 14, 15) /
diffCollocationCount = 1
collocationPDim:	1
arbSeqIndexListPCollPLocalDe:
 for DE 2: (11, 15) / 
 for DE 3: (16, 20) / 
indexListPDimPLocalDe (dims separated by / ):
 for localDE 0 - DE 0:  (1, 2, 3, 4, 5) /
diffCollocationCount = 1
collocationPDim:	1
arbSeqIndexListPCollPLocalDe:
 for collocation 1, localDE 0 - DE 0 -  elementCountPCollPLocalDe 5: (1, 5, 9, 13, 17)
connectionCount = 0
~ lower class' values ~
deCount = 4
Member on this PET appears to be an actual member.
 for DE 2: 1 / 
 for DE 3: 1 / 
(min,max)IndexPDimPDe (dims separated by / ):
 for DE 0: (1, 5) / 
 for DE 1: (6, 10) / 
 for DE 2: (11, 15) / 
 for DE 3: (16, 20) / 
indexListPDimPLocalDe (dims separated by / ):
 for DE 2: (11, 15) / 
 for DE 3: (16, 20) / 
indexListPDimPLocalDe (dims separated by / ):
 for localDE 0 - DE 1:  (6, 7, 8, 9, 10) /
diffCollocationCount = 1
collocationPDim:	1
arbSeqIndexListPCollPLocalDe:
 for collocation 1, localDE 0 - DE 1 -  elementCountPCollPLocalDe 5: (2, 6, 10, 14, 18)
connectionCount = 0
~ lower class' values ~
deCount = 4
Member on this PET appears to be an actual member.
DistGrid-VM: localPet = 1, CurrentVM: localPet = 1
DistGrid-VM: petCount = 4, CurrentVM: petCount = 4
--- ESMCI::DistGrid::print end ---
 for collocation 1, localDE 0 - DE 2 -  elementCountPCollPLocalDe 5: (3, 7, 11, 15, 19)
connectionCount = 0
~ lower class' values ~
deCount = 4
Member on this PET appears to be an actual member.
DistGrid-VM: localPet = 2, CurrentVM: localPet = 2
DistGrid-VM: petCount = 4, CurrentVM: petCount = 4
--- ESMCI::DistGrid::print end ---
DistGrid-VM: localPet = 0, CurrentVM: localPet = 0
DistGrid-VM: petCount = 4, CurrentVM: petCount = 4
--- ESMCI::DistGrid::print end ---
 for localDE 0 - DE 3:  (16, 17, 18, 19, 20) /
diffCollocationCount = 1
collocationPDim:	1
arbSeqIndexListPCollPLocalDe:
 for collocation 1, localDE 0 - DE 3 -  elementCountPCollPLocalDe 5: (4, 8, 12, 16, 20)
connectionCount = 0
~ lower class' values ~
deCount = 4
Member on this PET appears to be an actual member.
DistGrid-VM: localPet = 3, CurrentVM: localPet = 3
DistGrid-VM: petCount = 4, CurrentVM: petCount = 4
--- ESMCI::DistGrid::print end ---
 farrayPtr1d:    1099511627777.0000        1099511627781.0000        1099511627785.0000        1099511627789.0000        1099511627793.0000        0.0000000000000000     
 farrayPtr1d:    1099511627779.0000        1099511627783.0000        1099511627787.0000        1099511627791.0000        1099511627795.0000        0.0000000000000000        0.0000000000000000        0.0000000000000000     
 farrayPtr1d:    1099511627780.0000        1099511627784.0000        1099511627788.0000        1099511627792.0000        1099511627796.0000        0.0000000000000000        0.0000000000000000        0.0000000000000000        0.0000000000000000     
 farrayPtr1d:    1099511627780.0000        1099511627784.0000        1099511627788.0000        1099511627792.0000        1099511627796.0000        1099511627777.0000        1099511627779.0000        1099511627777.0000        1099511627780.0000     
  PASS  Example ESMF_ArrayArbHaloEx, ESMF_ArrayArbHaloEx.F90, line 650
 farrayPtr1d:    1099511627778.0000        1099511627782.0000        1099511627786.0000        1099511627790.0000        1099511627794.0000        0.0000000000000000        0.0000000000000000     
 farrayPtr1d:    1099511627778.0000        1099511627782.0000        1099511627786.0000        1099511627790.0000        1099511627794.0000        1099511627777.0000        1099511627795.0000     
  PASS  Example ESMF_ArrayArbHaloEx, ESMF_ArrayArbHaloEx.F90, line 650
 farrayPtr1d:    1099511627777.0000        1099511627781.0000        1099511627785.0000        1099511627789.0000        1099511627793.0000        1099511627782.0000     
  PASS  Example ESMF_ArrayArbHaloEx, ESMF_ArrayArbHaloEx.F90, line 650
 farrayPtr1d:    1099511627779.0000        1099511627783.0000        1099511627787.0000        1099511627791.0000        1099511627795.0000        1099511627792.0000        1099511627782.0000        1099511627785.0000     
  PASS  Example ESMF_ArrayArbHaloEx, ESMF_ArrayArbHaloEx.F90, line 650
--------------------------------------------------------------------------
A system call failed during shared memory initialization that should
not have.  It is likely that your MPI job will now either abort or
experience performance degradation.

  Local host:  r1i3n14
  System call: unlink(2) /dev/shm/vader_segment.r1i3n14.60e60001.3
  Error:       No such file or directory (errno 2)
--------------------------------------------------------------------------
--------------------------------------------------------------------------
A system call failed during shared memory initialization that should
not have.  It is likely that your MPI job will now either abort or
experience performance degradation.

  Local host:  r1i3n14
  System call: unlink(2) /dev/shm/vader_segment.r1i3n14.60e60001.0
  Error:       No such file or directory (errno 2)
--------------------------------------------------------------------------
[r1i3n14:40608:0:40608] Caught signal 11 (Segmentation fault: Sent by the kernel at address (nil))
--------------------------------------------------------------------------
A system call failed during shared memory initialization that should
not have.  It is likely that your MPI job will now either abort or
experience performance degradation.

  Local host:  r1i3n14
  System call: unlink(2) /dev/shm/vader_segment.r1i3n14.60e60001.1
  Error:       No such file or directory (errno 2)
--------------------------------------------------------------------------
[r1i3n14:40611:0:40611] Caught signal 11 (Segmentation fault: address not mapped to object at address 0x30)
--------------------------------------------------------------------------
A system call failed during shared memory initialization that should
not have.  It is likely that your MPI job will now either abort or
experience performance degradation.

  Local host:  r1i3n14
  System call: unlink(2) /dev/shm/vader_segment.r1i3n14.60e60001.2
  Error:       No such file or directory (errno 2)
--------------------------------------------------------------------------
[r1i3n14:40609:0:40609] Caught signal 11 (Segmentation fault: address not mapped to object at address 0x30)
[r1i3n14:40610:0:40610] Caught signal 11 (Segmentation fault: address not mapped to object at address 0x30)
--------------------------------------------------------------------------
Primary job  terminated normally, but 1 process returned
a non-zero exit code. Per user-direction, the job has been aborted.
--------------------------------------------------------------------------
==== backtrace (tid:  40608) ====
 0  /glade/u/apps/ch/opt/ucx/1.8.0/lib/libucs.so.0(ucs_handle_error+0x19c) [0x2b25a16dd22c]
 1  /glade/u/apps/ch/opt/ucx/1.8.0/lib/libucs.so.0(+0x2355c) [0x2b25a16dd55c]
 2  /glade/u/apps/ch/opt/ucx/1.8.0/lib/libucs.so.0(+0x237cb) [0x2b25a16dd7cb]
 3  /glade/u/apps/ch/os/lib64/libpthread.so.0(+0x10b00) [0x2b2591623b00]
 4  /glade/u/apps/ch/opt/openmpi/4.0.3/gnu/7.4.0/lib/libopen-pal.so.40(+0x2d3d7) [0x2b2591eb73d7]
 5  /glade/u/apps/ch/opt/openmpi/4.0.3/gnu/7.4.0/lib/openmpi/mca_btl_vader.so(+0x3ec1) [0x2b2597d10ec1]
 6  /glade/u/apps/ch/opt/openmpi/4.0.3/gnu/7.4.0/lib/libopen-pal.so.40(mca_base_component_close+0x19) [0x2b2591ee4419]
 7  /glade/u/apps/ch/opt/openmpi/4.0.3/gnu/7.4.0/lib/libopen-pal.so.40(mca_base_components_close+0x55) [0x2b2591ee44a5]
 8  /glade/u/apps/ch/opt/openmpi/4.0.3/gnu/7.4.0/lib/libopen-pal.so.40(+0x7eae3) [0x2b2591f08ae3]
 9  /glade/u/apps/ch/opt/openmpi/4.0.3/gnu/7.4.0/lib/libopen-pal.so.40(mca_base_framework_close+0x67) [0x2b2591eefa87]
10  /glade/u/apps/ch/opt/openmpi/4.0.3/gnu/7.4.0/lib/libopen-pal.so.40(opal_info_close_components+0x29) [0x2b2591ec68c9]
11  /glade/u/apps/ch/opt/openmpi/4.0.3/gnu/7.4.0/lib/libmpi.so.40(PMPI_T_finalize+0x35) [0x2b2590cf7595]
12  /glade/scratch/mpotts/gfortran_7.4.0_openmpi_O_develop/lib/libO/Linux.gfortran.64.openmpi.default/libesmf.so(_ZN5ESMCI3VMK8finalizeEi+0x250) [0x2b258deefe62]
13  /glade/scratch/mpotts/gfortran_7.4.0_openmpi_O_develop/lib/libO/Linux.gfortran.64.openmpi.default/libesmf.so(_ZN5ESMCI2VM8finalizeEP12ESMC_LogicalPi+0x4c9) [0x2b258df080b9]
14  /glade/scratch/mpotts/gfortran_7.4.0_openmpi_O_develop/lib/libO/Linux.gfortran.64.openmpi.default/libesmf.so(c_esmc_vmfinalize_+0x25) [0x2b258dee32f5]
15  /glade/scratch/mpotts/gfortran_7.4.0_openmpi_O_develop/lib/libO/Linux.gfortran.64.openmpi.default/libesmf.so(__esmf_vmmod_MOD_esmf_vmfinalize+0x2a) [0x2b258e5029a8]
16  /glade/scratch/mpotts/gfortran_7.4.0_openmpi_O_develop/lib/libO/Linux.gfortran.64.openmpi.default/libesmf.so(__esmf_initmod_MOD_esmf_finalize+0x37c) [0x2b258e394f4b]
17  ./ESMF_ArrayArbHaloEx() [0x403b9c]
18  ./ESMF_ArrayArbHaloEx() [0x403db1]
19  /glade/u/apps/ch/os/lib64/libc.so.6(__libc_start_main+0xf5) [0x2b25918506e5]
20  ./ESMF_ArrayArbHaloEx() [0x401389]
=================================

Program received signal SIGSEGV: Segmentation fault - invalid memory reference.

Backtrace for this error:
#0  0x2b2591623aff in ???
#1  0x2b2591eb73d7 in ???
#2  0x2b2597d10ec0 in ???
#3  0x2b2591ee4418 in ???
#4  0x2b2591ee44a4 in ???
#5  0x2b2591f08ae2 in ???
#6  0x2b2591eefa86 in ???
#7  0x2b2591ec68c8 in ???
#8  0x2b2590cf7594 in ???
#9  0x2b258deefe61 in ???
#10  0x2b258df080b8 in ???
#11  0x2b258dee32f4 in ???
#12  0x2b258e5029a7 in ???
#13  0x2b258e394f4a in ???
#14  0x403b9b in ???
#15  0x403db0 in ???
#16  0x2b25918506e4 in ???
#17  0x401388 in ???
	at ../sysdeps/x86_64/start.S:118
#18  0xffffffffffffffff in ???
--------------------------------------------------------------------------
mpirun noticed that process rank 2 with PID 0 on node r1i3n14 exited on signal 11 (Segmentation fault).
--------------------------------------------------------------------------
 seqIndexOffset=        1099511627776
 seqIndexOffset=        1099511627776
 seqIndexOffset=        1099511627776
 seqIndexOffset=        1099511627776
--- ESMCI::DistGrid::print start ---
indexTK: Integer*8
dimCount = 1
tileCount = 1
elementCountPTile: 20 
regDecomp = NO
tileListPDe: 1 1 1 1 
elementCountPDe: 5 5 5 5 
contigFlagPDimPDe (dims separated by / ):
 for DE 0: 1 / 
 for DE 1: 1 / 
 for DE 2: 1 / 
 for DE 3: 1 / 
(min,max)IndexPDimPDe (dims separated by / ):
 for DE 0: (1, 5) / 
 for DE 1: (6, 10) / 
--- ESMCI::DistGrid::print start ---
indexTK: Integer*8
dimCount = 1
tileCount = 1
elementCountPTile: 20 
regDecomp = NO
tileListPDe: 1 1 1 1 
elementCountPDe: 5 5 5 5 
contigFlagPDimPDe (dims separated by / ):
 for DE 0: 1 / 
 for DE 1: 1 / 
--- ESMCI::DistGrid::print start ---
indexTK: Integer*8
dimCount = 1
tileCount = 1
elementCountPTile: 20 
regDecomp = NO
tileListPDe: 1 1 1 1 
elementCountPDe: 5 5 5 5 
contigFlagPDimPDe (dims separated by / ):
 for DE 0: 1 / 
 for DE 1: 1 / 
 for DE 2: 1 / 
 for DE 3: 1 / 
(min,max)IndexPDimPDe (dims separated by / ):
 for DE 0: (1, 5) / 
 for DE 1: (6, 10) / 
 for DE 2: (11, 15) / 
 for DE 3: (16, 20) / 
indexListPDimPLocalDe (dims separated by / ):
--- ESMCI::DistGrid::print start ---
indexTK: Integer*8
dimCount = 1
tileCount = 1
elementCountPTile: 20 
regDecomp = NO
tileListPDe: 1 1 1 1 
elementCountPDe: 5 5 5 5 
contigFlagPDimPDe (dims separated by / ):
 for DE 0: 1 / 
 for DE 1: 1 / 
 for DE 2: 1 / 
 for DE 3: 1 / 
(min,max)IndexPDimPDe (dims separated by / ):
 for DE 0: (1, 5) / 
 for DE 1: (6, 10) / 
 for localDE 0 - DE 2:  (11, 12, 13, 14, 15) /
diffCollocationCount = 1
collocationPDim:	1
arbSeqIndexListPCollPLocalDe:
 for DE 2: (11, 15) / 
 for DE 3: (16, 20) / 
indexListPDimPLocalDe (dims separated by / ):
 for localDE 0 - DE 0:  (1, 2, 3, 4, 5) /
diffCollocationCount = 1
collocationPDim:	1
arbSeqIndexListPCollPLocalDe:
 for collocation 1, localDE 0 - DE 0 -  elementCountPCollPLocalDe 5: (1, 5, 9, 13, 17)
connectionCount = 0
~ lower class' values ~
deCount = 4
Member on this PET appears to be an actual member.
 for DE 2: 1 / 
 for DE 3: 1 / 
(min,max)IndexPDimPDe (dims separated by / ):
 for DE 0: (1, 5) / 
 for DE 1: (6, 10) / 
 for DE 2: (11, 15) / 
 for DE 3: (16, 20) / 
indexListPDimPLocalDe (dims separated by / ):
 for DE 2: (11, 15) / 
 for DE 3: (16, 20) / 
indexListPDimPLocalDe (dims separated by / ):
 for localDE 0 - DE 1:  (6, 7, 8, 9, 10) /
diffCollocationCount = 1
collocationPDim:	1
arbSeqIndexListPCollPLocalDe:
 for collocation 1, localDE 0 - DE 1 -  elementCountPCollPLocalDe 5: (2, 6, 10, 14, 18)
connectionCount = 0
~ lower class' values ~
deCount = 4
Member on this PET appears to be an actual member.
DistGrid-VM: localPet = 1, CurrentVM: localPet = 1
DistGrid-VM: petCount = 4, CurrentVM: petCount = 4
--- ESMCI::DistGrid::print end ---
 for collocation 1, localDE 0 - DE 2 -  elementCountPCollPLocalDe 5: (3, 7, 11, 15, 19)
connectionCount = 0
~ lower class' values ~
deCount = 4
Member on this PET appears to be an actual member.
DistGrid-VM: localPet = 2, CurrentVM: localPet = 2
DistGrid-VM: petCount = 4, CurrentVM: petCount = 4
--- ESMCI::DistGrid::print end ---
DistGrid-VM: localPet = 0, CurrentVM: localPet = 0
DistGrid-VM: petCount = 4, CurrentVM: petCount = 4
--- ESMCI::DistGrid::print end ---
 for localDE 0 - DE 3:  (16, 17, 18, 19, 20) /
diffCollocationCount = 1
collocationPDim:	1
arbSeqIndexListPCollPLocalDe:
 for collocation 1, localDE 0 - DE 3 -  elementCountPCollPLocalDe 5: (4, 8, 12, 16, 20)
connectionCount = 0
~ lower class' values ~
deCount = 4
Member on this PET appears to be an actual member.
DistGrid-VM: localPet = 3, CurrentVM: localPet = 3
DistGrid-VM: petCount = 4, CurrentVM: petCount = 4
--- ESMCI::DistGrid::print end ---
 farrayPtr1d:    1099511627777.0000        1099511627781.0000        1099511627785.0000        1099511627789.0000        1099511627793.0000        0.0000000000000000     
 farrayPtr1d:    1099511627779.0000        1099511627783.0000        1099511627787.0000        1099511627791.0000        1099511627795.0000        0.0000000000000000        0.0000000000000000        0.0000000000000000     
 farrayPtr1d:    1099511627780.0000        1099511627784.0000        1099511627788.0000        1099511627792.0000        1099511627796.0000        0.0000000000000000        0.0000000000000000        0.0000000000000000        0.0000000000000000     
 farrayPtr1d:    1099511627780.0000        1099511627784.0000        1099511627788.0000        1099511627792.0000        1099511627796.0000        1099511627777.0000        1099511627779.0000        1099511627777.0000        1099511627780.0000     
  PASS  Example ESMF_ArrayArbHaloEx, ESMF_ArrayArbHaloEx.F90, line 650
 farrayPtr1d:    1099511627778.0000        1099511627782.0000        1099511627786.0000        1099511627790.0000        1099511627794.0000        0.0000000000000000        0.0000000000000000     
 farrayPtr1d:    1099511627778.0000        1099511627782.0000        1099511627786.0000        1099511627790.0000        1099511627794.0000        1099511627777.0000        1099511627795.0000     
  PASS  Example ESMF_ArrayArbHaloEx, ESMF_ArrayArbHaloEx.F90, line 650
 farrayPtr1d:    1099511627777.0000        1099511627781.0000        1099511627785.0000        1099511627789.0000        1099511627793.0000        1099511627782.0000     
  PASS  Example ESMF_ArrayArbHaloEx, ESMF_ArrayArbHaloEx.F90, line 650
 farrayPtr1d:    1099511627779.0000        1099511627783.0000        1099511627787.0000        1099511627791.0000        1099511627795.0000        1099511627792.0000        1099511627782.0000        1099511627785.0000     
  PASS  Example ESMF_ArrayArbHaloEx, ESMF_ArrayArbHaloEx.F90, line 650
--------------------------------------------------------------------------
A system call failed during shared memory initialization that should
not have.  It is likely that your MPI job will now either abort or
experience performance degradation.

  Local host:  r1i3n14
  System call: unlink(2) /dev/shm/vader_segment.r1i3n14.60e60001.3
  Error:       No such file or directory (errno 2)
--------------------------------------------------------------------------
--------------------------------------------------------------------------
A system call failed during shared memory initialization that should
not have.  It is likely that your MPI job will now either abort or
experience performance degradation.

  Local host:  r1i3n14
  System call: unlink(2) /dev/shm/vader_segment.r1i3n14.60e60001.0
  Error:       No such file or directory (errno 2)
--------------------------------------------------------------------------
[r1i3n14:40608:0:40608] Caught signal 11 (Segmentation fault: Sent by the kernel at address (nil))
--------------------------------------------------------------------------
A system call failed during shared memory initialization that should
not have.  It is likely that your MPI job will now either abort or
experience performance degradation.

  Local host:  r1i3n14
  System call: unlink(2) /dev/shm/vader_segment.r1i3n14.60e60001.1
  Error:       No such file or directory (errno 2)
--------------------------------------------------------------------------
[r1i3n14:40611:0:40611] Caught signal 11 (Segmentation fault: address not mapped to object at address 0x30)
--------------------------------------------------------------------------
A system call failed during shared memory initialization that should
not have.  It is likely that your MPI job will now either abort or
experience performance degradation.

  Local host:  r1i3n14
  System call: unlink(2) /dev/shm/vader_segment.r1i3n14.60e60001.2
  Error:       No such file or directory (errno 2)
--------------------------------------------------------------------------
[r1i3n14:40609:0:40609] Caught signal 11 (Segmentation fault: address not mapped to object at address 0x30)
[r1i3n14:40610:0:40610] Caught signal 11 (Segmentation fault: address not mapped to object at address 0x30)
--------------------------------------------------------------------------
Primary job  terminated normally, but 1 process returned
a non-zero exit code. Per user-direction, the job has been aborted.
--------------------------------------------------------------------------
==== backtrace (tid:  40608) ====
 0  /glade/u/apps/ch/opt/ucx/1.8.0/lib/libucs.so.0(ucs_handle_error+0x19c) [0x2b25a16dd22c]
 1  /glade/u/apps/ch/opt/ucx/1.8.0/lib/libucs.so.0(+0x2355c) [0x2b25a16dd55c]
 2  /glade/u/apps/ch/opt/ucx/1.8.0/lib/libucs.so.0(+0x237cb) [0x2b25a16dd7cb]
 3  /glade/u/apps/ch/os/lib64/libpthread.so.0(+0x10b00) [0x2b2591623b00]
 4  /glade/u/apps/ch/opt/openmpi/4.0.3/gnu/7.4.0/lib/libopen-pal.so.40(+0x2d3d7) [0x2b2591eb73d7]
 5  /glade/u/apps/ch/opt/openmpi/4.0.3/gnu/7.4.0/lib/openmpi/mca_btl_vader.so(+0x3ec1) [0x2b2597d10ec1]
 6  /glade/u/apps/ch/opt/openmpi/4.0.3/gnu/7.4.0/lib/libopen-pal.so.40(mca_base_component_close+0x19) [0x2b2591ee4419]
 7  /glade/u/apps/ch/opt/openmpi/4.0.3/gnu/7.4.0/lib/libopen-pal.so.40(mca_base_components_close+0x55) [0x2b2591ee44a5]
 8  /glade/u/apps/ch/opt/openmpi/4.0.3/gnu/7.4.0/lib/libopen-pal.so.40(+0x7eae3) [0x2b2591f08ae3]
 9  /glade/u/apps/ch/opt/openmpi/4.0.3/gnu/7.4.0/lib/libopen-pal.so.40(mca_base_framework_close+0x67) [0x2b2591eefa87]
10  /glade/u/apps/ch/opt/openmpi/4.0.3/gnu/7.4.0/lib/libopen-pal.so.40(opal_info_close_components+0x29) [0x2b2591ec68c9]
11  /glade/u/apps/ch/opt/openmpi/4.0.3/gnu/7.4.0/lib/libmpi.so.40(PMPI_T_finalize+0x35) [0x2b2590cf7595]
12  /glade/scratch/mpotts/gfortran_7.4.0_openmpi_O_develop/lib/libO/Linux.gfortran.64.openmpi.default/libesmf.so(_ZN5ESMCI3VMK8finalizeEi+0x250) [0x2b258deefe62]
13  /glade/scratch/mpotts/gfortran_7.4.0_openmpi_O_develop/lib/libO/Linux.gfortran.64.openmpi.default/libesmf.so(_ZN5ESMCI2VM8finalizeEP12ESMC_LogicalPi+0x4c9) [0x2b258df080b9]
14  /glade/scratch/mpotts/gfortran_7.4.0_openmpi_O_develop/lib/libO/Linux.gfortran.64.openmpi.default/libesmf.so(c_esmc_vmfinalize_+0x25) [0x2b258dee32f5]
15  /glade/scratch/mpotts/gfortran_7.4.0_openmpi_O_develop/lib/libO/Linux.gfortran.64.openmpi.default/libesmf.so(__esmf_vmmod_MOD_esmf_vmfinalize+0x2a) [0x2b258e5029a8]
16  /glade/scratch/mpotts/gfortran_7.4.0_openmpi_O_develop/lib/libO/Linux.gfortran.64.openmpi.default/libesmf.so(__esmf_initmod_MOD_esmf_finalize+0x37c) [0x2b258e394f4b]
17  ./ESMF_ArrayArbHaloEx() [0x403b9c]
18  ./ESMF_ArrayArbHaloEx() [0x403db1]
19  /glade/u/apps/ch/os/lib64/libc.so.6(__libc_start_main+0xf5) [0x2b25918506e5]
20  ./ESMF_ArrayArbHaloEx() [0x401389]
=================================

Program received signal SIGSEGV: Segmentation fault - invalid memory reference.

Backtrace for this error:
#0  0x2b2591623aff in ???
#1  0x2b2591eb73d7 in ???
#2  0x2b2597d10ec0 in ???
#3  0x2b2591ee4418 in ???
#4  0x2b2591ee44a4 in ???
#5  0x2b2591f08ae2 in ???
#6  0x2b2591eefa86 in ???
#7  0x2b2591ec68c8 in ???
#8  0x2b2590cf7594 in ???
#9  0x2b258deefe61 in ???
#10  0x2b258df080b8 in ???
#11  0x2b258dee32f4 in ???
#12  0x2b258e5029a7 in ???
#13  0x2b258e394f4a in ???
#14  0x403b9b in ???
#15  0x403db0 in ???
#16  0x2b25918506e4 in ???
#17  0x401388 in ???
	at ../sysdeps/x86_64/start.S:118
#18  0xffffffffffffffff in ???
--------------------------------------------------------------------------
mpirun noticed that process rank 2 with PID 0 on node r1i3n14 exited on signal 11 (Segmentation fault).
--------------------------------------------------------------------------
