build time -- 2021-06-22 05:41:22.883636
--- ESMCI::Array::print start ---
--- ESMCI::Array::print start ---
 Base name    = Array008
--- ESMCI::Array::print start ---
 Base name    = Array008
 Status: Base = Ready,  object = Ready
 Proxy        = no
 Root Info (Attributes):
 Status: Base = Ready,  object = Ready
 Proxy        = no
 Root Info (Attributes):
{}Array typekind/rank: Real*8 / 2 
~ lower class' values ~
DistGrid dimCount = 2
deCount = 4
localDeCount = 1
~ local data in LocalArray for DE 0 ~
LocalArrayPrint: Array at address 0xf42e80:
            rank = 2, typekind = 6, base_addr = 0xf40030
            dim[0] = 3  dim[1] = 10  
  Real, *8, Dim 2, Data values:
( 1, 1) =  513.58
( 2, 1) =  613.58
( 3, 1) =  713.58
( 1, 2) =  514.814
( 2, 2) =  614.814
( 3, 2) =  714.814
( 1, 3) =  516.048
( 2, 3) =  616.048
( 3, 3) =  716.048
( 1, 4) =  517.283
  skipping to end ...
( 3, 7) =  720.986
( 1, 8) =  522.221
( 2, 8) =  622.221
( 3, 8) =  722.221
( 1, 9) =  523.456
( 2, 9) =  623.456
( 3, 9) =  723.456
( 1,10) =  524.69
( 2,10) =  624.69
( 3,10) =  724.69
dim 1: undistLBound[0]=1            undistUBound[0]=3
dim 2: [0]: [1 [1 [1, 10] 10] 10]
--- ESMCI::Array::print end ---
 Base name    = Array008
 Status: Base = Ready,  object = Ready
 Proxy        = no
 Root Info (Attributes):
{}Array typekind/rank: Real*8 / 2 
~ lower class' values ~
DistGrid dimCount = 2
deCount = 4
localDeCount = 1
~ local data in LocalArray for DE 1 ~
LocalArrayPrint: Array at address 0x17af190:
            rank = 2, typekind = 6, base_addr = 0x1730c20
            dim[0] = 3  dim[1] = 10  
  Real, *8, Dim 2, Data values:
( 1, 1) =  1.2345
( 2, 1) =  1.2345
( 3, 1) =  1.2345
( 1, 2) =  1.2345
( 2, 2) =  1.2345
( 3, 2) =  1.2345
( 1, 3) =  1.2345
( 2, 3) =  1.2345
( 3, 3) =  1.2345
( 1, 4) =  1.2345
  skipping to end ...
( 3, 7) =  1.2345
( 1, 8) =  1.2345
( 2, 8) =  1.2345
( 3, 8) =  1.2345
( 1, 9) =  1.2345
( 2, 9) =  1.2345
( 3, 9) =  1.2345
--- ESMCI::Array::print start ---
 Base name    = Array008
 Status: Base = Ready,  object = Ready
 Proxy        = no
 Root Info (Attributes):
{}Array typekind/rank: Real*8 / 2 
~ lower class' values ~
DistGrid dimCount = 2
deCount = 4
localDeCount = 1
~ local data in LocalArray for DE 3 ~
LocalArrayPrint: Array at address 0xd334f0:
            rank = 2, typekind = 6, base_addr = 0xd310b0
            dim[0] = 3  dim[1] = 10  
  Real, *8, Dim 2, Data values:
( 1, 1) =  513.58
( 2, 1) =  613.58
( 3, 1) =  713.58
( 1, 2) =  514.814
( 2, 2) =  614.814
( 3, 2) =  714.814
( 1, 3) =  516.048
( 2, 3) =  616.048
( 3, 3) =  716.048
( 1, 4) =  517.283
  skipping to end ...
( 3, 7) =  720.986
( 1, 8) =  522.221
( 2, 8) =  622.221
( 3, 8) =  722.221
( 1, 9) =  523.456
( 2, 9) =  623.456
( 3, 9) =  723.456
{}Array typekind/rank: Real*8 / 2 
~ lower class' values ~
DistGrid dimCount = 2
deCount = 4
localDeCount = 1
~ local data in LocalArray for DE 2 ~
LocalArrayPrint: Array at address 0x18fe850:
            rank = 2, typekind = 6, base_addr = 0x18fb260
            dim[0] = 3  dim[1] = 10  
  Real, *8, Dim 2, Data values:
( 1, 1) =  513.58
( 2, 1) =  613.58
( 3, 1) =  713.58
( 1, 2) =  514.814
( 2, 2) =  614.814
( 3, 2) =  714.814
( 1, 3) =  516.048
( 2, 3) =  616.048
( 3, 3) =  716.048
( 1, 4) =  517.283
  skipping to end ...
( 3, 7) =  720.986
( 1, 8) =  522.221
( 2, 8) =  622.221
( 3, 8) =  722.221
( 1, 9) =  523.456
( 2, 9) =  623.456
( 3, 9) =  723.456
( 1,10) =  524.69
( 2,10) =  624.69
( 3,10) =  724.69
dim 1: undistLBound[0]=1            undistUBound[0]=3
dim 2: [0]: [1 [1 [1, 10] 10] 10]
--- ESMCI::Array::print end ---
( 1,10) =  524.69
( 2,10) =  624.69
( 3,10) =  724.69
( 1,10) =  1.2345
( 2,10) =  1.2345
( 3,10) =  1.2345
dim 1: undistLBound[0]=1            undistUBound[0]=3
dim 2: [0]: [1 [1 [1, 10] 10] 10]
--- ESMCI::Array::print end ---
dim 1: undistLBound[0]=1            undistUBound[0]=3
dim 2: [0]: [1 [1 [1, 10] 10] 10]
--- ESMCI::Array::print end ---
 localPet =            2 myFarray2D2:    0.0000000000000000        0.0000000000000000        0.0000000000000000        0.0000000000000000        0.0000000000000000        0.0000000000000000        0.0000000000000000        0.0000000000000000        0.0000000000000000        0.0000000000000000        0.0000000000000000        0.0000000000000000        0.0000000000000000        0.0000000000000000        0.0000000000000000        0.0000000000000000        0.0000000000000000        0.0000000000000000        0.0000000000000000        0.0000000000000000        0.0000000000000000        0.0000000000000000        0.0000000000000000        0.0000000000000000        0.0000000000000000        0.0000000000000000        0.0000000000000000        0.0000000000000000        0.0000000000000000        0.0000000000000000     
--- ESMCI::Array::print start ---
 Base name    = Array008
 Status: Base = Ready,  object = Ready
 Proxy        = no
 Root Info (Attributes):
{} localPet =            1 myFarray2D2:    0.0000000000000000        0.0000000000000000        0.0000000000000000        0.0000000000000000        0.0000000000000000        0.0000000000000000        0.0000000000000000        0.0000000000000000        0.0000000000000000        0.0000000000000000        0.0000000000000000        0.0000000000000000        0.0000000000000000        0.0000000000000000        0.0000000000000000        0.0000000000000000        0.0000000000000000        0.0000000000000000        0.0000000000000000        0.0000000000000000        0.0000000000000000        0.0000000000000000        0.0000000000000000        0.0000000000000000        0.0000000000000000        0.0000000000000000        0.0000000000000000        0.0000000000000000        0.0000000000000000        0.0000000000000000     
--- ESMCI::Array::print start ---
 Base name    = Array008
 Status: Base = Ready,  object = Ready
 Proxy        = no
 Root Info (Attributes):
{}Array typekind/rank: Real*8 / 2 
~ lower class' values ~
DistGrid dimCount = 2
deCount = 4
localDeCount = 1
~ local data in LocalArray for DE 1 ~
LocalArrayPrint: Array at address 0x17af190:
            rank = 2, typekind = 6, base_addr = 0x1730c20
            dim[0] = 3  dim[1] = 10  
  Real, *8, Dim 2, Data values:
( 1, 1) =  1.2345
( 2, 1) =  1.2345
( 3, 1) =  1.2345
( 1, 2) =  1.2345
( 2, 2) =  1.2345
( 3, 2) =  1.2345
( 1, 3) =  1.2345
( 2, 3) =  1.2345
( 3, 3) =  1.2345
( 1, 4) =  1.2345
  skipping to end ...
( 3, 7) =  1.2345
( 1, 8) =  1.2345
( 2, 8) =  1.2345
( 3, 8) =  1.2345
( 1, 9) =  1.2345
( 2, 9) =  1.2345
( 3, 9) =  1.2345
( 1,10) =  1.2345
( 2,10) =  1.2345
( 3,10) =  1.2345
dim 1: undistLBound[0]=1            undistUBound[0]=3
dim 2: [0]: [1 [1 [1, 10] 10] 10]
--- ESMCI::Array::print end ---
 localPet =            1 myFarray2D2:    0.0000000000000000        0.0000000000000000        0.0000000000000000        0.0000000000000000        0.0000000000000000        0.0000000000000000        0.0000000000000000        0.0000000000000000        0.0000000000000000        0.0000000000000000        0.0000000000000000        0.0000000000000000        0.0000000000000000        0.0000000000000000        0.0000000000000000        0.0000000000000000        0.0000000000000000        0.0000000000000000        0.0000000000000000        0.0000000000000000        0.0000000000000000        0.0000000000000000        0.0000000000000000        0.0000000000000000        0.0000000000000000        0.0000000000000000        0.0000000000000000        0.0000000000000000        0.0000000000000000        0.0000000000000000     
  PASS  Example ESMF_ArrayScatterGatherEx, ESMF_ArrayScatterGatherEx.F90, line 328
 localPet =            0 myFarray2D2:    513.57950000000005        613.57950000000005        713.57950000000005        514.81399999999996        614.81399999999996        714.81399999999996        516.04849999999999        616.04849999999999        716.04849999999999        517.28300000000002        617.28300000000002        717.28300000000002        518.51750000000004        618.51750000000004        718.51750000000004        519.75199999999995        619.75199999999995        719.75199999999995        520.98649999999998        620.98649999999998        720.98649999999998        522.22100000000000        622.22100000000000        722.22100000000000        523.45550000000003        623.45550000000003        723.45550000000003        524.69000000000005        624.69000000000005        724.69000000000005     
--- ESMCI::Array::print start ---
 Base name    = Array008
 Status: Base = Ready,  object = Ready
 Proxy        = no
 Root Info (Attributes):
{}Array typekind/rank: Real*8 / 2 
~ lower class' values ~
DistGrid dimCount = 2
deCount = 4
localDeCount = 1
~ local data in LocalArray for DE 0 ~
LocalArrayPrint: Array at address 0xf42e80:
            rank = 2, typekind = 6, base_addr = 0xf40030
            dim[0] = 3  dim[1] = 10  
  Real, *8, Dim 2, Data values:
( 1, 1) =  513.58
( 2, 1) =  613.58
( 3, 1) =  713.58
( 1, 2) =  514.814
( 2, 2) =  614.814
( 3, 2) =  714.814
( 1, 3) =  516.048
( 2, 3) =  616.048
( 3, 3) =  716.048
( 1, 4) =  517.283
  skipping to end ...
( 3, 7) =  720.986
( 1, 8) =  522.221
( 2, 8) =  622.221
( 3, 8) =  722.221
( 1, 9) =  523.456
( 2, 9) =  623.456
( 3, 9) =  723.456
( 1,10) =  524.69
( 2,10) =  624.69
( 3,10) =  724.69
dim 1: undistLBound[0]=1            undistUBound[0]=3
dim 2: [0]: [1 [1 [1, 10] 10] 10]
--- ESMCI::Array::print end ---
 localPet =            0 myFarray2D2:    5.4320998191833496        5.4320998191833496        5.4320998191833496        5.4320998191833496        5.4320998191833496        5.4320998191833496        5.4320998191833496        5.4320998191833496        5.4320998191833496        5.4320998191833496        5.4320998191833496        5.4320998191833496        5.4320998191833496        5.4320998191833496        5.4320998191833496        5.4320998191833496        5.4320998191833496        5.4320998191833496        5.4320998191833496        5.4320998191833496        5.4320998191833496        5.4320998191833496        5.4320998191833496        5.4320998191833496        5.4320998191833496        5.4320998191833496        5.4320998191833496        5.4320998191833496        5.4320998191833496        5.4320998191833496     
  PASS  Example ESMF_ArrayScatterGatherEx, ESMF_ArrayScatterGatherEx.F90, line 328
 localPet =            3 myFarray2D2:    0.0000000000000000        0.0000000000000000        0.0000000000000000        0.0000000000000000        0.0000000000000000        0.0000000000000000        0.0000000000000000        0.0000000000000000        0.0000000000000000        0.0000000000000000        0.0000000000000000        0.0000000000000000        0.0000000000000000        0.0000000000000000        0.0000000000000000        0.0000000000000000        0.0000000000000000        0.0000000000000000        0.0000000000000000        0.0000000000000000        0.0000000000000000        0.0000000000000000        0.0000000000000000        0.0000000000000000        0.0000000000000000        0.0000000000000000        0.0000000000000000        0.0000000000000000        0.0000000000000000        0.0000000000000000     
--- ESMCI::Array::print start ---
 Base name    = Array008
 Status: Base = Ready,  object = Ready
 Proxy        = no
 Root Info (Attributes):
{}Array typekind/rank: Real*8 / 2 
~ lower class' values ~
DistGrid dimCount = 2
deCount = 4
localDeCount = 1
~ local data in LocalArray for DE 3 ~
LocalArrayPrint: Array at address 0xd334f0:
            rank = 2, typekind = 6, base_addr = 0xd310b0
            dim[0] = 3  dim[1] = 10  
  Real, *8, Dim 2, Data values:
( 1, 1) =  5.4321
( 2, 1) =  5.4321
( 3, 1) =  5.4321
( 1, 2) =  5.4321
( 2, 2) =  5.4321
( 3, 2) =  5.4321
( 1, 3) =  5.4321
( 2, 3) =  5.4321
( 3, 3) =  5.4321
( 1, 4) =  5.4321
  skipping to end ...
( 3, 7) =  5.4321
( 1, 8) =  5.4321
( 2, 8) =  5.4321
( 3, 8) =  5.4321
( 1, 9) =  5.4321
( 2, 9) =  5.4321
( 3, 9) =  5.4321
( 1,10) =  5.4321
( 2,10) =  5.4321
( 3,10) =  5.4321
dim 1: undistLBound[0]=1            undistUBound[0]=3
dim 2: [0]: [1 [1 [1, 10] 10] 10]
--- ESMCI::Array::print end ---
 localPet =            3 myFarray2D2:    0.0000000000000000        0.0000000000000000        0.0000000000000000        0.0000000000000000        0.0000000000000000        0.0000000000000000        0.0000000000000000        0.0000000000000000        0.0000000000000000        0.0000000000000000        0.0000000000000000        0.0000000000000000        0.0000000000000000        0.0000000000000000        0.0000000000000000        0.0000000000000000        0.0000000000000000        0.0000000000000000        0.0000000000000000        0.0000000000000000        0.0000000000000000        0.0000000000000000        0.0000000000000000        0.0000000000000000        0.0000000000000000        0.0000000000000000        0.0000000000000000        0.0000000000000000        0.0000000000000000        0.0000000000000000     
  PASS  Example ESMF_ArrayScatterGatherEx, ESMF_ArrayScatterGatherEx.F90, line 328
Array typekind/rank: Real*8 / 2 
~ lower class' values ~
DistGrid dimCount = 2
deCount = 4
localDeCount = 1
~ local data in LocalArray for DE 2 ~
LocalArrayPrint: Array at address 0x18fe850:
            rank = 2, typekind = 6, base_addr = 0x18fb260
            dim[0] = 3  dim[1] = 10  
  Real, *8, Dim 2, Data values:
( 1, 1) =  513.58
( 2, 1) =  613.58
( 3, 1) =  713.58
( 1, 2) =  514.814
( 2, 2) =  614.814
( 3, 2) =  714.814
( 1, 3) =  516.048
( 2, 3) =  616.048
( 3, 3) =  716.048
( 1, 4) =  517.283
  skipping to end ...
( 3, 7) =  720.986
( 1, 8) =  522.221
( 2, 8) =  622.221
( 3, 8) =  722.221
( 1, 9) =  523.456
( 2, 9) =  623.456
( 3, 9) =  723.456
( 1,10) =  524.69
( 2,10) =  624.69
( 3,10) =  724.69
dim 1: undistLBound[0]=1            undistUBound[0]=3
dim 2: [0]: [1 [1 [1, 10] 10] 10]
--- ESMCI::Array::print end ---
 localPet =            2 myFarray2D2:    0.0000000000000000        0.0000000000000000        0.0000000000000000        0.0000000000000000        0.0000000000000000        0.0000000000000000        0.0000000000000000        0.0000000000000000        0.0000000000000000        0.0000000000000000        0.0000000000000000        0.0000000000000000        0.0000000000000000        0.0000000000000000        0.0000000000000000        0.0000000000000000        0.0000000000000000        0.0000000000000000        0.0000000000000000        0.0000000000000000        0.0000000000000000        0.0000000000000000        0.0000000000000000        0.0000000000000000        0.0000000000000000        0.0000000000000000        0.0000000000000000        0.0000000000000000        0.0000000000000000        0.0000000000000000     
  PASS  Example ESMF_ArrayScatterGatherEx, ESMF_ArrayScatterGatherEx.F90, line 328
[r1i3n15:68936:0:68936] Caught signal 11 (Segmentation fault: address not mapped to object at address 0x30)
--------------------------------------------------------------------------
A system call failed during shared memory initialization that should
not have.  It is likely that your MPI job will now either abort or
experience performance degradation.

  Local host:  r1i3n15
  System call: unlink(2) /dev/shm/vader_segment.r1i3n15.b12f0001.3
  Error:       No such file or directory (errno 2)
--------------------------------------------------------------------------
--------------------------------------------------------------------------
A system call failed during shared memory initialization that should
not have.  It is likely that your MPI job will now either abort or
experience performance degradation.

  Local host:  r1i3n15
  System call: unlink(2) /dev/shm/vader_segment.r1i3n15.b12f0001.2
  Error:       No such file or directory (errno 2)
--------------------------------------------------------------------------
[r1i3n15:68939:0:68939] Caught signal 11 (Segmentation fault: Sent by the kernel at address (nil))
[r1i3n15:68938:0:68938] Caught signal 11 (Segmentation fault: address not mapped to object at address 0x40)
--------------------------------------------------------------------------
A system call failed during shared memory initialization that should
not have.  It is likely that your MPI job will now either abort or
experience performance degradation.

  Local host:  r1i3n15
  System call: unlink(2) /dev/shm/vader_segment.r1i3n15.b12f0001.1
  Error:       No such file or directory (errno 2)
--------------------------------------------------------------------------
[r1i3n15:68937:0:68937] Caught signal 11 (Segmentation fault: address not mapped to object at address 0x30)
--------------------------------------------------------------------------
Primary job  terminated normally, but 1 process returned
a non-zero exit code. Per user-direction, the job has been aborted.
--------------------------------------------------------------------------
==== backtrace (tid:  68939) ====
 0  /glade/u/apps/ch/opt/ucx/1.8.0/lib/libucs.so.0(ucs_handle_error+0x19c) [0x2b51ef91f22c]
 1  /glade/u/apps/ch/opt/ucx/1.8.0/lib/libucs.so.0(+0x2355c) [0x2b51ef91f55c]
 2  /glade/u/apps/ch/opt/ucx/1.8.0/lib/libucs.so.0(+0x237cb) [0x2b51ef91f7cb]
 3  /glade/u/apps/ch/os/lib64/libpthread.so.0(+0x10b00) [0x2b51e378fb00]
 4  /glade/u/apps/ch/opt/openmpi/4.0.3/gnu/7.4.0/lib/libopen-pal.so.40(+0x2d3d7) [0x2b51e40233d7]
 5  /glade/u/apps/ch/opt/openmpi/4.0.3/gnu/7.4.0/lib/openmpi/mca_btl_vader.so(+0x3ec1) [0x2b51ee039ec1]
 6  /glade/u/apps/ch/opt/openmpi/4.0.3/gnu/7.4.0/lib/libopen-pal.so.40(mca_base_component_close+0x19) [0x2b51e4050419]
 7  /glade/u/apps/ch/opt/openmpi/4.0.3/gnu/7.4.0/lib/libopen-pal.so.40(mca_base_components_close+0x55) [0x2b51e40504a5]
 8  /glade/u/apps/ch/opt/openmpi/4.0.3/gnu/7.4.0/lib/libopen-pal.so.40(+0x7eae3) [0x2b51e4074ae3]
 9  /glade/u/apps/ch/opt/openmpi/4.0.3/gnu/7.4.0/lib/libopen-pal.so.40(mca_base_framework_close+0x67) [0x2b51e405ba87]
10  /glade/u/apps/ch/opt/openmpi/4.0.3/gnu/7.4.0/lib/libopen-pal.so.40(opal_info_close_components+0x29) [0x2b51e40328c9]
11  /glade/u/apps/ch/opt/openmpi/4.0.3/gnu/7.4.0/lib/libmpi.so.40(PMPI_T_finalize+0x35) [0x2b51e2e63595]
12  /glade/scratch/mpotts/gfortran_7.4.0_openmpi_O_develop/lib/libO/Linux.gfortran.64.openmpi.default/libesmf.so(_ZN5ESMCI3VMK8finalizeEi+0x250) [0x2b51e005be62]
13  /glade/scratch/mpotts/gfortran_7.4.0_openmpi_O_develop/lib/libO/Linux.gfortran.64.openmpi.default/libesmf.so(_ZN5ESMCI2VM8finalizeEP12ESMC_LogicalPi+0x4c9) [0x2b51e00740bd]
14  /glade/scratch/mpotts/gfortran_7.4.0_openmpi_O_develop/lib/libO/Linux.gfortran.64.openmpi.default/libesmf.so(c_esmc_vmfinalize_+0x25) [0x2b51e004f2f5]
15  /glade/scratch/mpotts/gfortran_7.4.0_openmpi_O_develop/lib/libO/Linux.gfortran.64.openmpi.default/libesmf.so(__esmf_vmmod_MOD_esmf_vmfinalize+0x2a) [0x2b51e066e9ac]
16  /glade/scratch/mpotts/gfortran_7.4.0_openmpi_O_develop/lib/libO/Linux.gfortran.64.openmpi.default/libesmf.so(__esmf_initmod_MOD_esmf_finalize+0x37c) [0x2b51e0500f4f]
17  ./ESMF_ArrayScatterGatherEx() [0x402bee]
18  ./ESMF_ArrayScatterGatherEx() [0x402fdf]
19  /glade/u/apps/ch/os/lib64/libc.so.6(__libc_start_main+0xf5) [0x2b51e39bc6e5]
20  ./ESMF_ArrayScatterGatherEx() [0x401339]
=================================

Program received signal SIGSEGV: Segmentation fault - invalid memory reference.

Backtrace for this error:
#0  0x2b51e378faff in ???
#1  0x2b51e40233d7 in ???
#2  0x2b51ee039ec0 in ???
#3  0x2b51e4050418 in ???
#4  0x2b51e40504a4 in ???
#5  0x2b51e4074ae2 in ???
#6  0x2b51e405ba86 in ???
#7  0x2b51e40328c8 in ???
#8  0x2b51e2e63594 in ???
#9  0x2b51e005be61 in ???
#10  0x2b51e00740bc in ???
#11  0x2b51e004f2f4 in ???
#12  0x2b51e066e9ab in ???
#13  0x2b51e0500f4e in ???
#14  0x402bed in ???
#15  0x402fde in ???
#16  0x2b51e39bc6e4 in ???
#17  0x401338 in ???
	at ../sysdeps/x86_64/start.S:118
#18  0xffffffffffffffff in ???
--------------------------------------------------------------------------
mpirun noticed that process rank 0 with PID 0 on node r1i3n15 exited on signal 11 (Segmentation fault).
--------------------------------------------------------------------------
--- ESMCI::Array::print start ---
--- ESMCI::Array::print start ---
 Base name    = Array008
--- ESMCI::Array::print start ---
 Base name    = Array008
 Status: Base = Ready,  object = Ready
 Proxy        = no
 Root Info (Attributes):
 Status: Base = Ready,  object = Ready
 Proxy        = no
 Root Info (Attributes):
{}Array typekind/rank: Real*8 / 2 
~ lower class' values ~
DistGrid dimCount = 2
deCount = 4
localDeCount = 1
~ local data in LocalArray for DE 0 ~
LocalArrayPrint: Array at address 0xf42e80:
            rank = 2, typekind = 6, base_addr = 0xf40030
            dim[0] = 3  dim[1] = 10  
  Real, *8, Dim 2, Data values:
( 1, 1) =  513.58
( 2, 1) =  613.58
( 3, 1) =  713.58
( 1, 2) =  514.814
( 2, 2) =  614.814
( 3, 2) =  714.814
( 1, 3) =  516.048
( 2, 3) =  616.048
( 3, 3) =  716.048
( 1, 4) =  517.283
  skipping to end ...
( 3, 7) =  720.986
( 1, 8) =  522.221
( 2, 8) =  622.221
( 3, 8) =  722.221
( 1, 9) =  523.456
( 2, 9) =  623.456
( 3, 9) =  723.456
( 1,10) =  524.69
( 2,10) =  624.69
( 3,10) =  724.69
dim 1: undistLBound[0]=1            undistUBound[0]=3
dim 2: [0]: [1 [1 [1, 10] 10] 10]
--- ESMCI::Array::print end ---
 Base name    = Array008
 Status: Base = Ready,  object = Ready
 Proxy        = no
 Root Info (Attributes):
{}Array typekind/rank: Real*8 / 2 
~ lower class' values ~
DistGrid dimCount = 2
deCount = 4
localDeCount = 1
~ local data in LocalArray for DE 1 ~
LocalArrayPrint: Array at address 0x17af190:
            rank = 2, typekind = 6, base_addr = 0x1730c20
            dim[0] = 3  dim[1] = 10  
  Real, *8, Dim 2, Data values:
( 1, 1) =  1.2345
( 2, 1) =  1.2345
( 3, 1) =  1.2345
( 1, 2) =  1.2345
( 2, 2) =  1.2345
( 3, 2) =  1.2345
( 1, 3) =  1.2345
( 2, 3) =  1.2345
( 3, 3) =  1.2345
( 1, 4) =  1.2345
  skipping to end ...
( 3, 7) =  1.2345
( 1, 8) =  1.2345
( 2, 8) =  1.2345
( 3, 8) =  1.2345
( 1, 9) =  1.2345
( 2, 9) =  1.2345
( 3, 9) =  1.2345
--- ESMCI::Array::print start ---
 Base name    = Array008
 Status: Base = Ready,  object = Ready
 Proxy        = no
 Root Info (Attributes):
{}Array typekind/rank: Real*8 / 2 
~ lower class' values ~
DistGrid dimCount = 2
deCount = 4
localDeCount = 1
~ local data in LocalArray for DE 3 ~
LocalArrayPrint: Array at address 0xd334f0:
            rank = 2, typekind = 6, base_addr = 0xd310b0
            dim[0] = 3  dim[1] = 10  
  Real, *8, Dim 2, Data values:
( 1, 1) =  513.58
( 2, 1) =  613.58
( 3, 1) =  713.58
( 1, 2) =  514.814
( 2, 2) =  614.814
( 3, 2) =  714.814
( 1, 3) =  516.048
( 2, 3) =  616.048
( 3, 3) =  716.048
( 1, 4) =  517.283
  skipping to end ...
( 3, 7) =  720.986
( 1, 8) =  522.221
( 2, 8) =  622.221
( 3, 8) =  722.221
( 1, 9) =  523.456
( 2, 9) =  623.456
( 3, 9) =  723.456
{}Array typekind/rank: Real*8 / 2 
~ lower class' values ~
DistGrid dimCount = 2
deCount = 4
localDeCount = 1
~ local data in LocalArray for DE 2 ~
LocalArrayPrint: Array at address 0x18fe850:
            rank = 2, typekind = 6, base_addr = 0x18fb260
            dim[0] = 3  dim[1] = 10  
  Real, *8, Dim 2, Data values:
( 1, 1) =  513.58
( 2, 1) =  613.58
( 3, 1) =  713.58
( 1, 2) =  514.814
( 2, 2) =  614.814
( 3, 2) =  714.814
( 1, 3) =  516.048
( 2, 3) =  616.048
( 3, 3) =  716.048
( 1, 4) =  517.283
  skipping to end ...
( 3, 7) =  720.986
( 1, 8) =  522.221
( 2, 8) =  622.221
( 3, 8) =  722.221
( 1, 9) =  523.456
( 2, 9) =  623.456
( 3, 9) =  723.456
( 1,10) =  524.69
( 2,10) =  624.69
( 3,10) =  724.69
dim 1: undistLBound[0]=1            undistUBound[0]=3
dim 2: [0]: [1 [1 [1, 10] 10] 10]
--- ESMCI::Array::print end ---
( 1,10) =  524.69
( 2,10) =  624.69
( 3,10) =  724.69
( 1,10) =  1.2345
( 2,10) =  1.2345
( 3,10) =  1.2345
dim 1: undistLBound[0]=1            undistUBound[0]=3
dim 2: [0]: [1 [1 [1, 10] 10] 10]
--- ESMCI::Array::print end ---
dim 1: undistLBound[0]=1            undistUBound[0]=3
dim 2: [0]: [1 [1 [1, 10] 10] 10]
--- ESMCI::Array::print end ---
 localPet =            2 myFarray2D2:    0.0000000000000000        0.0000000000000000        0.0000000000000000        0.0000000000000000        0.0000000000000000        0.0000000000000000        0.0000000000000000        0.0000000000000000        0.0000000000000000        0.0000000000000000        0.0000000000000000        0.0000000000000000        0.0000000000000000        0.0000000000000000        0.0000000000000000        0.0000000000000000        0.0000000000000000        0.0000000000000000        0.0000000000000000        0.0000000000000000        0.0000000000000000        0.0000000000000000        0.0000000000000000        0.0000000000000000        0.0000000000000000        0.0000000000000000        0.0000000000000000        0.0000000000000000        0.0000000000000000        0.0000000000000000     
--- ESMCI::Array::print start ---
 Base name    = Array008
 Status: Base = Ready,  object = Ready
 Proxy        = no
 Root Info (Attributes):
{} localPet =            1 myFarray2D2:    0.0000000000000000        0.0000000000000000        0.0000000000000000        0.0000000000000000        0.0000000000000000        0.0000000000000000        0.0000000000000000        0.0000000000000000        0.0000000000000000        0.0000000000000000        0.0000000000000000        0.0000000000000000        0.0000000000000000        0.0000000000000000        0.0000000000000000        0.0000000000000000        0.0000000000000000        0.0000000000000000        0.0000000000000000        0.0000000000000000        0.0000000000000000        0.0000000000000000        0.0000000000000000        0.0000000000000000        0.0000000000000000        0.0000000000000000        0.0000000000000000        0.0000000000000000        0.0000000000000000        0.0000000000000000     
--- ESMCI::Array::print start ---
 Base name    = Array008
 Status: Base = Ready,  object = Ready
 Proxy        = no
 Root Info (Attributes):
{}Array typekind/rank: Real*8 / 2 
~ lower class' values ~
DistGrid dimCount = 2
deCount = 4
localDeCount = 1
~ local data in LocalArray for DE 1 ~
LocalArrayPrint: Array at address 0x17af190:
            rank = 2, typekind = 6, base_addr = 0x1730c20
            dim[0] = 3  dim[1] = 10  
  Real, *8, Dim 2, Data values:
( 1, 1) =  1.2345
( 2, 1) =  1.2345
( 3, 1) =  1.2345
( 1, 2) =  1.2345
( 2, 2) =  1.2345
( 3, 2) =  1.2345
( 1, 3) =  1.2345
( 2, 3) =  1.2345
( 3, 3) =  1.2345
( 1, 4) =  1.2345
  skipping to end ...
( 3, 7) =  1.2345
( 1, 8) =  1.2345
( 2, 8) =  1.2345
( 3, 8) =  1.2345
( 1, 9) =  1.2345
( 2, 9) =  1.2345
( 3, 9) =  1.2345
( 1,10) =  1.2345
( 2,10) =  1.2345
( 3,10) =  1.2345
dim 1: undistLBound[0]=1            undistUBound[0]=3
dim 2: [0]: [1 [1 [1, 10] 10] 10]
--- ESMCI::Array::print end ---
 localPet =            1 myFarray2D2:    0.0000000000000000        0.0000000000000000        0.0000000000000000        0.0000000000000000        0.0000000000000000        0.0000000000000000        0.0000000000000000        0.0000000000000000        0.0000000000000000        0.0000000000000000        0.0000000000000000        0.0000000000000000        0.0000000000000000        0.0000000000000000        0.0000000000000000        0.0000000000000000        0.0000000000000000        0.0000000000000000        0.0000000000000000        0.0000000000000000        0.0000000000000000        0.0000000000000000        0.0000000000000000        0.0000000000000000        0.0000000000000000        0.0000000000000000        0.0000000000000000        0.0000000000000000        0.0000000000000000        0.0000000000000000     
  PASS  Example ESMF_ArrayScatterGatherEx, ESMF_ArrayScatterGatherEx.F90, line 328
 localPet =            0 myFarray2D2:    513.57950000000005        613.57950000000005        713.57950000000005        514.81399999999996        614.81399999999996        714.81399999999996        516.04849999999999        616.04849999999999        716.04849999999999        517.28300000000002        617.28300000000002        717.28300000000002        518.51750000000004        618.51750000000004        718.51750000000004        519.75199999999995        619.75199999999995        719.75199999999995        520.98649999999998        620.98649999999998        720.98649999999998        522.22100000000000        622.22100000000000        722.22100000000000        523.45550000000003        623.45550000000003        723.45550000000003        524.69000000000005        624.69000000000005        724.69000000000005     
--- ESMCI::Array::print start ---
 Base name    = Array008
 Status: Base = Ready,  object = Ready
 Proxy        = no
 Root Info (Attributes):
{}Array typekind/rank: Real*8 / 2 
~ lower class' values ~
DistGrid dimCount = 2
deCount = 4
localDeCount = 1
~ local data in LocalArray for DE 0 ~
LocalArrayPrint: Array at address 0xf42e80:
            rank = 2, typekind = 6, base_addr = 0xf40030
            dim[0] = 3  dim[1] = 10  
  Real, *8, Dim 2, Data values:
( 1, 1) =  513.58
( 2, 1) =  613.58
( 3, 1) =  713.58
( 1, 2) =  514.814
( 2, 2) =  614.814
( 3, 2) =  714.814
( 1, 3) =  516.048
( 2, 3) =  616.048
( 3, 3) =  716.048
( 1, 4) =  517.283
  skipping to end ...
( 3, 7) =  720.986
( 1, 8) =  522.221
( 2, 8) =  622.221
( 3, 8) =  722.221
( 1, 9) =  523.456
( 2, 9) =  623.456
( 3, 9) =  723.456
( 1,10) =  524.69
( 2,10) =  624.69
( 3,10) =  724.69
dim 1: undistLBound[0]=1            undistUBound[0]=3
dim 2: [0]: [1 [1 [1, 10] 10] 10]
--- ESMCI::Array::print end ---
 localPet =            0 myFarray2D2:    5.4320998191833496        5.4320998191833496        5.4320998191833496        5.4320998191833496        5.4320998191833496        5.4320998191833496        5.4320998191833496        5.4320998191833496        5.4320998191833496        5.4320998191833496        5.4320998191833496        5.4320998191833496        5.4320998191833496        5.4320998191833496        5.4320998191833496        5.4320998191833496        5.4320998191833496        5.4320998191833496        5.4320998191833496        5.4320998191833496        5.4320998191833496        5.4320998191833496        5.4320998191833496        5.4320998191833496        5.4320998191833496        5.4320998191833496        5.4320998191833496        5.4320998191833496        5.4320998191833496        5.4320998191833496     
  PASS  Example ESMF_ArrayScatterGatherEx, ESMF_ArrayScatterGatherEx.F90, line 328
 localPet =            3 myFarray2D2:    0.0000000000000000        0.0000000000000000        0.0000000000000000        0.0000000000000000        0.0000000000000000        0.0000000000000000        0.0000000000000000        0.0000000000000000        0.0000000000000000        0.0000000000000000        0.0000000000000000        0.0000000000000000        0.0000000000000000        0.0000000000000000        0.0000000000000000        0.0000000000000000        0.0000000000000000        0.0000000000000000        0.0000000000000000        0.0000000000000000        0.0000000000000000        0.0000000000000000        0.0000000000000000        0.0000000000000000        0.0000000000000000        0.0000000000000000        0.0000000000000000        0.0000000000000000        0.0000000000000000        0.0000000000000000     
--- ESMCI::Array::print start ---
 Base name    = Array008
 Status: Base = Ready,  object = Ready
 Proxy        = no
 Root Info (Attributes):
{}Array typekind/rank: Real*8 / 2 
~ lower class' values ~
DistGrid dimCount = 2
deCount = 4
localDeCount = 1
~ local data in LocalArray for DE 3 ~
LocalArrayPrint: Array at address 0xd334f0:
            rank = 2, typekind = 6, base_addr = 0xd310b0
            dim[0] = 3  dim[1] = 10  
  Real, *8, Dim 2, Data values:
( 1, 1) =  5.4321
( 2, 1) =  5.4321
( 3, 1) =  5.4321
( 1, 2) =  5.4321
( 2, 2) =  5.4321
( 3, 2) =  5.4321
( 1, 3) =  5.4321
( 2, 3) =  5.4321
( 3, 3) =  5.4321
( 1, 4) =  5.4321
  skipping to end ...
( 3, 7) =  5.4321
( 1, 8) =  5.4321
( 2, 8) =  5.4321
( 3, 8) =  5.4321
( 1, 9) =  5.4321
( 2, 9) =  5.4321
( 3, 9) =  5.4321
( 1,10) =  5.4321
( 2,10) =  5.4321
( 3,10) =  5.4321
dim 1: undistLBound[0]=1            undistUBound[0]=3
dim 2: [0]: [1 [1 [1, 10] 10] 10]
--- ESMCI::Array::print end ---
 localPet =            3 myFarray2D2:    0.0000000000000000        0.0000000000000000        0.0000000000000000        0.0000000000000000        0.0000000000000000        0.0000000000000000        0.0000000000000000        0.0000000000000000        0.0000000000000000        0.0000000000000000        0.0000000000000000        0.0000000000000000        0.0000000000000000        0.0000000000000000        0.0000000000000000        0.0000000000000000        0.0000000000000000        0.0000000000000000        0.0000000000000000        0.0000000000000000        0.0000000000000000        0.0000000000000000        0.0000000000000000        0.0000000000000000        0.0000000000000000        0.0000000000000000        0.0000000000000000        0.0000000000000000        0.0000000000000000        0.0000000000000000     
  PASS  Example ESMF_ArrayScatterGatherEx, ESMF_ArrayScatterGatherEx.F90, line 328
Array typekind/rank: Real*8 / 2 
~ lower class' values ~
DistGrid dimCount = 2
deCount = 4
localDeCount = 1
~ local data in LocalArray for DE 2 ~
LocalArrayPrint: Array at address 0x18fe850:
            rank = 2, typekind = 6, base_addr = 0x18fb260
            dim[0] = 3  dim[1] = 10  
  Real, *8, Dim 2, Data values:
( 1, 1) =  513.58
( 2, 1) =  613.58
( 3, 1) =  713.58
( 1, 2) =  514.814
( 2, 2) =  614.814
( 3, 2) =  714.814
( 1, 3) =  516.048
( 2, 3) =  616.048
( 3, 3) =  716.048
( 1, 4) =  517.283
  skipping to end ...
( 3, 7) =  720.986
( 1, 8) =  522.221
( 2, 8) =  622.221
( 3, 8) =  722.221
( 1, 9) =  523.456
( 2, 9) =  623.456
( 3, 9) =  723.456
( 1,10) =  524.69
( 2,10) =  624.69
( 3,10) =  724.69
dim 1: undistLBound[0]=1            undistUBound[0]=3
dim 2: [0]: [1 [1 [1, 10] 10] 10]
--- ESMCI::Array::print end ---
 localPet =            2 myFarray2D2:    0.0000000000000000        0.0000000000000000        0.0000000000000000        0.0000000000000000        0.0000000000000000        0.0000000000000000        0.0000000000000000        0.0000000000000000        0.0000000000000000        0.0000000000000000        0.0000000000000000        0.0000000000000000        0.0000000000000000        0.0000000000000000        0.0000000000000000        0.0000000000000000        0.0000000000000000        0.0000000000000000        0.0000000000000000        0.0000000000000000        0.0000000000000000        0.0000000000000000        0.0000000000000000        0.0000000000000000        0.0000000000000000        0.0000000000000000        0.0000000000000000        0.0000000000000000        0.0000000000000000        0.0000000000000000     
  PASS  Example ESMF_ArrayScatterGatherEx, ESMF_ArrayScatterGatherEx.F90, line 328
[r1i3n15:68936:0:68936] Caught signal 11 (Segmentation fault: address not mapped to object at address 0x30)
--------------------------------------------------------------------------
A system call failed during shared memory initialization that should
not have.  It is likely that your MPI job will now either abort or
experience performance degradation.

  Local host:  r1i3n15
  System call: unlink(2) /dev/shm/vader_segment.r1i3n15.b12f0001.3
  Error:       No such file or directory (errno 2)
--------------------------------------------------------------------------
--------------------------------------------------------------------------
A system call failed during shared memory initialization that should
not have.  It is likely that your MPI job will now either abort or
experience performance degradation.

  Local host:  r1i3n15
  System call: unlink(2) /dev/shm/vader_segment.r1i3n15.b12f0001.2
  Error:       No such file or directory (errno 2)
--------------------------------------------------------------------------
[r1i3n15:68939:0:68939] Caught signal 11 (Segmentation fault: Sent by the kernel at address (nil))
[r1i3n15:68938:0:68938] Caught signal 11 (Segmentation fault: address not mapped to object at address 0x40)
--------------------------------------------------------------------------
A system call failed during shared memory initialization that should
not have.  It is likely that your MPI job will now either abort or
experience performance degradation.

  Local host:  r1i3n15
  System call: unlink(2) /dev/shm/vader_segment.r1i3n15.b12f0001.1
  Error:       No such file or directory (errno 2)
--------------------------------------------------------------------------
[r1i3n15:68937:0:68937] Caught signal 11 (Segmentation fault: address not mapped to object at address 0x30)
--------------------------------------------------------------------------
Primary job  terminated normally, but 1 process returned
a non-zero exit code. Per user-direction, the job has been aborted.
--------------------------------------------------------------------------
==== backtrace (tid:  68939) ====
 0  /glade/u/apps/ch/opt/ucx/1.8.0/lib/libucs.so.0(ucs_handle_error+0x19c) [0x2b51ef91f22c]
 1  /glade/u/apps/ch/opt/ucx/1.8.0/lib/libucs.so.0(+0x2355c) [0x2b51ef91f55c]
 2  /glade/u/apps/ch/opt/ucx/1.8.0/lib/libucs.so.0(+0x237cb) [0x2b51ef91f7cb]
 3  /glade/u/apps/ch/os/lib64/libpthread.so.0(+0x10b00) [0x2b51e378fb00]
 4  /glade/u/apps/ch/opt/openmpi/4.0.3/gnu/7.4.0/lib/libopen-pal.so.40(+0x2d3d7) [0x2b51e40233d7]
 5  /glade/u/apps/ch/opt/openmpi/4.0.3/gnu/7.4.0/lib/openmpi/mca_btl_vader.so(+0x3ec1) [0x2b51ee039ec1]
 6  /glade/u/apps/ch/opt/openmpi/4.0.3/gnu/7.4.0/lib/libopen-pal.so.40(mca_base_component_close+0x19) [0x2b51e4050419]
 7  /glade/u/apps/ch/opt/openmpi/4.0.3/gnu/7.4.0/lib/libopen-pal.so.40(mca_base_components_close+0x55) [0x2b51e40504a5]
 8  /glade/u/apps/ch/opt/openmpi/4.0.3/gnu/7.4.0/lib/libopen-pal.so.40(+0x7eae3) [0x2b51e4074ae3]
 9  /glade/u/apps/ch/opt/openmpi/4.0.3/gnu/7.4.0/lib/libopen-pal.so.40(mca_base_framework_close+0x67) [0x2b51e405ba87]
10  /glade/u/apps/ch/opt/openmpi/4.0.3/gnu/7.4.0/lib/libopen-pal.so.40(opal_info_close_components+0x29) [0x2b51e40328c9]
11  /glade/u/apps/ch/opt/openmpi/4.0.3/gnu/7.4.0/lib/libmpi.so.40(PMPI_T_finalize+0x35) [0x2b51e2e63595]
12  /glade/scratch/mpotts/gfortran_7.4.0_openmpi_O_develop/lib/libO/Linux.gfortran.64.openmpi.default/libesmf.so(_ZN5ESMCI3VMK8finalizeEi+0x250) [0x2b51e005be62]
13  /glade/scratch/mpotts/gfortran_7.4.0_openmpi_O_develop/lib/libO/Linux.gfortran.64.openmpi.default/libesmf.so(_ZN5ESMCI2VM8finalizeEP12ESMC_LogicalPi+0x4c9) [0x2b51e00740bd]
14  /glade/scratch/mpotts/gfortran_7.4.0_openmpi_O_develop/lib/libO/Linux.gfortran.64.openmpi.default/libesmf.so(c_esmc_vmfinalize_+0x25) [0x2b51e004f2f5]
15  /glade/scratch/mpotts/gfortran_7.4.0_openmpi_O_develop/lib/libO/Linux.gfortran.64.openmpi.default/libesmf.so(__esmf_vmmod_MOD_esmf_vmfinalize+0x2a) [0x2b51e066e9ac]
16  /glade/scratch/mpotts/gfortran_7.4.0_openmpi_O_develop/lib/libO/Linux.gfortran.64.openmpi.default/libesmf.so(__esmf_initmod_MOD_esmf_finalize+0x37c) [0x2b51e0500f4f]
17  ./ESMF_ArrayScatterGatherEx() [0x402bee]
18  ./ESMF_ArrayScatterGatherEx() [0x402fdf]
19  /glade/u/apps/ch/os/lib64/libc.so.6(__libc_start_main+0xf5) [0x2b51e39bc6e5]
20  ./ESMF_ArrayScatterGatherEx() [0x401339]
=================================

Program received signal SIGSEGV: Segmentation fault - invalid memory reference.

Backtrace for this error:
#0  0x2b51e378faff in ???
#1  0x2b51e40233d7 in ???
#2  0x2b51ee039ec0 in ???
#3  0x2b51e4050418 in ???
#4  0x2b51e40504a4 in ???
#5  0x2b51e4074ae2 in ???
#6  0x2b51e405ba86 in ???
#7  0x2b51e40328c8 in ???
#8  0x2b51e2e63594 in ???
#9  0x2b51e005be61 in ???
#10  0x2b51e00740bc in ???
#11  0x2b51e004f2f4 in ???
#12  0x2b51e066e9ab in ???
#13  0x2b51e0500f4e in ???
#14  0x402bed in ???
#15  0x402fde in ???
#16  0x2b51e39bc6e4 in ???
#17  0x401338 in ???
	at ../sysdeps/x86_64/start.S:118
#18  0xffffffffffffffff in ???
--------------------------------------------------------------------------
mpirun noticed that process rank 0 with PID 0 on node r1i3n15 exited on signal 11 (Segmentation fault).
--------------------------------------------------------------------------
