build time -- 2021-06-20 05:41:19.973845
 Field rank, dimCount           2           3
 Field with replicated dimension returned
 Field rank, dimCount           2           2
 Field with replicated dimension returned
 Field with replicated dimension returned
 Field with replicated dimension returned
  PASS  Example ESMF_FieldArbGridEx, ESMF_FieldArbGridEx.F90, line 243
  PASS  Example ESMF_FieldArbGridEx, ESMF_FieldArbGridEx.F90, line 243
  PASS  Example ESMF_FieldArbGridEx, ESMF_FieldArbGridEx.F90, line 243
  PASS  Example ESMF_FieldArbGridEx, ESMF_FieldArbGridEx.F90, line 243
[r14i4n29:55859:0:55859] Caught signal 11 (Segmentation fault: address not mapped to object at address 0x30)
--------------------------------------------------------------------------
A system call failed during shared memory initialization that should
not have.  It is likely that your MPI job will now either abort or
experience performance degradation.

  Local host:  r14i4n29
  System call: unlink(2) /dev/shm/vader_segment.r14i4n29.d3d40001.3
  Error:       No such file or directory (errno 2)
--------------------------------------------------------------------------
--------------------------------------------------------------------------
A system call failed during shared memory initialization that should
not have.  It is likely that your MPI job will now either abort or
experience performance degradation.

  Local host:  r14i4n29
  System call: unlink(2) /dev/shm/vader_segment.r14i4n29.d3d40001.1
  Error:       No such file or directory (errno 2)
--------------------------------------------------------------------------
[r14i4n29:55860:0:55860] Caught signal 11 (Segmentation fault: address not mapped to object at address 0x30)
[r14i4n29:55858:0:55858] Caught signal 11 (Segmentation fault: address not mapped to object at address 0xb0)
--------------------------------------------------------------------------
A system call failed during shared memory initialization that should
not have.  It is likely that your MPI job will now either abort or
experience performance degradation.

  Local host:  r14i4n29
  System call: unlink(2) /dev/shm/vader_segment.r14i4n29.d3d40001.0
  Error:       No such file or directory (errno 2)
--------------------------------------------------------------------------
[r14i4n29:55857:0:55857] Caught signal 11 (Segmentation fault: address not mapped to object at address 0x30)
--------------------------------------------------------------------------
Primary job  terminated normally, but 1 process returned
a non-zero exit code. Per user-direction, the job has been aborted.
--------------------------------------------------------------------------
--------------------------------------------------------------------------
mpirun noticed that process rank 2 with PID 0 on node r14i4n29 exited on signal 11 (Segmentation fault).
--------------------------------------------------------------------------
 Field rank, dimCount           2           3
 Field with replicated dimension returned
 Field rank, dimCount           2           2
 Field with replicated dimension returned
 Field with replicated dimension returned
 Field with replicated dimension returned
  PASS  Example ESMF_FieldArbGridEx, ESMF_FieldArbGridEx.F90, line 243
  PASS  Example ESMF_FieldArbGridEx, ESMF_FieldArbGridEx.F90, line 243
  PASS  Example ESMF_FieldArbGridEx, ESMF_FieldArbGridEx.F90, line 243
  PASS  Example ESMF_FieldArbGridEx, ESMF_FieldArbGridEx.F90, line 243
[r14i4n29:55859:0:55859] Caught signal 11 (Segmentation fault: address not mapped to object at address 0x30)
--------------------------------------------------------------------------
A system call failed during shared memory initialization that should
not have.  It is likely that your MPI job will now either abort or
experience performance degradation.

  Local host:  r14i4n29
  System call: unlink(2) /dev/shm/vader_segment.r14i4n29.d3d40001.3
  Error:       No such file or directory (errno 2)
--------------------------------------------------------------------------
--------------------------------------------------------------------------
A system call failed during shared memory initialization that should
not have.  It is likely that your MPI job will now either abort or
experience performance degradation.

  Local host:  r14i4n29
  System call: unlink(2) /dev/shm/vader_segment.r14i4n29.d3d40001.1
  Error:       No such file or directory (errno 2)
--------------------------------------------------------------------------
[r14i4n29:55860:0:55860] Caught signal 11 (Segmentation fault: address not mapped to object at address 0x30)
[r14i4n29:55858:0:55858] Caught signal 11 (Segmentation fault: address not mapped to object at address 0xb0)
--------------------------------------------------------------------------
A system call failed during shared memory initialization that should
not have.  It is likely that your MPI job will now either abort or
experience performance degradation.

  Local host:  r14i4n29
  System call: unlink(2) /dev/shm/vader_segment.r14i4n29.d3d40001.0
  Error:       No such file or directory (errno 2)
--------------------------------------------------------------------------
[r14i4n29:55857:0:55857] Caught signal 11 (Segmentation fault: address not mapped to object at address 0x30)
--------------------------------------------------------------------------
Primary job  terminated normally, but 1 process returned
a non-zero exit code. Per user-direction, the job has been aborted.
--------------------------------------------------------------------------
--------------------------------------------------------------------------
mpirun noticed that process rank 2 with PID 0 on node r14i4n29 exited on signal 11 (Segmentation fault).
--------------------------------------------------------------------------
