build time -- 2021-04-29 06:13:31
20210429 063827.326 INFO             PET0 !!!!!!!!!!!!!!!!!!!!!!!!!!!!!!!!!!!!!!!!!!!!!!!!!!!!!!
20210429 063827.326 INFO             PET0 !!! THE ESMF_LOG IS SET TO OUTPUT ALL LOG MESSAGES !!!
20210429 063827.326 INFO             PET0 !!!     THIS MAY CAUSE SLOWDOWN IN PERFORMANCE     !!!
20210429 063827.326 INFO             PET0 !!! FOR PRODUCTION RUNS, USE:                      !!!
20210429 063827.326 INFO             PET0 !!!                   ESMF_LOGKIND_Multi_On_Error  !!!
20210429 063827.326 INFO             PET0 !!!!!!!!!!!!!!!!!!!!!!!!!!!!!!!!!!!!!!!!!!!!!!!!!!!!!!
20210429 063827.326 INFO             PET0 Running with ESMF Version   : ESMF_8_2_0_beta_snapshot_05-6-gb8c1a7077f
20210429 063827.326 INFO             PET0 ESMF library build date/time: "Apr 29 2021" "06:12:15"
20210429 063827.326 INFO             PET0 ESMF library build location : /scratch1/NCEPDEV/stmp2/Mark.Potts/gfortran_9.2.0b_intelmpi_g_develop
20210429 063827.326 INFO             PET0 ESMF_COMM                   : intelmpi
20210429 063827.346 INFO             PET0 ESMF_MOAB                   : enabled
20210429 063827.346 INFO             PET0 ESMF_LAPACK                 : enabled
20210429 063827.346 INFO             PET0 ESMF_NETCDF                 : disabled
20210429 063827.346 INFO             PET0 ESMF_PNETCDF                : disabled
20210429 063827.346 INFO             PET0 ESMF_PIO                    : enabled
20210429 063827.346 INFO             PET0 ESMF_YAMLCPP                : enabled
20210429 063827.347 INFO             PET0  NUMBER_OF_PROCESSORS           1
20210429 063827.347 INFO             PET0  PASS  Example ESMF_TimeEx, ESMF_TimeEx.F90, line 141
20210429 063827.347 INFO             PET0 Finalizing ESMF
