 
Installing ESMF:
 
mkdir -p /Volumes/esmf/mpotts/gfortran_9.3.0_openmpi_O_develop/DEFAULTINSTALLDIR/include
cp -f /Volumes/esmf/mpotts/gfortran_9.3.0_openmpi_O_develop/src/include/ESMC.h /Volumes/esmf/mpotts/gfortran_9.3.0_openmpi_O_develop/DEFAULTINSTALLDIR/include
cp -f /Volumes/esmf/mpotts/gfortran_9.3.0_openmpi_O_develop/src/include/ESMC_*.h /Volumes/esmf/mpotts/gfortran_9.3.0_openmpi_O_develop/DEFAULTINSTALLDIR/include
cp -f /Volumes/esmf/mpotts/gfortran_9.3.0_openmpi_O_develop/build_config/Darwin.gfortran.default/ESMC_Conf.h /Volumes/esmf/mpotts/gfortran_9.3.0_openmpi_O_develop/DEFAULTINSTALLDIR/include
mkdir -p /Volumes/esmf/mpotts/gfortran_9.3.0_openmpi_O_develop/DEFAULTINSTALLDIR/mod/modO/Darwin.gfortran.64.openmpi.default
cp -f /Volumes/esmf/mpotts/gfortran_9.3.0_openmpi_O_develop/mod/modO/Darwin.gfortran.64.openmpi.default/*.mod /Volumes/esmf/mpotts/gfortran_9.3.0_openmpi_O_develop/DEFAULTINSTALLDIR/mod/modO/Darwin.gfortran.64.openmpi.default
mkdir -p /Volumes/esmf/mpotts/gfortran_9.3.0_openmpi_O_develop/DEFAULTINSTALLDIR/lib/libO/Darwin.gfortran.64.openmpi.default
cp -f /Volumes/esmf/mpotts/gfortran_9.3.0_openmpi_O_develop/lib/libO/Darwin.gfortran.64.openmpi.default/libesmf*.* /Volumes/esmf/mpotts/gfortran_9.3.0_openmpi_O_develop/DEFAULTINSTALLDIR/lib/libO/Darwin.gfortran.64.openmpi.default
ranlib /Volumes/esmf/mpotts/gfortran_9.3.0_openmpi_O_develop/DEFAULTINSTALLDIR/lib/libO/Darwin.gfortran.64.openmpi.default/libesmf*.a
/Library/Developer/CommandLineTools/usr/bin/ranlib: file: /Volumes/esmf/mpotts/gfortran_9.3.0_openmpi_O_develop/DEFAULTINSTALLDIR/lib/libO/Darwin.gfortran.64.openmpi.default/libesmf.a(ESMCI_Fraction_F.o) has no symbols
/Library/Developer/CommandLineTools/usr/bin/ranlib: file: /Volumes/esmf/mpotts/gfortran_9.3.0_openmpi_O_develop/DEFAULTINSTALLDIR/lib/libO/Darwin.gfortran.64.openmpi.default/libesmf.a(ESMF.o) has no symbols
/Library/Developer/CommandLineTools/usr/bin/ranlib: file: /Volumes/esmf/mpotts/gfortran_9.3.0_openmpi_O_develop/DEFAULTINSTALLDIR/lib/libO/Darwin.gfortran.64.openmpi.default/libesmf.a(ESMF_LocalArray.o) has no symbols
/Library/Developer/CommandLineTools/usr/bin/ranlib: file: /Volumes/esmf/mpotts/gfortran_9.3.0_openmpi_O_develop/DEFAULTINSTALLDIR/lib/libO/Darwin.gfortran.64.openmpi.default/libesmf.a(ESMF_LogPublic.o) has no symbols
/Library/Developer/CommandLineTools/usr/bin/ranlib: file: /Volumes/esmf/mpotts/gfortran_9.3.0_openmpi_O_develop/DEFAULTINSTALLDIR/lib/libO/Darwin.gfortran.64.openmpi.default/libesmf.a(ESMF_State.o) has no symbols
/Library/Developer/CommandLineTools/usr/bin/ranlib: file: /Volumes/esmf/mpotts/gfortran_9.3.0_openmpi_O_develop/DEFAULTINSTALLDIR/lib/libO/Darwin.gfortran.64.openmpi.default/libesmf.a(NUOPC.o) has no symbols
/Library/Developer/CommandLineTools/usr/bin/ranlib: file: /Volumes/esmf/mpotts/gfortran_9.3.0_openmpi_O_develop/DEFAULTINSTALLDIR/lib/libO/Darwin.gfortran.64.openmpi.default/libesmf.a(phg_comm.o) has no symbols
/Library/Developer/CommandLineTools/usr/bin/ranlib: file: /Volumes/esmf/mpotts/gfortran_9.3.0_openmpi_O_develop/DEFAULTINSTALLDIR/lib/libO/Darwin.gfortran.64.openmpi.default/libesmf.a(topology.o) has no symbols
/Library/Developer/CommandLineTools/usr/bin/make install_apps
mkdir -p /Volumes/esmf/mpotts/gfortran_9.3.0_openmpi_O_develop/DEFAULTINSTALLDIR/bin/binO/Darwin.gfortran.64.openmpi.default
/Library/Developer/CommandLineTools/usr/bin/make build_apps ESMF_APPSDIR=/Volumes/esmf/mpotts/gfortran_9.3.0_openmpi_O_develop/DEFAULTINSTALLDIR/bin/binO/Darwin.gfortran.64.openmpi.default ESMF_LDIR=/Volumes/esmf/mpotts/gfortran_9.3.0_openmpi_O_develop/DEFAULTINSTALLDIR/lib/libO/Darwin.gfortran.64.openmpi.default ESMF_LIBDIR=/Volumes/esmf/mpotts/gfortran_9.3.0_openmpi_O_develop/DEFAULTINSTALLDIR/lib/libO/Darwin.gfortran.64.openmpi.default ESMF_MODDIR=/Volumes/esmf/mpotts/gfortran_9.3.0_openmpi_O_develop/DEFAULTINSTALLDIR/mod/modO/Darwin.gfortran.64.openmpi.default
cd /Volumes/esmf/mpotts/gfortran_9.3.0_openmpi_O_develop/src/apps; /Library/Developer/CommandLineTools/usr/bin/make ACTION=tree_build_apps tree
tree_build_apps in: /Volumes/esmf/mpotts/gfortran_9.3.0_openmpi_O_develop/src/apps/ESMF_PrintInfo
/Library/Developer/CommandLineTools/usr/bin/make chkdir_locobj
Making directory /Volumes/esmf/mpotts/gfortran_9.3.0_openmpi_O_develop/obj/objO/Darwin.gfortran.64.openmpi.default/src/apps/ESMF_PrintInfo for apps output
mpif90 -c -fallow-argument-mismatch -fallow-invalid-boz -O   -m64 -mcmodel=small -ffree-line-length-none -I/Volumes/esmf/mpotts/gfortran_9.3.0_openmpi_O_develop/src/apps/ESMF_PrintInfo -I/Volumes/esmf/mpotts/gfortran_9.3.0_openmpi_O_develop/build_config/Darwin.gfortran.default -I/Volumes/esmf/mpotts/gfortran_9.3.0_openmpi_O_develop/src/Infrastructure -I/Volumes/esmf/mpotts/gfortran_9.3.0_openmpi_O_develop/src/Superstructure -I/Volumes/esmf/mpotts/gfortran_9.3.0_openmpi_O_develop/DEFAULTINSTALLDIR/mod/modO/Darwin.gfortran.64.openmpi.default -I/Volumes/esmf/mpotts/gfortran_9.3.0_openmpi_O_develop/src/include -I/usr/local/Cellar/netcdf/4.7.4_1/include  -DESMF_NO_INTEGER_1_BYTE -DESMF_NO_INTEGER_2_BYTE -DESMF_VERSION_STRING_GIT='"ESMF_8_2_0_beta_snapshot_10-6-g303eb83066"' -DESMF_MOAB=1 -DESMF_LAPACK=1 -DESMF_LAPACK_INTERNAL=1 -DESMF_NO_ACC_SOFTWARE_STACK=1 -DESMF_NETCDF=1 -DESMF_YAMLCPP=1 -DESMF_YAML=1 -DESMF_PIO=1 -DESMF_MPIIO -DESMF_NO_PTHREADS -DESMF_NO_OPENMP -DESMF_NO_OPENACC -DESMF_TESTEXHAUSTIVE -DESMF_BOPT_O -DESMF_TESTCOMPTUNNEL -DESMF_TESTWITHTHREADS -DSx86_64_small=1 -DESMF_OS_Darwin=1 -DESMF_COMM=openmpi -DESMF_DIR=/Volumes/esmf/mpotts/gfortran_9.3.0_openmpi_O_develop ESMF_PrintInfo.F90 -o /Volumes/esmf/mpotts/gfortran_9.3.0_openmpi_O_develop/obj/objO/Darwin.gfortran.64.openmpi.default/src/apps/ESMF_PrintInfo/ESMF_PrintInfo.o
/Library/Developer/CommandLineTools/usr/bin/make chkdir_apps
mpif90     -m64 -mcmodel=small -L/Volumes/esmf/mpotts/gfortran_9.3.0_openmpi_O_develop/DEFAULTINSTALLDIR/lib/libO/Darwin.gfortran.64.openmpi.default -L/usr/local/Cellar/netcdf/4.7.4_1/lib -L./  -o /Volumes/esmf/mpotts/gfortran_9.3.0_openmpi_O_develop/DEFAULTINSTALLDIR/bin/binO/Darwin.gfortran.64.openmpi.default/ESMF_PrintInfo /Volumes/esmf/mpotts/gfortran_9.3.0_openmpi_O_develop/obj/objO/Darwin.gfortran.64.openmpi.default/src/apps/ESMF_PrintInfo/ESMF_PrintInfo.o -lesmf   -lstdc++ -lc++ -lnetcdf -lnetcdff
tree_build_apps in: /Volumes/esmf/mpotts/gfortran_9.3.0_openmpi_O_develop/src/apps/ESMF_PrintInfoC
/Library/Developer/CommandLineTools/usr/bin/make chkdir_locobj
Making directory /Volumes/esmf/mpotts/gfortran_9.3.0_openmpi_O_develop/obj/objO/Darwin.gfortran.64.openmpi.default/src/apps/ESMF_PrintInfoC for apps output
mpicxx -c -std=c++11 -O -DNDEBUG  -DESMF_LOWERCASE_SINGLEUNDERSCORE -m64 -mcmodel=small -I/Volumes/esmf/mpotts/gfortran_9.3.0_openmpi_O_develop/src/apps/ESMF_PrintInfoC -I/Volumes/esmf/mpotts/gfortran_9.3.0_openmpi_O_develop/src/apps/ESMF_PrintInfoC/../include -I/Volumes/esmf/mpotts/gfortran_9.3.0_openmpi_O_develop/build_config/Darwin.gfortran.default -I/Volumes/esmf/mpotts/gfortran_9.3.0_openmpi_O_develop/src/Infrastructure -I/Volumes/esmf/mpotts/gfortran_9.3.0_openmpi_O_develop/src/Superstructure -I/Volumes/esmf/mpotts/gfortran_9.3.0_openmpi_O_develop/src/Infrastructure/stubs/pthread  -I/Volumes/esmf/mpotts/gfortran_9.3.0_openmpi_O_develop/src/include  -I/usr/local/Cellar/netcdf/4.7.4_1/include -I/Volumes/esmf/mpotts/gfortran_9.3.0_openmpi_O_develop/src/prologue/yaml-cpp/include -DESMF_NO_INTEGER_1_BYTE -DESMF_NO_INTEGER_2_BYTE -DESMF_VERSION_STRING_GIT='"ESMF_8_2_0_beta_snapshot_10-6-g303eb83066"' -DESMF_MOAB=1 -DESMF_LAPACK=1 -DESMF_LAPACK_INTERNAL=1 -DESMF_NO_ACC_SOFTWARE_STACK=1 -DESMF_NETCDF=1 -DESMF_YAMLCPP=1 -DESMF_YAML=1 -DESMF_PIO=1 -DESMF_MPIIO -DESMF_NO_PTHREADS -DESMF_NO_OPENMP -DESMF_NO_OPENACC -DESMF_TESTEXHAUSTIVE -DESMF_BOPT_O -DESMF_TESTCOMPTUNNEL -DESMF_TESTWITHTHREADS -DSx86_64_small=1 -DESMF_OS_Darwin=1 -DESMF_COMM=openmpi -DESMF_DIR=/Volumes/esmf/mpotts/gfortran_9.3.0_openmpi_O_develop -D__SDIR__='"src/apps/ESMF_PrintInfoC"' -DESMF_CXXSTD=11 -DESMF_NO_SIGUSR2 ESMF_PrintInfoC.c -o /Volumes/esmf/mpotts/gfortran_9.3.0_openmpi_O_develop/obj/objO/Darwin.gfortran.64.openmpi.default/src/apps/ESMF_PrintInfoC/ESMF_PrintInfoC.o
clang: warning: treating 'c' input as 'c++' when in C++ mode, this behavior is deprecated [-Wdeprecated]
/Library/Developer/CommandLineTools/usr/bin/make chkdir_apps
mpicxx    -m64 -mcmodel=small -L/Volumes/esmf/mpotts/gfortran_9.3.0_openmpi_O_develop/DEFAULTINSTALLDIR/lib/libO/Darwin.gfortran.64.openmpi.default -L/usr/local/Cellar/netcdf/4.7.4_1/lib -L/usr/local/Cellar/gcc/10.1.0/lib/gcc/10/gcc/x86_64-apple-darwin18/10.1.0/../../../  -o /Volumes/esmf/mpotts/gfortran_9.3.0_openmpi_O_develop/DEFAULTINSTALLDIR/bin/binO/Darwin.gfortran.64.openmpi.default/ESMF_PrintInfoC /Volumes/esmf/mpotts/gfortran_9.3.0_openmpi_O_develop/obj/objO/Darwin.gfortran.64.openmpi.default/src/apps/ESMF_PrintInfoC/ESMF_PrintInfoC.o -lesmf  -lmpi_mpifh -lgfortran -lnetcdf -lnetcdff
ld: warning: could not create compact unwind for ___esmf_arraycreatemod_MOD_esmf_arraysetplocaldeinternali8: stack subq instruction is too different from dwarf stack size
ld: warning: could not create compact unwind for ___esmf_arraycreatemod_MOD_esmf_arraysetplocaldeinternali4: stack subq instruction is too different from dwarf stack size
ld: warning: could not create compact unwind for ___esmf_arraycreatemod_MOD_esmf_arraycreateallocateas: stack subq instruction is too different from dwarf stack size
ld: warning: could not create compact unwind for ___esmf_arraycreatemod_MOD_esmf_arraycreatelocalarray: stack subq instruction is too different from dwarf stack size
ld: warning: could not create compact unwind for ___esmf_compmod_MOD_esmf_compset: stack subq instruction is too different from dwarf stack size
ld: warning: could not create compact unwind for ___esmf_compmod_MOD_esmf_compconstruct: stack subq instruction is too different from dwarf stack size
ld: warning: could not create compact unwind for ___esmf_fieldregridmod_MOD_esmf_fieldregridstorenx: stack subq instruction is too different from dwarf stack size
ld: warning: could not create compact unwind for ___esmf_gridmod_MOD_esmf_gridluadefault: stack subq instruction is too different from dwarf stack size
ld: warning: could not create compact unwind for ___esmf_gridmod_MOD_esmf_gridsetfromdistgrid: stack subq instruction is too different from dwarf stack size
ld: warning: could not create compact unwind for ___esmf_gridmod_MOD_esmf_gridgetitembounds: stack subq instruction is too different from dwarf stack size
ld: warning: could not create compact unwind for ___esmf_gridmod_MOD_esmf_gridgetcoordbounds: stack subq instruction is too different from dwarf stack size
ld: warning: could not create compact unwind for ___esmf_gridmod_MOD_esmf_gridgetpslocptile: stack subq instruction is too different from dwarf stack size
ld: warning: could not create compact unwind for ___esmf_gridmod_MOD_esmf_gridgetpsloc: stack subq instruction is too different from dwarf stack size
ld: warning: could not create compact unwind for ___esmf_gridmod_MOD_esmf_gridgetplocaldepsloc: stack subq instruction is too different from dwarf stack size
ld: warning: could not create compact unwind for ___esmf_gridmod_MOD_esmf_gridgetindex: stack subq instruction is too different from dwarf stack size
ld: warning: could not create compact unwind for ___esmf_gridmod_MOD_esmf_gridgetdefault: stack subq instruction is too different from dwarf stack size
ld: warning: could not create compact unwind for ___esmf_gridmod_MOD_esmf_gridgetitem3dr8: stack subq instruction is too different from dwarf stack size
ld: warning: could not create compact unwind for ___esmf_gridmod_MOD_esmf_gridgetitem2dr8: stack subq instruction is too different from dwarf stack size
ld: warning: could not create compact unwind for ___esmf_gridmod_MOD_esmf_gridgetitem1dr8: stack subq instruction is too different from dwarf stack size
ld: warning: could not create compact unwind for ___esmf_gridmod_MOD_esmf_gridgetitem3dr4: stack subq instruction is too different from dwarf stack size
ld: warning: could not create compact unwind for ___esmf_gridmod_MOD_esmf_gridgetitem2dr4: stack subq instruction is too different from dwarf stack size
ld: warning: could not create compact unwind for ___esmf_gridmod_MOD_esmf_gridgetitem1dr4: stack subq instruction is too different from dwarf stack size
ld: warning: could not create compact unwind for ___esmf_gridmod_MOD_esmf_gridgetitem3di4: stack subq instruction is too different from dwarf stack size
ld: warning: could not create compact unwind for ___esmf_gridmod_MOD_esmf_gridgetitem2di4: stack subq instruction is too different from dwarf stack size
ld: warning: could not create compact unwind for ___esmf_gridmod_MOD_esmf_gridgetitem1di4: stack subq instruction is too different from dwarf stack size
ld: warning: could not create compact unwind for ___esmf_gridmod_MOD_esmf_gridgetcoord3dr8: stack subq instruction is too different from dwarf stack size
ld: warning: could not create compact unwind for ___esmf_gridmod_MOD_esmf_gridgetcoord2dr8: stack subq instruction is too different from dwarf stack size
ld: warning: could not create compact unwind for ___esmf_gridmod_MOD_esmf_gridgetcoord1dr8: stack subq instruction is too different from dwarf stack size
ld: warning: could not create compact unwind for ___esmf_gridmod_MOD_esmf_gridgetcoord3dr4: stack subq instruction is too different from dwarf stack size
ld: warning: could not create compact unwind for ___esmf_gridmod_MOD_esmf_gridgetcoord2dr4: stack subq instruction is too different from dwarf stack size
ld: warning: could not create compact unwind for ___esmf_gridmod_MOD_esmf_gridgetcoord1dr4: stack subq instruction is too different from dwarf stack size
ld: warning: could not create compact unwind for ___esmf_gridmod_MOD_esmf_gridgetplocalde: stack subq instruction is too different from dwarf stack size
ld: warning: could not create compact unwind for ___esmf_gridmod_MOD_esmf_gridcreatefrmdistgridarb: stack subq instruction is too different from dwarf stack size
ld: warning: could not create compact unwind for ___esmf_gridmod_MOD_esmf_gridcreatefrmdistgrid: stack subq instruction is too different from dwarf stack size
ld: warning: could not create compact unwind for ___esmf_gridmod_MOD_esmf_gridconvertindex: stack subq instruction is too different from dwarf stack size
ld: warning: could not create compact unwind for ___esmf_gridmod_MOD_esmf_gridadditemnovalues: stack subq instruction is too different from dwarf stack size
ld: warning: could not create compact unwind for ___esmf_gridmod_MOD_esmf_gridaddcoordnovalues: stack subq instruction is too different from dwarf stack size
ld: warning: could not create compact unwind for ___esmf_gridmod_MOD_esmf_gridcreatemosaicireg: stack subq instruction is too different from dwarf stack size
ld: warning: could not create compact unwind for ___esmf_gridmod_MOD_esmf_gridcreatefrmscrip: stack subq instruction is too different from dwarf stack size
ld: warning: could not create compact unwind for ___esmf_gridmod_MOD_esmf_gridcreatefrmgridspec: stack subq instruction is too different from dwarf stack size
ld: warning: could not create compact unwind for ___esmf_gridmod_MOD_esmf_gridcreatemosaicreg: stack subq instruction is too different from dwarf stack size
ld: warning: could not create compact unwind for ___esmf_initmod_MOD_esmf_frameworkinternalinit: stack subq instruction is too different from dwarf stack size
ld: warning: could not create compact unwind for ___esmf_ioscripmod_MOD_esmf_outputscripweightfile: stack subq instruction is too different from dwarf stack size
ld: warning: could not create compact unwind for ___esmf_meshmod_MOD_esmf_meshset: stack subq instruction is too different from dwarf stack size
ld: warning: could not create compact unwind for ___esmf_meshmod_MOD_esmf_meshget: stack subq instruction is too different from dwarf stack size
ld: warning: could not create compact unwind for ___esmf_meshmod_MOD_esmf_meshcreateeasyelemsgen: stack subq instruction is too different from dwarf stack size
ld: warning: could not create compact unwind for ___esmf_meshmod_MOD_esmf_meshcreate1part: stack subq instruction is too different from dwarf stack size
ld: warning: could not create compact unwind for ___esmf_meshmod_MOD_esmf_meshaddnodes: stack subq instruction is too different from dwarf stack size
ld: warning: could not create compact unwind for ___esmf_meshmod_MOD_esmf_meshaddelements: stack subq instruction is too different from dwarf stack size
ld: warning: could not create compact unwind for ___esmf_meshmod_MOD_esmf_meshcreatecubedsphere: stack subq instruction is too different from dwarf stack size
ld: warning: could not create compact unwind for ___esmf_meshmod_MOD_esmf_meshcreatefromunstruct: stack subq instruction is too different from dwarf stack size
ld: warning: could not create compact unwind for ___esmf_rhandlemod_MOD_esmf_routehandlecreaterh: stack subq instruction is too different from dwarf stack size
ld: warning: could not create compact unwind for ___esmf_vmmod_MOD_esmf_vmtranslatevmid: stack subq instruction is too different from dwarf stack size
ld: warning: could not create compact unwind for ___esmf_arraybundlemod_MOD_esmf_arraybundlesmmstorenf: stack subq instruction is too different from dwarf stack size
ld: warning: could not create compact unwind for ___esmf_arraybundlemod_MOD_esmf_arraybundlesmmstorer8: stack subq instruction is too different from dwarf stack size
ld: warning: could not create compact unwind for ___esmf_arraybundlemod_MOD_esmf_arraybundlesmmstorer4: stack subq instruction is too different from dwarf stack size
ld: warning: could not create compact unwind for ___esmf_arraybundlemod_MOD_esmf_arraybundlesmmstorei8: stack subq instruction is too different from dwarf stack size
ld: warning: could not create compact unwind for ___esmf_arraybundlemod_MOD_esmf_arraybundlesmmstorei4: stack subq instruction is too different from dwarf stack size
ld: warning: could not create compact unwind for ___esmf_arraybundlemod_MOD_esmf_arraybundlerediststorenf: stack subq instruction is too different from dwarf stack size
ld: warning: could not create compact unwind for ___esmf_arraybundlemod_MOD_esmf_arraybundlerediststorer8: stack subq instruction is too different from dwarf stack size
ld: warning: could not create compact unwind for ___esmf_arraybundlemod_MOD_esmf_arraybundlerediststorer4: stack subq instruction is too different from dwarf stack size
ld: warning: could not create compact unwind for ___esmf_arraybundlemod_MOD_esmf_arraybundlerediststorei8: stack subq instruction is too different from dwarf stack size
ld: warning: could not create compact unwind for ___esmf_arraybundlemod_MOD_esmf_arraybundlerediststorei4: stack subq instruction is too different from dwarf stack size
ld: warning: could not create compact unwind for ___esmf_arraybundlemod_MOD_esmf_arraybundlehalostore: stack subq instruction is too different from dwarf stack size
ld: warning: could not create compact unwind for ___esmf_arraygetmod_MOD_esmf_arraygetdefault: stack subq instruction is too different from dwarf stack size
ld: warning: could not create compact unwind for ___esmf_arrayhamod_MOD_esmf_arrayrediststorenftp: stack subq instruction is too different from dwarf stack size
ld: warning: could not create compact unwind for ___esmf_arrayhamod_MOD_esmf_arrayrediststorenf: stack subq instruction is too different from dwarf stack size
ld: warning: could not create compact unwind for ___esmf_arrayhamod_MOD_esmf_arrayrediststorer8tp: stack subq instruction is too different from dwarf stack size
ld: warning: could not create compact unwind for ___esmf_arrayhamod_MOD_esmf_arrayrediststorer4tp: stack subq instruction is too different from dwarf stack size
ld: warning: could not create compact unwind for ___esmf_arrayhamod_MOD_esmf_arrayrediststorei8tp: stack subq instruction is too different from dwarf stack size
ld: warning: could not create compact unwind for ___esmf_arrayhamod_MOD_esmf_arrayrediststorei4tp: stack subq instruction is too different from dwarf stack size
ld: warning: could not create compact unwind for ___esmf_arrayhamod_MOD_esmf_arrayrediststorer8: stack subq instruction is too different from dwarf stack size
ld: warning: could not create compact unwind for ___esmf_arrayhamod_MOD_esmf_arrayrediststorer4: stack subq instruction is too different from dwarf stack size
ld: warning: could not create compact unwind for ___esmf_arrayhamod_MOD_esmf_arrayrediststorei8: stack subq instruction is too different from dwarf stack size
ld: warning: could not create compact unwind for ___esmf_arrayhamod_MOD_esmf_arrayrediststorei4: stack subq instruction is too different from dwarf stack size
ld: warning: could not create compact unwind for ___esmf_arrayhamod_MOD_esmf_arrayhalostore: stack subq instruction is too different from dwarf stack size
ld: warning: could not create compact unwind for ___esmf_arraymod_MOD_esmf_arraysmmstoreind8r8tp: stack subq instruction is too different from dwarf stack size
ld: warning: could not create compact unwind for ___esmf_arraymod_MOD_esmf_arraysmmstoreind8r4tp: stack subq instruction is too different from dwarf stack size
ld: warning: could not create compact unwind for ___esmf_arraymod_MOD_esmf_arraysmmstoreind8i8tp: stack subq instruction is too different from dwarf stack size
ld: warning: could not create compact unwind for ___esmf_arraymod_MOD_esmf_arraysmmstoreind8i4tp: stack subq instruction is too different from dwarf stack size
ld: warning: could not create compact unwind for ___esmf_arraymod_MOD_esmf_arraysmmstoreind4r8tp: stack subq instruction is too different from dwarf stack size
ld: warning: could not create compact unwind for ___esmf_arraymod_MOD_esmf_arraysmmstoreind4r4tp: stack subq instruction is too different from dwarf stack size
ld: warning: could not create compact unwind for ___esmf_arraymod_MOD_esmf_arraysmmstoreind4i8tp: stack subq instruction is too different from dwarf stack size
ld: warning: could not create compact unwind for ___esmf_arraymod_MOD_esmf_arraysmmstoreind4i4tp: stack subq instruction is too different from dwarf stack size
ld: warning: could not create compact unwind for ___esmf_arraymod_MOD_esmf_arraysmmstoreind8r8: stack subq instruction is too different from dwarf stack size
ld: warning: could not create compact unwind for ___esmf_arraymod_MOD_esmf_arraysmmstoreind8r4: stack subq instruction is too different from dwarf stack size
ld: warning: could not create compact unwind for ___esmf_arraymod_MOD_esmf_arraysmmstoreind8i8: stack subq instruction is too different from dwarf stack size
ld: warning: could not create compact unwind for ___esmf_arraymod_MOD_esmf_arraysmmstoreind8i4: stack subq instruction is too different from dwarf stack size
ld: warning: could not create compact unwind for ___esmf_arraymod_MOD_esmf_arraysmmstoreind4r8: stack subq instruction is too different from dwarf stack size
ld: warning: could not create compact unwind for ___esmf_arraymod_MOD_esmf_arraysmmstoreind4r4: stack subq instruction is too different from dwarf stack size
ld: warning: could not create compact unwind for ___esmf_arraymod_MOD_esmf_arraysmmstoreind4i8: stack subq instruction is too different from dwarf stack size
ld: warning: could not create compact unwind for ___esmf_arraymod_MOD_esmf_arraysmmstoreind4i4: stack subq instruction is too different from dwarf stack size
ld: warning: could not create compact unwind for ___esmf_arraymod_MOD_esmf_arraysetdefault: stack subq instruction is too different from dwarf stack size
ld: warning: could not create compact unwind for ___esmf_configmod_MOD_esmf_configparseattributes: stack subq instruction is too different from dwarf stack size
ld: warning: could not create compact unwind for ___esmf_configmod_MOD_esmf_configsetinti4: stack subq instruction is too different from dwarf stack size
ld: warning: could not create compact unwind for ___esmf_configmod_MOD_esmf_configgetlogical: stack subq instruction is too different from dwarf stack size
ld: warning: could not create compact unwind for ___esmf_delayoutmod_MOD_esmf_delayoutget: stack subq instruction is too different from dwarf stack size
ld: warning: could not create compact unwind for ___esmf_delayoutmod_MOD_esmf_delayoutcreatehintweights: stack subq instruction is too different from dwarf stack size
ld: warning: could not create compact unwind for ___esmf_delayoutmod_MOD_esmf_delayoutcreatedefault: stack subq instruction is too different from dwarf stack size
ld: warning: could not create compact unwind for ___esmf_distgridconnectionmod_MOD_esmf_distgridconnectionint: stack subq instruction is too different from dwarf stack size
ld: warning: could not create compact unwind for ___esmf_distgridconnectionmod_MOD_esmf_interarraycreatedgconn: stack subq instruction is too different from dwarf stack size
ld: warning: could not create compact unwind for ___esmf_distgridmod_MOD_esmf_distgridgetplocaldepdim: stack subq instruction is too different from dwarf stack size
ld: warning: could not create compact unwind for ___esmf_distgridmod_MOD_esmf_distgridgetdefault: stack subq instruction is too different from dwarf stack size
ld: warning: could not create compact unwind for ___esmf_distgridmod_MOD_esmf_distgridgetplocalde: stack subq instruction is too different from dwarf stack size
ld: warning: could not create compact unwind for ___esmf_distgridmod_MOD_esmf_distgridcreatedbt: stack subq instruction is too different from dwarf stack size
ld: warning: could not create compact unwind for ___esmf_distgridmod_MOD_esmf_distgridcreatedb: stack subq instruction is too different from dwarf stack size
ld: warning: could not create compact unwind for ___esmf_distgridmod_MOD_esmf_distgridcreatedbai: stack subq instruction is too different from dwarf stack size
ld: warning: could not create compact unwind for ___esmf_distgridmod_MOD_esmf_distgridcreatedbai1d: stack subq instruction is too different from dwarf stack size
ld: warning: could not create compact unwind for ___esmf_distgridmod_MOD_esmf_distgridcreatedbai1d1dei8: stack subq instruction is too different from dwarf stack size
ld: warning: could not create compact unwind for ___esmf_distgridmod_MOD_esmf_distgridcreatedbai1d1de: stack subq instruction is too different from dwarf stack size
ld: warning: could not create compact unwind for ___esmf_distgridmod_MOD_esmf_distgridcreaterdf: stack subq instruction is too different from dwarf stack size
ld: warning: could not create compact unwind for ___esmf_distgridmod_MOD_esmf_distgridcreaterdt: stack subq instruction is too different from dwarf stack size
ld: warning: could not create compact unwind for ___esmf_distgridmod_MOD_esmf_distgridcreaterd: stack subq instruction is too different from dwarf stack size
ld: warning: could not create compact unwind for ___esmf_distgridmod_MOD_esmf_distgridcreatedgt: stack subq instruction is too different from dwarf stack size
ld: warning: could not create compact unwind for ___esmf_distgridmod_MOD_esmf_distgridcreatedg: stack subq instruction is too different from dwarf stack size
ld: warning: could not create compact unwind for ___esmf_f90interfacemod_MOD_esmf_interarraycreateptr: stack subq instruction is too different from dwarf stack size
ld: warning: could not create compact unwind for ___esmf_f90interfacemod_MOD_esmf_interarraycreatetrg: stack subq instruction is too different from dwarf stack size
ld: warning: could not create compact unwind for ___esmf_gridutilmod_MOD_esmf_gridtomesh: stack subq instruction is too different from dwarf stack size
ld: warning: could not create compact unwind for ___esmf_iogridmosaicmod_MOD_esmf_gridspecreadmosaic: stack subq instruction is too different from dwarf stack size
ld: warning: could not create compact unwind for ___esmf_iougridmod_MOD_esmf_getmesh3dfromugrid: stack subq instruction is too different from dwarf stack size
ld: warning: could not create compact unwind for ___esmf_iougridmod_MOD_esmf_ugridinq: stack subq instruction is too different from dwarf stack size
ld: warning: could not create compact unwind for ___esmf_locstreammod_MOD_esmf_locstreamcreatebybkgmesh: stack subq instruction is too different from dwarf stack size
ld: warning: could not create compact unwind for ___esmf_pointlistmod_MOD_esmf_pointlistcreatefrmmesh: stack subq instruction is too different from dwarf stack size
ld: warning: could not create compact unwind for ___esmf_pointlistmod_MOD_esmf_pointlistcreatefrmgrid: stack subq instruction is too different from dwarf stack size
ld: warning: could not create compact unwind for ___esmf_complianceicmod_MOD_checkfieldmetadata: stack subq instruction is too different from dwarf stack size
ld: warning: could not create compact unwind for ___esmf_complianceicmod_MOD_checkstate: stack subq instruction is too different from dwarf stack size
ld: warning: could not create compact unwind for ___esmf_complianceicmod_MOD_checkinternalclock: stack subq instruction is too different from dwarf stack size
ld: warning: could not create compact unwind for ___esmf_complianceicmod_MOD_checkcomponentmetadata: stack subq instruction is too different from dwarf stack size
ld: warning: could not create compact unwind for ___esmfpiodarray_MOD_read_darray_1d_double: stack subq instruction is too different from dwarf stack size
ld: warning: could not create compact unwind for ___esmfpiodarray_MOD_read_darray_1d_int: stack subq instruction is too different from dwarf stack size
ld: warning: could not create compact unwind for ___esmfpiodarray_MOD_read_darray_1d_real: stack subq instruction is too different from dwarf stack size
ld: warning: could not create compact unwind for ___esmfpionfread_mod_MOD_read_nfdarray_int: stack subq instruction is too different from dwarf stack size
ld: warning: could not create compact unwind for ___esmfpionfread_mod_MOD_read_nfdarray_double: stack subq instruction is too different from dwarf stack size
ld: warning: could not create compact unwind for ___esmfpionfread_mod_MOD_read_nfdarray_real: stack subq instruction is too different from dwarf stack size
ld: warning: could not create compact unwind for ___esmfpionfwrite_mod_MOD_write_nfdarray_double: stack subq instruction is too different from dwarf stack size
ld: warning: could not create compact unwind for ___esmfpionfwrite_mod_MOD_write_nfdarray_int: stack subq instruction is too different from dwarf stack size
ld: warning: could not create compact unwind for ___esmfpionfwrite_mod_MOD_write_nfdarray_real: stack subq instruction is too different from dwarf stack size
ld: warning: could not create compact unwind for _pio_callback_handler_: stack subq instruction is too different from dwarf stack size
ld: warning: could not create compact unwind for _initdecomp_dof_handler_: stack subq instruction is too different from dwarf stack size
ld: warning: could not create compact unwind for _esmf_dormlq_: stack subq instruction is too different from dwarf stack size
ld: warning: could not create compact unwind for _esmf_dormqr_: stack subq instruction is too different from dwarf stack size
ld: warning: could not create compact unwind for _esmf_dhseqr_: stack subq instruction is too different from dwarf stack size
tree_build_apps in: /Volumes/esmf/mpotts/gfortran_9.3.0_openmpi_O_develop/src/apps/ESMF_RegridWeightGen
/Library/Developer/CommandLineTools/usr/bin/make chkdir_locobj
Making directory /Volumes/esmf/mpotts/gfortran_9.3.0_openmpi_O_develop/obj/objO/Darwin.gfortran.64.openmpi.default/src/apps/ESMF_RegridWeightGen for apps output
mpif90 -c -fallow-argument-mismatch -fallow-invalid-boz -O   -m64 -mcmodel=small -ffree-line-length-none -I/Volumes/esmf/mpotts/gfortran_9.3.0_openmpi_O_develop/src/apps/ESMF_RegridWeightGen -I/Volumes/esmf/mpotts/gfortran_9.3.0_openmpi_O_develop/build_config/Darwin.gfortran.default -I/Volumes/esmf/mpotts/gfortran_9.3.0_openmpi_O_develop/src/Infrastructure -I/Volumes/esmf/mpotts/gfortran_9.3.0_openmpi_O_develop/src/Superstructure -I/Volumes/esmf/mpotts/gfortran_9.3.0_openmpi_O_develop/DEFAULTINSTALLDIR/mod/modO/Darwin.gfortran.64.openmpi.default -I/Volumes/esmf/mpotts/gfortran_9.3.0_openmpi_O_develop/src/include -I/usr/local/Cellar/netcdf/4.7.4_1/include  -DESMF_NO_INTEGER_1_BYTE -DESMF_NO_INTEGER_2_BYTE -DESMF_VERSION_STRING_GIT='"ESMF_8_2_0_beta_snapshot_10-6-g303eb83066"' -DESMF_MOAB=1 -DESMF_LAPACK=1 -DESMF_LAPACK_INTERNAL=1 -DESMF_NO_ACC_SOFTWARE_STACK=1 -DESMF_NETCDF=1 -DESMF_YAMLCPP=1 -DESMF_YAML=1 -DESMF_PIO=1 -DESMF_MPIIO -DESMF_NO_PTHREADS -DESMF_NO_OPENMP -DESMF_NO_OPENACC -DESMF_TESTEXHAUSTIVE -DESMF_BOPT_O -DESMF_TESTCOMPTUNNEL -DESMF_TESTWITHTHREADS -DSx86_64_small=1 -DESMF_OS_Darwin=1 -DESMF_COMM=openmpi -DESMF_DIR=/Volumes/esmf/mpotts/gfortran_9.3.0_openmpi_O_develop ESMF_RegridWeightGen.F90 -o /Volumes/esmf/mpotts/gfortran_9.3.0_openmpi_O_develop/obj/objO/Darwin.gfortran.64.openmpi.default/src/apps/ESMF_RegridWeightGen/ESMF_RegridWeightGen.o
/Library/Developer/CommandLineTools/usr/bin/make chkdir_apps
mpif90     -m64 -mcmodel=small -L/Volumes/esmf/mpotts/gfortran_9.3.0_openmpi_O_develop/DEFAULTINSTALLDIR/lib/libO/Darwin.gfortran.64.openmpi.default -L/usr/local/Cellar/netcdf/4.7.4_1/lib -L./  -o /Volumes/esmf/mpotts/gfortran_9.3.0_openmpi_O_develop/DEFAULTINSTALLDIR/bin/binO/Darwin.gfortran.64.openmpi.default/ESMF_RegridWeightGen /Volumes/esmf/mpotts/gfortran_9.3.0_openmpi_O_develop/obj/objO/Darwin.gfortran.64.openmpi.default/src/apps/ESMF_RegridWeightGen/ESMF_RegridWeightGen.o -lesmf   -lstdc++ -lc++ -lnetcdf -lnetcdff
tree_build_apps in: /Volumes/esmf/mpotts/gfortran_9.3.0_openmpi_O_develop/src/apps/ESMF_WebServController
/Library/Developer/CommandLineTools/usr/bin/make chkdir_locobj
Making directory /Volumes/esmf/mpotts/gfortran_9.3.0_openmpi_O_develop/obj/objO/Darwin.gfortran.64.openmpi.default/src/apps/ESMF_WebServController for apps output
mpicxx -c -std=c++11 -O -DNDEBUG  -DESMF_LOWERCASE_SINGLEUNDERSCORE -m64 -mcmodel=small -I/Volumes/esmf/mpotts/gfortran_9.3.0_openmpi_O_develop/src/apps/ESMF_WebServController -I/Volumes/esmf/mpotts/gfortran_9.3.0_openmpi_O_develop/src/apps/ESMF_WebServController/../include -I/Volumes/esmf/mpotts/gfortran_9.3.0_openmpi_O_develop/build_config/Darwin.gfortran.default -I/Volumes/esmf/mpotts/gfortran_9.3.0_openmpi_O_develop/src/Infrastructure -I/Volumes/esmf/mpotts/gfortran_9.3.0_openmpi_O_develop/src/Superstructure -I/Volumes/esmf/mpotts/gfortran_9.3.0_openmpi_O_develop/src/Infrastructure/stubs/pthread  -I/Volumes/esmf/mpotts/gfortran_9.3.0_openmpi_O_develop/src/include  -I/usr/local/Cellar/netcdf/4.7.4_1/include -I/Volumes/esmf/mpotts/gfortran_9.3.0_openmpi_O_develop/src/prologue/yaml-cpp/include -DESMF_NO_INTEGER_1_BYTE -DESMF_NO_INTEGER_2_BYTE -DESMF_VERSION_STRING_GIT='"ESMF_8_2_0_beta_snapshot_10-6-g303eb83066"' -DESMF_MOAB=1 -DESMF_LAPACK=1 -DESMF_LAPACK_INTERNAL=1 -DESMF_NO_ACC_SOFTWARE_STACK=1 -DESMF_NETCDF=1 -DESMF_YAMLCPP=1 -DESMF_YAML=1 -DESMF_PIO=1 -DESMF_MPIIO -DESMF_NO_PTHREADS -DESMF_NO_OPENMP -DESMF_NO_OPENACC -DESMF_TESTEXHAUSTIVE -DESMF_BOPT_O -DESMF_TESTCOMPTUNNEL -DESMF_TESTWITHTHREADS -DSx86_64_small=1 -DESMF_OS_Darwin=1 -DESMF_COMM=openmpi -DESMF_DIR=/Volumes/esmf/mpotts/gfortran_9.3.0_openmpi_O_develop -D__SDIR__='"src/apps/ESMF_WebServController"' -DESMF_CXXSTD=11 -DESMF_NO_SIGUSR2 ESMF_WebServController.C -o /Volumes/esmf/mpotts/gfortran_9.3.0_openmpi_O_develop/obj/objO/Darwin.gfortran.64.openmpi.default/src/apps/ESMF_WebServController/ESMF_WebServController.o
/Library/Developer/CommandLineTools/usr/bin/make chkdir_apps
mpicxx    -m64 -mcmodel=small -L/Volumes/esmf/mpotts/gfortran_9.3.0_openmpi_O_develop/DEFAULTINSTALLDIR/lib/libO/Darwin.gfortran.64.openmpi.default -L/usr/local/Cellar/netcdf/4.7.4_1/lib -L/usr/local/Cellar/gcc/10.1.0/lib/gcc/10/gcc/x86_64-apple-darwin18/10.1.0/../../../  -o /Volumes/esmf/mpotts/gfortran_9.3.0_openmpi_O_develop/DEFAULTINSTALLDIR/bin/binO/Darwin.gfortran.64.openmpi.default/ESMF_WebServController /Volumes/esmf/mpotts/gfortran_9.3.0_openmpi_O_develop/obj/objO/Darwin.gfortran.64.openmpi.default/src/apps/ESMF_WebServController/ESMF_WebServController.o -lesmf  -lmpi_mpifh -lgfortran -lnetcdf -lnetcdff
ld: warning: could not create compact unwind for ___esmf_initmod_MOD_esmf_frameworkinternalinit: stack subq instruction is too different from dwarf stack size
ld: warning: could not create compact unwind for ___esmf_vmmod_MOD_esmf_vmtranslatevmid: stack subq instruction is too different from dwarf stack size
ld: warning: could not create compact unwind for ___esmf_f90interfacemod_MOD_esmf_interarraycreateptr: stack subq instruction is too different from dwarf stack size
ld: warning: could not create compact unwind for ___esmf_f90interfacemod_MOD_esmf_interarraycreatetrg: stack subq instruction is too different from dwarf stack size
ld: warning: could not create compact unwind for ___esmf_arraycreatemod_MOD_esmf_arraysetplocaldeinternali8: stack subq instruction is too different from dwarf stack size
ld: warning: could not create compact unwind for ___esmf_arraycreatemod_MOD_esmf_arraysetplocaldeinternali4: stack subq instruction is too different from dwarf stack size
ld: warning: could not create compact unwind for ___esmf_arraycreatemod_MOD_esmf_arraycreateallocateas: stack subq instruction is too different from dwarf stack size
ld: warning: could not create compact unwind for ___esmf_arraycreatemod_MOD_esmf_arraycreatelocalarray: stack subq instruction is too different from dwarf stack size
ld: warning: could not create compact unwind for ___esmf_compmod_MOD_esmf_compset: stack subq instruction is too different from dwarf stack size
ld: warning: could not create compact unwind for ___esmf_compmod_MOD_esmf_compconstruct: stack subq instruction is too different from dwarf stack size
ld: warning: could not create compact unwind for ___esmf_fieldregridmod_MOD_esmf_fieldregridstorenx: stack subq instruction is too different from dwarf stack size
ld: warning: could not create compact unwind for ___esmf_gridmod_MOD_esmf_gridluadefault: stack subq instruction is too different from dwarf stack size
ld: warning: could not create compact unwind for ___esmf_gridmod_MOD_esmf_gridsetfromdistgrid: stack subq instruction is too different from dwarf stack size
ld: warning: could not create compact unwind for ___esmf_gridmod_MOD_esmf_gridgetitembounds: stack subq instruction is too different from dwarf stack size
ld: warning: could not create compact unwind for ___esmf_gridmod_MOD_esmf_gridgetcoordbounds: stack subq instruction is too different from dwarf stack size
ld: warning: could not create compact unwind for ___esmf_gridmod_MOD_esmf_gridgetpslocptile: stack subq instruction is too different from dwarf stack size
ld: warning: could not create compact unwind for ___esmf_gridmod_MOD_esmf_gridgetpsloc: stack subq instruction is too different from dwarf stack size
ld: warning: could not create compact unwind for ___esmf_gridmod_MOD_esmf_gridgetplocaldepsloc: stack subq instruction is too different from dwarf stack size
ld: warning: could not create compact unwind for ___esmf_gridmod_MOD_esmf_gridgetindex: stack subq instruction is too different from dwarf stack size
ld: warning: could not create compact unwind for ___esmf_gridmod_MOD_esmf_gridgetdefault: stack subq instruction is too different from dwarf stack size
ld: warning: could not create compact unwind for ___esmf_gridmod_MOD_esmf_gridgetitem3dr8: stack subq instruction is too different from dwarf stack size
ld: warning: could not create compact unwind for ___esmf_gridmod_MOD_esmf_gridgetitem2dr8: stack subq instruction is too different from dwarf stack size
ld: warning: could not create compact unwind for ___esmf_gridmod_MOD_esmf_gridgetitem1dr8: stack subq instruction is too different from dwarf stack size
ld: warning: could not create compact unwind for ___esmf_gridmod_MOD_esmf_gridgetitem3dr4: stack subq instruction is too different from dwarf stack size
ld: warning: could not create compact unwind for ___esmf_gridmod_MOD_esmf_gridgetitem2dr4: stack subq instruction is too different from dwarf stack size
ld: warning: could not create compact unwind for ___esmf_gridmod_MOD_esmf_gridgetitem1dr4: stack subq instruction is too different from dwarf stack size
ld: warning: could not create compact unwind for ___esmf_gridmod_MOD_esmf_gridgetitem3di4: stack subq instruction is too different from dwarf stack size
ld: warning: could not create compact unwind for ___esmf_gridmod_MOD_esmf_gridgetitem2di4: stack subq instruction is too different from dwarf stack size
ld: warning: could not create compact unwind for ___esmf_gridmod_MOD_esmf_gridgetitem1di4: stack subq instruction is too different from dwarf stack size
ld: warning: could not create compact unwind for ___esmf_gridmod_MOD_esmf_gridgetcoord3dr8: stack subq instruction is too different from dwarf stack size
ld: warning: could not create compact unwind for ___esmf_gridmod_MOD_esmf_gridgetcoord2dr8: stack subq instruction is too different from dwarf stack size
ld: warning: could not create compact unwind for ___esmf_gridmod_MOD_esmf_gridgetcoord1dr8: stack subq instruction is too different from dwarf stack size
ld: warning: could not create compact unwind for ___esmf_gridmod_MOD_esmf_gridgetcoord3dr4: stack subq instruction is too different from dwarf stack size
ld: warning: could not create compact unwind for ___esmf_gridmod_MOD_esmf_gridgetcoord2dr4: stack subq instruction is too different from dwarf stack size
ld: warning: could not create compact unwind for ___esmf_gridmod_MOD_esmf_gridgetcoord1dr4: stack subq instruction is too different from dwarf stack size
ld: warning: could not create compact unwind for ___esmf_gridmod_MOD_esmf_gridgetplocalde: stack subq instruction is too different from dwarf stack size
ld: warning: could not create compact unwind for ___esmf_gridmod_MOD_esmf_gridcreatefrmdistgridarb: stack subq instruction is too different from dwarf stack size
ld: warning: could not create compact unwind for ___esmf_gridmod_MOD_esmf_gridcreatefrmdistgrid: stack subq instruction is too different from dwarf stack size
ld: warning: could not create compact unwind for ___esmf_gridmod_MOD_esmf_gridconvertindex: stack subq instruction is too different from dwarf stack size
ld: warning: could not create compact unwind for ___esmf_gridmod_MOD_esmf_gridadditemnovalues: stack subq instruction is too different from dwarf stack size
ld: warning: could not create compact unwind for ___esmf_gridmod_MOD_esmf_gridaddcoordnovalues: stack subq instruction is too different from dwarf stack size
ld: warning: could not create compact unwind for ___esmf_gridmod_MOD_esmf_gridcreatemosaicireg: stack subq instruction is too different from dwarf stack size
ld: warning: could not create compact unwind for ___esmf_gridmod_MOD_esmf_gridcreatefrmscrip: stack subq instruction is too different from dwarf stack size
ld: warning: could not create compact unwind for ___esmf_gridmod_MOD_esmf_gridcreatefrmgridspec: stack subq instruction is too different from dwarf stack size
ld: warning: could not create compact unwind for ___esmf_gridmod_MOD_esmf_gridcreatemosaicreg: stack subq instruction is too different from dwarf stack size
ld: warning: could not create compact unwind for ___esmf_ioscripmod_MOD_esmf_outputscripweightfile: stack subq instruction is too different from dwarf stack size
ld: warning: could not create compact unwind for ___esmf_meshmod_MOD_esmf_meshset: stack subq instruction is too different from dwarf stack size
ld: warning: could not create compact unwind for ___esmf_meshmod_MOD_esmf_meshget: stack subq instruction is too different from dwarf stack size
ld: warning: could not create compact unwind for ___esmf_meshmod_MOD_esmf_meshcreateeasyelemsgen: stack subq instruction is too different from dwarf stack size
ld: warning: could not create compact unwind for ___esmf_meshmod_MOD_esmf_meshcreate1part: stack subq instruction is too different from dwarf stack size
ld: warning: could not create compact unwind for ___esmf_meshmod_MOD_esmf_meshaddnodes: stack subq instruction is too different from dwarf stack size
ld: warning: could not create compact unwind for ___esmf_meshmod_MOD_esmf_meshaddelements: stack subq instruction is too different from dwarf stack size
ld: warning: could not create compact unwind for ___esmf_meshmod_MOD_esmf_meshcreatecubedsphere: stack subq instruction is too different from dwarf stack size
ld: warning: could not create compact unwind for ___esmf_meshmod_MOD_esmf_meshcreatefromunstruct: stack subq instruction is too different from dwarf stack size
ld: warning: could not create compact unwind for ___esmf_rhandlemod_MOD_esmf_routehandlecreaterh: stack subq instruction is too different from dwarf stack size
ld: warning: could not create compact unwind for ___esmf_complianceicmod_MOD_checkfieldmetadata: stack subq instruction is too different from dwarf stack size
ld: warning: could not create compact unwind for ___esmf_complianceicmod_MOD_checkstate: stack subq instruction is too different from dwarf stack size
ld: warning: could not create compact unwind for ___esmf_complianceicmod_MOD_checkinternalclock: stack subq instruction is too different from dwarf stack size
ld: warning: could not create compact unwind for ___esmf_complianceicmod_MOD_checkcomponentmetadata: stack subq instruction is too different from dwarf stack size
ld: warning: could not create compact unwind for ___esmf_arraybundlemod_MOD_esmf_arraybundlesmmstorenf: stack subq instruction is too different from dwarf stack size
ld: warning: could not create compact unwind for ___esmf_arraybundlemod_MOD_esmf_arraybundlesmmstorer8: stack subq instruction is too different from dwarf stack size
ld: warning: could not create compact unwind for ___esmf_arraybundlemod_MOD_esmf_arraybundlesmmstorer4: stack subq instruction is too different from dwarf stack size
ld: warning: could not create compact unwind for ___esmf_arraybundlemod_MOD_esmf_arraybundlesmmstorei8: stack subq instruction is too different from dwarf stack size
ld: warning: could not create compact unwind for ___esmf_arraybundlemod_MOD_esmf_arraybundlesmmstorei4: stack subq instruction is too different from dwarf stack size
ld: warning: could not create compact unwind for ___esmf_arraybundlemod_MOD_esmf_arraybundlerediststorenf: stack subq instruction is too different from dwarf stack size
ld: warning: could not create compact unwind for ___esmf_arraybundlemod_MOD_esmf_arraybundlerediststorer8: stack subq instruction is too different from dwarf stack size
ld: warning: could not create compact unwind for ___esmf_arraybundlemod_MOD_esmf_arraybundlerediststorer4: stack subq instruction is too different from dwarf stack size
ld: warning: could not create compact unwind for ___esmf_arraybundlemod_MOD_esmf_arraybundlerediststorei8: stack subq instruction is too different from dwarf stack size
ld: warning: could not create compact unwind for ___esmf_arraybundlemod_MOD_esmf_arraybundlerediststorei4: stack subq instruction is too different from dwarf stack size
ld: warning: could not create compact unwind for ___esmf_arraybundlemod_MOD_esmf_arraybundlehalostore: stack subq instruction is too different from dwarf stack size
ld: warning: could not create compact unwind for ___esmf_arraygetmod_MOD_esmf_arraygetdefault: stack subq instruction is too different from dwarf stack size
ld: warning: could not create compact unwind for ___esmf_arrayhamod_MOD_esmf_arrayrediststorenftp: stack subq instruction is too different from dwarf stack size
ld: warning: could not create compact unwind for ___esmf_arrayhamod_MOD_esmf_arrayrediststorenf: stack subq instruction is too different from dwarf stack size
ld: warning: could not create compact unwind for ___esmf_arrayhamod_MOD_esmf_arrayrediststorer8tp: stack subq instruction is too different from dwarf stack size
ld: warning: could not create compact unwind for ___esmf_arrayhamod_MOD_esmf_arrayrediststorer4tp: stack subq instruction is too different from dwarf stack size
ld: warning: could not create compact unwind for ___esmf_arrayhamod_MOD_esmf_arrayrediststorei8tp: stack subq instruction is too different from dwarf stack size
ld: warning: could not create compact unwind for ___esmf_arrayhamod_MOD_esmf_arrayrediststorei4tp: stack subq instruction is too different from dwarf stack size
ld: warning: could not create compact unwind for ___esmf_arrayhamod_MOD_esmf_arrayrediststorer8: stack subq instruction is too different from dwarf stack size
ld: warning: could not create compact unwind for ___esmf_arrayhamod_MOD_esmf_arrayrediststorer4: stack subq instruction is too different from dwarf stack size
ld: warning: could not create compact unwind for ___esmf_arrayhamod_MOD_esmf_arrayrediststorei8: stack subq instruction is too different from dwarf stack size
ld: warning: could not create compact unwind for ___esmf_arrayhamod_MOD_esmf_arrayrediststorei4: stack subq instruction is too different from dwarf stack size
ld: warning: could not create compact unwind for ___esmf_arrayhamod_MOD_esmf_arrayhalostore: stack subq instruction is too different from dwarf stack size
ld: warning: could not create compact unwind for ___esmf_arraymod_MOD_esmf_arraysmmstoreind8r8tp: stack subq instruction is too different from dwarf stack size
ld: warning: could not create compact unwind for ___esmf_arraymod_MOD_esmf_arraysmmstoreind8r4tp: stack subq instruction is too different from dwarf stack size
ld: warning: could not create compact unwind for ___esmf_arraymod_MOD_esmf_arraysmmstoreind8i8tp: stack subq instruction is too different from dwarf stack size
ld: warning: could not create compact unwind for ___esmf_arraymod_MOD_esmf_arraysmmstoreind8i4tp: stack subq instruction is too different from dwarf stack size
ld: warning: could not create compact unwind for ___esmf_arraymod_MOD_esmf_arraysmmstoreind4r8tp: stack subq instruction is too different from dwarf stack size
ld: warning: could not create compact unwind for ___esmf_arraymod_MOD_esmf_arraysmmstoreind4r4tp: stack subq instruction is too different from dwarf stack size
ld: warning: could not create compact unwind for ___esmf_arraymod_MOD_esmf_arraysmmstoreind4i8tp: stack subq instruction is too different from dwarf stack size
ld: warning: could not create compact unwind for ___esmf_arraymod_MOD_esmf_arraysmmstoreind4i4tp: stack subq instruction is too different from dwarf stack size
ld: warning: could not create compact unwind for ___esmf_arraymod_MOD_esmf_arraysmmstoreind8r8: stack subq instruction is too different from dwarf stack size
ld: warning: could not create compact unwind for ___esmf_arraymod_MOD_esmf_arraysmmstoreind8r4: stack subq instruction is too different from dwarf stack size
ld: warning: could not create compact unwind for ___esmf_arraymod_MOD_esmf_arraysmmstoreind8i8: stack subq instruction is too different from dwarf stack size
ld: warning: could not create compact unwind for ___esmf_arraymod_MOD_esmf_arraysmmstoreind8i4: stack subq instruction is too different from dwarf stack size
ld: warning: could not create compact unwind for ___esmf_arraymod_MOD_esmf_arraysmmstoreind4r8: stack subq instruction is too different from dwarf stack size
ld: warning: could not create compact unwind for ___esmf_arraymod_MOD_esmf_arraysmmstoreind4r4: stack subq instruction is too different from dwarf stack size
ld: warning: could not create compact unwind for ___esmf_arraymod_MOD_esmf_arraysmmstoreind4i8: stack subq instruction is too different from dwarf stack size
ld: warning: could not create compact unwind for ___esmf_arraymod_MOD_esmf_arraysmmstoreind4i4: stack subq instruction is too different from dwarf stack size
ld: warning: could not create compact unwind for ___esmf_arraymod_MOD_esmf_arraysetdefault: stack subq instruction is too different from dwarf stack size
ld: warning: could not create compact unwind for ___esmf_configmod_MOD_esmf_configparseattributes: stack subq instruction is too different from dwarf stack size
ld: warning: could not create compact unwind for ___esmf_configmod_MOD_esmf_configsetinti4: stack subq instruction is too different from dwarf stack size
ld: warning: could not create compact unwind for ___esmf_configmod_MOD_esmf_configgetlogical: stack subq instruction is too different from dwarf stack size
ld: warning: could not create compact unwind for ___esmf_delayoutmod_MOD_esmf_delayoutget: stack subq instruction is too different from dwarf stack size
ld: warning: could not create compact unwind for ___esmf_delayoutmod_MOD_esmf_delayoutcreatehintweights: stack subq instruction is too different from dwarf stack size
ld: warning: could not create compact unwind for ___esmf_delayoutmod_MOD_esmf_delayoutcreatedefault: stack subq instruction is too different from dwarf stack size
ld: warning: could not create compact unwind for ___esmf_distgridconnectionmod_MOD_esmf_distgridconnectionint: stack subq instruction is too different from dwarf stack size
ld: warning: could not create compact unwind for ___esmf_distgridconnectionmod_MOD_esmf_interarraycreatedgconn: stack subq instruction is too different from dwarf stack size
ld: warning: could not create compact unwind for ___esmf_distgridmod_MOD_esmf_distgridgetplocaldepdim: stack subq instruction is too different from dwarf stack size
ld: warning: could not create compact unwind for ___esmf_distgridmod_MOD_esmf_distgridgetdefault: stack subq instruction is too different from dwarf stack size
ld: warning: could not create compact unwind for ___esmf_distgridmod_MOD_esmf_distgridgetplocalde: stack subq instruction is too different from dwarf stack size
ld: warning: could not create compact unwind for ___esmf_distgridmod_MOD_esmf_distgridcreatedbt: stack subq instruction is too different from dwarf stack size
ld: warning: could not create compact unwind for ___esmf_distgridmod_MOD_esmf_distgridcreatedb: stack subq instruction is too different from dwarf stack size
ld: warning: could not create compact unwind for ___esmf_distgridmod_MOD_esmf_distgridcreatedbai: stack subq instruction is too different from dwarf stack size
ld: warning: could not create compact unwind for ___esmf_distgridmod_MOD_esmf_distgridcreatedbai1d: stack subq instruction is too different from dwarf stack size
ld: warning: could not create compact unwind for ___esmf_distgridmod_MOD_esmf_distgridcreatedbai1d1dei8: stack subq instruction is too different from dwarf stack size
ld: warning: could not create compact unwind for ___esmf_distgridmod_MOD_esmf_distgridcreatedbai1d1de: stack subq instruction is too different from dwarf stack size
ld: warning: could not create compact unwind for ___esmf_distgridmod_MOD_esmf_distgridcreaterdf: stack subq instruction is too different from dwarf stack size
ld: warning: could not create compact unwind for ___esmf_distgridmod_MOD_esmf_distgridcreaterdt: stack subq instruction is too different from dwarf stack size
ld: warning: could not create compact unwind for ___esmf_distgridmod_MOD_esmf_distgridcreaterd: stack subq instruction is too different from dwarf stack size
ld: warning: could not create compact unwind for ___esmf_distgridmod_MOD_esmf_distgridcreatedgt: stack subq instruction is too different from dwarf stack size
ld: warning: could not create compact unwind for ___esmf_distgridmod_MOD_esmf_distgridcreatedg: stack subq instruction is too different from dwarf stack size
ld: warning: could not create compact unwind for ___esmf_gridutilmod_MOD_esmf_gridtomesh: stack subq instruction is too different from dwarf stack size
ld: warning: could not create compact unwind for ___esmf_iogridmosaicmod_MOD_esmf_gridspecreadmosaic: stack subq instruction is too different from dwarf stack size
ld: warning: could not create compact unwind for ___esmf_iougridmod_MOD_esmf_getmesh3dfromugrid: stack subq instruction is too different from dwarf stack size
ld: warning: could not create compact unwind for ___esmf_iougridmod_MOD_esmf_ugridinq: stack subq instruction is too different from dwarf stack size
ld: warning: could not create compact unwind for ___esmf_locstreammod_MOD_esmf_locstreamcreatebybkgmesh: stack subq instruction is too different from dwarf stack size
ld: warning: could not create compact unwind for ___esmf_pointlistmod_MOD_esmf_pointlistcreatefrmmesh: stack subq instruction is too different from dwarf stack size
ld: warning: could not create compact unwind for ___esmf_pointlistmod_MOD_esmf_pointlistcreatefrmgrid: stack subq instruction is too different from dwarf stack size
ld: warning: could not create compact unwind for ___esmfpiodarray_MOD_read_darray_1d_double: stack subq instruction is too different from dwarf stack size
ld: warning: could not create compact unwind for ___esmfpiodarray_MOD_read_darray_1d_int: stack subq instruction is too different from dwarf stack size
ld: warning: could not create compact unwind for ___esmfpiodarray_MOD_read_darray_1d_real: stack subq instruction is too different from dwarf stack size
ld: warning: could not create compact unwind for ___esmfpionfread_mod_MOD_read_nfdarray_int: stack subq instruction is too different from dwarf stack size
ld: warning: could not create compact unwind for ___esmfpionfread_mod_MOD_read_nfdarray_double: stack subq instruction is too different from dwarf stack size
ld: warning: could not create compact unwind for ___esmfpionfread_mod_MOD_read_nfdarray_real: stack subq instruction is too different from dwarf stack size
ld: warning: could not create compact unwind for ___esmfpionfwrite_mod_MOD_write_nfdarray_double: stack subq instruction is too different from dwarf stack size
ld: warning: could not create compact unwind for ___esmfpionfwrite_mod_MOD_write_nfdarray_int: stack subq instruction is too different from dwarf stack size
ld: warning: could not create compact unwind for ___esmfpionfwrite_mod_MOD_write_nfdarray_real: stack subq instruction is too different from dwarf stack size
ld: warning: could not create compact unwind for _pio_callback_handler_: stack subq instruction is too different from dwarf stack size
ld: warning: could not create compact unwind for _initdecomp_dof_handler_: stack subq instruction is too different from dwarf stack size
ld: warning: could not create compact unwind for _esmf_dormlq_: stack subq instruction is too different from dwarf stack size
ld: warning: could not create compact unwind for _esmf_dormqr_: stack subq instruction is too different from dwarf stack size
ld: warning: could not create compact unwind for _esmf_dhseqr_: stack subq instruction is too different from dwarf stack size
tree_build_apps in: /Volumes/esmf/mpotts/gfortran_9.3.0_openmpi_O_develop/src/apps/ESMF_Scrip2Unstruct
/Library/Developer/CommandLineTools/usr/bin/make chkdir_locobj
Making directory /Volumes/esmf/mpotts/gfortran_9.3.0_openmpi_O_develop/obj/objO/Darwin.gfortran.64.openmpi.default/src/apps/ESMF_Scrip2Unstruct for apps output
mpicxx -c -std=c++11 -O -DNDEBUG  -DESMF_LOWERCASE_SINGLEUNDERSCORE -m64 -mcmodel=small -I/Volumes/esmf/mpotts/gfortran_9.3.0_openmpi_O_develop/src/apps/ESMF_Scrip2Unstruct -I/Volumes/esmf/mpotts/gfortran_9.3.0_openmpi_O_develop/src/apps/ESMF_Scrip2Unstruct/../include -I/Volumes/esmf/mpotts/gfortran_9.3.0_openmpi_O_develop/build_config/Darwin.gfortran.default -I/Volumes/esmf/mpotts/gfortran_9.3.0_openmpi_O_develop/src/Infrastructure -I/Volumes/esmf/mpotts/gfortran_9.3.0_openmpi_O_develop/src/Superstructure -I/Volumes/esmf/mpotts/gfortran_9.3.0_openmpi_O_develop/src/Infrastructure/stubs/pthread  -I/Volumes/esmf/mpotts/gfortran_9.3.0_openmpi_O_develop/src/include  -I/usr/local/Cellar/netcdf/4.7.4_1/include -I/Volumes/esmf/mpotts/gfortran_9.3.0_openmpi_O_develop/src/prologue/yaml-cpp/include -DESMF_NO_INTEGER_1_BYTE -DESMF_NO_INTEGER_2_BYTE -DESMF_VERSION_STRING_GIT='"ESMF_8_2_0_beta_snapshot_10-6-g303eb83066"' -DESMF_MOAB=1 -DESMF_LAPACK=1 -DESMF_LAPACK_INTERNAL=1 -DESMF_NO_ACC_SOFTWARE_STACK=1 -DESMF_NETCDF=1 -DESMF_YAMLCPP=1 -DESMF_YAML=1 -DESMF_PIO=1 -DESMF_MPIIO -DESMF_NO_PTHREADS -DESMF_NO_OPENMP -DESMF_NO_OPENACC -DESMF_TESTEXHAUSTIVE -DESMF_BOPT_O -DESMF_TESTCOMPTUNNEL -DESMF_TESTWITHTHREADS -DSx86_64_small=1 -DESMF_OS_Darwin=1 -DESMF_COMM=openmpi -DESMF_DIR=/Volumes/esmf/mpotts/gfortran_9.3.0_openmpi_O_develop -D__SDIR__='"src/apps/ESMF_Scrip2Unstruct"' -DESMF_CXXSTD=11 -DESMF_NO_SIGUSR2 ESMF_Scrip2Unstruct.C -o /Volumes/esmf/mpotts/gfortran_9.3.0_openmpi_O_develop/obj/objO/Darwin.gfortran.64.openmpi.default/src/apps/ESMF_Scrip2Unstruct/ESMF_Scrip2Unstruct.o
/Library/Developer/CommandLineTools/usr/bin/make chkdir_apps
mpicxx    -m64 -mcmodel=small -L/Volumes/esmf/mpotts/gfortran_9.3.0_openmpi_O_develop/DEFAULTINSTALLDIR/lib/libO/Darwin.gfortran.64.openmpi.default -L/usr/local/Cellar/netcdf/4.7.4_1/lib -L/usr/local/Cellar/gcc/10.1.0/lib/gcc/10/gcc/x86_64-apple-darwin18/10.1.0/../../../  -o /Volumes/esmf/mpotts/gfortran_9.3.0_openmpi_O_develop/DEFAULTINSTALLDIR/bin/binO/Darwin.gfortran.64.openmpi.default/ESMF_Scrip2Unstruct /Volumes/esmf/mpotts/gfortran_9.3.0_openmpi_O_develop/obj/objO/Darwin.gfortran.64.openmpi.default/src/apps/ESMF_Scrip2Unstruct/ESMF_Scrip2Unstruct.o -lesmf  -lmpi_mpifh -lgfortran -lnetcdf -lnetcdff
ld: warning: could not create compact unwind for ___esmf_arraycreatemod_MOD_esmf_arraysetplocaldeinternali8: stack subq instruction is too different from dwarf stack size
ld: warning: could not create compact unwind for ___esmf_arraycreatemod_MOD_esmf_arraysetplocaldeinternali4: stack subq instruction is too different from dwarf stack size
ld: warning: could not create compact unwind for ___esmf_arraycreatemod_MOD_esmf_arraycreateallocateas: stack subq instruction is too different from dwarf stack size
ld: warning: could not create compact unwind for ___esmf_arraycreatemod_MOD_esmf_arraycreatelocalarray: stack subq instruction is too different from dwarf stack size
ld: warning: could not create compact unwind for ___esmf_compmod_MOD_esmf_compset: stack subq instruction is too different from dwarf stack size
ld: warning: could not create compact unwind for ___esmf_compmod_MOD_esmf_compconstruct: stack subq instruction is too different from dwarf stack size
ld: warning: could not create compact unwind for ___esmf_fieldregridmod_MOD_esmf_fieldregridstorenx: stack subq instruction is too different from dwarf stack size
ld: warning: could not create compact unwind for ___esmf_gridmod_MOD_esmf_gridluadefault: stack subq instruction is too different from dwarf stack size
ld: warning: could not create compact unwind for ___esmf_gridmod_MOD_esmf_gridsetfromdistgrid: stack subq instruction is too different from dwarf stack size
ld: warning: could not create compact unwind for ___esmf_gridmod_MOD_esmf_gridgetitembounds: stack subq instruction is too different from dwarf stack size
ld: warning: could not create compact unwind for ___esmf_gridmod_MOD_esmf_gridgetcoordbounds: stack subq instruction is too different from dwarf stack size
ld: warning: could not create compact unwind for ___esmf_gridmod_MOD_esmf_gridgetpslocptile: stack subq instruction is too different from dwarf stack size
ld: warning: could not create compact unwind for ___esmf_gridmod_MOD_esmf_gridgetpsloc: stack subq instruction is too different from dwarf stack size
ld: warning: could not create compact unwind for ___esmf_gridmod_MOD_esmf_gridgetplocaldepsloc: stack subq instruction is too different from dwarf stack size
ld: warning: could not create compact unwind for ___esmf_gridmod_MOD_esmf_gridgetindex: stack subq instruction is too different from dwarf stack size
ld: warning: could not create compact unwind for ___esmf_gridmod_MOD_esmf_gridgetdefault: stack subq instruction is too different from dwarf stack size
ld: warning: could not create compact unwind for ___esmf_gridmod_MOD_esmf_gridgetitem3dr8: stack subq instruction is too different from dwarf stack size
ld: warning: could not create compact unwind for ___esmf_gridmod_MOD_esmf_gridgetitem2dr8: stack subq instruction is too different from dwarf stack size
ld: warning: could not create compact unwind for ___esmf_gridmod_MOD_esmf_gridgetitem1dr8: stack subq instruction is too different from dwarf stack size
ld: warning: could not create compact unwind for ___esmf_gridmod_MOD_esmf_gridgetitem3dr4: stack subq instruction is too different from dwarf stack size
ld: warning: could not create compact unwind for ___esmf_gridmod_MOD_esmf_gridgetitem2dr4: stack subq instruction is too different from dwarf stack size
ld: warning: could not create compact unwind for ___esmf_gridmod_MOD_esmf_gridgetitem1dr4: stack subq instruction is too different from dwarf stack size
ld: warning: could not create compact unwind for ___esmf_gridmod_MOD_esmf_gridgetitem3di4: stack subq instruction is too different from dwarf stack size
ld: warning: could not create compact unwind for ___esmf_gridmod_MOD_esmf_gridgetitem2di4: stack subq instruction is too different from dwarf stack size
ld: warning: could not create compact unwind for ___esmf_gridmod_MOD_esmf_gridgetitem1di4: stack subq instruction is too different from dwarf stack size
ld: warning: could not create compact unwind for ___esmf_gridmod_MOD_esmf_gridgetcoord3dr8: stack subq instruction is too different from dwarf stack size
ld: warning: could not create compact unwind for ___esmf_gridmod_MOD_esmf_gridgetcoord2dr8: stack subq instruction is too different from dwarf stack size
ld: warning: could not create compact unwind for ___esmf_gridmod_MOD_esmf_gridgetcoord1dr8: stack subq instruction is too different from dwarf stack size
ld: warning: could not create compact unwind for ___esmf_gridmod_MOD_esmf_gridgetcoord3dr4: stack subq instruction is too different from dwarf stack size
ld: warning: could not create compact unwind for ___esmf_gridmod_MOD_esmf_gridgetcoord2dr4: stack subq instruction is too different from dwarf stack size
ld: warning: could not create compact unwind for ___esmf_gridmod_MOD_esmf_gridgetcoord1dr4: stack subq instruction is too different from dwarf stack size
ld: warning: could not create compact unwind for ___esmf_gridmod_MOD_esmf_gridgetplocalde: stack subq instruction is too different from dwarf stack size
ld: warning: could not create compact unwind for ___esmf_gridmod_MOD_esmf_gridcreatefrmdistgridarb: stack subq instruction is too different from dwarf stack size
ld: warning: could not create compact unwind for ___esmf_gridmod_MOD_esmf_gridcreatefrmdistgrid: stack subq instruction is too different from dwarf stack size
ld: warning: could not create compact unwind for ___esmf_gridmod_MOD_esmf_gridconvertindex: stack subq instruction is too different from dwarf stack size
ld: warning: could not create compact unwind for ___esmf_gridmod_MOD_esmf_gridadditemnovalues: stack subq instruction is too different from dwarf stack size
ld: warning: could not create compact unwind for ___esmf_gridmod_MOD_esmf_gridaddcoordnovalues: stack subq instruction is too different from dwarf stack size
ld: warning: could not create compact unwind for ___esmf_gridmod_MOD_esmf_gridcreatemosaicireg: stack subq instruction is too different from dwarf stack size
ld: warning: could not create compact unwind for ___esmf_gridmod_MOD_esmf_gridcreatefrmscrip: stack subq instruction is too different from dwarf stack size
ld: warning: could not create compact unwind for ___esmf_gridmod_MOD_esmf_gridcreatefrmgridspec: stack subq instruction is too different from dwarf stack size
ld: warning: could not create compact unwind for ___esmf_gridmod_MOD_esmf_gridcreatemosaicreg: stack subq instruction is too different from dwarf stack size
ld: warning: could not create compact unwind for ___esmf_initmod_MOD_esmf_frameworkinternalinit: stack subq instruction is too different from dwarf stack size
ld: warning: could not create compact unwind for ___esmf_ioscripmod_MOD_esmf_outputscripweightfile: stack subq instruction is too different from dwarf stack size
ld: warning: could not create compact unwind for ___esmf_meshmod_MOD_esmf_meshset: stack subq instruction is too different from dwarf stack size
ld: warning: could not create compact unwind for ___esmf_meshmod_MOD_esmf_meshget: stack subq instruction is too different from dwarf stack size
ld: warning: could not create compact unwind for ___esmf_meshmod_MOD_esmf_meshcreateeasyelemsgen: stack subq instruction is too different from dwarf stack size
ld: warning: could not create compact unwind for ___esmf_meshmod_MOD_esmf_meshcreate1part: stack subq instruction is too different from dwarf stack size
ld: warning: could not create compact unwind for ___esmf_meshmod_MOD_esmf_meshaddnodes: stack subq instruction is too different from dwarf stack size
ld: warning: could not create compact unwind for ___esmf_meshmod_MOD_esmf_meshaddelements: stack subq instruction is too different from dwarf stack size
ld: warning: could not create compact unwind for ___esmf_meshmod_MOD_esmf_meshcreatecubedsphere: stack subq instruction is too different from dwarf stack size
ld: warning: could not create compact unwind for ___esmf_meshmod_MOD_esmf_meshcreatefromunstruct: stack subq instruction is too different from dwarf stack size
ld: warning: could not create compact unwind for ___esmf_rhandlemod_MOD_esmf_routehandlecreaterh: stack subq instruction is too different from dwarf stack size
ld: warning: could not create compact unwind for ___esmf_vmmod_MOD_esmf_vmtranslatevmid: stack subq instruction is too different from dwarf stack size
ld: warning: could not create compact unwind for ___esmf_arraybundlemod_MOD_esmf_arraybundlesmmstorenf: stack subq instruction is too different from dwarf stack size
ld: warning: could not create compact unwind for ___esmf_arraybundlemod_MOD_esmf_arraybundlesmmstorer8: stack subq instruction is too different from dwarf stack size
ld: warning: could not create compact unwind for ___esmf_arraybundlemod_MOD_esmf_arraybundlesmmstorer4: stack subq instruction is too different from dwarf stack size
ld: warning: could not create compact unwind for ___esmf_arraybundlemod_MOD_esmf_arraybundlesmmstorei8: stack subq instruction is too different from dwarf stack size
ld: warning: could not create compact unwind for ___esmf_arraybundlemod_MOD_esmf_arraybundlesmmstorei4: stack subq instruction is too different from dwarf stack size
ld: warning: could not create compact unwind for ___esmf_arraybundlemod_MOD_esmf_arraybundlerediststorenf: stack subq instruction is too different from dwarf stack size
ld: warning: could not create compact unwind for ___esmf_arraybundlemod_MOD_esmf_arraybundlerediststorer8: stack subq instruction is too different from dwarf stack size
ld: warning: could not create compact unwind for ___esmf_arraybundlemod_MOD_esmf_arraybundlerediststorer4: stack subq instruction is too different from dwarf stack size
ld: warning: could not create compact unwind for ___esmf_arraybundlemod_MOD_esmf_arraybundlerediststorei8: stack subq instruction is too different from dwarf stack size
ld: warning: could not create compact unwind for ___esmf_arraybundlemod_MOD_esmf_arraybundlerediststorei4: stack subq instruction is too different from dwarf stack size
ld: warning: could not create compact unwind for ___esmf_arraybundlemod_MOD_esmf_arraybundlehalostore: stack subq instruction is too different from dwarf stack size
ld: warning: could not create compact unwind for ___esmf_arraygetmod_MOD_esmf_arraygetdefault: stack subq instruction is too different from dwarf stack size
ld: warning: could not create compact unwind for ___esmf_arrayhamod_MOD_esmf_arrayrediststorenftp: stack subq instruction is too different from dwarf stack size
ld: warning: could not create compact unwind for ___esmf_arrayhamod_MOD_esmf_arrayrediststorenf: stack subq instruction is too different from dwarf stack size
ld: warning: could not create compact unwind for ___esmf_arrayhamod_MOD_esmf_arrayrediststorer8tp: stack subq instruction is too different from dwarf stack size
ld: warning: could not create compact unwind for ___esmf_arrayhamod_MOD_esmf_arrayrediststorer4tp: stack subq instruction is too different from dwarf stack size
ld: warning: could not create compact unwind for ___esmf_arrayhamod_MOD_esmf_arrayrediststorei8tp: stack subq instruction is too different from dwarf stack size
ld: warning: could not create compact unwind for ___esmf_arrayhamod_MOD_esmf_arrayrediststorei4tp: stack subq instruction is too different from dwarf stack size
ld: warning: could not create compact unwind for ___esmf_arrayhamod_MOD_esmf_arrayrediststorer8: stack subq instruction is too different from dwarf stack size
ld: warning: could not create compact unwind for ___esmf_arrayhamod_MOD_esmf_arrayrediststorer4: stack subq instruction is too different from dwarf stack size
ld: warning: could not create compact unwind for ___esmf_arrayhamod_MOD_esmf_arrayrediststorei8: stack subq instruction is too different from dwarf stack size
ld: warning: could not create compact unwind for ___esmf_arrayhamod_MOD_esmf_arrayrediststorei4: stack subq instruction is too different from dwarf stack size
ld: warning: could not create compact unwind for ___esmf_arrayhamod_MOD_esmf_arrayhalostore: stack subq instruction is too different from dwarf stack size
ld: warning: could not create compact unwind for ___esmf_arraymod_MOD_esmf_arraysmmstoreind8r8tp: stack subq instruction is too different from dwarf stack size
ld: warning: could not create compact unwind for ___esmf_arraymod_MOD_esmf_arraysmmstoreind8r4tp: stack subq instruction is too different from dwarf stack size
ld: warning: could not create compact unwind for ___esmf_arraymod_MOD_esmf_arraysmmstoreind8i8tp: stack subq instruction is too different from dwarf stack size
ld: warning: could not create compact unwind for ___esmf_arraymod_MOD_esmf_arraysmmstoreind8i4tp: stack subq instruction is too different from dwarf stack size
ld: warning: could not create compact unwind for ___esmf_arraymod_MOD_esmf_arraysmmstoreind4r8tp: stack subq instruction is too different from dwarf stack size
ld: warning: could not create compact unwind for ___esmf_arraymod_MOD_esmf_arraysmmstoreind4r4tp: stack subq instruction is too different from dwarf stack size
ld: warning: could not create compact unwind for ___esmf_arraymod_MOD_esmf_arraysmmstoreind4i8tp: stack subq instruction is too different from dwarf stack size
ld: warning: could not create compact unwind for ___esmf_arraymod_MOD_esmf_arraysmmstoreind4i4tp: stack subq instruction is too different from dwarf stack size
ld: warning: could not create compact unwind for ___esmf_arraymod_MOD_esmf_arraysmmstoreind8r8: stack subq instruction is too different from dwarf stack size
ld: warning: could not create compact unwind for ___esmf_arraymod_MOD_esmf_arraysmmstoreind8r4: stack subq instruction is too different from dwarf stack size
ld: warning: could not create compact unwind for ___esmf_arraymod_MOD_esmf_arraysmmstoreind8i8: stack subq instruction is too different from dwarf stack size
ld: warning: could not create compact unwind for ___esmf_arraymod_MOD_esmf_arraysmmstoreind8i4: stack subq instruction is too different from dwarf stack size
ld: warning: could not create compact unwind for ___esmf_arraymod_MOD_esmf_arraysmmstoreind4r8: stack subq instruction is too different from dwarf stack size
ld: warning: could not create compact unwind for ___esmf_arraymod_MOD_esmf_arraysmmstoreind4r4: stack subq instruction is too different from dwarf stack size
ld: warning: could not create compact unwind for ___esmf_arraymod_MOD_esmf_arraysmmstoreind4i8: stack subq instruction is too different from dwarf stack size
ld: warning: could not create compact unwind for ___esmf_arraymod_MOD_esmf_arraysmmstoreind4i4: stack subq instruction is too different from dwarf stack size
ld: warning: could not create compact unwind for ___esmf_arraymod_MOD_esmf_arraysetdefault: stack subq instruction is too different from dwarf stack size
ld: warning: could not create compact unwind for ___esmf_configmod_MOD_esmf_configparseattributes: stack subq instruction is too different from dwarf stack size
ld: warning: could not create compact unwind for ___esmf_configmod_MOD_esmf_configsetinti4: stack subq instruction is too different from dwarf stack size
ld: warning: could not create compact unwind for ___esmf_configmod_MOD_esmf_configgetlogical: stack subq instruction is too different from dwarf stack size
ld: warning: could not create compact unwind for ___esmf_delayoutmod_MOD_esmf_delayoutget: stack subq instruction is too different from dwarf stack size
ld: warning: could not create compact unwind for ___esmf_delayoutmod_MOD_esmf_delayoutcreatehintweights: stack subq instruction is too different from dwarf stack size
ld: warning: could not create compact unwind for ___esmf_delayoutmod_MOD_esmf_delayoutcreatedefault: stack subq instruction is too different from dwarf stack size
ld: warning: could not create compact unwind for ___esmf_distgridconnectionmod_MOD_esmf_distgridconnectionint: stack subq instruction is too different from dwarf stack size
ld: warning: could not create compact unwind for ___esmf_distgridconnectionmod_MOD_esmf_interarraycreatedgconn: stack subq instruction is too different from dwarf stack size
ld: warning: could not create compact unwind for ___esmf_distgridmod_MOD_esmf_distgridgetplocaldepdim: stack subq instruction is too different from dwarf stack size
ld: warning: could not create compact unwind for ___esmf_distgridmod_MOD_esmf_distgridgetdefault: stack subq instruction is too different from dwarf stack size
ld: warning: could not create compact unwind for ___esmf_distgridmod_MOD_esmf_distgridgetplocalde: stack subq instruction is too different from dwarf stack size
ld: warning: could not create compact unwind for ___esmf_distgridmod_MOD_esmf_distgridcreatedbt: stack subq instruction is too different from dwarf stack size
ld: warning: could not create compact unwind for ___esmf_distgridmod_MOD_esmf_distgridcreatedb: stack subq instruction is too different from dwarf stack size
ld: warning: could not create compact unwind for ___esmf_distgridmod_MOD_esmf_distgridcreatedbai: stack subq instruction is too different from dwarf stack size
ld: warning: could not create compact unwind for ___esmf_distgridmod_MOD_esmf_distgridcreatedbai1d: stack subq instruction is too different from dwarf stack size
ld: warning: could not create compact unwind for ___esmf_distgridmod_MOD_esmf_distgridcreatedbai1d1dei8: stack subq instruction is too different from dwarf stack size
ld: warning: could not create compact unwind for ___esmf_distgridmod_MOD_esmf_distgridcreatedbai1d1de: stack subq instruction is too different from dwarf stack size
ld: warning: could not create compact unwind for ___esmf_distgridmod_MOD_esmf_distgridcreaterdf: stack subq instruction is too different from dwarf stack size
ld: warning: could not create compact unwind for ___esmf_distgridmod_MOD_esmf_distgridcreaterdt: stack subq instruction is too different from dwarf stack size
ld: warning: could not create compact unwind for ___esmf_distgridmod_MOD_esmf_distgridcreaterd: stack subq instruction is too different from dwarf stack size
ld: warning: could not create compact unwind for ___esmf_distgridmod_MOD_esmf_distgridcreatedgt: stack subq instruction is too different from dwarf stack size
ld: warning: could not create compact unwind for ___esmf_distgridmod_MOD_esmf_distgridcreatedg: stack subq instruction is too different from dwarf stack size
ld: warning: could not create compact unwind for ___esmf_f90interfacemod_MOD_esmf_interarraycreateptr: stack subq instruction is too different from dwarf stack size
ld: warning: could not create compact unwind for ___esmf_f90interfacemod_MOD_esmf_interarraycreatetrg: stack subq instruction is too different from dwarf stack size
ld: warning: could not create compact unwind for ___esmf_gridutilmod_MOD_esmf_gridtomesh: stack subq instruction is too different from dwarf stack size
ld: warning: could not create compact unwind for ___esmf_iogridmosaicmod_MOD_esmf_gridspecreadmosaic: stack subq instruction is too different from dwarf stack size
ld: warning: could not create compact unwind for ___esmf_iougridmod_MOD_esmf_getmesh3dfromugrid: stack subq instruction is too different from dwarf stack size
ld: warning: could not create compact unwind for ___esmf_iougridmod_MOD_esmf_ugridinq: stack subq instruction is too different from dwarf stack size
ld: warning: could not create compact unwind for ___esmf_locstreammod_MOD_esmf_locstreamcreatebybkgmesh: stack subq instruction is too different from dwarf stack size
ld: warning: could not create compact unwind for ___esmf_pointlistmod_MOD_esmf_pointlistcreatefrmmesh: stack subq instruction is too different from dwarf stack size
ld: warning: could not create compact unwind for ___esmf_pointlistmod_MOD_esmf_pointlistcreatefrmgrid: stack subq instruction is too different from dwarf stack size
ld: warning: could not create compact unwind for ___esmf_complianceicmod_MOD_checkfieldmetadata: stack subq instruction is too different from dwarf stack size
ld: warning: could not create compact unwind for ___esmf_complianceicmod_MOD_checkstate: stack subq instruction is too different from dwarf stack size
ld: warning: could not create compact unwind for ___esmf_complianceicmod_MOD_checkinternalclock: stack subq instruction is too different from dwarf stack size
ld: warning: could not create compact unwind for ___esmf_complianceicmod_MOD_checkcomponentmetadata: stack subq instruction is too different from dwarf stack size
ld: warning: could not create compact unwind for ___esmfpiodarray_MOD_read_darray_1d_double: stack subq instruction is too different from dwarf stack size
ld: warning: could not create compact unwind for ___esmfpiodarray_MOD_read_darray_1d_int: stack subq instruction is too different from dwarf stack size
ld: warning: could not create compact unwind for ___esmfpiodarray_MOD_read_darray_1d_real: stack subq instruction is too different from dwarf stack size
ld: warning: could not create compact unwind for ___esmfpionfread_mod_MOD_read_nfdarray_int: stack subq instruction is too different from dwarf stack size
ld: warning: could not create compact unwind for ___esmfpionfread_mod_MOD_read_nfdarray_double: stack subq instruction is too different from dwarf stack size
ld: warning: could not create compact unwind for ___esmfpionfread_mod_MOD_read_nfdarray_real: stack subq instruction is too different from dwarf stack size
ld: warning: could not create compact unwind for ___esmfpionfwrite_mod_MOD_write_nfdarray_double: stack subq instruction is too different from dwarf stack size
ld: warning: could not create compact unwind for ___esmfpionfwrite_mod_MOD_write_nfdarray_int: stack subq instruction is too different from dwarf stack size
ld: warning: could not create compact unwind for ___esmfpionfwrite_mod_MOD_write_nfdarray_real: stack subq instruction is too different from dwarf stack size
ld: warning: could not create compact unwind for _pio_callback_handler_: stack subq instruction is too different from dwarf stack size
ld: warning: could not create compact unwind for _initdecomp_dof_handler_: stack subq instruction is too different from dwarf stack size
ld: warning: could not create compact unwind for _esmf_dormlq_: stack subq instruction is too different from dwarf stack size
ld: warning: could not create compact unwind for _esmf_dormqr_: stack subq instruction is too different from dwarf stack size
ld: warning: could not create compact unwind for _esmf_dhseqr_: stack subq instruction is too different from dwarf stack size
tree_build_apps in: /Volumes/esmf/mpotts/gfortran_9.3.0_openmpi_O_develop/src/apps/ESMF_Regrid
/Library/Developer/CommandLineTools/usr/bin/make chkdir_locobj
Making directory /Volumes/esmf/mpotts/gfortran_9.3.0_openmpi_O_develop/obj/objO/Darwin.gfortran.64.openmpi.default/src/apps/ESMF_Regrid for apps output
mpif90 -c -fallow-argument-mismatch -fallow-invalid-boz -O   -m64 -mcmodel=small -ffree-line-length-none -I/Volumes/esmf/mpotts/gfortran_9.3.0_openmpi_O_develop/src/apps/ESMF_Regrid -I/Volumes/esmf/mpotts/gfortran_9.3.0_openmpi_O_develop/build_config/Darwin.gfortran.default -I/Volumes/esmf/mpotts/gfortran_9.3.0_openmpi_O_develop/src/Infrastructure -I/Volumes/esmf/mpotts/gfortran_9.3.0_openmpi_O_develop/src/Superstructure -I/Volumes/esmf/mpotts/gfortran_9.3.0_openmpi_O_develop/DEFAULTINSTALLDIR/mod/modO/Darwin.gfortran.64.openmpi.default -I/Volumes/esmf/mpotts/gfortran_9.3.0_openmpi_O_develop/src/include -I/usr/local/Cellar/netcdf/4.7.4_1/include  -DESMF_NO_INTEGER_1_BYTE -DESMF_NO_INTEGER_2_BYTE -DESMF_VERSION_STRING_GIT='"ESMF_8_2_0_beta_snapshot_10-6-g303eb83066"' -DESMF_MOAB=1 -DESMF_LAPACK=1 -DESMF_LAPACK_INTERNAL=1 -DESMF_NO_ACC_SOFTWARE_STACK=1 -DESMF_NETCDF=1 -DESMF_YAMLCPP=1 -DESMF_YAML=1 -DESMF_PIO=1 -DESMF_MPIIO -DESMF_NO_PTHREADS -DESMF_NO_OPENMP -DESMF_NO_OPENACC -DESMF_TESTEXHAUSTIVE -DESMF_BOPT_O -DESMF_TESTCOMPTUNNEL -DESMF_TESTWITHTHREADS -DSx86_64_small=1 -DESMF_OS_Darwin=1 -DESMF_COMM=openmpi -DESMF_DIR=/Volumes/esmf/mpotts/gfortran_9.3.0_openmpi_O_develop ESMF_Regrid.F90 -o /Volumes/esmf/mpotts/gfortran_9.3.0_openmpi_O_develop/obj/objO/Darwin.gfortran.64.openmpi.default/src/apps/ESMF_Regrid/ESMF_Regrid.o
/Library/Developer/CommandLineTools/usr/bin/make chkdir_apps
mpif90     -m64 -mcmodel=small -L/Volumes/esmf/mpotts/gfortran_9.3.0_openmpi_O_develop/DEFAULTINSTALLDIR/lib/libO/Darwin.gfortran.64.openmpi.default -L/usr/local/Cellar/netcdf/4.7.4_1/lib -L./  -o /Volumes/esmf/mpotts/gfortran_9.3.0_openmpi_O_develop/DEFAULTINSTALLDIR/bin/binO/Darwin.gfortran.64.openmpi.default/ESMF_Regrid /Volumes/esmf/mpotts/gfortran_9.3.0_openmpi_O_develop/obj/objO/Darwin.gfortran.64.openmpi.default/src/apps/ESMF_Regrid/ESMF_Regrid.o -lesmf   -lstdc++ -lc++ -lnetcdf -lnetcdff
ESMF apps built successfully.
mkdir -p /Volumes/esmf/mpotts/gfortran_9.3.0_openmpi_O_develop/DEFAULTINSTALLDIR/doc
/Library/Developer/CommandLineTools/usr/bin/make install_info_mk
/Library/Developer/CommandLineTools/usr/bin/make info_mk ESMF_APPSDIR=/Volumes/esmf/mpotts/gfortran_9.3.0_openmpi_O_develop/DEFAULTINSTALLDIR/bin/binO/Darwin.gfortran.64.openmpi.default ESMF_LDIR=/Volumes/esmf/mpotts/gfortran_9.3.0_openmpi_O_develop/DEFAULTINSTALLDIR/lib/libO/Darwin.gfortran.64.openmpi.default ESMF_LIBDIR=/Volumes/esmf/mpotts/gfortran_9.3.0_openmpi_O_develop/DEFAULTINSTALLDIR/lib/libO/Darwin.gfortran.64.openmpi.default ESMF_MODDIR=/Volumes/esmf/mpotts/gfortran_9.3.0_openmpi_O_develop/DEFAULTINSTALLDIR/mod/modO/Darwin.gfortran.64.openmpi.default ESMF_INCDIR=/Volumes/esmf/mpotts/gfortran_9.3.0_openmpi_O_develop/DEFAULTINSTALLDIR/include
 
ESMF installation complete.
 
