build time -- 2021-08-14 00:28:57
20210814 005933.523 INFO             PET0 !!!!!!!!!!!!!!!!!!!!!!!!!!!!!!!!!!!!!!!!!!!!!!!!!!!!!!
20210814 005933.523 INFO             PET0 !!! THE ESMF_LOG IS SET TO OUTPUT ALL LOG MESSAGES !!!
20210814 005933.523 INFO             PET0 !!!     THIS MAY CAUSE SLOWDOWN IN PERFORMANCE     !!!
20210814 005933.523 INFO             PET0 !!! FOR PRODUCTION RUNS, USE:                      !!!
20210814 005933.523 INFO             PET0 !!!                   ESMF_LOGKIND_Multi_On_Error  !!!
20210814 005933.523 INFO             PET0 !!!!!!!!!!!!!!!!!!!!!!!!!!!!!!!!!!!!!!!!!!!!!!!!!!!!!!
20210814 005933.523 INFO             PET0 Running with ESMF Version   : 8.2.0 beta snapshot
20210814 005933.523 INFO             PET0 ESMF library build date/time: "Aug 14 2021" "00:27:05"
20210814 005933.523 INFO             PET0 ESMF library build location : /lustre/f2/dev/ncep/Mark.Potts/intel_2019.5_mpiuni_O_develop
20210814 005933.523 INFO             PET0 ESMF_COMM                   : mpiuni
20210814 005933.524 INFO             PET0 ESMF_MOAB                   : enabled
20210814 005933.524 INFO             PET0 ESMF_LAPACK                 : enabled
20210814 005933.524 INFO             PET0 ESMF_NETCDF                 : enabled
20210814 005933.524 INFO             PET0 ESMF_PNETCDF                : disabled
20210814 005933.524 INFO             PET0 ESMF_PIO                    : disabled
20210814 005933.524 INFO             PET0 ESMF_YAMLCPP                : enabled
20210814 005933.524 INFO             PET0 ESMF Tracing Enabled
20210814 005933.524 INFO             PET0 ESMF Profiling Enabled
20210814 005933.524 INFO             PET0 ESMF Trace/Profile clock: REALTIME
20210814 005933.535 INFO             PET0  NUMBER_OF_PROCESSORS           1
20210814 005933.535 INFO             PET0  PASS  Example ESMF_TraceEx, ESMF_TraceEx.F90, line 178
20210814 005933.535 INFO             PET0 Finalizing ESMF
20210814 005933.535 INFO             PET0 **************** Region Timings *******************
20210814 005933.535 INFO             PET0 Region              Count  Total (s)   Self (s)    Mean (s)    Min (s)     Max (s)
20210814 005933.535 INFO             PET0   [test] Run 1      5      0.0000      0.0000      0.0000      0.0000      0.0000
20210814 005933.535 INFO             PET0   [test] Init 1     1      0.0000      0.0000      0.0000      0.0000      0.0000
20210814 005933.535 INFO             PET0   [test] Final 1    1      0.0000      0.0000      0.0000      0.0000      0.0000
