build time -- 2021-05-04 00:29:50
20210504 005941.988 INFO             PET0 !!!!!!!!!!!!!!!!!!!!!!!!!!!!!!!!!!!!!!!!!!!!!!!!!!!!!!
20210504 005941.988 INFO             PET0 !!! THE ESMF_LOG IS SET TO OUTPUT ALL LOG MESSAGES !!!
20210504 005941.988 INFO             PET0 !!!     THIS MAY CAUSE SLOWDOWN IN PERFORMANCE     !!!
20210504 005941.988 INFO             PET0 !!! FOR PRODUCTION RUNS, USE:                      !!!
20210504 005941.988 INFO             PET0 !!!                   ESMF_LOGKIND_Multi_On_Error  !!!
20210504 005941.988 INFO             PET0 !!!!!!!!!!!!!!!!!!!!!!!!!!!!!!!!!!!!!!!!!!!!!!!!!!!!!!
20210504 005941.988 INFO             PET0 Running with ESMF Version   : 8.2.0 beta snapshot
20210504 005941.988 INFO             PET0 ESMF library build date/time: "May  4 2021" "00:28:03"
20210504 005941.988 INFO             PET0 ESMF library build location : /lustre/f2/dev/ncep/Mark.Potts/intel_2019.5_mpiuni_O_develop
20210504 005941.988 INFO             PET0 ESMF_COMM                   : mpiuni
20210504 005941.989 INFO             PET0 ESMF_MOAB                   : enabled
20210504 005941.989 INFO             PET0 ESMF_LAPACK                 : enabled
20210504 005941.989 INFO             PET0 ESMF_NETCDF                 : enabled
20210504 005941.989 INFO             PET0 ESMF_PNETCDF                : disabled
20210504 005941.989 INFO             PET0 ESMF_PIO                    : disabled
20210504 005941.989 INFO             PET0 ESMF_YAMLCPP                : enabled
20210504 005941.990 INFO             PET0  NUMBER_OF_PROCESSORS           1
20210504 005941.990 INFO             PET0  PASS  Example ESMF_VMGetMPICommunicatorEx, ESMF_VMGetMPICommunicatorEx.F90, line 95
20210504 005941.990 INFO             PET0 Finalizing ESMF
