build time -- 2021-06-07 01:04:36.615924
20210607 012048.519 INFO             PET0 !!!!!!!!!!!!!!!!!!!!!!!!!!!!!!!!!!!!!!!!!!!!!!!!!!!!!!
20210607 012048.519 INFO             PET0 !!! THE ESMF_LOG IS SET TO OUTPUT ALL LOG MESSAGES !!!
20210607 012048.519 INFO             PET0 !!!     THIS MAY CAUSE SLOWDOWN IN PERFORMANCE     !!!
20210607 012048.519 INFO             PET0 !!! FOR PRODUCTION RUNS, USE:                      !!!
20210607 012048.519 INFO             PET0 !!!                   ESMF_LOGKIND_Multi_On_Error  !!!
20210607 012048.519 INFO             PET0 !!!!!!!!!!!!!!!!!!!!!!!!!!!!!!!!!!!!!!!!!!!!!!!!!!!!!!
20210607 012048.519 INFO             PET0 Running with ESMF Version   : ESMF_8_2_0_beta_snapshot_10-4-g5723c9f789
20210607 012048.519 INFO             PET0 ESMF library build date/time: "Jun  7 2021" "01:03:31"
20210607 012048.519 INFO             PET0 ESMF library build location : /gpfsm/dnb04/projects/p98/mpotts/esmf/gfortran_8.3.0_mpt_O_develop
20210607 012048.519 INFO             PET0 ESMF_COMM                   : mpt
20210607 012048.519 INFO             PET0 ESMF_MOAB                   : enabled
20210607 012048.519 INFO             PET0 ESMF_LAPACK                 : enabled
20210607 012048.519 INFO             PET0 ESMF_NETCDF                 : disabled
20210607 012048.519 INFO             PET0 ESMF_PNETCDF                : disabled
20210607 012048.519 INFO             PET0 ESMF_PIO                    : enabled
20210607 012048.519 INFO             PET0 ESMF_YAMLCPP                : enabled
20210607 012048.519 INFO             PET0  NUMBER_OF_PROCESSORS           4
20210607 012048.519 INFO             PET0  PASS  Example ESMF_VMUserMpiCommMultiEx, ESMF_VMUserMpiCommMultiEx.F90, line 126
20210607 012048.519 INFO             PET0 Finalizing ESMF
20210607 012048.519 INFO             PET0 !!!!!!!!!!!!!!!!!!!!!!!!!!!!!!!!!!!!!!!!!!!!!!!!!!!!!!
20210607 012048.519 INFO             PET0 !!! THE ESMF_LOG IS SET TO OUTPUT ALL LOG MESSAGES !!!
20210607 012048.519 INFO             PET0 !!!     THIS MAY CAUSE SLOWDOWN IN PERFORMANCE     !!!
20210607 012048.519 INFO             PET0 !!! FOR PRODUCTION RUNS, USE:                      !!!
20210607 012048.519 INFO             PET0 !!!                   ESMF_LOGKIND_Multi_On_Error  !!!
20210607 012048.519 INFO             PET0 !!!!!!!!!!!!!!!!!!!!!!!!!!!!!!!!!!!!!!!!!!!!!!!!!!!!!!
20210607 012048.519 INFO             PET0 Running with ESMF Version   : ESMF_8_2_0_beta_snapshot_10-4-g5723c9f789
20210607 012048.519 INFO             PET0 ESMF library build date/time: "Jun  7 2021" "01:03:31"
20210607 012048.519 INFO             PET0 ESMF library build location : /gpfsm/dnb04/projects/p98/mpotts/esmf/gfortran_8.3.0_mpt_O_develop
20210607 012048.519 INFO             PET0 ESMF_COMM                   : mpt
20210607 012048.519 INFO             PET0 ESMF_MOAB                   : enabled
20210607 012048.519 INFO             PET0 ESMF_LAPACK                 : enabled
20210607 012048.519 INFO             PET0 ESMF_NETCDF                 : disabled
20210607 012048.519 INFO             PET0 ESMF_PNETCDF                : disabled
20210607 012048.519 INFO             PET0 ESMF_PIO                    : enabled
20210607 012048.519 INFO             PET0 ESMF_YAMLCPP                : enabled
20210607 012048.519 INFO             PET0  NUMBER_OF_PROCESSORS           4
20210607 012048.519 INFO             PET0  PASS  Example ESMF_VMUserMpiCommMultiEx, ESMF_VMUserMpiCommMultiEx.F90, line 154
20210607 012048.520 INFO             PET0 Finalizing ESMF
20210607 012048.519 INFO             PET1 !!!!!!!!!!!!!!!!!!!!!!!!!!!!!!!!!!!!!!!!!!!!!!!!!!!!!!
20210607 012048.519 INFO             PET1 !!! THE ESMF_LOG IS SET TO OUTPUT ALL LOG MESSAGES !!!
20210607 012048.519 INFO             PET1 !!!     THIS MAY CAUSE SLOWDOWN IN PERFORMANCE     !!!
20210607 012048.519 INFO             PET1 !!! FOR PRODUCTION RUNS, USE:                      !!!
20210607 012048.519 INFO             PET1 !!!                   ESMF_LOGKIND_Multi_On_Error  !!!
20210607 012048.519 INFO             PET1 !!!!!!!!!!!!!!!!!!!!!!!!!!!!!!!!!!!!!!!!!!!!!!!!!!!!!!
20210607 012048.519 INFO             PET1 Running with ESMF Version   : ESMF_8_2_0_beta_snapshot_10-4-g5723c9f789
20210607 012048.519 INFO             PET1 ESMF library build date/time: "Jun  7 2021" "01:03:31"
20210607 012048.519 INFO             PET1 ESMF library build location : /gpfsm/dnb04/projects/p98/mpotts/esmf/gfortran_8.3.0_mpt_O_develop
20210607 012048.519 INFO             PET1 ESMF_COMM                   : mpt
20210607 012048.519 INFO             PET1 ESMF_MOAB                   : enabled
20210607 012048.519 INFO             PET1 ESMF_LAPACK                 : enabled
20210607 012048.519 INFO             PET1 ESMF_NETCDF                 : disabled
20210607 012048.519 INFO             PET1 ESMF_PNETCDF                : disabled
20210607 012048.519 INFO             PET1 ESMF_PIO                    : enabled
20210607 012048.519 INFO             PET1 ESMF_YAMLCPP                : enabled
20210607 012048.519 INFO             PET1  NUMBER_OF_PROCESSORS           4
20210607 012048.519 INFO             PET1  PASS  Example ESMF_VMUserMpiCommMultiEx, ESMF_VMUserMpiCommMultiEx.F90, line 126
20210607 012048.519 INFO             PET1 Finalizing ESMF
20210607 012048.519 INFO             PET1 !!!!!!!!!!!!!!!!!!!!!!!!!!!!!!!!!!!!!!!!!!!!!!!!!!!!!!
20210607 012048.519 INFO             PET1 !!! THE ESMF_LOG IS SET TO OUTPUT ALL LOG MESSAGES !!!
20210607 012048.519 INFO             PET1 !!!     THIS MAY CAUSE SLOWDOWN IN PERFORMANCE     !!!
20210607 012048.519 INFO             PET1 !!! FOR PRODUCTION RUNS, USE:                      !!!
20210607 012048.519 INFO             PET1 !!!                   ESMF_LOGKIND_Multi_On_Error  !!!
20210607 012048.519 INFO             PET1 !!!!!!!!!!!!!!!!!!!!!!!!!!!!!!!!!!!!!!!!!!!!!!!!!!!!!!
20210607 012048.519 INFO             PET1 Running with ESMF Version   : ESMF_8_2_0_beta_snapshot_10-4-g5723c9f789
20210607 012048.519 INFO             PET1 ESMF library build date/time: "Jun  7 2021" "01:03:31"
20210607 012048.519 INFO             PET1 ESMF library build location : /gpfsm/dnb04/projects/p98/mpotts/esmf/gfortran_8.3.0_mpt_O_develop
20210607 012048.519 INFO             PET1 ESMF_COMM                   : mpt
20210607 012048.519 INFO             PET1 ESMF_MOAB                   : enabled
20210607 012048.519 INFO             PET1 ESMF_LAPACK                 : enabled
20210607 012048.519 INFO             PET1 ESMF_NETCDF                 : disabled
20210607 012048.519 INFO             PET1 ESMF_PNETCDF                : disabled
20210607 012048.519 INFO             PET1 ESMF_PIO                    : enabled
20210607 012048.519 INFO             PET1 ESMF_YAMLCPP                : enabled
20210607 012048.519 INFO             PET1  NUMBER_OF_PROCESSORS           4
20210607 012048.519 INFO             PET1  PASS  Example ESMF_VMUserMpiCommMultiEx, ESMF_VMUserMpiCommMultiEx.F90, line 154
20210607 012048.520 INFO             PET1 Finalizing ESMF
