build time -- 2021-05-29 03:42:54.244659
20210529 041415.307 INFO             PET0 !!!!!!!!!!!!!!!!!!!!!!!!!!!!!!!!!!!!!!!!!!!!!!!!!!!!!!
20210529 041415.307 INFO             PET0 !!! THE ESMF_LOG IS SET TO OUTPUT ALL LOG MESSAGES !!!
20210529 041415.307 INFO             PET0 !!!     THIS MAY CAUSE SLOWDOWN IN PERFORMANCE     !!!
20210529 041415.307 INFO             PET0 !!! FOR PRODUCTION RUNS, USE:                      !!!
20210529 041415.307 INFO             PET0 !!!                   ESMF_LOGKIND_Multi_On_Error  !!!
20210529 041415.307 INFO             PET0 !!!!!!!!!!!!!!!!!!!!!!!!!!!!!!!!!!!!!!!!!!!!!!!!!!!!!!
20210529 041415.307 INFO             PET0 Running with ESMF Version   : ESMF_8_2_0_beta_snapshot_10-3-g469be43409
20210529 041415.307 INFO             PET0 ESMF library build date/time: "May 29 2021" "03:41:42"
20210529 041415.307 INFO             PET0 ESMF library build location : /gpfsm/dnb04/projects/p98/mpotts/esmf/gfortran_8.3.0_mpiuni_g_develop
20210529 041415.307 INFO             PET0 ESMF_COMM                   : mpiuni
20210529 041415.307 INFO             PET0 ESMF_MOAB                   : enabled
20210529 041415.307 INFO             PET0 ESMF_LAPACK                 : enabled
20210529 041415.307 INFO             PET0 ESMF_NETCDF                 : disabled
20210529 041415.307 INFO             PET0 ESMF_PNETCDF                : disabled
20210529 041415.307 INFO             PET0 ESMF_PIO                    : disabled
20210529 041415.307 INFO             PET0 ESMF_YAMLCPP                : enabled
20210529 041415.308 INFO             PET0  NUMBER_OF_PROCESSORS           1
20210529 041415.308 INFO             PET0  PASS  Example ESMF_WebServicesEx, ESMF_WebServicesEx.F90, line 227
20210529 041415.308 INFO             PET0 Finalizing ESMF
