build time -- 2021-05-23 08:55:15
20210523 091844.309 INFO             PET0 !!!!!!!!!!!!!!!!!!!!!!!!!!!!!!!!!!!!!!!!!!!!!!!!!!!!!!
20210523 091844.309 INFO             PET0 !!! THE ESMF_LOG IS SET TO OUTPUT ALL LOG MESSAGES !!!
20210523 091844.309 INFO             PET0 !!!     THIS MAY CAUSE SLOWDOWN IN PERFORMANCE     !!!
20210523 091844.309 INFO             PET0 !!! FOR PRODUCTION RUNS, USE:                      !!!
20210523 091844.309 INFO             PET0 !!!                   ESMF_LOGKIND_Multi_On_Error  !!!
20210523 091844.309 INFO             PET0 !!!!!!!!!!!!!!!!!!!!!!!!!!!!!!!!!!!!!!!!!!!!!!!!!!!!!!
20210523 091844.309 INFO             PET0 Running with ESMF Version   : ESMF_8_2_0_beta_snapshot_09-2-g9654c13d10
20210523 091844.309 INFO             PET0 ESMF library build date/time: "May 23 2021" "08:53:39"
20210523 091844.309 INFO             PET0 ESMF library build location : /Volumes/esmf/mpotts/gfortran_9.3.0_mpiuni_g_develop
20210523 091844.309 INFO             PET0 ESMF_COMM                   : mpiuni
20210523 091844.309 INFO             PET0 ESMF_MOAB                   : enabled
20210523 091844.309 INFO             PET0 ESMF_LAPACK                 : enabled
20210523 091844.309 INFO             PET0 ESMF_NETCDF                 : enabled
20210523 091844.309 INFO             PET0 ESMF_PNETCDF                : disabled
20210523 091844.309 INFO             PET0 ESMF_PIO                    : disabled
20210523 091844.309 INFO             PET0 ESMF_YAMLCPP                : enabled
20210523 091844.310 INFO             PET0  NUMBER_OF_PROCESSORS           1
20210523 091844.310 INFO             PET0  PASS  Example ESMF_AttachMethodsEx, ESMF_AttachMethodsEx.F90, line 274
20210523 091844.310 INFO             PET0 Finalizing ESMF
