build time -- 2021-06-21 05:47:07.577451
 localSum=   12345.600000000009     
 localSum=   12345.600000000009     
 localSum=   12345.600000000009     
 localSum=   12345.600000000009     
 localSum=   987.64800000000002     
 localSum=   3654.3119999999990     
 localSum=   987.64800000000002     
 localSum=   3654.3119999999990     
  PASS  Example ESMF_ArrayLarrayEx, ESMF_ArrayLarrayEx.F90, line 325
  PASS  Example ESMF_ArrayLarrayEx, ESMF_ArrayLarrayEx.F90, line 325
 localSum=   987.64800000000002     
 localSum=   3654.3119999999990     
 localSum=   987.64800000000002     
 localSum=   3654.3119999999990     
  PASS  Example ESMF_ArrayLarrayEx, ESMF_ArrayLarrayEx.F90, line 325
  PASS  Example ESMF_ArrayLarrayEx, ESMF_ArrayLarrayEx.F90, line 325
--------------------------------------------------------------------------
A system call failed during shared memory initialization that should
not have.  It is likely that your MPI job will now either abort or
experience performance degradation.

  Local host:  r14i5n21
  System call: unlink(2) /dev/shm/vader_segment.r14i5n21.fca40001.3
  Error:       No such file or directory (errno 2)
--------------------------------------------------------------------------
--------------------------------------------------------------------------
A system call failed during shared memory initialization that should
not have.  It is likely that your MPI job will now either abort or
experience performance degradation.

  Local host:  r14i5n21
  System call: unlink(2) /dev/shm/vader_segment.r14i5n21.fca40001.0
  Error:       No such file or directory (errno 2)
--------------------------------------------------------------------------
--------------------------------------------------------------------------
A system call failed during shared memory initialization that should
not have.  It is likely that your MPI job will now either abort or
experience performance degradation.

  Local host:  r14i5n21
  System call: unlink(2) /dev/shm/vader_segment.r14i5n21.fca40001.1
  Error:       No such file or directory (errno 2)
--------------------------------------------------------------------------
--------------------------------------------------------------------------
A system call failed during shared memory initialization that should
not have.  It is likely that your MPI job will now either abort or
experience performance degradation.

  Local host:  r14i5n21
  System call: unlink(2) /dev/shm/vader_segment.r14i5n21.fca40001.2
  Error:       No such file or directory (errno 2)
--------------------------------------------------------------------------
[r14i5n21:55801:0:55801] Caught signal 11 (Segmentation fault: address not mapped to object at address 0x30)
[r14i5n21:55800:0:55800] Caught signal 11 (Segmentation fault: address not mapped to object at address 0xa0)
[r14i5n21:55798:0:55798] Caught signal 11 (Segmentation fault: address not mapped to object at address 0x30)
[r14i5n21:55799:0:55799] Caught signal 11 (Segmentation fault: address not mapped to object at address 0x150)
--------------------------------------------------------------------------
Primary job  terminated normally, but 1 process returned
a non-zero exit code. Per user-direction, the job has been aborted.
--------------------------------------------------------------------------
--------------------------------------------------------------------------
mpirun noticed that process rank 0 with PID 0 on node r14i5n21 exited on signal 11 (Segmentation fault).
--------------------------------------------------------------------------
