build time -- 2021-06-22 05:46:23.603433
 Field with replicated dimension returned
 Field with replicated dimension returned
  PASS  Example ESMF_FieldRepDimEx, ESMF_FieldRepDimEx.F90, line 228
  PASS  Example ESMF_FieldRepDimEx, ESMF_FieldRepDimEx.F90, line 228
 Field with replicated dimension returned
 Field with replicated dimension returned
  PASS  Example ESMF_FieldRepDimEx, ESMF_FieldRepDimEx.F90, line 228
  PASS  Example ESMF_FieldRepDimEx, ESMF_FieldRepDimEx.F90, line 228
--------------------------------------------------------------------------
A system call failed during shared memory initialization that should
not have.  It is likely that your MPI job will now either abort or
experience performance degradation.

  Local host:  r14i3n30
  System call: unlink(2) /dev/shm/vader_segment.r14i3n30.b8e30001.1
  Error:       No such file or directory (errno 2)
--------------------------------------------------------------------------
[r14i3n30:26696:0:26696] Caught signal 11 (Segmentation fault: address not mapped to object at address 0x40)
--------------------------------------------------------------------------
A system call failed during shared memory initialization that should
not have.  It is likely that your MPI job will now either abort or
experience performance degradation.

  Local host:  r14i3n30
  System call: unlink(2) /dev/shm/vader_segment.r14i3n30.b8e30001.0
  Error:       No such file or directory (errno 2)
--------------------------------------------------------------------------
--------------------------------------------------------------------------
A system call failed during shared memory initialization that should
not have.  It is likely that your MPI job will now either abort or
experience performance degradation.

  Local host:  r14i3n30
  System call: unlink(2) /dev/shm/vader_segment.r14i3n30.b8e30001.2
  Error:       No such file or directory (errno 2)
--------------------------------------------------------------------------
[r14i3n30:26695:0:26695] Caught signal 11 (Segmentation fault: address not mapped to object at address 0x40)
[r14i3n30:26697:0:26697] Caught signal 11 (Segmentation fault: address not mapped to object at address 0x30)
--------------------------------------------------------------------------
A system call failed during shared memory initialization that should
not have.  It is likely that your MPI job will now either abort or
experience performance degradation.

  Local host:  r14i3n30
  System call: unlink(2) /dev/shm/vader_segment.r14i3n30.b8e30001.3
  Error:       No such file or directory (errno 2)
--------------------------------------------------------------------------
[r14i3n30:26698:0:26698] Caught signal 11 (Segmentation fault: address not mapped to object at address 0x30)
--------------------------------------------------------------------------
Primary job  terminated normally, but 1 process returned
a non-zero exit code. Per user-direction, the job has been aborted.
--------------------------------------------------------------------------
--------------------------------------------------------------------------
mpirun noticed that process rank 1 with PID 0 on node r14i3n30 exited on signal 11 (Segmentation fault).
--------------------------------------------------------------------------
 Field with replicated dimension returned
 Field with replicated dimension returned
  PASS  Example ESMF_FieldRepDimEx, ESMF_FieldRepDimEx.F90, line 228
  PASS  Example ESMF_FieldRepDimEx, ESMF_FieldRepDimEx.F90, line 228
 Field with replicated dimension returned
 Field with replicated dimension returned
  PASS  Example ESMF_FieldRepDimEx, ESMF_FieldRepDimEx.F90, line 228
  PASS  Example ESMF_FieldRepDimEx, ESMF_FieldRepDimEx.F90, line 228
--------------------------------------------------------------------------
A system call failed during shared memory initialization that should
not have.  It is likely that your MPI job will now either abort or
experience performance degradation.

  Local host:  r14i3n30
  System call: unlink(2) /dev/shm/vader_segment.r14i3n30.b8e30001.1
  Error:       No such file or directory (errno 2)
--------------------------------------------------------------------------
[r14i3n30:26696:0:26696] Caught signal 11 (Segmentation fault: address not mapped to object at address 0x40)
--------------------------------------------------------------------------
A system call failed during shared memory initialization that should
not have.  It is likely that your MPI job will now either abort or
experience performance degradation.

  Local host:  r14i3n30
  System call: unlink(2) /dev/shm/vader_segment.r14i3n30.b8e30001.0
  Error:       No such file or directory (errno 2)
--------------------------------------------------------------------------
--------------------------------------------------------------------------
A system call failed during shared memory initialization that should
not have.  It is likely that your MPI job will now either abort or
experience performance degradation.

  Local host:  r14i3n30
  System call: unlink(2) /dev/shm/vader_segment.r14i3n30.b8e30001.2
  Error:       No such file or directory (errno 2)
--------------------------------------------------------------------------
[r14i3n30:26695:0:26695] Caught signal 11 (Segmentation fault: address not mapped to object at address 0x40)
[r14i3n30:26697:0:26697] Caught signal 11 (Segmentation fault: address not mapped to object at address 0x30)
--------------------------------------------------------------------------
A system call failed during shared memory initialization that should
not have.  It is likely that your MPI job will now either abort or
experience performance degradation.

  Local host:  r14i3n30
  System call: unlink(2) /dev/shm/vader_segment.r14i3n30.b8e30001.3
  Error:       No such file or directory (errno 2)
--------------------------------------------------------------------------
[r14i3n30:26698:0:26698] Caught signal 11 (Segmentation fault: address not mapped to object at address 0x30)
--------------------------------------------------------------------------
Primary job  terminated normally, but 1 process returned
a non-zero exit code. Per user-direction, the job has been aborted.
--------------------------------------------------------------------------
--------------------------------------------------------------------------
mpirun noticed that process rank 1 with PID 0 on node r14i3n30 exited on signal 11 (Segmentation fault).
--------------------------------------------------------------------------
