build time -- 2021-06-20 05:46:41.612367
 Field Get Data Pointer example returned
 Field Get Data Pointer example returned
 Field Get Data Pointer example returned
 Field Get Grid and Array example returned
 Field Get Data Pointer example returned
 Field Get Grid and Array example returned
 Field Get Grid and Array example returned
 Field Get Grid and Array example returned
 Field creation from Grid, typekind, and rank returned
 Field creation from Grid, typekind, and rank returned
 Field creation from Grid, typekind, and rank returned
 Field creation from Grid, typekind, and rank returned
 Field creation from Grid and Arrayspec returned
 Field creation from Grid and Arrayspec returned
 Field creation from Grid and Arrayspec returned
 Field creation from Grid and Arrayspec returned
 Field Create from a Grid and an Array returned
 Field Create from a Grid and an Array returned
 Field Create from a Grid and an Array returned
 Field Create from a Grid and an Array returned
 Complete a Field created by ESMF_FieldEmptyCreate returned
 Complete a Field created by ESMF_FieldEmptyCreate returned
 Complete a Field created by ESMF_FieldEmptyCreate returned
 Complete a Field created by ESMF_FieldEmptyCreate returned
 Complete a Field created by ESMF_FieldEmptyCreate returned
 Complete a Field created by ESMF_FieldEmptyCreate returned
 Complete a Field created by ESMF_FieldEmptyCreate returned
 Complete a Field created by ESMF_FieldEmptyCreate returned
 Field Create from a Grid and a Fortran data pointer returned
 Field Create from a Grid and a Fortran data pointer returned
 Field Create from a Grid and a Fortran data pointer returned
 Field Create from a Grid and a Fortran data pointer returned
  PASS  Example ESMF_FieldEx, ESMF_FieldEx.F90, line 999
  PASS  Example ESMF_FieldEx, ESMF_FieldEx.F90, line 999
  PASS  Example ESMF_FieldEx, ESMF_FieldEx.F90, line 999
  PASS  Example ESMF_FieldEx, ESMF_FieldEx.F90, line 999
[r4i3n27:30991:0:30991] Caught signal 11 (Segmentation fault: address not mapped to object at address 0x30)
--------------------------------------------------------------------------
A system call failed during shared memory initialization that should
not have.  It is likely that your MPI job will now either abort or
experience performance degradation.

  Local host:  r4i3n27
  System call: unlink(2) /dev/shm/vader_segment.r4i3n27.454a0001.0
  Error:       No such file or directory (errno 2)
--------------------------------------------------------------------------
--------------------------------------------------------------------------
A system call failed during shared memory initialization that should
not have.  It is likely that your MPI job will now either abort or
experience performance degradation.

  Local host:  r4i3n27
  System call: unlink(2) /dev/shm/vader_segment.r4i3n27.454a0001.3
  Error:       No such file or directory (errno 2)
--------------------------------------------------------------------------
--------------------------------------------------------------------------
A system call failed during shared memory initialization that should
not have.  It is likely that your MPI job will now either abort or
experience performance degradation.

  Local host:  r4i3n27
  System call: unlink(2) /dev/shm/vader_segment.r4i3n27.454a0001.1
  Error:       No such file or directory (errno 2)
--------------------------------------------------------------------------
[r4i3n27:30989:0:30989] Caught signal 11 (Segmentation fault: address not mapped to object at address 0x30)
[r4i3n27:30990:0:30990] Caught signal 11 (Segmentation fault: address not mapped to object at address 0x30)
[r4i3n27:30992:0:30992] Caught signal 11 (Segmentation fault: address not mapped to object at address 0x30)
--------------------------------------------------------------------------
Primary job  terminated normally, but 1 process returned
a non-zero exit code. Per user-direction, the job has been aborted.
--------------------------------------------------------------------------
--------------------------------------------------------------------------
mpirun noticed that process rank 2 with PID 0 on node r4i3n27 exited on signal 11 (Segmentation fault).
--------------------------------------------------------------------------
 Field Get Data Pointer example returned
 Field Get Data Pointer example returned
 Field Get Data Pointer example returned
 Field Get Grid and Array example returned
 Field Get Data Pointer example returned
 Field Get Grid and Array example returned
 Field Get Grid and Array example returned
 Field Get Grid and Array example returned
 Field creation from Grid, typekind, and rank returned
 Field creation from Grid, typekind, and rank returned
 Field creation from Grid, typekind, and rank returned
 Field creation from Grid, typekind, and rank returned
 Field creation from Grid and Arrayspec returned
 Field creation from Grid and Arrayspec returned
 Field creation from Grid and Arrayspec returned
 Field creation from Grid and Arrayspec returned
 Field Create from a Grid and an Array returned
 Field Create from a Grid and an Array returned
 Field Create from a Grid and an Array returned
 Field Create from a Grid and an Array returned
 Complete a Field created by ESMF_FieldEmptyCreate returned
 Complete a Field created by ESMF_FieldEmptyCreate returned
 Complete a Field created by ESMF_FieldEmptyCreate returned
 Complete a Field created by ESMF_FieldEmptyCreate returned
 Complete a Field created by ESMF_FieldEmptyCreate returned
 Complete a Field created by ESMF_FieldEmptyCreate returned
 Complete a Field created by ESMF_FieldEmptyCreate returned
 Complete a Field created by ESMF_FieldEmptyCreate returned
 Field Create from a Grid and a Fortran data pointer returned
 Field Create from a Grid and a Fortran data pointer returned
 Field Create from a Grid and a Fortran data pointer returned
 Field Create from a Grid and a Fortran data pointer returned
  PASS  Example ESMF_FieldEx, ESMF_FieldEx.F90, line 999
  PASS  Example ESMF_FieldEx, ESMF_FieldEx.F90, line 999
  PASS  Example ESMF_FieldEx, ESMF_FieldEx.F90, line 999
  PASS  Example ESMF_FieldEx, ESMF_FieldEx.F90, line 999
[r4i3n27:30991:0:30991] Caught signal 11 (Segmentation fault: address not mapped to object at address 0x30)
--------------------------------------------------------------------------
A system call failed during shared memory initialization that should
not have.  It is likely that your MPI job will now either abort or
experience performance degradation.

  Local host:  r4i3n27
  System call: unlink(2) /dev/shm/vader_segment.r4i3n27.454a0001.0
  Error:       No such file or directory (errno 2)
--------------------------------------------------------------------------
--------------------------------------------------------------------------
A system call failed during shared memory initialization that should
not have.  It is likely that your MPI job will now either abort or
experience performance degradation.

  Local host:  r4i3n27
  System call: unlink(2) /dev/shm/vader_segment.r4i3n27.454a0001.3
  Error:       No such file or directory (errno 2)
--------------------------------------------------------------------------
--------------------------------------------------------------------------
A system call failed during shared memory initialization that should
not have.  It is likely that your MPI job will now either abort or
experience performance degradation.

  Local host:  r4i3n27
  System call: unlink(2) /dev/shm/vader_segment.r4i3n27.454a0001.1
  Error:       No such file or directory (errno 2)
--------------------------------------------------------------------------
[r4i3n27:30989:0:30989] Caught signal 11 (Segmentation fault: address not mapped to object at address 0x30)
[r4i3n27:30990:0:30990] Caught signal 11 (Segmentation fault: address not mapped to object at address 0x30)
[r4i3n27:30992:0:30992] Caught signal 11 (Segmentation fault: address not mapped to object at address 0x30)
--------------------------------------------------------------------------
Primary job  terminated normally, but 1 process returned
a non-zero exit code. Per user-direction, the job has been aborted.
--------------------------------------------------------------------------
--------------------------------------------------------------------------
mpirun noticed that process rank 2 with PID 0 on node r4i3n27 exited on signal 11 (Segmentation fault).
--------------------------------------------------------------------------
