build time -- 2021-06-21 05:47:07.577451
  PASS  Example ESMF_VMGetMPICommunicatorEx, ESMF_VMGetMPICommunicatorEx.F90, line 95
  PASS  Example ESMF_VMGetMPICommunicatorEx, ESMF_VMGetMPICommunicatorEx.F90, line 95
  PASS  Example ESMF_VMGetMPICommunicatorEx, ESMF_VMGetMPICommunicatorEx.F90, line 95
  PASS  Example ESMF_VMGetMPICommunicatorEx, ESMF_VMGetMPICommunicatorEx.F90, line 95
[r14i5n21:33901:0:33901] Caught signal 11 (Segmentation fault: address not mapped to object at address 0x30)
[r14i5n21:33899:0:33899] Caught signal 11 (Segmentation fault: address not mapped to object at address 0x30)
[r14i5n21:33898:0:33898] Caught signal 11 (Segmentation fault: address not mapped to object at address 0x30)
--------------------------------------------------------------------------
A system call failed during shared memory initialization that should
not have.  It is likely that your MPI job will now either abort or
experience performance degradation.

  Local host:  r14i5n21
  System call: unlink(2) /dev/shm/vader_segment.r14i5n21.a1300001.2
  Error:       No such file or directory (errno 2)
--------------------------------------------------------------------------
[r14i5n21:33900:0:33900] Caught signal 11 (Segmentation fault: address not mapped to object at address 0x130)
--------------------------------------------------------------------------
Primary job  terminated normally, but 1 process returned
a non-zero exit code. Per user-direction, the job has been aborted.
--------------------------------------------------------------------------
--------------------------------------------------------------------------
mpirun noticed that process rank 1 with PID 0 on node r14i5n21 exited on signal 11 (Segmentation fault).
--------------------------------------------------------------------------
