build time -- 2021-06-22 05:46:23.603433
--- ESMCI::Array::print start ---
--- ESMCI::Array::print start ---
 Base name    = Array008
--- ESMCI::Array::print start ---
 Base name    = Array008
 Status: Base = Ready,  object = Ready
 Proxy        = no
 Root Info (Attributes):
 Status: Base = Ready,  object = Ready
 Proxy        = no
 Root Info (Attributes):
 Base name    = Array008
 Status: Base = Ready,  object = Ready
 Proxy        = no
 Root Info (Attributes):
{}{}Array typekind/rank: Real*8 / 2 
~ lower class' values ~
DistGrid dimCount = 2
deCount = 4
localDeCount = 1
~ local data in LocalArray for DE 0 ~
LocalArrayPrint: Array at address 0x175bf20:
Array typekind/rank: Real*8 / 2 
~ lower class' values ~
DistGrid dimCount = 2
deCount = 4
localDeCount = 1
~ local data in LocalArray for DE 2 ~
LocalArrayPrint: Array at address 0x2504df0:
{}            rank = 2, typekind = 6, base_addr = 0x1759f70
            dim[0] = 3  dim[1] = 10  
  Real, *8, Dim 2, Data values:
            rank = 2, typekind = 6, base_addr = 0x2503310
            dim[0] = 3  dim[1] = 10  
  Real, *8, Dim 2, Data values:
Array typekind/rank: Real*8 / 2 
~ lower class' values ~
DistGrid dimCount = 2
deCount = 4
( 1, 1) =  513.58
( 2, 1) =  613.58
( 3, 1) =  713.58
( 1, 2) =  514.814
( 2, 2) =  614.814
( 3, 2) =  714.814
( 1, 1) =  513.58
( 2, 1) =  613.58
( 3, 1) =  713.58
( 1, 2) =  514.814
( 2, 2) =  614.814
( 3, 2) =  714.814
( 1, 3) =  516.048
( 2, 3) =  616.048
localDeCount = 1
~ local data in LocalArray for DE 1 ~
LocalArrayPrint: Array at address 0x1712650:
            rank = 2, typekind = 6, base_addr = 0x170f350
            dim[0] = 3  dim[1] = 10  
( 3, 3) =  716.048
( 1, 4) =  517.283
  skipping to end ...
( 3, 7) =  720.986
( 1, 8) =  522.221
( 2, 8) =  622.221
( 1, 3) =  516.048
( 2, 3) =  616.048
( 3, 3) =  716.048
( 1, 4) =  517.283
  skipping to end ...
( 3, 7) =  720.986
( 1, 8) =  522.221
( 2, 8) =  622.221
( 3, 8) =  722.221
  Real, *8, Dim 2, Data values:
( 1, 9) =  523.456
( 2, 9) =  623.456
( 3, 9) =  723.456
( 1,10) =  524.69
( 2,10) =  624.69
( 3,10) =  724.69
( 3, 8) =  722.221
( 1, 9) =  523.456
( 2, 9) =  623.456
( 3, 9) =  723.456
( 1,10) =  524.69
( 2,10) =  624.69
( 3,10) =  724.69
dim 1: undistLBound[0]=1            undistUBound[0]=3
dim 2: [0]: [1 [1 [1, 10] 10] 10]
--- ESMCI::Array::print end ---
( 1, 1) =  1.2345
( 2, 1) =  1.2345
( 3, 1) =  1.2345
( 1, 2) =  1.2345
( 2, 2) =  1.2345
( 3, 2) =  1.2345
( 1, 3) =  1.2345
( 2, 3) =  1.2345
( 3, 3) =  1.2345
( 1, 4) =  1.2345
  skipping to end ...
( 3, 7) =  1.2345
( 1, 8) =  1.2345
( 2, 8) =  1.2345
dim 1: undistLBound[0]=1            undistUBound[0]=3
dim 2: [0]: [1 [1 [1, 10] 10] 10]
--- ESMCI::Array::print end ---
( 3, 8) =  1.2345
( 1, 9) =  1.2345
( 2, 9) =  1.2345
( 3, 9) =  1.2345
( 1,10) =  1.2345
( 2,10) =  1.2345
( 3,10) =  1.2345
dim 1: undistLBound[0]=1            undistUBound[0]=3
dim 2: [0]: [1 [1 [1, 10] 10] 10]
--- ESMCI::Array::print end ---
 localPet =            2 myFarray2D2:    0.0000000000000000        0.0000000000000000        0.0000000000000000        0.0000000000000000        0.0000000000000000        0.0000000000000000        0.0000000000000000        0.0000000000000000        0.0000000000000000        0.0000000000000000        0.0000000000000000        0.0000000000000000        0.0000000000000000        0.0000000000000000        0.0000000000000000        0.0000000000000000        0.0000000000000000        0.0000000000000000        0.0000000000000000        0.0000000000000000        0.0000000000000000        0.0000000000000000        0.0000000000000000        0.0000000000000000        0.0000000000000000        0.0000000000000000        0.0000000000000000        0.0000000000000000        0.0000000000000000        0.0000000000000000     
--- ESMCI::Array::print start ---
 Base name    = Array008
 Status: Base = Ready,  object = Ready
 Proxy        = no
 Root Info (Attributes):
{}Array typekind/rank: Real*8 / 2 
~ lower class' values ~
DistGrid dimCount = 2
deCount = 4
localDeCount = 1
 localPet =            1 myFarray2D2:    0.0000000000000000        0.0000000000000000        0.0000000000000000        0.0000000000000000        0.0000000000000000        0.0000000000000000        0.0000000000000000        0.0000000000000000        0.0000000000000000        0.0000000000000000        0.0000000000000000        0.0000000000000000        0.0000000000000000        0.0000000000000000        0.0000000000000000        0.0000000000000000        0.0000000000000000        0.0000000000000000        0.0000000000000000        0.0000000000000000        0.0000000000000000        0.0000000000000000        0.0000000000000000        0.0000000000000000        0.0000000000000000        0.0000000000000000        0.0000000000000000        0.0000000000000000        0.0000000000000000        0.0000000000000000     
--- ESMCI::Array::print start ---
~ local data in LocalArray for DE 2 ~
LocalArrayPrint: Array at address 0x2504df0:
 Base name    = Array008
 Status: Base = Ready,  object = Ready
 Proxy        = no
 Root Info (Attributes):
{}Array typekind/rank: Real*8 / 2 
~ lower class' values ~
DistGrid dimCount = 2
deCount = 4
localDeCount = 1
~ local data in LocalArray for DE 1 ~
LocalArrayPrint: Array at address 0x1712650:
            rank = 2, typekind = 6, base_addr = 0x170f350
            dim[0] = 3  dim[1] = 10  
  Real, *8, Dim 2, Data values:
( 1, 1) =  1.2345
( 2, 1) =  1.2345
( 3, 1) =  1.2345
( 1, 2) =  1.2345
( 2, 2) =  1.2345
( 3, 2) =  1.2345
( 1, 3) =  1.2345
( 2, 3) =  1.2345
( 3, 3) =  1.2345
( 1, 4) =  1.2345
  skipping to end ...
( 3, 7) =  1.2345
( 1, 8) =  1.2345
( 2, 8) =  1.2345
( 3, 8) =  1.2345
( 1, 9) =  1.2345
( 2, 9) =  1.2345
( 3, 9) =  1.2345
( 1,10) =  1.2345
( 2,10) =  1.2345
( 3,10) =  1.2345
dim 1: undistLBound[0]=1            undistUBound[0]=3
dim 2: [0]: [1 [1 [1, 10] 10] 10]
--- ESMCI::Array::print end ---
 localPet =            1 myFarray2D2:    0.0000000000000000        0.0000000000000000        0.0000000000000000        0.0000000000000000        0.0000000000000000        0.0000000000000000        0.0000000000000000        0.0000000000000000        0.0000000000000000        0.0000000000000000        0.0000000000000000        0.0000000000000000        0.0000000000000000        0.0000000000000000        0.0000000000000000        0.0000000000000000        0.0000000000000000        0.0000000000000000        0.0000000000000000        0.0000000000000000        0.0000000000000000        0.0000000000000000        0.0000000000000000        0.0000000000000000        0.0000000000000000        0.0000000000000000        0.0000000000000000        0.0000000000000000        0.0000000000000000        0.0000000000000000     
  PASS  Example ESMF_ArrayScatterGatherEx, ESMF_ArrayScatterGatherEx.F90, line 328
 localPet =            0 myFarray2D2:    513.57950000000005        613.57950000000005        713.57950000000005        514.81399999999996        614.81399999999996        714.81399999999996        516.04849999999999        616.04849999999999        716.04849999999999        517.28300000000002        617.28300000000002        717.28300000000002        518.51750000000004        618.51750000000004        718.51750000000004        519.75199999999995        619.75199999999995        719.75199999999995        520.98649999999998        620.98649999999998        720.98649999999998        522.22100000000000        622.22100000000000        722.22100000000000        523.45550000000003        623.45550000000003        723.45550000000003        524.69000000000005        624.69000000000005        724.69000000000005     
--- ESMCI::Array::print start ---
 Base name    = Array008
 Status: Base = Ready,  object = Ready
 Proxy        = no
 Root Info (Attributes):
{}Array typekind/rank: Real*8 / 2 
~ lower class' values ~
DistGrid dimCount = 2
deCount = 4
localDeCount = 1
~ local data in LocalArray for DE 0 ~
LocalArrayPrint: Array at address 0x175bf20:
            rank = 2, typekind = 6, base_addr = 0x1759f70
            dim[0] = 3  dim[1] = 10  
  Real, *8, Dim 2, Data values:
( 1, 1) =  513.58
( 2, 1) =  613.58
( 3, 1) =  713.58
( 1, 2) =  514.814
( 2, 2) =  614.814
( 3, 2) =  714.814
( 1, 3) =  516.048
( 2, 3) =  616.048
( 3, 3) =  716.048
( 1, 4) =  517.283
  skipping to end ...
( 3, 7) =  720.986
( 1, 8) =  522.221
( 2, 8) =  622.221
( 3, 8) =  722.221
( 1, 9) =  523.456
( 2, 9) =  623.456
( 3, 9) =  723.456
( 1,10) =  524.69
( 2,10) =  624.69
( 3,10) =  724.69
dim 1: undistLBound[0]=1            undistUBound[0]=3
dim 2: [0]: [1 [1 [1, 10] 10] 10]
--- ESMCI::Array::print end ---
 localPet =            0 myFarray2D2:    5.4320998191833496        5.4320998191833496        5.4320998191833496        5.4320998191833496        5.4320998191833496        5.4320998191833496        5.4320998191833496        5.4320998191833496        5.4320998191833496        5.4320998191833496        5.4320998191833496        5.4320998191833496        5.4320998191833496        5.4320998191833496        5.4320998191833496        5.4320998191833496        5.4320998191833496        5.4320998191833496        5.4320998191833496        5.4320998191833496        5.4320998191833496        5.4320998191833496        5.4320998191833496        5.4320998191833496        5.4320998191833496        5.4320998191833496        5.4320998191833496        5.4320998191833496        5.4320998191833496        5.4320998191833496     
  PASS  Example ESMF_ArrayScatterGatherEx, ESMF_ArrayScatterGatherEx.F90, line 328
--- ESMCI::Array::print start ---
 Base name    = Array008
 Status: Base = Ready,  object = Ready
 Proxy        = no
 Root Info (Attributes):
{}Array typekind/rank: Real*8 / 2 
~ lower class' values ~
DistGrid dimCount = 2
deCount = 4
localDeCount = 1
~ local data in LocalArray for DE 3 ~
LocalArrayPrint: Array at address 0x1441130:
            rank = 2, typekind = 6, base_addr = 0x143f5d0
            dim[0] = 3  dim[1] = 10  
  Real, *8, Dim 2, Data values:
( 1, 1) =  513.58
( 2, 1) =  613.58
( 3, 1) =  713.58
( 1, 2) =  514.814
( 2, 2) =  614.814
( 3, 2) =  714.814
( 1, 3) =  516.048
( 2, 3) =  616.048
( 3, 3) =  716.048
( 1, 4) =  517.283
  skipping to end ...
( 3, 7) =  720.986
( 1, 8) =  522.221
( 2, 8) =  622.221
( 3, 8) =  722.221
( 1, 9) =  523.456
( 2, 9) =  623.456
( 3, 9) =  723.456
( 1,10) =  524.69
( 2,10) =  624.69
( 3,10) =  724.69
dim 1: undistLBound[0]=1            undistUBound[0]=3
dim 2: [0]: [1 [1 [1, 10] 10] 10]
--- ESMCI::Array::print end ---
 localPet =            3 myFarray2D2:    0.0000000000000000        0.0000000000000000        0.0000000000000000        0.0000000000000000        0.0000000000000000        0.0000000000000000        0.0000000000000000        0.0000000000000000        0.0000000000000000        0.0000000000000000        0.0000000000000000        0.0000000000000000        0.0000000000000000        0.0000000000000000        0.0000000000000000        0.0000000000000000        0.0000000000000000        0.0000000000000000        0.0000000000000000        0.0000000000000000        0.0000000000000000        0.0000000000000000        0.0000000000000000        0.0000000000000000        0.0000000000000000        0.0000000000000000        0.0000000000000000        0.0000000000000000        0.0000000000000000        0.0000000000000000     
--- ESMCI::Array::print start ---
 Base name    = Array008
 Status: Base = Ready,  object = Ready
 Proxy        = no
 Root Info (Attributes):
{}Array typekind/rank: Real*8 / 2 
~ lower class' values ~
DistGrid dimCount = 2
deCount = 4
localDeCount = 1
~ local data in LocalArray for DE 3 ~
LocalArrayPrint: Array at address 0x1441130:
            rank = 2, typekind = 6, base_addr = 0x143f5d0
            dim[0] = 3  dim[1] = 10  
  Real, *8, Dim 2, Data values:
( 1, 1) =  5.4321
( 2, 1) =  5.4321
( 3, 1) =  5.4321
( 1, 2) =  5.4321
( 2, 2) =  5.4321
( 3, 2) =  5.4321
( 1, 3) =  5.4321
( 2, 3) =  5.4321
( 3, 3) =  5.4321
( 1, 4) =  5.4321
  skipping to end ...
( 3, 7) =  5.4321
( 1, 8) =  5.4321
( 2, 8) =  5.4321
( 3, 8) =  5.4321
( 1, 9) =  5.4321
( 2, 9) =  5.4321
( 3, 9) =  5.4321
( 1,10) =  5.4321
( 2,10) =  5.4321
( 3,10) =  5.4321
dim 1: undistLBound[0]=1            undistUBound[0]=3
dim 2: [0]: [1 [1 [1, 10] 10] 10]
--- ESMCI::Array::print end ---
 localPet =            3 myFarray2D2:    0.0000000000000000        0.0000000000000000        0.0000000000000000        0.0000000000000000        0.0000000000000000        0.0000000000000000        0.0000000000000000        0.0000000000000000        0.0000000000000000        0.0000000000000000        0.0000000000000000        0.0000000000000000        0.0000000000000000        0.0000000000000000        0.0000000000000000        0.0000000000000000        0.0000000000000000        0.0000000000000000        0.0000000000000000        0.0000000000000000        0.0000000000000000        0.0000000000000000        0.0000000000000000        0.0000000000000000        0.0000000000000000        0.0000000000000000        0.0000000000000000        0.0000000000000000        0.0000000000000000        0.0000000000000000     
  PASS  Example ESMF_ArrayScatterGatherEx, ESMF_ArrayScatterGatherEx.F90, line 328
            rank = 2, typekind = 6, base_addr = 0x2503310
            dim[0] = 3  dim[1] = 10  
  Real, *8, Dim 2, Data values:
( 1, 1) =  513.58
( 2, 1) =  613.58
( 3, 1) =  713.58
( 1, 2) =  514.814
( 2, 2) =  614.814
( 3, 2) =  714.814
( 1, 3) =  516.048
( 2, 3) =  616.048
( 3, 3) =  716.048
( 1, 4) =  517.283
  skipping to end ...
( 3, 7) =  720.986
( 1, 8) =  522.221
( 2, 8) =  622.221
( 3, 8) =  722.221
( 1, 9) =  523.456
( 2, 9) =  623.456
( 3, 9) =  723.456
( 1,10) =  524.69
( 2,10) =  624.69
( 3,10) =  724.69
dim 1: undistLBound[0]=1            undistUBound[0]=3
dim 2: [0]: [1 [1 [1, 10] 10] 10]
--- ESMCI::Array::print end ---
 localPet =            2 myFarray2D2:    0.0000000000000000        0.0000000000000000        0.0000000000000000        0.0000000000000000        0.0000000000000000        0.0000000000000000        0.0000000000000000        0.0000000000000000        0.0000000000000000        0.0000000000000000        0.0000000000000000        0.0000000000000000        0.0000000000000000        0.0000000000000000        0.0000000000000000        0.0000000000000000        0.0000000000000000        0.0000000000000000        0.0000000000000000        0.0000000000000000        0.0000000000000000        0.0000000000000000        0.0000000000000000        0.0000000000000000        0.0000000000000000        0.0000000000000000        0.0000000000000000        0.0000000000000000        0.0000000000000000        0.0000000000000000     
  PASS  Example ESMF_ArrayScatterGatherEx, ESMF_ArrayScatterGatherEx.F90, line 328
[r14i3n30:3240 :0:3240] Caught signal 11 (Segmentation fault: address not mapped to object at address 0x30)
[r14i3n30:3237 :0:3237] Caught signal 11 (Segmentation fault: address not mapped to object at address 0x30)
--------------------------------------------------------------------------
A system call failed during shared memory initialization that should
not have.  It is likely that your MPI job will now either abort or
experience performance degradation.

  Local host:  r14i3n30
  System call: unlink(2) /dev/shm/vader_segment.r14i3n30.dc010001.1
  Error:       No such file or directory (errno 2)
--------------------------------------------------------------------------
--------------------------------------------------------------------------
A system call failed during shared memory initialization that should
not have.  It is likely that your MPI job will now either abort or
experience performance degradation.

  Local host:  r14i3n30
  System call: unlink(2) /dev/shm/vader_segment.r14i3n30.dc010001.2
  Error:       No such file or directory (errno 2)
--------------------------------------------------------------------------
[r14i3n30:3238 :0:3238] Caught signal 11 (Segmentation fault: Sent by the kernel at address (nil))
[r14i3n30:3239 :0:3239] Caught signal 11 (Segmentation fault: address not mapped to object at address 0x70)
--------------------------------------------------------------------------
Primary job  terminated normally, but 1 process returned
a non-zero exit code. Per user-direction, the job has been aborted.
--------------------------------------------------------------------------
==== backtrace (tid:   3238) ====
 0  /glade/u/apps/ch/opt/ucx/1.8.0/lib/libucs.so.0(ucs_handle_error+0x19c) [0x2b7e452c922c]
 1  /glade/u/apps/ch/opt/ucx/1.8.0/lib/libucs.so.0(+0x2355c) [0x2b7e452c955c]
 2  /glade/u/apps/ch/opt/ucx/1.8.0/lib/libucs.so.0(+0x237cb) [0x2b7e452c97cb]
 3  /glade/u/apps/ch/os/lib64/libpthread.so.0(+0x10b00) [0x2b7e35066b00]
 4  /glade/u/apps/ch/opt/openmpi/4.0.3/gnu/7.4.0/lib/libopen-pal.so.40(+0x2d3d7) [0x2b7e358fa3d7]
 5  /glade/u/apps/ch/opt/openmpi/4.0.3/gnu/7.4.0/lib/openmpi/mca_btl_vader.so(+0x3ec1) [0x2b7e3f8c9ec1]
 6  /glade/u/apps/ch/opt/openmpi/4.0.3/gnu/7.4.0/lib/libopen-pal.so.40(mca_base_component_close+0x19) [0x2b7e35927419]
 7  /glade/u/apps/ch/opt/openmpi/4.0.3/gnu/7.4.0/lib/libopen-pal.so.40(mca_base_components_close+0x55) [0x2b7e359274a5]
 8  /glade/u/apps/ch/opt/openmpi/4.0.3/gnu/7.4.0/lib/libopen-pal.so.40(+0x7eae3) [0x2b7e3594bae3]
 9  /glade/u/apps/ch/opt/openmpi/4.0.3/gnu/7.4.0/lib/libopen-pal.so.40(mca_base_framework_close+0x67) [0x2b7e35932a87]
10  /glade/u/apps/ch/opt/openmpi/4.0.3/gnu/7.4.0/lib/libopen-pal.so.40(opal_info_close_components+0x29) [0x2b7e359098c9]
11  /glade/u/apps/ch/opt/openmpi/4.0.3/gnu/7.4.0/lib/libmpi.so.40(PMPI_T_finalize+0x35) [0x2b7e3473a595]
12  /glade/scratch/mpotts/gfortran_7.4.0_openmpi_g_develop/lib/libg/Linux.gfortran.64.openmpi.default/libesmf.so(_ZN5ESMCI3VMK8finalizeEi+0x3c8) [0x2b7e30b94a60]
13  /glade/scratch/mpotts/gfortran_7.4.0_openmpi_g_develop/lib/libg/Linux.gfortran.64.openmpi.default/libesmf.so(_ZN5ESMCI2VM8finalizeEP12ESMC_LogicalPi+0x585) [0x2b7e30bb55af]
14  /glade/scratch/mpotts/gfortran_7.4.0_openmpi_g_develop/lib/libg/Linux.gfortran.64.openmpi.default/libesmf.so(c_esmc_vmfinalize_+0x3b) [0x2b7e30b8dd85]
15  /glade/scratch/mpotts/gfortran_7.4.0_openmpi_g_develop/lib/libg/Linux.gfortran.64.openmpi.default/libesmf.so(__esmf_vmmod_MOD_esmf_vmfinalize+0x40) [0x2b7e318839a2]
16  /glade/scratch/mpotts/gfortran_7.4.0_openmpi_g_develop/lib/libg/Linux.gfortran.64.openmpi.default/libesmf.so(__esmf_initmod_MOD_esmf_finalize+0x7dc) [0x2b7e31535ad6]
17  ./ESMF_ArrayScatterGatherEx() [0x4040d2]
18  ./ESMF_ArrayScatterGatherEx() [0x4041f2]
19  /glade/u/apps/ch/os/lib64/libc.so.6(__libc_start_main+0xf5) [0x2b7e352936e5]
20  ./ESMF_ArrayScatterGatherEx() [0x401389]
=================================

Program received signal SIGSEGV: Segmentation fault - invalid memory reference.

Backtrace for this error:
#0  0x2b7e35066aff in ???
#1  0x2b7e358fa3d7 in ???
#2  0x2b7e3f8c9ec0 in ???
#3  0x2b7e35927418 in ???
#4  0x2b7e359274a4 in ???
#5  0x2b7e3594bae2 in ???
#6  0x2b7e35932a86 in ???
#7  0x2b7e359098c8 in ???
#8  0x2b7e3473a594 in ???
#9  0x2b7e30b94a5f in _ZN5ESMCI3VMK8finalizeEi
	at /glade/scratch/mpotts/gfortran_7.4.0_openmpi_g_develop/src/Infrastructure/VM/src/ESMCI_VMKernel.C:678
#10  0x2b7e30bb55ae in _ZN5ESMCI2VM8finalizeEP12ESMC_LogicalPi
	at /glade/scratch/mpotts/gfortran_7.4.0_openmpi_g_develop/src/Infrastructure/VM/src/ESMCI_VM.C:3419
#11  0x2b7e30b8dd84 in c_esmc_vmfinalize_
	at /glade/scratch/mpotts/gfortran_7.4.0_openmpi_g_develop/src/Infrastructure/VM/interface/ESMCI_VM_F.C:1153
#12  0x2b7e318839a1 in __esmf_vmmod_MOD_esmf_vmfinalize
	at /glade/scratch/mpotts/gfortran_7.4.0_openmpi_g_develop/src/Infrastructure/VM/interface/ESMF_VM.F90:9286
#13  0x2b7e31535ad5 in __esmf_initmod_MOD_esmf_finalize
	at /glade/scratch/mpotts/gfortran_7.4.0_openmpi_g_develop/src/Superstructure/ESMFMod/src/ESMF_Init.F90:1012
#14  0x4040d1 in esmf_arrayscattergatherex
	at /glade/scratch/mpotts/gfortran_7.4.0_openmpi_g_develop/src/Infrastructure/Array/examples/ESMF_ArrayScatterGatherEx.F90:330
#15  0x4041f1 in main
	at /glade/scratch/mpotts/gfortran_7.4.0_openmpi_g_develop/src/Infrastructure/Array/examples/ESMF_ArrayScatterGatherEx.F90:20
--------------------------------------------------------------------------
mpirun noticed that process rank 3 with PID 0 on node r14i3n30 exited on signal 11 (Segmentation fault).
--------------------------------------------------------------------------
--- ESMCI::Array::print start ---
--- ESMCI::Array::print start ---
 Base name    = Array008
--- ESMCI::Array::print start ---
 Base name    = Array008
 Status: Base = Ready,  object = Ready
 Proxy        = no
 Root Info (Attributes):
 Status: Base = Ready,  object = Ready
 Proxy        = no
 Root Info (Attributes):
 Base name    = Array008
 Status: Base = Ready,  object = Ready
 Proxy        = no
 Root Info (Attributes):
{}{}Array typekind/rank: Real*8 / 2 
~ lower class' values ~
DistGrid dimCount = 2
deCount = 4
localDeCount = 1
~ local data in LocalArray for DE 0 ~
LocalArrayPrint: Array at address 0x175bf20:
Array typekind/rank: Real*8 / 2 
~ lower class' values ~
DistGrid dimCount = 2
deCount = 4
localDeCount = 1
~ local data in LocalArray for DE 2 ~
LocalArrayPrint: Array at address 0x2504df0:
{}            rank = 2, typekind = 6, base_addr = 0x1759f70
            dim[0] = 3  dim[1] = 10  
  Real, *8, Dim 2, Data values:
            rank = 2, typekind = 6, base_addr = 0x2503310
            dim[0] = 3  dim[1] = 10  
  Real, *8, Dim 2, Data values:
Array typekind/rank: Real*8 / 2 
~ lower class' values ~
DistGrid dimCount = 2
deCount = 4
( 1, 1) =  513.58
( 2, 1) =  613.58
( 3, 1) =  713.58
( 1, 2) =  514.814
( 2, 2) =  614.814
( 3, 2) =  714.814
( 1, 1) =  513.58
( 2, 1) =  613.58
( 3, 1) =  713.58
( 1, 2) =  514.814
( 2, 2) =  614.814
( 3, 2) =  714.814
( 1, 3) =  516.048
( 2, 3) =  616.048
localDeCount = 1
~ local data in LocalArray for DE 1 ~
LocalArrayPrint: Array at address 0x1712650:
            rank = 2, typekind = 6, base_addr = 0x170f350
            dim[0] = 3  dim[1] = 10  
( 3, 3) =  716.048
( 1, 4) =  517.283
  skipping to end ...
( 3, 7) =  720.986
( 1, 8) =  522.221
( 2, 8) =  622.221
( 1, 3) =  516.048
( 2, 3) =  616.048
( 3, 3) =  716.048
( 1, 4) =  517.283
  skipping to end ...
( 3, 7) =  720.986
( 1, 8) =  522.221
( 2, 8) =  622.221
( 3, 8) =  722.221
  Real, *8, Dim 2, Data values:
( 1, 9) =  523.456
( 2, 9) =  623.456
( 3, 9) =  723.456
( 1,10) =  524.69
( 2,10) =  624.69
( 3,10) =  724.69
( 3, 8) =  722.221
( 1, 9) =  523.456
( 2, 9) =  623.456
( 3, 9) =  723.456
( 1,10) =  524.69
( 2,10) =  624.69
( 3,10) =  724.69
dim 1: undistLBound[0]=1            undistUBound[0]=3
dim 2: [0]: [1 [1 [1, 10] 10] 10]
--- ESMCI::Array::print end ---
( 1, 1) =  1.2345
( 2, 1) =  1.2345
( 3, 1) =  1.2345
( 1, 2) =  1.2345
( 2, 2) =  1.2345
( 3, 2) =  1.2345
( 1, 3) =  1.2345
( 2, 3) =  1.2345
( 3, 3) =  1.2345
( 1, 4) =  1.2345
  skipping to end ...
( 3, 7) =  1.2345
( 1, 8) =  1.2345
( 2, 8) =  1.2345
dim 1: undistLBound[0]=1            undistUBound[0]=3
dim 2: [0]: [1 [1 [1, 10] 10] 10]
--- ESMCI::Array::print end ---
( 3, 8) =  1.2345
( 1, 9) =  1.2345
( 2, 9) =  1.2345
( 3, 9) =  1.2345
( 1,10) =  1.2345
( 2,10) =  1.2345
( 3,10) =  1.2345
dim 1: undistLBound[0]=1            undistUBound[0]=3
dim 2: [0]: [1 [1 [1, 10] 10] 10]
--- ESMCI::Array::print end ---
 localPet =            2 myFarray2D2:    0.0000000000000000        0.0000000000000000        0.0000000000000000        0.0000000000000000        0.0000000000000000        0.0000000000000000        0.0000000000000000        0.0000000000000000        0.0000000000000000        0.0000000000000000        0.0000000000000000        0.0000000000000000        0.0000000000000000        0.0000000000000000        0.0000000000000000        0.0000000000000000        0.0000000000000000        0.0000000000000000        0.0000000000000000        0.0000000000000000        0.0000000000000000        0.0000000000000000        0.0000000000000000        0.0000000000000000        0.0000000000000000        0.0000000000000000        0.0000000000000000        0.0000000000000000        0.0000000000000000        0.0000000000000000     
--- ESMCI::Array::print start ---
 Base name    = Array008
 Status: Base = Ready,  object = Ready
 Proxy        = no
 Root Info (Attributes):
{}Array typekind/rank: Real*8 / 2 
~ lower class' values ~
DistGrid dimCount = 2
deCount = 4
localDeCount = 1
 localPet =            1 myFarray2D2:    0.0000000000000000        0.0000000000000000        0.0000000000000000        0.0000000000000000        0.0000000000000000        0.0000000000000000        0.0000000000000000        0.0000000000000000        0.0000000000000000        0.0000000000000000        0.0000000000000000        0.0000000000000000        0.0000000000000000        0.0000000000000000        0.0000000000000000        0.0000000000000000        0.0000000000000000        0.0000000000000000        0.0000000000000000        0.0000000000000000        0.0000000000000000        0.0000000000000000        0.0000000000000000        0.0000000000000000        0.0000000000000000        0.0000000000000000        0.0000000000000000        0.0000000000000000        0.0000000000000000        0.0000000000000000     
--- ESMCI::Array::print start ---
~ local data in LocalArray for DE 2 ~
LocalArrayPrint: Array at address 0x2504df0:
 Base name    = Array008
 Status: Base = Ready,  object = Ready
 Proxy        = no
 Root Info (Attributes):
{}Array typekind/rank: Real*8 / 2 
~ lower class' values ~
DistGrid dimCount = 2
deCount = 4
localDeCount = 1
~ local data in LocalArray for DE 1 ~
LocalArrayPrint: Array at address 0x1712650:
            rank = 2, typekind = 6, base_addr = 0x170f350
            dim[0] = 3  dim[1] = 10  
  Real, *8, Dim 2, Data values:
( 1, 1) =  1.2345
( 2, 1) =  1.2345
( 3, 1) =  1.2345
( 1, 2) =  1.2345
( 2, 2) =  1.2345
( 3, 2) =  1.2345
( 1, 3) =  1.2345
( 2, 3) =  1.2345
( 3, 3) =  1.2345
( 1, 4) =  1.2345
  skipping to end ...
( 3, 7) =  1.2345
( 1, 8) =  1.2345
( 2, 8) =  1.2345
( 3, 8) =  1.2345
( 1, 9) =  1.2345
( 2, 9) =  1.2345
( 3, 9) =  1.2345
( 1,10) =  1.2345
( 2,10) =  1.2345
( 3,10) =  1.2345
dim 1: undistLBound[0]=1            undistUBound[0]=3
dim 2: [0]: [1 [1 [1, 10] 10] 10]
--- ESMCI::Array::print end ---
 localPet =            1 myFarray2D2:    0.0000000000000000        0.0000000000000000        0.0000000000000000        0.0000000000000000        0.0000000000000000        0.0000000000000000        0.0000000000000000        0.0000000000000000        0.0000000000000000        0.0000000000000000        0.0000000000000000        0.0000000000000000        0.0000000000000000        0.0000000000000000        0.0000000000000000        0.0000000000000000        0.0000000000000000        0.0000000000000000        0.0000000000000000        0.0000000000000000        0.0000000000000000        0.0000000000000000        0.0000000000000000        0.0000000000000000        0.0000000000000000        0.0000000000000000        0.0000000000000000        0.0000000000000000        0.0000000000000000        0.0000000000000000     
  PASS  Example ESMF_ArrayScatterGatherEx, ESMF_ArrayScatterGatherEx.F90, line 328
 localPet =            0 myFarray2D2:    513.57950000000005        613.57950000000005        713.57950000000005        514.81399999999996        614.81399999999996        714.81399999999996        516.04849999999999        616.04849999999999        716.04849999999999        517.28300000000002        617.28300000000002        717.28300000000002        518.51750000000004        618.51750000000004        718.51750000000004        519.75199999999995        619.75199999999995        719.75199999999995        520.98649999999998        620.98649999999998        720.98649999999998        522.22100000000000        622.22100000000000        722.22100000000000        523.45550000000003        623.45550000000003        723.45550000000003        524.69000000000005        624.69000000000005        724.69000000000005     
--- ESMCI::Array::print start ---
 Base name    = Array008
 Status: Base = Ready,  object = Ready
 Proxy        = no
 Root Info (Attributes):
{}Array typekind/rank: Real*8 / 2 
~ lower class' values ~
DistGrid dimCount = 2
deCount = 4
localDeCount = 1
~ local data in LocalArray for DE 0 ~
LocalArrayPrint: Array at address 0x175bf20:
            rank = 2, typekind = 6, base_addr = 0x1759f70
            dim[0] = 3  dim[1] = 10  
  Real, *8, Dim 2, Data values:
( 1, 1) =  513.58
( 2, 1) =  613.58
( 3, 1) =  713.58
( 1, 2) =  514.814
( 2, 2) =  614.814
( 3, 2) =  714.814
( 1, 3) =  516.048
( 2, 3) =  616.048
( 3, 3) =  716.048
( 1, 4) =  517.283
  skipping to end ...
( 3, 7) =  720.986
( 1, 8) =  522.221
( 2, 8) =  622.221
( 3, 8) =  722.221
( 1, 9) =  523.456
( 2, 9) =  623.456
( 3, 9) =  723.456
( 1,10) =  524.69
( 2,10) =  624.69
( 3,10) =  724.69
dim 1: undistLBound[0]=1            undistUBound[0]=3
dim 2: [0]: [1 [1 [1, 10] 10] 10]
--- ESMCI::Array::print end ---
 localPet =            0 myFarray2D2:    5.4320998191833496        5.4320998191833496        5.4320998191833496        5.4320998191833496        5.4320998191833496        5.4320998191833496        5.4320998191833496        5.4320998191833496        5.4320998191833496        5.4320998191833496        5.4320998191833496        5.4320998191833496        5.4320998191833496        5.4320998191833496        5.4320998191833496        5.4320998191833496        5.4320998191833496        5.4320998191833496        5.4320998191833496        5.4320998191833496        5.4320998191833496        5.4320998191833496        5.4320998191833496        5.4320998191833496        5.4320998191833496        5.4320998191833496        5.4320998191833496        5.4320998191833496        5.4320998191833496        5.4320998191833496     
  PASS  Example ESMF_ArrayScatterGatherEx, ESMF_ArrayScatterGatherEx.F90, line 328
--- ESMCI::Array::print start ---
 Base name    = Array008
 Status: Base = Ready,  object = Ready
 Proxy        = no
 Root Info (Attributes):
{}Array typekind/rank: Real*8 / 2 
~ lower class' values ~
DistGrid dimCount = 2
deCount = 4
localDeCount = 1
~ local data in LocalArray for DE 3 ~
LocalArrayPrint: Array at address 0x1441130:
            rank = 2, typekind = 6, base_addr = 0x143f5d0
            dim[0] = 3  dim[1] = 10  
  Real, *8, Dim 2, Data values:
( 1, 1) =  513.58
( 2, 1) =  613.58
( 3, 1) =  713.58
( 1, 2) =  514.814
( 2, 2) =  614.814
( 3, 2) =  714.814
( 1, 3) =  516.048
( 2, 3) =  616.048
( 3, 3) =  716.048
( 1, 4) =  517.283
  skipping to end ...
( 3, 7) =  720.986
( 1, 8) =  522.221
( 2, 8) =  622.221
( 3, 8) =  722.221
( 1, 9) =  523.456
( 2, 9) =  623.456
( 3, 9) =  723.456
( 1,10) =  524.69
( 2,10) =  624.69
( 3,10) =  724.69
dim 1: undistLBound[0]=1            undistUBound[0]=3
dim 2: [0]: [1 [1 [1, 10] 10] 10]
--- ESMCI::Array::print end ---
 localPet =            3 myFarray2D2:    0.0000000000000000        0.0000000000000000        0.0000000000000000        0.0000000000000000        0.0000000000000000        0.0000000000000000        0.0000000000000000        0.0000000000000000        0.0000000000000000        0.0000000000000000        0.0000000000000000        0.0000000000000000        0.0000000000000000        0.0000000000000000        0.0000000000000000        0.0000000000000000        0.0000000000000000        0.0000000000000000        0.0000000000000000        0.0000000000000000        0.0000000000000000        0.0000000000000000        0.0000000000000000        0.0000000000000000        0.0000000000000000        0.0000000000000000        0.0000000000000000        0.0000000000000000        0.0000000000000000        0.0000000000000000     
--- ESMCI::Array::print start ---
 Base name    = Array008
 Status: Base = Ready,  object = Ready
 Proxy        = no
 Root Info (Attributes):
{}Array typekind/rank: Real*8 / 2 
~ lower class' values ~
DistGrid dimCount = 2
deCount = 4
localDeCount = 1
~ local data in LocalArray for DE 3 ~
LocalArrayPrint: Array at address 0x1441130:
            rank = 2, typekind = 6, base_addr = 0x143f5d0
            dim[0] = 3  dim[1] = 10  
  Real, *8, Dim 2, Data values:
( 1, 1) =  5.4321
( 2, 1) =  5.4321
( 3, 1) =  5.4321
( 1, 2) =  5.4321
( 2, 2) =  5.4321
( 3, 2) =  5.4321
( 1, 3) =  5.4321
( 2, 3) =  5.4321
( 3, 3) =  5.4321
( 1, 4) =  5.4321
  skipping to end ...
( 3, 7) =  5.4321
( 1, 8) =  5.4321
( 2, 8) =  5.4321
( 3, 8) =  5.4321
( 1, 9) =  5.4321
( 2, 9) =  5.4321
( 3, 9) =  5.4321
( 1,10) =  5.4321
( 2,10) =  5.4321
( 3,10) =  5.4321
dim 1: undistLBound[0]=1            undistUBound[0]=3
dim 2: [0]: [1 [1 [1, 10] 10] 10]
--- ESMCI::Array::print end ---
 localPet =            3 myFarray2D2:    0.0000000000000000        0.0000000000000000        0.0000000000000000        0.0000000000000000        0.0000000000000000        0.0000000000000000        0.0000000000000000        0.0000000000000000        0.0000000000000000        0.0000000000000000        0.0000000000000000        0.0000000000000000        0.0000000000000000        0.0000000000000000        0.0000000000000000        0.0000000000000000        0.0000000000000000        0.0000000000000000        0.0000000000000000        0.0000000000000000        0.0000000000000000        0.0000000000000000        0.0000000000000000        0.0000000000000000        0.0000000000000000        0.0000000000000000        0.0000000000000000        0.0000000000000000        0.0000000000000000        0.0000000000000000     
  PASS  Example ESMF_ArrayScatterGatherEx, ESMF_ArrayScatterGatherEx.F90, line 328
            rank = 2, typekind = 6, base_addr = 0x2503310
            dim[0] = 3  dim[1] = 10  
  Real, *8, Dim 2, Data values:
( 1, 1) =  513.58
( 2, 1) =  613.58
( 3, 1) =  713.58
( 1, 2) =  514.814
( 2, 2) =  614.814
( 3, 2) =  714.814
( 1, 3) =  516.048
( 2, 3) =  616.048
( 3, 3) =  716.048
( 1, 4) =  517.283
  skipping to end ...
( 3, 7) =  720.986
( 1, 8) =  522.221
( 2, 8) =  622.221
( 3, 8) =  722.221
( 1, 9) =  523.456
( 2, 9) =  623.456
( 3, 9) =  723.456
( 1,10) =  524.69
( 2,10) =  624.69
( 3,10) =  724.69
dim 1: undistLBound[0]=1            undistUBound[0]=3
dim 2: [0]: [1 [1 [1, 10] 10] 10]
--- ESMCI::Array::print end ---
 localPet =            2 myFarray2D2:    0.0000000000000000        0.0000000000000000        0.0000000000000000        0.0000000000000000        0.0000000000000000        0.0000000000000000        0.0000000000000000        0.0000000000000000        0.0000000000000000        0.0000000000000000        0.0000000000000000        0.0000000000000000        0.0000000000000000        0.0000000000000000        0.0000000000000000        0.0000000000000000        0.0000000000000000        0.0000000000000000        0.0000000000000000        0.0000000000000000        0.0000000000000000        0.0000000000000000        0.0000000000000000        0.0000000000000000        0.0000000000000000        0.0000000000000000        0.0000000000000000        0.0000000000000000        0.0000000000000000        0.0000000000000000     
  PASS  Example ESMF_ArrayScatterGatherEx, ESMF_ArrayScatterGatherEx.F90, line 328
[r14i3n30:3240 :0:3240] Caught signal 11 (Segmentation fault: address not mapped to object at address 0x30)
[r14i3n30:3237 :0:3237] Caught signal 11 (Segmentation fault: address not mapped to object at address 0x30)
--------------------------------------------------------------------------
A system call failed during shared memory initialization that should
not have.  It is likely that your MPI job will now either abort or
experience performance degradation.

  Local host:  r14i3n30
  System call: unlink(2) /dev/shm/vader_segment.r14i3n30.dc010001.1
  Error:       No such file or directory (errno 2)
--------------------------------------------------------------------------
--------------------------------------------------------------------------
A system call failed during shared memory initialization that should
not have.  It is likely that your MPI job will now either abort or
experience performance degradation.

  Local host:  r14i3n30
  System call: unlink(2) /dev/shm/vader_segment.r14i3n30.dc010001.2
  Error:       No such file or directory (errno 2)
--------------------------------------------------------------------------
[r14i3n30:3238 :0:3238] Caught signal 11 (Segmentation fault: Sent by the kernel at address (nil))
[r14i3n30:3239 :0:3239] Caught signal 11 (Segmentation fault: address not mapped to object at address 0x70)
--------------------------------------------------------------------------
Primary job  terminated normally, but 1 process returned
a non-zero exit code. Per user-direction, the job has been aborted.
--------------------------------------------------------------------------
==== backtrace (tid:   3238) ====
 0  /glade/u/apps/ch/opt/ucx/1.8.0/lib/libucs.so.0(ucs_handle_error+0x19c) [0x2b7e452c922c]
 1  /glade/u/apps/ch/opt/ucx/1.8.0/lib/libucs.so.0(+0x2355c) [0x2b7e452c955c]
 2  /glade/u/apps/ch/opt/ucx/1.8.0/lib/libucs.so.0(+0x237cb) [0x2b7e452c97cb]
 3  /glade/u/apps/ch/os/lib64/libpthread.so.0(+0x10b00) [0x2b7e35066b00]
 4  /glade/u/apps/ch/opt/openmpi/4.0.3/gnu/7.4.0/lib/libopen-pal.so.40(+0x2d3d7) [0x2b7e358fa3d7]
 5  /glade/u/apps/ch/opt/openmpi/4.0.3/gnu/7.4.0/lib/openmpi/mca_btl_vader.so(+0x3ec1) [0x2b7e3f8c9ec1]
 6  /glade/u/apps/ch/opt/openmpi/4.0.3/gnu/7.4.0/lib/libopen-pal.so.40(mca_base_component_close+0x19) [0x2b7e35927419]
 7  /glade/u/apps/ch/opt/openmpi/4.0.3/gnu/7.4.0/lib/libopen-pal.so.40(mca_base_components_close+0x55) [0x2b7e359274a5]
 8  /glade/u/apps/ch/opt/openmpi/4.0.3/gnu/7.4.0/lib/libopen-pal.so.40(+0x7eae3) [0x2b7e3594bae3]
 9  /glade/u/apps/ch/opt/openmpi/4.0.3/gnu/7.4.0/lib/libopen-pal.so.40(mca_base_framework_close+0x67) [0x2b7e35932a87]
10  /glade/u/apps/ch/opt/openmpi/4.0.3/gnu/7.4.0/lib/libopen-pal.so.40(opal_info_close_components+0x29) [0x2b7e359098c9]
11  /glade/u/apps/ch/opt/openmpi/4.0.3/gnu/7.4.0/lib/libmpi.so.40(PMPI_T_finalize+0x35) [0x2b7e3473a595]
12  /glade/scratch/mpotts/gfortran_7.4.0_openmpi_g_develop/lib/libg/Linux.gfortran.64.openmpi.default/libesmf.so(_ZN5ESMCI3VMK8finalizeEi+0x3c8) [0x2b7e30b94a60]
13  /glade/scratch/mpotts/gfortran_7.4.0_openmpi_g_develop/lib/libg/Linux.gfortran.64.openmpi.default/libesmf.so(_ZN5ESMCI2VM8finalizeEP12ESMC_LogicalPi+0x585) [0x2b7e30bb55af]
14  /glade/scratch/mpotts/gfortran_7.4.0_openmpi_g_develop/lib/libg/Linux.gfortran.64.openmpi.default/libesmf.so(c_esmc_vmfinalize_+0x3b) [0x2b7e30b8dd85]
15  /glade/scratch/mpotts/gfortran_7.4.0_openmpi_g_develop/lib/libg/Linux.gfortran.64.openmpi.default/libesmf.so(__esmf_vmmod_MOD_esmf_vmfinalize+0x40) [0x2b7e318839a2]
16  /glade/scratch/mpotts/gfortran_7.4.0_openmpi_g_develop/lib/libg/Linux.gfortran.64.openmpi.default/libesmf.so(__esmf_initmod_MOD_esmf_finalize+0x7dc) [0x2b7e31535ad6]
17  ./ESMF_ArrayScatterGatherEx() [0x4040d2]
18  ./ESMF_ArrayScatterGatherEx() [0x4041f2]
19  /glade/u/apps/ch/os/lib64/libc.so.6(__libc_start_main+0xf5) [0x2b7e352936e5]
20  ./ESMF_ArrayScatterGatherEx() [0x401389]
=================================

Program received signal SIGSEGV: Segmentation fault - invalid memory reference.

Backtrace for this error:
#0  0x2b7e35066aff in ???
#1  0x2b7e358fa3d7 in ???
#2  0x2b7e3f8c9ec0 in ???
#3  0x2b7e35927418 in ???
#4  0x2b7e359274a4 in ???
#5  0x2b7e3594bae2 in ???
#6  0x2b7e35932a86 in ???
#7  0x2b7e359098c8 in ???
#8  0x2b7e3473a594 in ???
#9  0x2b7e30b94a5f in _ZN5ESMCI3VMK8finalizeEi
	at /glade/scratch/mpotts/gfortran_7.4.0_openmpi_g_develop/src/Infrastructure/VM/src/ESMCI_VMKernel.C:678
#10  0x2b7e30bb55ae in _ZN5ESMCI2VM8finalizeEP12ESMC_LogicalPi
	at /glade/scratch/mpotts/gfortran_7.4.0_openmpi_g_develop/src/Infrastructure/VM/src/ESMCI_VM.C:3419
#11  0x2b7e30b8dd84 in c_esmc_vmfinalize_
	at /glade/scratch/mpotts/gfortran_7.4.0_openmpi_g_develop/src/Infrastructure/VM/interface/ESMCI_VM_F.C:1153
#12  0x2b7e318839a1 in __esmf_vmmod_MOD_esmf_vmfinalize
	at /glade/scratch/mpotts/gfortran_7.4.0_openmpi_g_develop/src/Infrastructure/VM/interface/ESMF_VM.F90:9286
#13  0x2b7e31535ad5 in __esmf_initmod_MOD_esmf_finalize
	at /glade/scratch/mpotts/gfortran_7.4.0_openmpi_g_develop/src/Superstructure/ESMFMod/src/ESMF_Init.F90:1012
#14  0x4040d1 in esmf_arrayscattergatherex
	at /glade/scratch/mpotts/gfortran_7.4.0_openmpi_g_develop/src/Infrastructure/Array/examples/ESMF_ArrayScatterGatherEx.F90:330
#15  0x4041f1 in main
	at /glade/scratch/mpotts/gfortran_7.4.0_openmpi_g_develop/src/Infrastructure/Array/examples/ESMF_ArrayScatterGatherEx.F90:20
--------------------------------------------------------------------------
mpirun noticed that process rank 3 with PID 0 on node r14i3n30 exited on signal 11 (Segmentation fault).
--------------------------------------------------------------------------
