build time -- 2021-06-22 05:46:23.603433
 --------------------------------------- 
 Start of ESMF_SCompEx Example
 --------------------------------------- 
  PASS  Example ESMF_SCompEx, ESMF_SCompEx.F90, line 385
  PASS  Example ESMF_SCompEx, ESMF_SCompEx.F90, line 385
 --------------------------------------- 
 End of ESMF_SCompEx Example
 --------------------------------------- 
  PASS  Example ESMF_SCompEx, ESMF_SCompEx.F90, line 385
  PASS  Example ESMF_SCompEx, ESMF_SCompEx.F90, line 385
[r14i3n30:35522:0:35522] Caught signal 11 (Segmentation fault: address not mapped to object at address 0x30)
--------------------------------------------------------------------------
A system call failed during shared memory initialization that should
not have.  It is likely that your MPI job will now either abort or
experience performance degradation.

  Local host:  r14i3n30
  System call: unlink(2) /dev/shm/vader_segment.r14i3n30.5a1b0001.1
  Error:       No such file or directory (errno 2)
--------------------------------------------------------------------------
[r14i3n30:35520:0:35520] Caught signal 11 (Segmentation fault: address not mapped to object at address 0xa0)
[r14i3n30:35519:0:35519] Caught signal 11 (Segmentation fault: address not mapped to object at address 0x30)
--------------------------------------------------------------------------
A system call failed during shared memory initialization that should
not have.  It is likely that your MPI job will now either abort or
experience performance degradation.

  Local host:  r14i3n30
  System call: unlink(2) /dev/shm/vader_segment.r14i3n30.5a1b0001.2
  Error:       No such file or directory (errno 2)
--------------------------------------------------------------------------
[r14i3n30:35521:0:35521] Caught signal 11 (Segmentation fault: address not mapped to object at address 0x30)
--------------------------------------------------------------------------
Primary job  terminated normally, but 1 process returned
a non-zero exit code. Per user-direction, the job has been aborted.
--------------------------------------------------------------------------
--------------------------------------------------------------------------
mpirun noticed that process rank 1 with PID 0 on node r14i3n30 exited on signal 11 (Segmentation fault).
--------------------------------------------------------------------------
 --------------------------------------- 
 Start of ESMF_SCompEx Example
 --------------------------------------- 
  PASS  Example ESMF_SCompEx, ESMF_SCompEx.F90, line 385
  PASS  Example ESMF_SCompEx, ESMF_SCompEx.F90, line 385
 --------------------------------------- 
 End of ESMF_SCompEx Example
 --------------------------------------- 
  PASS  Example ESMF_SCompEx, ESMF_SCompEx.F90, line 385
  PASS  Example ESMF_SCompEx, ESMF_SCompEx.F90, line 385
[r14i3n30:35522:0:35522] Caught signal 11 (Segmentation fault: address not mapped to object at address 0x30)
--------------------------------------------------------------------------
A system call failed during shared memory initialization that should
not have.  It is likely that your MPI job will now either abort or
experience performance degradation.

  Local host:  r14i3n30
  System call: unlink(2) /dev/shm/vader_segment.r14i3n30.5a1b0001.1
  Error:       No such file or directory (errno 2)
--------------------------------------------------------------------------
[r14i3n30:35520:0:35520] Caught signal 11 (Segmentation fault: address not mapped to object at address 0xa0)
[r14i3n30:35519:0:35519] Caught signal 11 (Segmentation fault: address not mapped to object at address 0x30)
--------------------------------------------------------------------------
A system call failed during shared memory initialization that should
not have.  It is likely that your MPI job will now either abort or
experience performance degradation.

  Local host:  r14i3n30
  System call: unlink(2) /dev/shm/vader_segment.r14i3n30.5a1b0001.2
  Error:       No such file or directory (errno 2)
--------------------------------------------------------------------------
[r14i3n30:35521:0:35521] Caught signal 11 (Segmentation fault: address not mapped to object at address 0x30)
--------------------------------------------------------------------------
Primary job  terminated normally, but 1 process returned
a non-zero exit code. Per user-direction, the job has been aborted.
--------------------------------------------------------------------------
--------------------------------------------------------------------------
mpirun noticed that process rank 1 with PID 0 on node r14i3n30 exited on signal 11 (Segmentation fault).
--------------------------------------------------------------------------
