build time -- 2021-06-22 05:46:23.603433
  PASS  Example ESMF_RHandleReusabilityEx, ESMF_RHandleReusabilityEx.F90, line 582
  PASS  Example ESMF_RHandleReusabilityEx, ESMF_RHandleReusabilityEx.F90, line 582
  PASS  Example ESMF_RHandleReusabilityEx, ESMF_RHandleReusabilityEx.F90, line 582
  PASS  Example ESMF_RHandleReusabilityEx, ESMF_RHandleReusabilityEx.F90, line 582
[r14i3n30:71711:0:71711] Caught signal 11 (Segmentation fault: address not mapped to object at address 0x30)
[r14i3n30:71713:0:71713] Caught signal 11 (Segmentation fault: address not mapped to object at address 0x30)
[r14i3n30:71710:0:71710] Caught signal 11 (Segmentation fault: address not mapped to object at address 0x30)
[r14i3n30:71712:0:71712] Caught signal 11 (Segmentation fault: address not mapped to object at address 0x30)
--------------------------------------------------------------------------
Primary job  terminated normally, but 1 process returned
a non-zero exit code. Per user-direction, the job has been aborted.
--------------------------------------------------------------------------
--------------------------------------------------------------------------
mpirun noticed that process rank 1 with PID 0 on node r14i3n30 exited on signal 11 (Segmentation fault).
--------------------------------------------------------------------------
  PASS  Example ESMF_RHandleReusabilityEx, ESMF_RHandleReusabilityEx.F90, line 582
  PASS  Example ESMF_RHandleReusabilityEx, ESMF_RHandleReusabilityEx.F90, line 582
  PASS  Example ESMF_RHandleReusabilityEx, ESMF_RHandleReusabilityEx.F90, line 582
  PASS  Example ESMF_RHandleReusabilityEx, ESMF_RHandleReusabilityEx.F90, line 582
[r14i3n30:71711:0:71711] Caught signal 11 (Segmentation fault: address not mapped to object at address 0x30)
[r14i3n30:71713:0:71713] Caught signal 11 (Segmentation fault: address not mapped to object at address 0x30)
[r14i3n30:71710:0:71710] Caught signal 11 (Segmentation fault: address not mapped to object at address 0x30)
[r14i3n30:71712:0:71712] Caught signal 11 (Segmentation fault: address not mapped to object at address 0x30)
--------------------------------------------------------------------------
Primary job  terminated normally, but 1 process returned
a non-zero exit code. Per user-direction, the job has been aborted.
--------------------------------------------------------------------------
--------------------------------------------------------------------------
mpirun noticed that process rank 1 with PID 0 on node r14i3n30 exited on signal 11 (Segmentation fault).
--------------------------------------------------------------------------
