build time -- 2021-06-20 05:46:41.612367
 got same values back from GetInternalState as original
 got same values back from GetInternalState as original
 got same values back from GetInternalState as original
 got same values back from GetInternalState as original
  PASS  Example ESMF_InternalStateEx, ESMF_InternalStateEx.F90, line 132
  PASS  Example ESMF_InternalStateEx, ESMF_InternalStateEx.F90, line 132
  PASS  Example ESMF_InternalStateEx, ESMF_InternalStateEx.F90, line 132
  PASS  Example ESMF_InternalStateEx, ESMF_InternalStateEx.F90, line 132
[r4i3n27:41511:0:41511] Caught signal 11 (Segmentation fault: address not mapped to object at address 0x30)
--------------------------------------------------------------------------
A system call failed during shared memory initialization that should
not have.  It is likely that your MPI job will now either abort or
experience performance degradation.

  Local host:  r4i3n27
  System call: unlink(2) /dev/shm/vader_segment.r4i3n27.9e610001.3
  Error:       No such file or directory (errno 2)
--------------------------------------------------------------------------
[r4i3n27:41513:0:41513] Caught signal 11 (Segmentation fault: address not mapped to object at address 0x30)
--------------------------------------------------------------------------
A system call failed during shared memory initialization that should
not have.  It is likely that your MPI job will now either abort or
experience performance degradation.

  Local host:  r4i3n27
  System call: unlink(2) /dev/shm/vader_segment.r4i3n27.9e610001.2
  Error:       No such file or directory (errno 2)
--------------------------------------------------------------------------
--------------------------------------------------------------------------
A system call failed during shared memory initialization that should
not have.  It is likely that your MPI job will now either abort or
experience performance degradation.

  Local host:  r4i3n27
  System call: unlink(2) /dev/shm/vader_segment.r4i3n27.9e610001.0
  Error:       No such file or directory (errno 2)
--------------------------------------------------------------------------
[r4i3n27:41512:0:41512] Caught signal 11 (Segmentation fault: address not mapped to object at address 0x40)
[r4i3n27:41510:0:41510] Caught signal 11 (Segmentation fault: address not mapped to object at address 0x40)
--------------------------------------------------------------------------
Primary job  terminated normally, but 1 process returned
a non-zero exit code. Per user-direction, the job has been aborted.
--------------------------------------------------------------------------
--------------------------------------------------------------------------
mpirun noticed that process rank 1 with PID 0 on node r4i3n27 exited on signal 11 (Segmentation fault).
--------------------------------------------------------------------------
 got same values back from GetInternalState as original
 got same values back from GetInternalState as original
 got same values back from GetInternalState as original
 got same values back from GetInternalState as original
  PASS  Example ESMF_InternalStateEx, ESMF_InternalStateEx.F90, line 132
  PASS  Example ESMF_InternalStateEx, ESMF_InternalStateEx.F90, line 132
  PASS  Example ESMF_InternalStateEx, ESMF_InternalStateEx.F90, line 132
  PASS  Example ESMF_InternalStateEx, ESMF_InternalStateEx.F90, line 132
[r4i3n27:41511:0:41511] Caught signal 11 (Segmentation fault: address not mapped to object at address 0x30)
--------------------------------------------------------------------------
A system call failed during shared memory initialization that should
not have.  It is likely that your MPI job will now either abort or
experience performance degradation.

  Local host:  r4i3n27
  System call: unlink(2) /dev/shm/vader_segment.r4i3n27.9e610001.3
  Error:       No such file or directory (errno 2)
--------------------------------------------------------------------------
[r4i3n27:41513:0:41513] Caught signal 11 (Segmentation fault: address not mapped to object at address 0x30)
--------------------------------------------------------------------------
A system call failed during shared memory initialization that should
not have.  It is likely that your MPI job will now either abort or
experience performance degradation.

  Local host:  r4i3n27
  System call: unlink(2) /dev/shm/vader_segment.r4i3n27.9e610001.2
  Error:       No such file or directory (errno 2)
--------------------------------------------------------------------------
--------------------------------------------------------------------------
A system call failed during shared memory initialization that should
not have.  It is likely that your MPI job will now either abort or
experience performance degradation.

  Local host:  r4i3n27
  System call: unlink(2) /dev/shm/vader_segment.r4i3n27.9e610001.0
  Error:       No such file or directory (errno 2)
--------------------------------------------------------------------------
[r4i3n27:41512:0:41512] Caught signal 11 (Segmentation fault: address not mapped to object at address 0x40)
[r4i3n27:41510:0:41510] Caught signal 11 (Segmentation fault: address not mapped to object at address 0x40)
--------------------------------------------------------------------------
Primary job  terminated normally, but 1 process returned
a non-zero exit code. Per user-direction, the job has been aborted.
--------------------------------------------------------------------------
--------------------------------------------------------------------------
mpirun noticed that process rank 1 with PID 0 on node r4i3n27 exited on signal 11 (Segmentation fault).
--------------------------------------------------------------------------
