build time -- 2021-06-18 05:46:10.819995
 gregorianCalendar is of type ESMF_CALKIND_GREGORIAN.
 Gregorian date 2004/4/17 is               2453113  days in the Julian Day calendar.
 For Mars, 3 solar years, 100 sols + 1 solar year =         2774 sols.
  PASS  Example CalendarEx, ESMF_CalendarEx.F90, line 217
[r1i4n34:21306:0:21306] Caught signal 11 (Segmentation fault: address not mapped to object at address 0x30)
--------------------------------------------------------------------------
Primary job  terminated normally, but 1 process returned
a non-zero exit code. Per user-direction, the job has been aborted.
--------------------------------------------------------------------------
--------------------------------------------------------------------------
mpirun noticed that process rank 0 with PID 0 on node r1i4n34 exited on signal 11 (Segmentation fault).
--------------------------------------------------------------------------
 gregorianCalendar is of type ESMF_CALKIND_GREGORIAN.
 Gregorian date 2004/4/17 is               2453113  days in the Julian Day calendar.
 For Mars, 3 solar years, 100 sols + 1 solar year =         2774 sols.
  PASS  Example CalendarEx, ESMF_CalendarEx.F90, line 217
[r1i4n34:21306:0:21306] Caught signal 11 (Segmentation fault: address not mapped to object at address 0x30)
--------------------------------------------------------------------------
Primary job  terminated normally, but 1 process returned
a non-zero exit code. Per user-direction, the job has been aborted.
--------------------------------------------------------------------------
--------------------------------------------------------------------------
mpirun noticed that process rank 0 with PID 0 on node r1i4n34 exited on signal 11 (Segmentation fault).
--------------------------------------------------------------------------
