build time -- 2021-06-22 05:46:23.603433
 Regridding through XGrid example returned
  PASS  Example ESMF_XGridEx, ESMF_XGridEx.F90, line 525
 Regridding through XGrid example returned
  PASS  Example ESMF_XGridEx, ESMF_XGridEx.F90, line 525
 Regridding through XGrid example returned
  PASS  Example ESMF_XGridEx, ESMF_XGridEx.F90, line 525
 Regridding through XGrid example returned
  PASS  Example ESMF_XGridEx, ESMF_XGridEx.F90, line 525
[r14i3n30:19968:0:19968] Caught signal 11 (Segmentation fault: address not mapped to object at address 0x30)
--------------------------------------------------------------------------
A system call failed during shared memory initialization that should
not have.  It is likely that your MPI job will now either abort or
experience performance degradation.

  Local host:  r14i3n30
  System call: unlink(2) /dev/shm/vader_segment.r14i3n30.9d5b0001.0
  Error:       No such file or directory (errno 2)
--------------------------------------------------------------------------
--------------------------------------------------------------------------
A system call failed during shared memory initialization that should
not have.  It is likely that your MPI job will now either abort or
experience performance degradation.

  Local host:  r14i3n30
  System call: unlink(2) /dev/shm/vader_segment.r14i3n30.9d5b0001.2
  Error:       No such file or directory (errno 2)
--------------------------------------------------------------------------
[r14i3n30:19969:0:19969] Caught signal 11 (Segmentation fault: address not mapped to object at address 0xa0)
[r14i3n30:19967:0:19967] Caught signal 11 (Segmentation fault: address not mapped to object at address 0x30)
--------------------------------------------------------------------------
A system call failed during shared memory initialization that should
not have.  It is likely that your MPI job will now either abort or
experience performance degradation.

  Local host:  r14i3n30
  System call: unlink(2) /dev/shm/vader_segment.r14i3n30.9d5b0001.3
  Error:       No such file or directory (errno 2)
--------------------------------------------------------------------------
[r14i3n30:19970:0:19970] Caught signal 11 (Segmentation fault: address not mapped to object at address 0x30)
--------------------------------------------------------------------------
Primary job  terminated normally, but 1 process returned
a non-zero exit code. Per user-direction, the job has been aborted.
--------------------------------------------------------------------------
--------------------------------------------------------------------------
mpirun noticed that process rank 1 with PID 0 on node r14i3n30 exited on signal 11 (Segmentation fault).
--------------------------------------------------------------------------
 Regridding through XGrid example returned
  PASS  Example ESMF_XGridEx, ESMF_XGridEx.F90, line 525
 Regridding through XGrid example returned
  PASS  Example ESMF_XGridEx, ESMF_XGridEx.F90, line 525
 Regridding through XGrid example returned
  PASS  Example ESMF_XGridEx, ESMF_XGridEx.F90, line 525
 Regridding through XGrid example returned
  PASS  Example ESMF_XGridEx, ESMF_XGridEx.F90, line 525
[r14i3n30:19968:0:19968] Caught signal 11 (Segmentation fault: address not mapped to object at address 0x30)
--------------------------------------------------------------------------
A system call failed during shared memory initialization that should
not have.  It is likely that your MPI job will now either abort or
experience performance degradation.

  Local host:  r14i3n30
  System call: unlink(2) /dev/shm/vader_segment.r14i3n30.9d5b0001.0
  Error:       No such file or directory (errno 2)
--------------------------------------------------------------------------
--------------------------------------------------------------------------
A system call failed during shared memory initialization that should
not have.  It is likely that your MPI job will now either abort or
experience performance degradation.

  Local host:  r14i3n30
  System call: unlink(2) /dev/shm/vader_segment.r14i3n30.9d5b0001.2
  Error:       No such file or directory (errno 2)
--------------------------------------------------------------------------
[r14i3n30:19969:0:19969] Caught signal 11 (Segmentation fault: address not mapped to object at address 0xa0)
[r14i3n30:19967:0:19967] Caught signal 11 (Segmentation fault: address not mapped to object at address 0x30)
--------------------------------------------------------------------------
A system call failed during shared memory initialization that should
not have.  It is likely that your MPI job will now either abort or
experience performance degradation.

  Local host:  r14i3n30
  System call: unlink(2) /dev/shm/vader_segment.r14i3n30.9d5b0001.3
  Error:       No such file or directory (errno 2)
--------------------------------------------------------------------------
[r14i3n30:19970:0:19970] Caught signal 11 (Segmentation fault: address not mapped to object at address 0x30)
--------------------------------------------------------------------------
Primary job  terminated normally, but 1 process returned
a non-zero exit code. Per user-direction, the job has been aborted.
--------------------------------------------------------------------------
--------------------------------------------------------------------------
mpirun noticed that process rank 1 with PID 0 on node r14i3n30 exited on signal 11 (Segmentation fault).
--------------------------------------------------------------------------
