build time -- 2021-06-21 05:47:07.577451
           1 -           1           2 -           3           2 -   0.00000000       0.00000000       0.00000000    
           2 -           1           3 -           3           3 -   0.00000000       2.25000000       0.00000000    
           3 -           1           4 -           3           4 -   0.00000000       0.00000000       3.09999990    
           0 -           1           1 -           3           1 -   0.00000000       0.00000000       1.30000007    
  PASS  Example ESMF_FieldSMMEx, ESMF_FieldSMMEx.F90, line 419
  PASS  Example ESMF_FieldSMMEx, ESMF_FieldSMMEx.F90, line 419
  PASS  Example ESMF_FieldSMMEx, ESMF_FieldSMMEx.F90, line 419
  PASS  Example ESMF_FieldSMMEx, ESMF_FieldSMMEx.F90, line 419
[r14i5n21:7280 :0:7280] Caught signal 11 (Segmentation fault: address not mapped to object at address 0x30)
--------------------------------------------------------------------------
A system call failed during shared memory initialization that should
not have.  It is likely that your MPI job will now either abort or
experience performance degradation.

  Local host:  r14i5n21
  System call: unlink(2) /dev/shm/vader_segment.r14i5n21.393d0001.0
  Error:       No such file or directory (errno 2)
--------------------------------------------------------------------------
--------------------------------------------------------------------------
A system call failed during shared memory initialization that should
not have.  It is likely that your MPI job will now either abort or
experience performance degradation.

  Local host:  r14i5n21
  System call: unlink(2) /dev/shm/vader_segment.r14i5n21.393d0001.2
  Error:       No such file or directory (errno 2)
--------------------------------------------------------------------------
[r14i5n21:7279 :0:7279] Caught signal 11 (Segmentation fault: address not mapped to object at address 0x30)
[r14i5n21:7281 :0:7281] Caught signal 11 (Segmentation fault: address not mapped to object at address 0x30)
--------------------------------------------------------------------------
A system call failed during shared memory initialization that should
not have.  It is likely that your MPI job will now either abort or
experience performance degradation.

  Local host:  r14i5n21
  System call: unlink(2) /dev/shm/vader_segment.r14i5n21.393d0001.3
  Error:       No such file or directory (errno 2)
--------------------------------------------------------------------------
[r14i5n21:7282 :0:7282] Caught signal 11 (Segmentation fault: address not mapped to object at address 0x70)
--------------------------------------------------------------------------
Primary job  terminated normally, but 1 process returned
a non-zero exit code. Per user-direction, the job has been aborted.
--------------------------------------------------------------------------
--------------------------------------------------------------------------
mpirun noticed that process rank 1 with PID 0 on node r14i5n21 exited on signal 11 (Segmentation fault).
--------------------------------------------------------------------------
