build time -- 2021-06-16 05:48:36.449432
--- ESMCI::VM::print() start ---
--- ESMCI::VM::print() start ---
--- ESMCI::VM::print() start ---
--- ESMCI::VMId::print() start ---
  vmKeyWidth = 1
--- ESMCI::VM::print() start ---
--- ESMCI::VMId::print() start ---
--- ESMCI::VMId::print() start ---
  vmKeyWidth = 1
  vmKey=0xF0000000
  localID = 0
--- ESMCI::VMId::print() end ---
--- ESMCI::VMId::print() start ---
  vmKeyWidth = 1
  vmKey=0xF0000000
  localID = 0
--- ESMCI::VMId::print() end ---
  vmKey=0xF0000000
  localID = 0
--- ESMCI::VMId::print() end ---
--- VMK::print() start ---
vm located at: 0xac6fd0
npets = 4, mypet=2
  vmKeyWidth = 1
  vmKey=0xF0000000
  localID = 0
--- ESMCI::VMId::print() end ---
  pth_mutex =		 0xc23630
  pth_finish_count =	 (nil)
MPI_Comm_size: 4
MPI_Comm_rank in local MPI communicator: 2
MPI_Comm_rank in MPI_COMM_WORLD: 2
MPI thread level support: 3
mpi_mutex_flag: 0
mpionly: 1
threadsflag: 0
  lpid[0]=0, tid[0]=0, vas[0]=0, ncpet[0]=1, nadevs[0]=0, cid[0][0]=0
  lpid[1]=1, tid[1]=0, vas[1]=1, ncpet[1]=1, nadevs[1]=0, cid[1][0]=1
  lpid[2]=2, tid[2]=0, vas[2]=2, ncpet[2]=1, nadevs[2]=0, cid[2][0]=2
  lpid[3]=3, tid[3]=0, vas[3]=3, ncpet[3]=1, nadevs[3]=0, cid[3][0]=3
ncores = 4
  cpuid[0]=0, ssiid[0]=0
  cpuid[1]=1, ssiid[1]=0
  cpuid[2]=2, ssiid[2]=0
  cpuid[3]=3, ssiid[3]=0
--- VMK::print() end ---
--- ESMCI::VM::print() end ---
 This PET is localPet:            2
 of a total of            4  PETs in this VM.
 There are            4  PEs referenced by this VM
 This PET is executing in virtual address space (VAS)            2
 located on single system image (SSI)            0
 and is associated with            1  PEs.
  PASS  Example ESMF_VMDefaultBasicsEx, ESMF_VMDefaultBasicsEx.F90, line 107
--- VMK::print() start ---
vm located at: 0x800fd0
npets = 4, mypet=0
  pth_mutex =		 0x95d200
  pth_finish_count =	 (nil)
MPI_Comm_size: 4
MPI_Comm_rank in local MPI communicator: 0
MPI_Comm_rank in MPI_COMM_WORLD: 0
MPI thread level support: 3
mpi_mutex_flag: 0
mpionly: 1
threadsflag: 0
  lpid[0]=0, tid[0]=0, vas[0]=0, ncpet[0]=1, nadevs[0]=0, cid[0][0]=0
  lpid[1]=1, tid[1]=0, vas[1]=1, ncpet[1]=1, nadevs[1]=0, cid[1][0]=1
  lpid[2]=2, tid[2]=0, vas[2]=2, ncpet[2]=1, nadevs[2]=0, cid[2][0]=2
  lpid[3]=3, tid[3]=0, vas[3]=3, ncpet[3]=1, nadevs[3]=0, cid[3][0]=3
ncores = 4
  cpuid[0]=0, ssiid[0]=0
  cpuid[1]=1, ssiid[1]=0
  cpuid[2]=2, ssiid[2]=0
  cpuid[3]=3, ssiid[3]=0
--- VMK::print() end ---
--- ESMCI::VM::print() end ---
 This PET is localPet:            0
 of a total of            4  PETs in this VM.
 There are            4  PEs referenced by this VM
 This PET is executing in virtual address space (VAS)            0
 located on single system image (SSI)            0
 and is associated with            1  PEs.
  PASS  Example ESMF_VMDefaultBasicsEx, ESMF_VMDefaultBasicsEx.F90, line 107
--- VMK::print() start ---
vm located at: 0x2322fd0
npets = 4, mypet=1
  pth_mutex =		 0x247e350
  pth_finish_count =	 (nil)
MPI_Comm_size: 4
MPI_Comm_rank in local MPI communicator: 1
MPI_Comm_rank in MPI_COMM_WORLD: 1
MPI thread level support: 3
mpi_mutex_flag: 0
mpionly: 1
threadsflag: 0
  lpid[0]=0, tid[0]=0, vas[0]=0, ncpet[0]=1, nadevs[0]=0, cid[0][0]=0
  lpid[1]=1, tid[1]=0, vas[1]=1, ncpet[1]=1, nadevs[1]=0, cid[1][0]=1
  lpid[2]=2, tid[2]=0, vas[2]=2, ncpet[2]=1, nadevs[2]=0, cid[2][0]=2
  lpid[3]=3, tid[3]=0, vas[3]=3, ncpet[3]=1, nadevs[3]=0, cid[3][0]=3
ncores = 4
  cpuid[0]=0, ssiid[0]=0
  cpuid[1]=1, ssiid[1]=0
  cpuid[2]=2, ssiid[2]=0
  cpuid[3]=3, ssiid[3]=0
--- VMK::print() end ---
--- ESMCI::VM::print() end ---
 This PET is localPet:            1
 of a total of            4  PETs in this VM.
 There are            4  PEs referenced by this VM
 This PET is executing in virtual address space (VAS)            1
 located on single system image (SSI)            0
 and is associated with            1  PEs.
--- VMK::print() start ---
vm located at: 0x100cfd0
npets = 4, mypet=3
  pth_mutex =		 0x1169670
  pth_finish_count =	 (nil)
MPI_Comm_size: 4
MPI_Comm_rank in local MPI communicator: 3
MPI_Comm_rank in MPI_COMM_WORLD: 3
MPI thread level support: 3
mpi_mutex_flag: 0
mpionly: 1
threadsflag: 0
  lpid[0]=0, tid[0]=0, vas[0]=0, ncpet[0]=1, nadevs[0]=0, cid[0][0]=0
  lpid[1]=1, tid[1]=0, vas[1]=1, ncpet[1]=1, nadevs[1]=0, cid[1][0]=1
  lpid[2]=2, tid[2]=0, vas[2]=2, ncpet[2]=1, nadevs[2]=0, cid[2][0]=2
  lpid[3]=3, tid[3]=0, vas[3]=3, ncpet[3]=1, nadevs[3]=0, cid[3][0]=3
ncores = 4
  cpuid[0]=0, ssiid[0]=0
  cpuid[1]=1, ssiid[1]=0
  cpuid[2]=2, ssiid[2]=0
  cpuid[3]=3, ssiid[3]=0
--- VMK::print() end ---
--- ESMCI::VM::print() end ---
 This PET is localPet:            3
 of a total of            4  PETs in this VM.
 There are            4  PEs referenced by this VM
 This PET is executing in virtual address space (VAS)            3
 located on single system image (SSI)            0
 and is associated with            1  PEs.
  PASS  Example ESMF_VMDefaultBasicsEx, ESMF_VMDefaultBasicsEx.F90, line 107
  PASS  Example ESMF_VMDefaultBasicsEx, ESMF_VMDefaultBasicsEx.F90, line 107
[r1i4n34:19684:0:19684] Caught signal 11 (Segmentation fault: address not mapped to object at address 0x30)
--------------------------------------------------------------------------
A system call failed during shared memory initialization that should
not have.  It is likely that your MPI job will now either abort or
experience performance degradation.

  Local host:  r1i4n34
  System call: unlink(2) /dev/shm/vader_segment.r1i4n34.91b60001.3
  Error:       No such file or directory (errno 2)
--------------------------------------------------------------------------
--------------------------------------------------------------------------
A system call failed during shared memory initialization that should
not have.  It is likely that your MPI job will now either abort or
experience performance degradation.

  Local host:  r1i4n34
  System call: unlink(2) /dev/shm/vader_segment.r1i4n34.91b60001.1
  Error:       No such file or directory (errno 2)
--------------------------------------------------------------------------
[r1i4n34:19685:0:19685] Caught signal 11 (Segmentation fault: Sent by the kernel at address (nil))
[r1i4n34:19687:0:19687] Caught signal 11 (Segmentation fault: address not mapped to object at address 0x30)
--------------------------------------------------------------------------
A system call failed during shared memory initialization that should
not have.  It is likely that your MPI job will now either abort or
experience performance degradation.

  Local host:  r1i4n34
  System call: unlink(2) /dev/shm/vader_segment.r1i4n34.91b60001.2
  Error:       No such file or directory (errno 2)
--------------------------------------------------------------------------
[r1i4n34:19686:0:19686] Caught signal 11 (Segmentation fault: address not mapped to object at address 0xf0)
--------------------------------------------------------------------------
Primary job  terminated normally, but 1 process returned
a non-zero exit code. Per user-direction, the job has been aborted.
--------------------------------------------------------------------------
==== backtrace (tid:  19685) ====
 0  /glade/u/apps/ch/opt/ucx/1.8.0/lib/libucs.so.0(ucs_handle_error+0x19c) [0x2aee0c02322c]
 1  /glade/u/apps/ch/opt/ucx/1.8.0/lib/libucs.so.0(+0x2355c) [0x2aee0c02355c]
 2  /glade/u/apps/ch/opt/ucx/1.8.0/lib/libucs.so.0(+0x237cb) [0x2aee0c0237cb]
 3  /glade/u/apps/ch/os/lib64/libpthread.so.0(+0x10b00) [0x2aedfbf48b00]
 4  /glade/u/apps/ch/opt/openmpi/4.0.3/gnu/7.4.0/lib/libopen-pal.so.40(+0x2d3d7) [0x2aedfc7dc3d7]
 5  /glade/u/apps/ch/opt/openmpi/4.0.3/gnu/7.4.0/lib/openmpi/mca_btl_vader.so(+0x3ec1) [0x2aee06655ec1]
 6  /glade/u/apps/ch/opt/openmpi/4.0.3/gnu/7.4.0/lib/libopen-pal.so.40(mca_base_component_close+0x19) [0x2aedfc809419]
 7  /glade/u/apps/ch/opt/openmpi/4.0.3/gnu/7.4.0/lib/libopen-pal.so.40(mca_base_components_close+0x55) [0x2aedfc8094a5]
 8  /glade/u/apps/ch/opt/openmpi/4.0.3/gnu/7.4.0/lib/libopen-pal.so.40(+0x7eae3) [0x2aedfc82dae3]
 9  /glade/u/apps/ch/opt/openmpi/4.0.3/gnu/7.4.0/lib/libopen-pal.so.40(mca_base_framework_close+0x67) [0x2aedfc814a87]
10  /glade/u/apps/ch/opt/openmpi/4.0.3/gnu/7.4.0/lib/libopen-pal.so.40(opal_info_close_components+0x29) [0x2aedfc7eb8c9]
11  /glade/u/apps/ch/opt/openmpi/4.0.3/gnu/7.4.0/lib/libmpi.so.40(PMPI_T_finalize+0x35) [0x2aedfb61c595]
12  /glade/scratch/mpotts/gfortran_7.4.0_openmpi_g_develop/lib/libg/Linux.gfortran.64.openmpi.default/libesmf.so(_ZN5ESMCI3VMK8finalizeEi+0x3c8) [0x2aedf7a769f0]
13  /glade/scratch/mpotts/gfortran_7.4.0_openmpi_g_develop/lib/libg/Linux.gfortran.64.openmpi.default/libesmf.so(_ZN5ESMCI2VM8finalizeEP12ESMC_LogicalPi+0x585) [0x2aedf7a97381]
14  /glade/scratch/mpotts/gfortran_7.4.0_openmpi_g_develop/lib/libg/Linux.gfortran.64.openmpi.default/libesmf.so(c_esmc_vmfinalize_+0x3b) [0x2aedf7a6fd15]
15  /glade/scratch/mpotts/gfortran_7.4.0_openmpi_g_develop/lib/libg/Linux.gfortran.64.openmpi.default/libesmf.so(__esmf_vmmod_MOD_esmf_vmfinalize+0x40) [0x2aedf8765774]
16  /glade/scratch/mpotts/gfortran_7.4.0_openmpi_g_develop/lib/libg/Linux.gfortran.64.openmpi.default/libesmf.so(__esmf_initmod_MOD_esmf_finalize+0x7dc) [0x2aedf84178a8]
17  ./ESMF_VMDefaultBasicsEx() [0x4015a4]
18  ./ESMF_VMDefaultBasicsEx() [0x4016c0]
19  /glade/u/apps/ch/os/lib64/libc.so.6(__libc_start_main+0xf5) [0x2aedfc1756e5]
20  ./ESMF_VMDefaultBasicsEx() [0x400db9]
=================================

Program received signal SIGSEGV: Segmentation fault - invalid memory reference.

Backtrace for this error:
#0  0x2aedfbf48aff in ???
#1  0x2aedfc7dc3d7 in ???
#2  0x2aee06655ec0 in ???
#3  0x2aedfc809418 in ???
#4  0x2aedfc8094a4 in ???
#5  0x2aedfc82dae2 in ???
#6  0x2aedfc814a86 in ???
#7  0x2aedfc7eb8c8 in ???
#8  0x2aedfb61c594 in ???
#9  0x2aedf7a769ef in _ZN5ESMCI3VMK8finalizeEi
	at /glade/scratch/mpotts/gfortran_7.4.0_openmpi_g_develop/src/Infrastructure/VM/src/ESMCI_VMKernel.C:678
#10  0x2aedf7a97380 in _ZN5ESMCI2VM8finalizeEP12ESMC_LogicalPi
	at /glade/scratch/mpotts/gfortran_7.4.0_openmpi_g_develop/src/Infrastructure/VM/src/ESMCI_VM.C:3419
#11  0x2aedf7a6fd14 in c_esmc_vmfinalize_
	at /glade/scratch/mpotts/gfortran_7.4.0_openmpi_g_develop/src/Infrastructure/VM/interface/ESMCI_VM_F.C:1153
#12  0x2aedf8765773 in __esmf_vmmod_MOD_esmf_vmfinalize
	at /glade/scratch/mpotts/gfortran_7.4.0_openmpi_g_develop/src/Infrastructure/VM/interface/ESMF_VM.F90:9286
#13  0x2aedf84178a7 in __esmf_initmod_MOD_esmf_finalize
	at /glade/scratch/mpotts/gfortran_7.4.0_openmpi_g_develop/src/Superstructure/ESMFMod/src/ESMF_Init.F90:1012
#14  0x4015a3 in esmf_vmdefaultbasicsex
	at /glade/scratch/mpotts/gfortran_7.4.0_openmpi_g_develop/src/Infrastructure/VM/examples/ESMF_VMDefaultBasicsEx.F90:109
#15  0x4016bf in main
	at /glade/scratch/mpotts/gfortran_7.4.0_openmpi_g_develop/src/Infrastructure/VM/examples/ESMF_VMDefaultBasicsEx.F90:39
--------------------------------------------------------------------------
mpirun noticed that process rank 0 with PID 0 on node r1i4n34 exited on signal 11 (Segmentation fault).
--------------------------------------------------------------------------
--- ESMCI::VM::print() start ---
--- ESMCI::VM::print() start ---
--- ESMCI::VM::print() start ---
--- ESMCI::VMId::print() start ---
  vmKeyWidth = 1
--- ESMCI::VM::print() start ---
--- ESMCI::VMId::print() start ---
--- ESMCI::VMId::print() start ---
  vmKeyWidth = 1
  vmKey=0xF0000000
  localID = 0
--- ESMCI::VMId::print() end ---
--- ESMCI::VMId::print() start ---
  vmKeyWidth = 1
  vmKey=0xF0000000
  localID = 0
--- ESMCI::VMId::print() end ---
  vmKey=0xF0000000
  localID = 0
--- ESMCI::VMId::print() end ---
--- VMK::print() start ---
vm located at: 0xac6fd0
npets = 4, mypet=2
  vmKeyWidth = 1
  vmKey=0xF0000000
  localID = 0
--- ESMCI::VMId::print() end ---
  pth_mutex =		 0xc23630
  pth_finish_count =	 (nil)
MPI_Comm_size: 4
MPI_Comm_rank in local MPI communicator: 2
MPI_Comm_rank in MPI_COMM_WORLD: 2
MPI thread level support: 3
mpi_mutex_flag: 0
mpionly: 1
threadsflag: 0
  lpid[0]=0, tid[0]=0, vas[0]=0, ncpet[0]=1, nadevs[0]=0, cid[0][0]=0
  lpid[1]=1, tid[1]=0, vas[1]=1, ncpet[1]=1, nadevs[1]=0, cid[1][0]=1
  lpid[2]=2, tid[2]=0, vas[2]=2, ncpet[2]=1, nadevs[2]=0, cid[2][0]=2
  lpid[3]=3, tid[3]=0, vas[3]=3, ncpet[3]=1, nadevs[3]=0, cid[3][0]=3
ncores = 4
  cpuid[0]=0, ssiid[0]=0
  cpuid[1]=1, ssiid[1]=0
  cpuid[2]=2, ssiid[2]=0
  cpuid[3]=3, ssiid[3]=0
--- VMK::print() end ---
--- ESMCI::VM::print() end ---
 This PET is localPet:            2
 of a total of            4  PETs in this VM.
 There are            4  PEs referenced by this VM
 This PET is executing in virtual address space (VAS)            2
 located on single system image (SSI)            0
 and is associated with            1  PEs.
  PASS  Example ESMF_VMDefaultBasicsEx, ESMF_VMDefaultBasicsEx.F90, line 107
--- VMK::print() start ---
vm located at: 0x800fd0
npets = 4, mypet=0
  pth_mutex =		 0x95d200
  pth_finish_count =	 (nil)
MPI_Comm_size: 4
MPI_Comm_rank in local MPI communicator: 0
MPI_Comm_rank in MPI_COMM_WORLD: 0
MPI thread level support: 3
mpi_mutex_flag: 0
mpionly: 1
threadsflag: 0
  lpid[0]=0, tid[0]=0, vas[0]=0, ncpet[0]=1, nadevs[0]=0, cid[0][0]=0
  lpid[1]=1, tid[1]=0, vas[1]=1, ncpet[1]=1, nadevs[1]=0, cid[1][0]=1
  lpid[2]=2, tid[2]=0, vas[2]=2, ncpet[2]=1, nadevs[2]=0, cid[2][0]=2
  lpid[3]=3, tid[3]=0, vas[3]=3, ncpet[3]=1, nadevs[3]=0, cid[3][0]=3
ncores = 4
  cpuid[0]=0, ssiid[0]=0
  cpuid[1]=1, ssiid[1]=0
  cpuid[2]=2, ssiid[2]=0
  cpuid[3]=3, ssiid[3]=0
--- VMK::print() end ---
--- ESMCI::VM::print() end ---
 This PET is localPet:            0
 of a total of            4  PETs in this VM.
 There are            4  PEs referenced by this VM
 This PET is executing in virtual address space (VAS)            0
 located on single system image (SSI)            0
 and is associated with            1  PEs.
  PASS  Example ESMF_VMDefaultBasicsEx, ESMF_VMDefaultBasicsEx.F90, line 107
--- VMK::print() start ---
vm located at: 0x2322fd0
npets = 4, mypet=1
  pth_mutex =		 0x247e350
  pth_finish_count =	 (nil)
MPI_Comm_size: 4
MPI_Comm_rank in local MPI communicator: 1
MPI_Comm_rank in MPI_COMM_WORLD: 1
MPI thread level support: 3
mpi_mutex_flag: 0
mpionly: 1
threadsflag: 0
  lpid[0]=0, tid[0]=0, vas[0]=0, ncpet[0]=1, nadevs[0]=0, cid[0][0]=0
  lpid[1]=1, tid[1]=0, vas[1]=1, ncpet[1]=1, nadevs[1]=0, cid[1][0]=1
  lpid[2]=2, tid[2]=0, vas[2]=2, ncpet[2]=1, nadevs[2]=0, cid[2][0]=2
  lpid[3]=3, tid[3]=0, vas[3]=3, ncpet[3]=1, nadevs[3]=0, cid[3][0]=3
ncores = 4
  cpuid[0]=0, ssiid[0]=0
  cpuid[1]=1, ssiid[1]=0
  cpuid[2]=2, ssiid[2]=0
  cpuid[3]=3, ssiid[3]=0
--- VMK::print() end ---
--- ESMCI::VM::print() end ---
 This PET is localPet:            1
 of a total of            4  PETs in this VM.
 There are            4  PEs referenced by this VM
 This PET is executing in virtual address space (VAS)            1
 located on single system image (SSI)            0
 and is associated with            1  PEs.
--- VMK::print() start ---
vm located at: 0x100cfd0
npets = 4, mypet=3
  pth_mutex =		 0x1169670
  pth_finish_count =	 (nil)
MPI_Comm_size: 4
MPI_Comm_rank in local MPI communicator: 3
MPI_Comm_rank in MPI_COMM_WORLD: 3
MPI thread level support: 3
mpi_mutex_flag: 0
mpionly: 1
threadsflag: 0
  lpid[0]=0, tid[0]=0, vas[0]=0, ncpet[0]=1, nadevs[0]=0, cid[0][0]=0
  lpid[1]=1, tid[1]=0, vas[1]=1, ncpet[1]=1, nadevs[1]=0, cid[1][0]=1
  lpid[2]=2, tid[2]=0, vas[2]=2, ncpet[2]=1, nadevs[2]=0, cid[2][0]=2
  lpid[3]=3, tid[3]=0, vas[3]=3, ncpet[3]=1, nadevs[3]=0, cid[3][0]=3
ncores = 4
  cpuid[0]=0, ssiid[0]=0
  cpuid[1]=1, ssiid[1]=0
  cpuid[2]=2, ssiid[2]=0
  cpuid[3]=3, ssiid[3]=0
--- VMK::print() end ---
--- ESMCI::VM::print() end ---
 This PET is localPet:            3
 of a total of            4  PETs in this VM.
 There are            4  PEs referenced by this VM
 This PET is executing in virtual address space (VAS)            3
 located on single system image (SSI)            0
 and is associated with            1  PEs.
  PASS  Example ESMF_VMDefaultBasicsEx, ESMF_VMDefaultBasicsEx.F90, line 107
  PASS  Example ESMF_VMDefaultBasicsEx, ESMF_VMDefaultBasicsEx.F90, line 107
[r1i4n34:19684:0:19684] Caught signal 11 (Segmentation fault: address not mapped to object at address 0x30)
--------------------------------------------------------------------------
A system call failed during shared memory initialization that should
not have.  It is likely that your MPI job will now either abort or
experience performance degradation.

  Local host:  r1i4n34
  System call: unlink(2) /dev/shm/vader_segment.r1i4n34.91b60001.3
  Error:       No such file or directory (errno 2)
--------------------------------------------------------------------------
--------------------------------------------------------------------------
A system call failed during shared memory initialization that should
not have.  It is likely that your MPI job will now either abort or
experience performance degradation.

  Local host:  r1i4n34
  System call: unlink(2) /dev/shm/vader_segment.r1i4n34.91b60001.1
  Error:       No such file or directory (errno 2)
--------------------------------------------------------------------------
[r1i4n34:19685:0:19685] Caught signal 11 (Segmentation fault: Sent by the kernel at address (nil))
[r1i4n34:19687:0:19687] Caught signal 11 (Segmentation fault: address not mapped to object at address 0x30)
--------------------------------------------------------------------------
A system call failed during shared memory initialization that should
not have.  It is likely that your MPI job will now either abort or
experience performance degradation.

  Local host:  r1i4n34
  System call: unlink(2) /dev/shm/vader_segment.r1i4n34.91b60001.2
  Error:       No such file or directory (errno 2)
--------------------------------------------------------------------------
[r1i4n34:19686:0:19686] Caught signal 11 (Segmentation fault: address not mapped to object at address 0xf0)
--------------------------------------------------------------------------
Primary job  terminated normally, but 1 process returned
a non-zero exit code. Per user-direction, the job has been aborted.
--------------------------------------------------------------------------
==== backtrace (tid:  19685) ====
 0  /glade/u/apps/ch/opt/ucx/1.8.0/lib/libucs.so.0(ucs_handle_error+0x19c) [0x2aee0c02322c]
 1  /glade/u/apps/ch/opt/ucx/1.8.0/lib/libucs.so.0(+0x2355c) [0x2aee0c02355c]
 2  /glade/u/apps/ch/opt/ucx/1.8.0/lib/libucs.so.0(+0x237cb) [0x2aee0c0237cb]
 3  /glade/u/apps/ch/os/lib64/libpthread.so.0(+0x10b00) [0x2aedfbf48b00]
 4  /glade/u/apps/ch/opt/openmpi/4.0.3/gnu/7.4.0/lib/libopen-pal.so.40(+0x2d3d7) [0x2aedfc7dc3d7]
 5  /glade/u/apps/ch/opt/openmpi/4.0.3/gnu/7.4.0/lib/openmpi/mca_btl_vader.so(+0x3ec1) [0x2aee06655ec1]
 6  /glade/u/apps/ch/opt/openmpi/4.0.3/gnu/7.4.0/lib/libopen-pal.so.40(mca_base_component_close+0x19) [0x2aedfc809419]
 7  /glade/u/apps/ch/opt/openmpi/4.0.3/gnu/7.4.0/lib/libopen-pal.so.40(mca_base_components_close+0x55) [0x2aedfc8094a5]
 8  /glade/u/apps/ch/opt/openmpi/4.0.3/gnu/7.4.0/lib/libopen-pal.so.40(+0x7eae3) [0x2aedfc82dae3]
 9  /glade/u/apps/ch/opt/openmpi/4.0.3/gnu/7.4.0/lib/libopen-pal.so.40(mca_base_framework_close+0x67) [0x2aedfc814a87]
10  /glade/u/apps/ch/opt/openmpi/4.0.3/gnu/7.4.0/lib/libopen-pal.so.40(opal_info_close_components+0x29) [0x2aedfc7eb8c9]
11  /glade/u/apps/ch/opt/openmpi/4.0.3/gnu/7.4.0/lib/libmpi.so.40(PMPI_T_finalize+0x35) [0x2aedfb61c595]
12  /glade/scratch/mpotts/gfortran_7.4.0_openmpi_g_develop/lib/libg/Linux.gfortran.64.openmpi.default/libesmf.so(_ZN5ESMCI3VMK8finalizeEi+0x3c8) [0x2aedf7a769f0]
13  /glade/scratch/mpotts/gfortran_7.4.0_openmpi_g_develop/lib/libg/Linux.gfortran.64.openmpi.default/libesmf.so(_ZN5ESMCI2VM8finalizeEP12ESMC_LogicalPi+0x585) [0x2aedf7a97381]
14  /glade/scratch/mpotts/gfortran_7.4.0_openmpi_g_develop/lib/libg/Linux.gfortran.64.openmpi.default/libesmf.so(c_esmc_vmfinalize_+0x3b) [0x2aedf7a6fd15]
15  /glade/scratch/mpotts/gfortran_7.4.0_openmpi_g_develop/lib/libg/Linux.gfortran.64.openmpi.default/libesmf.so(__esmf_vmmod_MOD_esmf_vmfinalize+0x40) [0x2aedf8765774]
16  /glade/scratch/mpotts/gfortran_7.4.0_openmpi_g_develop/lib/libg/Linux.gfortran.64.openmpi.default/libesmf.so(__esmf_initmod_MOD_esmf_finalize+0x7dc) [0x2aedf84178a8]
17  ./ESMF_VMDefaultBasicsEx() [0x4015a4]
18  ./ESMF_VMDefaultBasicsEx() [0x4016c0]
19  /glade/u/apps/ch/os/lib64/libc.so.6(__libc_start_main+0xf5) [0x2aedfc1756e5]
20  ./ESMF_VMDefaultBasicsEx() [0x400db9]
=================================

Program received signal SIGSEGV: Segmentation fault - invalid memory reference.

Backtrace for this error:
#0  0x2aedfbf48aff in ???
#1  0x2aedfc7dc3d7 in ???
#2  0x2aee06655ec0 in ???
#3  0x2aedfc809418 in ???
#4  0x2aedfc8094a4 in ???
#5  0x2aedfc82dae2 in ???
#6  0x2aedfc814a86 in ???
#7  0x2aedfc7eb8c8 in ???
#8  0x2aedfb61c594 in ???
#9  0x2aedf7a769ef in _ZN5ESMCI3VMK8finalizeEi
	at /glade/scratch/mpotts/gfortran_7.4.0_openmpi_g_develop/src/Infrastructure/VM/src/ESMCI_VMKernel.C:678
#10  0x2aedf7a97380 in _ZN5ESMCI2VM8finalizeEP12ESMC_LogicalPi
	at /glade/scratch/mpotts/gfortran_7.4.0_openmpi_g_develop/src/Infrastructure/VM/src/ESMCI_VM.C:3419
#11  0x2aedf7a6fd14 in c_esmc_vmfinalize_
	at /glade/scratch/mpotts/gfortran_7.4.0_openmpi_g_develop/src/Infrastructure/VM/interface/ESMCI_VM_F.C:1153
#12  0x2aedf8765773 in __esmf_vmmod_MOD_esmf_vmfinalize
	at /glade/scratch/mpotts/gfortran_7.4.0_openmpi_g_develop/src/Infrastructure/VM/interface/ESMF_VM.F90:9286
#13  0x2aedf84178a7 in __esmf_initmod_MOD_esmf_finalize
	at /glade/scratch/mpotts/gfortran_7.4.0_openmpi_g_develop/src/Superstructure/ESMFMod/src/ESMF_Init.F90:1012
#14  0x4015a3 in esmf_vmdefaultbasicsex
	at /glade/scratch/mpotts/gfortran_7.4.0_openmpi_g_develop/src/Infrastructure/VM/examples/ESMF_VMDefaultBasicsEx.F90:109
#15  0x4016bf in main
	at /glade/scratch/mpotts/gfortran_7.4.0_openmpi_g_develop/src/Infrastructure/VM/examples/ESMF_VMDefaultBasicsEx.F90:39
--------------------------------------------------------------------------
mpirun noticed that process rank 0 with PID 0 on node r1i4n34 exited on signal 11 (Segmentation fault).
--------------------------------------------------------------------------
