build time -- 2021-06-21 04:34:41
  PASS  Example ESMF_FieldHaloEx, ESMF_FieldHaloEx.F90, line 200
  PASS  Example ESMF_FieldHaloEx, ESMF_FieldHaloEx.F90, line 200
  PASS  Example ESMF_FieldHaloEx, ESMF_FieldHaloEx.F90, line 200
  PASS  Example ESMF_FieldHaloEx, ESMF_FieldHaloEx.F90, line 200

Program received signal SIGSEGV: Segmentation fault - invalid memory reference.

Backtrace for this error:

Program received signal SIGSEGV: Segmentation fault - invalid memory reference.

Backtrace for this error:

Program received signal SIGSEGV: Segmentation fault - invalid memory reference.

Backtrace for this error:

Program received signal SIGSEGV: Segmentation fault - invalid memory reference.

Backtrace for this error:
#0  0x2ac3abaf53ff in ???
#0  0x2b509177c3ff in ???
#0  0x2b68ed8b83ff in ???
#0  0x2b8f5e5b83ff in ???
--------------------------------------------------------------------------
Primary job  terminated normally, but 1 process returned
a non-zero exit code. Per user-direction, the job has been aborted.
--------------------------------------------------------------------------
--------------------------------------------------------------------------
mpirun noticed that process rank 2 with PID 21194 on node x745 exited on signal 11 (Segmentation fault).
--------------------------------------------------------------------------
