build time -- 2021-06-21 04:34:41
 Field Create from a Grid and a Fortran data array returned
 Field Create from a Grid and a Fortran data array returned
 Field Create from a Grid and a Fortran data array returned
 Field Create from a Grid and a Fortran data array returned
 Field Create from a Grid and a Fortran data array returned
 Field Create from a Grid and a Fortran data array returned
 Field Create from a Grid and a Fortran data array returned
 Field Create from a Grid and a Fortran data array returned
 Field Create from a Grid and a Fortran data array returned
 Field Create from a Grid and a Fortran data array returned
 Field Create from a Grid and a Fortran data array returned
 Field Create from a Grid and a Fortran data array returned
 Field Create from a Grid and a Fortran data array returned
 Field Create from a Grid and a Fortran data array returned
 Field Create from a Grid and a Fortran data array returned
 Field Create from a Grid and a Fortran data array returned
 Field Create from a Grid and a Fortran data array returned
 Field Create from a Grid and a Fortran data array returned
 Field Create from a Grid and a Fortran data array returned
 Field Create from a Grid and a Fortran data array returned
 Field Create from a LocStream, typekind, and rank returned
 Field Create from a LocStream, typekind, and rank returned
 Field Create from a LocStream, typekind, and rank returned
 Field Create from a LocStream, typekind, and rank returned
 Field Create from a LocStream and an Arrayspec returned
 Field Create from a LocStream and an Arrayspec returned
 Field Create from a LocStream and an Arrayspec returned
 Field Create from a LocStream and an Arrayspec returned
 Field Create from a Mesh and typekind/rank returned
 Field Create from a Mesh and typekind/rank returned
 Field Create from a Mesh and typekind/rank returned
 Field Create from a Mesh and typekind/rank returned
 Field Create from a Mesh and an Arrayspec returned
 Field Create from a Mesh and an Arrayspec returned
 Field Create from a Mesh and an Arrayspec returned
 Field Create from a Mesh and an Arrayspec returned
 Field Create from a Mesh and an Array returned
 Field Create from a Mesh and an Array returned
 Field Create from a Mesh and an Array returned
 Field Create from a Mesh and an Array returned
 Field Create from a Mesh and an ArraySpec with ungridded dimension returned
 Field Create from a Mesh and an ArraySpec with ungridded dimension returned
 Field Create from a Mesh and an ArraySpec with ungridded dimension returned
 Field Create from a Mesh and an ArraySpec with ungridded dimension returned
  PASS  Example ESMF_FieldCreateEx, ESMF_FieldCreateEx.F90, line 1058
  PASS  Example ESMF_FieldCreateEx, ESMF_FieldCreateEx.F90, line 1058
  PASS  Example ESMF_FieldCreateEx, ESMF_FieldCreateEx.F90, line 1058
  PASS  Example ESMF_FieldCreateEx, ESMF_FieldCreateEx.F90, line 1058

Program received signal SIGSEGV: Segmentation fault - invalid memory reference.

Backtrace for this error:

Program received signal SIGSEGV: Segmentation fault - invalid memory reference.

Backtrace for this error:

Program received signal SIGSEGV: Segmentation fault - invalid memory reference.

Backtrace for this error:

Program received signal SIGSEGV: Segmentation fault - invalid memory reference.

Backtrace for this error:
#0  0x2aafe43e63ff in ???
#0  0x2b20a7f643ff in ???
#0  0x2b29e6cf53ff in ???
#0  0x2af862c973ff in ???
--------------------------------------------------------------------------
Primary job  terminated normally, but 1 process returned
a non-zero exit code. Per user-direction, the job has been aborted.
--------------------------------------------------------------------------
--------------------------------------------------------------------------
mpirun noticed that process rank 3 with PID 19582 on node x745 exited on signal 11 (Segmentation fault).
--------------------------------------------------------------------------
