build time -- 2021-08-09 04:02:17
20210809 043257.901 INFO             PET0 !!!!!!!!!!!!!!!!!!!!!!!!!!!!!!!!!!!!!!!!!!!!!!!!!!!!!!
20210809 043257.901 INFO             PET0 !!! THE ESMF_LOG IS SET TO OUTPUT ALL LOG MESSAGES !!!
20210809 043257.901 INFO             PET0 !!!     THIS MAY CAUSE SLOWDOWN IN PERFORMANCE     !!!
20210809 043257.901 INFO             PET0 !!! FOR PRODUCTION RUNS, USE:                      !!!
20210809 043257.901 INFO             PET0 !!!                   ESMF_LOGKIND_Multi_On_Error  !!!
20210809 043257.901 INFO             PET0 !!!!!!!!!!!!!!!!!!!!!!!!!!!!!!!!!!!!!!!!!!!!!!!!!!!!!!
20210809 043257.901 INFO             PET0 Running with ESMF Version   : ESMF_8_2_0_beta_snapshot_15
20210809 043257.902 INFO             PET0 ESMF library build date/time: "Aug  9 2021" "04:00:36"
20210809 043257.902 INFO             PET0 ESMF library build location : /mnt/lfs4/HFIP/hfv3gfs/Mark.Potts/gfortran_9.2.0_openmpi_g_develop
20210809 043257.902 INFO             PET0 ESMF_COMM                   : openmpi
20210809 043257.902 INFO             PET0 ESMF_MOAB                   : enabled
20210809 043257.902 INFO             PET0 ESMF_LAPACK                 : enabled
20210809 043257.902 INFO             PET0 ESMF_NETCDF                 : enabled
20210809 043257.902 INFO             PET0 ESMF_PNETCDF                : disabled
20210809 043257.902 INFO             PET0 ESMF_PIO                    : enabled
20210809 043257.902 INFO             PET0 ESMF_YAMLCPP                : enabled
20210809 043257.903 INFO             PET0  NUMBER_OF_PROCESSORS           1
20210809 043257.903 INFO             PET0  PASS  Example ESMF_TimeEx, ESMF_TimeEx.F90, line 141
20210809 043257.903 INFO             PET0 Finalizing ESMF
