build time -- 2021-06-21 04:34:41
  PASS  Example ESMF_LocStreamEx, ESMF_LocStreamEx.F90, line 784
  PASS  Example ESMF_LocStreamEx, ESMF_LocStreamEx.F90, line 784
  PASS  Example ESMF_LocStreamEx, ESMF_LocStreamEx.F90, line 784
  PASS  Example ESMF_LocStreamEx, ESMF_LocStreamEx.F90, line 784

Program received signal SIGSEGV: Segmentation fault - invalid memory reference.

Backtrace for this error:

Program received signal SIGSEGV: Segmentation fault - invalid memory reference.

Backtrace for this error:

Program received signal SIGSEGV: Segmentation fault - invalid memory reference.

Backtrace for this error:

Program received signal SIGSEGV: Segmentation fault - invalid memory reference.

Backtrace for this error:
#0  0x2ad59e1a03ff in ???
#0  0x2add07d203ff in ???
#0  0x2abc82c593ff in ???
#0  0x2b8d09be13ff in ???
--------------------------------------------------------------------------
Primary job  terminated normally, but 1 process returned
a non-zero exit code. Per user-direction, the job has been aborted.
--------------------------------------------------------------------------
--------------------------------------------------------------------------
mpirun noticed that process rank 1 with PID 16548 on node x745 exited on signal 11 (Segmentation fault).
--------------------------------------------------------------------------
