build time -- 2021-06-21 04:34:41
  PASS  Example ESMF_FieldBundleRedistEx, ESMF_FieldBundleRedistEx.F90, line 280
  PASS  Example ESMF_FieldBundleRedistEx, ESMF_FieldBundleRedistEx.F90, line 280
  PASS  Example ESMF_FieldBundleRedistEx, ESMF_FieldBundleRedistEx.F90, line 280
  PASS  Example ESMF_FieldBundleRedistEx, ESMF_FieldBundleRedistEx.F90, line 280

Program received signal SIGSEGV: Segmentation fault - invalid memory reference.

Backtrace for this error:

Program received signal SIGSEGV: Segmentation fault - invalid memory reference.

Backtrace for this error:

Program received signal SIGSEGV: Segmentation fault - invalid memory reference.

Backtrace for this error:

Program received signal SIGSEGV: Segmentation fault - invalid memory reference.

Backtrace for this error:
#0  0x2b9ed35c53ff in ???
#0  0x2b5e5b7263ff in ???
#0  0x2b36c03d23ff in ???
#0  0x2b4205e703ff in ???
--------------------------------------------------------------------------
Primary job  terminated normally, but 1 process returned
a non-zero exit code. Per user-direction, the job has been aborted.
--------------------------------------------------------------------------
--------------------------------------------------------------------------
mpirun noticed that process rank 3 with PID 22468 on node x745 exited on signal 11 (Segmentation fault).
--------------------------------------------------------------------------
