build time -- 2021-06-05 04:07:10
20210605 043527.967 INFO             PET0 !!!!!!!!!!!!!!!!!!!!!!!!!!!!!!!!!!!!!!!!!!!!!!!!!!!!!!
20210605 043527.968 INFO             PET0 !!! THE ESMF_LOG IS SET TO OUTPUT ALL LOG MESSAGES !!!
20210605 043527.968 INFO             PET0 !!!     THIS MAY CAUSE SLOWDOWN IN PERFORMANCE     !!!
20210605 043527.968 INFO             PET0 !!! FOR PRODUCTION RUNS, USE:                      !!!
20210605 043527.968 INFO             PET0 !!!                   ESMF_LOGKIND_Multi_On_Error  !!!
20210605 043527.968 INFO             PET0 !!!!!!!!!!!!!!!!!!!!!!!!!!!!!!!!!!!!!!!!!!!!!!!!!!!!!!
20210605 043527.968 INFO             PET0 Running with ESMF Version   : ESMF_8_2_0_beta_snapshot_10-4-g5723c9f
20210605 043527.968 INFO             PET0 ESMF library build date/time: "Jun  5 2021" "04:05:13"
20210605 043527.968 INFO             PET0 ESMF library build location : /mnt/lfs4/HFIP/hfv3gfs/Mark.Potts/gfortran_9.2.0_openmpi_g_develop
20210605 043527.968 INFO             PET0 ESMF_COMM                   : openmpi
20210605 043527.968 INFO             PET0 ESMF_MOAB                   : enabled
20210605 043527.968 INFO             PET0 ESMF_LAPACK                 : enabled
20210605 043527.968 INFO             PET0 ESMF_NETCDF                 : enabled
20210605 043527.968 INFO             PET0 ESMF_PNETCDF                : disabled
20210605 043527.968 INFO             PET0 ESMF_PIO                    : enabled
20210605 043527.968 INFO             PET0 ESMF_YAMLCPP                : enabled
20210605 043527.969 INFO             PET0  NUMBER_OF_PROCESSORS           4
20210605 043527.969 INFO             PET0  PASS  Example ESMF_VMUserMpiCommMultiEx, ESMF_VMUserMpiCommMultiEx.F90, line 126
20210605 043527.969 INFO             PET0 Finalizing ESMF
20210605 043527.968 INFO             PET0 !!!!!!!!!!!!!!!!!!!!!!!!!!!!!!!!!!!!!!!!!!!!!!!!!!!!!!
20210605 043527.968 INFO             PET0 !!! THE ESMF_LOG IS SET TO OUTPUT ALL LOG MESSAGES !!!
20210605 043527.968 INFO             PET0 !!!     THIS MAY CAUSE SLOWDOWN IN PERFORMANCE     !!!
20210605 043527.968 INFO             PET0 !!! FOR PRODUCTION RUNS, USE:                      !!!
20210605 043527.968 INFO             PET0 !!!                   ESMF_LOGKIND_Multi_On_Error  !!!
20210605 043527.968 INFO             PET0 !!!!!!!!!!!!!!!!!!!!!!!!!!!!!!!!!!!!!!!!!!!!!!!!!!!!!!
20210605 043527.968 INFO             PET0 Running with ESMF Version   : ESMF_8_2_0_beta_snapshot_10-4-g5723c9f
20210605 043527.968 INFO             PET0 ESMF library build date/time: "Jun  5 2021" "04:05:13"
20210605 043527.968 INFO             PET0 ESMF library build location : /mnt/lfs4/HFIP/hfv3gfs/Mark.Potts/gfortran_9.2.0_openmpi_g_develop
20210605 043527.968 INFO             PET0 ESMF_COMM                   : openmpi
20210605 043527.969 INFO             PET0 ESMF_MOAB                   : enabled
20210605 043527.969 INFO             PET0 ESMF_LAPACK                 : enabled
20210605 043527.969 INFO             PET0 ESMF_NETCDF                 : enabled
20210605 043527.969 INFO             PET0 ESMF_PNETCDF                : disabled
20210605 043527.969 INFO             PET0 ESMF_PIO                    : enabled
20210605 043527.969 INFO             PET0 ESMF_YAMLCPP                : enabled
20210605 043527.969 INFO             PET0  NUMBER_OF_PROCESSORS           4
20210605 043527.969 INFO             PET0  PASS  Example ESMF_VMUserMpiCommMultiEx, ESMF_VMUserMpiCommMultiEx.F90, line 154
20210605 043527.969 INFO             PET0 Finalizing ESMF
20210605 043527.968 INFO             PET1 !!!!!!!!!!!!!!!!!!!!!!!!!!!!!!!!!!!!!!!!!!!!!!!!!!!!!!
20210605 043527.968 INFO             PET1 !!! THE ESMF_LOG IS SET TO OUTPUT ALL LOG MESSAGES !!!
20210605 043527.968 INFO             PET1 !!!     THIS MAY CAUSE SLOWDOWN IN PERFORMANCE     !!!
20210605 043527.968 INFO             PET1 !!! FOR PRODUCTION RUNS, USE:                      !!!
20210605 043527.968 INFO             PET1 !!!                   ESMF_LOGKIND_Multi_On_Error  !!!
20210605 043527.968 INFO             PET1 !!!!!!!!!!!!!!!!!!!!!!!!!!!!!!!!!!!!!!!!!!!!!!!!!!!!!!
20210605 043527.968 INFO             PET1 Running with ESMF Version   : ESMF_8_2_0_beta_snapshot_10-4-g5723c9f
20210605 043527.968 INFO             PET1 ESMF library build date/time: "Jun  5 2021" "04:05:13"
20210605 043527.968 INFO             PET1 ESMF library build location : /mnt/lfs4/HFIP/hfv3gfs/Mark.Potts/gfortran_9.2.0_openmpi_g_develop
20210605 043527.968 INFO             PET1 ESMF_COMM                   : openmpi
20210605 043527.968 INFO             PET1 ESMF_MOAB                   : enabled
20210605 043527.968 INFO             PET1 ESMF_LAPACK                 : enabled
20210605 043527.968 INFO             PET1 ESMF_NETCDF                 : enabled
20210605 043527.968 INFO             PET1 ESMF_PNETCDF                : disabled
20210605 043527.968 INFO             PET1 ESMF_PIO                    : enabled
20210605 043527.968 INFO             PET1 ESMF_YAMLCPP                : enabled
20210605 043527.969 INFO             PET1  NUMBER_OF_PROCESSORS           4
20210605 043527.969 INFO             PET1  PASS  Example ESMF_VMUserMpiCommMultiEx, ESMF_VMUserMpiCommMultiEx.F90, line 126
20210605 043527.969 INFO             PET1 Finalizing ESMF
20210605 043527.968 INFO             PET1 !!!!!!!!!!!!!!!!!!!!!!!!!!!!!!!!!!!!!!!!!!!!!!!!!!!!!!
20210605 043527.968 INFO             PET1 !!! THE ESMF_LOG IS SET TO OUTPUT ALL LOG MESSAGES !!!
20210605 043527.968 INFO             PET1 !!!     THIS MAY CAUSE SLOWDOWN IN PERFORMANCE     !!!
20210605 043527.968 INFO             PET1 !!! FOR PRODUCTION RUNS, USE:                      !!!
20210605 043527.968 INFO             PET1 !!!                   ESMF_LOGKIND_Multi_On_Error  !!!
20210605 043527.968 INFO             PET1 !!!!!!!!!!!!!!!!!!!!!!!!!!!!!!!!!!!!!!!!!!!!!!!!!!!!!!
20210605 043527.968 INFO             PET1 Running with ESMF Version   : ESMF_8_2_0_beta_snapshot_10-4-g5723c9f
20210605 043527.968 INFO             PET1 ESMF library build date/time: "Jun  5 2021" "04:05:13"
20210605 043527.968 INFO             PET1 ESMF library build location : /mnt/lfs4/HFIP/hfv3gfs/Mark.Potts/gfortran_9.2.0_openmpi_g_develop
20210605 043527.968 INFO             PET1 ESMF_COMM                   : openmpi
20210605 043527.968 INFO             PET1 ESMF_MOAB                   : enabled
20210605 043527.968 INFO             PET1 ESMF_LAPACK                 : enabled
20210605 043527.968 INFO             PET1 ESMF_NETCDF                 : enabled
20210605 043527.968 INFO             PET1 ESMF_PNETCDF                : disabled
20210605 043527.968 INFO             PET1 ESMF_PIO                    : enabled
20210605 043527.968 INFO             PET1 ESMF_YAMLCPP                : enabled
20210605 043527.969 INFO             PET1  NUMBER_OF_PROCESSORS           4
20210605 043527.969 INFO             PET1  PASS  Example ESMF_VMUserMpiCommMultiEx, ESMF_VMUserMpiCommMultiEx.F90, line 154
20210605 043527.969 INFO             PET1 Finalizing ESMF
