build time -- 2021-06-21 04:34:41
 data array1:
           0  array1:            1
           0  array1:            2
 data array1:
           1  array1:          101
           1  array1:          102
 data array1:
           2  array1:          201
           2  array1:          202
 data array1:
           3  array1:          301
           3  array1:          302
 Global sum:
           0  result:         1212
  PASS  Example ESMF_VMAllFullReduceEx, ESMF_VMAllFullReduceEx.F90, line 113
 Global sum:
           1  result:         1212
  PASS  Example ESMF_VMAllFullReduceEx, ESMF_VMAllFullReduceEx.F90, line 113
 Global sum:
           2  result:         1212
  PASS  Example ESMF_VMAllFullReduceEx, ESMF_VMAllFullReduceEx.F90, line 113
 Global sum:
           3  result:         1212
  PASS  Example ESMF_VMAllFullReduceEx, ESMF_VMAllFullReduceEx.F90, line 113

Program received signal SIGSEGV: Segmentation fault - invalid memory reference.

Backtrace for this error:

Program received signal SIGSEGV: Segmentation fault - invalid memory reference.

Backtrace for this error:

Program received signal SIGSEGV: Segmentation fault - invalid memory reference.

Backtrace for this error:

Program received signal SIGSEGV: Segmentation fault - invalid memory reference.

Backtrace for this error:
#0  0x2adbc71693ff in ???
#0  0x2b1e97b413ff in ???
#0  0x2ada7453c3ff in ???
#0  0x2af9921663ff in ???
--------------------------------------------------------------------------
Primary job  terminated normally, but 1 process returned
a non-zero exit code. Per user-direction, the job has been aborted.
--------------------------------------------------------------------------
--------------------------------------------------------------------------
mpirun noticed that process rank 3 with PID 31780 on node x745 exited on signal 11 (Segmentation fault).
--------------------------------------------------------------------------
