build time -- 2021-06-22 04:05:23
 User Comp1 Register starting
 Registered Initialize, Run, and Finalize routines
 User Comp1 Register starting
 Registered Initialize, Run, and Finalize routines
 User Comp1 Register returning
 User Comp1 Register starting
 Registered Initialize, Run, and Finalize routines
 User Comp1 Register returning
 User Comp1 Register starting
 Registered Initialize, Run, and Finalize routines
 User Comp1 Register returning
 User Comp1 Register returning
  PASS  Example ESMF_WebServicesEx, ESMF_WebServicesEx.F90, line 227
  PASS  Example ESMF_WebServicesEx, ESMF_WebServicesEx.F90, line 227
  PASS  Example ESMF_WebServicesEx, ESMF_WebServicesEx.F90, line 227
  PASS  Example ESMF_WebServicesEx, ESMF_WebServicesEx.F90, line 227

Program received signal SIGSEGV: Segmentation fault - invalid memory reference.

Backtrace for this error:

Program received signal SIGSEGV: Segmentation fault - invalid memory reference.

Backtrace for this error:

Program received signal SIGSEGV: Segmentation fault - invalid memory reference.

Backtrace for this error:

Program received signal SIGSEGV: Segmentation fault - invalid memory reference.

Backtrace for this error:
#0  0x2b400f8933ff in ???
#0  0x2b023ca653ff in ???
#0  0x2aeadbdbb3ff in ???
#0  0x2b47d7e763ff in ???
--------------------------------------------------------------------------
Primary job  terminated normally, but 1 process returned
a non-zero exit code. Per user-direction, the job has been aborted.
--------------------------------------------------------------------------
--------------------------------------------------------------------------
mpirun noticed that process rank 0 with PID 28464 on node x742 exited on signal 11 (Segmentation fault).
--------------------------------------------------------------------------
2 total processes killed (some possibly by mpirun during cleanup)
