build time -- 2021-06-21 04:34:41
 dummy output from attached method 
 dummy output from attached method 
 dummy output from attached method 
 dummy output from attached method 
  PASS  Example ESMF_AttachMethodsEx, ESMF_AttachMethodsEx.F90, line 274
  PASS  Example ESMF_AttachMethodsEx, ESMF_AttachMethodsEx.F90, line 274
  PASS  Example ESMF_AttachMethodsEx, ESMF_AttachMethodsEx.F90, line 274
  PASS  Example ESMF_AttachMethodsEx, ESMF_AttachMethodsEx.F90, line 274

Program received signal SIGSEGV: Segmentation fault - invalid memory reference.

Backtrace for this error:

Program received signal SIGSEGV: Segmentation fault - invalid memory reference.

Backtrace for this error:

Program received signal SIGSEGV: Segmentation fault - invalid memory reference.

Backtrace for this error:

Program received signal SIGSEGV: Segmentation fault - invalid memory reference.

Backtrace for this error:
#0  0x2acce79e83ff in ???
#0  0x2ae927e1e3ff in ???
#0  0x2b05dc1393ff in ???
#0  0x2b6eedee73ff in ???
--------------------------------------------------------------------------
Primary job  terminated normally, but 1 process returned
a non-zero exit code. Per user-direction, the job has been aborted.
--------------------------------------------------------------------------
--------------------------------------------------------------------------
mpirun noticed that process rank 3 with PID 26082 on node x745 exited on signal 11 (Segmentation fault).
--------------------------------------------------------------------------
