build time -- 2021-06-18 04:03:00
 localData for PET            1 :          101
 localData for PET            1 :          102
 localData for PET            1 :          103
 localData for PET            1 :          104
 localData for PET            1 :          105
 localData for PET            1 :          106
 localData for PET            1 :          107
 localData for PET            1 :          108
 localData for PET            2 :          201
 localData for PET            2 :          202
 localData for PET            2 :          203
 localData for PET            2 :          204
 localData for PET            2 :          205
 localData for PET            2 :          206
 localData for PET            2 :          207
 localData for PET            2 :          208
 localData for PET            2 :          209
 localData for PET            2 :          210
 localData for PET            3 :          301
 localData for PET            3 :          302
 localData for PET            3 :          303
 localData for PET            3 :          304
 localData for PET            3 :          305
 localData for PET            3 :          306
 localData for PET            3 :          307
 localData for PET            3 :          308
 localData for PET            3 :          309
 localData for PET            3 :          310
 localData for PET            0 :          301
 localData for PET            0 :          302
 localData for PET            0 :          303
 localData for PET            0 :          304
 localData for PET            0 :          305
 localData for PET            0 :          306
 localData for PET            0 :          307
 localData for PET            0 :          308
 localData for PET            0 :          309
 localData for PET            0 :          310
 localData for PET            1 :          109
 localData for PET            1 :          110
  PASS  Example ESMF_VMSendVMRecvEx, ESMF_VMSendVMRecvEx.F90, line 120
  PASS  Example ESMF_VMSendVMRecvEx, ESMF_VMSendVMRecvEx.F90, line 120
  PASS  Example ESMF_VMSendVMRecvEx, ESMF_VMSendVMRecvEx.F90, line 120
  PASS  Example ESMF_VMSendVMRecvEx, ESMF_VMSendVMRecvEx.F90, line 120

Program received signal SIGSEGV: Segmentation fault - invalid memory reference.

Backtrace for this error:

Program received signal SIGSEGV: Segmentation fault - invalid memory reference.

Backtrace for this error:

Program received signal SIGSEGV: Segmentation fault - invalid memory reference.

Backtrace for this error:

Program received signal SIGSEGV: Segmentation fault - invalid memory reference.

Backtrace for this error:
#0  0x2af277db83ff in ???
#0  0x2abf1bed73ff in ???
#0  0x2b4b48c363ff in ???
#0  0x2b66402a73ff in ???
--------------------------------------------------------------------------
Primary job  terminated normally, but 1 process returned
a non-zero exit code. Per user-direction, the job has been aborted.
--------------------------------------------------------------------------
--------------------------------------------------------------------------
mpirun noticed that process rank 0 with PID 15336 on node x756 exited on signal 11 (Segmentation fault).
--------------------------------------------------------------------------
