build time -- 2021-08-11 04:16:20
20210811 044613.512 INFO             PET0 !!!!!!!!!!!!!!!!!!!!!!!!!!!!!!!!!!!!!!!!!!!!!!!!!!!!!!
20210811 044613.512 INFO             PET0 !!! THE ESMF_LOG IS SET TO OUTPUT ALL LOG MESSAGES !!!
20210811 044613.512 INFO             PET0 !!!     THIS MAY CAUSE SLOWDOWN IN PERFORMANCE     !!!
20210811 044613.512 INFO             PET0 !!! FOR PRODUCTION RUNS, USE:                      !!!
20210811 044613.512 INFO             PET0 !!!                   ESMF_LOGKIND_Multi_On_Error  !!!
20210811 044613.512 INFO             PET0 !!!!!!!!!!!!!!!!!!!!!!!!!!!!!!!!!!!!!!!!!!!!!!!!!!!!!!
20210811 044613.512 INFO             PET0 Running with ESMF Version   : ESMF_8_2_0_beta_snapshot_15
20210811 044613.512 INFO             PET0 ESMF library build date/time: "Aug 11 2021" "04:14:39"
20210811 044613.512 INFO             PET0 ESMF library build location : /mnt/lfs4/HFIP/hfv3gfs/Mark.Potts/gfortran_9.2.0_openmpi_g_develop
20210811 044613.512 INFO             PET0 ESMF_COMM                   : openmpi
20210811 044613.513 INFO             PET0 ESMF_MOAB                   : enabled
20210811 044613.513 INFO             PET0 ESMF_LAPACK                 : enabled
20210811 044613.513 INFO             PET0 ESMF_NETCDF                 : enabled
20210811 044613.513 INFO             PET0 ESMF_PNETCDF                : disabled
20210811 044613.513 INFO             PET0 ESMF_PIO                    : enabled
20210811 044613.513 INFO             PET0 ESMF_YAMLCPP                : enabled
20210811 044613.648 DEBUG            PET0 about to destroy Grid: 0x294c6b0
20210811 044613.672 DEBUG            PET0 about to destroy Grid: 0x294cea0
20210811 044613.715 INFO             PET0  NUMBER_OF_PROCESSORS           4
20210811 044613.715 INFO             PET0  PASS  Example ESMF_NUOPCAtmModelEx, ESMF_NUOPCAtmModelEx.F90, line 806
20210811 044613.715 INFO             PET0 Finalizing ESMF
20210811 044613.512 INFO             PET1 !!!!!!!!!!!!!!!!!!!!!!!!!!!!!!!!!!!!!!!!!!!!!!!!!!!!!!
20210811 044613.513 INFO             PET1 !!! THE ESMF_LOG IS SET TO OUTPUT ALL LOG MESSAGES !!!
20210811 044613.513 INFO             PET1 !!!     THIS MAY CAUSE SLOWDOWN IN PERFORMANCE     !!!
20210811 044613.513 INFO             PET1 !!! FOR PRODUCTION RUNS, USE:                      !!!
20210811 044613.513 INFO             PET1 !!!                   ESMF_LOGKIND_Multi_On_Error  !!!
20210811 044613.513 INFO             PET1 !!!!!!!!!!!!!!!!!!!!!!!!!!!!!!!!!!!!!!!!!!!!!!!!!!!!!!
20210811 044613.513 INFO             PET1 Running with ESMF Version   : ESMF_8_2_0_beta_snapshot_15
20210811 044613.513 INFO             PET1 ESMF library build date/time: "Aug 11 2021" "04:14:39"
20210811 044613.513 INFO             PET1 ESMF library build location : /mnt/lfs4/HFIP/hfv3gfs/Mark.Potts/gfortran_9.2.0_openmpi_g_develop
20210811 044613.513 INFO             PET1 ESMF_COMM                   : openmpi
20210811 044613.513 INFO             PET1 ESMF_MOAB                   : enabled
20210811 044613.513 INFO             PET1 ESMF_LAPACK                 : enabled
20210811 044613.513 INFO             PET1 ESMF_NETCDF                 : enabled
20210811 044613.513 INFO             PET1 ESMF_PNETCDF                : disabled
20210811 044613.513 INFO             PET1 ESMF_PIO                    : enabled
20210811 044613.513 INFO             PET1 ESMF_YAMLCPP                : enabled
20210811 044613.648 DEBUG            PET1 about to destroy Grid: 0x13650c0
20210811 044613.672 DEBUG            PET1 about to destroy Grid: 0x1366120
20210811 044613.715 INFO             PET1  NUMBER_OF_PROCESSORS           4
20210811 044613.715 INFO             PET1  PASS  Example ESMF_NUOPCAtmModelEx, ESMF_NUOPCAtmModelEx.F90, line 806
20210811 044613.715 INFO             PET1 Finalizing ESMF
20210811 044613.512 INFO             PET2 !!!!!!!!!!!!!!!!!!!!!!!!!!!!!!!!!!!!!!!!!!!!!!!!!!!!!!
20210811 044613.512 INFO             PET2 !!! THE ESMF_LOG IS SET TO OUTPUT ALL LOG MESSAGES !!!
20210811 044613.512 INFO             PET2 !!!     THIS MAY CAUSE SLOWDOWN IN PERFORMANCE     !!!
20210811 044613.512 INFO             PET2 !!! FOR PRODUCTION RUNS, USE:                      !!!
20210811 044613.512 INFO             PET2 !!!                   ESMF_LOGKIND_Multi_On_Error  !!!
20210811 044613.512 INFO             PET2 !!!!!!!!!!!!!!!!!!!!!!!!!!!!!!!!!!!!!!!!!!!!!!!!!!!!!!
20210811 044613.512 INFO             PET2 Running with ESMF Version   : ESMF_8_2_0_beta_snapshot_15
20210811 044613.512 INFO             PET2 ESMF library build date/time: "Aug 11 2021" "04:14:39"
20210811 044613.512 INFO             PET2 ESMF library build location : /mnt/lfs4/HFIP/hfv3gfs/Mark.Potts/gfortran_9.2.0_openmpi_g_develop
20210811 044613.512 INFO             PET2 ESMF_COMM                   : openmpi
20210811 044613.513 INFO             PET2 ESMF_MOAB                   : enabled
20210811 044613.513 INFO             PET2 ESMF_LAPACK                 : enabled
20210811 044613.513 INFO             PET2 ESMF_NETCDF                 : enabled
20210811 044613.513 INFO             PET2 ESMF_PNETCDF                : disabled
20210811 044613.513 INFO             PET2 ESMF_PIO                    : enabled
20210811 044613.513 INFO             PET2 ESMF_YAMLCPP                : enabled
20210811 044613.648 DEBUG            PET2 about to destroy Grid: 0x15f96b0
20210811 044613.672 DEBUG            PET2 about to destroy Grid: 0x15fa9c0
20210811 044613.715 INFO             PET2  NUMBER_OF_PROCESSORS           4
20210811 044613.715 INFO             PET2  PASS  Example ESMF_NUOPCAtmModelEx, ESMF_NUOPCAtmModelEx.F90, line 806
20210811 044613.715 INFO             PET2 Finalizing ESMF
20210811 044613.512 INFO             PET3 !!!!!!!!!!!!!!!!!!!!!!!!!!!!!!!!!!!!!!!!!!!!!!!!!!!!!!
20210811 044613.512 INFO             PET3 !!! THE ESMF_LOG IS SET TO OUTPUT ALL LOG MESSAGES !!!
20210811 044613.512 INFO             PET3 !!!     THIS MAY CAUSE SLOWDOWN IN PERFORMANCE     !!!
20210811 044613.512 INFO             PET3 !!! FOR PRODUCTION RUNS, USE:                      !!!
20210811 044613.512 INFO             PET3 !!!                   ESMF_LOGKIND_Multi_On_Error  !!!
20210811 044613.512 INFO             PET3 !!!!!!!!!!!!!!!!!!!!!!!!!!!!!!!!!!!!!!!!!!!!!!!!!!!!!!
20210811 044613.512 INFO             PET3 Running with ESMF Version   : ESMF_8_2_0_beta_snapshot_15
20210811 044613.512 INFO             PET3 ESMF library build date/time: "Aug 11 2021" "04:14:39"
20210811 044613.512 INFO             PET3 ESMF library build location : /mnt/lfs4/HFIP/hfv3gfs/Mark.Potts/gfortran_9.2.0_openmpi_g_develop
20210811 044613.512 INFO             PET3 ESMF_COMM                   : openmpi
20210811 044613.513 INFO             PET3 ESMF_MOAB                   : enabled
20210811 044613.513 INFO             PET3 ESMF_LAPACK                 : enabled
20210811 044613.513 INFO             PET3 ESMF_NETCDF                 : enabled
20210811 044613.513 INFO             PET3 ESMF_PNETCDF                : disabled
20210811 044613.513 INFO             PET3 ESMF_PIO                    : enabled
20210811 044613.513 INFO             PET3 ESMF_YAMLCPP                : enabled
20210811 044613.648 DEBUG            PET3 about to destroy Grid: 0x17664e0
20210811 044613.672 DEBUG            PET3 about to destroy Grid: 0x17673a0
20210811 044613.715 INFO             PET3  NUMBER_OF_PROCESSORS           4
20210811 044613.715 INFO             PET3  PASS  Example ESMF_NUOPCAtmModelEx, ESMF_NUOPCAtmModelEx.F90, line 806
20210811 044613.715 INFO             PET3 Finalizing ESMF
