build time -- 2021-06-21 04:34:41
Hi there from socketServerInit()
Hi there from socketServerInit()
socketServerInit waited: 2
Hi there from socketClientInit() with timeout 10
socketClientInit connect(), not yet established... continue: Operation now in progress
socketServerInit waited: 2.00321
socketServerInit: CONNECTED!
socketClientInit: getsockopt() at 0.000109249 SO_ERROR: Success
socketClientInit waited: 0.000109249
Hi there from socketSend()
socketClientInit: CONNECTED!
Hi there from socketRecv()
socketSend: buffer size=41, bytes sent=41
Hi there from socketRecv()
socketRecv: buffer size=160, bytes recvd=41
Hi there from socketSend()
socketSend: buffer size=9, bytes sent=9
Hi there from socketRecv()
socketRecv: buffer size=160, bytes recvd=9
Hi there from socketSend()
socketSend: buffer size=43, bytes sent=43
socketRecv: buffer size=160, bytes recvd=43
calling CompTunnel::execute() for name: InitializeIC01P
in CompTunnel::execute() ... call CompTunnel::dual2actual() with method 7
calling CompTunnel::execute() for name: InitializeIC01P
in CompTunnel::execute() ... call CompTunnel::dual2actual() with method 7
calling CompTunnel::execute() for name: InitializeIC01P
in CompTunnel::execute() ... call CompTunnel::dual2actual() with method 7
Hi there from socketSend()
socketSend: buffer size=4, bytes sent=4
Hi there from socketRecv()
socketRecv: buffer size=4, bytes recvd=4
calling CompTunnel::execute() for name: InitializeIC01P
in CompTunnel::execute() ... call CompTunnel::wait, cargo=0x17334b0
calling CompTunnel::execute() for name: InitializeIC01P
in CompTunnel::execute() ... call CompTunnel::wait, cargo=0xa5ad40
in CompTunnel::execute() ... call CompTunnel::wait really calling
calling CompTunnel::wait() for name: InitializeIC01P
in CompTunnel::wait() ... 
calling CompTunnel::execute() for name: InitializeIC01P
in CompTunnel::execute() ... call CompTunnel::wait, cargo=0x2885c50
in CompTunnel::execute() ... call CompTunnel::wait really calling
calling CompTunnel::wait() for name: InitializeIC01P
in CompTunnel::wait() ... 
in CompTunnel::execute() ... call CompTunnel::wait really calling
calling CompTunnel::wait() for name: InitializeIC01P
in CompTunnel::wait() ... 
Hi there from socketSend()
socketSend: buffer size=4, bytes sent=4
Hi there from socketRecv()
Hi there from socketRecv()
socketRecv: buffer size=4, bytes recvd=4
Hi there from socketSend()
socketSend: buffer size=8, bytes sent=8
socketRecv: buffer size=8, bytes recvd=8
Hi there from socketRecv()
in CompTunnel::wait() ... received RC=0, userRC=0
in CompTunnel::wait() ... received RC=0, userRC=0
calling CompTunnel::execute() for name: RunIC01P
in CompTunnel::execute() ... call CompTunnel::dual2actual() with method 8
in CompTunnel::wait() ... received RC=0, userRC=0
calling CompTunnel::execute() for name: RunIC01P
in CompTunnel::execute() ... call CompTunnel::dual2actual() with method 8
calling CompTunnel::execute() for name: RunIC01P
in CompTunnel::execute() ... call CompTunnel::dual2actual() with method 8
Hi there from socketSend()
socketRecv: buffer size=4, bytes recvd=4
socketSend: buffer size=4, bytes sent=4
Hi there from socketSend()
socketSend: buffer size=4, bytes sent=4
calling CompTunnel::execute() for name: RunIC01P
in CompTunnel::execute() ... call CompTunnel::wait, cargo=0xa5ad40
in CompTunnel::execute() ... call CompTunnel::wait really calling
calling CompTunnel::wait() for name: RunIC01P
in CompTunnel::wait() ... 
calling CompTunnel::execute() for name: RunIC01P
in CompTunnel::execute() ... call CompTunnel::wait, cargo=0x17334b0
in CompTunnel::execute() ... call CompTunnel::wait really calling
calling CompTunnel::wait() for name: RunIC01P
in CompTunnel::wait() ... 
calling CompTunnel::execute() for name: RunIC01P
in CompTunnel::execute() ... call CompTunnel::wait, cargo=0x2885c50
in CompTunnel::execute() ... call CompTunnel::wait really calling
calling CompTunnel::wait() for name: RunIC01P
in CompTunnel::wait() ... 
Hi there from socketRecv()
Hi there from socketRecv()
socketRecv: buffer size=4, bytes recvd=4
Hi there from socketSend()
socketSend: buffer size=8, bytes sent=8
socketRecv: buffer size=8, bytes recvd=8
Hi there from socketRecv()
in CompTunnel::wait() ... received RC=0, userRC=0
in CompTunnel::wait() ... received RC=0, userRC=0
calling CompTunnel::execute() for name: FinalizeIC01P
in CompTunnel::execute() ... call CompTunnel::dual2actual() with method 9
calling CompTunnel::execute() for name: FinalizeIC01P
in CompTunnel::execute() ... call CompTunnel::wait, cargo=0x17334b0
in CompTunnel::execute() ... call CompTunnel::wait really calling
calling CompTunnel::wait() for name: FinalizeIC01P
in CompTunnel::wait() ... 
in CompTunnel::wait() ... received RC=0, userRC=0
calling CompTunnel::execute() for name: FinalizeIC01P
in CompTunnel::execute() ... call CompTunnel::dual2actual() with method 9
calling CompTunnel::execute() for name: FinalizeIC01P
in CompTunnel::execute() ... call CompTunnel::wait, cargo=0x2885c50
in CompTunnel::execute() ... call CompTunnel::wait really calling
calling CompTunnel::wait() for name: FinalizeIC01P
in CompTunnel::wait() ... 
calling CompTunnel::execute() for name: FinalizeIC01P
in CompTunnel::execute() ... call CompTunnel::dual2actual() with method 9
calling CompTunnel::execute() for name: FinalizeIC01P
in CompTunnel::execute() ... call CompTunnel::wait, cargo=0xa5ad40
in CompTunnel::execute() ... call CompTunnel::wait really calling
calling CompTunnel::wait() for name: FinalizeIC01P
in CompTunnel::wait() ... 
Hi there from socketSend()
socketSend: buffer size=4, bytes sent=4
Hi there from socketSend()
socketSend: buffer size=4, bytes sent=4
Hi there from socketRecv()
socketRecv: buffer size=4, bytes recvd=4
Hi there from socketRecv()
socketRecv: buffer size=4, bytes recvd=4
Hi there from socketSend()
socketSend: buffer size=8, bytes sent=8
socketRecv: buffer size=8, bytes recvd=8
Hi there from socketRecv()
in CompTunnel::wait() ... received RC=0, userRC=0
in CompTunnel::wait() ... received RC=0, userRC=0
in CompTunnel::wait() ... received RC=0, userRC=0
calling CompTunnel::execute() for name: InitializeIC01P
in CompTunnel::execute() ... call CompTunnel::dual2actual() with method 7
calling CompTunnel::execute() for name: InitializeIC01P
in CompTunnel::execute() ... call CompTunnel::dual2actual() with method 7
calling CompTunnel::execute() for name: InitializeIC01P
in CompTunnel::execute() ... call CompTunnel::dual2actual() with method 7
Hi there from socketSend()
socketSend: buffer size=4, bytes sent=4
socketRecv: buffer size=4, bytes recvd=4
Hi there from socketSend()
socketSend: buffer size=4, bytes sent=4
calling CompTunnel::execute() for name: InitializeIC01P
in CompTunnel::execute() ... call CompTunnel::wait, cargo=0x17334b0
in CompTunnel::execute() ... call CompTunnel::wait really calling
calling CompTunnel::wait() for name: InitializeIC01P
in CompTunnel::wait() ... 
calling CompTunnel::execute() for name: InitializeIC01P
in CompTunnel::execute() ... call CompTunnel::wait, cargo=0xa5ad40
in CompTunnel::execute() ... call CompTunnel::wait really calling
calling CompTunnel::wait() for name: InitializeIC01P
in CompTunnel::wait() ... 
calling CompTunnel::execute() for name: InitializeIC01P
in CompTunnel::execute() ... call CompTunnel::wait, cargo=0x2889150
in CompTunnel::execute() ... call CompTunnel::wait really calling
calling CompTunnel::wait() for name: InitializeIC01P
in CompTunnel::wait() ... 
Hi there from socketRecv()
Hi there from socketRecv()
socketRecv: buffer size=4, bytes recvd=4
Hi there from socketSend()
socketSend: buffer size=8, bytes sent=8
socketRecv: buffer size=8, bytes recvd=8
Hi there from socketRecv()
in CompTunnel::wait() ... received RC=0, userRC=0
calling CompTunnel::execute() for name: InitializeIC01P
in CompTunnel::execute() ... call CompTunnel::dual2actual() with method 7
in CompTunnel::wait() ... received RC=0, userRC=0
calling CompTunnel::execute() for name: InitializeIC01P
in CompTunnel::execute() ... call CompTunnel::dual2actual() with method 7
in CompTunnel::wait() ... received RC=0, userRC=0
calling CompTunnel::execute() for name: InitializeIC01P
in CompTunnel::execute() ... call CompTunnel::dual2actual() with method 7
Hi there from socketSend()
calling CompTunnel::execute() for name: InitializeIC01P
in CompTunnel::execute() ... call CompTunnel::wait, cargo=0x17334b0
in CompTunnel::execute() ... call CompTunnel::wait really calling
calling CompTunnel::wait() for name: InitializeIC01P
in CompTunnel::wait() ... 
calling CompTunnel::execute() for name: InitializeIC01P
in CompTunnel::execute() ... call CompTunnel::wait, cargo=0xa5ad40
in CompTunnel::execute() ... call CompTunnel::wait really calling
calling CompTunnel::wait() for name: InitializeIC01P
in CompTunnel::wait() ... 
calling CompTunnel::execute() for name: InitializeIC01P
in CompTunnel::execute() ... call CompTunnel::wait, cargo=0x2885c50
in CompTunnel::execute() ... call CompTunnel::wait really calling
calling CompTunnel::wait() for name: InitializeIC01P
in CompTunnel::wait() ... 
socketRecv: buffer size=4, bytes recvd=4
Hi there from socketRecv()
socketSend: buffer size=4, bytes sent=4
Hi there from socketSend()
socketSend: buffer size=4, bytes sent=4
Hi there from socketRecv()
socketRecv: buffer size=4, bytes recvd=4
Hi there from socketSend()
socketSend: buffer size=8, bytes sent=8
socketRecv: buffer size=8, bytes recvd=8
Hi there from socketRecv()
in CompTunnel::wait() ... received RC=0, userRC=0
in CompTunnel::wait() ... received RC=0, userRC=0
calling CompTunnel::execute() for name: RunIC01P
in CompTunnel::execute() ... call CompTunnel::dual2actual() with method 8
in CompTunnel::wait() ... received RC=0, userRC=0
calling CompTunnel::execute() for name: RunIC01P
in CompTunnel::execute() ... call CompTunnel::dual2actual() with method 8
calling CompTunnel::execute() for name: RunIC01P
in CompTunnel::execute() ... call CompTunnel::dual2actual() with method 8
Hi there from socketSend()
socketRecv: buffer size=4, bytes recvd=4
socketSend: buffer size=4, bytes sent=4
Hi there from socketSend()
calling CompTunnel::execute() for name: RunIC01P
in CompTunnel::execute() ... call CompTunnel::wait, cargo=0x173ad10
in CompTunnel::execute() ... call CompTunnel::wait really calling
calling CompTunnel::wait() for name: RunIC01P
calling CompTunnel::execute() for name: RunIC01P
in CompTunnel::execute() ... call CompTunnel::wait, cargo=0xa5ad40
in CompTunnel::execute() ... call CompTunnel::wait really calling
calling CompTunnel::wait() for name: RunIC01P
in CompTunnel::wait() ... 
calling CompTunnel::execute() for name: RunIC01P
in CompTunnel::execute() ... call CompTunnel::wait, cargo=0x2885c50
in CompTunnel::execute() ... call CompTunnel::wait really calling
calling CompTunnel::wait() for name: RunIC01P
in CompTunnel::wait() ... 
in CompTunnel::wait() ... 
socketSend: buffer size=4, bytes sent=4
Hi there from socketRecv()
Hi there from socketRecv()
socketRecv: buffer size=4, bytes recvd=4
Hi there from socketSend()
socketSend: buffer size=8, bytes sent=8
socketRecv: buffer size=8, bytes recvd=8
Hi there from socketRecv()
in CompTunnel::wait() ... received RC=0, userRC=0
in CompTunnel::wait() ... received RC=0, userRC=0
calling CompTunnel::execute() for name: None01P
in CompTunnel::execute() ... call CompTunnel::dual2actual() with method 0
in CompTunnel::wait() ... received RC=0, userRC=0
calling CompTunnel::execute() for name: None01P
in CompTunnel::execute() ... call CompTunnel::dual2actual() with method 0
calling CompTunnel::execute() for name: None01P
in CompTunnel::execute() ... call CompTunnel::dual2actual() with method 0
Hi there from socketSend()
socketRecv: buffer size=4, bytes recvd=4
socketSend: buffer size=4, bytes sent=4
Hi there from socketRecv()
Hi there from socketSend()
calling CompTunnel::execute() for name: None01P
in CompTunnel::execute() ... call CompTunnel::wait, cargo=0x2885c50
in CompTunnel::execute() ... call CompTunnel::wait really calling
socketSend: buffer size=4, bytes sent=4
calling CompTunnel::wait() for name: None01P
in CompTunnel::wait() ... 
Hi there from socketRecv()
calling CompTunnel::execute() for name: None01P
in CompTunnel::execute() ... call CompTunnel::wait, cargo=0x173ad10
in CompTunnel::execute() ... call CompTunnel::wait really calling
calling CompTunnel::wait() for name: None01P
in CompTunnel::wait() ... 
calling CompTunnel::execute() for name: None01P
in CompTunnel::execute() ... call CompTunnel::wait, cargo=0xa5ad40
in CompTunnel::execute() ... call CompTunnel::wait really calling
calling CompTunnel::wait() for name: None01P
in CompTunnel::wait() ... 
socketRecv: buffer size=4, bytes recvd=4
Hi there from socketSend()
socketSend: buffer size=8, bytes sent=8
socketRecv: buffer size=8, bytes recvd=8
in CompTunnel::wait() ... received RC=0, userRC=0
in CompTunnel::wait() ... received RC=0, userRC=0
in CompTunnel::wait() ... received RC=0, userRC=0
  PASS  Example ESMF_CompTunnelEx, ESMF_CompTunnelEx.F90, line 549
 PASS: ESMF_CompTunnelEx.F90
  PASS  Example ESMF_CompTunnelEx, ESMF_CompTunnelEx.F90, line 549
 PASS: ESMF_CompTunnelEx.F90
  PASS  Example ESMF_CompTunnelEx, ESMF_CompTunnelEx.F90, line 549
 PASS: ESMF_CompTunnelEx.F90
  PASS  Example ESMF_CompTunnelEx, ESMF_CompTunnelEx.F90, line 549
 PASS: ESMF_CompTunnelEx.F90
  PASS  Example ESMF_CompTunnelEx, ESMF_CompTunnelEx.F90, line 549
 PASS: ESMF_CompTunnelEx.F90
  PASS  Example ESMF_CompTunnelEx, ESMF_CompTunnelEx.F90, line 549
 PASS: ESMF_CompTunnelEx.F90

Program received signal SIGSEGV: Segmentation fault - invalid memory reference.

Backtrace for this error:

Program received signal SIGSEGV: Segmentation fault - invalid memory reference.

Backtrace for this error:

Program received signal SIGSEGV: Segmentation fault - invalid memory reference.

Backtrace for this error:

Program received signal SIGSEGV: Segmentation fault - invalid memory reference.

Backtrace for this error:

Program received signal SIGSEGV: Segmentation fault - invalid memory reference.

Backtrace for this error:

Program received signal SIGSEGV: Segmentation fault - invalid memory reference.

Backtrace for this error:
#0  0x2b6ed94f03ff in ???
#0  0x2b3d5e8663ff in ???
#0  0x2b1ab9f963ff in ???
#0  0x2ae0ce0323ff in ???
#0  0x2accd898f3ff in ???
#0  0x2ab6bc1ca3ff in ???
--------------------------------------------------------------------------
Primary job  terminated normally, but 1 process returned
a non-zero exit code. Per user-direction, the job has been aborted.
--------------------------------------------------------------------------
--------------------------------------------------------------------------
mpirun noticed that process rank 1 with PID 25263 on node x745 exited on signal 11 (Segmentation fault).
--------------------------------------------------------------------------
