build time -- 2021-06-21 04:34:41
  PASS  Example ESMF_FieldRegridEx, ESMF_FieldRegridEx.F90, line 352
  PASS  Example ESMF_FieldRegridEx, ESMF_FieldRegridEx.F90, line 352
  PASS  Example ESMF_FieldRegridEx, ESMF_FieldRegridEx.F90, line 352
  PASS  Example ESMF_FieldRegridEx, ESMF_FieldRegridEx.F90, line 352

Program received signal SIGSEGV: Segmentation fault - invalid memory reference.

Backtrace for this error:

Program received signal SIGSEGV: Segmentation fault - invalid memory reference.

Backtrace for this error:

Program received signal SIGSEGV: Segmentation fault - invalid memory reference.

Backtrace for this error:

Program received signal SIGSEGV: Segmentation fault - invalid memory reference.

Backtrace for this error:
#0  0x2ad48c2193ff in ???
#0  0x2b4f0014a3ff in ???
#0  0x2b6cfead73ff in ???
#0  0x2ab09c1e73ff in ???
--------------------------------------------------------------------------
Primary job  terminated normally, but 1 process returned
a non-zero exit code. Per user-direction, the job has been aborted.
--------------------------------------------------------------------------
--------------------------------------------------------------------------
mpirun noticed that process rank 3 with PID 19876 on node x745 exited on signal 11 (Segmentation fault).
--------------------------------------------------------------------------
