build time -- 2021-06-21 04:34:41
           1 -           1           2 -           3           2 -   0.00000000       0.00000000       0.00000000    
           0 -           1           1 -           3           1 -   0.00000000       0.00000000       1.30000007    
           2 -           1           3 -           3           3 -   0.00000000       2.25000000       0.00000000    
           3 -           1           4 -           3           4 -   0.00000000       0.00000000       3.09999990    
  PASS  Example ESMF_FieldSMMEx, ESMF_FieldSMMEx.F90, line 419
  PASS  Example ESMF_FieldSMMEx, ESMF_FieldSMMEx.F90, line 419
  PASS  Example ESMF_FieldSMMEx, ESMF_FieldSMMEx.F90, line 419
  PASS  Example ESMF_FieldSMMEx, ESMF_FieldSMMEx.F90, line 419

Program received signal SIGSEGV: Segmentation fault - invalid memory reference.

Backtrace for this error:

Program received signal SIGSEGV: Segmentation fault - invalid memory reference.

Backtrace for this error:

Program received signal SIGSEGV: Segmentation fault - invalid memory reference.

Backtrace for this error:

Program received signal SIGSEGV: Segmentation fault - invalid memory reference.

Backtrace for this error:
#0  0x2af6194963ff in ???
#0  0x2b403f3dd3ff in ???
#0  0x2b33624523ff in ???
#0  0x2b6f13bd73ff in ???
--------------------------------------------------------------------------
Primary job  terminated normally, but 1 process returned
a non-zero exit code. Per user-direction, the job has been aborted.
--------------------------------------------------------------------------
--------------------------------------------------------------------------
mpirun noticed that process rank 3 with PID 21050 on node x745 exited on signal 11 (Segmentation fault).
--------------------------------------------------------------------------
