build time -- 2021-06-18 04:03:00
 Application Example 1:
 Application Example 1:
 Application Example 1:
 Application Example 1:
 Comp Create returned, name = Atmosphere Model Coupler
 Comp Create returned, name = Atmosphere Model Coupler
 Comp Create returned, name = Atmosphere Model Coupler
 Comp Create returned, name = Atmosphere Model Coupler
 Coupler Init starting
 Coupler Init returning
 Comp Initialize complete
 Coupler Init starting
 Coupler Init returning
 Comp Initialize complete
 Coupler Run starting
 Coupler Run returning
 Coupler Init starting
 Coupler Init returning
 Comp Initialize complete
 Coupler Run starting
 Coupler Run returning
 Coupler Run starting
 Coupler Run returning
 Coupler Init starting
 Coupler Init returning
 Comp Initialize complete
 Coupler Run starting
 Coupler Run returning
 Coupler Run starting
 Coupler Run returning
 Coupler Run starting
 Coupler Run returning
 Coupler Run starting
 Coupler Run returning
 Coupler Run starting
 Coupler Run returning
 Coupler Run starting
 Coupler Run returning
 Coupler Run starting
 Coupler Run starting
 Coupler Run returning
 Coupler Run starting
 Coupler Run returning
 Coupler Run starting
 Coupler Run returning
 Comp Run complete
 Coupler Final starting
 Coupler Final returning
 Coupler Run starting
 Coupler Run returning
 Coupler Run starting
 Coupler Run returning
 Comp Run complete
 Coupler Final starting
 Coupler Run returning
 Coupler Run starting
 Coupler Run returning
 Comp Run complete
 Coupler Final starting
 Coupler Final returning
 Comp Run complete
 Coupler Final starting
 Coupler Final returning
 Comp Finalize complete
 Comp Finalize complete
 Comp Finalize complete
 Coupler Final returning
 Comp Finalize complete
 Destroy calls returned
 Application Example 1 finished
 Destroy calls returned
 Application Example 1 finished
 Destroy calls returned
 Application Example 1 finished
 Destroy calls returned
 Application Example 1 finished
  PASS  Example ESMF_CplEx, ESMF_CplEx.F90, line 457
  PASS  Example ESMF_CplEx, ESMF_CplEx.F90, line 457
  PASS  Example ESMF_CplEx, ESMF_CplEx.F90, line 457
  PASS  Example ESMF_CplEx, ESMF_CplEx.F90, line 457

Program received signal SIGSEGV: Segmentation fault - invalid memory reference.

Backtrace for this error:

Program received signal SIGSEGV: Segmentation fault - invalid memory reference.

Backtrace for this error:

Program received signal SIGSEGV: Segmentation fault - invalid memory reference.

Backtrace for this error:

Program received signal SIGSEGV: Segmentation fault - invalid memory reference.

Backtrace for this error:
#0  0x2b26e65da3ff in ???
#0  0x2ba5a34203ff in ???
#0  0x2abf7a2323ff in ???
#0  0x2acc1a8463ff in ???
--------------------------------------------------------------------------
Primary job  terminated normally, but 1 process returned
a non-zero exit code. Per user-direction, the job has been aborted.
--------------------------------------------------------------------------
--------------------------------------------------------------------------
mpirun noticed that process rank 2 with PID 8477 on node x756 exited on signal 11 (Segmentation fault).
--------------------------------------------------------------------------
