build time -- 2021-06-22 04:05:23
 got same values back from GetInternalState as original
 got same values back from GetInternalState as original
 got same values back from GetInternalState as original
 got same values back from GetInternalState as original
  PASS  Example ESMF_InternalStateModEx, ESMF_InternalStateModEx.F90, line 239
  PASS  Example ESMF_InternalStateModEx, ESMF_InternalStateModEx.F90, line 239
  PASS  Example ESMF_InternalStateModEx, ESMF_InternalStateModEx.F90, line 239
  PASS  Example ESMF_InternalStateModEx, ESMF_InternalStateModEx.F90, line 239

Program received signal SIGSEGV: Segmentation fault - invalid memory reference.

Backtrace for this error:

Program received signal SIGSEGV: Segmentation fault - invalid memory reference.

Backtrace for this error:

Program received signal SIGSEGV: Segmentation fault - invalid memory reference.

Backtrace for this error:

Program received signal SIGSEGV: Segmentation fault - invalid memory reference.

Backtrace for this error:
#0  0x2aad02e2f3ff in ???
#0  0x2b7e35fab3ff in ???
#0  0x2b25cc5e53ff in ???
#0  0x2acf941663ff in ???
--------------------------------------------------------------------------
Primary job  terminated normally, but 1 process returned
a non-zero exit code. Per user-direction, the job has been aborted.
--------------------------------------------------------------------------
--------------------------------------------------------------------------
mpirun noticed that process rank 3 with PID 25088 on node x742 exited on signal 11 (Segmentation fault).
--------------------------------------------------------------------------
