build time -- 2021-06-20 04:03:52
  PASS  Example ESMF_ArrayCommNBEx, ESMF_ArrayCommNBEx.F90, line 277
  PASS  Example ESMF_ArrayCommNBEx, ESMF_ArrayCommNBEx.F90, line 277
  PASS  Example ESMF_ArrayCommNBEx, ESMF_ArrayCommNBEx.F90, line 277
  PASS  Example ESMF_ArrayCommNBEx, ESMF_ArrayCommNBEx.F90, line 277

Program received signal SIGSEGV: Segmentation fault - invalid memory reference.

Backtrace for this error:

Program received signal SIGSEGV: Segmentation fault - invalid memory reference.

Backtrace for this error:

Program received signal SIGSEGV: Segmentation fault - invalid memory reference.

Backtrace for this error:

Program received signal SIGSEGV: Segmentation fault - invalid memory reference.

Backtrace for this error:
#0  0x2af2824b83ff in ???
#0  0x2aff4d8de3ff in ???
#0  0x2ac1c9af83ff in ???
#0  0x2b3c5d30a3ff in ???
--------------------------------------------------------------------------
Primary job  terminated normally, but 1 process returned
a non-zero exit code. Per user-direction, the job has been aborted.
--------------------------------------------------------------------------
--------------------------------------------------------------------------
mpirun noticed that process rank 1 with PID 19631 on node x742 exited on signal 11 (Segmentation fault).
--------------------------------------------------------------------------
