build time -- 2021-09-21 16:32:49
gnu/8.0
-------------------------------------------------------------------------------
There are messages associated with the following module(s):
-------------------------------------------------------------------------------

netcdf-hdf5parallel/4.7.4:
   This module is being renamed to netcdf/4.7.4, same as the serial
   counterpart. Please change your scripts by 9/22 when the old version will
   be removed.

-------------------------------------------------------------------------------

-------------------------------------------------------------------------------
There are messages associated with the following module(s):
-------------------------------------------------------------------------------

hdf5-parallel/1.10.6:
   This module is being renamed to hdf5/1.10.6, same as the serial
   counterpart. Please change your scripts by 9/22 when the old version will
   be removed.

-------------------------------------------------------------------------------

+ export ESMF_NETCDF=nc-config
+ ESMF_NETCDF=nc-config
+ export ESMF_OS=Linux
+ ESMF_OS=Linux
+ export ESMF_CXXCOMPILER=CC
+ ESMF_CXXCOMPILER=CC
+ export ESMF_F90COMPILER=ftn
+ ESMF_F90COMPILER=ftn
+ export ESMF_CXXLINKER=CC
+ ESMF_CXXLINKER=CC
+ export ESMF_F90LINKER=ftn
+ ESMF_F90LINKER=ftn
+ export ESMF_MPIRUN=mpirun.unicos
+ ESMF_MPIRUN=mpirun.unicos
+ export 'ESMF_F90COMPILEOPTS=-fallow-argument-mismatch -fallow-invalid-boz'
+ ESMF_F90COMPILEOPTS='-fallow-argument-mismatch -fallow-invalid-boz'
+ export ESMF_NFCONFIG=nf-config
+ ESMF_NFCONFIG=nf-config
+ export 'ESMF_CXXLINKOPTS=-fPIC -lnetcdff -lnetcdff'
+ ESMF_CXXLINKOPTS='-fPIC -lnetcdff -lnetcdff'
+ sed -i s/aprun/mpiexec/ scripts/mpirun.unicos
sed: can't read scripts/mpirun.unicos: No such file or directory
+ export ESMF_DIR=/lfs/h1/emc/ptmp/Mark.Potts/gfortran_10.3.0_mpich3_O_develop
+ ESMF_DIR=/lfs/h1/emc/ptmp/Mark.Potts/gfortran_10.3.0_mpich3_O_develop
+ export ESMF_COMPILER=gfortran
+ ESMF_COMPILER=gfortran
+ export ESMF_COMM=mpich3
+ ESMF_COMM=mpich3
+ export ESMF_BOPT=O
+ ESMF_BOPT=O
+ export ESMF_TESTEXHAUSTIVE=ON
+ ESMF_TESTEXHAUSTIVE=ON
+ export ESMF_TESTWITHTHREADS=ON
+ ESMF_TESTWITHTHREADS=ON
+ python3 setup.py test_examples_dryrun
running test_examples_dryrun
Retrieving http://data.earthsystemmodeling.org/download/data/aggregAtlanticESTOFS.nc...

Retrieving http://data.earthsystemmodeling.org/download/data/GRIDSPEC_ACCESS1.nc...

Retrieving http://data.earthsystemmodeling.org/download/data/ll1deg_grid.nc...

Retrieving http://data.earthsystemmodeling.org/download/data/ll2.5deg_grid.nc...

Retrieving http://data.earthsystemmodeling.org/download/data/mpas_uniform_10242_dual_counterclockwise.nc...

Retrieving http://data.earthsystemmodeling.org/download/data/so_Omon_GISS-E2.nc...

Retrieving http://data.earthsystemmodeling.org/download/data/T42_grid.nc...

error: [Errno 2] No such file or directory: 'nosetests': 'nosetests'
+ python3 setup.py test_regrid_from_file_dryrun
running test_regrid_from_file_dryrun
Retrieving http://data.earthsystemmodeling.org/download/data/ll2.5deg_grid.nc...

Retrieving http://data.earthsystemmodeling.org/download/data/T42_grid.nc...

Retrieving http://data.earthsystemmodeling.org/download/data/ll1deg_grid.nc...

Retrieving http://data.earthsystemmodeling.org/download/data/wr50a_090614.nc...

Retrieving http://data.earthsystemmodeling.org/download/data/mpas_uniform_10242.nc...

Retrieving http://data.earthsystemmodeling.org/download/data/mpas_uniform_10242_dual.nc...

Retrieving http://data.earthsystemmodeling.org/download/data/ne60np4_pentagons_100408.nc...

Retrieving http://data.earthsystemmodeling.org/download/data/GRIDSPEC_ACCESS1.nc...

Retrieving http://data.earthsystemmodeling.org/download/data/SCRIP_1x1.nc...

Retrieving http://data.earthsystemmodeling.org/download/data/FVCOM_grid2d.nc...

Retrieving http://data.earthsystemmodeling.org/download/data/ne4np4-esmf.nc...

RESULT: PASS - regrid_from_file_dryrun ok


+ python3 setup.py test_regrid_from_file_dryrun
running test_regrid_from_file_dryrun
RESULT: PASS - regrid_from_file_dryrun ok


