build time -- 2021-09-15 04:09:47.731277
20210915 050823.226 INFO             PET0 !!!!!!!!!!!!!!!!!!!!!!!!!!!!!!!!!!!!!!!!!!!!!!!!!!!!!!
20210915 050823.227 INFO             PET0 !!! THE ESMF_LOG IS SET TO OUTPUT ALL LOG MESSAGES !!!
20210915 050823.227 INFO             PET0 !!!     THIS MAY CAUSE SLOWDOWN IN PERFORMANCE     !!!
20210915 050823.227 INFO             PET0 !!! FOR PRODUCTION RUNS, USE:                      !!!
20210915 050823.227 INFO             PET0 !!!                   ESMF_LOGKIND_Multi_On_Error  !!!
20210915 050823.227 INFO             PET0 !!!!!!!!!!!!!!!!!!!!!!!!!!!!!!!!!!!!!!!!!!!!!!!!!!!!!!
20210915 050823.227 INFO             PET0 Running with ESMF Version   : ESMF_8_2_0_beta_snapshot_18-42-gb11ffe55a6
20210915 050823.227 INFO             PET0 ESMF library build date/time: "Sep 15 2021" "04:04:20"
20210915 050823.227 INFO             PET0 ESMF library build location : /glade/scratch/mpotts/intel_18.0.5_intelmpi_g_develop
20210915 050823.227 INFO             PET0 ESMF_COMM                   : intelmpi
20210915 050823.227 INFO             PET0 ESMF_MOAB                   : enabled
20210915 050823.227 INFO             PET0 ESMF_LAPACK                 : enabled
20210915 050823.227 INFO             PET0 ESMF_NETCDF                 : enabled
20210915 050823.227 INFO             PET0 ESMF_PNETCDF                : disabled
20210915 050823.227 INFO             PET0 ESMF_PIO                    : enabled
20210915 050823.227 INFO             PET0 ESMF_YAMLCPP                : enabled
20210915 050823.362 DEBUG            PET0 about to destroy Grid: 0x1d9b790
20210915 050823.387 DEBUG            PET0 about to destroy Grid: 0x1d9d5c0
20210915 050823.433 INFO             PET0  NUMBER_OF_PROCESSORS           4
20210915 050823.433 INFO             PET0  PASS  Example ESMF_NUOPCAtmModelEx, ESMF_NUOPCAtmModelEx.F90, line 806
20210915 050823.433 INFO             PET0 Finalizing ESMF
20210915 050823.227 INFO             PET1 !!!!!!!!!!!!!!!!!!!!!!!!!!!!!!!!!!!!!!!!!!!!!!!!!!!!!!
20210915 050823.227 INFO             PET1 !!! THE ESMF_LOG IS SET TO OUTPUT ALL LOG MESSAGES !!!
20210915 050823.227 INFO             PET1 !!!     THIS MAY CAUSE SLOWDOWN IN PERFORMANCE     !!!
20210915 050823.227 INFO             PET1 !!! FOR PRODUCTION RUNS, USE:                      !!!
20210915 050823.227 INFO             PET1 !!!                   ESMF_LOGKIND_Multi_On_Error  !!!
20210915 050823.227 INFO             PET1 !!!!!!!!!!!!!!!!!!!!!!!!!!!!!!!!!!!!!!!!!!!!!!!!!!!!!!
20210915 050823.227 INFO             PET1 Running with ESMF Version   : ESMF_8_2_0_beta_snapshot_18-42-gb11ffe55a6
20210915 050823.227 INFO             PET1 ESMF library build date/time: "Sep 15 2021" "04:04:20"
20210915 050823.227 INFO             PET1 ESMF library build location : /glade/scratch/mpotts/intel_18.0.5_intelmpi_g_develop
20210915 050823.227 INFO             PET1 ESMF_COMM                   : intelmpi
20210915 050823.227 INFO             PET1 ESMF_MOAB                   : enabled
20210915 050823.227 INFO             PET1 ESMF_LAPACK                 : enabled
20210915 050823.227 INFO             PET1 ESMF_NETCDF                 : enabled
20210915 050823.227 INFO             PET1 ESMF_PNETCDF                : disabled
20210915 050823.227 INFO             PET1 ESMF_PIO                    : enabled
20210915 050823.227 INFO             PET1 ESMF_YAMLCPP                : enabled
20210915 050823.362 DEBUG            PET1 about to destroy Grid: 0x2779280
20210915 050823.387 DEBUG            PET1 about to destroy Grid: 0x2779ed0
20210915 050823.433 INFO             PET1  NUMBER_OF_PROCESSORS           4
20210915 050823.433 INFO             PET1  PASS  Example ESMF_NUOPCAtmModelEx, ESMF_NUOPCAtmModelEx.F90, line 806
20210915 050823.433 INFO             PET1 Finalizing ESMF
20210915 050823.226 INFO             PET2 !!!!!!!!!!!!!!!!!!!!!!!!!!!!!!!!!!!!!!!!!!!!!!!!!!!!!!
20210915 050823.226 INFO             PET2 !!! THE ESMF_LOG IS SET TO OUTPUT ALL LOG MESSAGES !!!
20210915 050823.226 INFO             PET2 !!!     THIS MAY CAUSE SLOWDOWN IN PERFORMANCE     !!!
20210915 050823.226 INFO             PET2 !!! FOR PRODUCTION RUNS, USE:                      !!!
20210915 050823.226 INFO             PET2 !!!                   ESMF_LOGKIND_Multi_On_Error  !!!
20210915 050823.226 INFO             PET2 !!!!!!!!!!!!!!!!!!!!!!!!!!!!!!!!!!!!!!!!!!!!!!!!!!!!!!
20210915 050823.226 INFO             PET2 Running with ESMF Version   : ESMF_8_2_0_beta_snapshot_18-42-gb11ffe55a6
20210915 050823.226 INFO             PET2 ESMF library build date/time: "Sep 15 2021" "04:04:20"
20210915 050823.226 INFO             PET2 ESMF library build location : /glade/scratch/mpotts/intel_18.0.5_intelmpi_g_develop
20210915 050823.226 INFO             PET2 ESMF_COMM                   : intelmpi
20210915 050823.227 INFO             PET2 ESMF_MOAB                   : enabled
20210915 050823.227 INFO             PET2 ESMF_LAPACK                 : enabled
20210915 050823.227 INFO             PET2 ESMF_NETCDF                 : enabled
20210915 050823.227 INFO             PET2 ESMF_PNETCDF                : disabled
20210915 050823.227 INFO             PET2 ESMF_PIO                    : enabled
20210915 050823.227 INFO             PET2 ESMF_YAMLCPP                : enabled
20210915 050823.362 DEBUG            PET2 about to destroy Grid: 0x1ba6280
20210915 050823.387 DEBUG            PET2 about to destroy Grid: 0x1ba6ed0
20210915 050823.433 INFO             PET2  NUMBER_OF_PROCESSORS           4
20210915 050823.433 INFO             PET2  PASS  Example ESMF_NUOPCAtmModelEx, ESMF_NUOPCAtmModelEx.F90, line 806
20210915 050823.433 INFO             PET2 Finalizing ESMF
20210915 050823.226 INFO             PET3 !!!!!!!!!!!!!!!!!!!!!!!!!!!!!!!!!!!!!!!!!!!!!!!!!!!!!!
20210915 050823.226 INFO             PET3 !!! THE ESMF_LOG IS SET TO OUTPUT ALL LOG MESSAGES !!!
20210915 050823.226 INFO             PET3 !!!     THIS MAY CAUSE SLOWDOWN IN PERFORMANCE     !!!
20210915 050823.226 INFO             PET3 !!! FOR PRODUCTION RUNS, USE:                      !!!
20210915 050823.226 INFO             PET3 !!!                   ESMF_LOGKIND_Multi_On_Error  !!!
20210915 050823.226 INFO             PET3 !!!!!!!!!!!!!!!!!!!!!!!!!!!!!!!!!!!!!!!!!!!!!!!!!!!!!!
20210915 050823.226 INFO             PET3 Running with ESMF Version   : ESMF_8_2_0_beta_snapshot_18-42-gb11ffe55a6
20210915 050823.226 INFO             PET3 ESMF library build date/time: "Sep 15 2021" "04:04:20"
20210915 050823.226 INFO             PET3 ESMF library build location : /glade/scratch/mpotts/intel_18.0.5_intelmpi_g_develop
20210915 050823.226 INFO             PET3 ESMF_COMM                   : intelmpi
20210915 050823.227 INFO             PET3 ESMF_MOAB                   : enabled
20210915 050823.227 INFO             PET3 ESMF_LAPACK                 : enabled
20210915 050823.227 INFO             PET3 ESMF_NETCDF                 : enabled
20210915 050823.227 INFO             PET3 ESMF_PNETCDF                : disabled
20210915 050823.227 INFO             PET3 ESMF_PIO                    : enabled
20210915 050823.227 INFO             PET3 ESMF_YAMLCPP                : enabled
20210915 050823.362 DEBUG            PET3 about to destroy Grid: 0x2235280
20210915 050823.387 DEBUG            PET3 about to destroy Grid: 0x2235d10
20210915 050823.433 INFO             PET3  NUMBER_OF_PROCESSORS           4
20210915 050823.433 INFO             PET3  PASS  Example ESMF_NUOPCAtmModelEx, ESMF_NUOPCAtmModelEx.F90, line 806
20210915 050823.433 INFO             PET3 Finalizing ESMF
