build time -- 2021-06-22 05:44:09.827255
 Regridding through XGrid example returned
  PASS  Example ESMF_XGridEx, ESMF_XGridEx.F90, line 525
 Regridding through XGrid example returned
  PASS  Example ESMF_XGridEx, ESMF_XGridEx.F90, line 525
 Regridding through XGrid example returned
  PASS  Example ESMF_XGridEx, ESMF_XGridEx.F90, line 525
 Regridding through XGrid example returned
  PASS  Example ESMF_XGridEx, ESMF_XGridEx.F90, line 525
[r14i5n29:4495 :0:4495] Caught signal 11 (Segmentation fault: address not mapped to object at address 0x30)
[r14i5n29:4492 :0:4492] Caught signal 11 (Segmentation fault: address not mapped to object at address 0x30)
[r14i5n29:4493 :0:4493] Caught signal 11 (Segmentation fault: address not mapped to object at address 0x30)
[r14i5n29:4494 :0:4494] Caught signal 11 (Segmentation fault: address not mapped to object at address 0x30)
--------------------------------------------------------------------------
Primary job  terminated normally, but 1 process returned
a non-zero exit code. Per user-direction, the job has been aborted.
--------------------------------------------------------------------------
--------------------------------------------------------------------------
mpirun noticed that process rank 3 with PID 0 on node r14i5n29 exited on signal 11 (Segmentation fault).
--------------------------------------------------------------------------
 Regridding through XGrid example returned
  PASS  Example ESMF_XGridEx, ESMF_XGridEx.F90, line 525
 Regridding through XGrid example returned
  PASS  Example ESMF_XGridEx, ESMF_XGridEx.F90, line 525
 Regridding through XGrid example returned
  PASS  Example ESMF_XGridEx, ESMF_XGridEx.F90, line 525
 Regridding through XGrid example returned
  PASS  Example ESMF_XGridEx, ESMF_XGridEx.F90, line 525
[r14i5n29:4495 :0:4495] Caught signal 11 (Segmentation fault: address not mapped to object at address 0x30)
[r14i5n29:4492 :0:4492] Caught signal 11 (Segmentation fault: address not mapped to object at address 0x30)
[r14i5n29:4493 :0:4493] Caught signal 11 (Segmentation fault: address not mapped to object at address 0x30)
[r14i5n29:4494 :0:4494] Caught signal 11 (Segmentation fault: address not mapped to object at address 0x30)
--------------------------------------------------------------------------
Primary job  terminated normally, but 1 process returned
a non-zero exit code. Per user-direction, the job has been aborted.
--------------------------------------------------------------------------
--------------------------------------------------------------------------
mpirun noticed that process rank 3 with PID 0 on node r14i5n29 exited on signal 11 (Segmentation fault).
--------------------------------------------------------------------------
