build time -- 2021-06-21 05:44:02.694938
  PASS  Example ESMF_VMGetMPICommunicatorEx, ESMF_VMGetMPICommunicatorEx.F90, line 95
  PASS  Example ESMF_VMGetMPICommunicatorEx, ESMF_VMGetMPICommunicatorEx.F90, line 95
  PASS  Example ESMF_VMGetMPICommunicatorEx, ESMF_VMGetMPICommunicatorEx.F90, line 95
  PASS  Example ESMF_VMGetMPICommunicatorEx, ESMF_VMGetMPICommunicatorEx.F90, line 95
--------------------------------------------------------------------------
A system call failed during shared memory initialization that should
not have.  It is likely that your MPI job will now either abort or
experience performance degradation.

  Local host:  r1i3n13
  System call: unlink(2) /dev/shm/vader_segment.r1i3n13.653f0001.1
  Error:       No such file or directory (errno 2)
--------------------------------------------------------------------------
[r1i3n13:52594:0:52594] Caught signal 11 (Segmentation fault: address not mapped to object at address 0xd1)
--------------------------------------------------------------------------
A system call failed during shared memory initialization that should
not have.  It is likely that your MPI job will now either abort or
experience performance degradation.

  Local host:  r1i3n13
  System call: unlink(2) /dev/shm/vader_segment.r1i3n13.653f0001.3
  Error:       No such file or directory (errno 2)
--------------------------------------------------------------------------
--------------------------------------------------------------------------
A system call failed during shared memory initialization that should
not have.  It is likely that your MPI job will now either abort or
experience performance degradation.

  Local host:  r1i3n13
  System call: unlink(2) /dev/shm/vader_segment.r1i3n13.653f0001.0
  Error:       No such file or directory (errno 2)
--------------------------------------------------------------------------
[r1i3n13:52596:0:52596] Caught signal 11 (Segmentation fault: address not mapped to object at address 0xdc0)
--------------------------------------------------------------------------
A system call failed during shared memory initialization that should
not have.  It is likely that your MPI job will now either abort or
experience performance degradation.

  Local host:  r1i3n13
  System call: unlink(2) /dev/shm/vader_segment.r1i3n13.653f0001.2
  Error:       No such file or directory (errno 2)
--------------------------------------------------------------------------
[r1i3n13:52593:0:52593] Caught signal 11 (Segmentation fault: address not mapped to object at address 0x40)
[r1i3n13:52595:0:52595] Caught signal 11 (Segmentation fault: address not mapped to object at address 0x30)
--------------------------------------------------------------------------
Primary job  terminated normally, but 1 process returned
a non-zero exit code. Per user-direction, the job has been aborted.
--------------------------------------------------------------------------
--------------------------------------------------------------------------
mpirun noticed that process rank 3 with PID 0 on node r1i3n13 exited on signal 11 (Segmentation fault).
--------------------------------------------------------------------------
  PASS  Example ESMF_VMGetMPICommunicatorEx, ESMF_VMGetMPICommunicatorEx.F90, line 95
  PASS  Example ESMF_VMGetMPICommunicatorEx, ESMF_VMGetMPICommunicatorEx.F90, line 95
  PASS  Example ESMF_VMGetMPICommunicatorEx, ESMF_VMGetMPICommunicatorEx.F90, line 95
  PASS  Example ESMF_VMGetMPICommunicatorEx, ESMF_VMGetMPICommunicatorEx.F90, line 95
--------------------------------------------------------------------------
A system call failed during shared memory initialization that should
not have.  It is likely that your MPI job will now either abort or
experience performance degradation.

  Local host:  r1i3n13
  System call: unlink(2) /dev/shm/vader_segment.r1i3n13.653f0001.1
  Error:       No such file or directory (errno 2)
--------------------------------------------------------------------------
[r1i3n13:52594:0:52594] Caught signal 11 (Segmentation fault: address not mapped to object at address 0xd1)
--------------------------------------------------------------------------
A system call failed during shared memory initialization that should
not have.  It is likely that your MPI job will now either abort or
experience performance degradation.

  Local host:  r1i3n13
  System call: unlink(2) /dev/shm/vader_segment.r1i3n13.653f0001.3
  Error:       No such file or directory (errno 2)
--------------------------------------------------------------------------
--------------------------------------------------------------------------
A system call failed during shared memory initialization that should
not have.  It is likely that your MPI job will now either abort or
experience performance degradation.

  Local host:  r1i3n13
  System call: unlink(2) /dev/shm/vader_segment.r1i3n13.653f0001.0
  Error:       No such file or directory (errno 2)
--------------------------------------------------------------------------
[r1i3n13:52596:0:52596] Caught signal 11 (Segmentation fault: address not mapped to object at address 0xdc0)
--------------------------------------------------------------------------
A system call failed during shared memory initialization that should
not have.  It is likely that your MPI job will now either abort or
experience performance degradation.

  Local host:  r1i3n13
  System call: unlink(2) /dev/shm/vader_segment.r1i3n13.653f0001.2
  Error:       No such file or directory (errno 2)
--------------------------------------------------------------------------
[r1i3n13:52593:0:52593] Caught signal 11 (Segmentation fault: address not mapped to object at address 0x40)
[r1i3n13:52595:0:52595] Caught signal 11 (Segmentation fault: address not mapped to object at address 0x30)
--------------------------------------------------------------------------
Primary job  terminated normally, but 1 process returned
a non-zero exit code. Per user-direction, the job has been aborted.
--------------------------------------------------------------------------
--------------------------------------------------------------------------
mpirun noticed that process rank 3 with PID 0 on node r1i3n13 exited on signal 11 (Segmentation fault).
--------------------------------------------------------------------------
