build time -- 2021-09-26 03:49:18.145380
20210926 042021.774 INFO             PET0 !!!!!!!!!!!!!!!!!!!!!!!!!!!!!!!!!!!!!!!!!!!!!!!!!!!!!!
20210926 042021.774 INFO             PET0 !!! THE ESMF_LOG IS SET TO OUTPUT ALL LOG MESSAGES !!!
20210926 042021.774 INFO             PET0 !!!     THIS MAY CAUSE SLOWDOWN IN PERFORMANCE     !!!
20210926 042021.774 INFO             PET0 !!! FOR PRODUCTION RUNS, USE:                      !!!
20210926 042021.774 INFO             PET0 !!!                   ESMF_LOGKIND_Multi_On_Error  !!!
20210926 042021.774 INFO             PET0 !!!!!!!!!!!!!!!!!!!!!!!!!!!!!!!!!!!!!!!!!!!!!!!!!!!!!!
20210926 042021.774 INFO             PET0 Running with ESMF Version   : ESMF_8_2_0_beta_snapshot_19-13-g03d9101efb
20210926 042021.774 INFO             PET0 ESMF library build date/time: "Sep 26 2021" "03:46:59"
20210926 042021.774 INFO             PET0 ESMF library build location : /glade/scratch/mpotts/gfortran_10.1.0_openmpi_O_develop
20210926 042021.774 INFO             PET0 ESMF_COMM                   : openmpi
20210926 042021.774 INFO             PET0 ESMF_MOAB                   : enabled
20210926 042021.774 INFO             PET0 ESMF_LAPACK                 : enabled
20210926 042021.774 INFO             PET0 ESMF_NETCDF                 : enabled
20210926 042021.774 INFO             PET0 ESMF_PNETCDF                : disabled
20210926 042021.774 INFO             PET0 ESMF_PIO                    : enabled
20210926 042021.774 INFO             PET0 ESMF_YAMLCPP                : enabled
20210926 042022.407 INFO             PET0  NUMBER_OF_PROCESSORS           4
20210926 042022.407 INFO             PET0  PASS  Example ESMF_ArrayScatterGatherArbEx, ESMF_ArrayScatterGatherArbEx.F90, line 313
20210926 042022.407 INFO             PET0 Finalizing ESMF
20210926 042022.405 INFO             PET1 !!!!!!!!!!!!!!!!!!!!!!!!!!!!!!!!!!!!!!!!!!!!!!!!!!!!!!
20210926 042022.405 INFO             PET1 !!! THE ESMF_LOG IS SET TO OUTPUT ALL LOG MESSAGES !!!
20210926 042022.405 INFO             PET1 !!!     THIS MAY CAUSE SLOWDOWN IN PERFORMANCE     !!!
20210926 042022.405 INFO             PET1 !!! FOR PRODUCTION RUNS, USE:                      !!!
20210926 042022.405 INFO             PET1 !!!                   ESMF_LOGKIND_Multi_On_Error  !!!
20210926 042022.405 INFO             PET1 !!!!!!!!!!!!!!!!!!!!!!!!!!!!!!!!!!!!!!!!!!!!!!!!!!!!!!
20210926 042022.405 INFO             PET1 Running with ESMF Version   : ESMF_8_2_0_beta_snapshot_19-13-g03d9101efb
20210926 042022.405 INFO             PET1 ESMF library build date/time: "Sep 26 2021" "03:46:59"
20210926 042022.405 INFO             PET1 ESMF library build location : /glade/scratch/mpotts/gfortran_10.1.0_openmpi_O_develop
20210926 042022.405 INFO             PET1 ESMF_COMM                   : openmpi
20210926 042022.405 INFO             PET1 ESMF_MOAB                   : enabled
20210926 042022.405 INFO             PET1 ESMF_LAPACK                 : enabled
20210926 042022.405 INFO             PET1 ESMF_NETCDF                 : enabled
20210926 042022.405 INFO             PET1 ESMF_PNETCDF                : disabled
20210926 042022.405 INFO             PET1 ESMF_PIO                    : enabled
20210926 042022.405 INFO             PET1 ESMF_YAMLCPP                : enabled
20210926 042022.407 INFO             PET1  NUMBER_OF_PROCESSORS           4
20210926 042022.407 INFO             PET1  PASS  Example ESMF_ArrayScatterGatherArbEx, ESMF_ArrayScatterGatherArbEx.F90, line 313
20210926 042022.407 INFO             PET1 Finalizing ESMF
20210926 042022.404 INFO             PET2 !!!!!!!!!!!!!!!!!!!!!!!!!!!!!!!!!!!!!!!!!!!!!!!!!!!!!!
20210926 042022.404 INFO             PET2 !!! THE ESMF_LOG IS SET TO OUTPUT ALL LOG MESSAGES !!!
20210926 042022.404 INFO             PET2 !!!     THIS MAY CAUSE SLOWDOWN IN PERFORMANCE     !!!
20210926 042022.404 INFO             PET2 !!! FOR PRODUCTION RUNS, USE:                      !!!
20210926 042022.404 INFO             PET2 !!!                   ESMF_LOGKIND_Multi_On_Error  !!!
20210926 042022.404 INFO             PET2 !!!!!!!!!!!!!!!!!!!!!!!!!!!!!!!!!!!!!!!!!!!!!!!!!!!!!!
20210926 042022.404 INFO             PET2 Running with ESMF Version   : ESMF_8_2_0_beta_snapshot_19-13-g03d9101efb
20210926 042022.404 INFO             PET2 ESMF library build date/time: "Sep 26 2021" "03:46:59"
20210926 042022.404 INFO             PET2 ESMF library build location : /glade/scratch/mpotts/gfortran_10.1.0_openmpi_O_develop
20210926 042022.404 INFO             PET2 ESMF_COMM                   : openmpi
20210926 042022.404 INFO             PET2 ESMF_MOAB                   : enabled
20210926 042022.404 INFO             PET2 ESMF_LAPACK                 : enabled
20210926 042022.404 INFO             PET2 ESMF_NETCDF                 : enabled
20210926 042022.404 INFO             PET2 ESMF_PNETCDF                : disabled
20210926 042022.404 INFO             PET2 ESMF_PIO                    : enabled
20210926 042022.404 INFO             PET2 ESMF_YAMLCPP                : enabled
20210926 042022.407 INFO             PET2  NUMBER_OF_PROCESSORS           4
20210926 042022.407 INFO             PET2  PASS  Example ESMF_ArrayScatterGatherArbEx, ESMF_ArrayScatterGatherArbEx.F90, line 313
20210926 042022.407 INFO             PET2 Finalizing ESMF
20210926 042022.404 INFO             PET3 !!!!!!!!!!!!!!!!!!!!!!!!!!!!!!!!!!!!!!!!!!!!!!!!!!!!!!
20210926 042022.404 INFO             PET3 !!! THE ESMF_LOG IS SET TO OUTPUT ALL LOG MESSAGES !!!
20210926 042022.404 INFO             PET3 !!!     THIS MAY CAUSE SLOWDOWN IN PERFORMANCE     !!!
20210926 042022.404 INFO             PET3 !!! FOR PRODUCTION RUNS, USE:                      !!!
20210926 042022.404 INFO             PET3 !!!                   ESMF_LOGKIND_Multi_On_Error  !!!
20210926 042022.404 INFO             PET3 !!!!!!!!!!!!!!!!!!!!!!!!!!!!!!!!!!!!!!!!!!!!!!!!!!!!!!
20210926 042022.404 INFO             PET3 Running with ESMF Version   : ESMF_8_2_0_beta_snapshot_19-13-g03d9101efb
20210926 042022.404 INFO             PET3 ESMF library build date/time: "Sep 26 2021" "03:46:59"
20210926 042022.404 INFO             PET3 ESMF library build location : /glade/scratch/mpotts/gfortran_10.1.0_openmpi_O_develop
20210926 042022.404 INFO             PET3 ESMF_COMM                   : openmpi
20210926 042022.404 INFO             PET3 ESMF_MOAB                   : enabled
20210926 042022.404 INFO             PET3 ESMF_LAPACK                 : enabled
20210926 042022.404 INFO             PET3 ESMF_NETCDF                 : enabled
20210926 042022.404 INFO             PET3 ESMF_PNETCDF                : disabled
20210926 042022.404 INFO             PET3 ESMF_PIO                    : enabled
20210926 042022.404 INFO             PET3 ESMF_YAMLCPP                : enabled
20210926 042022.407 INFO             PET3  NUMBER_OF_PROCESSORS           4
20210926 042022.407 INFO             PET3  PASS  Example ESMF_ArrayScatterGatherArbEx, ESMF_ArrayScatterGatherArbEx.F90, line 313
20210926 042022.407 INFO             PET3 Finalizing ESMF
