build time -- 2021-06-20 05:43:53.370124
 --------------------------------------- 
 Start of ESMF_SCompEx Example
 --------------------------------------- 
 --------------------------------------- 
 End of ESMF_SCompEx Example
 --------------------------------------- 
  PASS  Example ESMF_SCompEx, ESMF_SCompEx.F90, line 385
  PASS  Example ESMF_SCompEx, ESMF_SCompEx.F90, line 385
  PASS  Example ESMF_SCompEx, ESMF_SCompEx.F90, line 385
  PASS  Example ESMF_SCompEx, ESMF_SCompEx.F90, line 385
--------------------------------------------------------------------------
A system call failed during shared memory initialization that should
not have.  It is likely that your MPI job will now either abort or
experience performance degradation.

  Local host:  r1i5n5
  System call: unlink(2) /dev/shm/vader_segment.r1i5n5.cf270001.1
  Error:       No such file or directory (errno 2)
--------------------------------------------------------------------------
[r1i5n5:28098:0:28098] Caught signal 11 (Segmentation fault: address not mapped to object at address 0x1730)
--------------------------------------------------------------------------
A system call failed during shared memory initialization that should
not have.  It is likely that your MPI job will now either abort or
experience performance degradation.

  Local host:  r1i5n5
  System call: unlink(2) /dev/shm/vader_segment.r1i5n5.cf270001.3
  Error:       No such file or directory (errno 2)
--------------------------------------------------------------------------
--------------------------------------------------------------------------
A system call failed during shared memory initialization that should
not have.  It is likely that your MPI job will now either abort or
experience performance degradation.

  Local host:  r1i5n5
  System call: unlink(2) /dev/shm/vader_segment.r1i5n5.cf270001.0
  Error:       No such file or directory (errno 2)
--------------------------------------------------------------------------
--------------------------------------------------------------------------
A system call failed during shared memory initialization that should
not have.  It is likely that your MPI job will now either abort or
experience performance degradation.

  Local host:  r1i5n5
  System call: unlink(2) /dev/shm/vader_segment.r1i5n5.cf270001.2
  Error:       No such file or directory (errno 2)
--------------------------------------------------------------------------
[r1i5n5:28100:0:28100] Caught signal 11 (Segmentation fault: address not mapped to object at address 0x4b0)
[r1i5n5:28099:0:28099] Caught signal 11 (Segmentation fault: address not mapped to object at address 0x30)
[r1i5n5:28097:0:28097] Caught signal 11 (Segmentation fault: address not mapped to object at address 0x30)
--------------------------------------------------------------------------
Primary job  terminated normally, but 1 process returned
a non-zero exit code. Per user-direction, the job has been aborted.
--------------------------------------------------------------------------
--------------------------------------------------------------------------
mpirun noticed that process rank 1 with PID 0 on node r1i5n5 exited on signal 11 (Segmentation fault).
--------------------------------------------------------------------------
