build time -- 2021-06-05 05:44:43.483554
20210605 060644.776 INFO             PET0 !!!!!!!!!!!!!!!!!!!!!!!!!!!!!!!!!!!!!!!!!!!!!!!!!!!!!!
20210605 060644.776 INFO             PET0 !!! THE ESMF_LOG IS SET TO OUTPUT ALL LOG MESSAGES !!!
20210605 060644.776 INFO             PET0 !!!     THIS MAY CAUSE SLOWDOWN IN PERFORMANCE     !!!
20210605 060644.776 INFO             PET0 !!! FOR PRODUCTION RUNS, USE:                      !!!
20210605 060644.776 INFO             PET0 !!!                   ESMF_LOGKIND_Multi_On_Error  !!!
20210605 060644.776 INFO             PET0 !!!!!!!!!!!!!!!!!!!!!!!!!!!!!!!!!!!!!!!!!!!!!!!!!!!!!!
20210605 060644.776 INFO             PET0 Running with ESMF Version   : ESMF_8_2_0_beta_snapshot_10-4-g5723c9f789
20210605 060644.776 INFO             PET0 ESMF library build date/time: "Jun  5 2021" "05:43:11"
20210605 060644.776 INFO             PET0 ESMF library build location : /glade/scratch/mpotts/gfortran_10.1.0_openmpi_O_develop
20210605 060644.776 INFO             PET0 ESMF_COMM                   : openmpi
20210605 060644.776 INFO             PET0 ESMF_MOAB                   : enabled
20210605 060644.776 INFO             PET0 ESMF_LAPACK                 : enabled
20210605 060644.776 INFO             PET0 ESMF_NETCDF                 : enabled
20210605 060644.776 INFO             PET0 ESMF_PNETCDF                : disabled
20210605 060644.776 INFO             PET0 ESMF_PIO                    : enabled
20210605 060644.776 INFO             PET0 ESMF_YAMLCPP                : enabled
20210605 060644.777 INFO             PET0  NUMBER_OF_PROCESSORS           2
20210605 060644.777 INFO             PET0  PASS  Example ESMF_VMUserMpiCommEx, ESMF_VMUserMpiCommEx.F90, line 113
20210605 060644.777 INFO             PET0 Finalizing ESMF
20210605 060644.776 INFO             PET1 !!!!!!!!!!!!!!!!!!!!!!!!!!!!!!!!!!!!!!!!!!!!!!!!!!!!!!
20210605 060644.776 INFO             PET1 !!! THE ESMF_LOG IS SET TO OUTPUT ALL LOG MESSAGES !!!
20210605 060644.776 INFO             PET1 !!!     THIS MAY CAUSE SLOWDOWN IN PERFORMANCE     !!!
20210605 060644.776 INFO             PET1 !!! FOR PRODUCTION RUNS, USE:                      !!!
20210605 060644.776 INFO             PET1 !!!                   ESMF_LOGKIND_Multi_On_Error  !!!
20210605 060644.776 INFO             PET1 !!!!!!!!!!!!!!!!!!!!!!!!!!!!!!!!!!!!!!!!!!!!!!!!!!!!!!
20210605 060644.776 INFO             PET1 Running with ESMF Version   : ESMF_8_2_0_beta_snapshot_10-4-g5723c9f789
20210605 060644.776 INFO             PET1 ESMF library build date/time: "Jun  5 2021" "05:43:11"
20210605 060644.776 INFO             PET1 ESMF library build location : /glade/scratch/mpotts/gfortran_10.1.0_openmpi_O_develop
20210605 060644.776 INFO             PET1 ESMF_COMM                   : openmpi
20210605 060644.776 INFO             PET1 ESMF_MOAB                   : enabled
20210605 060644.776 INFO             PET1 ESMF_LAPACK                 : enabled
20210605 060644.776 INFO             PET1 ESMF_NETCDF                 : enabled
20210605 060644.776 INFO             PET1 ESMF_PNETCDF                : disabled
20210605 060644.776 INFO             PET1 ESMF_PIO                    : enabled
20210605 060644.776 INFO             PET1 ESMF_YAMLCPP                : enabled
20210605 060644.777 INFO             PET1  NUMBER_OF_PROCESSORS           2
20210605 060644.777 INFO             PET1  PASS  Example ESMF_VMUserMpiCommEx, ESMF_VMUserMpiCommEx.F90, line 113
20210605 060644.777 INFO             PET1 Finalizing ESMF
