build time -- 2021-06-06 05:45:00.401088
--------------------------------------------------------------------------
A system call failed during shared memory initialization that should
not have.  It is likely that your MPI job will now either abort or
experience performance degradation.

  Local host:  r1i5n2
  System call: open(2) 
  Error:       Permission denied (errno 13)
--------------------------------------------------------------------------
 Application Example 1:
 Application Example 1:
 Application Example 1:
 Application Example 1:
 Comp Create returned, name = Atmosphere Model Coupler
 Comp Create returned, name = Atmosphere Model Coupler
 Comp Create returned, name = Atmosphere Model Coupler
 Comp Create returned, name = Atmosphere Model Coupler
 Coupler Init starting
 Coupler Init returning
 Comp Initialize complete
 Coupler Init starting
 Coupler Init returning
 Comp Initialize complete
 Coupler Init starting
 Coupler Init returning
 Coupler Init starting
 Coupler Init returning
 Comp Initialize complete
 Coupler Run starting
 Coupler Run returning
 Coupler Run starting
 Coupler Run returning
 Coupler Run starting
 Coupler Run returning
 Coupler Run starting
 Coupler Run returning
 Comp Initialize complete
 Coupler Run starting
 Coupler Run returning
 Coupler Run starting
 Coupler Run returning
 Coupler Run starting
 Coupler Run returning
 Coupler Run starting
 Coupler Run returning
 Coupler Run starting
 Coupler Run returning
 Coupler Run starting
 Coupler Run returning
 Coupler Run starting
 Coupler Run returning
 Comp Run complete
 Coupler Run starting
 Coupler Run returning
 Coupler Run starting
 Coupler Run returning
 Comp Run complete
 Coupler Run starting
 Coupler Run returning
 Comp Run complete
 Coupler Final starting
 Coupler Final returning
 Comp Finalize complete
 Coupler Run starting
 Coupler Run returning
 Coupler Run starting
 Coupler Run returning
 Comp Run complete
 Coupler Final starting
 Coupler Final returning
 Comp Finalize complete
 Coupler Final starting
 Coupler Final returning
 Comp Finalize complete
 Coupler Final starting
 Coupler Final returning
 Comp Finalize complete
 Destroy calls returned
 Application Example 1 finished
 Destroy calls returned
 Application Example 1 finished
 Destroy calls returned
 Application Example 1 finished
 Destroy calls returned
 Application Example 1 finished
  PASS  Example ESMF_CplEx, ESMF_CplEx.F90, line 457
  PASS  Example ESMF_CplEx, ESMF_CplEx.F90, line 457
  PASS  Example ESMF_CplEx, ESMF_CplEx.F90, line 457
  PASS  Example ESMF_CplEx, ESMF_CplEx.F90, line 457
 PASS: ESMF_CplEx.F90
 PASS: ESMF_CplEx.F90
 PASS: ESMF_CplEx.F90
 PASS: ESMF_CplEx.F90
[r1i5n2:71583] 3 more processes have sent help message help-opal-shmem-mmap.txt / sys call fail
[r1i5n2:71583] Set MCA parameter "orte_base_help_aggregate" to 0 to see all help / error messages
--------------------------------------------------------------------------
A system call failed during shared memory initialization that should
not have.  It is likely that your MPI job will now either abort or
experience performance degradation.

  Local host:  r1i5n2
  System call: open(2) 
  Error:       Permission denied (errno 13)
--------------------------------------------------------------------------
 Application Example 1:
 Application Example 1:
 Application Example 1:
 Application Example 1:
 Comp Create returned, name = Atmosphere Model Coupler
 Comp Create returned, name = Atmosphere Model Coupler
 Comp Create returned, name = Atmosphere Model Coupler
 Comp Create returned, name = Atmosphere Model Coupler
 Coupler Init starting
 Coupler Init returning
 Comp Initialize complete
 Coupler Init starting
 Coupler Init returning
 Comp Initialize complete
 Coupler Init starting
 Coupler Init returning
 Coupler Init starting
 Coupler Init returning
 Comp Initialize complete
 Coupler Run starting
 Coupler Run returning
 Coupler Run starting
 Coupler Run returning
 Coupler Run starting
 Coupler Run returning
 Coupler Run starting
 Coupler Run returning
 Comp Initialize complete
 Coupler Run starting
 Coupler Run returning
 Coupler Run starting
 Coupler Run returning
 Coupler Run starting
 Coupler Run returning
 Coupler Run starting
 Coupler Run returning
 Coupler Run starting
 Coupler Run returning
 Coupler Run starting
 Coupler Run returning
 Coupler Run starting
 Coupler Run returning
 Comp Run complete
 Coupler Run starting
 Coupler Run returning
 Coupler Run starting
 Coupler Run returning
 Comp Run complete
 Coupler Run starting
 Coupler Run returning
 Comp Run complete
 Coupler Final starting
 Coupler Final returning
 Comp Finalize complete
 Coupler Run starting
 Coupler Run returning
 Coupler Run starting
 Coupler Run returning
 Comp Run complete
 Coupler Final starting
 Coupler Final returning
 Comp Finalize complete
 Coupler Final starting
 Coupler Final returning
 Comp Finalize complete
 Coupler Final starting
 Coupler Final returning
 Comp Finalize complete
 Destroy calls returned
 Application Example 1 finished
 Destroy calls returned
 Application Example 1 finished
 Destroy calls returned
 Application Example 1 finished
 Destroy calls returned
 Application Example 1 finished
  PASS  Example ESMF_CplEx, ESMF_CplEx.F90, line 457
  PASS  Example ESMF_CplEx, ESMF_CplEx.F90, line 457
  PASS  Example ESMF_CplEx, ESMF_CplEx.F90, line 457
  PASS  Example ESMF_CplEx, ESMF_CplEx.F90, line 457
 PASS: ESMF_CplEx.F90
 PASS: ESMF_CplEx.F90
 PASS: ESMF_CplEx.F90
 PASS: ESMF_CplEx.F90
[r1i5n2:71583] 3 more processes have sent help message help-opal-shmem-mmap.txt / sys call fail
[r1i5n2:71583] Set MCA parameter "orte_base_help_aggregate" to 0 to see all help / error messages
