build time -- 2021-06-22 05:44:09.827255
 dummy output from attached method 
 dummy output from attached method 
 dummy output from attached method 
 dummy output from attached method 
  PASS  Example ESMF_AttachMethodsEx, ESMF_AttachMethodsEx.F90, line 274
  PASS  Example ESMF_AttachMethodsEx, ESMF_AttachMethodsEx.F90, line 274
  PASS  Example ESMF_AttachMethodsEx, ESMF_AttachMethodsEx.F90, line 274
  PASS  Example ESMF_AttachMethodsEx, ESMF_AttachMethodsEx.F90, line 274
[r14i5n29:22295:0:22295] Caught signal 11 (Segmentation fault: address not mapped to object at address 0x30)
--------------------------------------------------------------------------
A system call failed during shared memory initialization that should
not have.  It is likely that your MPI job will now either abort or
experience performance degradation.

  Local host:  r14i5n29
  System call: unlink(2) /dev/shm/vader_segment.r14i5n29.8a020001.1
  Error:       No such file or directory (errno 2)
--------------------------------------------------------------------------
--------------------------------------------------------------------------
A system call failed during shared memory initialization that should
not have.  It is likely that your MPI job will now either abort or
experience performance degradation.

  Local host:  r14i5n29
  System call: unlink(2) /dev/shm/vader_segment.r14i5n29.8a020001.2
  Error:       No such file or directory (errno 2)
--------------------------------------------------------------------------
--------------------------------------------------------------------------
A system call failed during shared memory initialization that should
not have.  It is likely that your MPI job will now either abort or
experience performance degradation.

  Local host:  r14i5n29
  System call: unlink(2) /dev/shm/vader_segment.r14i5n29.8a020001.0
  Error:       No such file or directory (errno 2)
--------------------------------------------------------------------------
[r14i5n29:22294:0:22294] Caught signal 11 (Segmentation fault: address not mapped to object at address 0x30)
[r14i5n29:22293:0:22293] Caught signal 11 (Segmentation fault: address not mapped to object at address 0x30)
[r14i5n29:22292:0:22292] Caught signal 11 (Segmentation fault: address not mapped to object at address 0x30)
--------------------------------------------------------------------------
Primary job  terminated normally, but 1 process returned
a non-zero exit code. Per user-direction, the job has been aborted.
--------------------------------------------------------------------------
--------------------------------------------------------------------------
mpirun noticed that process rank 3 with PID 0 on node r14i5n29 exited on signal 11 (Segmentation fault).
--------------------------------------------------------------------------
 dummy output from attached method 
 dummy output from attached method 
 dummy output from attached method 
 dummy output from attached method 
  PASS  Example ESMF_AttachMethodsEx, ESMF_AttachMethodsEx.F90, line 274
  PASS  Example ESMF_AttachMethodsEx, ESMF_AttachMethodsEx.F90, line 274
  PASS  Example ESMF_AttachMethodsEx, ESMF_AttachMethodsEx.F90, line 274
  PASS  Example ESMF_AttachMethodsEx, ESMF_AttachMethodsEx.F90, line 274
[r14i5n29:22295:0:22295] Caught signal 11 (Segmentation fault: address not mapped to object at address 0x30)
--------------------------------------------------------------------------
A system call failed during shared memory initialization that should
not have.  It is likely that your MPI job will now either abort or
experience performance degradation.

  Local host:  r14i5n29
  System call: unlink(2) /dev/shm/vader_segment.r14i5n29.8a020001.1
  Error:       No such file or directory (errno 2)
--------------------------------------------------------------------------
--------------------------------------------------------------------------
A system call failed during shared memory initialization that should
not have.  It is likely that your MPI job will now either abort or
experience performance degradation.

  Local host:  r14i5n29
  System call: unlink(2) /dev/shm/vader_segment.r14i5n29.8a020001.2
  Error:       No such file or directory (errno 2)
--------------------------------------------------------------------------
--------------------------------------------------------------------------
A system call failed during shared memory initialization that should
not have.  It is likely that your MPI job will now either abort or
experience performance degradation.

  Local host:  r14i5n29
  System call: unlink(2) /dev/shm/vader_segment.r14i5n29.8a020001.0
  Error:       No such file or directory (errno 2)
--------------------------------------------------------------------------
[r14i5n29:22294:0:22294] Caught signal 11 (Segmentation fault: address not mapped to object at address 0x30)
[r14i5n29:22293:0:22293] Caught signal 11 (Segmentation fault: address not mapped to object at address 0x30)
[r14i5n29:22292:0:22292] Caught signal 11 (Segmentation fault: address not mapped to object at address 0x30)
--------------------------------------------------------------------------
Primary job  terminated normally, but 1 process returned
a non-zero exit code. Per user-direction, the job has been aborted.
--------------------------------------------------------------------------
--------------------------------------------------------------------------
mpirun noticed that process rank 3 with PID 0 on node r14i5n29 exited on signal 11 (Segmentation fault).
--------------------------------------------------------------------------
