build time -- 2021-06-22 05:44:09.827255
  PASS  Example ESMF_FieldRedistEx, ESMF_FieldRedistEx.F90, line 521
  PASS  Example ESMF_FieldRedistEx, ESMF_FieldRedistEx.F90, line 521
  PASS  Example ESMF_FieldRedistEx, ESMF_FieldRedistEx.F90, line 521
  PASS  Example ESMF_FieldRedistEx, ESMF_FieldRedistEx.F90, line 521
[r14i5n29:11632:0:11632] Caught signal 11 (Segmentation fault: address not mapped to object at address 0x30)
[r14i5n29:11629:0:11629] Caught signal 11 (Segmentation fault: address not mapped to object at address 0x30)
[r14i5n29:11630:0:11630] Caught signal 11 (Segmentation fault: address not mapped to object at address 0x30)
--------------------------------------------------------------------------
A system call failed during shared memory initialization that should
not have.  It is likely that your MPI job will now either abort or
experience performance degradation.

  Local host:  r14i5n29
  System call: unlink(2) /dev/shm/vader_segment.r14i5n29.f07b0001.3
  Error:       No such file or directory (errno 2)
--------------------------------------------------------------------------
[r14i5n29:11633:0:11633] Caught signal 11 (Segmentation fault: address not mapped to object at address 0x30)
--------------------------------------------------------------------------
Primary job  terminated normally, but 1 process returned
a non-zero exit code. Per user-direction, the job has been aborted.
--------------------------------------------------------------------------
--------------------------------------------------------------------------
mpirun noticed that process rank 0 with PID 0 on node r14i5n29 exited on signal 11 (Segmentation fault).
--------------------------------------------------------------------------
  PASS  Example ESMF_FieldRedistEx, ESMF_FieldRedistEx.F90, line 521
  PASS  Example ESMF_FieldRedistEx, ESMF_FieldRedistEx.F90, line 521
  PASS  Example ESMF_FieldRedistEx, ESMF_FieldRedistEx.F90, line 521
  PASS  Example ESMF_FieldRedistEx, ESMF_FieldRedistEx.F90, line 521
[r14i5n29:11632:0:11632] Caught signal 11 (Segmentation fault: address not mapped to object at address 0x30)
[r14i5n29:11629:0:11629] Caught signal 11 (Segmentation fault: address not mapped to object at address 0x30)
[r14i5n29:11630:0:11630] Caught signal 11 (Segmentation fault: address not mapped to object at address 0x30)
--------------------------------------------------------------------------
A system call failed during shared memory initialization that should
not have.  It is likely that your MPI job will now either abort or
experience performance degradation.

  Local host:  r14i5n29
  System call: unlink(2) /dev/shm/vader_segment.r14i5n29.f07b0001.3
  Error:       No such file or directory (errno 2)
--------------------------------------------------------------------------
[r14i5n29:11633:0:11633] Caught signal 11 (Segmentation fault: address not mapped to object at address 0x30)
--------------------------------------------------------------------------
Primary job  terminated normally, but 1 process returned
a non-zero exit code. Per user-direction, the job has been aborted.
--------------------------------------------------------------------------
--------------------------------------------------------------------------
mpirun noticed that process rank 0 with PID 0 on node r14i5n29 exited on signal 11 (Segmentation fault).
--------------------------------------------------------------------------
