build time -- 2021-06-20 05:43:53.370124
  PASS  Example ESMF_MeshEx, ESMF_MeshEx.F90, line 1795
  PASS  Example ESMF_MeshEx, ESMF_MeshEx.F90, line 1795
  PASS  Example ESMF_MeshEx, ESMF_MeshEx.F90, line 1795
  PASS  Example ESMF_MeshEx, ESMF_MeshEx.F90, line 1795
[r1i5n5:7285 :0:7285] Caught signal 11 (Segmentation fault: address not mapped to object at address 0x30)
[r1i5n5:7287 :0:7287] Caught signal 11 (Segmentation fault: address not mapped to object at address 0x30)
--------------------------------------------------------------------------
A system call failed during shared memory initialization that should
not have.  It is likely that your MPI job will now either abort or
experience performance degradation.

  Local host:  r1i5n5
  System call: unlink(2) /dev/shm/vader_segment.r1i5n5.beea0001.0
  Error:       No such file or directory (errno 2)
--------------------------------------------------------------------------
--------------------------------------------------------------------------
A system call failed during shared memory initialization that should
not have.  It is likely that your MPI job will now either abort or
experience performance degradation.

  Local host:  r1i5n5
  System call: unlink(2) /dev/shm/vader_segment.r1i5n5.beea0001.2
  Error:       No such file or directory (errno 2)
--------------------------------------------------------------------------
[r1i5n5:7286 :0:7286] Caught signal 11 (Segmentation fault: address not mapped to object at address 0x130)
[r1i5n5:7284 :0:7284] Caught signal 11 (Segmentation fault: address not mapped to object at address 0x30)
--------------------------------------------------------------------------
Primary job  terminated normally, but 1 process returned
a non-zero exit code. Per user-direction, the job has been aborted.
--------------------------------------------------------------------------
--------------------------------------------------------------------------
mpirun noticed that process rank 1 with PID 0 on node r1i5n5 exited on signal 11 (Segmentation fault).
--------------------------------------------------------------------------
