build time -- 2021-07-23 05:43:58.801894
20210723 060607.391 INFO             PET0 !!!!!!!!!!!!!!!!!!!!!!!!!!!!!!!!!!!!!!!!!!!!!!!!!!!!!!
20210723 060607.391 INFO             PET0 !!! THE ESMF_LOG IS SET TO OUTPUT ALL LOG MESSAGES !!!
20210723 060607.391 INFO             PET0 !!!     THIS MAY CAUSE SLOWDOWN IN PERFORMANCE     !!!
20210723 060607.391 INFO             PET0 !!! FOR PRODUCTION RUNS, USE:                      !!!
20210723 060607.391 INFO             PET0 !!!                   ESMF_LOGKIND_Multi_On_Error  !!!
20210723 060607.391 INFO             PET0 !!!!!!!!!!!!!!!!!!!!!!!!!!!!!!!!!!!!!!!!!!!!!!!!!!!!!!
20210723 060607.391 INFO             PET0 Running with ESMF Version   : ESMF_8_2_0_beta_snapshot_14
20210723 060607.391 INFO             PET0 ESMF library build date/time: "Jul 23 2021" "05:42:28"
20210723 060607.391 INFO             PET0 ESMF library build location : /glade/scratch/mpotts/gfortran_10.1.0_openmpi_O_develop
20210723 060607.391 INFO             PET0 ESMF_COMM                   : openmpi
20210723 060607.391 INFO             PET0 ESMF_MOAB                   : enabled
20210723 060607.391 INFO             PET0 ESMF_LAPACK                 : enabled
20210723 060607.391 INFO             PET0 ESMF_NETCDF                 : enabled
20210723 060607.391 INFO             PET0 ESMF_PNETCDF                : disabled
20210723 060607.391 INFO             PET0 ESMF_PIO                    : enabled
20210723 060607.391 INFO             PET0 ESMF_YAMLCPP                : enabled
20210723 060607.392 INFO             PET0  NUMBER_OF_PROCESSORS           1
20210723 060607.392 INFO             PET0  PASS  Example CalendarEx, ESMF_CalendarEx.F90, line 217
20210723 060607.392 INFO             PET0 Finalizing ESMF
