build time -- 2021-06-20 05:43:53.370124
 --------------------------------------- 
 Start of ESMF_TraceUser Example
 --------------------------------------- 
  PASS  Example ESMF_TraceUserEx, ESMF_TraceUserEx.F90, line 125
  PASS  Example ESMF_TraceUserEx, ESMF_TraceUserEx.F90, line 125
  PASS  Example ESMF_TraceUserEx, ESMF_TraceUserEx.F90, line 125
  PASS  Example ESMF_TraceUserEx, ESMF_TraceUserEx.F90, line 125
[r1i5n5:51541:0:51541] Caught signal 11 (Segmentation fault: address not mapped to object at address 0x30)
[r1i5n5:51539:0:51539] Caught signal 11 (Segmentation fault: address not mapped to object at address 0x30)
--------------------------------------------------------------------------
A system call failed during shared memory initialization that should
not have.  It is likely that your MPI job will now either abort or
experience performance degradation.

  Local host:  r1i5n5
  System call: unlink(2) /dev/shm/vader_segment.r1i5n5.6bd50001.1
  Error:       No such file or directory (errno 2)
--------------------------------------------------------------------------
--------------------------------------------------------------------------
A system call failed during shared memory initialization that should
not have.  It is likely that your MPI job will now either abort or
experience performance degradation.

  Local host:  r1i5n5
  System call: unlink(2) /dev/shm/vader_segment.r1i5n5.6bd50001.3
  Error:       No such file or directory (errno 2)
--------------------------------------------------------------------------
[r1i5n5:51540:0:51540] Caught signal 11 (Segmentation fault: address not mapped to object at address 0x30)
[r1i5n5:51542:0:51542] Caught signal 11 (Segmentation fault: address not mapped to object at address 0x70)
--------------------------------------------------------------------------
Primary job  terminated normally, but 1 process returned
a non-zero exit code. Per user-direction, the job has been aborted.
--------------------------------------------------------------------------
--------------------------------------------------------------------------
mpirun noticed that process rank 0 with PID 0 on node r1i5n5 exited on signal 11 (Segmentation fault).
--------------------------------------------------------------------------
