build time -- 2021-06-20 05:43:53.370124
 got same values back from GetInternalState as original
 got same values back from GetInternalState as original
 got same values back from GetInternalState as original
 got same values back from GetInternalState as original
  PASS  Example ESMF_InternalStateModEx, ESMF_InternalStateModEx.F90, line 239
  PASS  Example ESMF_InternalStateModEx, ESMF_InternalStateModEx.F90, line 239
  PASS  Example ESMF_InternalStateModEx, ESMF_InternalStateModEx.F90, line 239
  PASS  Example ESMF_InternalStateModEx, ESMF_InternalStateModEx.F90, line 239
[r1i5n5:28711:0:28711] Caught signal 11 (Segmentation fault: address not mapped to object at address 0x30)
[r1i5n5:28713:0:28713] Caught signal 11 (Segmentation fault: address not mapped to object at address 0x30)
[r1i5n5:28712:0:28712] Caught signal 11 (Segmentation fault: address not mapped to object at address 0x30)
--------------------------------------------------------------------------
A system call failed during shared memory initialization that should
not have.  It is likely that your MPI job will now either abort or
experience performance degradation.

  Local host:  r1i5n5
  System call: unlink(2) /dev/shm/vader_segment.r1i5n5.d2b90001.3
  Error:       No such file or directory (errno 2)
--------------------------------------------------------------------------
[r1i5n5:28714:0:28714] Caught signal 11 (Segmentation fault: address not mapped to object at address 0x40)
--------------------------------------------------------------------------
Primary job  terminated normally, but 1 process returned
a non-zero exit code. Per user-direction, the job has been aborted.
--------------------------------------------------------------------------
--------------------------------------------------------------------------
mpirun noticed that process rank 0 with PID 0 on node r1i5n5 exited on signal 11 (Segmentation fault).
--------------------------------------------------------------------------
