build time -- 2021-06-22 05:44:09.827255
  PASS  Example ESMF_RHandleFromRHandleEx, ESMF_RHandleFromRHandleEx.F90, line 660
  PASS  Example ESMF_RHandleFromRHandleEx, ESMF_RHandleFromRHandleEx.F90, line 660
  PASS  Example ESMF_RHandleFromRHandleEx, ESMF_RHandleFromRHandleEx.F90, line 660
  PASS  Example ESMF_RHandleFromRHandleEx, ESMF_RHandleFromRHandleEx.F90, line 660
[r14i5n29:55496:0:55496] Caught signal 11 (Segmentation fault: address not mapped to object at address 0x30)
--------------------------------------------------------------------------
A system call failed during shared memory initialization that should
not have.  It is likely that your MPI job will now either abort or
experience performance degradation.

  Local host:  r14i5n29
  System call: unlink(2) /dev/shm/vader_segment.r14i5n29.5d60001.2
  Error:       No such file or directory (errno 2)
--------------------------------------------------------------------------
--------------------------------------------------------------------------
A system call failed during shared memory initialization that should
not have.  It is likely that your MPI job will now either abort or
experience performance degradation.

  Local host:  r14i5n29
  System call: unlink(2) /dev/shm/vader_segment.r14i5n29.5d60001.1
  Error:       No such file or directory (errno 2)
--------------------------------------------------------------------------
[r14i5n29:55497:0:55497] Caught signal 11 (Segmentation fault: address not mapped to object at address 0x150)
[r14i5n29:55498:0:55498] Caught signal 11 (Segmentation fault: address not mapped to object at address 0x30)
--------------------------------------------------------------------------
A system call failed during shared memory initialization that should
not have.  It is likely that your MPI job will now either abort or
experience performance degradation.

  Local host:  r14i5n29
  System call: unlink(2) /dev/shm/vader_segment.r14i5n29.5d60001.3
  Error:       No such file or directory (errno 2)
--------------------------------------------------------------------------
[r14i5n29:55499:0:55499] Caught signal 11 (Segmentation fault: address not mapped to object at address 0xd0)
--------------------------------------------------------------------------
Primary job  terminated normally, but 1 process returned
a non-zero exit code. Per user-direction, the job has been aborted.
--------------------------------------------------------------------------
--------------------------------------------------------------------------
mpirun noticed that process rank 0 with PID 0 on node r14i5n29 exited on signal 11 (Segmentation fault).
--------------------------------------------------------------------------
  PASS  Example ESMF_RHandleFromRHandleEx, ESMF_RHandleFromRHandleEx.F90, line 660
  PASS  Example ESMF_RHandleFromRHandleEx, ESMF_RHandleFromRHandleEx.F90, line 660
  PASS  Example ESMF_RHandleFromRHandleEx, ESMF_RHandleFromRHandleEx.F90, line 660
  PASS  Example ESMF_RHandleFromRHandleEx, ESMF_RHandleFromRHandleEx.F90, line 660
[r14i5n29:55496:0:55496] Caught signal 11 (Segmentation fault: address not mapped to object at address 0x30)
--------------------------------------------------------------------------
A system call failed during shared memory initialization that should
not have.  It is likely that your MPI job will now either abort or
experience performance degradation.

  Local host:  r14i5n29
  System call: unlink(2) /dev/shm/vader_segment.r14i5n29.5d60001.2
  Error:       No such file or directory (errno 2)
--------------------------------------------------------------------------
--------------------------------------------------------------------------
A system call failed during shared memory initialization that should
not have.  It is likely that your MPI job will now either abort or
experience performance degradation.

  Local host:  r14i5n29
  System call: unlink(2) /dev/shm/vader_segment.r14i5n29.5d60001.1
  Error:       No such file or directory (errno 2)
--------------------------------------------------------------------------
[r14i5n29:55497:0:55497] Caught signal 11 (Segmentation fault: address not mapped to object at address 0x150)
[r14i5n29:55498:0:55498] Caught signal 11 (Segmentation fault: address not mapped to object at address 0x30)
--------------------------------------------------------------------------
A system call failed during shared memory initialization that should
not have.  It is likely that your MPI job will now either abort or
experience performance degradation.

  Local host:  r14i5n29
  System call: unlink(2) /dev/shm/vader_segment.r14i5n29.5d60001.3
  Error:       No such file or directory (errno 2)
--------------------------------------------------------------------------
[r14i5n29:55499:0:55499] Caught signal 11 (Segmentation fault: address not mapped to object at address 0xd0)
--------------------------------------------------------------------------
Primary job  terminated normally, but 1 process returned
a non-zero exit code. Per user-direction, the job has been aborted.
--------------------------------------------------------------------------
--------------------------------------------------------------------------
mpirun noticed that process rank 0 with PID 0 on node r14i5n29 exited on signal 11 (Segmentation fault).
--------------------------------------------------------------------------
