build time -- 2021-06-21 05:44:02.694938
 User Comp1 Register starting
 Registered Initialize, Run, and Finalize routines
 User Comp1 Register returning
 User Comp1 Register starting
 Registered Initialize, Run, and Finalize routines
 User Comp1 Register returning
 User Comp1 Register starting
 Registered Initialize, Run, and Finalize routines
 User Comp1 Register returning
 User Comp1 Register starting
 Registered Initialize, Run, and Finalize routines
 User Comp1 Register returning
  PASS  Example ESMF_WebServicesEx, ESMF_WebServicesEx.F90, line 227
  PASS  Example ESMF_WebServicesEx, ESMF_WebServicesEx.F90, line 227
  PASS  Example ESMF_WebServicesEx, ESMF_WebServicesEx.F90, line 227
  PASS  Example ESMF_WebServicesEx, ESMF_WebServicesEx.F90, line 227
[r1i3n13:41616:0:41616] Caught signal 11 (Segmentation fault: address not mapped to object at address 0x30)
[r1i3n13:41619:0:41619] Caught signal 11 (Segmentation fault: address not mapped to object at address 0x30)
--------------------------------------------------------------------------
A system call failed during shared memory initialization that should
not have.  It is likely that your MPI job will now either abort or
experience performance degradation.

  Local host:  r1i3n13
  System call: unlink(2) /dev/shm/vader_segment.r1i3n13.ade0001.2
  Error:       No such file or directory (errno 2)
--------------------------------------------------------------------------
[r1i3n13:41618:0:41618] Caught signal 11 (Segmentation fault: address not mapped to object at address 0xd0)
--------------------------------------------------------------------------
A system call failed during shared memory initialization that should
not have.  It is likely that your MPI job will now either abort or
experience performance degradation.

  Local host:  r1i3n13
  System call: unlink(2) /dev/shm/vader_segment.r1i3n13.ade0001.1
  Error:       No such file or directory (errno 2)
--------------------------------------------------------------------------
[r1i3n13:41617:0:41617] Caught signal 11 (Segmentation fault: Sent by the kernel at address (nil))
--------------------------------------------------------------------------
Primary job  terminated normally, but 1 process returned
a non-zero exit code. Per user-direction, the job has been aborted.
--------------------------------------------------------------------------
==== backtrace (tid:  41617) ====
 0  /glade/u/apps/ch/opt/ucx/1.9.0/lib/libucs.so.0(ucs_handle_error+0xe4) [0x2b4c410d3574]
 1  /glade/u/apps/ch/opt/ucx/1.9.0/lib/libucs.so.0(+0x2589c) [0x2b4c410d389c]
 2  /glade/u/apps/ch/opt/ucx/1.9.0/lib/libucs.so.0(+0x25b0b) [0x2b4c410d3b0b]
 3  /glade/u/apps/ch/os/lib64/libpthread.so.0(+0x10b00) [0x2b4c30f60b00]
 4  /glade/u/apps/ch/opt/openmpi/4.0.5/gnu/10.1.0/lib/libopen-pal.so.40(+0x2d3f7) [0x2b4c317f63f7]
 5  /glade/u/apps/ch/opt/openmpi/4.0.5/gnu/10.1.0/lib/openmpi/mca_btl_vader.so(+0x3e81) [0x2b4c3b6a6e81]
 6  /glade/u/apps/ch/opt/openmpi/4.0.5/gnu/10.1.0/lib/libopen-pal.so.40(mca_base_component_close+0x1b) [0x2b4c318234fb]
 7  /glade/u/apps/ch/opt/openmpi/4.0.5/gnu/10.1.0/lib/libopen-pal.so.40(mca_base_components_close+0x56) [0x2b4c31823586]
 8  /glade/u/apps/ch/opt/openmpi/4.0.5/gnu/10.1.0/lib/libopen-pal.so.40(+0x7afb0) [0x2b4c31843fb0]
 9  /glade/u/apps/ch/opt/openmpi/4.0.5/gnu/10.1.0/lib/libopen-pal.so.40(mca_base_framework_close+0x7c) [0x2b4c3182d51c]
10  /glade/u/apps/ch/opt/openmpi/4.0.5/gnu/10.1.0/lib/libopen-pal.so.40(opal_info_close_components+0x25) [0x2b4c31806165]
11  /glade/u/apps/ch/opt/openmpi/4.0.5/gnu/10.1.0/lib/libmpi.so.40(PMPI_T_finalize+0x35) [0x2b4c306259a5]
12  /glade/scratch/mpotts/gfortran_10.1.0_openmpi_O_develop/lib/libO/Linux.gfortran.64.openmpi.default/libesmf.so(_ZN5ESMCI3VMK8finalizeEi+0x254) [0x2b4c2d685068]
13  /glade/scratch/mpotts/gfortran_10.1.0_openmpi_O_develop/lib/libO/Linux.gfortran.64.openmpi.default/libesmf.so(_ZN5ESMCI2VM8finalizeEP12ESMC_LogicalPi+0x4d1) [0x2b4c2d6945e5]
14  /glade/scratch/mpotts/gfortran_10.1.0_openmpi_O_develop/lib/libO/Linux.gfortran.64.openmpi.default/libesmf.so(c_esmc_vmfinalize_+0x25) [0x2b4c2d676331]
15  /glade/scratch/mpotts/gfortran_10.1.0_openmpi_O_develop/lib/libO/Linux.gfortran.64.openmpi.default/libesmf.so(__esmf_vmmod_MOD_esmf_vmfinalize+0x25) [0x2b4c2dced5d3]
16  /glade/scratch/mpotts/gfortran_10.1.0_openmpi_O_develop/lib/libO/Linux.gfortran.64.openmpi.default/libesmf.so(__esmf_initmod_MOD_esmf_finalize+0x193) [0x2b4c2db60baa]
17  ./ESMF_WebServicesEx() [0x401279]
18  ./ESMF_WebServicesEx() [0x4013ee]
19  /glade/u/apps/ch/os/lib64/libc.so.6(__libc_start_main+0xf5) [0x2b4c3118d6e5]
20  ./ESMF_WebServicesEx() [0x400cd9]
=================================

Program received signal SIGSEGV: Segmentation fault - invalid memory reference.

Backtrace for this error:
#0  0x2b4c30f60aff in ???
#1  0x2b4c317f63f7 in ???
#2  0x2b4c3b6a6e80 in ???
#3  0x2b4c318234fa in ???
#4  0x2b4c31823585 in ???
#5  0x2b4c31843faf in ???
#6  0x2b4c3182d51b in ???
#7  0x2b4c31806164 in ???
#8  0x2b4c306259a4 in ???
#9  0x2b4c2d685067 in ???
#10  0x2b4c2d6945e4 in ???
#11  0x2b4c2d676330 in ???
#12  0x2b4c2dced5d2 in ???
#13  0x2b4c2db60ba9 in ???
#14  0x401278 in ???
#15  0x4013ed in ???
#16  0x2b4c3118d6e4 in ???
#17  0x400cd8 in ???
	at ../sysdeps/x86_64/start.S:118
#18  0xffffffffffffffff in ???
--------------------------------------------------------------------------
mpirun noticed that process rank 0 with PID 0 on node r1i3n13 exited on signal 11 (Segmentation fault).
--------------------------------------------------------------------------
 User Comp1 Register starting
 Registered Initialize, Run, and Finalize routines
 User Comp1 Register returning
 User Comp1 Register starting
 Registered Initialize, Run, and Finalize routines
 User Comp1 Register returning
 User Comp1 Register starting
 Registered Initialize, Run, and Finalize routines
 User Comp1 Register returning
 User Comp1 Register starting
 Registered Initialize, Run, and Finalize routines
 User Comp1 Register returning
  PASS  Example ESMF_WebServicesEx, ESMF_WebServicesEx.F90, line 227
  PASS  Example ESMF_WebServicesEx, ESMF_WebServicesEx.F90, line 227
  PASS  Example ESMF_WebServicesEx, ESMF_WebServicesEx.F90, line 227
  PASS  Example ESMF_WebServicesEx, ESMF_WebServicesEx.F90, line 227
[r1i3n13:41616:0:41616] Caught signal 11 (Segmentation fault: address not mapped to object at address 0x30)
[r1i3n13:41619:0:41619] Caught signal 11 (Segmentation fault: address not mapped to object at address 0x30)
--------------------------------------------------------------------------
A system call failed during shared memory initialization that should
not have.  It is likely that your MPI job will now either abort or
experience performance degradation.

  Local host:  r1i3n13
  System call: unlink(2) /dev/shm/vader_segment.r1i3n13.ade0001.2
  Error:       No such file or directory (errno 2)
--------------------------------------------------------------------------
[r1i3n13:41618:0:41618] Caught signal 11 (Segmentation fault: address not mapped to object at address 0xd0)
--------------------------------------------------------------------------
A system call failed during shared memory initialization that should
not have.  It is likely that your MPI job will now either abort or
experience performance degradation.

  Local host:  r1i3n13
  System call: unlink(2) /dev/shm/vader_segment.r1i3n13.ade0001.1
  Error:       No such file or directory (errno 2)
--------------------------------------------------------------------------
[r1i3n13:41617:0:41617] Caught signal 11 (Segmentation fault: Sent by the kernel at address (nil))
--------------------------------------------------------------------------
Primary job  terminated normally, but 1 process returned
a non-zero exit code. Per user-direction, the job has been aborted.
--------------------------------------------------------------------------
==== backtrace (tid:  41617) ====
 0  /glade/u/apps/ch/opt/ucx/1.9.0/lib/libucs.so.0(ucs_handle_error+0xe4) [0x2b4c410d3574]
 1  /glade/u/apps/ch/opt/ucx/1.9.0/lib/libucs.so.0(+0x2589c) [0x2b4c410d389c]
 2  /glade/u/apps/ch/opt/ucx/1.9.0/lib/libucs.so.0(+0x25b0b) [0x2b4c410d3b0b]
 3  /glade/u/apps/ch/os/lib64/libpthread.so.0(+0x10b00) [0x2b4c30f60b00]
 4  /glade/u/apps/ch/opt/openmpi/4.0.5/gnu/10.1.0/lib/libopen-pal.so.40(+0x2d3f7) [0x2b4c317f63f7]
 5  /glade/u/apps/ch/opt/openmpi/4.0.5/gnu/10.1.0/lib/openmpi/mca_btl_vader.so(+0x3e81) [0x2b4c3b6a6e81]
 6  /glade/u/apps/ch/opt/openmpi/4.0.5/gnu/10.1.0/lib/libopen-pal.so.40(mca_base_component_close+0x1b) [0x2b4c318234fb]
 7  /glade/u/apps/ch/opt/openmpi/4.0.5/gnu/10.1.0/lib/libopen-pal.so.40(mca_base_components_close+0x56) [0x2b4c31823586]
 8  /glade/u/apps/ch/opt/openmpi/4.0.5/gnu/10.1.0/lib/libopen-pal.so.40(+0x7afb0) [0x2b4c31843fb0]
 9  /glade/u/apps/ch/opt/openmpi/4.0.5/gnu/10.1.0/lib/libopen-pal.so.40(mca_base_framework_close+0x7c) [0x2b4c3182d51c]
10  /glade/u/apps/ch/opt/openmpi/4.0.5/gnu/10.1.0/lib/libopen-pal.so.40(opal_info_close_components+0x25) [0x2b4c31806165]
11  /glade/u/apps/ch/opt/openmpi/4.0.5/gnu/10.1.0/lib/libmpi.so.40(PMPI_T_finalize+0x35) [0x2b4c306259a5]
12  /glade/scratch/mpotts/gfortran_10.1.0_openmpi_O_develop/lib/libO/Linux.gfortran.64.openmpi.default/libesmf.so(_ZN5ESMCI3VMK8finalizeEi+0x254) [0x2b4c2d685068]
13  /glade/scratch/mpotts/gfortran_10.1.0_openmpi_O_develop/lib/libO/Linux.gfortran.64.openmpi.default/libesmf.so(_ZN5ESMCI2VM8finalizeEP12ESMC_LogicalPi+0x4d1) [0x2b4c2d6945e5]
14  /glade/scratch/mpotts/gfortran_10.1.0_openmpi_O_develop/lib/libO/Linux.gfortran.64.openmpi.default/libesmf.so(c_esmc_vmfinalize_+0x25) [0x2b4c2d676331]
15  /glade/scratch/mpotts/gfortran_10.1.0_openmpi_O_develop/lib/libO/Linux.gfortran.64.openmpi.default/libesmf.so(__esmf_vmmod_MOD_esmf_vmfinalize+0x25) [0x2b4c2dced5d3]
16  /glade/scratch/mpotts/gfortran_10.1.0_openmpi_O_develop/lib/libO/Linux.gfortran.64.openmpi.default/libesmf.so(__esmf_initmod_MOD_esmf_finalize+0x193) [0x2b4c2db60baa]
17  ./ESMF_WebServicesEx() [0x401279]
18  ./ESMF_WebServicesEx() [0x4013ee]
19  /glade/u/apps/ch/os/lib64/libc.so.6(__libc_start_main+0xf5) [0x2b4c3118d6e5]
20  ./ESMF_WebServicesEx() [0x400cd9]
=================================

Program received signal SIGSEGV: Segmentation fault - invalid memory reference.

Backtrace for this error:
#0  0x2b4c30f60aff in ???
#1  0x2b4c317f63f7 in ???
#2  0x2b4c3b6a6e80 in ???
#3  0x2b4c318234fa in ???
#4  0x2b4c31823585 in ???
#5  0x2b4c31843faf in ???
#6  0x2b4c3182d51b in ???
#7  0x2b4c31806164 in ???
#8  0x2b4c306259a4 in ???
#9  0x2b4c2d685067 in ???
#10  0x2b4c2d6945e4 in ???
#11  0x2b4c2d676330 in ???
#12  0x2b4c2dced5d2 in ???
#13  0x2b4c2db60ba9 in ???
#14  0x401278 in ???
#15  0x4013ed in ???
#16  0x2b4c3118d6e4 in ???
#17  0x400cd8 in ???
	at ../sysdeps/x86_64/start.S:118
#18  0xffffffffffffffff in ???
--------------------------------------------------------------------------
mpirun noticed that process rank 0 with PID 0 on node r1i3n13 exited on signal 11 (Segmentation fault).
--------------------------------------------------------------------------
