build time -- 2021-06-21 05:44:02.694938
  PASS  Example ESMF_ArrayScatterGatherArbEx, ESMF_ArrayScatterGatherArbEx.F90, line 313
  PASS  Example ESMF_ArrayScatterGatherArbEx, ESMF_ArrayScatterGatherArbEx.F90, line 313
  PASS  Example ESMF_ArrayScatterGatherArbEx, ESMF_ArrayScatterGatherArbEx.F90, line 313
  PASS  Example ESMF_ArrayScatterGatherArbEx, ESMF_ArrayScatterGatherArbEx.F90, line 313
[r1i3n13:3272 :0:3272] Caught signal 11 (Segmentation fault: address not mapped to object at address 0x30)
[r1i3n13:3270 :0:3270] Caught signal 11 (Segmentation fault: address not mapped to object at address 0x30)
[r1i3n13:3271 :0:3271] Caught signal 11 (Segmentation fault: address not mapped to object at address 0x30)
--------------------------------------------------------------------------
A system call failed during shared memory initialization that should
not have.  It is likely that your MPI job will now either abort or
experience performance degradation.

  Local host:  r1i3n13
  System call: unlink(2) /dev/shm/vader_segment.r1i3n13.a4900001.3
  Error:       No such file or directory (errno 2)
--------------------------------------------------------------------------
[r1i3n13:3273 :0:3273] Caught signal 11 (Segmentation fault: address not mapped to object at address 0x30)
--------------------------------------------------------------------------
Primary job  terminated normally, but 1 process returned
a non-zero exit code. Per user-direction, the job has been aborted.
--------------------------------------------------------------------------
--------------------------------------------------------------------------
mpirun noticed that process rank 0 with PID 0 on node r1i3n13 exited on signal 11 (Segmentation fault).
--------------------------------------------------------------------------
  PASS  Example ESMF_ArrayScatterGatherArbEx, ESMF_ArrayScatterGatherArbEx.F90, line 313
  PASS  Example ESMF_ArrayScatterGatherArbEx, ESMF_ArrayScatterGatherArbEx.F90, line 313
  PASS  Example ESMF_ArrayScatterGatherArbEx, ESMF_ArrayScatterGatherArbEx.F90, line 313
  PASS  Example ESMF_ArrayScatterGatherArbEx, ESMF_ArrayScatterGatherArbEx.F90, line 313
[r1i3n13:3272 :0:3272] Caught signal 11 (Segmentation fault: address not mapped to object at address 0x30)
[r1i3n13:3270 :0:3270] Caught signal 11 (Segmentation fault: address not mapped to object at address 0x30)
[r1i3n13:3271 :0:3271] Caught signal 11 (Segmentation fault: address not mapped to object at address 0x30)
--------------------------------------------------------------------------
A system call failed during shared memory initialization that should
not have.  It is likely that your MPI job will now either abort or
experience performance degradation.

  Local host:  r1i3n13
  System call: unlink(2) /dev/shm/vader_segment.r1i3n13.a4900001.3
  Error:       No such file or directory (errno 2)
--------------------------------------------------------------------------
[r1i3n13:3273 :0:3273] Caught signal 11 (Segmentation fault: address not mapped to object at address 0x30)
--------------------------------------------------------------------------
Primary job  terminated normally, but 1 process returned
a non-zero exit code. Per user-direction, the job has been aborted.
--------------------------------------------------------------------------
--------------------------------------------------------------------------
mpirun noticed that process rank 0 with PID 0 on node r1i3n13 exited on signal 11 (Segmentation fault).
--------------------------------------------------------------------------
