build time -- 2021-06-16 05:45:32.259717
 State Example 1: Import State
 State Example 1: Import State
 State Example 1: Import State
 State Example 1: Import State
 State Create returned, name = Atmosphere
 State Example 1 finished
 State Example 2: Export State
 State Create returned, name = Ocean
 FieldBundle Create returned           0
 State Create returned, name = Atmosphere
 State Example 1 finished
 State Example 2: Export State
 State Create returned, name = Ocean
 State Create returned, name = Atmosphere
 State Example 1 finished
 State Example 2: Export State
 State Create returned, name = Ocean
 FieldBundle Create returned           0
 State Create returned, name = Atmosphere
 State Example 1 finished
 State Example 2: Export State
 State Create returned, name = Ocean
 FieldBundle Create returned           0
 FieldBundle Create returned           0
 StateAdd returned           0
 StateAdd returned           0
 StateAdd returned           0
 StateAdd returned           0
 State Destroy returned           0
 FieldBundle Destroy returned           0
 State Example 2 finished
 State Example 3: Export State with Placeholder
 State Destroy returned           0
 FieldBundle Destroy returned           0
 State Example 2 finished
 State Example 3: Export State with Placeholder
 State Destroy returned           0
 FieldBundle Destroy returned           0
 State Example 2 finished
 State Example 3: Export State with Placeholder
 State Create returned           0  name = Ocean
 State Destroy returned           0
 FieldBundle Destroy returned           0
 State Example 2 finished
 State Example 3: Export State with Placeholder
 State Create returned           0  name = Ocean
 State Create returned           0  name = Ocean
 State Create returned           0  name = Ocean
 AttributeSet returned           0  name = Downward wind:needed
 AttributeSet returned           0  name = Downward wind:needed
 AttributeSet returned           0  name = Humidity:needed
 State Example 3 finished
 State Example 4: Get/Set Needed flags in Export State
 AttributeSet returned           0
 State Example 5: Get/Set Needed flags in Export State, continued
 AttributeSet returned           0  name = Humidity:needed
 State Example 3 finished
 State Example 4: Get/Set Needed flags in Export State
 AttributeSet returned           0
 State Example 5: Get/Set Needed flags in Export State, continued
 AttributeSet returned           0  name = Downward wind:needed
 AttributeSet returned           0  name = Downward wind:needed
 AttributeSet returned           0  name = Humidity:needed
 State Example 3 finished
 State Example 4: Get/Set Needed flags in Export State
 AttributeSet returned           0  name = Humidity:needed
 State Example 3 finished
 AttributeSet returned           0
 State Example 5: Get/Set Needed flags in Export State, continued
 State Example 4: Get/Set Needed flags in Export State
 AttributeSet returned           0
 State Example 5: Get/Set Needed flags in Export State, continued
 FieldBundle Create returned           0 name = Downward wind:needed
 FieldBundle Create returned           0 name = Downward wind:needed
 StateAdd returned           0
 State Example 5 finished
 StateAdd returned           0
 State Example 5 finished
 State Destroy returned           0
 State Destroy returned           0
  PASS  Example ESMF_StateEx, ESMF_StateEx.F90, line 237
  PASS  Example ESMF_StateEx, ESMF_StateEx.F90, line 237
 FieldBundle Create returned           0 name = Downward wind:needed
 FieldBundle Create returned           0 name = Downward wind:needed
 StateAdd returned           0
 State Example 5 finished
 StateAdd returned           0
 State Example 5 finished
 State Destroy returned           0
 State Destroy returned           0
  PASS  Example ESMF_StateEx, ESMF_StateEx.F90, line 237
  PASS  Example ESMF_StateEx, ESMF_StateEx.F90, line 237
[r13i6n15:33546:0:33546] Caught signal 11 (Segmentation fault: address not mapped to object at address 0x30)
[r13i6n15:33547:0:33547] Caught signal 11 (Segmentation fault: address not mapped to object at address 0x30)
--------------------------------------------------------------------------
A system call failed during shared memory initialization that should
not have.  It is likely that your MPI job will now either abort or
experience performance degradation.

  Local host:  r13i6n15
  System call: unlink(2) /dev/shm/vader_segment.r13i6n15.de080001.0
  Error:       No such file or directory (errno 2)
--------------------------------------------------------------------------
[r13i6n15:33544:0:33544] Caught signal 11 (Segmentation fault: address not mapped to object at address 0x30)
--------------------------------------------------------------------------
A system call failed during shared memory initialization that should
not have.  It is likely that your MPI job will now either abort or
experience performance degradation.

  Local host:  r13i6n15
  System call: unlink(2) /dev/shm/vader_segment.r13i6n15.de080001.1
  Error:       No such file or directory (errno 2)
--------------------------------------------------------------------------
[r13i6n15:33545:0:33545] Caught signal 11 (Segmentation fault: address not mapped to object at address 0x4b0)
--------------------------------------------------------------------------
Primary job  terminated normally, but 1 process returned
a non-zero exit code. Per user-direction, the job has been aborted.
--------------------------------------------------------------------------
--------------------------------------------------------------------------
mpirun noticed that process rank 0 with PID 0 on node r13i6n15 exited on signal 11 (Segmentation fault).
--------------------------------------------------------------------------
 State Example 1: Import State
 State Example 1: Import State
 State Example 1: Import State
 State Example 1: Import State
 State Create returned, name = Atmosphere
 State Example 1 finished
 State Example 2: Export State
 State Create returned, name = Ocean
 FieldBundle Create returned           0
 State Create returned, name = Atmosphere
 State Example 1 finished
 State Example 2: Export State
 State Create returned, name = Ocean
 State Create returned, name = Atmosphere
 State Example 1 finished
 State Example 2: Export State
 State Create returned, name = Ocean
 FieldBundle Create returned           0
 State Create returned, name = Atmosphere
 State Example 1 finished
 State Example 2: Export State
 State Create returned, name = Ocean
 FieldBundle Create returned           0
 FieldBundle Create returned           0
 StateAdd returned           0
 StateAdd returned           0
 StateAdd returned           0
 StateAdd returned           0
 State Destroy returned           0
 FieldBundle Destroy returned           0
 State Example 2 finished
 State Example 3: Export State with Placeholder
 State Destroy returned           0
 FieldBundle Destroy returned           0
 State Example 2 finished
 State Example 3: Export State with Placeholder
 State Destroy returned           0
 FieldBundle Destroy returned           0
 State Example 2 finished
 State Example 3: Export State with Placeholder
 State Create returned           0  name = Ocean
 State Destroy returned           0
 FieldBundle Destroy returned           0
 State Example 2 finished
 State Example 3: Export State with Placeholder
 State Create returned           0  name = Ocean
 State Create returned           0  name = Ocean
 State Create returned           0  name = Ocean
 AttributeSet returned           0  name = Downward wind:needed
 AttributeSet returned           0  name = Downward wind:needed
 AttributeSet returned           0  name = Humidity:needed
 State Example 3 finished
 State Example 4: Get/Set Needed flags in Export State
 AttributeSet returned           0
 State Example 5: Get/Set Needed flags in Export State, continued
 AttributeSet returned           0  name = Humidity:needed
 State Example 3 finished
 State Example 4: Get/Set Needed flags in Export State
 AttributeSet returned           0
 State Example 5: Get/Set Needed flags in Export State, continued
 AttributeSet returned           0  name = Downward wind:needed
 AttributeSet returned           0  name = Downward wind:needed
 AttributeSet returned           0  name = Humidity:needed
 State Example 3 finished
 State Example 4: Get/Set Needed flags in Export State
 AttributeSet returned           0  name = Humidity:needed
 State Example 3 finished
 AttributeSet returned           0
 State Example 5: Get/Set Needed flags in Export State, continued
 State Example 4: Get/Set Needed flags in Export State
 AttributeSet returned           0
 State Example 5: Get/Set Needed flags in Export State, continued
 FieldBundle Create returned           0 name = Downward wind:needed
 FieldBundle Create returned           0 name = Downward wind:needed
 StateAdd returned           0
 State Example 5 finished
 StateAdd returned           0
 State Example 5 finished
 State Destroy returned           0
 State Destroy returned           0
  PASS  Example ESMF_StateEx, ESMF_StateEx.F90, line 237
  PASS  Example ESMF_StateEx, ESMF_StateEx.F90, line 237
 FieldBundle Create returned           0 name = Downward wind:needed
 FieldBundle Create returned           0 name = Downward wind:needed
 StateAdd returned           0
 State Example 5 finished
 StateAdd returned           0
 State Example 5 finished
 State Destroy returned           0
 State Destroy returned           0
  PASS  Example ESMF_StateEx, ESMF_StateEx.F90, line 237
  PASS  Example ESMF_StateEx, ESMF_StateEx.F90, line 237
[r13i6n15:33546:0:33546] Caught signal 11 (Segmentation fault: address not mapped to object at address 0x30)
[r13i6n15:33547:0:33547] Caught signal 11 (Segmentation fault: address not mapped to object at address 0x30)
--------------------------------------------------------------------------
A system call failed during shared memory initialization that should
not have.  It is likely that your MPI job will now either abort or
experience performance degradation.

  Local host:  r13i6n15
  System call: unlink(2) /dev/shm/vader_segment.r13i6n15.de080001.0
  Error:       No such file or directory (errno 2)
--------------------------------------------------------------------------
[r13i6n15:33544:0:33544] Caught signal 11 (Segmentation fault: address not mapped to object at address 0x30)
--------------------------------------------------------------------------
A system call failed during shared memory initialization that should
not have.  It is likely that your MPI job will now either abort or
experience performance degradation.

  Local host:  r13i6n15
  System call: unlink(2) /dev/shm/vader_segment.r13i6n15.de080001.1
  Error:       No such file or directory (errno 2)
--------------------------------------------------------------------------
[r13i6n15:33545:0:33545] Caught signal 11 (Segmentation fault: address not mapped to object at address 0x4b0)
--------------------------------------------------------------------------
Primary job  terminated normally, but 1 process returned
a non-zero exit code. Per user-direction, the job has been aborted.
--------------------------------------------------------------------------
--------------------------------------------------------------------------
mpirun noticed that process rank 0 with PID 0 on node r13i6n15 exited on signal 11 (Segmentation fault).
--------------------------------------------------------------------------
