build time -- 2021-06-21 05:44:02.694938
  PASS  Example ESMF_RHandleReusabilityEx, ESMF_RHandleReusabilityEx.F90, line 582
  PASS  Example ESMF_RHandleReusabilityEx, ESMF_RHandleReusabilityEx.F90, line 582
  PASS  Example ESMF_RHandleReusabilityEx, ESMF_RHandleReusabilityEx.F90, line 582
  PASS  Example ESMF_RHandleReusabilityEx, ESMF_RHandleReusabilityEx.F90, line 582
[r1i3n13:70383:0:70383] Caught signal 11 (Segmentation fault: address not mapped to object at address 0x30)
[r1i3n13:70381:0:70381] Caught signal 11 (Segmentation fault: address not mapped to object at address 0x30)
[r1i3n13:70380:0:70380] Caught signal 11 (Segmentation fault: address not mapped to object at address 0x30)
[r1i3n13:70382:0:70382] Caught signal 11 (Segmentation fault: address not mapped to object at address 0x30)
--------------------------------------------------------------------------
Primary job  terminated normally, but 1 process returned
a non-zero exit code. Per user-direction, the job has been aborted.
--------------------------------------------------------------------------
--------------------------------------------------------------------------
mpirun noticed that process rank 1 with PID 0 on node r1i3n13 exited on signal 11 (Segmentation fault).
--------------------------------------------------------------------------
  PASS  Example ESMF_RHandleReusabilityEx, ESMF_RHandleReusabilityEx.F90, line 582
  PASS  Example ESMF_RHandleReusabilityEx, ESMF_RHandleReusabilityEx.F90, line 582
  PASS  Example ESMF_RHandleReusabilityEx, ESMF_RHandleReusabilityEx.F90, line 582
  PASS  Example ESMF_RHandleReusabilityEx, ESMF_RHandleReusabilityEx.F90, line 582
[r1i3n13:70383:0:70383] Caught signal 11 (Segmentation fault: address not mapped to object at address 0x30)
[r1i3n13:70381:0:70381] Caught signal 11 (Segmentation fault: address not mapped to object at address 0x30)
[r1i3n13:70380:0:70380] Caught signal 11 (Segmentation fault: address not mapped to object at address 0x30)
[r1i3n13:70382:0:70382] Caught signal 11 (Segmentation fault: address not mapped to object at address 0x30)
--------------------------------------------------------------------------
Primary job  terminated normally, but 1 process returned
a non-zero exit code. Per user-direction, the job has been aborted.
--------------------------------------------------------------------------
--------------------------------------------------------------------------
mpirun noticed that process rank 1 with PID 0 on node r1i3n13 exited on signal 11 (Segmentation fault).
--------------------------------------------------------------------------
