build time -- 2021-06-21 05:44:02.694938
 contents before scatter/gather:
           0  array1:            1
           0  array1:            2
 contents before scatter/gather:
           1  array1:          101
           1  array1:          102
           1  array1:          103
           1  array1:          104
 contents before scatter/gather:
           2  array1:          201
           2  array1:          202
           2  array1:          203
           2  array1:          204
           2  array1:          205
           2  array1:          206
           2  array1:          207
           2  array1:          208
 contents before scatter/gather:
           3  array1:          301
           3  array1:          302
           3  array1:          303
           3  array1:          304
           3  array1:          305
           3  array1:          306
           3  array1:          307
           3  array1:          308
           0  array1:            3
           0  array1:            4
           0  array1:            5
           0  array1:            6
           0  array1:            7
           0  array1:            8
           1  array1:          105
           1  array1:          106
           1  array1:          107
           1  array1:          108
 scatter result:
           3  array2:            7
           3  array2:            8
 gather result:
           3  array1:            1
           3  array1:            2
           3  array1:            3
           3  array1:            4
           3  array1:            5
           3  array1:            6
           3  array1:            7
           3  array1:            8
  PASS  Example ESMF_VMScatterVMGatherEx, ESMF_VMScatterVMGatherEx.F90, line 120
 scatter result:
           0  array2:            1
           0  array2:            2
 gather result:
           0  array1:            1
           0  array1:            2
           0  array1:            3
           0  array1:            4
           0  array1:            5
           0  array1:            6
           0  array1:            7
           0  array1:            8
  PASS  Example ESMF_VMScatterVMGatherEx, ESMF_VMScatterVMGatherEx.F90, line 120
 scatter result:
           2  array2:            5
           2  array2:            6
 gather result:
           2  array1:          201
           2  array1:          202
           2  array1:          203
           2  array1:          204
           2  array1:          205
           2  array1:          206
           2  array1:          207
           2  array1:          208
  PASS  Example ESMF_VMScatterVMGatherEx, ESMF_VMScatterVMGatherEx.F90, line 120
 scatter result:
           1  array2:            3
           1  array2:            4
 gather result:
           1  array1:          101
           1  array1:          102
           1  array1:          103
           1  array1:          104
           1  array1:          105
           1  array1:          106
           1  array1:          107
           1  array1:          108
  PASS  Example ESMF_VMScatterVMGatherEx, ESMF_VMScatterVMGatherEx.F90, line 120
[r1i3n13:54499:0:54499] Caught signal 11 (Segmentation fault: address not mapped to object at address 0x30)
--------------------------------------------------------------------------
A system call failed during shared memory initialization that should
not have.  It is likely that your MPI job will now either abort or
experience performance degradation.

  Local host:  r1i3n13
  System call: unlink(2) /dev/shm/vader_segment.r1i3n13.7c8e0001.2
  Error:       No such file or directory (errno 2)
--------------------------------------------------------------------------
--------------------------------------------------------------------------
A system call failed during shared memory initialization that should
not have.  It is likely that your MPI job will now either abort or
experience performance degradation.

  Local host:  r1i3n13
  System call: unlink(2) /dev/shm/vader_segment.r1i3n13.7c8e0001.1
  Error:       No such file or directory (errno 2)
--------------------------------------------------------------------------
--------------------------------------------------------------------------
A system call failed during shared memory initialization that should
not have.  It is likely that your MPI job will now either abort or
experience performance degradation.

  Local host:  r1i3n13
  System call: unlink(2) /dev/shm/vader_segment.r1i3n13.7c8e0001.0
  Error:       No such file or directory (errno 2)
--------------------------------------------------------------------------
[r1i3n13:54496:0:54496] Caught signal 11 (Segmentation fault: address not mapped to object at address 0x30)
[r1i3n13:54498:0:54498] Caught signal 11 (Segmentation fault: address not mapped to object at address 0x30)
[r1i3n13:54497:0:54497] Caught signal 11 (Segmentation fault: Sent by the kernel at address (nil))
--------------------------------------------------------------------------
Primary job  terminated normally, but 1 process returned
a non-zero exit code. Per user-direction, the job has been aborted.
--------------------------------------------------------------------------
==== backtrace (tid:  54497) ====
 0  /glade/u/apps/ch/opt/ucx/1.9.0/lib/libucs.so.0(ucs_handle_error+0xe4) [0x2b47094d9574]
 1  /glade/u/apps/ch/opt/ucx/1.9.0/lib/libucs.so.0(+0x2589c) [0x2b47094d989c]
 2  /glade/u/apps/ch/opt/ucx/1.9.0/lib/libucs.so.0(+0x25b0b) [0x2b47094d9b0b]
 3  /glade/u/apps/ch/os/lib64/libpthread.so.0(+0x10b00) [0x2b46f94c5b00]
 4  /glade/u/apps/ch/opt/openmpi/4.0.5/gnu/10.1.0/lib/libopen-pal.so.40(+0x2d3f7) [0x2b46f9d5b3f7]
 5  /glade/u/apps/ch/opt/openmpi/4.0.5/gnu/10.1.0/lib/openmpi/mca_btl_vader.so(+0x3e81) [0x2b4703bc1e81]
 6  /glade/u/apps/ch/opt/openmpi/4.0.5/gnu/10.1.0/lib/libopen-pal.so.40(mca_base_component_close+0x1b) [0x2b46f9d884fb]
 7  /glade/u/apps/ch/opt/openmpi/4.0.5/gnu/10.1.0/lib/libopen-pal.so.40(mca_base_components_close+0x56) [0x2b46f9d88586]
 8  /glade/u/apps/ch/opt/openmpi/4.0.5/gnu/10.1.0/lib/libopen-pal.so.40(+0x7afb0) [0x2b46f9da8fb0]
 9  /glade/u/apps/ch/opt/openmpi/4.0.5/gnu/10.1.0/lib/libopen-pal.so.40(mca_base_framework_close+0x7c) [0x2b46f9d9251c]
10  /glade/u/apps/ch/opt/openmpi/4.0.5/gnu/10.1.0/lib/libopen-pal.so.40(opal_info_close_components+0x25) [0x2b46f9d6b165]
11  /glade/u/apps/ch/opt/openmpi/4.0.5/gnu/10.1.0/lib/libmpi.so.40(PMPI_T_finalize+0x35) [0x2b46f8b8a9a5]
12  /glade/scratch/mpotts/gfortran_10.1.0_openmpi_O_develop/lib/libO/Linux.gfortran.64.openmpi.default/libesmf.so(_ZN5ESMCI3VMK8finalizeEi+0x254) [0x2b46f5bea068]
13  /glade/scratch/mpotts/gfortran_10.1.0_openmpi_O_develop/lib/libO/Linux.gfortran.64.openmpi.default/libesmf.so(_ZN5ESMCI2VM8finalizeEP12ESMC_LogicalPi+0x4d1) [0x2b46f5bf95e5]
14  /glade/scratch/mpotts/gfortran_10.1.0_openmpi_O_develop/lib/libO/Linux.gfortran.64.openmpi.default/libesmf.so(c_esmc_vmfinalize_+0x25) [0x2b46f5bdb331]
15  /glade/scratch/mpotts/gfortran_10.1.0_openmpi_O_develop/lib/libO/Linux.gfortran.64.openmpi.default/libesmf.so(__esmf_vmmod_MOD_esmf_vmfinalize+0x25) [0x2b46f62525d3]
16  /glade/scratch/mpotts/gfortran_10.1.0_openmpi_O_develop/lib/libO/Linux.gfortran.64.openmpi.default/libesmf.so(__esmf_initmod_MOD_esmf_finalize+0x193) [0x2b46f60c5baa]
17  ./ESMF_VMScatterVMGatherEx() [0x401613]
18  ./ESMF_VMScatterVMGatherEx() [0x4017e3]
19  /glade/u/apps/ch/os/lib64/libc.so.6(__libc_start_main+0xf5) [0x2b46f96f26e5]
20  ./ESMF_VMScatterVMGatherEx() [0x400e49]
=================================

Program received signal SIGSEGV: Segmentation fault - invalid memory reference.

Backtrace for this error:
#0  0x2b46f94c5aff in ???
#1  0x2b46f9d5b3f7 in ???
#2  0x2b4703bc1e80 in ???
#3  0x2b46f9d884fa in ???
#4  0x2b46f9d88585 in ???
#5  0x2b46f9da8faf in ???
#6  0x2b46f9d9251b in ???
#7  0x2b46f9d6b164 in ???
#8  0x2b46f8b8a9a4 in ???
#9  0x2b46f5bea067 in ???
#10  0x2b46f5bf95e4 in ???
#11  0x2b46f5bdb330 in ???
#12  0x2b46f62525d2 in ???
#13  0x2b46f60c5ba9 in ???
#14  0x401612 in ???
#15  0x4017e2 in ???
#16  0x2b46f96f26e4 in ???
#17  0x400e48 in ???
	at ../sysdeps/x86_64/start.S:118
#18  0xffffffffffffffff in ???
--------------------------------------------------------------------------
mpirun noticed that process rank 0 with PID 0 on node r1i3n13 exited on signal 11 (Segmentation fault).
--------------------------------------------------------------------------
 contents before scatter/gather:
           0  array1:            1
           0  array1:            2
 contents before scatter/gather:
           1  array1:          101
           1  array1:          102
           1  array1:          103
           1  array1:          104
 contents before scatter/gather:
           2  array1:          201
           2  array1:          202
           2  array1:          203
           2  array1:          204
           2  array1:          205
           2  array1:          206
           2  array1:          207
           2  array1:          208
 contents before scatter/gather:
           3  array1:          301
           3  array1:          302
           3  array1:          303
           3  array1:          304
           3  array1:          305
           3  array1:          306
           3  array1:          307
           3  array1:          308
           0  array1:            3
           0  array1:            4
           0  array1:            5
           0  array1:            6
           0  array1:            7
           0  array1:            8
           1  array1:          105
           1  array1:          106
           1  array1:          107
           1  array1:          108
 scatter result:
           3  array2:            7
           3  array2:            8
 gather result:
           3  array1:            1
           3  array1:            2
           3  array1:            3
           3  array1:            4
           3  array1:            5
           3  array1:            6
           3  array1:            7
           3  array1:            8
  PASS  Example ESMF_VMScatterVMGatherEx, ESMF_VMScatterVMGatherEx.F90, line 120
 scatter result:
           0  array2:            1
           0  array2:            2
 gather result:
           0  array1:            1
           0  array1:            2
           0  array1:            3
           0  array1:            4
           0  array1:            5
           0  array1:            6
           0  array1:            7
           0  array1:            8
  PASS  Example ESMF_VMScatterVMGatherEx, ESMF_VMScatterVMGatherEx.F90, line 120
 scatter result:
           2  array2:            5
           2  array2:            6
 gather result:
           2  array1:          201
           2  array1:          202
           2  array1:          203
           2  array1:          204
           2  array1:          205
           2  array1:          206
           2  array1:          207
           2  array1:          208
  PASS  Example ESMF_VMScatterVMGatherEx, ESMF_VMScatterVMGatherEx.F90, line 120
 scatter result:
           1  array2:            3
           1  array2:            4
 gather result:
           1  array1:          101
           1  array1:          102
           1  array1:          103
           1  array1:          104
           1  array1:          105
           1  array1:          106
           1  array1:          107
           1  array1:          108
  PASS  Example ESMF_VMScatterVMGatherEx, ESMF_VMScatterVMGatherEx.F90, line 120
[r1i3n13:54499:0:54499] Caught signal 11 (Segmentation fault: address not mapped to object at address 0x30)
--------------------------------------------------------------------------
A system call failed during shared memory initialization that should
not have.  It is likely that your MPI job will now either abort or
experience performance degradation.

  Local host:  r1i3n13
  System call: unlink(2) /dev/shm/vader_segment.r1i3n13.7c8e0001.2
  Error:       No such file or directory (errno 2)
--------------------------------------------------------------------------
--------------------------------------------------------------------------
A system call failed during shared memory initialization that should
not have.  It is likely that your MPI job will now either abort or
experience performance degradation.

  Local host:  r1i3n13
  System call: unlink(2) /dev/shm/vader_segment.r1i3n13.7c8e0001.1
  Error:       No such file or directory (errno 2)
--------------------------------------------------------------------------
--------------------------------------------------------------------------
A system call failed during shared memory initialization that should
not have.  It is likely that your MPI job will now either abort or
experience performance degradation.

  Local host:  r1i3n13
  System call: unlink(2) /dev/shm/vader_segment.r1i3n13.7c8e0001.0
  Error:       No such file or directory (errno 2)
--------------------------------------------------------------------------
[r1i3n13:54496:0:54496] Caught signal 11 (Segmentation fault: address not mapped to object at address 0x30)
[r1i3n13:54498:0:54498] Caught signal 11 (Segmentation fault: address not mapped to object at address 0x30)
[r1i3n13:54497:0:54497] Caught signal 11 (Segmentation fault: Sent by the kernel at address (nil))
--------------------------------------------------------------------------
Primary job  terminated normally, but 1 process returned
a non-zero exit code. Per user-direction, the job has been aborted.
--------------------------------------------------------------------------
==== backtrace (tid:  54497) ====
 0  /glade/u/apps/ch/opt/ucx/1.9.0/lib/libucs.so.0(ucs_handle_error+0xe4) [0x2b47094d9574]
 1  /glade/u/apps/ch/opt/ucx/1.9.0/lib/libucs.so.0(+0x2589c) [0x2b47094d989c]
 2  /glade/u/apps/ch/opt/ucx/1.9.0/lib/libucs.so.0(+0x25b0b) [0x2b47094d9b0b]
 3  /glade/u/apps/ch/os/lib64/libpthread.so.0(+0x10b00) [0x2b46f94c5b00]
 4  /glade/u/apps/ch/opt/openmpi/4.0.5/gnu/10.1.0/lib/libopen-pal.so.40(+0x2d3f7) [0x2b46f9d5b3f7]
 5  /glade/u/apps/ch/opt/openmpi/4.0.5/gnu/10.1.0/lib/openmpi/mca_btl_vader.so(+0x3e81) [0x2b4703bc1e81]
 6  /glade/u/apps/ch/opt/openmpi/4.0.5/gnu/10.1.0/lib/libopen-pal.so.40(mca_base_component_close+0x1b) [0x2b46f9d884fb]
 7  /glade/u/apps/ch/opt/openmpi/4.0.5/gnu/10.1.0/lib/libopen-pal.so.40(mca_base_components_close+0x56) [0x2b46f9d88586]
 8  /glade/u/apps/ch/opt/openmpi/4.0.5/gnu/10.1.0/lib/libopen-pal.so.40(+0x7afb0) [0x2b46f9da8fb0]
 9  /glade/u/apps/ch/opt/openmpi/4.0.5/gnu/10.1.0/lib/libopen-pal.so.40(mca_base_framework_close+0x7c) [0x2b46f9d9251c]
10  /glade/u/apps/ch/opt/openmpi/4.0.5/gnu/10.1.0/lib/libopen-pal.so.40(opal_info_close_components+0x25) [0x2b46f9d6b165]
11  /glade/u/apps/ch/opt/openmpi/4.0.5/gnu/10.1.0/lib/libmpi.so.40(PMPI_T_finalize+0x35) [0x2b46f8b8a9a5]
12  /glade/scratch/mpotts/gfortran_10.1.0_openmpi_O_develop/lib/libO/Linux.gfortran.64.openmpi.default/libesmf.so(_ZN5ESMCI3VMK8finalizeEi+0x254) [0x2b46f5bea068]
13  /glade/scratch/mpotts/gfortran_10.1.0_openmpi_O_develop/lib/libO/Linux.gfortran.64.openmpi.default/libesmf.so(_ZN5ESMCI2VM8finalizeEP12ESMC_LogicalPi+0x4d1) [0x2b46f5bf95e5]
14  /glade/scratch/mpotts/gfortran_10.1.0_openmpi_O_develop/lib/libO/Linux.gfortran.64.openmpi.default/libesmf.so(c_esmc_vmfinalize_+0x25) [0x2b46f5bdb331]
15  /glade/scratch/mpotts/gfortran_10.1.0_openmpi_O_develop/lib/libO/Linux.gfortran.64.openmpi.default/libesmf.so(__esmf_vmmod_MOD_esmf_vmfinalize+0x25) [0x2b46f62525d3]
16  /glade/scratch/mpotts/gfortran_10.1.0_openmpi_O_develop/lib/libO/Linux.gfortran.64.openmpi.default/libesmf.so(__esmf_initmod_MOD_esmf_finalize+0x193) [0x2b46f60c5baa]
17  ./ESMF_VMScatterVMGatherEx() [0x401613]
18  ./ESMF_VMScatterVMGatherEx() [0x4017e3]
19  /glade/u/apps/ch/os/lib64/libc.so.6(__libc_start_main+0xf5) [0x2b46f96f26e5]
20  ./ESMF_VMScatterVMGatherEx() [0x400e49]
=================================

Program received signal SIGSEGV: Segmentation fault - invalid memory reference.

Backtrace for this error:
#0  0x2b46f94c5aff in ???
#1  0x2b46f9d5b3f7 in ???
#2  0x2b4703bc1e80 in ???
#3  0x2b46f9d884fa in ???
#4  0x2b46f9d88585 in ???
#5  0x2b46f9da8faf in ???
#6  0x2b46f9d9251b in ???
#7  0x2b46f9d6b164 in ???
#8  0x2b46f8b8a9a4 in ???
#9  0x2b46f5bea067 in ???
#10  0x2b46f5bf95e4 in ???
#11  0x2b46f5bdb330 in ???
#12  0x2b46f62525d2 in ???
#13  0x2b46f60c5ba9 in ???
#14  0x401612 in ???
#15  0x4017e2 in ???
#16  0x2b46f96f26e4 in ???
#17  0x400e48 in ???
	at ../sysdeps/x86_64/start.S:118
#18  0xffffffffffffffff in ???
--------------------------------------------------------------------------
mpirun noticed that process rank 0 with PID 0 on node r1i3n13 exited on signal 11 (Segmentation fault).
--------------------------------------------------------------------------
