build time -- 2021-06-21 05:44:02.694938
  PASS  Example ESMF_LocStreamEx, ESMF_LocStreamEx.F90, line 784
  PASS  Example ESMF_LocStreamEx, ESMF_LocStreamEx.F90, line 784
  PASS  Example ESMF_LocStreamEx, ESMF_LocStreamEx.F90, line 784
  PASS  Example ESMF_LocStreamEx, ESMF_LocStreamEx.F90, line 784
[r1i3n13:16819:0:16819] Caught signal 11 (Segmentation fault: address not mapped to object at address 0x30)
[r1i3n13:16821:0:16821] Caught signal 11 (Segmentation fault: address not mapped to object at address 0x30)
[r1i3n13:16818:0:16818] Caught signal 11 (Segmentation fault: address not mapped to object at address 0x30)
[r1i3n13:16820:0:16820] Caught signal 11 (Segmentation fault: address not mapped to object at address 0x30)
--------------------------------------------------------------------------
Primary job  terminated normally, but 1 process returned
a non-zero exit code. Per user-direction, the job has been aborted.
--------------------------------------------------------------------------
--------------------------------------------------------------------------
mpirun noticed that process rank 0 with PID 0 on node r1i3n13 exited on signal 11 (Segmentation fault).
--------------------------------------------------------------------------
  PASS  Example ESMF_LocStreamEx, ESMF_LocStreamEx.F90, line 784
  PASS  Example ESMF_LocStreamEx, ESMF_LocStreamEx.F90, line 784
  PASS  Example ESMF_LocStreamEx, ESMF_LocStreamEx.F90, line 784
  PASS  Example ESMF_LocStreamEx, ESMF_LocStreamEx.F90, line 784
[r1i3n13:16819:0:16819] Caught signal 11 (Segmentation fault: address not mapped to object at address 0x30)
[r1i3n13:16821:0:16821] Caught signal 11 (Segmentation fault: address not mapped to object at address 0x30)
[r1i3n13:16818:0:16818] Caught signal 11 (Segmentation fault: address not mapped to object at address 0x30)
[r1i3n13:16820:0:16820] Caught signal 11 (Segmentation fault: address not mapped to object at address 0x30)
--------------------------------------------------------------------------
Primary job  terminated normally, but 1 process returned
a non-zero exit code. Per user-direction, the job has been aborted.
--------------------------------------------------------------------------
--------------------------------------------------------------------------
mpirun noticed that process rank 0 with PID 0 on node r1i3n13 exited on signal 11 (Segmentation fault).
--------------------------------------------------------------------------
