build time -- 2021-06-22 05:44:09.827255
  PASS  Example ESMF_GridUsageEx, ESMF_GridUsageEx.F90, line 3470
  PASS  Example ESMF_GridUsageEx, ESMF_GridUsageEx.F90, line 3470
  PASS  Example ESMF_GridUsageEx, ESMF_GridUsageEx.F90, line 3470
  PASS  Example ESMF_GridUsageEx, ESMF_GridUsageEx.F90, line 3470
[r14i5n29:67862:0:67862] Caught signal 11 (Segmentation fault: address not mapped to object at address 0x30)
[r14i5n29:67861:0:67861] Caught signal 11 (Segmentation fault: address not mapped to object at address 0x30)
[r14i5n29:67863:0:67863] Caught signal 11 (Segmentation fault: address not mapped to object at address 0x30)
--------------------------------------------------------------------------
A system call failed during shared memory initialization that should
not have.  It is likely that your MPI job will now either abort or
experience performance degradation.

  Local host:  r14i5n29
  System call: unlink(2) /dev/shm/vader_segment.r14i5n29.d4020001.3
  Error:       No such file or directory (errno 2)
--------------------------------------------------------------------------
[r14i5n29:67864:0:67864] Caught signal 11 (Segmentation fault: address not mapped to object at address 0x40)
--------------------------------------------------------------------------
Primary job  terminated normally, but 1 process returned
a non-zero exit code. Per user-direction, the job has been aborted.
--------------------------------------------------------------------------
--------------------------------------------------------------------------
mpirun noticed that process rank 1 with PID 0 on node r14i5n29 exited on signal 11 (Segmentation fault).
--------------------------------------------------------------------------
  PASS  Example ESMF_GridUsageEx, ESMF_GridUsageEx.F90, line 3470
  PASS  Example ESMF_GridUsageEx, ESMF_GridUsageEx.F90, line 3470
  PASS  Example ESMF_GridUsageEx, ESMF_GridUsageEx.F90, line 3470
  PASS  Example ESMF_GridUsageEx, ESMF_GridUsageEx.F90, line 3470
[r14i5n29:67862:0:67862] Caught signal 11 (Segmentation fault: address not mapped to object at address 0x30)
[r14i5n29:67861:0:67861] Caught signal 11 (Segmentation fault: address not mapped to object at address 0x30)
[r14i5n29:67863:0:67863] Caught signal 11 (Segmentation fault: address not mapped to object at address 0x30)
--------------------------------------------------------------------------
A system call failed during shared memory initialization that should
not have.  It is likely that your MPI job will now either abort or
experience performance degradation.

  Local host:  r14i5n29
  System call: unlink(2) /dev/shm/vader_segment.r14i5n29.d4020001.3
  Error:       No such file or directory (errno 2)
--------------------------------------------------------------------------
[r14i5n29:67864:0:67864] Caught signal 11 (Segmentation fault: address not mapped to object at address 0x40)
--------------------------------------------------------------------------
Primary job  terminated normally, but 1 process returned
a non-zero exit code. Per user-direction, the job has been aborted.
--------------------------------------------------------------------------
--------------------------------------------------------------------------
mpirun noticed that process rank 1 with PID 0 on node r14i5n29 exited on signal 11 (Segmentation fault).
--------------------------------------------------------------------------
