build time -- 2021-06-21 05:44:02.694938
 data array1:
           0  array1:            1
           0  array1:            2
 data array1:
           1  array1:          101
           1  array1:          102
 data array1:
           2  array1:          201
           2  array1:          202
 data array1:
           3  array1:          301
           3  array1:          302
 Global sum:
           0  result:         1212
 Global sum:
           1  result:         1212
 Global sum:
           2  result:         1212
 Global sum:
           3  result:         1212
  PASS  Example ESMF_VMAllFullReduceEx, ESMF_VMAllFullReduceEx.F90, line 113
  PASS  Example ESMF_VMAllFullReduceEx, ESMF_VMAllFullReduceEx.F90, line 113
  PASS  Example ESMF_VMAllFullReduceEx, ESMF_VMAllFullReduceEx.F90, line 113
  PASS  Example ESMF_VMAllFullReduceEx, ESMF_VMAllFullReduceEx.F90, line 113
[r1i3n13:54766:0:54766] Caught signal 11 (Segmentation fault: address not mapped to object at address 0x30)
[r1i3n13:54768:0:54768] Caught signal 11 (Segmentation fault: address not mapped to object at address 0x30)
[r1i3n13:54767:0:54767] Caught signal 11 (Segmentation fault: address not mapped to object at address 0x30)
--------------------------------------------------------------------------
A system call failed during shared memory initialization that should
not have.  It is likely that your MPI job will now either abort or
experience performance degradation.

  Local host:  r1i3n13
  System call: unlink(2) /dev/shm/vader_segment.r1i3n13.7db80001.3
  Error:       No such file or directory (errno 2)
--------------------------------------------------------------------------
[r1i3n13:54769:0:54769] Caught signal 11 (Segmentation fault: address not mapped to object at address 0x30)
--------------------------------------------------------------------------
Primary job  terminated normally, but 1 process returned
a non-zero exit code. Per user-direction, the job has been aborted.
--------------------------------------------------------------------------
--------------------------------------------------------------------------
mpirun noticed that process rank 0 with PID 0 on node r1i3n13 exited on signal 11 (Segmentation fault).
--------------------------------------------------------------------------
 data array1:
           0  array1:            1
           0  array1:            2
 data array1:
           1  array1:          101
           1  array1:          102
 data array1:
           2  array1:          201
           2  array1:          202
 data array1:
           3  array1:          301
           3  array1:          302
 Global sum:
           0  result:         1212
 Global sum:
           1  result:         1212
 Global sum:
           2  result:         1212
 Global sum:
           3  result:         1212
  PASS  Example ESMF_VMAllFullReduceEx, ESMF_VMAllFullReduceEx.F90, line 113
  PASS  Example ESMF_VMAllFullReduceEx, ESMF_VMAllFullReduceEx.F90, line 113
  PASS  Example ESMF_VMAllFullReduceEx, ESMF_VMAllFullReduceEx.F90, line 113
  PASS  Example ESMF_VMAllFullReduceEx, ESMF_VMAllFullReduceEx.F90, line 113
[r1i3n13:54766:0:54766] Caught signal 11 (Segmentation fault: address not mapped to object at address 0x30)
[r1i3n13:54768:0:54768] Caught signal 11 (Segmentation fault: address not mapped to object at address 0x30)
[r1i3n13:54767:0:54767] Caught signal 11 (Segmentation fault: address not mapped to object at address 0x30)
--------------------------------------------------------------------------
A system call failed during shared memory initialization that should
not have.  It is likely that your MPI job will now either abort or
experience performance degradation.

  Local host:  r1i3n13
  System call: unlink(2) /dev/shm/vader_segment.r1i3n13.7db80001.3
  Error:       No such file or directory (errno 2)
--------------------------------------------------------------------------
[r1i3n13:54769:0:54769] Caught signal 11 (Segmentation fault: address not mapped to object at address 0x30)
--------------------------------------------------------------------------
Primary job  terminated normally, but 1 process returned
a non-zero exit code. Per user-direction, the job has been aborted.
--------------------------------------------------------------------------
--------------------------------------------------------------------------
mpirun noticed that process rank 0 with PID 0 on node r1i3n13 exited on signal 11 (Segmentation fault).
--------------------------------------------------------------------------
