build time -- 2021-06-21 05:44:02.694938
  PASS  Example ESMF_RHandleFromFileEx, ESMF_RHandleFromFileEx.F90, line 192
  PASS  Example ESMF_RHandleFromFileEx, ESMF_RHandleFromFileEx.F90, line 192
  PASS  Example ESMF_RHandleFromFileEx, ESMF_RHandleFromFileEx.F90, line 192
  PASS  Example ESMF_RHandleFromFileEx, ESMF_RHandleFromFileEx.F90, line 192
[r1i3n13:70112:0:70112] Caught signal 11 (Segmentation fault: address not mapped to object at address 0x30)
[r1i3n13:70114:0:70114] Caught signal 11 (Segmentation fault: address not mapped to object at address 0x30)
[r1i3n13:70111:0:70111] Caught signal 11 (Segmentation fault: address not mapped to object at address 0x30)
[r1i3n13:70113:0:70113] Caught signal 11 (Segmentation fault: address not mapped to object at address 0xc0)
--------------------------------------------------------------------------
Primary job  terminated normally, but 1 process returned
a non-zero exit code. Per user-direction, the job has been aborted.
--------------------------------------------------------------------------
--------------------------------------------------------------------------
mpirun noticed that process rank 1 with PID 0 on node r1i3n13 exited on signal 11 (Segmentation fault).
--------------------------------------------------------------------------
  PASS  Example ESMF_RHandleFromFileEx, ESMF_RHandleFromFileEx.F90, line 192
  PASS  Example ESMF_RHandleFromFileEx, ESMF_RHandleFromFileEx.F90, line 192
  PASS  Example ESMF_RHandleFromFileEx, ESMF_RHandleFromFileEx.F90, line 192
  PASS  Example ESMF_RHandleFromFileEx, ESMF_RHandleFromFileEx.F90, line 192
[r1i3n13:70112:0:70112] Caught signal 11 (Segmentation fault: address not mapped to object at address 0x30)
[r1i3n13:70114:0:70114] Caught signal 11 (Segmentation fault: address not mapped to object at address 0x30)
[r1i3n13:70111:0:70111] Caught signal 11 (Segmentation fault: address not mapped to object at address 0x30)
[r1i3n13:70113:0:70113] Caught signal 11 (Segmentation fault: address not mapped to object at address 0xc0)
--------------------------------------------------------------------------
Primary job  terminated normally, but 1 process returned
a non-zero exit code. Per user-direction, the job has been aborted.
--------------------------------------------------------------------------
--------------------------------------------------------------------------
mpirun noticed that process rank 1 with PID 0 on node r1i3n13 exited on signal 11 (Segmentation fault).
--------------------------------------------------------------------------
