build time -- 2021-08-15 01:02:53.826023
20210815 011843.942 INFO             PET0 !!!!!!!!!!!!!!!!!!!!!!!!!!!!!!!!!!!!!!!!!!!!!!!!!!!!!!
20210815 011843.942 INFO             PET0 !!! THE ESMF_LOG IS SET TO OUTPUT ALL LOG MESSAGES !!!
20210815 011843.942 INFO             PET0 !!!     THIS MAY CAUSE SLOWDOWN IN PERFORMANCE     !!!
20210815 011843.942 INFO             PET0 !!! FOR PRODUCTION RUNS, USE:                      !!!
20210815 011843.942 INFO             PET0 !!!                   ESMF_LOGKIND_Multi_On_Error  !!!
20210815 011843.942 INFO             PET0 !!!!!!!!!!!!!!!!!!!!!!!!!!!!!!!!!!!!!!!!!!!!!!!!!!!!!!
20210815 011843.942 INFO             PET0 Running with ESMF Version   : ESMF_8_2_0_beta_snapshot_15
20210815 011843.942 INFO             PET0 ESMF library build date/time: "Aug 15 2021" "01:01:58"
20210815 011843.942 INFO             PET0 ESMF library build location : /gpfsm/dnb04/projects/p98/mpotts/esmf/gfortran_8.3.0_mpiuni_O_develop
20210815 011843.942 INFO             PET0 ESMF_COMM                   : mpiuni
20210815 011843.942 INFO             PET0 ESMF_MOAB                   : enabled
20210815 011843.942 INFO             PET0 ESMF_LAPACK                 : enabled
20210815 011843.942 INFO             PET0 ESMF_NETCDF                 : disabled
20210815 011843.942 INFO             PET0 ESMF_PNETCDF                : disabled
20210815 011843.942 INFO             PET0 ESMF_PIO                    : disabled
20210815 011843.942 INFO             PET0 ESMF_YAMLCPP                : enabled
20210815 011843.943 INFO             PET0  NUMBER_OF_PROCESSORS           1
20210815 011843.943 INFO             PET0  PASS  Example ESMF_VMDefaultBasicsEx, ESMF_VMDefaultBasicsEx.F90, line 107
20210815 011843.943 INFO             PET0 Finalizing ESMF
