build time -- 2021-08-26 01:10:05.244509
20210826 013122.885 INFO             PET0 !!!!!!!!!!!!!!!!!!!!!!!!!!!!!!!!!!!!!!!!!!!!!!!!!!!!!!
20210826 013122.885 INFO             PET0 !!! THE ESMF_LOG IS SET TO OUTPUT ALL LOG MESSAGES !!!
20210826 013122.885 INFO             PET0 !!!     THIS MAY CAUSE SLOWDOWN IN PERFORMANCE     !!!
20210826 013122.885 INFO             PET0 !!! FOR PRODUCTION RUNS, USE:                      !!!
20210826 013122.885 INFO             PET0 !!!                   ESMF_LOGKIND_Multi_On_Error  !!!
20210826 013122.885 INFO             PET0 !!!!!!!!!!!!!!!!!!!!!!!!!!!!!!!!!!!!!!!!!!!!!!!!!!!!!!
20210826 013122.885 INFO             PET0 Running with ESMF Version   : ESMF_8_2_0_beta_snapshot_17-7-gf801d9b295
20210826 013122.885 INFO             PET0 ESMF library build date/time: "Aug 26 2021" "01:09:08"
20210826 013122.885 INFO             PET0 ESMF library build location : /gpfsm/dnb04/projects/p98/mpotts/esmf/gfortran_8.3.0_mpiuni_O_develop
20210826 013122.885 INFO             PET0 ESMF_COMM                   : mpiuni
20210826 013122.885 INFO             PET0 ESMF_MOAB                   : enabled
20210826 013122.885 INFO             PET0 ESMF_LAPACK                 : enabled
20210826 013122.885 INFO             PET0 ESMF_NETCDF                 : disabled
20210826 013122.885 INFO             PET0 ESMF_PNETCDF                : disabled
20210826 013122.885 INFO             PET0 ESMF_PIO                    : disabled
20210826 013122.885 INFO             PET0 ESMF_YAMLCPP                : enabled
20210826 013122.886 INFO             PET0  NUMBER_OF_PROCESSORS           1
20210826 013122.886 INFO             PET0  PASS  Example ESMF_ClockEx, ESMF_ClockEx.F90, line 220
20210826 013122.886 INFO             PET0 Finalizing ESMF
