build time -- 2021-09-05 01:04:16.497999
20210905 012123.675 INFO             PET0 !!!!!!!!!!!!!!!!!!!!!!!!!!!!!!!!!!!!!!!!!!!!!!!!!!!!!!
20210905 012123.675 INFO             PET0 !!! THE ESMF_LOG IS SET TO OUTPUT ALL LOG MESSAGES !!!
20210905 012123.675 INFO             PET0 !!!     THIS MAY CAUSE SLOWDOWN IN PERFORMANCE     !!!
20210905 012123.675 INFO             PET0 !!! FOR PRODUCTION RUNS, USE:                      !!!
20210905 012123.675 INFO             PET0 !!!                   ESMF_LOGKIND_Multi_On_Error  !!!
20210905 012123.675 INFO             PET0 !!!!!!!!!!!!!!!!!!!!!!!!!!!!!!!!!!!!!!!!!!!!!!!!!!!!!!
20210905 012123.675 INFO             PET0 Running with ESMF Version   : ESMF_8_2_0_beta_snapshot_18-42-gb11ffe55a6
20210905 012123.675 INFO             PET0 ESMF library build date/time: "Sep  5 2021" "01:02:58"
20210905 012123.675 INFO             PET0 ESMF library build location : /gpfsm/dnb04/projects/p98/mpotts/esmf/gfortran_8.3.0_mpiuni_O_develop
20210905 012123.675 INFO             PET0 ESMF_COMM                   : mpiuni
20210905 012123.675 INFO             PET0 ESMF_MOAB                   : enabled
20210905 012123.675 INFO             PET0 ESMF_LAPACK                 : enabled
20210905 012123.675 INFO             PET0 ESMF_NETCDF                 : disabled
20210905 012123.675 INFO             PET0 ESMF_PNETCDF                : disabled
20210905 012123.675 INFO             PET0 ESMF_PIO                    : disabled
20210905 012123.675 INFO             PET0 ESMF_YAMLCPP                : enabled
20210905 012123.676 INFO             PET0  NUMBER_OF_PROCESSORS           1
20210905 012123.676 INFO             PET0  PASS  Example ESMF_TimeEx, ESMF_TimeEx.F90, line 141
20210905 012123.676 INFO             PET0 Finalizing ESMF
