build time -- 2021-08-07 02:25:03.663112
20210807 024322.861 INFO             PET0 !!!!!!!!!!!!!!!!!!!!!!!!!!!!!!!!!!!!!!!!!!!!!!!!!!!!!!
20210807 024322.861 INFO             PET0 !!! THE ESMF_LOG IS SET TO OUTPUT ALL LOG MESSAGES !!!
20210807 024322.861 INFO             PET0 !!!     THIS MAY CAUSE SLOWDOWN IN PERFORMANCE     !!!
20210807 024322.861 INFO             PET0 !!! FOR PRODUCTION RUNS, USE:                      !!!
20210807 024322.861 INFO             PET0 !!!                   ESMF_LOGKIND_Multi_On_Error  !!!
20210807 024322.861 INFO             PET0 !!!!!!!!!!!!!!!!!!!!!!!!!!!!!!!!!!!!!!!!!!!!!!!!!!!!!!
20210807 024322.861 INFO             PET0 Running with ESMF Version   : ESMF_8_2_0_beta_snapshot_15
20210807 024322.861 INFO             PET0 ESMF library build date/time: "Aug  7 2021" "02:24:08"
20210807 024322.861 INFO             PET0 ESMF library build location : /gpfsm/dnb04/projects/p98/mpotts/esmf/gfortran_8.3.0_mpiuni_O_develop
20210807 024322.861 INFO             PET0 ESMF_COMM                   : mpiuni
20210807 024322.861 INFO             PET0 ESMF_MOAB                   : enabled
20210807 024322.861 INFO             PET0 ESMF_LAPACK                 : enabled
20210807 024322.861 INFO             PET0 ESMF_NETCDF                 : disabled
20210807 024322.861 INFO             PET0 ESMF_PNETCDF                : disabled
20210807 024322.861 INFO             PET0 ESMF_PIO                    : disabled
20210807 024322.861 INFO             PET0 ESMF_YAMLCPP                : enabled
20210807 024322.862 INFO             PET0  NUMBER_OF_PROCESSORS           1
20210807 024322.862 INFO             PET0  PASS  Example ESMF_CplEx, ESMF_CplEx.F90, line 457
20210807 024322.862 INFO             PET0 Finalizing ESMF
