build time -- 2021-07-13 01:09:52.712546
20210713 012949.976 INFO             PET0 !!!!!!!!!!!!!!!!!!!!!!!!!!!!!!!!!!!!!!!!!!!!!!!!!!!!!!
20210713 012949.976 INFO             PET0 !!! THE ESMF_LOG IS SET TO OUTPUT ALL LOG MESSAGES !!!
20210713 012949.976 INFO             PET0 !!!     THIS MAY CAUSE SLOWDOWN IN PERFORMANCE     !!!
20210713 012949.976 INFO             PET0 !!! FOR PRODUCTION RUNS, USE:                      !!!
20210713 012949.976 INFO             PET0 !!!                   ESMF_LOGKIND_Multi_On_Error  !!!
20210713 012949.976 INFO             PET0 !!!!!!!!!!!!!!!!!!!!!!!!!!!!!!!!!!!!!!!!!!!!!!!!!!!!!!
20210713 012949.976 INFO             PET0 Running with ESMF Version   : ESMF_8_2_0_beta_snapshot_12-8-g7fea142300
20210713 012949.976 INFO             PET0 ESMF library build date/time: "Jul 13 2021" "01:08:18"
20210713 012949.976 INFO             PET0 ESMF library build location : /gpfsm/dnb04/projects/p98/mpotts/esmf/intel_2020_mpt_O_develop
20210713 012949.976 INFO             PET0 ESMF_COMM                   : mpt
20210713 012949.976 INFO             PET0 ESMF_MOAB                   : enabled
20210713 012949.976 INFO             PET0 ESMF_LAPACK                 : enabled
20210713 012949.976 INFO             PET0 ESMF_NETCDF                 : enabled
20210713 012949.976 INFO             PET0 ESMF_PNETCDF                : disabled
20210713 012949.976 INFO             PET0 ESMF_PIO                    : enabled
20210713 012949.976 INFO             PET0 ESMF_YAMLCPP                : enabled
20210713 012949.977 INFO             PET0  NUMBER_OF_PROCESSORS           4
20210713 012949.977 INFO             PET0  PASS  Example ESMF_VMUserMpiCommMultiEx, ESMF_VMUserMpiCommMultiEx.F90, line 126
20210713 012949.977 INFO             PET0 Finalizing ESMF
20210713 012949.976 INFO             PET0 !!!!!!!!!!!!!!!!!!!!!!!!!!!!!!!!!!!!!!!!!!!!!!!!!!!!!!
20210713 012949.976 INFO             PET0 !!! THE ESMF_LOG IS SET TO OUTPUT ALL LOG MESSAGES !!!
20210713 012949.976 INFO             PET0 !!!     THIS MAY CAUSE SLOWDOWN IN PERFORMANCE     !!!
20210713 012949.976 INFO             PET0 !!! FOR PRODUCTION RUNS, USE:                      !!!
20210713 012949.976 INFO             PET0 !!!                   ESMF_LOGKIND_Multi_On_Error  !!!
20210713 012949.976 INFO             PET0 !!!!!!!!!!!!!!!!!!!!!!!!!!!!!!!!!!!!!!!!!!!!!!!!!!!!!!
20210713 012949.976 INFO             PET0 Running with ESMF Version   : ESMF_8_2_0_beta_snapshot_12-8-g7fea142300
20210713 012949.976 INFO             PET0 ESMF library build date/time: "Jul 13 2021" "01:08:18"
20210713 012949.976 INFO             PET0 ESMF library build location : /gpfsm/dnb04/projects/p98/mpotts/esmf/intel_2020_mpt_O_develop
20210713 012949.976 INFO             PET0 ESMF_COMM                   : mpt
20210713 012949.976 INFO             PET0 ESMF_MOAB                   : enabled
20210713 012949.976 INFO             PET0 ESMF_LAPACK                 : enabled
20210713 012949.976 INFO             PET0 ESMF_NETCDF                 : enabled
20210713 012949.976 INFO             PET0 ESMF_PNETCDF                : disabled
20210713 012949.976 INFO             PET0 ESMF_PIO                    : enabled
20210713 012949.976 INFO             PET0 ESMF_YAMLCPP                : enabled
20210713 012949.977 INFO             PET0  NUMBER_OF_PROCESSORS           4
20210713 012949.977 INFO             PET0  PASS  Example ESMF_VMUserMpiCommMultiEx, ESMF_VMUserMpiCommMultiEx.F90, line 154
20210713 012949.977 INFO             PET0 Finalizing ESMF
20210713 012949.975 INFO             PET1 !!!!!!!!!!!!!!!!!!!!!!!!!!!!!!!!!!!!!!!!!!!!!!!!!!!!!!
20210713 012949.975 INFO             PET1 !!! THE ESMF_LOG IS SET TO OUTPUT ALL LOG MESSAGES !!!
20210713 012949.975 INFO             PET1 !!!     THIS MAY CAUSE SLOWDOWN IN PERFORMANCE     !!!
20210713 012949.975 INFO             PET1 !!! FOR PRODUCTION RUNS, USE:                      !!!
20210713 012949.975 INFO             PET1 !!!                   ESMF_LOGKIND_Multi_On_Error  !!!
20210713 012949.975 INFO             PET1 !!!!!!!!!!!!!!!!!!!!!!!!!!!!!!!!!!!!!!!!!!!!!!!!!!!!!!
20210713 012949.975 INFO             PET1 Running with ESMF Version   : ESMF_8_2_0_beta_snapshot_12-8-g7fea142300
20210713 012949.975 INFO             PET1 ESMF library build date/time: "Jul 13 2021" "01:08:18"
20210713 012949.975 INFO             PET1 ESMF library build location : /gpfsm/dnb04/projects/p98/mpotts/esmf/intel_2020_mpt_O_develop
20210713 012949.975 INFO             PET1 ESMF_COMM                   : mpt
20210713 012949.976 INFO             PET1 ESMF_MOAB                   : enabled
20210713 012949.976 INFO             PET1 ESMF_LAPACK                 : enabled
20210713 012949.976 INFO             PET1 ESMF_NETCDF                 : enabled
20210713 012949.976 INFO             PET1 ESMF_PNETCDF                : disabled
20210713 012949.976 INFO             PET1 ESMF_PIO                    : enabled
20210713 012949.976 INFO             PET1 ESMF_YAMLCPP                : enabled
20210713 012949.977 INFO             PET1  NUMBER_OF_PROCESSORS           4
20210713 012949.977 INFO             PET1  PASS  Example ESMF_VMUserMpiCommMultiEx, ESMF_VMUserMpiCommMultiEx.F90, line 126
20210713 012949.977 INFO             PET1 Finalizing ESMF
20210713 012949.976 INFO             PET1 !!!!!!!!!!!!!!!!!!!!!!!!!!!!!!!!!!!!!!!!!!!!!!!!!!!!!!
20210713 012949.976 INFO             PET1 !!! THE ESMF_LOG IS SET TO OUTPUT ALL LOG MESSAGES !!!
20210713 012949.976 INFO             PET1 !!!     THIS MAY CAUSE SLOWDOWN IN PERFORMANCE     !!!
20210713 012949.976 INFO             PET1 !!! FOR PRODUCTION RUNS, USE:                      !!!
20210713 012949.976 INFO             PET1 !!!                   ESMF_LOGKIND_Multi_On_Error  !!!
20210713 012949.976 INFO             PET1 !!!!!!!!!!!!!!!!!!!!!!!!!!!!!!!!!!!!!!!!!!!!!!!!!!!!!!
20210713 012949.976 INFO             PET1 Running with ESMF Version   : ESMF_8_2_0_beta_snapshot_12-8-g7fea142300
20210713 012949.976 INFO             PET1 ESMF library build date/time: "Jul 13 2021" "01:08:18"
20210713 012949.976 INFO             PET1 ESMF library build location : /gpfsm/dnb04/projects/p98/mpotts/esmf/intel_2020_mpt_O_develop
20210713 012949.976 INFO             PET1 ESMF_COMM                   : mpt
20210713 012949.977 INFO             PET1 ESMF_MOAB                   : enabled
20210713 012949.977 INFO             PET1 ESMF_LAPACK                 : enabled
20210713 012949.977 INFO             PET1 ESMF_NETCDF                 : enabled
20210713 012949.977 INFO             PET1 ESMF_PNETCDF                : disabled
20210713 012949.977 INFO             PET1 ESMF_PIO                    : enabled
20210713 012949.977 INFO             PET1 ESMF_YAMLCPP                : enabled
20210713 012949.977 INFO             PET1  NUMBER_OF_PROCESSORS           4
20210713 012949.977 INFO             PET1  PASS  Example ESMF_VMUserMpiCommMultiEx, ESMF_VMUserMpiCommMultiEx.F90, line 154
20210713 012949.977 INFO             PET1 Finalizing ESMF
