build time -- 2021-08-30 01:15:13.920891
20210830 014052.140 INFO             PET0 !!!!!!!!!!!!!!!!!!!!!!!!!!!!!!!!!!!!!!!!!!!!!!!!!!!!!!
20210830 014052.140 INFO             PET0 !!! THE ESMF_LOG IS SET TO OUTPUT ALL LOG MESSAGES !!!
20210830 014052.140 INFO             PET0 !!!     THIS MAY CAUSE SLOWDOWN IN PERFORMANCE     !!!
20210830 014052.140 INFO             PET0 !!! FOR PRODUCTION RUNS, USE:                      !!!
20210830 014052.140 INFO             PET0 !!!                   ESMF_LOGKIND_Multi_On_Error  !!!
20210830 014052.140 INFO             PET0 !!!!!!!!!!!!!!!!!!!!!!!!!!!!!!!!!!!!!!!!!!!!!!!!!!!!!!
20210830 014052.140 INFO             PET0 Running with ESMF Version   : ESMF_8_2_0_beta_snapshot_18
20210830 014052.140 INFO             PET0 ESMF library build date/time: "Aug 30 2021" "01:10:36"
20210830 014052.140 INFO             PET0 ESMF library build location : /gpfsm/dnb04/projects/p98/mpotts/esmf/intel_2020_mpt_O_develop
20210830 014052.140 INFO             PET0 ESMF_COMM                   : mpt
20210830 014052.141 INFO             PET0 ESMF_MOAB                   : enabled
20210830 014052.141 INFO             PET0 ESMF_LAPACK                 : enabled
20210830 014052.141 INFO             PET0 ESMF_NETCDF                 : enabled
20210830 014052.141 INFO             PET0 ESMF_PNETCDF                : disabled
20210830 014052.141 INFO             PET0 ESMF_PIO                    : enabled
20210830 014052.141 INFO             PET0 ESMF_YAMLCPP                : enabled
20210830 014052.181 DEBUG            PET0 about to destroy Grid: 0x199bff0
20210830 014052.185 DEBUG            PET0 about to destroy Grid: 0x199eda0
20210830 014052.196 INFO             PET0  NUMBER_OF_PROCESSORS           4
20210830 014052.196 INFO             PET0  PASS  Example ESMF_NUOPCAtmModelEx, ESMF_NUOPCAtmModelEx.F90, line 806
20210830 014052.196 INFO             PET0 Finalizing ESMF
20210830 014052.141 INFO             PET1 !!!!!!!!!!!!!!!!!!!!!!!!!!!!!!!!!!!!!!!!!!!!!!!!!!!!!!
20210830 014052.141 INFO             PET1 !!! THE ESMF_LOG IS SET TO OUTPUT ALL LOG MESSAGES !!!
20210830 014052.141 INFO             PET1 !!!     THIS MAY CAUSE SLOWDOWN IN PERFORMANCE     !!!
20210830 014052.141 INFO             PET1 !!! FOR PRODUCTION RUNS, USE:                      !!!
20210830 014052.141 INFO             PET1 !!!                   ESMF_LOGKIND_Multi_On_Error  !!!
20210830 014052.141 INFO             PET1 !!!!!!!!!!!!!!!!!!!!!!!!!!!!!!!!!!!!!!!!!!!!!!!!!!!!!!
20210830 014052.141 INFO             PET1 Running with ESMF Version   : ESMF_8_2_0_beta_snapshot_18
20210830 014052.141 INFO             PET1 ESMF library build date/time: "Aug 30 2021" "01:10:36"
20210830 014052.141 INFO             PET1 ESMF library build location : /gpfsm/dnb04/projects/p98/mpotts/esmf/intel_2020_mpt_O_develop
20210830 014052.141 INFO             PET1 ESMF_COMM                   : mpt
20210830 014052.141 INFO             PET1 ESMF_MOAB                   : enabled
20210830 014052.141 INFO             PET1 ESMF_LAPACK                 : enabled
20210830 014052.141 INFO             PET1 ESMF_NETCDF                 : enabled
20210830 014052.141 INFO             PET1 ESMF_PNETCDF                : disabled
20210830 014052.141 INFO             PET1 ESMF_PIO                    : enabled
20210830 014052.141 INFO             PET1 ESMF_YAMLCPP                : enabled
20210830 014052.181 DEBUG            PET1 about to destroy Grid: 0x199ee00
20210830 014052.185 DEBUG            PET1 about to destroy Grid: 0x199fc10
20210830 014052.196 INFO             PET1  NUMBER_OF_PROCESSORS           4
20210830 014052.196 INFO             PET1  PASS  Example ESMF_NUOPCAtmModelEx, ESMF_NUOPCAtmModelEx.F90, line 806
20210830 014052.196 INFO             PET1 Finalizing ESMF
20210830 014052.140 INFO             PET2 !!!!!!!!!!!!!!!!!!!!!!!!!!!!!!!!!!!!!!!!!!!!!!!!!!!!!!
20210830 014052.140 INFO             PET2 !!! THE ESMF_LOG IS SET TO OUTPUT ALL LOG MESSAGES !!!
20210830 014052.140 INFO             PET2 !!!     THIS MAY CAUSE SLOWDOWN IN PERFORMANCE     !!!
20210830 014052.140 INFO             PET2 !!! FOR PRODUCTION RUNS, USE:                      !!!
20210830 014052.140 INFO             PET2 !!!                   ESMF_LOGKIND_Multi_On_Error  !!!
20210830 014052.140 INFO             PET2 !!!!!!!!!!!!!!!!!!!!!!!!!!!!!!!!!!!!!!!!!!!!!!!!!!!!!!
20210830 014052.140 INFO             PET2 Running with ESMF Version   : ESMF_8_2_0_beta_snapshot_18
20210830 014052.140 INFO             PET2 ESMF library build date/time: "Aug 30 2021" "01:10:36"
20210830 014052.140 INFO             PET2 ESMF library build location : /gpfsm/dnb04/projects/p98/mpotts/esmf/intel_2020_mpt_O_develop
20210830 014052.140 INFO             PET2 ESMF_COMM                   : mpt
20210830 014052.140 INFO             PET2 ESMF_MOAB                   : enabled
20210830 014052.140 INFO             PET2 ESMF_LAPACK                 : enabled
20210830 014052.140 INFO             PET2 ESMF_NETCDF                 : enabled
20210830 014052.140 INFO             PET2 ESMF_PNETCDF                : disabled
20210830 014052.140 INFO             PET2 ESMF_PIO                    : enabled
20210830 014052.140 INFO             PET2 ESMF_YAMLCPP                : enabled
20210830 014052.181 DEBUG            PET2 about to destroy Grid: 0x199ee80
20210830 014052.185 DEBUG            PET2 about to destroy Grid: 0x199fc90
20210830 014052.196 INFO             PET2  NUMBER_OF_PROCESSORS           4
20210830 014052.196 INFO             PET2  PASS  Example ESMF_NUOPCAtmModelEx, ESMF_NUOPCAtmModelEx.F90, line 806
20210830 014052.196 INFO             PET2 Finalizing ESMF
20210830 014052.140 INFO             PET3 !!!!!!!!!!!!!!!!!!!!!!!!!!!!!!!!!!!!!!!!!!!!!!!!!!!!!!
20210830 014052.140 INFO             PET3 !!! THE ESMF_LOG IS SET TO OUTPUT ALL LOG MESSAGES !!!
20210830 014052.140 INFO             PET3 !!!     THIS MAY CAUSE SLOWDOWN IN PERFORMANCE     !!!
20210830 014052.140 INFO             PET3 !!! FOR PRODUCTION RUNS, USE:                      !!!
20210830 014052.140 INFO             PET3 !!!                   ESMF_LOGKIND_Multi_On_Error  !!!
20210830 014052.140 INFO             PET3 !!!!!!!!!!!!!!!!!!!!!!!!!!!!!!!!!!!!!!!!!!!!!!!!!!!!!!
20210830 014052.140 INFO             PET3 Running with ESMF Version   : ESMF_8_2_0_beta_snapshot_18
20210830 014052.140 INFO             PET3 ESMF library build date/time: "Aug 30 2021" "01:10:36"
20210830 014052.140 INFO             PET3 ESMF library build location : /gpfsm/dnb04/projects/p98/mpotts/esmf/intel_2020_mpt_O_develop
20210830 014052.140 INFO             PET3 ESMF_COMM                   : mpt
20210830 014052.141 INFO             PET3 ESMF_MOAB                   : enabled
20210830 014052.141 INFO             PET3 ESMF_LAPACK                 : enabled
20210830 014052.141 INFO             PET3 ESMF_NETCDF                 : enabled
20210830 014052.141 INFO             PET3 ESMF_PNETCDF                : disabled
20210830 014052.141 INFO             PET3 ESMF_PIO                    : enabled
20210830 014052.141 INFO             PET3 ESMF_YAMLCPP                : enabled
20210830 014052.181 DEBUG            PET3 about to destroy Grid: 0x199ef00
20210830 014052.185 DEBUG            PET3 about to destroy Grid: 0x199fd10
20210830 014052.196 INFO             PET3  NUMBER_OF_PROCESSORS           4
20210830 014052.196 INFO             PET3  PASS  Example ESMF_NUOPCAtmModelEx, ESMF_NUOPCAtmModelEx.F90, line 806
20210830 014052.196 INFO             PET3 Finalizing ESMF
