build time -- 2021-08-14 02:28:18.766786
20210814 032152.062 INFO             PET0 !!!!!!!!!!!!!!!!!!!!!!!!!!!!!!!!!!!!!!!!!!!!!!!!!!!!!!
20210814 032152.062 INFO             PET0 !!! THE ESMF_LOG IS SET TO OUTPUT ALL LOG MESSAGES !!!
20210814 032152.062 INFO             PET0 !!!     THIS MAY CAUSE SLOWDOWN IN PERFORMANCE     !!!
20210814 032152.062 INFO             PET0 !!! FOR PRODUCTION RUNS, USE:                      !!!
20210814 032152.062 INFO             PET0 !!!                   ESMF_LOGKIND_Multi_On_Error  !!!
20210814 032152.062 INFO             PET0 !!!!!!!!!!!!!!!!!!!!!!!!!!!!!!!!!!!!!!!!!!!!!!!!!!!!!!
20210814 032152.062 INFO             PET0 Running with ESMF Version   : ESMF_8_2_0_beta_snapshot_15
20210814 032152.062 INFO             PET0 ESMF library build date/time: "Aug 14 2021" "02:26:55"
20210814 032152.062 INFO             PET0 ESMF library build location : /gpfsm/dnb04/projects/p98/mpotts/esmf/intel_2020_mpt_O_develop
20210814 032152.062 INFO             PET0 ESMF_COMM                   : mpt
20210814 032152.068 INFO             PET0 ESMF_MOAB                   : enabled
20210814 032152.068 INFO             PET0 ESMF_LAPACK                 : enabled
20210814 032152.068 INFO             PET0 ESMF_NETCDF                 : enabled
20210814 032152.068 INFO             PET0 ESMF_PNETCDF                : disabled
20210814 032152.068 INFO             PET0 ESMF_PIO                    : enabled
20210814 032152.068 INFO             PET0 ESMF_YAMLCPP                : enabled
20210814 032152.070 INFO             PET0  NUMBER_OF_PROCESSORS           1
20210814 032152.070 INFO             PET0  PASS  Example ESMF_ClockEx, ESMF_ClockEx.F90, line 220
20210814 032152.070 INFO             PET0 Finalizing ESMF
