build time -- 2021-07-24 02:00:09.911464
20210724 023350.292 INFO             PET0 !!!!!!!!!!!!!!!!!!!!!!!!!!!!!!!!!!!!!!!!!!!!!!!!!!!!!!
20210724 023350.292 INFO             PET0 !!! THE ESMF_LOG IS SET TO OUTPUT ALL LOG MESSAGES !!!
20210724 023350.292 INFO             PET0 !!!     THIS MAY CAUSE SLOWDOWN IN PERFORMANCE     !!!
20210724 023350.292 INFO             PET0 !!! FOR PRODUCTION RUNS, USE:                      !!!
20210724 023350.292 INFO             PET0 !!!                   ESMF_LOGKIND_Multi_On_Error  !!!
20210724 023350.292 INFO             PET0 !!!!!!!!!!!!!!!!!!!!!!!!!!!!!!!!!!!!!!!!!!!!!!!!!!!!!!
20210724 023350.292 INFO             PET0 Running with ESMF Version   : ESMF_8_2_0_beta_snapshot_14
20210724 023350.292 INFO             PET0 ESMF library build date/time: "Jul 24 2021" "01:58:18"
20210724 023350.292 INFO             PET0 ESMF library build location : /gpfsm/dnb04/projects/p98/mpotts/esmf/intel_2020_mpt_O_develop
20210724 023350.292 INFO             PET0 ESMF_COMM                   : mpt
20210724 023350.293 INFO             PET0 ESMF_MOAB                   : enabled
20210724 023350.293 INFO             PET0 ESMF_LAPACK                 : enabled
20210724 023350.293 INFO             PET0 ESMF_NETCDF                 : enabled
20210724 023350.293 INFO             PET0 ESMF_PNETCDF                : disabled
20210724 023350.293 INFO             PET0 ESMF_PIO                    : enabled
20210724 023350.293 INFO             PET0 ESMF_YAMLCPP                : enabled
20210724 023350.295 INFO             PET0  NUMBER_OF_PROCESSORS           1
20210724 023350.295 INFO             PET0  PASS  Example ESMF_XGridSparseMatEx, ESMF_XGridSparseMatEx.F90, line 642
20210724 023350.295 INFO             PET0 Finalizing ESMF
