build time -- 2021-06-19 01:24:56.497255
20210619 015616.311 INFO             PET0 !!!!!!!!!!!!!!!!!!!!!!!!!!!!!!!!!!!!!!!!!!!!!!!!!!!!!!
20210619 015616.311 INFO             PET0 !!! THE ESMF_LOG IS SET TO OUTPUT ALL LOG MESSAGES !!!
20210619 015616.311 INFO             PET0 !!!     THIS MAY CAUSE SLOWDOWN IN PERFORMANCE     !!!
20210619 015616.311 INFO             PET0 !!! FOR PRODUCTION RUNS, USE:                      !!!
20210619 015616.311 INFO             PET0 !!!                   ESMF_LOGKIND_Multi_On_Error  !!!
20210619 015616.311 INFO             PET0 !!!!!!!!!!!!!!!!!!!!!!!!!!!!!!!!!!!!!!!!!!!!!!!!!!!!!!
20210619 015616.311 INFO             PET0 Running with ESMF Version   : ESMF_8_2_0_beta_snapshot_11-1-g4c3a005616
20210619 015616.311 INFO             PET0 ESMF library build date/time: "Jun 19 2021" "01:18:46"
20210619 015616.311 INFO             PET0 ESMF library build location : /gpfsm/dnb04/projects/p98/mpotts/esmf/intel_2020_mpt_O_develop
20210619 015616.311 INFO             PET0 ESMF_COMM                   : mpt
20210619 015616.312 INFO             PET0 ESMF_MOAB                   : enabled
20210619 015616.312 INFO             PET0 ESMF_LAPACK                 : enabled
20210619 015616.312 INFO             PET0 ESMF_NETCDF                 : enabled
20210619 015616.312 INFO             PET0 ESMF_PNETCDF                : disabled
20210619 015616.312 INFO             PET0 ESMF_PIO                    : enabled
20210619 015616.312 INFO             PET0 ESMF_YAMLCPP                : enabled
20210619 015616.314 INFO             PET0  NUMBER_OF_PROCESSORS           4
20210619 015616.314 INFO             PET0  PASS  Example ESMF_ArrayLarrayEx, ESMF_ArrayLarrayEx.F90, line 325
20210619 015616.314 INFO             PET0 Finalizing ESMF
20210619 015616.311 INFO             PET1 !!!!!!!!!!!!!!!!!!!!!!!!!!!!!!!!!!!!!!!!!!!!!!!!!!!!!!
20210619 015616.311 INFO             PET1 !!! THE ESMF_LOG IS SET TO OUTPUT ALL LOG MESSAGES !!!
20210619 015616.311 INFO             PET1 !!!     THIS MAY CAUSE SLOWDOWN IN PERFORMANCE     !!!
20210619 015616.311 INFO             PET1 !!! FOR PRODUCTION RUNS, USE:                      !!!
20210619 015616.311 INFO             PET1 !!!                   ESMF_LOGKIND_Multi_On_Error  !!!
20210619 015616.311 INFO             PET1 !!!!!!!!!!!!!!!!!!!!!!!!!!!!!!!!!!!!!!!!!!!!!!!!!!!!!!
20210619 015616.311 INFO             PET1 Running with ESMF Version   : ESMF_8_2_0_beta_snapshot_11-1-g4c3a005616
20210619 015616.311 INFO             PET1 ESMF library build date/time: "Jun 19 2021" "01:18:46"
20210619 015616.311 INFO             PET1 ESMF library build location : /gpfsm/dnb04/projects/p98/mpotts/esmf/intel_2020_mpt_O_develop
20210619 015616.311 INFO             PET1 ESMF_COMM                   : mpt
20210619 015616.312 INFO             PET1 ESMF_MOAB                   : enabled
20210619 015616.312 INFO             PET1 ESMF_LAPACK                 : enabled
20210619 015616.312 INFO             PET1 ESMF_NETCDF                 : enabled
20210619 015616.312 INFO             PET1 ESMF_PNETCDF                : disabled
20210619 015616.312 INFO             PET1 ESMF_PIO                    : enabled
20210619 015616.312 INFO             PET1 ESMF_YAMLCPP                : enabled
20210619 015616.313 INFO             PET1  NUMBER_OF_PROCESSORS           4
20210619 015616.313 INFO             PET1  PASS  Example ESMF_ArrayLarrayEx, ESMF_ArrayLarrayEx.F90, line 325
20210619 015616.313 INFO             PET1 Finalizing ESMF
20210619 015616.311 INFO             PET2 !!!!!!!!!!!!!!!!!!!!!!!!!!!!!!!!!!!!!!!!!!!!!!!!!!!!!!
20210619 015616.311 INFO             PET2 !!! THE ESMF_LOG IS SET TO OUTPUT ALL LOG MESSAGES !!!
20210619 015616.311 INFO             PET2 !!!     THIS MAY CAUSE SLOWDOWN IN PERFORMANCE     !!!
20210619 015616.311 INFO             PET2 !!! FOR PRODUCTION RUNS, USE:                      !!!
20210619 015616.311 INFO             PET2 !!!                   ESMF_LOGKIND_Multi_On_Error  !!!
20210619 015616.311 INFO             PET2 !!!!!!!!!!!!!!!!!!!!!!!!!!!!!!!!!!!!!!!!!!!!!!!!!!!!!!
20210619 015616.311 INFO             PET2 Running with ESMF Version   : ESMF_8_2_0_beta_snapshot_11-1-g4c3a005616
20210619 015616.311 INFO             PET2 ESMF library build date/time: "Jun 19 2021" "01:18:46"
20210619 015616.311 INFO             PET2 ESMF library build location : /gpfsm/dnb04/projects/p98/mpotts/esmf/intel_2020_mpt_O_develop
20210619 015616.311 INFO             PET2 ESMF_COMM                   : mpt
20210619 015616.312 INFO             PET2 ESMF_MOAB                   : enabled
20210619 015616.312 INFO             PET2 ESMF_LAPACK                 : enabled
20210619 015616.312 INFO             PET2 ESMF_NETCDF                 : enabled
20210619 015616.312 INFO             PET2 ESMF_PNETCDF                : disabled
20210619 015616.312 INFO             PET2 ESMF_PIO                    : enabled
20210619 015616.312 INFO             PET2 ESMF_YAMLCPP                : enabled
20210619 015616.313 INFO             PET2  NUMBER_OF_PROCESSORS           4
20210619 015616.313 INFO             PET2  PASS  Example ESMF_ArrayLarrayEx, ESMF_ArrayLarrayEx.F90, line 325
20210619 015616.313 INFO             PET2 Finalizing ESMF
20210619 015616.311 INFO             PET3 !!!!!!!!!!!!!!!!!!!!!!!!!!!!!!!!!!!!!!!!!!!!!!!!!!!!!!
20210619 015616.311 INFO             PET3 !!! THE ESMF_LOG IS SET TO OUTPUT ALL LOG MESSAGES !!!
20210619 015616.311 INFO             PET3 !!!     THIS MAY CAUSE SLOWDOWN IN PERFORMANCE     !!!
20210619 015616.311 INFO             PET3 !!! FOR PRODUCTION RUNS, USE:                      !!!
20210619 015616.311 INFO             PET3 !!!                   ESMF_LOGKIND_Multi_On_Error  !!!
20210619 015616.311 INFO             PET3 !!!!!!!!!!!!!!!!!!!!!!!!!!!!!!!!!!!!!!!!!!!!!!!!!!!!!!
20210619 015616.311 INFO             PET3 Running with ESMF Version   : ESMF_8_2_0_beta_snapshot_11-1-g4c3a005616
20210619 015616.311 INFO             PET3 ESMF library build date/time: "Jun 19 2021" "01:18:46"
20210619 015616.311 INFO             PET3 ESMF library build location : /gpfsm/dnb04/projects/p98/mpotts/esmf/intel_2020_mpt_O_develop
20210619 015616.311 INFO             PET3 ESMF_COMM                   : mpt
20210619 015616.313 INFO             PET3 ESMF_MOAB                   : enabled
20210619 015616.313 INFO             PET3 ESMF_LAPACK                 : enabled
20210619 015616.313 INFO             PET3 ESMF_NETCDF                 : enabled
20210619 015616.313 INFO             PET3 ESMF_PNETCDF                : disabled
20210619 015616.313 INFO             PET3 ESMF_PIO                    : enabled
20210619 015616.313 INFO             PET3 ESMF_YAMLCPP                : enabled
20210619 015616.313 INFO             PET3  NUMBER_OF_PROCESSORS           4
20210619 015616.313 INFO             PET3  PASS  Example ESMF_ArrayLarrayEx, ESMF_ArrayLarrayEx.F90, line 325
20210619 015616.313 INFO             PET3 Finalizing ESMF
