build time -- 2021-05-21 02:35:02.770531
20210521 030222.435 INFO             PET0 !!!!!!!!!!!!!!!!!!!!!!!!!!!!!!!!!!!!!!!!!!!!!!!!!!!!!!
20210521 030222.435 INFO             PET0 !!! THE ESMF_LOG IS SET TO OUTPUT ALL LOG MESSAGES !!!
20210521 030222.435 INFO             PET0 !!!     THIS MAY CAUSE SLOWDOWN IN PERFORMANCE     !!!
20210521 030222.435 INFO             PET0 !!! FOR PRODUCTION RUNS, USE:                      !!!
20210521 030222.435 INFO             PET0 !!!                   ESMF_LOGKIND_Multi_On_Error  !!!
20210521 030222.435 INFO             PET0 !!!!!!!!!!!!!!!!!!!!!!!!!!!!!!!!!!!!!!!!!!!!!!!!!!!!!!
20210521 030222.435 INFO             PET0 Running with ESMF Version   : ESMF_8_2_0_beta_snapshot_08-26-gb4c535d3b3
20210521 030222.435 INFO             PET0 ESMF library build date/time: "May 21 2021" "02:33:27"
20210521 030222.435 INFO             PET0 ESMF library build location : /gpfsm/dnb04/projects/p98/mpotts/esmf/intel_2020_mpt_O_develop
20210521 030222.435 INFO             PET0 ESMF_COMM                   : mpt
20210521 030222.436 INFO             PET0 ESMF_MOAB                   : enabled
20210521 030222.436 INFO             PET0 ESMF_LAPACK                 : enabled
20210521 030222.436 INFO             PET0 ESMF_NETCDF                 : enabled
20210521 030222.436 INFO             PET0 ESMF_PNETCDF                : disabled
20210521 030222.436 INFO             PET0 ESMF_PIO                    : enabled
20210521 030222.436 INFO             PET0 ESMF_YAMLCPP                : enabled
20210521 030222.437 INFO             PET0  NUMBER_OF_PROCESSORS           1
20210521 030222.437 INFO             PET0  PASS  Example ESMF_TimeIntervalEx, ESMF_TimeIntervalEx.F90, line 176
20210521 030222.437 INFO             PET0 Finalizing ESMF
