build time -- 2021-08-23 00:20:18
20210823 010535.357 INFO             PET0 !!!!!!!!!!!!!!!!!!!!!!!!!!!!!!!!!!!!!!!!!!!!!!!!!!!!!!
20210823 010535.357 INFO             PET0 !!! THE ESMF_LOG IS SET TO OUTPUT ALL LOG MESSAGES !!!
20210823 010535.357 INFO             PET0 !!!     THIS MAY CAUSE SLOWDOWN IN PERFORMANCE     !!!
20210823 010535.357 INFO             PET0 !!! FOR PRODUCTION RUNS, USE:                      !!!
20210823 010535.357 INFO             PET0 !!!                   ESMF_LOGKIND_Multi_On_Error  !!!
20210823 010535.357 INFO             PET0 !!!!!!!!!!!!!!!!!!!!!!!!!!!!!!!!!!!!!!!!!!!!!!!!!!!!!!
20210823 010535.357 INFO             PET0 Running with ESMF Version   : 8.2.0 beta snapshot
20210823 010535.357 INFO             PET0 ESMF library build date/time: "Aug 23 2021" "00:18:51"
20210823 010535.357 INFO             PET0 ESMF library build location : /lustre/f2/dev/ncep/Mark.Potts/gfortran_8.3.0_mpi_O_develop
20210823 010535.357 INFO             PET0 ESMF_COMM                   : mpi
20210823 010535.357 INFO             PET0 ESMF_MOAB                   : enabled
20210823 010535.357 INFO             PET0 ESMF_LAPACK                 : enabled
20210823 010535.357 INFO             PET0 ESMF_NETCDF                 : enabled
20210823 010535.357 INFO             PET0 ESMF_PNETCDF                : disabled
20210823 010535.357 INFO             PET0 ESMF_PIO                    : enabled
20210823 010535.357 INFO             PET0 ESMF_YAMLCPP                : enabled
20210823 010535.359 INFO             PET0 ESMF Tracing Enabled
20210823 010535.359 INFO             PET0 ESMF Profiling Enabled
20210823 010535.360 INFO             PET0 ESMF Trace/Profile clock: REALTIME
20210823 010535.380 WARNING          PET0 ESMF Tracing/Profiling could not load dynamic instrumentation functions.
20210823 010535.438 INFO             PET0  NUMBER_OF_PROCESSORS           4
20210823 010535.438 INFO             PET0  PASS  Example ESMF_TraceEx, ESMF_TraceEx.F90, line 178
20210823 010535.438 INFO             PET0 Finalizing ESMF
20210823 010535.439 INFO             PET0 **************** Region Timings *******************
20210823 010535.439 INFO             PET0 Region              Count  Total (s)   Self (s)    Mean (s)    Min (s)     Max (s)
20210823 010535.440 INFO             PET0   [test] Run 1      5      0.0000      0.0000      0.0000      0.0000      0.0000
20210823 010535.440 INFO             PET0   [test] Init 1     1      0.0000      0.0000      0.0000      0.0000      0.0000
20210823 010535.440 INFO             PET0   [test] Final 1    1      0.0000      0.0000      0.0000      0.0000      0.0000
20210823 010535.357 INFO             PET1 !!!!!!!!!!!!!!!!!!!!!!!!!!!!!!!!!!!!!!!!!!!!!!!!!!!!!!
20210823 010535.357 INFO             PET1 !!! THE ESMF_LOG IS SET TO OUTPUT ALL LOG MESSAGES !!!
20210823 010535.357 INFO             PET1 !!!     THIS MAY CAUSE SLOWDOWN IN PERFORMANCE     !!!
20210823 010535.357 INFO             PET1 !!! FOR PRODUCTION RUNS, USE:                      !!!
20210823 010535.357 INFO             PET1 !!!                   ESMF_LOGKIND_Multi_On_Error  !!!
20210823 010535.357 INFO             PET1 !!!!!!!!!!!!!!!!!!!!!!!!!!!!!!!!!!!!!!!!!!!!!!!!!!!!!!
20210823 010535.357 INFO             PET1 Running with ESMF Version   : 8.2.0 beta snapshot
20210823 010535.357 INFO             PET1 ESMF library build date/time: "Aug 23 2021" "00:18:51"
20210823 010535.357 INFO             PET1 ESMF library build location : /lustre/f2/dev/ncep/Mark.Potts/gfortran_8.3.0_mpi_O_develop
20210823 010535.357 INFO             PET1 ESMF_COMM                   : mpi
20210823 010535.357 INFO             PET1 ESMF_MOAB                   : enabled
20210823 010535.357 INFO             PET1 ESMF_LAPACK                 : enabled
20210823 010535.357 INFO             PET1 ESMF_NETCDF                 : enabled
20210823 010535.357 INFO             PET1 ESMF_PNETCDF                : disabled
20210823 010535.357 INFO             PET1 ESMF_PIO                    : enabled
20210823 010535.357 INFO             PET1 ESMF_YAMLCPP                : enabled
20210823 010535.359 INFO             PET1 ESMF Tracing Enabled
20210823 010535.359 INFO             PET1 ESMF Profiling Enabled
20210823 010535.360 INFO             PET1 ESMF Trace/Profile clock: REALTIME
20210823 010535.368 WARNING          PET1 ESMF Tracing/Profiling could not load dynamic instrumentation functions.
20210823 010535.438 INFO             PET1  NUMBER_OF_PROCESSORS           4
20210823 010535.438 INFO             PET1  PASS  Example ESMF_TraceEx, ESMF_TraceEx.F90, line 178
20210823 010535.438 INFO             PET1 Finalizing ESMF
20210823 010535.439 INFO             PET1 **************** Region Timings *******************
20210823 010535.439 INFO             PET1 Region              Count  Total (s)   Self (s)    Mean (s)    Min (s)     Max (s)
20210823 010535.440 INFO             PET1   [test] Run 1      5      0.0000      0.0000      0.0000      0.0000      0.0000
20210823 010535.440 INFO             PET1   [test] Init 1     1      0.0000      0.0000      0.0000      0.0000      0.0000
20210823 010535.440 INFO             PET1   [test] Final 1    1      0.0000      0.0000      0.0000      0.0000      0.0000
20210823 010535.358 INFO             PET2 !!!!!!!!!!!!!!!!!!!!!!!!!!!!!!!!!!!!!!!!!!!!!!!!!!!!!!
20210823 010535.358 INFO             PET2 !!! THE ESMF_LOG IS SET TO OUTPUT ALL LOG MESSAGES !!!
20210823 010535.358 INFO             PET2 !!!     THIS MAY CAUSE SLOWDOWN IN PERFORMANCE     !!!
20210823 010535.358 INFO             PET2 !!! FOR PRODUCTION RUNS, USE:                      !!!
20210823 010535.358 INFO             PET2 !!!                   ESMF_LOGKIND_Multi_On_Error  !!!
20210823 010535.358 INFO             PET2 !!!!!!!!!!!!!!!!!!!!!!!!!!!!!!!!!!!!!!!!!!!!!!!!!!!!!!
20210823 010535.358 INFO             PET2 Running with ESMF Version   : 8.2.0 beta snapshot
20210823 010535.358 INFO             PET2 ESMF library build date/time: "Aug 23 2021" "00:18:51"
20210823 010535.358 INFO             PET2 ESMF library build location : /lustre/f2/dev/ncep/Mark.Potts/gfortran_8.3.0_mpi_O_develop
20210823 010535.358 INFO             PET2 ESMF_COMM                   : mpi
20210823 010535.358 INFO             PET2 ESMF_MOAB                   : enabled
20210823 010535.358 INFO             PET2 ESMF_LAPACK                 : enabled
20210823 010535.358 INFO             PET2 ESMF_NETCDF                 : enabled
20210823 010535.358 INFO             PET2 ESMF_PNETCDF                : disabled
20210823 010535.358 INFO             PET2 ESMF_PIO                    : enabled
20210823 010535.358 INFO             PET2 ESMF_YAMLCPP                : enabled
20210823 010535.359 INFO             PET2 ESMF Tracing Enabled
20210823 010535.359 INFO             PET2 ESMF Profiling Enabled
20210823 010535.360 INFO             PET2 ESMF Trace/Profile clock: REALTIME
20210823 010535.368 WARNING          PET2 ESMF Tracing/Profiling could not load dynamic instrumentation functions.
20210823 010535.438 INFO             PET2  NUMBER_OF_PROCESSORS           4
20210823 010535.438 INFO             PET2  PASS  Example ESMF_TraceEx, ESMF_TraceEx.F90, line 178
20210823 010535.438 INFO             PET2 Finalizing ESMF
20210823 010535.439 INFO             PET2 **************** Region Timings *******************
20210823 010535.439 INFO             PET2 Region              Count  Total (s)   Self (s)    Mean (s)    Min (s)     Max (s)
20210823 010535.440 INFO             PET2   [test] Run 1      5      0.0000      0.0000      0.0000      0.0000      0.0000
20210823 010535.440 INFO             PET2   [test] Init 1     1      0.0000      0.0000      0.0000      0.0000      0.0000
20210823 010535.440 INFO             PET2   [test] Final 1    1      0.0000      0.0000      0.0000      0.0000      0.0000
20210823 010535.366 INFO             PET3 !!!!!!!!!!!!!!!!!!!!!!!!!!!!!!!!!!!!!!!!!!!!!!!!!!!!!!
20210823 010535.366 INFO             PET3 !!! THE ESMF_LOG IS SET TO OUTPUT ALL LOG MESSAGES !!!
20210823 010535.366 INFO             PET3 !!!     THIS MAY CAUSE SLOWDOWN IN PERFORMANCE     !!!
20210823 010535.366 INFO             PET3 !!! FOR PRODUCTION RUNS, USE:                      !!!
20210823 010535.366 INFO             PET3 !!!                   ESMF_LOGKIND_Multi_On_Error  !!!
20210823 010535.366 INFO             PET3 !!!!!!!!!!!!!!!!!!!!!!!!!!!!!!!!!!!!!!!!!!!!!!!!!!!!!!
20210823 010535.366 INFO             PET3 Running with ESMF Version   : 8.2.0 beta snapshot
20210823 010535.366 INFO             PET3 ESMF library build date/time: "Aug 23 2021" "00:18:51"
20210823 010535.366 INFO             PET3 ESMF library build location : /lustre/f2/dev/ncep/Mark.Potts/gfortran_8.3.0_mpi_O_develop
20210823 010535.366 INFO             PET3 ESMF_COMM                   : mpi
20210823 010535.366 INFO             PET3 ESMF_MOAB                   : enabled
20210823 010535.366 INFO             PET3 ESMF_LAPACK                 : enabled
20210823 010535.366 INFO             PET3 ESMF_NETCDF                 : enabled
20210823 010535.366 INFO             PET3 ESMF_PNETCDF                : disabled
20210823 010535.366 INFO             PET3 ESMF_PIO                    : enabled
20210823 010535.366 INFO             PET3 ESMF_YAMLCPP                : enabled
20210823 010535.366 INFO             PET3 ESMF Tracing Enabled
20210823 010535.366 INFO             PET3 ESMF Profiling Enabled
20210823 010535.366 INFO             PET3 ESMF Trace/Profile clock: REALTIME
20210823 010535.368 WARNING          PET3 ESMF Tracing/Profiling could not load dynamic instrumentation functions.
20210823 010535.438 INFO             PET3  NUMBER_OF_PROCESSORS           4
20210823 010535.438 INFO             PET3  PASS  Example ESMF_TraceEx, ESMF_TraceEx.F90, line 178
20210823 010535.438 INFO             PET3 Finalizing ESMF
20210823 010535.439 INFO             PET3 **************** Region Timings *******************
20210823 010535.439 INFO             PET3 Region              Count  Total (s)   Self (s)    Mean (s)    Min (s)     Max (s)
20210823 010535.440 INFO             PET3   [test] Run 1      5      0.0000      0.0000      0.0000      0.0000      0.0000
20210823 010535.440 INFO             PET3   [test] Init 1     1      0.0000      0.0000      0.0000      0.0000      0.0000
20210823 010535.440 INFO             PET3   [test] Final 1    1      0.0000      0.0000      0.0000      0.0000      0.0000
