build time -- 2021-09-02 00:18:30
20210902 010916.591 INFO             PET0 !!!!!!!!!!!!!!!!!!!!!!!!!!!!!!!!!!!!!!!!!!!!!!!!!!!!!!
20210902 010916.591 INFO             PET0 !!! THE ESMF_LOG IS SET TO OUTPUT ALL LOG MESSAGES !!!
20210902 010916.591 INFO             PET0 !!!     THIS MAY CAUSE SLOWDOWN IN PERFORMANCE     !!!
20210902 010916.591 INFO             PET0 !!! FOR PRODUCTION RUNS, USE:                      !!!
20210902 010916.591 INFO             PET0 !!!                   ESMF_LOGKIND_Multi_On_Error  !!!
20210902 010916.591 INFO             PET0 !!!!!!!!!!!!!!!!!!!!!!!!!!!!!!!!!!!!!!!!!!!!!!!!!!!!!!
20210902 010916.591 INFO             PET0 Running with ESMF Version   : 8.2.0 beta snapshot
20210902 010916.591 INFO             PET0 ESMF library build date/time: "Sep  2 2021" "00:17:15"
20210902 010916.591 INFO             PET0 ESMF library build location : /lustre/f2/dev/ncep/Mark.Potts/gfortran_8.3.0_mpi_O_develop
20210902 010916.591 INFO             PET0 ESMF_COMM                   : mpi
20210902 010916.592 INFO             PET0 ESMF_MOAB                   : enabled
20210902 010916.592 INFO             PET0 ESMF_LAPACK                 : enabled
20210902 010916.592 INFO             PET0 ESMF_NETCDF                 : enabled
20210902 010916.592 INFO             PET0 ESMF_PNETCDF                : disabled
20210902 010916.592 INFO             PET0 ESMF_PIO                    : enabled
20210902 010916.592 INFO             PET0 ESMF_YAMLCPP                : enabled
20210902 010916.594 INFO             PET0  NUMBER_OF_PROCESSORS           4
20210902 010916.594 INFO             PET0  PASS  Example ESMF_VMUserMpiCommMultiEx, ESMF_VMUserMpiCommMultiEx.F90, line 126
20210902 010916.594 INFO             PET0 Finalizing ESMF
20210902 010916.577 INFO             PET0 !!!!!!!!!!!!!!!!!!!!!!!!!!!!!!!!!!!!!!!!!!!!!!!!!!!!!!
20210902 010916.578 INFO             PET0 !!! THE ESMF_LOG IS SET TO OUTPUT ALL LOG MESSAGES !!!
20210902 010916.578 INFO             PET0 !!!     THIS MAY CAUSE SLOWDOWN IN PERFORMANCE     !!!
20210902 010916.578 INFO             PET0 !!! FOR PRODUCTION RUNS, USE:                      !!!
20210902 010916.578 INFO             PET0 !!!                   ESMF_LOGKIND_Multi_On_Error  !!!
20210902 010916.578 INFO             PET0 !!!!!!!!!!!!!!!!!!!!!!!!!!!!!!!!!!!!!!!!!!!!!!!!!!!!!!
20210902 010916.578 INFO             PET0 Running with ESMF Version   : 8.2.0 beta snapshot
20210902 010916.579 INFO             PET0 ESMF library build date/time: "Sep  2 2021" "00:17:15"
20210902 010916.579 INFO             PET0 ESMF library build location : /lustre/f2/dev/ncep/Mark.Potts/gfortran_8.3.0_mpi_O_develop
20210902 010916.579 INFO             PET0 ESMF_COMM                   : mpi
20210902 010916.579 INFO             PET0 ESMF_MOAB                   : enabled
20210902 010916.579 INFO             PET0 ESMF_LAPACK                 : enabled
20210902 010916.579 INFO             PET0 ESMF_NETCDF                 : enabled
20210902 010916.579 INFO             PET0 ESMF_PNETCDF                : disabled
20210902 010916.579 INFO             PET0 ESMF_PIO                    : enabled
20210902 010916.579 INFO             PET0 ESMF_YAMLCPP                : enabled
20210902 010916.590 INFO             PET0  NUMBER_OF_PROCESSORS           4
20210902 010916.590 INFO             PET0  PASS  Example ESMF_VMUserMpiCommMultiEx, ESMF_VMUserMpiCommMultiEx.F90, line 154
20210902 010916.590 INFO             PET0 Finalizing ESMF
20210902 010916.593 INFO             PET1 !!!!!!!!!!!!!!!!!!!!!!!!!!!!!!!!!!!!!!!!!!!!!!!!!!!!!!
20210902 010916.593 INFO             PET1 !!! THE ESMF_LOG IS SET TO OUTPUT ALL LOG MESSAGES !!!
20210902 010916.593 INFO             PET1 !!!     THIS MAY CAUSE SLOWDOWN IN PERFORMANCE     !!!
20210902 010916.593 INFO             PET1 !!! FOR PRODUCTION RUNS, USE:                      !!!
20210902 010916.593 INFO             PET1 !!!                   ESMF_LOGKIND_Multi_On_Error  !!!
20210902 010916.593 INFO             PET1 !!!!!!!!!!!!!!!!!!!!!!!!!!!!!!!!!!!!!!!!!!!!!!!!!!!!!!
20210902 010916.593 INFO             PET1 Running with ESMF Version   : 8.2.0 beta snapshot
20210902 010916.593 INFO             PET1 ESMF library build date/time: "Sep  2 2021" "00:17:15"
20210902 010916.593 INFO             PET1 ESMF library build location : /lustre/f2/dev/ncep/Mark.Potts/gfortran_8.3.0_mpi_O_develop
20210902 010916.593 INFO             PET1 ESMF_COMM                   : mpi
20210902 010916.593 INFO             PET1 ESMF_MOAB                   : enabled
20210902 010916.593 INFO             PET1 ESMF_LAPACK                 : enabled
20210902 010916.593 INFO             PET1 ESMF_NETCDF                 : enabled
20210902 010916.593 INFO             PET1 ESMF_PNETCDF                : disabled
20210902 010916.593 INFO             PET1 ESMF_PIO                    : enabled
20210902 010916.593 INFO             PET1 ESMF_YAMLCPP                : enabled
20210902 010916.594 INFO             PET1  NUMBER_OF_PROCESSORS           4
20210902 010916.594 INFO             PET1  PASS  Example ESMF_VMUserMpiCommMultiEx, ESMF_VMUserMpiCommMultiEx.F90, line 126
20210902 010916.594 INFO             PET1 Finalizing ESMF
20210902 010916.590 INFO             PET1 !!!!!!!!!!!!!!!!!!!!!!!!!!!!!!!!!!!!!!!!!!!!!!!!!!!!!!
20210902 010916.590 INFO             PET1 !!! THE ESMF_LOG IS SET TO OUTPUT ALL LOG MESSAGES !!!
20210902 010916.590 INFO             PET1 !!!     THIS MAY CAUSE SLOWDOWN IN PERFORMANCE     !!!
20210902 010916.590 INFO             PET1 !!! FOR PRODUCTION RUNS, USE:                      !!!
20210902 010916.590 INFO             PET1 !!!                   ESMF_LOGKIND_Multi_On_Error  !!!
20210902 010916.590 INFO             PET1 !!!!!!!!!!!!!!!!!!!!!!!!!!!!!!!!!!!!!!!!!!!!!!!!!!!!!!
20210902 010916.590 INFO             PET1 Running with ESMF Version   : 8.2.0 beta snapshot
20210902 010916.590 INFO             PET1 ESMF library build date/time: "Sep  2 2021" "00:17:15"
20210902 010916.590 INFO             PET1 ESMF library build location : /lustre/f2/dev/ncep/Mark.Potts/gfortran_8.3.0_mpi_O_develop
20210902 010916.590 INFO             PET1 ESMF_COMM                   : mpi
20210902 010916.590 INFO             PET1 ESMF_MOAB                   : enabled
20210902 010916.590 INFO             PET1 ESMF_LAPACK                 : enabled
20210902 010916.590 INFO             PET1 ESMF_NETCDF                 : enabled
20210902 010916.590 INFO             PET1 ESMF_PNETCDF                : disabled
20210902 010916.590 INFO             PET1 ESMF_PIO                    : enabled
20210902 010916.590 INFO             PET1 ESMF_YAMLCPP                : enabled
20210902 010916.590 INFO             PET1  NUMBER_OF_PROCESSORS           4
20210902 010916.590 INFO             PET1  PASS  Example ESMF_VMUserMpiCommMultiEx, ESMF_VMUserMpiCommMultiEx.F90, line 154
20210902 010916.590 INFO             PET1 Finalizing ESMF
