build time -- 2021-09-07 00:28:04
20210907 021417.474 INFO             PET0 !!!!!!!!!!!!!!!!!!!!!!!!!!!!!!!!!!!!!!!!!!!!!!!!!!!!!!
20210907 021417.475 INFO             PET0 !!! THE ESMF_LOG IS SET TO OUTPUT ALL LOG MESSAGES !!!
20210907 021417.475 INFO             PET0 !!!     THIS MAY CAUSE SLOWDOWN IN PERFORMANCE     !!!
20210907 021417.475 INFO             PET0 !!! FOR PRODUCTION RUNS, USE:                      !!!
20210907 021417.475 INFO             PET0 !!!                   ESMF_LOGKIND_Multi_On_Error  !!!
20210907 021417.475 INFO             PET0 !!!!!!!!!!!!!!!!!!!!!!!!!!!!!!!!!!!!!!!!!!!!!!!!!!!!!!
20210907 021417.475 INFO             PET0 Running with ESMF Version   : 8.2.0 beta snapshot
20210907 021417.475 INFO             PET0 ESMF library build date/time: "Sep  7 2021" "00:21:06"
20210907 021417.475 INFO             PET0 ESMF library build location : /lustre/f2/dev/ncep/Mark.Potts/gfortran_8.3.0_mpi_O_develop
20210907 021417.475 INFO             PET0 ESMF_COMM                   : mpi
20210907 021417.476 INFO             PET0 ESMF_MOAB                   : enabled
20210907 021417.476 INFO             PET0 ESMF_LAPACK                 : enabled
20210907 021417.476 INFO             PET0 ESMF_NETCDF                 : enabled
20210907 021417.476 INFO             PET0 ESMF_PNETCDF                : disabled
20210907 021417.476 INFO             PET0 ESMF_PIO                    : enabled
20210907 021417.476 INFO             PET0 ESMF_YAMLCPP                : enabled
20210907 021417.537 INFO             PET0  NUMBER_OF_PROCESSORS           1
20210907 021417.537 INFO             PET0  PASS  Example ESMF_XGridSparseMatEx, ESMF_XGridSparseMatEx.F90, line 642
20210907 021417.537 INFO             PET0 Finalizing ESMF
