build time -- 2021-08-22 00:20:36
20210822 010439.651 INFO             PET0 !!!!!!!!!!!!!!!!!!!!!!!!!!!!!!!!!!!!!!!!!!!!!!!!!!!!!!
20210822 010439.651 INFO             PET0 !!! THE ESMF_LOG IS SET TO OUTPUT ALL LOG MESSAGES !!!
20210822 010439.651 INFO             PET0 !!!     THIS MAY CAUSE SLOWDOWN IN PERFORMANCE     !!!
20210822 010439.651 INFO             PET0 !!! FOR PRODUCTION RUNS, USE:                      !!!
20210822 010439.651 INFO             PET0 !!!                   ESMF_LOGKIND_Multi_On_Error  !!!
20210822 010439.651 INFO             PET0 !!!!!!!!!!!!!!!!!!!!!!!!!!!!!!!!!!!!!!!!!!!!!!!!!!!!!!
20210822 010439.651 INFO             PET0 Running with ESMF Version   : 8.2.0 beta snapshot
20210822 010439.651 INFO             PET0 ESMF library build date/time: "Aug 22 2021" "00:19:09"
20210822 010439.651 INFO             PET0 ESMF library build location : /lustre/f2/dev/ncep/Mark.Potts/gfortran_8.3.0_mpi_O_develop
20210822 010439.651 INFO             PET0 ESMF_COMM                   : mpi
20210822 010439.652 INFO             PET0 ESMF_MOAB                   : enabled
20210822 010439.652 INFO             PET0 ESMF_LAPACK                 : enabled
20210822 010439.652 INFO             PET0 ESMF_NETCDF                 : enabled
20210822 010439.652 INFO             PET0 ESMF_PNETCDF                : disabled
20210822 010439.652 INFO             PET0 ESMF_PIO                    : enabled
20210822 010439.652 INFO             PET0 ESMF_YAMLCPP                : enabled
20210822 010439.652 INFO             PET0  NUMBER_OF_PROCESSORS           2
20210822 010439.652 INFO             PET0  PASS  Example ESMF_VMUserMpiCommEx, ESMF_VMUserMpiCommEx.F90, line 113
20210822 010439.652 INFO             PET0 Finalizing ESMF
20210822 010439.640 INFO             PET1 !!!!!!!!!!!!!!!!!!!!!!!!!!!!!!!!!!!!!!!!!!!!!!!!!!!!!!
20210822 010439.640 INFO             PET1 !!! THE ESMF_LOG IS SET TO OUTPUT ALL LOG MESSAGES !!!
20210822 010439.640 INFO             PET1 !!!     THIS MAY CAUSE SLOWDOWN IN PERFORMANCE     !!!
20210822 010439.640 INFO             PET1 !!! FOR PRODUCTION RUNS, USE:                      !!!
20210822 010439.640 INFO             PET1 !!!                   ESMF_LOGKIND_Multi_On_Error  !!!
20210822 010439.640 INFO             PET1 !!!!!!!!!!!!!!!!!!!!!!!!!!!!!!!!!!!!!!!!!!!!!!!!!!!!!!
20210822 010439.640 INFO             PET1 Running with ESMF Version   : 8.2.0 beta snapshot
20210822 010439.641 INFO             PET1 ESMF library build date/time: "Aug 22 2021" "00:19:09"
20210822 010439.641 INFO             PET1 ESMF library build location : /lustre/f2/dev/ncep/Mark.Potts/gfortran_8.3.0_mpi_O_develop
20210822 010439.641 INFO             PET1 ESMF_COMM                   : mpi
20210822 010439.641 INFO             PET1 ESMF_MOAB                   : enabled
20210822 010439.641 INFO             PET1 ESMF_LAPACK                 : enabled
20210822 010439.641 INFO             PET1 ESMF_NETCDF                 : enabled
20210822 010439.641 INFO             PET1 ESMF_PNETCDF                : disabled
20210822 010439.641 INFO             PET1 ESMF_PIO                    : enabled
20210822 010439.641 INFO             PET1 ESMF_YAMLCPP                : enabled
20210822 010439.652 INFO             PET1  NUMBER_OF_PROCESSORS           2
20210822 010439.652 INFO             PET1  PASS  Example ESMF_VMUserMpiCommEx, ESMF_VMUserMpiCommEx.F90, line 113
20210822 010439.652 INFO             PET1 Finalizing ESMF
