build time -- 2021-08-23 00:20:18
20210823 010546.567 INFO             PET0 !!!!!!!!!!!!!!!!!!!!!!!!!!!!!!!!!!!!!!!!!!!!!!!!!!!!!!
20210823 010546.568 INFO             PET0 !!! THE ESMF_LOG IS SET TO OUTPUT ALL LOG MESSAGES !!!
20210823 010546.568 INFO             PET0 !!!     THIS MAY CAUSE SLOWDOWN IN PERFORMANCE     !!!
20210823 010546.568 INFO             PET0 !!! FOR PRODUCTION RUNS, USE:                      !!!
20210823 010546.568 INFO             PET0 !!!                   ESMF_LOGKIND_Multi_On_Error  !!!
20210823 010546.568 INFO             PET0 !!!!!!!!!!!!!!!!!!!!!!!!!!!!!!!!!!!!!!!!!!!!!!!!!!!!!!
20210823 010546.568 INFO             PET0 Running with ESMF Version   : 8.2.0 beta snapshot
20210823 010546.568 INFO             PET0 ESMF library build date/time: "Aug 23 2021" "00:18:51"
20210823 010546.568 INFO             PET0 ESMF library build location : /lustre/f2/dev/ncep/Mark.Potts/gfortran_8.3.0_mpi_O_develop
20210823 010546.568 INFO             PET0 ESMF_COMM                   : mpi
20210823 010546.569 INFO             PET0 ESMF_MOAB                   : enabled
20210823 010546.569 INFO             PET0 ESMF_LAPACK                 : enabled
20210823 010546.569 INFO             PET0 ESMF_NETCDF                 : enabled
20210823 010546.569 INFO             PET0 ESMF_PNETCDF                : disabled
20210823 010546.569 INFO             PET0 ESMF_PIO                    : enabled
20210823 010546.569 INFO             PET0 ESMF_YAMLCPP                : enabled
20210823 010546.571 INFO             PET0  NUMBER_OF_PROCESSORS           1
20210823 010546.571 INFO             PET0  PASS  Example CalendarEx, ESMF_CalendarEx.F90, line 217
20210823 010546.571 INFO             PET0 Finalizing ESMF
