build time -- 2021-05-02 06:56:06
20210502 071952.564 INFO             PET0 !!!!!!!!!!!!!!!!!!!!!!!!!!!!!!!!!!!!!!!!!!!!!!!!!!!!!!
20210502 071952.564 INFO             PET0 !!! THE ESMF_LOG IS SET TO OUTPUT ALL LOG MESSAGES !!!
20210502 071952.564 INFO             PET0 !!!     THIS MAY CAUSE SLOWDOWN IN PERFORMANCE     !!!
20210502 071952.564 INFO             PET0 !!! FOR PRODUCTION RUNS, USE:                      !!!
20210502 071952.564 INFO             PET0 !!!                   ESMF_LOGKIND_Multi_On_Error  !!!
20210502 071952.564 INFO             PET0 !!!!!!!!!!!!!!!!!!!!!!!!!!!!!!!!!!!!!!!!!!!!!!!!!!!!!!
20210502 071952.564 INFO             PET0 Running with ESMF Version   : ESMF_8_2_0_beta_snapshot_06-2-g7cd9acb
20210502 071952.564 INFO             PET0 ESMF library build date/time: "May  2 2021" "06:54:41"
20210502 071952.564 INFO             PET0 ESMF library build location : /p/work1/mpotts/intel_2019.4_mpt_O_develop
20210502 071952.564 INFO             PET0 ESMF_COMM                   : mpt
20210502 071952.565 INFO             PET0 ESMF_MOAB                   : enabled
20210502 071952.565 INFO             PET0 ESMF_LAPACK                 : enabled
20210502 071952.565 INFO             PET0 ESMF_NETCDF                 : enabled
20210502 071952.565 INFO             PET0 ESMF_PNETCDF                : disabled
20210502 071952.565 INFO             PET0 ESMF_PIO                    : enabled
20210502 071952.565 INFO             PET0 ESMF_YAMLCPP                : enabled
20210502 071952.566 INFO             PET0  NUMBER_OF_PROCESSORS           1
20210502 071952.566 INFO             PET0  PASS  Example ESMF_TimeEx, ESMF_TimeEx.F90, line 141
20210502 071952.566 INFO             PET0 Finalizing ESMF
