build time -- 2021-05-04 07:00:48
20210504 073835.105 INFO             PET0 !!!!!!!!!!!!!!!!!!!!!!!!!!!!!!!!!!!!!!!!!!!!!!!!!!!!!!
20210504 073835.105 INFO             PET0 !!! THE ESMF_LOG IS SET TO OUTPUT ALL LOG MESSAGES !!!
20210504 073835.105 INFO             PET0 !!!     THIS MAY CAUSE SLOWDOWN IN PERFORMANCE     !!!
20210504 073835.105 INFO             PET0 !!! FOR PRODUCTION RUNS, USE:                      !!!
20210504 073835.105 INFO             PET0 !!!                   ESMF_LOGKIND_Multi_On_Error  !!!
20210504 073835.105 INFO             PET0 !!!!!!!!!!!!!!!!!!!!!!!!!!!!!!!!!!!!!!!!!!!!!!!!!!!!!!
20210504 073835.105 INFO             PET0 Running with ESMF Version   : ESMF_8_2_0_beta_snapshot_06-2-g7cd9acb
20210504 073835.105 INFO             PET0 ESMF library build date/time: "May  4 2021" "06:59:24"
20210504 073835.105 INFO             PET0 ESMF library build location : /p/work1/mpotts/intel_2019.4_mpt_O_develop
20210504 073835.105 INFO             PET0 ESMF_COMM                   : mpt
20210504 073835.106 INFO             PET0 ESMF_MOAB                   : enabled
20210504 073835.106 INFO             PET0 ESMF_LAPACK                 : enabled
20210504 073835.106 INFO             PET0 ESMF_NETCDF                 : enabled
20210504 073835.106 INFO             PET0 ESMF_PNETCDF                : disabled
20210504 073835.106 INFO             PET0 ESMF_PIO                    : enabled
20210504 073835.106 INFO             PET0 ESMF_YAMLCPP                : enabled
20210504 073835.107 INFO             PET0  NUMBER_OF_PROCESSORS           1
20210504 073835.107 INFO             PET0  PASS  Example ESMF_TimeIntervalEx, ESMF_TimeIntervalEx.F90, line 176
20210504 073835.107 INFO             PET0 Finalizing ESMF
