build time -- 2021-09-15 02:09:12.717888
20210915 024247.341 INFO             PET0 !!!!!!!!!!!!!!!!!!!!!!!!!!!!!!!!!!!!!!!!!!!!!!!!!!!!!!
20210915 024247.341 INFO             PET0 !!! THE ESMF_LOG IS SET TO OUTPUT ALL LOG MESSAGES !!!
20210915 024247.341 INFO             PET0 !!!     THIS MAY CAUSE SLOWDOWN IN PERFORMANCE     !!!
20210915 024247.341 INFO             PET0 !!! FOR PRODUCTION RUNS, USE:                      !!!
20210915 024247.341 INFO             PET0 !!!                   ESMF_LOGKIND_Multi_On_Error  !!!
20210915 024247.341 INFO             PET0 !!!!!!!!!!!!!!!!!!!!!!!!!!!!!!!!!!!!!!!!!!!!!!!!!!!!!!
20210915 024247.341 INFO             PET0 Running with ESMF Version   : ESMF_8_2_0_beta_snapshot_18-42-gb11ffe55a6
20210915 024247.341 INFO             PET0 ESMF library build date/time: "Sep 15 2021" "02:07:56"
20210915 024247.341 INFO             PET0 ESMF library build location : /gpfsm/dnb04/projects/p98/mpotts/esmf/gfortran_10.1.0_intelmpi_O_develop
20210915 024247.341 INFO             PET0 ESMF_COMM                   : intelmpi
20210915 024247.341 INFO             PET0 ESMF_MOAB                   : enabled
20210915 024247.341 INFO             PET0 ESMF_LAPACK                 : enabled
20210915 024247.341 INFO             PET0 ESMF_NETCDF                 : disabled
20210915 024247.341 INFO             PET0 ESMF_PNETCDF                : disabled
20210915 024247.341 INFO             PET0 ESMF_PIO                    : enabled
20210915 024247.341 INFO             PET0 ESMF_YAMLCPP                : enabled
20210915 024247.342 INFO             PET0  NUMBER_OF_PROCESSORS           1
20210915 024247.342 INFO             PET0  PASS  Example ESMF_ClockEx, ESMF_ClockEx.F90, line 220
20210915 024247.342 INFO             PET0 Finalizing ESMF
