build time -- 2021-09-28 01:10:48.457480
20210928 015351.302 INFO             PET0 !!!!!!!!!!!!!!!!!!!!!!!!!!!!!!!!!!!!!!!!!!!!!!!!!!!!!!
20210928 015351.302 INFO             PET0 !!! THE ESMF_LOG IS SET TO OUTPUT ALL LOG MESSAGES !!!
20210928 015351.302 INFO             PET0 !!!     THIS MAY CAUSE SLOWDOWN IN PERFORMANCE     !!!
20210928 015351.302 INFO             PET0 !!! FOR PRODUCTION RUNS, USE:                      !!!
20210928 015351.302 INFO             PET0 !!!                   ESMF_LOGKIND_Multi_On_Error  !!!
20210928 015351.302 INFO             PET0 !!!!!!!!!!!!!!!!!!!!!!!!!!!!!!!!!!!!!!!!!!!!!!!!!!!!!!
20210928 015351.302 INFO             PET0 Running with ESMF Version   : ESMF_8_2_0_beta_snapshot_19-14-gd25d6808ff
20210928 015351.302 INFO             PET0 ESMF library build date/time: "Sep 28 2021" "01:09:45"
20210928 015351.302 INFO             PET0 ESMF library build location : /gpfsm/dnb04/projects/p98/mpotts/esmf/gfortran_10.1.0_intelmpi_O_develop
20210928 015351.302 INFO             PET0 ESMF_COMM                   : intelmpi
20210928 015351.302 INFO             PET0 ESMF_MOAB                   : enabled
20210928 015351.302 INFO             PET0 ESMF_LAPACK                 : enabled
20210928 015351.302 INFO             PET0 ESMF_NETCDF                 : disabled
20210928 015351.302 INFO             PET0 ESMF_PNETCDF                : disabled
20210928 015351.302 INFO             PET0 ESMF_PIO                    : enabled
20210928 015351.302 INFO             PET0 ESMF_YAMLCPP                : enabled
20210928 015351.305 INFO             PET0 ESMF_FieldRedistStoreNF(): Just entered routine.
20210928 015351.344 INFO             PET0 ESMF_FieldRedistStoreNF(): Leaving routine.
20210928 015351.356 INFO             PET0  NUMBER_OF_PROCESSORS           4
20210928 015351.357 INFO             PET0  PASS  Example ESMF_RHandleFromFileEx, ESMF_RHandleFromFileEx.F90, line 192
20210928 015351.357 INFO             PET0 Finalizing ESMF
20210928 015351.302 INFO             PET1 !!!!!!!!!!!!!!!!!!!!!!!!!!!!!!!!!!!!!!!!!!!!!!!!!!!!!!
20210928 015351.302 INFO             PET1 !!! THE ESMF_LOG IS SET TO OUTPUT ALL LOG MESSAGES !!!
20210928 015351.302 INFO             PET1 !!!     THIS MAY CAUSE SLOWDOWN IN PERFORMANCE     !!!
20210928 015351.302 INFO             PET1 !!! FOR PRODUCTION RUNS, USE:                      !!!
20210928 015351.302 INFO             PET1 !!!                   ESMF_LOGKIND_Multi_On_Error  !!!
20210928 015351.302 INFO             PET1 !!!!!!!!!!!!!!!!!!!!!!!!!!!!!!!!!!!!!!!!!!!!!!!!!!!!!!
20210928 015351.302 INFO             PET1 Running with ESMF Version   : ESMF_8_2_0_beta_snapshot_19-14-gd25d6808ff
20210928 015351.302 INFO             PET1 ESMF library build date/time: "Sep 28 2021" "01:09:45"
20210928 015351.302 INFO             PET1 ESMF library build location : /gpfsm/dnb04/projects/p98/mpotts/esmf/gfortran_10.1.0_intelmpi_O_develop
20210928 015351.302 INFO             PET1 ESMF_COMM                   : intelmpi
20210928 015351.302 INFO             PET1 ESMF_MOAB                   : enabled
20210928 015351.302 INFO             PET1 ESMF_LAPACK                 : enabled
20210928 015351.302 INFO             PET1 ESMF_NETCDF                 : disabled
20210928 015351.302 INFO             PET1 ESMF_PNETCDF                : disabled
20210928 015351.302 INFO             PET1 ESMF_PIO                    : enabled
20210928 015351.302 INFO             PET1 ESMF_YAMLCPP                : enabled
20210928 015351.304 INFO             PET1 ESMF_FieldRedistStoreNF(): Just entered routine.
20210928 015351.344 INFO             PET1 ESMF_FieldRedistStoreNF(): Leaving routine.
20210928 015351.356 INFO             PET1  NUMBER_OF_PROCESSORS           4
20210928 015351.356 INFO             PET1  PASS  Example ESMF_RHandleFromFileEx, ESMF_RHandleFromFileEx.F90, line 192
20210928 015351.356 INFO             PET1 Finalizing ESMF
20210928 015351.303 INFO             PET2 !!!!!!!!!!!!!!!!!!!!!!!!!!!!!!!!!!!!!!!!!!!!!!!!!!!!!!
20210928 015351.303 INFO             PET2 !!! THE ESMF_LOG IS SET TO OUTPUT ALL LOG MESSAGES !!!
20210928 015351.303 INFO             PET2 !!!     THIS MAY CAUSE SLOWDOWN IN PERFORMANCE     !!!
20210928 015351.303 INFO             PET2 !!! FOR PRODUCTION RUNS, USE:                      !!!
20210928 015351.303 INFO             PET2 !!!                   ESMF_LOGKIND_Multi_On_Error  !!!
20210928 015351.303 INFO             PET2 !!!!!!!!!!!!!!!!!!!!!!!!!!!!!!!!!!!!!!!!!!!!!!!!!!!!!!
20210928 015351.303 INFO             PET2 Running with ESMF Version   : ESMF_8_2_0_beta_snapshot_19-14-gd25d6808ff
20210928 015351.303 INFO             PET2 ESMF library build date/time: "Sep 28 2021" "01:09:45"
20210928 015351.303 INFO             PET2 ESMF library build location : /gpfsm/dnb04/projects/p98/mpotts/esmf/gfortran_10.1.0_intelmpi_O_develop
20210928 015351.303 INFO             PET2 ESMF_COMM                   : intelmpi
20210928 015351.303 INFO             PET2 ESMF_MOAB                   : enabled
20210928 015351.303 INFO             PET2 ESMF_LAPACK                 : enabled
20210928 015351.303 INFO             PET2 ESMF_NETCDF                 : disabled
20210928 015351.303 INFO             PET2 ESMF_PNETCDF                : disabled
20210928 015351.303 INFO             PET2 ESMF_PIO                    : enabled
20210928 015351.303 INFO             PET2 ESMF_YAMLCPP                : enabled
20210928 015351.304 INFO             PET2 ESMF_FieldRedistStoreNF(): Just entered routine.
20210928 015351.344 INFO             PET2 ESMF_FieldRedistStoreNF(): Leaving routine.
20210928 015351.356 INFO             PET2  NUMBER_OF_PROCESSORS           4
20210928 015351.356 INFO             PET2  PASS  Example ESMF_RHandleFromFileEx, ESMF_RHandleFromFileEx.F90, line 192
20210928 015351.356 INFO             PET2 Finalizing ESMF
20210928 015351.302 INFO             PET3 !!!!!!!!!!!!!!!!!!!!!!!!!!!!!!!!!!!!!!!!!!!!!!!!!!!!!!
20210928 015351.302 INFO             PET3 !!! THE ESMF_LOG IS SET TO OUTPUT ALL LOG MESSAGES !!!
20210928 015351.302 INFO             PET3 !!!     THIS MAY CAUSE SLOWDOWN IN PERFORMANCE     !!!
20210928 015351.302 INFO             PET3 !!! FOR PRODUCTION RUNS, USE:                      !!!
20210928 015351.302 INFO             PET3 !!!                   ESMF_LOGKIND_Multi_On_Error  !!!
20210928 015351.302 INFO             PET3 !!!!!!!!!!!!!!!!!!!!!!!!!!!!!!!!!!!!!!!!!!!!!!!!!!!!!!
20210928 015351.302 INFO             PET3 Running with ESMF Version   : ESMF_8_2_0_beta_snapshot_19-14-gd25d6808ff
20210928 015351.302 INFO             PET3 ESMF library build date/time: "Sep 28 2021" "01:09:45"
20210928 015351.302 INFO             PET3 ESMF library build location : /gpfsm/dnb04/projects/p98/mpotts/esmf/gfortran_10.1.0_intelmpi_O_develop
20210928 015351.303 INFO             PET3 ESMF_COMM                   : intelmpi
20210928 015351.303 INFO             PET3 ESMF_MOAB                   : enabled
20210928 015351.303 INFO             PET3 ESMF_LAPACK                 : enabled
20210928 015351.303 INFO             PET3 ESMF_NETCDF                 : disabled
20210928 015351.303 INFO             PET3 ESMF_PNETCDF                : disabled
20210928 015351.303 INFO             PET3 ESMF_PIO                    : enabled
20210928 015351.303 INFO             PET3 ESMF_YAMLCPP                : enabled
20210928 015351.305 INFO             PET3 ESMF_FieldRedistStoreNF(): Just entered routine.
20210928 015351.344 INFO             PET3 ESMF_FieldRedistStoreNF(): Leaving routine.
20210928 015351.356 INFO             PET3  NUMBER_OF_PROCESSORS           4
20210928 015351.356 INFO             PET3  PASS  Example ESMF_RHandleFromFileEx, ESMF_RHandleFromFileEx.F90, line 192
20210928 015351.356 INFO             PET3 Finalizing ESMF
