build time -- 2021-06-25 05:01:57.368309
20210625 052657.978 INFO             PET0 !!!!!!!!!!!!!!!!!!!!!!!!!!!!!!!!!!!!!!!!!!!!!!!!!!!!!!
20210625 052657.978 INFO             PET0 !!! THE ESMF_LOG IS SET TO OUTPUT ALL LOG MESSAGES !!!
20210625 052657.978 INFO             PET0 !!!     THIS MAY CAUSE SLOWDOWN IN PERFORMANCE     !!!
20210625 052657.978 INFO             PET0 !!! FOR PRODUCTION RUNS, USE:                      !!!
20210625 052657.978 INFO             PET0 !!!                   ESMF_LOGKIND_Multi_On_Error  !!!
20210625 052657.978 INFO             PET0 !!!!!!!!!!!!!!!!!!!!!!!!!!!!!!!!!!!!!!!!!!!!!!!!!!!!!!
20210625 052657.978 INFO             PET0 Running with ESMF Version   : ESMF_8_2_0_beta_snapshot_11-8-gb3000f9ecd
20210625 052657.978 INFO             PET0 ESMF library build date/time: "Jun 25 2021" "05:00:54"
20210625 052657.978 INFO             PET0 ESMF library build location : /gpfsm/dnb04/projects/p98/mpotts/esmf/gfortran_10.1.0_intelmpi_O_develop
20210625 052657.978 INFO             PET0 ESMF_COMM                   : intelmpi
20210625 052657.978 INFO             PET0 ESMF_MOAB                   : enabled
20210625 052657.978 INFO             PET0 ESMF_LAPACK                 : enabled
20210625 052657.978 INFO             PET0 ESMF_NETCDF                 : disabled
20210625 052657.978 INFO             PET0 ESMF_PNETCDF                : disabled
20210625 052657.978 INFO             PET0 ESMF_PIO                    : enabled
20210625 052657.978 INFO             PET0 ESMF_YAMLCPP                : enabled
20210625 052657.979 INFO             PET0  NUMBER_OF_PROCESSORS           1
20210625 052657.979 INFO             PET0  PASS  Example ESMF_AlarmEx, ESMF_AlarmEx.F90, line 244
20210625 052657.979 INFO             PET0 Finalizing ESMF
