build time -- 2021-08-01 01:05:02.717870
20210801 012615.896 INFO             PET0 !!!!!!!!!!!!!!!!!!!!!!!!!!!!!!!!!!!!!!!!!!!!!!!!!!!!!!
20210801 012615.896 INFO             PET0 !!! THE ESMF_LOG IS SET TO OUTPUT ALL LOG MESSAGES !!!
20210801 012615.896 INFO             PET0 !!!     THIS MAY CAUSE SLOWDOWN IN PERFORMANCE     !!!
20210801 012615.896 INFO             PET0 !!! FOR PRODUCTION RUNS, USE:                      !!!
20210801 012615.896 INFO             PET0 !!!                   ESMF_LOGKIND_Multi_On_Error  !!!
20210801 012615.896 INFO             PET0 !!!!!!!!!!!!!!!!!!!!!!!!!!!!!!!!!!!!!!!!!!!!!!!!!!!!!!
20210801 012615.896 INFO             PET0 Running with ESMF Version   : ESMF_8_2_0_beta_snapshot_14-1-g6ac79f62fc
20210801 012615.896 INFO             PET0 ESMF library build date/time: "Aug  1 2021" "01:04:00"
20210801 012615.896 INFO             PET0 ESMF library build location : /gpfsm/dnb04/projects/p98/mpotts/esmf/gfortran_10.1.0_intelmpi_O_develop
20210801 012615.896 INFO             PET0 ESMF_COMM                   : intelmpi
20210801 012615.896 INFO             PET0 ESMF_MOAB                   : enabled
20210801 012615.896 INFO             PET0 ESMF_LAPACK                 : enabled
20210801 012615.896 INFO             PET0 ESMF_NETCDF                 : disabled
20210801 012615.896 INFO             PET0 ESMF_PNETCDF                : disabled
20210801 012615.896 INFO             PET0 ESMF_PIO                    : enabled
20210801 012615.896 INFO             PET0 ESMF_YAMLCPP                : enabled
20210801 012615.937 DEBUG            PET0 about to destroy Grid: 0x8c4160
20210801 012615.942 DEBUG            PET0 about to destroy Grid: 0x8c5f70
20210801 012615.953 INFO             PET0  NUMBER_OF_PROCESSORS           4
20210801 012615.953 INFO             PET0  PASS  Example ESMF_NUOPCAtmModelEx, ESMF_NUOPCAtmModelEx.F90, line 806
20210801 012615.953 INFO             PET0 Finalizing ESMF
20210801 012615.895 INFO             PET1 !!!!!!!!!!!!!!!!!!!!!!!!!!!!!!!!!!!!!!!!!!!!!!!!!!!!!!
20210801 012615.895 INFO             PET1 !!! THE ESMF_LOG IS SET TO OUTPUT ALL LOG MESSAGES !!!
20210801 012615.895 INFO             PET1 !!!     THIS MAY CAUSE SLOWDOWN IN PERFORMANCE     !!!
20210801 012615.895 INFO             PET1 !!! FOR PRODUCTION RUNS, USE:                      !!!
20210801 012615.895 INFO             PET1 !!!                   ESMF_LOGKIND_Multi_On_Error  !!!
20210801 012615.895 INFO             PET1 !!!!!!!!!!!!!!!!!!!!!!!!!!!!!!!!!!!!!!!!!!!!!!!!!!!!!!
20210801 012615.895 INFO             PET1 Running with ESMF Version   : ESMF_8_2_0_beta_snapshot_14-1-g6ac79f62fc
20210801 012615.895 INFO             PET1 ESMF library build date/time: "Aug  1 2021" "01:04:00"
20210801 012615.895 INFO             PET1 ESMF library build location : /gpfsm/dnb04/projects/p98/mpotts/esmf/gfortran_10.1.0_intelmpi_O_develop
20210801 012615.895 INFO             PET1 ESMF_COMM                   : intelmpi
20210801 012615.895 INFO             PET1 ESMF_MOAB                   : enabled
20210801 012615.895 INFO             PET1 ESMF_LAPACK                 : enabled
20210801 012615.895 INFO             PET1 ESMF_NETCDF                 : disabled
20210801 012615.895 INFO             PET1 ESMF_PNETCDF                : disabled
20210801 012615.895 INFO             PET1 ESMF_PIO                    : enabled
20210801 012615.895 INFO             PET1 ESMF_YAMLCPP                : enabled
20210801 012615.937 DEBUG            PET1 about to destroy Grid: 0x8c4930
20210801 012615.942 DEBUG            PET1 about to destroy Grid: 0x8c6320
20210801 012615.953 INFO             PET1  NUMBER_OF_PROCESSORS           4
20210801 012615.953 INFO             PET1  PASS  Example ESMF_NUOPCAtmModelEx, ESMF_NUOPCAtmModelEx.F90, line 806
20210801 012615.953 INFO             PET1 Finalizing ESMF
20210801 012615.895 INFO             PET2 !!!!!!!!!!!!!!!!!!!!!!!!!!!!!!!!!!!!!!!!!!!!!!!!!!!!!!
20210801 012615.895 INFO             PET2 !!! THE ESMF_LOG IS SET TO OUTPUT ALL LOG MESSAGES !!!
20210801 012615.895 INFO             PET2 !!!     THIS MAY CAUSE SLOWDOWN IN PERFORMANCE     !!!
20210801 012615.895 INFO             PET2 !!! FOR PRODUCTION RUNS, USE:                      !!!
20210801 012615.895 INFO             PET2 !!!                   ESMF_LOGKIND_Multi_On_Error  !!!
20210801 012615.895 INFO             PET2 !!!!!!!!!!!!!!!!!!!!!!!!!!!!!!!!!!!!!!!!!!!!!!!!!!!!!!
20210801 012615.895 INFO             PET2 Running with ESMF Version   : ESMF_8_2_0_beta_snapshot_14-1-g6ac79f62fc
20210801 012615.895 INFO             PET2 ESMF library build date/time: "Aug  1 2021" "01:04:00"
20210801 012615.895 INFO             PET2 ESMF library build location : /gpfsm/dnb04/projects/p98/mpotts/esmf/gfortran_10.1.0_intelmpi_O_develop
20210801 012615.895 INFO             PET2 ESMF_COMM                   : intelmpi
20210801 012615.895 INFO             PET2 ESMF_MOAB                   : enabled
20210801 012615.895 INFO             PET2 ESMF_LAPACK                 : enabled
20210801 012615.895 INFO             PET2 ESMF_NETCDF                 : disabled
20210801 012615.895 INFO             PET2 ESMF_PNETCDF                : disabled
20210801 012615.895 INFO             PET2 ESMF_PIO                    : enabled
20210801 012615.895 INFO             PET2 ESMF_YAMLCPP                : enabled
20210801 012615.937 DEBUG            PET2 about to destroy Grid: 0x8c3f60
20210801 012615.942 DEBUG            PET2 about to destroy Grid: 0x8c4f60
20210801 012615.953 INFO             PET2  NUMBER_OF_PROCESSORS           4
20210801 012615.953 INFO             PET2  PASS  Example ESMF_NUOPCAtmModelEx, ESMF_NUOPCAtmModelEx.F90, line 806
20210801 012615.953 INFO             PET2 Finalizing ESMF
20210801 012615.895 INFO             PET3 !!!!!!!!!!!!!!!!!!!!!!!!!!!!!!!!!!!!!!!!!!!!!!!!!!!!!!
20210801 012615.895 INFO             PET3 !!! THE ESMF_LOG IS SET TO OUTPUT ALL LOG MESSAGES !!!
20210801 012615.895 INFO             PET3 !!!     THIS MAY CAUSE SLOWDOWN IN PERFORMANCE     !!!
20210801 012615.895 INFO             PET3 !!! FOR PRODUCTION RUNS, USE:                      !!!
20210801 012615.895 INFO             PET3 !!!                   ESMF_LOGKIND_Multi_On_Error  !!!
20210801 012615.895 INFO             PET3 !!!!!!!!!!!!!!!!!!!!!!!!!!!!!!!!!!!!!!!!!!!!!!!!!!!!!!
20210801 012615.895 INFO             PET3 Running with ESMF Version   : ESMF_8_2_0_beta_snapshot_14-1-g6ac79f62fc
20210801 012615.895 INFO             PET3 ESMF library build date/time: "Aug  1 2021" "01:04:00"
20210801 012615.895 INFO             PET3 ESMF library build location : /gpfsm/dnb04/projects/p98/mpotts/esmf/gfortran_10.1.0_intelmpi_O_develop
20210801 012615.895 INFO             PET3 ESMF_COMM                   : intelmpi
20210801 012615.895 INFO             PET3 ESMF_MOAB                   : enabled
20210801 012615.895 INFO             PET3 ESMF_LAPACK                 : enabled
20210801 012615.895 INFO             PET3 ESMF_NETCDF                 : disabled
20210801 012615.895 INFO             PET3 ESMF_PNETCDF                : disabled
20210801 012615.895 INFO             PET3 ESMF_PIO                    : enabled
20210801 012615.895 INFO             PET3 ESMF_YAMLCPP                : enabled
20210801 012615.937 DEBUG            PET3 about to destroy Grid: 0x8c4080
20210801 012615.942 DEBUG            PET3 about to destroy Grid: 0x8c5080
20210801 012615.953 INFO             PET3  NUMBER_OF_PROCESSORS           4
20210801 012615.953 INFO             PET3  PASS  Example ESMF_NUOPCAtmModelEx, ESMF_NUOPCAtmModelEx.F90, line 806
20210801 012615.953 INFO             PET3 Finalizing ESMF
