build time -- 2021-08-03 03:43:56.544251
20210803 041140.325 INFO             PET0 !!!!!!!!!!!!!!!!!!!!!!!!!!!!!!!!!!!!!!!!!!!!!!!!!!!!!!
20210803 041140.325 INFO             PET0 !!! THE ESMF_LOG IS SET TO OUTPUT ALL LOG MESSAGES !!!
20210803 041140.325 INFO             PET0 !!!     THIS MAY CAUSE SLOWDOWN IN PERFORMANCE     !!!
20210803 041140.325 INFO             PET0 !!! FOR PRODUCTION RUNS, USE:                      !!!
20210803 041140.325 INFO             PET0 !!!                   ESMF_LOGKIND_Multi_On_Error  !!!
20210803 041140.325 INFO             PET0 !!!!!!!!!!!!!!!!!!!!!!!!!!!!!!!!!!!!!!!!!!!!!!!!!!!!!!
20210803 041140.325 INFO             PET0 Running with ESMF Version   : ESMF_8_2_0_beta_snapshot_14-1-g6ac79f62fc
20210803 041140.325 INFO             PET0 ESMF library build date/time: "Aug  3 2021" "03:41:24"
20210803 041140.325 INFO             PET0 ESMF library build location : /gpfsm/dnb04/projects/p98/mpotts/esmf/intel_2020_mpt_g_develop
20210803 041140.325 INFO             PET0 ESMF_COMM                   : mpt
20210803 041140.326 INFO             PET0 ESMF_MOAB                   : enabled
20210803 041140.326 INFO             PET0 ESMF_LAPACK                 : enabled
20210803 041140.326 INFO             PET0 ESMF_NETCDF                 : enabled
20210803 041140.326 INFO             PET0 ESMF_PNETCDF                : disabled
20210803 041140.326 INFO             PET0 ESMF_PIO                    : enabled
20210803 041140.326 INFO             PET0 ESMF_YAMLCPP                : enabled
20210803 041140.327 INFO             PET0  NUMBER_OF_PROCESSORS           2
20210803 041140.327 INFO             PET0  PASS  Example ESMF_VMUserMpiCommEx, ESMF_VMUserMpiCommEx.F90, line 113
20210803 041140.327 INFO             PET0 Finalizing ESMF
20210803 041140.325 INFO             PET1 !!!!!!!!!!!!!!!!!!!!!!!!!!!!!!!!!!!!!!!!!!!!!!!!!!!!!!
20210803 041140.325 INFO             PET1 !!! THE ESMF_LOG IS SET TO OUTPUT ALL LOG MESSAGES !!!
20210803 041140.325 INFO             PET1 !!!     THIS MAY CAUSE SLOWDOWN IN PERFORMANCE     !!!
20210803 041140.325 INFO             PET1 !!! FOR PRODUCTION RUNS, USE:                      !!!
20210803 041140.325 INFO             PET1 !!!                   ESMF_LOGKIND_Multi_On_Error  !!!
20210803 041140.325 INFO             PET1 !!!!!!!!!!!!!!!!!!!!!!!!!!!!!!!!!!!!!!!!!!!!!!!!!!!!!!
20210803 041140.325 INFO             PET1 Running with ESMF Version   : ESMF_8_2_0_beta_snapshot_14-1-g6ac79f62fc
20210803 041140.326 INFO             PET1 ESMF library build date/time: "Aug  3 2021" "03:41:24"
20210803 041140.326 INFO             PET1 ESMF library build location : /gpfsm/dnb04/projects/p98/mpotts/esmf/intel_2020_mpt_g_develop
20210803 041140.326 INFO             PET1 ESMF_COMM                   : mpt
20210803 041140.326 INFO             PET1 ESMF_MOAB                   : enabled
20210803 041140.326 INFO             PET1 ESMF_LAPACK                 : enabled
20210803 041140.326 INFO             PET1 ESMF_NETCDF                 : enabled
20210803 041140.326 INFO             PET1 ESMF_PNETCDF                : disabled
20210803 041140.326 INFO             PET1 ESMF_PIO                    : enabled
20210803 041140.326 INFO             PET1 ESMF_YAMLCPP                : enabled
20210803 041140.327 INFO             PET1  NUMBER_OF_PROCESSORS           2
20210803 041140.327 INFO             PET1  PASS  Example ESMF_VMUserMpiCommEx, ESMF_VMUserMpiCommEx.F90, line 113
20210803 041140.327 INFO             PET1 Finalizing ESMF
