build time -- 2021-07-08 02:57:07.938378
20210708 032327.982 INFO             PET0 !!!!!!!!!!!!!!!!!!!!!!!!!!!!!!!!!!!!!!!!!!!!!!!!!!!!!!
20210708 032327.982 INFO             PET0 !!! THE ESMF_LOG IS SET TO OUTPUT ALL LOG MESSAGES !!!
20210708 032327.982 INFO             PET0 !!!     THIS MAY CAUSE SLOWDOWN IN PERFORMANCE     !!!
20210708 032327.982 INFO             PET0 !!! FOR PRODUCTION RUNS, USE:                      !!!
20210708 032327.982 INFO             PET0 !!!                   ESMF_LOGKIND_Multi_On_Error  !!!
20210708 032327.982 INFO             PET0 !!!!!!!!!!!!!!!!!!!!!!!!!!!!!!!!!!!!!!!!!!!!!!!!!!!!!!
20210708 032327.982 INFO             PET0 Running with ESMF Version   : ESMF_8_2_0_beta_snapshot_12-2-g7397acc804
20210708 032327.982 INFO             PET0 ESMF library build date/time: "Jul  8 2021" "02:54:27"
20210708 032327.982 INFO             PET0 ESMF library build location : /gpfsm/dnb04/projects/p98/mpotts/esmf/intel_2020_mpt_g_develop
20210708 032327.982 INFO             PET0 ESMF_COMM                   : mpt
20210708 032327.983 INFO             PET0 ESMF_MOAB                   : enabled
20210708 032327.983 INFO             PET0 ESMF_LAPACK                 : enabled
20210708 032327.983 INFO             PET0 ESMF_NETCDF                 : enabled
20210708 032327.983 INFO             PET0 ESMF_PNETCDF                : disabled
20210708 032327.983 INFO             PET0 ESMF_PIO                    : enabled
20210708 032327.983 INFO             PET0 ESMF_YAMLCPP                : enabled
20210708 032328.264 INFO             PET0 ESMF_FieldRedistStoreNF(): Just entered routine.
20210708 032328.647 INFO             PET0 ESMF_FieldRedistStoreNF(): Leaving routine.
20210708 032328.665 INFO             PET0  NUMBER_OF_PROCESSORS           4
20210708 032328.665 INFO             PET0  PASS  Example ESMF_RHandleFromRHandleEx, ESMF_RHandleFromRHandleEx.F90, line 660
20210708 032328.665 INFO             PET0 Finalizing ESMF
20210708 032327.983 INFO             PET1 !!!!!!!!!!!!!!!!!!!!!!!!!!!!!!!!!!!!!!!!!!!!!!!!!!!!!!
20210708 032327.983 INFO             PET1 !!! THE ESMF_LOG IS SET TO OUTPUT ALL LOG MESSAGES !!!
20210708 032327.983 INFO             PET1 !!!     THIS MAY CAUSE SLOWDOWN IN PERFORMANCE     !!!
20210708 032327.983 INFO             PET1 !!! FOR PRODUCTION RUNS, USE:                      !!!
20210708 032327.983 INFO             PET1 !!!                   ESMF_LOGKIND_Multi_On_Error  !!!
20210708 032327.983 INFO             PET1 !!!!!!!!!!!!!!!!!!!!!!!!!!!!!!!!!!!!!!!!!!!!!!!!!!!!!!
20210708 032327.983 INFO             PET1 Running with ESMF Version   : ESMF_8_2_0_beta_snapshot_12-2-g7397acc804
20210708 032327.983 INFO             PET1 ESMF library build date/time: "Jul  8 2021" "02:54:27"
20210708 032327.983 INFO             PET1 ESMF library build location : /gpfsm/dnb04/projects/p98/mpotts/esmf/intel_2020_mpt_g_develop
20210708 032327.983 INFO             PET1 ESMF_COMM                   : mpt
20210708 032327.983 INFO             PET1 ESMF_MOAB                   : enabled
20210708 032327.983 INFO             PET1 ESMF_LAPACK                 : enabled
20210708 032327.983 INFO             PET1 ESMF_NETCDF                 : enabled
20210708 032327.983 INFO             PET1 ESMF_PNETCDF                : disabled
20210708 032327.983 INFO             PET1 ESMF_PIO                    : enabled
20210708 032327.983 INFO             PET1 ESMF_YAMLCPP                : enabled
20210708 032328.264 INFO             PET1 ESMF_FieldRedistStoreNF(): Just entered routine.
20210708 032328.647 INFO             PET1 ESMF_FieldRedistStoreNF(): Leaving routine.
20210708 032328.665 INFO             PET1  NUMBER_OF_PROCESSORS           4
20210708 032328.665 INFO             PET1  PASS  Example ESMF_RHandleFromRHandleEx, ESMF_RHandleFromRHandleEx.F90, line 660
20210708 032328.665 INFO             PET1 Finalizing ESMF
20210708 032327.982 INFO             PET2 !!!!!!!!!!!!!!!!!!!!!!!!!!!!!!!!!!!!!!!!!!!!!!!!!!!!!!
20210708 032327.982 INFO             PET2 !!! THE ESMF_LOG IS SET TO OUTPUT ALL LOG MESSAGES !!!
20210708 032327.982 INFO             PET2 !!!     THIS MAY CAUSE SLOWDOWN IN PERFORMANCE     !!!
20210708 032327.982 INFO             PET2 !!! FOR PRODUCTION RUNS, USE:                      !!!
20210708 032327.982 INFO             PET2 !!!                   ESMF_LOGKIND_Multi_On_Error  !!!
20210708 032327.982 INFO             PET2 !!!!!!!!!!!!!!!!!!!!!!!!!!!!!!!!!!!!!!!!!!!!!!!!!!!!!!
20210708 032327.982 INFO             PET2 Running with ESMF Version   : ESMF_8_2_0_beta_snapshot_12-2-g7397acc804
20210708 032327.982 INFO             PET2 ESMF library build date/time: "Jul  8 2021" "02:54:27"
20210708 032327.982 INFO             PET2 ESMF library build location : /gpfsm/dnb04/projects/p98/mpotts/esmf/intel_2020_mpt_g_develop
20210708 032327.982 INFO             PET2 ESMF_COMM                   : mpt
20210708 032327.983 INFO             PET2 ESMF_MOAB                   : enabled
20210708 032327.983 INFO             PET2 ESMF_LAPACK                 : enabled
20210708 032327.983 INFO             PET2 ESMF_NETCDF                 : enabled
20210708 032327.983 INFO             PET2 ESMF_PNETCDF                : disabled
20210708 032327.983 INFO             PET2 ESMF_PIO                    : enabled
20210708 032327.983 INFO             PET2 ESMF_YAMLCPP                : enabled
20210708 032328.264 INFO             PET2 ESMF_FieldRedistStoreNF(): Just entered routine.
20210708 032328.648 INFO             PET2 ESMF_FieldRedistStoreNF(): Leaving routine.
20210708 032328.665 INFO             PET2  NUMBER_OF_PROCESSORS           4
20210708 032328.665 INFO             PET2  PASS  Example ESMF_RHandleFromRHandleEx, ESMF_RHandleFromRHandleEx.F90, line 660
20210708 032328.665 INFO             PET2 Finalizing ESMF
20210708 032327.982 INFO             PET3 !!!!!!!!!!!!!!!!!!!!!!!!!!!!!!!!!!!!!!!!!!!!!!!!!!!!!!
20210708 032327.982 INFO             PET3 !!! THE ESMF_LOG IS SET TO OUTPUT ALL LOG MESSAGES !!!
20210708 032327.982 INFO             PET3 !!!     THIS MAY CAUSE SLOWDOWN IN PERFORMANCE     !!!
20210708 032327.982 INFO             PET3 !!! FOR PRODUCTION RUNS, USE:                      !!!
20210708 032327.982 INFO             PET3 !!!                   ESMF_LOGKIND_Multi_On_Error  !!!
20210708 032327.982 INFO             PET3 !!!!!!!!!!!!!!!!!!!!!!!!!!!!!!!!!!!!!!!!!!!!!!!!!!!!!!
20210708 032327.982 INFO             PET3 Running with ESMF Version   : ESMF_8_2_0_beta_snapshot_12-2-g7397acc804
20210708 032327.982 INFO             PET3 ESMF library build date/time: "Jul  8 2021" "02:54:27"
20210708 032327.982 INFO             PET3 ESMF library build location : /gpfsm/dnb04/projects/p98/mpotts/esmf/intel_2020_mpt_g_develop
20210708 032327.982 INFO             PET3 ESMF_COMM                   : mpt
20210708 032327.983 INFO             PET3 ESMF_MOAB                   : enabled
20210708 032327.983 INFO             PET3 ESMF_LAPACK                 : enabled
20210708 032327.983 INFO             PET3 ESMF_NETCDF                 : enabled
20210708 032327.983 INFO             PET3 ESMF_PNETCDF                : disabled
20210708 032327.983 INFO             PET3 ESMF_PIO                    : enabled
20210708 032327.983 INFO             PET3 ESMF_YAMLCPP                : enabled
20210708 032328.264 INFO             PET3 ESMF_FieldRedistStoreNF(): Just entered routine.
20210708 032328.647 INFO             PET3 ESMF_FieldRedistStoreNF(): Leaving routine.
20210708 032328.665 INFO             PET3  NUMBER_OF_PROCESSORS           4
20210708 032328.665 INFO             PET3  PASS  Example ESMF_RHandleFromRHandleEx, ESMF_RHandleFromRHandleEx.F90, line 660
20210708 032328.665 INFO             PET3 Finalizing ESMF
