build time -- 2021-09-26 03:49:20.992282
20210926 041644.339 INFO             PET0 !!!!!!!!!!!!!!!!!!!!!!!!!!!!!!!!!!!!!!!!!!!!!!!!!!!!!!
20210926 041644.339 INFO             PET0 !!! THE ESMF_LOG IS SET TO OUTPUT ALL LOG MESSAGES !!!
20210926 041644.339 INFO             PET0 !!!     THIS MAY CAUSE SLOWDOWN IN PERFORMANCE     !!!
20210926 041644.339 INFO             PET0 !!! FOR PRODUCTION RUNS, USE:                      !!!
20210926 041644.339 INFO             PET0 !!!                   ESMF_LOGKIND_Multi_On_Error  !!!
20210926 041644.339 INFO             PET0 !!!!!!!!!!!!!!!!!!!!!!!!!!!!!!!!!!!!!!!!!!!!!!!!!!!!!!
20210926 041644.339 INFO             PET0 Running with ESMF Version   : ESMF_8_2_0_beta_snapshot_19-13-g03d9101efb
20210926 041644.339 INFO             PET0 ESMF library build date/time: "Sep 26 2021" "03:47:15"
20210926 041644.339 INFO             PET0 ESMF library build location : /glade/scratch/mpotts/gfortran_10.1.0_mpt_O_develop
20210926 041644.339 INFO             PET0 ESMF_COMM                   : mpt
20210926 041644.339 INFO             PET0 ESMF_MOAB                   : enabled
20210926 041644.339 INFO             PET0 ESMF_LAPACK                 : enabled
20210926 041644.339 INFO             PET0 ESMF_NETCDF                 : enabled
20210926 041644.339 INFO             PET0 ESMF_PNETCDF                : disabled
20210926 041644.339 INFO             PET0 ESMF_PIO                    : enabled
20210926 041644.339 INFO             PET0 ESMF_YAMLCPP                : enabled
20210926 041644.343 INFO             PET0 ESMF_FieldRedistStoreNF(): Just entered routine.
20210926 041644.398 INFO             PET0 ESMF_FieldRedistStoreNF(): Leaving routine.
20210926 041644.400 INFO             PET0  NUMBER_OF_PROCESSORS           4
20210926 041644.400 INFO             PET0  PASS  Example ESMF_RHandleFromRHandleEx, ESMF_RHandleFromRHandleEx.F90, line 660
20210926 041644.400 INFO             PET0 Finalizing ESMF
20210926 041644.338 INFO             PET1 !!!!!!!!!!!!!!!!!!!!!!!!!!!!!!!!!!!!!!!!!!!!!!!!!!!!!!
20210926 041644.338 INFO             PET1 !!! THE ESMF_LOG IS SET TO OUTPUT ALL LOG MESSAGES !!!
20210926 041644.338 INFO             PET1 !!!     THIS MAY CAUSE SLOWDOWN IN PERFORMANCE     !!!
20210926 041644.338 INFO             PET1 !!! FOR PRODUCTION RUNS, USE:                      !!!
20210926 041644.338 INFO             PET1 !!!                   ESMF_LOGKIND_Multi_On_Error  !!!
20210926 041644.338 INFO             PET1 !!!!!!!!!!!!!!!!!!!!!!!!!!!!!!!!!!!!!!!!!!!!!!!!!!!!!!
20210926 041644.338 INFO             PET1 Running with ESMF Version   : ESMF_8_2_0_beta_snapshot_19-13-g03d9101efb
20210926 041644.338 INFO             PET1 ESMF library build date/time: "Sep 26 2021" "03:47:15"
20210926 041644.338 INFO             PET1 ESMF library build location : /glade/scratch/mpotts/gfortran_10.1.0_mpt_O_develop
20210926 041644.338 INFO             PET1 ESMF_COMM                   : mpt
20210926 041644.338 INFO             PET1 ESMF_MOAB                   : enabled
20210926 041644.338 INFO             PET1 ESMF_LAPACK                 : enabled
20210926 041644.338 INFO             PET1 ESMF_NETCDF                 : enabled
20210926 041644.338 INFO             PET1 ESMF_PNETCDF                : disabled
20210926 041644.338 INFO             PET1 ESMF_PIO                    : enabled
20210926 041644.338 INFO             PET1 ESMF_YAMLCPP                : enabled
20210926 041644.343 INFO             PET1 ESMF_FieldRedistStoreNF(): Just entered routine.
20210926 041644.398 INFO             PET1 ESMF_FieldRedistStoreNF(): Leaving routine.
20210926 041644.400 INFO             PET1  NUMBER_OF_PROCESSORS           4
20210926 041644.400 INFO             PET1  PASS  Example ESMF_RHandleFromRHandleEx, ESMF_RHandleFromRHandleEx.F90, line 660
20210926 041644.400 INFO             PET1 Finalizing ESMF
20210926 041644.338 INFO             PET2 !!!!!!!!!!!!!!!!!!!!!!!!!!!!!!!!!!!!!!!!!!!!!!!!!!!!!!
20210926 041644.338 INFO             PET2 !!! THE ESMF_LOG IS SET TO OUTPUT ALL LOG MESSAGES !!!
20210926 041644.338 INFO             PET2 !!!     THIS MAY CAUSE SLOWDOWN IN PERFORMANCE     !!!
20210926 041644.338 INFO             PET2 !!! FOR PRODUCTION RUNS, USE:                      !!!
20210926 041644.338 INFO             PET2 !!!                   ESMF_LOGKIND_Multi_On_Error  !!!
20210926 041644.338 INFO             PET2 !!!!!!!!!!!!!!!!!!!!!!!!!!!!!!!!!!!!!!!!!!!!!!!!!!!!!!
20210926 041644.338 INFO             PET2 Running with ESMF Version   : ESMF_8_2_0_beta_snapshot_19-13-g03d9101efb
20210926 041644.338 INFO             PET2 ESMF library build date/time: "Sep 26 2021" "03:47:15"
20210926 041644.338 INFO             PET2 ESMF library build location : /glade/scratch/mpotts/gfortran_10.1.0_mpt_O_develop
20210926 041644.338 INFO             PET2 ESMF_COMM                   : mpt
20210926 041644.338 INFO             PET2 ESMF_MOAB                   : enabled
20210926 041644.338 INFO             PET2 ESMF_LAPACK                 : enabled
20210926 041644.338 INFO             PET2 ESMF_NETCDF                 : enabled
20210926 041644.338 INFO             PET2 ESMF_PNETCDF                : disabled
20210926 041644.338 INFO             PET2 ESMF_PIO                    : enabled
20210926 041644.338 INFO             PET2 ESMF_YAMLCPP                : enabled
20210926 041644.343 INFO             PET2 ESMF_FieldRedistStoreNF(): Just entered routine.
20210926 041644.398 INFO             PET2 ESMF_FieldRedistStoreNF(): Leaving routine.
20210926 041644.399 INFO             PET2  NUMBER_OF_PROCESSORS           4
20210926 041644.399 INFO             PET2  PASS  Example ESMF_RHandleFromRHandleEx, ESMF_RHandleFromRHandleEx.F90, line 660
20210926 041644.399 INFO             PET2 Finalizing ESMF
20210926 041644.337 INFO             PET3 !!!!!!!!!!!!!!!!!!!!!!!!!!!!!!!!!!!!!!!!!!!!!!!!!!!!!!
20210926 041644.337 INFO             PET3 !!! THE ESMF_LOG IS SET TO OUTPUT ALL LOG MESSAGES !!!
20210926 041644.337 INFO             PET3 !!!     THIS MAY CAUSE SLOWDOWN IN PERFORMANCE     !!!
20210926 041644.337 INFO             PET3 !!! FOR PRODUCTION RUNS, USE:                      !!!
20210926 041644.337 INFO             PET3 !!!                   ESMF_LOGKIND_Multi_On_Error  !!!
20210926 041644.337 INFO             PET3 !!!!!!!!!!!!!!!!!!!!!!!!!!!!!!!!!!!!!!!!!!!!!!!!!!!!!!
20210926 041644.337 INFO             PET3 Running with ESMF Version   : ESMF_8_2_0_beta_snapshot_19-13-g03d9101efb
20210926 041644.337 INFO             PET3 ESMF library build date/time: "Sep 26 2021" "03:47:15"
20210926 041644.337 INFO             PET3 ESMF library build location : /glade/scratch/mpotts/gfortran_10.1.0_mpt_O_develop
20210926 041644.337 INFO             PET3 ESMF_COMM                   : mpt
20210926 041644.337 INFO             PET3 ESMF_MOAB                   : enabled
20210926 041644.337 INFO             PET3 ESMF_LAPACK                 : enabled
20210926 041644.337 INFO             PET3 ESMF_NETCDF                 : enabled
20210926 041644.337 INFO             PET3 ESMF_PNETCDF                : disabled
20210926 041644.337 INFO             PET3 ESMF_PIO                    : enabled
20210926 041644.337 INFO             PET3 ESMF_YAMLCPP                : enabled
20210926 041644.343 INFO             PET3 ESMF_FieldRedistStoreNF(): Just entered routine.
20210926 041644.398 INFO             PET3 ESMF_FieldRedistStoreNF(): Leaving routine.
20210926 041644.401 INFO             PET3  NUMBER_OF_PROCESSORS           4
20210926 041644.401 INFO             PET3  PASS  Example ESMF_RHandleFromRHandleEx, ESMF_RHandleFromRHandleEx.F90, line 660
20210926 041644.401 INFO             PET3 Finalizing ESMF
