build time -- 2021-09-26 03:49:20.992282
20210926 041627.524 INFO             PET0 !!!!!!!!!!!!!!!!!!!!!!!!!!!!!!!!!!!!!!!!!!!!!!!!!!!!!!
20210926 041627.524 INFO             PET0 !!! THE ESMF_LOG IS SET TO OUTPUT ALL LOG MESSAGES !!!
20210926 041627.524 INFO             PET0 !!!     THIS MAY CAUSE SLOWDOWN IN PERFORMANCE     !!!
20210926 041627.524 INFO             PET0 !!! FOR PRODUCTION RUNS, USE:                      !!!
20210926 041627.524 INFO             PET0 !!!                   ESMF_LOGKIND_Multi_On_Error  !!!
20210926 041627.524 INFO             PET0 !!!!!!!!!!!!!!!!!!!!!!!!!!!!!!!!!!!!!!!!!!!!!!!!!!!!!!
20210926 041627.524 INFO             PET0 Running with ESMF Version   : ESMF_8_2_0_beta_snapshot_19-13-g03d9101efb
20210926 041627.524 INFO             PET0 ESMF library build date/time: "Sep 26 2021" "03:47:15"
20210926 041627.524 INFO             PET0 ESMF library build location : /glade/scratch/mpotts/gfortran_10.1.0_mpt_O_develop
20210926 041627.524 INFO             PET0 ESMF_COMM                   : mpt
20210926 041627.525 INFO             PET0 ESMF_MOAB                   : enabled
20210926 041627.525 INFO             PET0 ESMF_LAPACK                 : enabled
20210926 041627.525 INFO             PET0 ESMF_NETCDF                 : enabled
20210926 041627.525 INFO             PET0 ESMF_PNETCDF                : disabled
20210926 041627.525 INFO             PET0 ESMF_PIO                    : enabled
20210926 041627.525 INFO             PET0 ESMF_YAMLCPP                : enabled
20210926 041627.525 INFO             PET0  NUMBER_OF_PROCESSORS           1
20210926 041627.525 INFO             PET0  PASS  Example ESMF_AlarmEx, ESMF_AlarmEx.F90, line 244
20210926 041627.525 INFO             PET0 Finalizing ESMF
