build time -- 2021-07-01 05:44:02.098609
20210701 060401.510 INFO             PET0 !!!!!!!!!!!!!!!!!!!!!!!!!!!!!!!!!!!!!!!!!!!!!!!!!!!!!!
20210701 060401.510 INFO             PET0 !!! THE ESMF_LOG IS SET TO OUTPUT ALL LOG MESSAGES !!!
20210701 060401.510 INFO             PET0 !!!     THIS MAY CAUSE SLOWDOWN IN PERFORMANCE     !!!
20210701 060401.510 INFO             PET0 !!! FOR PRODUCTION RUNS, USE:                      !!!
20210701 060401.510 INFO             PET0 !!!                   ESMF_LOGKIND_Multi_On_Error  !!!
20210701 060401.510 INFO             PET0 !!!!!!!!!!!!!!!!!!!!!!!!!!!!!!!!!!!!!!!!!!!!!!!!!!!!!!
20210701 060401.510 INFO             PET0 Running with ESMF Version   : ESMF_8_2_0_beta_snapshot_11-9-g26b23c79af
20210701 060401.510 INFO             PET0 ESMF library build date/time: "Jul  1 2021" "05:42:33"
20210701 060401.510 INFO             PET0 ESMF library build location : /glade/scratch/mpotts/gfortran_10.1.0_mpt_O_develop
20210701 060401.510 INFO             PET0 ESMF_COMM                   : mpt
20210701 060401.510 INFO             PET0 ESMF_MOAB                   : enabled
20210701 060401.510 INFO             PET0 ESMF_LAPACK                 : enabled
20210701 060401.510 INFO             PET0 ESMF_NETCDF                 : enabled
20210701 060401.510 INFO             PET0 ESMF_PNETCDF                : disabled
20210701 060401.510 INFO             PET0 ESMF_PIO                    : enabled
20210701 060401.510 INFO             PET0 ESMF_YAMLCPP                : enabled
20210701 060401.511 INFO             PET0  NUMBER_OF_PROCESSORS           1
20210701 060401.511 INFO             PET0  PASS  Example ESMF_TimeEx, ESMF_TimeEx.F90, line 141
20210701 060401.511 INFO             PET0 Finalizing ESMF
20210701 060401.510 INFO             PET0 !!!!!!!!!!!!!!!!!!!!!!!!!!!!!!!!!!!!!!!!!!!!!!!!!!!!!!
20210701 060401.510 INFO             PET0 !!! THE ESMF_LOG IS SET TO OUTPUT ALL LOG MESSAGES !!!
20210701 060401.510 INFO             PET0 !!!     THIS MAY CAUSE SLOWDOWN IN PERFORMANCE     !!!
20210701 060401.510 INFO             PET0 !!! FOR PRODUCTION RUNS, USE:                      !!!
20210701 060401.510 INFO             PET0 !!!                   ESMF_LOGKIND_Multi_On_Error  !!!
20210701 060401.510 INFO             PET0 !!!!!!!!!!!!!!!!!!!!!!!!!!!!!!!!!!!!!!!!!!!!!!!!!!!!!!
20210701 060401.510 INFO             PET0 Running with ESMF Version   : ESMF_8_2_0_beta_snapshot_11-9-g26b23c79af
20210701 060401.510 INFO             PET0 ESMF library build date/time: "Jul  1 2021" "05:42:33"
20210701 060401.510 INFO             PET0 ESMF library build location : /glade/scratch/mpotts/gfortran_10.1.0_mpt_O_develop
20210701 060401.510 INFO             PET0 ESMF_COMM                   : mpt
20210701 060401.510 INFO             PET0 ESMF_MOAB                   : enabled
20210701 060401.510 INFO             PET0 ESMF_LAPACK                 : enabled
20210701 060401.510 INFO             PET0 ESMF_NETCDF                 : enabled
20210701 060401.510 INFO             PET0 ESMF_PNETCDF                : disabled
20210701 060401.510 INFO             PET0 ESMF_PIO                    : enabled
20210701 060401.510 INFO             PET0 ESMF_YAMLCPP                : enabled
20210701 060401.511 INFO             PET0  NUMBER_OF_PROCESSORS           1
20210701 060401.511 INFO             PET0  PASS  Example ESMF_TimeEx, ESMF_TimeEx.F90, line 141
20210701 060401.511 INFO             PET0 Finalizing ESMF
