build time -- 2021-07-06 02:35:27
20210706 030902.356 INFO             PET0 !!!!!!!!!!!!!!!!!!!!!!!!!!!!!!!!!!!!!!!!!!!!!!!!!!!!!!
20210706 030902.356 INFO             PET0 !!! THE ESMF_LOG IS SET TO OUTPUT ALL LOG MESSAGES !!!
20210706 030902.356 INFO             PET0 !!!     THIS MAY CAUSE SLOWDOWN IN PERFORMANCE     !!!
20210706 030902.356 INFO             PET0 !!! FOR PRODUCTION RUNS, USE:                      !!!
20210706 030902.356 INFO             PET0 !!!                   ESMF_LOGKIND_Multi_On_Error  !!!
20210706 030902.356 INFO             PET0 !!!!!!!!!!!!!!!!!!!!!!!!!!!!!!!!!!!!!!!!!!!!!!!!!!!!!!
20210706 030902.356 INFO             PET0 Running with ESMF Version   : ESMF_8_2_0_beta_snapshot_12-2-g7397acc
20210706 030902.356 INFO             PET0 ESMF library build date/time: "Jul  6 2021" "02:33:15"
20210706 030902.356 INFO             PET0 ESMF library build location : /work/noaa/da/mpotts/sandbox/gfortran_8.3.0_mpiuni_g_develop
20210706 030902.356 INFO             PET0 ESMF_COMM                   : mpiuni
20210706 030902.357 INFO             PET0 ESMF_MOAB                   : enabled
20210706 030902.357 INFO             PET0 ESMF_LAPACK                 : enabled
20210706 030902.357 INFO             PET0 ESMF_NETCDF                 : enabled
20210706 030902.357 INFO             PET0 ESMF_PNETCDF                : disabled
20210706 030902.357 INFO             PET0 ESMF_PIO                    : disabled
20210706 030902.357 INFO             PET0 ESMF_YAMLCPP                : enabled
20210706 030902.430 DEBUG            PET0 about to destroy Grid: 0x2182050
20210706 030902.452 DEBUG            PET0 about to destroy Grid: 0x2183820
20210706 030902.482 INFO             PET0  NUMBER_OF_PROCESSORS           1
20210706 030902.482 INFO             PET0  PASS  Example ESMF_NUOPCAtmModelEx, ESMF_NUOPCAtmModelEx.F90, line 806
20210706 030902.482 INFO             PET0 Finalizing ESMF
