build time -- 2021-07-25 02:31:42
20210725 025625.259 INFO             PET0 !!!!!!!!!!!!!!!!!!!!!!!!!!!!!!!!!!!!!!!!!!!!!!!!!!!!!!
20210725 025625.259 INFO             PET0 !!! THE ESMF_LOG IS SET TO OUTPUT ALL LOG MESSAGES !!!
20210725 025625.259 INFO             PET0 !!!     THIS MAY CAUSE SLOWDOWN IN PERFORMANCE     !!!
20210725 025625.259 INFO             PET0 !!! FOR PRODUCTION RUNS, USE:                      !!!
20210725 025625.259 INFO             PET0 !!!                   ESMF_LOGKIND_Multi_On_Error  !!!
20210725 025625.259 INFO             PET0 !!!!!!!!!!!!!!!!!!!!!!!!!!!!!!!!!!!!!!!!!!!!!!!!!!!!!!
20210725 025625.259 INFO             PET0 Running with ESMF Version   : ESMF_8_2_0_beta_snapshot_14
20210725 025625.259 INFO             PET0 ESMF library build date/time: "Jul 25 2021" "02:30:01"
20210725 025625.259 INFO             PET0 ESMF library build location : /work/noaa/da/mpotts/sandbox/gfortran_8.3.0_mpiuni_g_develop
20210725 025625.259 INFO             PET0 ESMF_COMM                   : mpiuni
20210725 025625.260 INFO             PET0 ESMF_MOAB                   : enabled
20210725 025625.260 INFO             PET0 ESMF_LAPACK                 : enabled
20210725 025625.260 INFO             PET0 ESMF_NETCDF                 : enabled
20210725 025625.260 INFO             PET0 ESMF_PNETCDF                : disabled
20210725 025625.260 INFO             PET0 ESMF_PIO                    : disabled
20210725 025625.260 INFO             PET0 ESMF_YAMLCPP                : enabled
20210725 025625.261 INFO             PET0  NUMBER_OF_PROCESSORS           1
20210725 025625.261 INFO             PET0  PASS  Example ESMF_AttachMethodsEx, ESMF_AttachMethodsEx.F90, line 292
20210725 025625.261 INFO             PET0 Finalizing ESMF
