build time -- 2021-08-27 02:38:00
20210827 030217.536 INFO             PET0 !!!!!!!!!!!!!!!!!!!!!!!!!!!!!!!!!!!!!!!!!!!!!!!!!!!!!!
20210827 030217.536 INFO             PET0 !!! THE ESMF_LOG IS SET TO OUTPUT ALL LOG MESSAGES !!!
20210827 030217.536 INFO             PET0 !!!     THIS MAY CAUSE SLOWDOWN IN PERFORMANCE     !!!
20210827 030217.536 INFO             PET0 !!! FOR PRODUCTION RUNS, USE:                      !!!
20210827 030217.536 INFO             PET0 !!!                   ESMF_LOGKIND_Multi_On_Error  !!!
20210827 030217.536 INFO             PET0 !!!!!!!!!!!!!!!!!!!!!!!!!!!!!!!!!!!!!!!!!!!!!!!!!!!!!!
20210827 030217.536 INFO             PET0 Running with ESMF Version   : ESMF_8_2_0_beta_snapshot_17-7-gf801d9b
20210827 030217.536 INFO             PET0 ESMF library build date/time: "Aug 27 2021" "02:36:23"
20210827 030217.536 INFO             PET0 ESMF library build location : /work/noaa/da/mpotts/sandbox/gfortran_8.3.0_mpiuni_g_develop
20210827 030217.536 INFO             PET0 ESMF_COMM                   : mpiuni
20210827 030217.537 INFO             PET0 ESMF_MOAB                   : enabled
20210827 030217.537 INFO             PET0 ESMF_LAPACK                 : enabled
20210827 030217.537 INFO             PET0 ESMF_NETCDF                 : enabled
20210827 030217.537 INFO             PET0 ESMF_PNETCDF                : disabled
20210827 030217.537 INFO             PET0 ESMF_PIO                    : disabled
20210827 030217.537 INFO             PET0 ESMF_YAMLCPP                : enabled
20210827 030217.539 ERROR            PET0 ESMCI_Info.C:1277 Info::set(<json>) Cannot set value  - Error/Return Code 540 (ESMC_RC_CANNOT_SET) - Key '/myIntegerKey' already in map and force=false.
20210827 030217.539 ERROR            PET0 ESMCI_Info.C:1280 Info::set(<json>) Cannot set value  - Internal subroutine call returned Error
20210827 030217.539 ERROR            PET0 ESMCI_Info.C:1322 Info::set(<json>) Cannot set value  - Internal subroutine call returned Error
20210827 030217.539 ERROR            PET0 ESMCI_Info.C:1325 Info::set(<json>) Cannot set value  - Internal subroutine call returned Error
20210827 030217.539 ERROR            PET0 ESMCI_Info.C:1373 Info::set(<scalar>) Cannot set value  - Internal subroutine call returned Error
20210827 030217.539 ERROR            PET0 ESMC_InfoCDefGeneric.C:387 ESMC_InfoSetI4() Cannot set value  - Internal subroutine call returned Error
20210827 030217.539 ERROR            PET0 ESMF_Info.F90:2866 ESMF_InfoSetI4() Cannot set value  - Internal subroutine call returned Error
20210827 030217.540 INFO             PET0  NUMBER_OF_PROCESSORS           1
20210827 030217.540 INFO             PET0  PASS  Example ESMF_InfoTutorialEx, ESMF_InfoTutorialEx.F90, line 335
20210827 030217.540 INFO             PET0 Finalizing ESMF
