build time -- 2021-08-11 02:32:09
20210811 025627.824 INFO             PET0 !!!!!!!!!!!!!!!!!!!!!!!!!!!!!!!!!!!!!!!!!!!!!!!!!!!!!!
20210811 025627.824 INFO             PET0 !!! THE ESMF_LOG IS SET TO OUTPUT ALL LOG MESSAGES !!!
20210811 025627.824 INFO             PET0 !!!     THIS MAY CAUSE SLOWDOWN IN PERFORMANCE     !!!
20210811 025627.824 INFO             PET0 !!! FOR PRODUCTION RUNS, USE:                      !!!
20210811 025627.824 INFO             PET0 !!!                   ESMF_LOGKIND_Multi_On_Error  !!!
20210811 025627.824 INFO             PET0 !!!!!!!!!!!!!!!!!!!!!!!!!!!!!!!!!!!!!!!!!!!!!!!!!!!!!!
20210811 025627.824 INFO             PET0 Running with ESMF Version   : ESMF_8_2_0_beta_snapshot_15
20210811 025627.824 INFO             PET0 ESMF library build date/time: "Aug 11 2021" "02:30:31"
20210811 025627.824 INFO             PET0 ESMF library build location : /work/noaa/da/mpotts/sandbox/gfortran_8.3.0_mpiuni_g_develop
20210811 025627.824 INFO             PET0 ESMF_COMM                   : mpiuni
20210811 025627.825 INFO             PET0 ESMF_MOAB                   : enabled
20210811 025627.825 INFO             PET0 ESMF_LAPACK                 : enabled
20210811 025627.825 INFO             PET0 ESMF_NETCDF                 : enabled
20210811 025627.825 INFO             PET0 ESMF_PNETCDF                : disabled
20210811 025627.825 INFO             PET0 ESMF_PIO                    : disabled
20210811 025627.825 INFO             PET0 ESMF_YAMLCPP                : enabled
20210811 025627.860 INFO             PET0  NUMBER_OF_PROCESSORS           1
20210811 025627.860 INFO             PET0  PASS  Example ESMF_LocStreamEx, ESMF_LocStreamEx.F90, line 784
20210811 025627.860 INFO             PET0 Finalizing ESMF
