build time -- 2021-07-01 04:46:08
20210701 051910.693 INFO             PET0 !!!!!!!!!!!!!!!!!!!!!!!!!!!!!!!!!!!!!!!!!!!!!!!!!!!!!!
20210701 051910.693 INFO             PET0 !!! THE ESMF_LOG IS SET TO OUTPUT ALL LOG MESSAGES !!!
20210701 051910.693 INFO             PET0 !!!     THIS MAY CAUSE SLOWDOWN IN PERFORMANCE     !!!
20210701 051910.693 INFO             PET0 !!! FOR PRODUCTION RUNS, USE:                      !!!
20210701 051910.693 INFO             PET0 !!!                   ESMF_LOGKIND_Multi_On_Error  !!!
20210701 051910.693 INFO             PET0 !!!!!!!!!!!!!!!!!!!!!!!!!!!!!!!!!!!!!!!!!!!!!!!!!!!!!!
20210701 051910.693 INFO             PET0 Running with ESMF Version   : ESMF_8_2_0_beta_snapshot_11-9-g26b23c7
20210701 051910.693 INFO             PET0 ESMF library build date/time: "Jul  1 2021" "04:44:24"
20210701 051910.693 INFO             PET0 ESMF library build location : /work/noaa/da/mpotts/sandbox/gfortran_8.3.0_mpiuni_g_develop
20210701 051910.693 INFO             PET0 ESMF_COMM                   : mpiuni
20210701 051910.694 INFO             PET0 ESMF_MOAB                   : enabled
20210701 051910.694 INFO             PET0 ESMF_LAPACK                 : enabled
20210701 051910.694 INFO             PET0 ESMF_NETCDF                 : enabled
20210701 051910.694 INFO             PET0 ESMF_PNETCDF                : disabled
20210701 051910.694 INFO             PET0 ESMF_PIO                    : disabled
20210701 051910.694 INFO             PET0 ESMF_YAMLCPP                : enabled
20210701 051910.697 INFO             PET0  NUMBER_OF_PROCESSORS           1
20210701 051910.697 INFO             PET0  PASS  Example ESMF_FieldBundleCreateEx, ESMF_FieldBundleCreateEx.F90, line 561
20210701 051910.697 INFO             PET0 Finalizing ESMF
