build time -- 2021-06-25 02:31:38
20210625 025445.665 INFO             PET0 !!!!!!!!!!!!!!!!!!!!!!!!!!!!!!!!!!!!!!!!!!!!!!!!!!!!!!
20210625 025445.665 INFO             PET0 !!! THE ESMF_LOG IS SET TO OUTPUT ALL LOG MESSAGES !!!
20210625 025445.665 INFO             PET0 !!!     THIS MAY CAUSE SLOWDOWN IN PERFORMANCE     !!!
20210625 025445.665 INFO             PET0 !!! FOR PRODUCTION RUNS, USE:                      !!!
20210625 025445.665 INFO             PET0 !!!                   ESMF_LOGKIND_Multi_On_Error  !!!
20210625 025445.665 INFO             PET0 !!!!!!!!!!!!!!!!!!!!!!!!!!!!!!!!!!!!!!!!!!!!!!!!!!!!!!
20210625 025445.665 INFO             PET0 Running with ESMF Version   : ESMF_8_2_0_beta_snapshot_11-8-gb3000f9
20210625 025445.665 INFO             PET0 ESMF library build date/time: "Jun 25 2021" "02:29:56"
20210625 025445.665 INFO             PET0 ESMF library build location : /work/noaa/da/mpotts/sandbox/gfortran_8.3.0_mpiuni_g_develop
20210625 025445.665 INFO             PET0 ESMF_COMM                   : mpiuni
20210625 025445.666 INFO             PET0 ESMF_MOAB                   : enabled
20210625 025445.666 INFO             PET0 ESMF_LAPACK                 : enabled
20210625 025445.666 INFO             PET0 ESMF_NETCDF                 : enabled
20210625 025445.666 INFO             PET0 ESMF_PNETCDF                : disabled
20210625 025445.666 INFO             PET0 ESMF_PIO                    : disabled
20210625 025445.666 INFO             PET0 ESMF_YAMLCPP                : enabled
20210625 025445.666 INFO             PET0  NUMBER_OF_PROCESSORS           1
20210625 025445.666 INFO             PET0  PASS  Example ESMF_TimeEx, ESMF_TimeEx.F90, line 141
20210625 025445.666 INFO             PET0 Finalizing ESMF
