build time -- 2021-09-01 02:37:46
20210901 030449.084 INFO             PET0 !!!!!!!!!!!!!!!!!!!!!!!!!!!!!!!!!!!!!!!!!!!!!!!!!!!!!!
20210901 030449.084 INFO             PET0 !!! THE ESMF_LOG IS SET TO OUTPUT ALL LOG MESSAGES !!!
20210901 030449.084 INFO             PET0 !!!     THIS MAY CAUSE SLOWDOWN IN PERFORMANCE     !!!
20210901 030449.084 INFO             PET0 !!! FOR PRODUCTION RUNS, USE:                      !!!
20210901 030449.084 INFO             PET0 !!!                   ESMF_LOGKIND_Multi_On_Error  !!!
20210901 030449.084 INFO             PET0 !!!!!!!!!!!!!!!!!!!!!!!!!!!!!!!!!!!!!!!!!!!!!!!!!!!!!!
20210901 030449.084 INFO             PET0 Running with ESMF Version   : ESMF_8_2_0_beta_snapshot_18-39-g335dcec
20210901 030449.084 INFO             PET0 ESMF library build date/time: "Sep  1 2021" "02:35:53"
20210901 030449.084 INFO             PET0 ESMF library build location : /work/noaa/da/mpotts/sandbox/gfortran_8.3.0_mpiuni_g_develop
20210901 030449.084 INFO             PET0 ESMF_COMM                   : mpiuni
20210901 030449.084 INFO             PET0 ESMF_MOAB                   : enabled
20210901 030449.084 INFO             PET0 ESMF_LAPACK                 : enabled
20210901 030449.084 INFO             PET0 ESMF_NETCDF                 : enabled
20210901 030449.084 INFO             PET0 ESMF_PNETCDF                : disabled
20210901 030449.084 INFO             PET0 ESMF_PIO                    : disabled
20210901 030449.084 INFO             PET0 ESMF_YAMLCPP                : enabled
20210901 030449.084 INFO             PET0 Log Write 2
20210901 030449.084 ERROR            PET0 Invalid object  - Convergence failure
20210901 030449.085 ERROR            PET0 ESMCI_Fraction.C:1444 ESMCI::Fraction::validate() must have non-zero denominator.
20210901 030449.085 ERROR            PET0 ESMCI_Time.C:838 ESMCI::Time::syncToRealTime() Wrong argument specified  - ; calkindflag is JULIANDAY, MODJULIANDAY or NOCALENDAR.
20210901 030449.085 ERROR            PET0 ESMF_Time.F90:1485 ESMF_TimeSyncToRealTime() Wrong argument specified  - Internal subroutine call returned Error
20210901 030449.085 ERROR            PET0 Wrong argument specified  - getting wall clock time
20210901 030449.086 INFO             PET0  NUMBER_OF_PROCESSORS           1
20210901 030449.086 INFO             PET0  PASS  Example ESMF_LogErrEx, ESMF_LogErrEx.F90, line 186
20210901 030449.086 INFO             PET0 Finalizing ESMF
