build time -- 2021-05-31 03:07:11
20210531 033214.188 INFO             PET0 !!!!!!!!!!!!!!!!!!!!!!!!!!!!!!!!!!!!!!!!!!!!!!!!!!!!!!
20210531 033214.188 INFO             PET0 !!! THE ESMF_LOG IS SET TO OUTPUT ALL LOG MESSAGES !!!
20210531 033214.188 INFO             PET0 !!!     THIS MAY CAUSE SLOWDOWN IN PERFORMANCE     !!!
20210531 033214.188 INFO             PET0 !!! FOR PRODUCTION RUNS, USE:                      !!!
20210531 033214.188 INFO             PET0 !!!                   ESMF_LOGKIND_Multi_On_Error  !!!
20210531 033214.188 INFO             PET0 !!!!!!!!!!!!!!!!!!!!!!!!!!!!!!!!!!!!!!!!!!!!!!!!!!!!!!
20210531 033214.188 INFO             PET0 Running with ESMF Version   : ESMF_8_2_0_beta_snapshot_10-3-g469be43
20210531 033214.188 INFO             PET0 ESMF library build date/time: "May 31 2021" "03:05:33"
20210531 033214.188 INFO             PET0 ESMF library build location : /work/noaa/da/mpotts/sandbox/gfortran_8.3.0_mpiuni_g_develop
20210531 033214.188 INFO             PET0 ESMF_COMM                   : mpiuni
20210531 033214.188 INFO             PET0 ESMF_MOAB                   : enabled
20210531 033214.188 INFO             PET0 ESMF_LAPACK                 : enabled
20210531 033214.188 INFO             PET0 ESMF_NETCDF                 : enabled
20210531 033214.188 INFO             PET0 ESMF_PNETCDF                : disabled
20210531 033214.188 INFO             PET0 ESMF_PIO                    : disabled
20210531 033214.188 INFO             PET0 ESMF_YAMLCPP                : enabled
20210531 033214.188 INFO             PET0 ESMF Tracing Enabled
20210531 033214.188 INFO             PET0 ESMF Profiling Enabled
20210531 033214.188 INFO             PET0 ESMF Trace/Profile clock: REALTIME
20210531 033214.190 INFO             PET0  NUMBER_OF_PROCESSORS           1
20210531 033214.190 INFO             PET0  PASS  Example ESMF_TraceUserEx, ESMF_TraceUserEx.F90, line 125
20210531 033214.190 INFO             PET0 Finalizing ESMF
20210531 033214.191 INFO             PET0 **************** Region Timings *******************
20210531 033214.191 INFO             PET0 Region              Count  Total (s)   Self (s)    Mean (s)    Min (s)     Max (s)
20210531 033214.191 INFO             PET0   outer_region      1      0.0004      0.0000      0.0004      0.0004      0.0004
20210531 033214.191 INFO             PET0     inner_region_1  10     0.0002      0.0002      0.0000      0.0000      0.0000
20210531 033214.191 INFO             PET0     inner_region_2  10     0.0001      0.0001      0.0000      0.0000      0.0000
