Sat Sep 25 20:04:48 UTC 2021
Error:
Unable to determine compiler version.
Make sure that a gnu module is loaded and that GNU_VERSION is defined
Error:
Unable to determine compiler version.
Make sure that a gnu module is loaded and that GNU_VERSION is defined
make: nc-config: Command not found
make: nc-config: Command not found
make: nc-config: Command not found
/lfs/h1/emc/ptmp/Mark.Potts/gfortran_10.3.0_mpich3_g_develop/scripts/nfconfigtest: line 3: nf-config: command not found
/lfs/h1/emc/ptmp/Mark.Potts/gfortran_10.3.0_mpich3_g_develop/scripts/nfconfigtest: line 4: [: =: unary operator expected
/lfs/h1/emc/ptmp/Mark.Potts/gfortran_10.3.0_mpich3_g_develop/scripts/nfconfigtest: line 3: nf-config: command not found
/lfs/h1/emc/ptmp/Mark.Potts/gfortran_10.3.0_mpich3_g_develop/scripts/nfconfigtest: line 4: [: =: unary operator expected
/lfs/h1/emc/ptmp/Mark.Potts/gfortran_10.3.0_mpich3_g_develop/scripts/nfconfigtest: line 3: nf-config: command not found
/lfs/h1/emc/ptmp/Mark.Potts/gfortran_10.3.0_mpich3_g_develop/scripts/nfconfigtest: line 4: [: =: unary operator expected
 
Installing ESMF:
 
mkdir -p /lfs/h1/emc/ptmp/Mark.Potts/gfortran_10.3.0_mpich3_g_develop/DEFAULTINSTALLDIR/include
cp -f /lfs/h1/emc/ptmp/Mark.Potts/gfortran_10.3.0_mpich3_g_develop/src/include/ESMC.h /lfs/h1/emc/ptmp/Mark.Potts/gfortran_10.3.0_mpich3_g_develop/DEFAULTINSTALLDIR/include
cp -f /lfs/h1/emc/ptmp/Mark.Potts/gfortran_10.3.0_mpich3_g_develop/src/include/ESMC_*.h /lfs/h1/emc/ptmp/Mark.Potts/gfortran_10.3.0_mpich3_g_develop/DEFAULTINSTALLDIR/include
cp -f /lfs/h1/emc/ptmp/Mark.Potts/gfortran_10.3.0_mpich3_g_develop/build_config/Linux.gfortran.default/ESMC_Conf.h /lfs/h1/emc/ptmp/Mark.Potts/gfortran_10.3.0_mpich3_g_develop/DEFAULTINSTALLDIR/include
mkdir -p /lfs/h1/emc/ptmp/Mark.Potts/gfortran_10.3.0_mpich3_g_develop/DEFAULTINSTALLDIR/mod/modg/Linux.gfortran.64.mpich3.default
cp -f /lfs/h1/emc/ptmp/Mark.Potts/gfortran_10.3.0_mpich3_g_develop/mod/modg/Linux.gfortran.64.mpich3.default/*.mod /lfs/h1/emc/ptmp/Mark.Potts/gfortran_10.3.0_mpich3_g_develop/DEFAULTINSTALLDIR/mod/modg/Linux.gfortran.64.mpich3.default
cp: cannot stat '/lfs/h1/emc/ptmp/Mark.Potts/gfortran_10.3.0_mpich3_g_develop/mod/modg/Linux.gfortran.64.mpich3.default/*.mod': No such file or directory
make: *** [makefile:677: install] Error 1
